12:04:54.296 [main                     ] DEBUG Logger               - Configured Logger
12:04:54.328 [main                     ] DEBUG GameApplication      - Logging settings
Title: Adventures of Sir Vim Zarado
Version: 0.0
Width: 720
Height: 720
Fullscreen: false
Intro: false
Profiling: false
Single step:false
App Mode: DEVELOPER
Menu Key: ESCAPE
Stage Style: DECORATED
Scene Factory: class com.example.flat2d.GameApp$1

12:04:54.862 [JavaFX Application Thread] DEBUG FXGLApplication      - Initializing FXGL
12:04:54.869 [JavaFX Application Thread] INFO  Engine               - FXGL-17.3 (30.03.2023 11.49) on WINDOWS (J:21 FX:21)
12:04:54.870 [JavaFX Application Thread] DEBUG Engine               - JRE Vendor Name: Oracle Corporation
12:04:54.870 [JavaFX Application Thread] DEBUG Engine               - Running on OS: Windows 10 version 10.0
12:04:54.871 [JavaFX Application Thread] DEBUG Engine               - Architecture: amd64
12:04:54.871 [JavaFX Application Thread] INFO  Engine               - Source code and latest versions at: https://github.com/AlmasB/FXGL
12:04:54.871 [JavaFX Application Thread] INFO  Engine               -       Ask questions and discuss at: https://github.com/AlmasB/FXGL/discussions
12:04:54.871 [JavaFX Application Thread] INFO  Engine               -              Join the FXGL chat at: https://gitter.im/AlmasB/FXGL
12:04:55.044 [JavaFX Application Thread] DEBUG PrimaryStageWindow   - Creating a JavaFX scene
12:04:55.154 [JavaFX Application Thread] DEBUG PrimaryStageWindow   - Target settings size: 720.0 x 720.0
12:04:55.154 [JavaFX Application Thread] DEBUG PrimaryStageWindow   - Scaled scene size:    720.0 x 720.0
12:04:55.155 [JavaFX Application Thread] DEBUG PrimaryStageWindow   - Scaled ratio: (1.0, 1.0)
12:04:55.157 [JavaFX Application Thread] DEBUG PrimaryStageWindow   - Set initial scene to FXGLStartupScene
12:04:55.163 [JavaFX Application Thread] DEBUG PrimaryStageWindow   - Opening main window
12:04:55.290 [JavaFX Application Thread] DEBUG PrimaryStageWindow   - Window border size: (16.0, 39.0)
12:04:55.291 [JavaFX Application Thread] DEBUG PrimaryStageWindow   - Scaled size: 720.0 x 720.0
12:04:55.291 [JavaFX Application Thread] DEBUG PrimaryStageWindow   - Scaled ratio: (1.0, 1.0)
12:04:55.292 [JavaFX Application Thread] DEBUG PrimaryStageWindow   - Scene size: 720.0 x 720.0
12:04:55.292 [JavaFX Application Thread] DEBUG PrimaryStageWindow   - Stage size: 736.0 x 759.0
12:04:55.339 [FXGL Background Thread 1 ] DEBUG Engine               - Initializing environment variables
12:04:55.432 [FXGL Background Thread 1 ] DEBUG FXGLAssetLoaderServi - User app class for loading assets: class com.example.flat2d.GameApp
12:04:55.432 [FXGL Background Thread 1 ] DEBUG GameApplicationServi - Applying CSS: fxgl_dark.css
12:04:55.434 [FXGL Background Thread 1 ] DEBUG FXGLAssetLoaderServi - Loading from file system: jar:file:///C:/Users/USER/.m2/repository/com/github/almasb/fxgl/17.3/fxgl-17.3.jar!/fxglassets/ui/css/fxgl_dark.css
12:04:55.526 [FXGL Background Thread 1 ] DEBUG GameApplicationServi - Initializing application scenes
12:04:55.660 [FXGL Background Thread 1 ] DEBUG GameWorld            - Game world initialized
12:04:55.775 [FXGL Background Thread 1 ] DEBUG PhysicsWorld         - Physics world initialized: appHeight=720, physics.ppm=50.0
12:04:55.776 [FXGL Background Thread 1 ] DEBUG PhysicsWorld         - Using strategy: BRUTE_FORCE
12:04:55.783 [FXGL Background Thread 1 ] DEBUG GameScene            - Game scene initialized: 720x720
12:04:55.787 [FXGL Background Thread 1 ] DEBUG FXGLAssetLoaderServi - Loading from file system: file:/C:/Users/USER/IdeaProjects/2DGame/target/classes/assets/textures/background/backg.jpg
12:04:55.881 [FXGL Background Thread 1 ] WARN  FXGL.DefaultMenu     - FXGLDefaultMenu is not designed for resolutions < 800x600
12:04:55.881 [FXGL Background Thread 1 ] DEBUG FXGL.DefaultMenu     - createMenuBodyGameMenu()
12:04:55.908 [FXGL Background Thread 1 ] DEBUG FXGL.DefaultMenu     - createOptionsMenu()
12:04:55.922 [FXGL Background Thread 1 ] DEBUG FXGLAssetLoaderServi - Loading from file system: jar:file:///C:/Users/USER/.m2/repository/com/github/almasb/fxgl/17.3/fxgl-17.3.jar!/fxglassets/textures/particles/smoke.png
12:04:56.114 [FXGL Background Thread 1 ] DEBUG FXGLAssetLoaderServi - Loading from file system: jar:file:///C:/Users/USER/.m2/repository/com/github/almasb/fxgl/17.3/fxgl-17.3.jar!/fxglassets/textures/particles/trace_horizontal.png
12:04:56.170 [FXGL Background Thread 1 ] DEBUG GameApplicationServi - Application scenes initialized
12:04:56.197 [FXGL Background Thread 1 ] DEBUG SystemBundleService  - Loading FXGL system data
12:04:56.205 [FXGL Background Thread 1 ] DEBUG FileSystemAccess     - Reading from: C:\Users\USER\IdeaProjects\2DGame\system\fxgl.bundle
12:04:56.223 [FXGL Background Thread 1 ] DEBUG SystemBundleService  - Bundle FXGL: {}
12:04:56.224 [FXGL Background Thread 1 ] DEBUG UpdaterService       - Checking for updates
12:04:56.306 [FXGL Background Thread 1 ] DEBUG FXGLApplication      - Loading default localization
12:04:56.307 [FXGL Background Thread 1 ] DEBUG FXGLAssetLoaderServi - Loading from file system: jar:file:///C:/Users/USER/.m2/repository/com/github/almasb/fxgl/17.3/fxgl-17.3.jar!/fxglassets/languages/english.lang
12:04:56.339 [FXGL Background Thread 1 ] INFO  FXGLApplication      - FXGL initialization took: 1.000 sec
12:04:56.358 [JavaFX Application Thread] DEBUG Input                - Registered new binding: Up - W
12:04:56.358 [JavaFX Application Thread] DEBUG Input                - Registered new binding: Right - D
12:04:56.358 [JavaFX Application Thread] DEBUG Input                - Registered new binding: Left - A
12:04:56.358 [JavaFX Application Thread] DEBUG Input                - Registered new binding: Down - S
12:04:56.360 [JavaFX Application Thread] DEBUG Input                - Registered new binding: IDK - RMB
12:04:56.361 [JavaFX Application Thread] DEBUG FXGLAssetLoaderServi - Loading from file system: file:/C:/Users/USER/IdeaProjects/2DGame/target/classes/assets/music/bgm-music.mp3
12:04:56.365 [FXGL Background Thread 4 ] DEBUG FXGLApplication      - Loading fonts
12:04:56.366 [FXGL Background Thread 4 ] DEBUG FXGLAssetLoaderServi - Loading from file system: jar:file:///C:/Users/USER/.m2/repository/com/github/almasb/fxgl/17.3/fxgl-17.3.jar!/fxglassets/ui/fonts/VarelaRound-Regular.ttf
12:04:56.423 [FXGL Background Thread 4 ] DEBUG FXGLAssetLoaderServi - Loading from file system: jar:file:///C:/Users/USER/.m2/repository/com/github/almasb/fxgl/17.3/fxgl-17.3.jar!/fxglassets/ui/fonts/Abel-Regular.ttf
12:04:56.436 [FXGL Background Thread 4 ] DEBUG FXGLAssetLoaderServi - Loading from file system: jar:file:///C:/Users/USER/.m2/repository/com/github/almasb/fxgl/17.3/fxgl-17.3.jar!/fxglassets/ui/fonts/TerminalLandMono-Regular.otf
12:04:56.445 [FXGL Background Thread 4 ] DEBUG FXGLAssetLoaderServi - Loading from file system: jar:file:///C:/Users/USER/.m2/repository/com/github/almasb/fxgl/17.3/fxgl-17.3.jar!/fxglassets/ui/fonts/Courier-Prime.ttf
12:04:56.635 [JavaFX Application Thread] DEBUG AudioPlayer          - Playing music com.almasb.fxgl.audio.Music@8bf2189
12:04:56.635 [JavaFX Application Thread] DEBUG FXGLAssetLoaderServi - Loading from file system: jar:file:///C:/Users/USER/.m2/repository/com/github/almasb/fxgl/17.3/fxgl-17.3.jar!/fxglassets/textures/fxgl_icon.png
12:04:56.675 [JavaFX Application Thread] DEBUG FXGLAssetLoaderServi - Loading from file system: jar:file:///C:/Users/USER/.m2/repository/com/github/almasb/fxgl/17.3/fxgl-17.3.jar!/fxglassets/textures/fxgl_default_cursor.png
12:04:56.679 [JavaFX Application Thread] DEBUG Input                - Registered new binding: Screenshot - CTRL+8
12:04:56.679 [JavaFX Application Thread] DEBUG Input                - Registered new binding: Dev Options - 1
12:04:56.680 [JavaFX Application Thread] DEBUG Input                - Registered new binding: Dev Console - 2
12:04:56.681 [JavaFX Application Thread] DEBUG Input                - Registered new binding: System info dump - CTRL+9
12:04:56.681 [JavaFX Application Thread] DEBUG Input                - Registered new binding: Restart - CTRL+R
12:04:56.682 [JavaFX Application Thread] DEBUG Input                - Registered new binding: Toggle Debug Camera - CTRL+7
12:04:56.689 [JavaFX Application Thread] DEBUG LoopRunner           - Starting loop
12:04:56.700 [JavaFX Application Thread] DEBUG LoopRunner           - Initializing JavaFX AnimationTimerLoop
12:04:56.704 [JavaFX Application Thread] DEBUG Input                - Clearing active input actions
12:04:56.718 [JavaFX Application Thread] DEBUG GameApplicationServi - Removing overlay from FXGLStartupScene and adding to FXGLMainMenuDummyScene
12:04:56.725 [JavaFX Application Thread] DEBUG PrimaryStageWindow   - FXGLStartupScene -> FXGLMainMenuDummyScene
12:04:56.725 [JavaFX Application Thread] DEBUG PrimaryStageWindow   - Push state: GameMainMenu
12:04:56.725 [JavaFX Application Thread] DEBUG Input                - Clearing active input actions
12:04:56.736 [JavaFX Application Thread] DEBUG GameApplicationServi - Removing overlay from FXGLMainMenuDummyScene and adding to GameMainMenu
12:04:56.737 [JavaFX Application Thread] DEBUG PrimaryStageWindow   - FXGLMainMenuDummyScene -> GameMainMenu
12:04:56.738 [JavaFX Application Thread] DEBUG FXGLApplication      - Registering font factories with UI factory
12:04:57.478 [FXGL Background Thread 2 ] INFO  UpdaterService       - Your current version:  17.3
12:04:57.478 [FXGL Background Thread 2 ] INFO  UpdaterService       - Latest stable version: 21.1
12:04:58.855 [JavaFX Application Thread] DEBUG FXGLApplication      - Exiting FXGL
12:04:58.855 [JavaFX Application Thread] DEBUG LoopRunner           - Stopping loop
12:04:58.855 [JavaFX Application Thread] DEBUG SystemBundleService  - Saving FXGL system data
12:04:58.859 [JavaFX Application Thread] DEBUG FileSystemAccess     - Writing to: C:\Users\USER\IdeaProjects\2DGame\system\fxgl.bundle
12:04:58.864 [JavaFX Application Thread] DEBUG Async                - Shutting down background threads
12:04:58.865 [JavaFX Application Thread] DEBUG PrimaryStageWindow   - Closing main window
12:04:58.879 [JavaFX Application Thread] DEBUG Logger               - Closing Logger
