11:31:03.909 [main                     ] DEBUG Logger               - Configured Logger
11:31:03.949 [main                     ] DEBUG GameApplication      - Logging settings
Title: Adventures of Sir Vim Zarado
Version: 0.0
Width: 720
Height: 720
Fullscreen: false
Intro: false
Profiling: false
Single step:false
App Mode: DEVELOPER
Menu Key: ESCAPE
Stage Style: DECORATED
Scene Factory: class com.example.flat2d.GameApp$1

11:31:04.666 [JavaFX Application Thread] DEBUG FXGLApplication      - Initializing FXGL
11:31:04.672 [JavaFX Application Thread] INFO  Engine               - FXGL-17.3 (30.03.2023 11.49) on WINDOWS (J:21 FX:21)
11:31:04.673 [JavaFX Application Thread] DEBUG Engine               - JRE Vendor Name: Oracle Corporation
11:31:04.673 [JavaFX Application Thread] DEBUG Engine               - Running on OS: Windows 10 version 10.0
11:31:04.674 [JavaFX Application Thread] DEBUG Engine               - Architecture: amd64
11:31:04.674 [JavaFX Application Thread] INFO  Engine               - Source code and latest versions at: https://github.com/AlmasB/FXGL
11:31:04.674 [JavaFX Application Thread] INFO  Engine               -       Ask questions and discuss at: https://github.com/AlmasB/FXGL/discussions
11:31:04.675 [JavaFX Application Thread] INFO  Engine               -              Join the FXGL chat at: https://gitter.im/AlmasB/FXGL
11:31:05.026 [JavaFX Application Thread] DEBUG PrimaryStageWindow   - Creating a JavaFX scene
11:31:05.118 [JavaFX Application Thread] DEBUG PrimaryStageWindow   - Target settings size: 720.0 x 720.0
11:31:05.118 [JavaFX Application Thread] DEBUG PrimaryStageWindow   - Scaled scene size:    720.0 x 720.0
11:31:05.118 [JavaFX Application Thread] DEBUG PrimaryStageWindow   - Scaled ratio: (1.0, 1.0)
11:31:05.120 [JavaFX Application Thread] DEBUG PrimaryStageWindow   - Set initial scene to FXGLStartupScene
11:31:05.124 [JavaFX Application Thread] DEBUG PrimaryStageWindow   - Opening main window
11:31:05.286 [JavaFX Application Thread] DEBUG PrimaryStageWindow   - Window border size: (16.0, 39.0)
11:31:05.287 [JavaFX Application Thread] DEBUG PrimaryStageWindow   - Scaled size: 720.0 x 720.0
11:31:05.288 [JavaFX Application Thread] DEBUG PrimaryStageWindow   - Scaled ratio: (1.0, 1.0)
11:31:05.289 [JavaFX Application Thread] DEBUG PrimaryStageWindow   - Scene size: 720.0 x 720.0
11:31:05.290 [JavaFX Application Thread] DEBUG PrimaryStageWindow   - Stage size: 736.0 x 759.0
11:31:05.329 [FXGL Background Thread 1 ] DEBUG Engine               - Initializing environment variables
11:31:05.451 [FXGL Background Thread 1 ] DEBUG FXGLAssetLoaderServi - User app class for loading assets: class com.example.flat2d.GameApp
11:31:05.452 [FXGL Background Thread 1 ] DEBUG GameApplicationServi - Applying CSS: fxgl_dark.css
11:31:05.455 [FXGL Background Thread 1 ] DEBUG FXGLAssetLoaderServi - Loading from file system: jar:file:///C:/Users/USER/.m2/repository/com/github/almasb/fxgl/17.3/fxgl-17.3.jar!/fxglassets/ui/css/fxgl_dark.css
11:31:05.527 [FXGL Background Thread 1 ] DEBUG GameApplicationServi - Initializing application scenes
11:31:05.692 [FXGL Background Thread 1 ] DEBUG GameWorld            - Game world initialized
11:31:05.808 [FXGL Background Thread 1 ] DEBUG PhysicsWorld         - Physics world initialized: appHeight=720, physics.ppm=50.0
11:31:05.808 [FXGL Background Thread 1 ] DEBUG PhysicsWorld         - Using strategy: BRUTE_FORCE
11:31:05.815 [FXGL Background Thread 1 ] DEBUG GameScene            - Game scene initialized: 720x720
11:31:05.821 [FXGL Background Thread 1 ] DEBUG FXGLAssetLoaderServi - Loading from file system: file:/C:/Users/USER/IdeaProjects/CSIT228-F3-Finals/target/classes/assets/textures/background/backg.jpg
11:31:05.969 [FXGL Background Thread 1 ] DEBUG FXGLAssetLoaderServi - Loading from file system: file:/C:/Users/USER/IdeaProjects/CSIT228-F3-Finals/target/classes/assets/textures/profile-pic.jpg
11:31:05.995 [FXGL Background Thread 1 ] WARN  FXGL.DefaultMenu     - FXGLDefaultMenu is not designed for resolutions < 800x600
11:31:05.996 [FXGL Background Thread 1 ] DEBUG FXGL.DefaultMenu     - createMenuBodyGameMenu()
11:31:06.023 [FXGL Background Thread 1 ] DEBUG FXGL.DefaultMenu     - createOptionsMenu()
11:31:06.034 [FXGL Background Thread 1 ] DEBUG FXGLAssetLoaderServi - Loading from file system: jar:file:///C:/Users/USER/.m2/repository/com/github/almasb/fxgl/17.3/fxgl-17.3.jar!/fxglassets/textures/particles/smoke.png
11:31:06.224 [FXGL Background Thread 1 ] DEBUG FXGLAssetLoaderServi - Loading from file system: jar:file:///C:/Users/USER/.m2/repository/com/github/almasb/fxgl/17.3/fxgl-17.3.jar!/fxglassets/textures/particles/trace_horizontal.png
11:31:06.284 [FXGL Background Thread 1 ] DEBUG GameApplicationServi - Application scenes initialized
11:31:06.314 [FXGL Background Thread 1 ] DEBUG SystemBundleService  - Loading FXGL system data
11:31:06.325 [FXGL Background Thread 1 ] DEBUG FileSystemAccess     - Reading from: C:\Users\USER\IdeaProjects\CSIT228-F3-Finals\system\fxgl.bundle
11:31:06.347 [FXGL Background Thread 1 ] DEBUG SystemBundleService  - Bundle FXGL: {}
11:31:06.347 [FXGL Background Thread 1 ] DEBUG UpdaterService       - Checking for updates
11:31:06.432 [FXGL Background Thread 1 ] DEBUG FXGLApplication      - Loading default localization
11:31:06.434 [FXGL Background Thread 1 ] DEBUG FXGLAssetLoaderServi - Loading from file system: jar:file:///C:/Users/USER/.m2/repository/com/github/almasb/fxgl/17.3/fxgl-17.3.jar!/fxglassets/languages/english.lang
11:31:06.443 [FXGL Background Thread 4 ] DEBUG FXGLApplication      - Loading fonts
11:31:06.444 [FXGL Background Thread 4 ] DEBUG FXGLAssetLoaderServi - Loading from file system: jar:file:///C:/Users/USER/.m2/repository/com/github/almasb/fxgl/17.3/fxgl-17.3.jar!/fxglassets/ui/fonts/VarelaRound-Regular.ttf
11:31:06.509 [FXGL Background Thread 1 ] INFO  FXGLApplication      - FXGL initialization took: 1.180 sec
11:31:06.518 [FXGL Background Thread 4 ] DEBUG FXGLAssetLoaderServi - Loading from file system: jar:file:///C:/Users/USER/.m2/repository/com/github/almasb/fxgl/17.3/fxgl-17.3.jar!/fxglassets/ui/fonts/Abel-Regular.ttf
11:31:06.526 [FXGL Background Thread 4 ] DEBUG FXGLAssetLoaderServi - Loading from file system: jar:file:///C:/Users/USER/.m2/repository/com/github/almasb/fxgl/17.3/fxgl-17.3.jar!/fxglassets/ui/fonts/TerminalLandMono-Regular.otf
11:31:06.529 [JavaFX Application Thread] DEBUG Input                - Registered new binding: Up - W
11:31:06.529 [JavaFX Application Thread] DEBUG Input                - Registered new binding: Right - D
11:31:06.530 [JavaFX Application Thread] DEBUG Input                - Registered new binding: Left - A
11:31:06.530 [JavaFX Application Thread] DEBUG Input                - Registered new binding: Down - S
11:31:06.532 [JavaFX Application Thread] DEBUG Input                - Registered new binding: IDK - RMB
11:31:06.532 [JavaFX Application Thread] DEBUG FXGLAssetLoaderServi - Loading from file system: file:/C:/Users/USER/IdeaProjects/CSIT228-F3-Finals/target/classes/assets/music/opening.mp3
11:31:06.534 [FXGL Background Thread 4 ] DEBUG FXGLAssetLoaderServi - Loading from file system: jar:file:///C:/Users/USER/.m2/repository/com/github/almasb/fxgl/17.3/fxgl-17.3.jar!/fxglassets/ui/fonts/Courier-Prime.ttf
11:31:06.816 [JavaFX Application Thread] DEBUG AudioPlayer          - Playing music com.almasb.fxgl.audio.Music@43038284
11:31:06.817 [JavaFX Application Thread] DEBUG FXGLAssetLoaderServi - Loading from file system: jar:file:///C:/Users/USER/.m2/repository/com/github/almasb/fxgl/17.3/fxgl-17.3.jar!/fxglassets/textures/fxgl_icon.png
11:31:06.851 [JavaFX Application Thread] DEBUG FXGLAssetLoaderServi - Loading from file system: jar:file:///C:/Users/USER/.m2/repository/com/github/almasb/fxgl/17.3/fxgl-17.3.jar!/fxglassets/textures/fxgl_default_cursor.png
11:31:06.856 [JavaFX Application Thread] DEBUG Input                - Registered new binding: Screenshot - CTRL+8
11:31:06.857 [JavaFX Application Thread] DEBUG Input                - Registered new binding: Dev Options - 1
11:31:06.858 [JavaFX Application Thread] DEBUG Input                - Registered new binding: Dev Console - 2
11:31:06.860 [JavaFX Application Thread] DEBUG Input                - Registered new binding: System info dump - CTRL+9
11:31:06.861 [JavaFX Application Thread] DEBUG Input                - Registered new binding: Restart - CTRL+R
11:31:06.863 [JavaFX Application Thread] DEBUG Input                - Registered new binding: Toggle Debug Camera - CTRL+7
11:31:06.870 [JavaFX Application Thread] DEBUG LoopRunner           - Starting loop
11:31:06.884 [JavaFX Application Thread] DEBUG LoopRunner           - Initializing JavaFX AnimationTimerLoop
11:31:06.888 [JavaFX Application Thread] DEBUG Input                - Clearing active input actions
11:31:06.910 [JavaFX Application Thread] DEBUG GameApplicationServi - Removing overlay from FXGLStartupScene and adding to FXGLMainMenuDummyScene
11:31:06.917 [JavaFX Application Thread] DEBUG PrimaryStageWindow   - FXGLStartupScene -> FXGLMainMenuDummyScene
11:31:06.917 [JavaFX Application Thread] DEBUG PrimaryStageWindow   - Push state: GameMainMenu
11:31:06.918 [JavaFX Application Thread] DEBUG Input                - Clearing active input actions
11:31:06.929 [JavaFX Application Thread] DEBUG GameApplicationServi - Removing overlay from FXGLMainMenuDummyScene and adding to GameMainMenu
11:31:06.931 [JavaFX Application Thread] DEBUG PrimaryStageWindow   - FXGLMainMenuDummyScene -> GameMainMenu
11:31:06.931 [JavaFX Application Thread] DEBUG FXGLApplication      - Registering font factories with UI factory
11:31:08.877 [FXGL Background Thread 2 ] INFO  UpdaterService       - Your current version:  17.3
11:31:08.878 [FXGL Background Thread 2 ] INFO  UpdaterService       - Latest stable version: 21.1
11:31:09.423 [FXGL Background Thread 3 ] DEBUG Engine               - Logging environment variables
11:31:09.424 [FXGL Background Thread 3 ] DEBUG Engine               - achievements: []
11:31:09.425 [FXGL Background Thread 3 ] DEBUG Engine               - actualHeight: 720.0
11:31:09.425 [FXGL Background Thread 3 ] DEBUG Engine               - actualHeightProperty: ReadOnlyDoubleProperty [value: 720.0]
11:31:09.426 [FXGL Background Thread 3 ] DEBUG Engine               - actualWidth: 720.0
11:31:09.426 [FXGL Background Thread 3 ] DEBUG Engine               - actualWidthProperty: ReadOnlyDoubleProperty [value: 720.0]
11:31:09.426 [FXGL Background Thread 3 ] DEBUG Engine               - appIcon: fxgl_icon.png
11:31:09.427 [FXGL Background Thread 3 ] DEBUG Engine               - applicationMode: DEVELOPER
11:31:09.427 [FXGL Background Thread 3 ] DEBUG Engine               - cSSList: [fxgl_dark.css]
11:31:09.427 [FXGL Background Thread 3 ] DEBUG Engine               - collisionDetectionStrategy: BRUTE_FORCE
11:31:09.427 [FXGL Background Thread 3 ] DEBUG Engine               - configClass: Optional.empty
11:31:09.428 [FXGL Background Thread 3 ] DEBUG Engine               - credits: []
11:31:09.429 [FXGL Background Thread 3 ] DEBUG Engine               - defaultCursor: CursorInfo(imageName=fxgl_default_cursor.png, hotspotX=7.0, hotspotY=6.0)
11:31:09.429 [FXGL Background Thread 3 ] DEBUG Engine               - devBBoxColorProperty: ObjectProperty [value: 0xff0000ff]
11:31:09.430 [FXGL Background Thread 3 ] DEBUG Engine               - devEnableDebugCameraProperty: BooleanProperty [value: false]
11:31:09.431 [FXGL Background Thread 3 ] DEBUG Engine               - devSensorColorProperty: ObjectProperty [value: 0xffff00ff]
11:31:09.431 [FXGL Background Thread 3 ] DEBUG Engine               - devShowBBoxProperty: BooleanProperty [value: false]
11:31:09.432 [FXGL Background Thread 3 ] DEBUG Engine               - devShowPositionProperty: BooleanProperty [value: false]
11:31:09.433 [FXGL Background Thread 3 ] DEBUG Engine               - enabledMenuItems: []
11:31:09.433 [FXGL Background Thread 3 ] DEBUG Engine               - engineServices: [class com.almasb.fxgl.app.services.FXGLAssetLoaderService, class com.almasb.fxgl.app.FXGLApplication$GameApplicationService, class com.almasb.fxgl.app.services.FXGLDialogService, class com.almasb.fxgl.app.services.IOTaskExecutorService, class com.almasb.fxgl.io.FileSystemService, class com.almasb.fxgl.localization.LocalizationService, class com.almasb.fxgl.app.services.SystemBundleService, class com.almasb.fxgl.profile.SaveLoadService, class com.almasb.fxgl.ui.FXGLUIFactoryServiceProvider, class com.almasb.fxgl.ui.FXGLDialogFactoryServiceProvider, class com.almasb.fxgl.audio.AudioPlayer, class com.almasb.fxgl.notification.impl.NotificationServiceProvider, class com.almasb.fxgl.achievement.AchievementService, class com.almasb.fxgl.cutscene.CutsceneService, class com.almasb.fxgl.minigames.MiniGameService, class com.almasb.fxgl.net.NetService, class com.almasb.fxgl.app.services.UpdaterService, class com.almasb.fxgl.dev.DevService]
11:31:09.434 [FXGL Background Thread 3 ] DEBUG Engine               - fontGame: Abel-Regular.ttf
11:31:09.434 [FXGL Background Thread 3 ] DEBUG Engine               - fontMono: TerminalLandMono-Regular.otf
11:31:09.434 [FXGL Background Thread 3 ] DEBUG Engine               - fontSizeScaleUI: 1.0
11:31:09.435 [FXGL Background Thread 3 ] DEBUG Engine               - fontText: Courier-Prime.ttf
11:31:09.435 [FXGL Background Thread 3 ] DEBUG Engine               - fontUI: VarelaRound-Regular.ttf
11:31:09.435 [FXGL Background Thread 3 ] DEBUG Engine               - fullScreen: BooleanProperty [value: false]
11:31:09.436 [FXGL Background Thread 3 ] DEBUG Engine               - gameDifficulty: MEDIUM
11:31:09.436 [FXGL Background Thread 3 ] DEBUG Engine               - gameDifficultyProperty: ObjectProperty [value: MEDIUM]
11:31:09.437 [FXGL Background Thread 3 ] DEBUG Engine               - globalMusicVolume: 0.5
11:31:09.437 [FXGL Background Thread 3 ] DEBUG Engine               - globalMusicVolumeProperty: DoubleProperty [value: 0.5]
11:31:09.437 [FXGL Background Thread 3 ] DEBUG Engine               - globalSoundVolume: 0.5
11:31:09.438 [FXGL Background Thread 3 ] DEBUG Engine               - globalSoundVolumeProperty: DoubleProperty [value: 0.25]
11:31:09.438 [FXGL Background Thread 3 ] DEBUG Engine               - height: 720
11:31:09.438 [FXGL Background Thread 3 ] DEBUG Engine               - is3D: false
11:31:09.439 [FXGL Background Thread 3 ] DEBUG Engine               - isAndroid: false
11:31:09.439 [FXGL Background Thread 3 ] DEBUG Engine               - isBrowser: false
11:31:09.439 [FXGL Background Thread 3 ] DEBUG Engine               - isClickFeedbackEnabled: false
11:31:09.439 [FXGL Background Thread 3 ] DEBUG Engine               - isCloseConfirmation: false
11:31:09.440 [FXGL Background Thread 3 ] DEBUG Engine               - isDesktop: true
11:31:09.440 [FXGL Background Thread 3 ] DEBUG Engine               - isDeveloperMenuEnabled: true
11:31:09.440 [FXGL Background Thread 3 ] DEBUG Engine               - isEmbedded: false
11:31:09.441 [FXGL Background Thread 3 ] DEBUG Engine               - isEntityPreloadEnabled: true
11:31:09.441 [FXGL Background Thread 3 ] DEBUG Engine               - isExperimentalTiledLargeMap: false
11:31:09.441 [FXGL Background Thread 3 ] DEBUG Engine               - isFileSystemWriteAllowed: true
11:31:09.442 [FXGL Background Thread 3 ] DEBUG Engine               - isFullScreenAllowed: false
11:31:09.443 [FXGL Background Thread 3 ] DEBUG Engine               - isFullScreenFromStart: false
11:31:09.443 [FXGL Background Thread 3 ] DEBUG Engine               - isGameMenuEnabled: true
11:31:09.444 [FXGL Background Thread 3 ] DEBUG Engine               - isIOS: false
11:31:09.444 [FXGL Background Thread 3 ] DEBUG Engine               - isIntroEnabled: false
11:31:09.444 [FXGL Background Thread 3 ] DEBUG Engine               - isLinux: false
11:31:09.445 [FXGL Background Thread 3 ] DEBUG Engine               - isMac: false
11:31:09.445 [FXGL Background Thread 3 ] DEBUG Engine               - isMainMenuEnabled: true
11:31:09.446 [FXGL Background Thread 3 ] DEBUG Engine               - isManualResizeEnabled: false
11:31:09.446 [FXGL Background Thread 3 ] DEBUG Engine               - isMobile: false
11:31:09.446 [FXGL Background Thread 3 ] DEBUG Engine               - isNative: false
11:31:09.447 [FXGL Background Thread 3 ] DEBUG Engine               - isPauseMusicWhenMinimized: true
11:31:09.447 [FXGL Background Thread 3 ] DEBUG Engine               - isPreserveResizeRatio: false
11:31:09.447 [FXGL Background Thread 3 ] DEBUG Engine               - isProfilingEnabled: false
11:31:09.448 [FXGL Background Thread 3 ] DEBUG Engine               - isScaleAffectedOnResize: true
11:31:09.448 [FXGL Background Thread 3 ] DEBUG Engine               - isSingleStep: false
11:31:09.448 [FXGL Background Thread 3 ] DEBUG Engine               - isUserProfileEnabled: false
11:31:09.449 [FXGL Background Thread 3 ] DEBUG Engine               - isWindows: true
11:31:09.451 [FXGL Background Thread 3 ] DEBUG Engine               - language: ObjectProperty [value: ENGLISH]
11:31:09.451 [FXGL Background Thread 3 ] DEBUG Engine               - menuKey: ESCAPE
11:31:09.451 [FXGL Background Thread 3 ] DEBUG Engine               - mouseSensitivity: 0.2
11:31:09.451 [FXGL Background Thread 3 ] DEBUG Engine               - notificationViewClass: class com.almasb.fxgl.notification.view.XboxNotificationView
11:31:09.451 [FXGL Background Thread 3 ] DEBUG Engine               - pixelsPerMeter: 50.0
11:31:09.452 [FXGL Background Thread 3 ] DEBUG Engine               - platform: WINDOWS
11:31:09.452 [FXGL Background Thread 3 ] DEBUG Engine               - prefHeightProperty: ReadOnlyDoubleProperty [value: 720.0]
11:31:09.452 [FXGL Background Thread 3 ] DEBUG Engine               - prefWidthProperty: ReadOnlyDoubleProperty [value: 720.0]
11:31:09.452 [FXGL Background Thread 3 ] DEBUG Engine               - profileDir: profiles/
11:31:09.453 [FXGL Background Thread 3 ] DEBUG Engine               - profileName: StringProperty [value: DEFAULT]
11:31:09.453 [FXGL Background Thread 3 ] DEBUG Engine               - randomSeed: -1
11:31:09.454 [FXGL Background Thread 3 ] DEBUG Engine               - runtimeInfo: RuntimeInfo(platform=WINDOWS, version=17.3, build=30.03.2023 11.49)
11:31:09.455 [FXGL Background Thread 3 ] DEBUG Engine               - saveFileExt: sav
11:31:09.455 [FXGL Background Thread 3 ] DEBUG Engine               - scaledHeightProp$fxgl: DoubleProperty [bound, value: 720.0]
11:31:09.455 [FXGL Background Thread 3 ] DEBUG Engine               - scaledWidthProp$fxgl: DoubleProperty [bound, value: 720.0]
11:31:09.456 [FXGL Background Thread 3 ] DEBUG Engine               - sceneFactory: com.example.flat2d.GameApp$1@1b097af7
11:31:09.456 [FXGL Background Thread 3 ] DEBUG Engine               - secondsIn24h: 60
11:31:09.457 [FXGL Background Thread 3 ] DEBUG Engine               - soundMenuBack: menu/back.wav
11:31:09.457 [FXGL Background Thread 3 ] DEBUG Engine               - soundMenuPress: menu/press.wav
11:31:09.457 [FXGL Background Thread 3 ] DEBUG Engine               - soundMenuSelect: menu/select.wav
11:31:09.457 [FXGL Background Thread 3 ] DEBUG Engine               - soundNotification: core/notification.wav
11:31:09.457 [FXGL Background Thread 3 ] DEBUG Engine               - stageStyle: DECORATED
11:31:09.458 [FXGL Background Thread 3 ] DEBUG Engine               - supportedLanguages: [ENGLISH, FRENCH, GERMAN, HUNGARIAN, RUSSIAN]
11:31:09.458 [FXGL Background Thread 3 ] DEBUG Engine               - ticksPerSecond: -1
11:31:09.458 [FXGL Background Thread 3 ] DEBUG Engine               - title: Adventures of Sir Vim Zarado
11:31:09.459 [FXGL Background Thread 3 ] DEBUG Engine               - urlGithub: https://github.com/AlmasB/FXGL
11:31:09.459 [FXGL Background Thread 3 ] DEBUG Engine               - urlLeaderboard: http://fxgl-top.herokuapp.com/
11:31:09.460 [FXGL Background Thread 3 ] DEBUG Engine               - urlPOM: https://raw.githubusercontent.com/AlmasB/FXGL/release/README.md
11:31:09.460 [FXGL Background Thread 3 ] DEBUG Engine               - userAppClass: class com.example.flat2d.GameApp
11:31:09.461 [FXGL Background Thread 3 ] DEBUG Engine               - version: 0.0
11:31:09.461 [FXGL Background Thread 3 ] DEBUG Engine               - versionCheckDays: 7
11:31:09.462 [FXGL Background Thread 3 ] DEBUG Engine               - width: 720
11:31:09.462 [FXGL Background Thread 3 ] DEBUG Engine               - Logging services
11:31:09.462 [FXGL Background Thread 3 ] DEBUG Engine               - class com.almasb.fxgl.app.services.FXGLAssetLoaderService
11:31:09.463 [FXGL Background Thread 3 ] DEBUG Engine               - class com.almasb.fxgl.app.FXGLApplication$GameApplicationService
11:31:09.463 [FXGL Background Thread 3 ] DEBUG Engine               - class com.almasb.fxgl.app.services.FXGLDialogService
11:31:09.463 [FXGL Background Thread 3 ] DEBUG Engine               - class com.almasb.fxgl.app.services.IOTaskExecutorService
11:31:09.464 [FXGL Background Thread 3 ] DEBUG Engine               - class com.almasb.fxgl.io.FileSystemService
11:31:09.464 [FXGL Background Thread 3 ] DEBUG Engine               - class com.almasb.fxgl.localization.LocalizationService
11:31:09.464 [FXGL Background Thread 3 ] DEBUG Engine               - class com.almasb.fxgl.app.services.SystemBundleService
11:31:09.465 [FXGL Background Thread 3 ] DEBUG Engine               - class com.almasb.fxgl.profile.SaveLoadService
11:31:09.465 [FXGL Background Thread 3 ] DEBUG Engine               - class com.almasb.fxgl.ui.FXGLUIFactoryServiceProvider
11:31:09.465 [FXGL Background Thread 3 ] DEBUG Engine               - class com.almasb.fxgl.ui.FXGLDialogFactoryServiceProvider
11:31:09.465 [FXGL Background Thread 3 ] DEBUG Engine               - class com.almasb.fxgl.audio.AudioPlayer
11:31:09.466 [FXGL Background Thread 3 ] DEBUG Engine               - class com.almasb.fxgl.notification.impl.NotificationServiceProvider
11:31:09.467 [FXGL Background Thread 3 ] DEBUG Engine               - class com.almasb.fxgl.achievement.AchievementService
11:31:09.467 [FXGL Background Thread 3 ] DEBUG Engine               - class com.almasb.fxgl.cutscene.CutsceneService
11:31:09.467 [FXGL Background Thread 3 ] DEBUG Engine               - class com.almasb.fxgl.minigames.MiniGameService
11:31:09.467 [FXGL Background Thread 3 ] DEBUG Engine               - class com.almasb.fxgl.net.NetService
11:31:09.467 [FXGL Background Thread 3 ] DEBUG Engine               - class com.almasb.fxgl.app.services.UpdaterService
11:31:09.468 [FXGL Background Thread 3 ] DEBUG Engine               - class com.almasb.fxgl.dev.DevService
11:31:14.538 [JavaFX Application Thread] DEBUG AudioPlayer          - Stopping music com.almasb.fxgl.audio.Music@43038284
11:31:14.542 [JavaFX Application Thread] DEBUG FXGLAssetLoaderServi - Loading from file system: file:/C:/Users/USER/IdeaProjects/CSIT228-F3-Finals/target/classes/assets/music/game-music.mp3
11:31:14.555 [JavaFX Application Thread] DEBUG AudioPlayer          - Playing music com.almasb.fxgl.audio.Music@f6ff4f7
11:31:14.555 [JavaFX Application Thread] DEBUG Menu                 - fireNewGame()
11:31:14.556 [JavaFX Application Thread] DEBUG GameApplicationServi - Starting new game
11:31:14.557 [JavaFX Application Thread] DEBUG PrimaryStageWindow   - Pop state: GameMainMenu
11:31:14.557 [JavaFX Application Thread] DEBUG Input                - Clearing active input actions
11:31:14.563 [JavaFX Application Thread] DEBUG GameApplicationServi - Removing overlay from GameMainMenu and adding to FXGLMainMenuDummyScene
11:31:14.574 [JavaFX Application Thread] DEBUG PrimaryStageWindow   - FXGLMainMenuDummyScene <- GameMainMenu
11:31:14.576 [JavaFX Application Thread] DEBUG Input                - Clearing active input actions
11:31:14.647 [JavaFX Application Thread] DEBUG GameApplicationServi - Removing overlay from FXGLMainMenuDummyScene and adding to FXGLLoadingScene
11:31:14.649 [JavaFX Application Thread] DEBUG PrimaryStageWindow   - FXGLMainMenuDummyScene -> FXGLLoadingScene
11:31:14.651 [JavaFX Application Thread] DEBUG GameApplicationServi - Clearing previous game
11:31:14.651 [JavaFX Application Thread] DEBUG GameScene            - Clearing game scene
11:31:14.651 [JavaFX Application Thread] DEBUG GameWorld            - Clearing game world
11:31:14.652 [JavaFX Application Thread] DEBUG PhysicsWorld         - Clearing physics world
11:31:14.659 [FXGL Background Thread 2 ] DEBUG FXGLApplication      - Initializing game
11:31:14.783 [FXGL Background Thread 2 ] WARN  TMXLevelLoader       - TiledMap generated from 1.10.2. Supported version: 1.9.0. Some features may not be parsed fully.
11:31:14.906 [FXGL Background Thread 2 ] DEBUG TMXLevelLoader       - Parsed TiledMap: file:/C:/Users/USER/IdeaProjects/CSIT228-F3-Finals/target/classes/assets/levels/tmx/2DGameTiledMap.tmx
11:31:14.908 [FXGL Background Thread 2 ] DEBUG TMXLevelLoader       - Creating tile layer entities
11:31:14.911 [FXGL Background Thread 2 ] DEBUG TilesetLoader        - Loading view for layer Floor
11:31:14.922 [FXGL Background Thread 2 ] DEBUG TilesetLoader        - Created buffer with size 2304.0x2304.0
11:31:15.180 [FXGL Background Thread 2 ] DEBUG TilesetLoader        - Loading view for layer Stuff
11:31:15.205 [FXGL Background Thread 2 ] DEBUG TilesetLoader        - Created buffer with size 2304.0x2304.0
11:31:15.223 [FXGL Background Thread 2 ] DEBUG TilesetLoader        - Loading view for layer Decor
11:31:15.247 [FXGL Background Thread 2 ] DEBUG TilesetLoader        - Created buffer with size 2304.0x2304.0
11:31:15.258 [FXGL Background Thread 2 ] DEBUG TilesetLoader        - Loading view for layer More
11:31:15.279 [FXGL Background Thread 2 ] DEBUG TilesetLoader        - Created buffer with size 2304.0x2304.0
11:31:15.281 [FXGL Background Thread 2 ] DEBUG TMXLevelLoader       - Creating object layer entities
11:31:15.313 [FXGL Background Thread 2 ] DEBUG GameWorld            - Clearing removable entities
11:31:15.314 [FXGL Background Thread 2 ] DEBUG GameWorld            - Setting level: com.almasb.fxgl.entity.level.Level@5e00dbc2
11:31:15.330 [FXGL Background Thread 2 ] DEBUG FXGLAssetLoaderServi - Loading from file system: file:/C:/Users/USER/IdeaProjects/CSIT228-F3-Finals/target/classes/assets/textures/lecatmoves.png
11:31:15.334 [FXGL Background Thread 2 ] DEBUG FXGLAssetLoaderServi - Loading from file system: file:/C:/Users/USER/IdeaProjects/CSIT228-F3-Finals/target/classes/assets/textures/CatOne.png
11:31:15.337 [FXGL Background Thread 2 ] DEBUG FXGLAssetLoaderServi - Loading from file system: file:/C:/Users/USER/IdeaProjects/CSIT228-F3-Finals/target/classes/assets/textures/CatThree.png
11:31:15.340 [FXGL Background Thread 2 ] DEBUG FXGLAssetLoaderServi - Loading from file system: file:/C:/Users/USER/IdeaProjects/CSIT228-F3-Finals/target/classes/assets/textures/CatFour.png
11:31:15.385 [FXGL Background Thread 2 ] INFO  FXGLApplication      - Game initialization took: 0.726 sec
11:31:15.387 [JavaFX Application Thread] DEBUG Input                - Clearing active input actions
11:31:15.403 [JavaFX Application Thread] DEBUG GameApplicationServi - Removing overlay from FXGLLoadingScene and adding to GameScene
11:31:15.412 [JavaFX Application Thread] DEBUG PrimaryStageWindow   - FXGLLoadingScene -> GameScene
11:31:16.508 [JavaFX Application Thread] DEBUG FXGLAssetLoaderServi - Loading from file system: file:/C:/Users/USER/IdeaProjects/CSIT228-F3-Finals/target/classes/assets/textures/spr_bullet_strip.png
11:31:17.976 [JavaFX Application Thread] DEBUG FXGLAssetLoaderServi - Loading from file system: file:/C:/Users/USER/IdeaProjects/CSIT228-F3-Finals/target/classes/assets/textures/wolf-runing-cycle-skin.png
11:31:37.936 [JavaFX Application Thread] DEBUG FXGLAssetLoaderServi - Loading from file system: file:/C:/Users/USER/IdeaProjects/CSIT228-F3-Finals/target/classes/assets/textures/skil.png
11:31:45.127 [JavaFX Application Thread] DEBUG FXGLAssetLoaderServi - Loading from file system: file:/C:/Users/USER/IdeaProjects/CSIT228-F3-Finals/target/classes/assets/textures/water_cannon-Sheet.png
11:31:57.167 [JavaFX Application Thread] DEBUG FXGLAssetLoaderServi - Loading from file system: file:/C:/Users/USER/IdeaProjects/CSIT228-F3-Finals/target/classes/assets/textures/OhTenTacles---315-x-250.png
11:33:16.049 [JavaFX Application Thread] DEBUG FXGLApplication      - Exiting FXGL
11:33:16.051 [JavaFX Application Thread] DEBUG LoopRunner           - Stopping loop
11:33:16.051 [JavaFX Application Thread] DEBUG SystemBundleService  - Saving FXGL system data
11:33:16.059 [JavaFX Application Thread] DEBUG FileSystemAccess     - Writing to: C:\Users\USER\IdeaProjects\CSIT228-F3-Finals\system\fxgl.bundle
11:33:16.070 [JavaFX Application Thread] DEBUG Async                - Shutting down background threads
11:33:16.071 [JavaFX Application Thread] DEBUG PrimaryStageWindow   - Closing main window
11:33:16.114 [JavaFX Application Thread] DEBUG Logger               - Closing Logger
