09:43:09.448 [main                     ] DEBUG Logger               - Configured Logger
09:43:09.475 [main                     ] DEBUG GameApplication      - Logging settings
Title: Adventures of Sir Vim Zarado
Version: 0.0
Width: 720
Height: 720
Fullscreen: false
Intro: false
Profiling: false
Single step:false
App Mode: DEVELOPER
Menu Key: ESCAPE
Stage Style: DECORATED
Scene Factory: class com.example.flat2d.GameApp$1

09:43:09.877 [JavaFX Application Thread] DEBUG FXGLApplication      - Initializing FXGL
09:43:09.882 [JavaFX Application Thread] INFO  Engine               - FXGL-17.3 (30.03.2023 11.49) on WINDOWS (J:21.0.2 FX:21)
09:43:09.883 [JavaFX Application Thread] DEBUG Engine               - JRE Vendor Name: Oracle Corporation
09:43:09.883 [JavaFX Application Thread] DEBUG Engine               - Running on OS: Windows 10 version 10.0
09:43:09.883 [JavaFX Application Thread] DEBUG Engine               - Architecture: amd64
09:43:09.883 [JavaFX Application Thread] INFO  Engine               - Source code and latest versions at: https://github.com/AlmasB/FXGL
09:43:09.883 [JavaFX Application Thread] INFO  Engine               -       Ask questions and discuss at: https://github.com/AlmasB/FXGL/discussions
09:43:09.884 [JavaFX Application Thread] INFO  Engine               -              Join the FXGL chat at: https://gitter.im/AlmasB/FXGL
09:43:10.014 [JavaFX Application Thread] DEBUG PrimaryStageWindow   - Creating a JavaFX scene
09:43:10.082 [JavaFX Application Thread] DEBUG PrimaryStageWindow   - Target settings size: 720.0 x 720.0
09:43:10.082 [JavaFX Application Thread] DEBUG PrimaryStageWindow   - Scaled scene size:    720.0 x 720.0
09:43:10.083 [JavaFX Application Thread] DEBUG PrimaryStageWindow   - Scaled ratio: (1.0, 1.0)
09:43:10.084 [JavaFX Application Thread] DEBUG PrimaryStageWindow   - Set initial scene to FXGLStartupScene
09:43:10.089 [JavaFX Application Thread] DEBUG PrimaryStageWindow   - Opening main window
09:43:10.181 [JavaFX Application Thread] DEBUG PrimaryStageWindow   - Window border size: (16.0, 39.0)
09:43:10.182 [JavaFX Application Thread] DEBUG PrimaryStageWindow   - Scaled size: 720.0 x 720.0
09:43:10.182 [JavaFX Application Thread] DEBUG PrimaryStageWindow   - Scaled ratio: (1.0, 1.0)
09:43:10.183 [JavaFX Application Thread] DEBUG PrimaryStageWindow   - Scene size: 720.0 x 720.0
09:43:10.183 [JavaFX Application Thread] DEBUG PrimaryStageWindow   - Stage size: 736.0 x 759.0
09:43:10.198 [FXGL Background Thread 1 ] DEBUG Engine               - Initializing environment variables
09:43:10.277 [FXGL Background Thread 1 ] DEBUG FXGLAssetLoaderServi - User app class for loading assets: class com.example.flat2d.GameApp
09:43:10.278 [FXGL Background Thread 1 ] DEBUG GameApplicationServi - Applying CSS: fxgl_dark.css
09:43:10.279 [FXGL Background Thread 1 ] DEBUG FXGLAssetLoaderServi - Loading from file system: jar:file:///C:/Users/USER/.m2/repository/com/github/almasb/fxgl/17.3/fxgl-17.3.jar!/fxglassets/ui/css/fxgl_dark.css
09:43:10.350 [FXGL Background Thread 1 ] DEBUG GameApplicationServi - Initializing application scenes
09:43:10.456 [FXGL Background Thread 1 ] DEBUG GameWorld            - Game world initialized
09:43:10.554 [FXGL Background Thread 1 ] DEBUG PhysicsWorld         - Physics world initialized: appHeight=720, physics.ppm=50.0
09:43:10.554 [FXGL Background Thread 1 ] DEBUG PhysicsWorld         - Using strategy: BRUTE_FORCE
09:43:10.559 [FXGL Background Thread 1 ] DEBUG GameScene            - Game scene initialized: 720x720
09:43:10.563 [FXGL Background Thread 1 ] DEBUG FXGLAssetLoaderServi - Loading from file system: file:/C:/Users/USER/IdeaProjects/CSIT228-F3-Finals/target/classes/assets/textures/background/main-screen.jpg
09:43:10.683 [FXGL Background Thread 1 ] DEBUG FXGLAssetLoaderServi - Loading from file system: file:/C:/Users/USER/IdeaProjects/CSIT228-F3-Finals/target/classes/assets/textures/profile-pic.jpg
09:43:10.703 [FXGL Background Thread 1 ] WARN  FXGL.DefaultMenu     - FXGLDefaultMenu is not designed for resolutions < 800x600
09:43:10.703 [FXGL Background Thread 1 ] DEBUG FXGL.DefaultMenu     - createMenuBodyGameMenu()
09:43:10.722 [FXGL Background Thread 1 ] DEBUG FXGL.DefaultMenu     - createOptionsMenu()
09:43:10.732 [FXGL Background Thread 1 ] DEBUG FXGLAssetLoaderServi - Loading from file system: jar:file:///C:/Users/USER/.m2/repository/com/github/almasb/fxgl/17.3/fxgl-17.3.jar!/fxglassets/textures/particles/smoke.png
09:43:10.859 [FXGL Background Thread 1 ] DEBUG FXGLAssetLoaderServi - Loading from file system: jar:file:///C:/Users/USER/.m2/repository/com/github/almasb/fxgl/17.3/fxgl-17.3.jar!/fxglassets/textures/particles/trace_horizontal.png
09:43:10.900 [FXGL Background Thread 1 ] DEBUG GameApplicationServi - Application scenes initialized
09:43:10.919 [FXGL Background Thread 1 ] DEBUG SystemBundleService  - Loading FXGL system data
09:43:10.925 [FXGL Background Thread 1 ] DEBUG FileSystemAccess     - Reading from: C:\Users\USER\IdeaProjects\CSIT228-F3-Finals\system\fxgl.bundle
09:43:10.940 [FXGL Background Thread 1 ] DEBUG SystemBundleService  - Bundle FXGL: {}
09:43:10.941 [FXGL Background Thread 1 ] DEBUG UpdaterService       - Checking for updates
09:43:10.993 [FXGL Background Thread 1 ] DEBUG FXGLApplication      - Loading default localization
09:43:10.994 [FXGL Background Thread 1 ] DEBUG FXGLAssetLoaderServi - Loading from file system: jar:file:///C:/Users/USER/.m2/repository/com/github/almasb/fxgl/17.3/fxgl-17.3.jar!/fxglassets/languages/english.lang
09:43:11.003 [FXGL Background Thread 4 ] DEBUG FXGLApplication      - Loading fonts
09:43:11.003 [FXGL Background Thread 4 ] DEBUG FXGLAssetLoaderServi - Loading from file system: jar:file:///C:/Users/USER/.m2/repository/com/github/almasb/fxgl/17.3/fxgl-17.3.jar!/fxglassets/ui/fonts/VarelaRound-Regular.ttf
09:43:11.046 [FXGL Background Thread 1 ] INFO  FXGLApplication      - FXGL initialization took: 0.848 sec
09:43:11.059 [JavaFX Application Thread] DEBUG Input                - Registered new binding: Up - W
09:43:11.059 [JavaFX Application Thread] DEBUG Input                - Registered new binding: Right - D
09:43:11.059 [JavaFX Application Thread] DEBUG Input                - Registered new binding: Left - A
09:43:11.060 [JavaFX Application Thread] DEBUG Input                - Registered new binding: Down - S
09:43:11.061 [JavaFX Application Thread] DEBUG Input                - Registered new binding: IDK - RMB
09:43:11.062 [JavaFX Application Thread] DEBUG FXGLAssetLoaderServi - Loading from file system: file:/C:/Users/USER/IdeaProjects/CSIT228-F3-Finals/target/classes/assets/music/opening.mp3
09:43:11.061 [FXGL Background Thread 4 ] DEBUG FXGLAssetLoaderServi - Loading from file system: jar:file:///C:/Users/USER/.m2/repository/com/github/almasb/fxgl/17.3/fxgl-17.3.jar!/fxglassets/ui/fonts/Abel-Regular.ttf
09:43:11.096 [FXGL Background Thread 4 ] DEBUG FXGLAssetLoaderServi - Loading from file system: jar:file:///C:/Users/USER/.m2/repository/com/github/almasb/fxgl/17.3/fxgl-17.3.jar!/fxglassets/ui/fonts/TerminalLandMono-Regular.otf
09:43:11.119 [FXGL Background Thread 4 ] DEBUG FXGLAssetLoaderServi - Loading from file system: jar:file:///C:/Users/USER/.m2/repository/com/github/almasb/fxgl/17.3/fxgl-17.3.jar!/fxglassets/ui/fonts/Courier-Prime.ttf
09:43:11.243 [JavaFX Application Thread] DEBUG AudioPlayer          - Playing music com.almasb.fxgl.audio.Music@108ecc7a
09:43:11.244 [JavaFX Application Thread] DEBUG FXGLAssetLoaderServi - Loading from file system: jar:file:///C:/Users/USER/.m2/repository/com/github/almasb/fxgl/17.3/fxgl-17.3.jar!/fxglassets/textures/fxgl_icon.png
09:43:11.286 [JavaFX Application Thread] DEBUG FXGLAssetLoaderServi - Loading from file system: jar:file:///C:/Users/USER/.m2/repository/com/github/almasb/fxgl/17.3/fxgl-17.3.jar!/fxglassets/textures/fxgl_default_cursor.png
09:43:11.289 [JavaFX Application Thread] DEBUG Input                - Registered new binding: Screenshot - CTRL+8
09:43:11.290 [JavaFX Application Thread] DEBUG Input                - Registered new binding: Dev Options - 1
09:43:11.290 [JavaFX Application Thread] DEBUG Input                - Registered new binding: Dev Console - 2
09:43:11.290 [JavaFX Application Thread] DEBUG Input                - Registered new binding: System info dump - CTRL+9
09:43:11.291 [JavaFX Application Thread] DEBUG Input                - Registered new binding: Restart - CTRL+R
09:43:11.294 [JavaFX Application Thread] DEBUG Input                - Registered new binding: Toggle Debug Camera - CTRL+7
09:43:11.300 [JavaFX Application Thread] DEBUG LoopRunner           - Starting loop
09:43:11.313 [JavaFX Application Thread] DEBUG LoopRunner           - Initializing JavaFX AnimationTimerLoop
09:43:11.322 [JavaFX Application Thread] DEBUG Input                - Clearing active input actions
09:43:11.334 [JavaFX Application Thread] DEBUG GameApplicationServi - Removing overlay from FXGLStartupScene and adding to FXGLMainMenuDummyScene
09:43:11.361 [JavaFX Application Thread] DEBUG PrimaryStageWindow   - FXGLStartupScene -> FXGLMainMenuDummyScene
09:43:11.361 [JavaFX Application Thread] DEBUG PrimaryStageWindow   - Push state: GameMainMenu
09:43:11.361 [JavaFX Application Thread] DEBUG Input                - Clearing active input actions
09:43:11.370 [JavaFX Application Thread] DEBUG GameApplicationServi - Removing overlay from FXGLMainMenuDummyScene and adding to GameMainMenu
09:43:11.370 [JavaFX Application Thread] DEBUG PrimaryStageWindow   - FXGLMainMenuDummyScene -> GameMainMenu
09:43:11.371 [JavaFX Application Thread] DEBUG FXGLApplication      - Registering font factories with UI factory
09:43:11.663 [FXGL Background Thread 2 ] INFO  UpdaterService       - Your current version:  17.3
09:43:11.663 [FXGL Background Thread 2 ] INFO  UpdaterService       - Latest stable version: 21.1
09:43:13.987 [FXGL Background Thread 3 ] DEBUG Engine               - Logging environment variables
09:43:13.987 [FXGL Background Thread 3 ] DEBUG Engine               - achievements: []
09:43:13.987 [FXGL Background Thread 3 ] DEBUG Engine               - actualHeight: 720.0
09:43:13.987 [FXGL Background Thread 3 ] DEBUG Engine               - actualHeightProperty: ReadOnlyDoubleProperty [value: 720.0]
09:43:13.988 [FXGL Background Thread 3 ] DEBUG Engine               - actualWidth: 720.0
09:43:13.988 [FXGL Background Thread 3 ] DEBUG Engine               - actualWidthProperty: ReadOnlyDoubleProperty [value: 720.0]
09:43:13.988 [FXGL Background Thread 3 ] DEBUG Engine               - appIcon: fxgl_icon.png
09:43:13.988 [FXGL Background Thread 3 ] DEBUG Engine               - applicationMode: DEVELOPER
09:43:13.988 [FXGL Background Thread 3 ] DEBUG Engine               - cSSList: [fxgl_dark.css]
09:43:13.988 [FXGL Background Thread 3 ] DEBUG Engine               - collisionDetectionStrategy: BRUTE_FORCE
09:43:13.988 [FXGL Background Thread 3 ] DEBUG Engine               - configClass: Optional[class com.example.flat2d.Misc.Config]
09:43:13.988 [FXGL Background Thread 3 ] DEBUG Engine               - credits: []
09:43:13.988 [FXGL Background Thread 3 ] DEBUG Engine               - defaultCursor: CursorInfo(imageName=fxgl_default_cursor.png, hotspotX=7.0, hotspotY=6.0)
09:43:13.988 [FXGL Background Thread 3 ] DEBUG Engine               - devBBoxColorProperty: ObjectProperty [value: 0xff0000ff]
09:43:13.989 [FXGL Background Thread 3 ] DEBUG Engine               - devEnableDebugCameraProperty: BooleanProperty [value: false]
09:43:13.989 [FXGL Background Thread 3 ] DEBUG Engine               - devSensorColorProperty: ObjectProperty [value: 0xffff00ff]
09:43:13.989 [FXGL Background Thread 3 ] DEBUG Engine               - devShowBBoxProperty: BooleanProperty [value: false]
09:43:13.989 [FXGL Background Thread 3 ] DEBUG Engine               - devShowPositionProperty: BooleanProperty [value: false]
09:43:13.989 [FXGL Background Thread 3 ] DEBUG Engine               - enabledMenuItems: []
09:43:13.989 [FXGL Background Thread 3 ] DEBUG Engine               - engineServices: [class com.almasb.fxgl.app.services.FXGLAssetLoaderService, class com.almasb.fxgl.app.FXGLApplication$GameApplicationService, class com.almasb.fxgl.app.services.FXGLDialogService, class com.almasb.fxgl.app.services.IOTaskExecutorService, class com.almasb.fxgl.io.FileSystemService, class com.almasb.fxgl.localization.LocalizationService, class com.almasb.fxgl.app.services.SystemBundleService, class com.almasb.fxgl.profile.SaveLoadService, class com.almasb.fxgl.ui.FXGLUIFactoryServiceProvider, class com.almasb.fxgl.ui.FXGLDialogFactoryServiceProvider, class com.almasb.fxgl.audio.AudioPlayer, class com.almasb.fxgl.notification.impl.NotificationServiceProvider, class com.almasb.fxgl.achievement.AchievementService, class com.almasb.fxgl.cutscene.CutsceneService, class com.almasb.fxgl.minigames.MiniGameService, class com.almasb.fxgl.net.NetService, class com.almasb.fxgl.app.services.UpdaterService, class com.almasb.fxgl.dev.DevService]
09:43:13.989 [FXGL Background Thread 3 ] DEBUG Engine               - fontGame: Abel-Regular.ttf
09:43:13.989 [FXGL Background Thread 3 ] DEBUG Engine               - fontMono: TerminalLandMono-Regular.otf
09:43:13.989 [FXGL Background Thread 3 ] DEBUG Engine               - fontSizeScaleUI: 1.0
09:43:13.989 [FXGL Background Thread 3 ] DEBUG Engine               - fontText: Courier-Prime.ttf
09:43:13.990 [FXGL Background Thread 3 ] DEBUG Engine               - fontUI: VarelaRound-Regular.ttf
09:43:13.990 [FXGL Background Thread 3 ] DEBUG Engine               - fullScreen: BooleanProperty [value: false]
09:43:13.990 [FXGL Background Thread 3 ] DEBUG Engine               - gameDifficulty: MEDIUM
09:43:13.990 [FXGL Background Thread 3 ] DEBUG Engine               - gameDifficultyProperty: ObjectProperty [value: MEDIUM]
09:43:13.990 [FXGL Background Thread 3 ] DEBUG Engine               - globalMusicVolume: 0.5
09:43:13.990 [FXGL Background Thread 3 ] DEBUG Engine               - globalMusicVolumeProperty: DoubleProperty [value: 0.5]
09:43:13.990 [FXGL Background Thread 3 ] DEBUG Engine               - globalSoundVolume: 0.5
09:43:13.990 [FXGL Background Thread 3 ] DEBUG Engine               - globalSoundVolumeProperty: DoubleProperty [value: 0.25]
09:43:13.990 [FXGL Background Thread 3 ] DEBUG Engine               - height: 720
09:43:13.990 [FXGL Background Thread 3 ] DEBUG Engine               - is3D: false
09:43:13.990 [FXGL Background Thread 3 ] DEBUG Engine               - isAndroid: false
09:43:13.990 [FXGL Background Thread 3 ] DEBUG Engine               - isBrowser: false
09:43:13.990 [FXGL Background Thread 3 ] DEBUG Engine               - isClickFeedbackEnabled: false
09:43:13.990 [FXGL Background Thread 3 ] DEBUG Engine               - isCloseConfirmation: false
09:43:13.990 [FXGL Background Thread 3 ] DEBUG Engine               - isDesktop: true
09:43:13.991 [FXGL Background Thread 3 ] DEBUG Engine               - isDeveloperMenuEnabled: true
09:43:13.991 [FXGL Background Thread 3 ] DEBUG Engine               - isEmbedded: false
09:43:13.991 [FXGL Background Thread 3 ] DEBUG Engine               - isEntityPreloadEnabled: true
09:43:13.991 [FXGL Background Thread 3 ] DEBUG Engine               - isExperimentalTiledLargeMap: false
09:43:13.991 [FXGL Background Thread 3 ] DEBUG Engine               - isFileSystemWriteAllowed: true
09:43:13.991 [FXGL Background Thread 3 ] DEBUG Engine               - isFullScreenAllowed: false
09:43:13.991 [FXGL Background Thread 3 ] DEBUG Engine               - isFullScreenFromStart: false
09:43:13.991 [FXGL Background Thread 3 ] DEBUG Engine               - isGameMenuEnabled: true
09:43:13.991 [FXGL Background Thread 3 ] DEBUG Engine               - isIOS: false
09:43:13.991 [FXGL Background Thread 3 ] DEBUG Engine               - isIntroEnabled: false
09:43:13.991 [FXGL Background Thread 3 ] DEBUG Engine               - isLinux: false
09:43:13.991 [FXGL Background Thread 3 ] DEBUG Engine               - isMac: false
09:43:13.991 [FXGL Background Thread 3 ] DEBUG Engine               - isMainMenuEnabled: true
09:43:13.991 [FXGL Background Thread 3 ] DEBUG Engine               - isManualResizeEnabled: false
09:43:13.992 [FXGL Background Thread 3 ] DEBUG Engine               - isMobile: false
09:43:13.992 [FXGL Background Thread 3 ] DEBUG Engine               - isNative: false
09:43:13.992 [FXGL Background Thread 3 ] DEBUG Engine               - isPauseMusicWhenMinimized: true
09:43:13.992 [FXGL Background Thread 3 ] DEBUG Engine               - isPreserveResizeRatio: false
09:43:13.992 [FXGL Background Thread 3 ] DEBUG Engine               - isProfilingEnabled: false
09:43:13.992 [FXGL Background Thread 3 ] DEBUG Engine               - isScaleAffectedOnResize: true
09:43:13.992 [FXGL Background Thread 3 ] DEBUG Engine               - isSingleStep: false
09:43:13.992 [FXGL Background Thread 3 ] DEBUG Engine               - isUserProfileEnabled: false
09:43:13.992 [FXGL Background Thread 3 ] DEBUG Engine               - isWindows: true
09:43:13.992 [FXGL Background Thread 3 ] DEBUG Engine               - language: ObjectProperty [value: ENGLISH]
09:43:13.993 [FXGL Background Thread 3 ] DEBUG Engine               - menuKey: ESCAPE
09:43:13.993 [FXGL Background Thread 3 ] DEBUG Engine               - mouseSensitivity: 0.2
09:43:13.993 [FXGL Background Thread 3 ] DEBUG Engine               - notificationViewClass: class com.almasb.fxgl.notification.view.XboxNotificationView
09:43:13.993 [FXGL Background Thread 3 ] DEBUG Engine               - pixelsPerMeter: 50.0
09:43:13.993 [FXGL Background Thread 3 ] DEBUG Engine               - platform: WINDOWS
09:43:13.993 [FXGL Background Thread 3 ] DEBUG Engine               - prefHeightProperty: ReadOnlyDoubleProperty [value: 720.0]
09:43:13.993 [FXGL Background Thread 3 ] DEBUG Engine               - prefWidthProperty: ReadOnlyDoubleProperty [value: 720.0]
09:43:13.993 [FXGL Background Thread 3 ] DEBUG Engine               - profileDir: profiles/
09:43:13.993 [FXGL Background Thread 3 ] DEBUG Engine               - profileName: StringProperty [value: DEFAULT]
09:43:13.994 [FXGL Background Thread 3 ] DEBUG Engine               - randomSeed: -1
09:43:13.994 [FXGL Background Thread 3 ] DEBUG Engine               - runtimeInfo: RuntimeInfo(platform=WINDOWS, version=17.3, build=30.03.2023 11.49)
09:43:13.994 [FXGL Background Thread 3 ] DEBUG Engine               - saveFileExt: sav
09:43:13.994 [FXGL Background Thread 3 ] DEBUG Engine               - scaledHeightProp$fxgl: DoubleProperty [bound, value: 720.0]
09:43:13.994 [FXGL Background Thread 3 ] DEBUG Engine               - scaledWidthProp$fxgl: DoubleProperty [bound, value: 720.0]
09:43:13.994 [FXGL Background Thread 3 ] DEBUG Engine               - sceneFactory: com.example.flat2d.GameApp$1@4ab518d5
09:43:13.994 [FXGL Background Thread 3 ] DEBUG Engine               - secondsIn24h: 60
09:43:13.995 [FXGL Background Thread 3 ] DEBUG Engine               - soundMenuBack: menu/back.wav
09:43:13.995 [FXGL Background Thread 3 ] DEBUG Engine               - soundMenuPress: menu/press.wav
09:43:13.995 [FXGL Background Thread 3 ] DEBUG Engine               - soundMenuSelect: menu/select.wav
09:43:13.995 [FXGL Background Thread 3 ] DEBUG Engine               - soundNotification: core/notification.wav
09:43:13.995 [FXGL Background Thread 3 ] DEBUG Engine               - stageStyle: DECORATED
09:43:13.995 [FXGL Background Thread 3 ] DEBUG Engine               - supportedLanguages: [ENGLISH, FRENCH, GERMAN, HUNGARIAN, RUSSIAN]
09:43:13.995 [FXGL Background Thread 3 ] DEBUG Engine               - ticksPerSecond: -1
09:43:13.995 [FXGL Background Thread 3 ] DEBUG Engine               - title: Adventures of Sir Vim Zarado
09:43:13.995 [FXGL Background Thread 3 ] DEBUG Engine               - urlGithub: https://github.com/AlmasB/FXGL
09:43:13.995 [FXGL Background Thread 3 ] DEBUG Engine               - urlLeaderboard: http://fxgl-top.herokuapp.com/
09:43:13.996 [FXGL Background Thread 3 ] DEBUG Engine               - urlPOM: https://raw.githubusercontent.com/AlmasB/FXGL/release/README.md
09:43:13.996 [FXGL Background Thread 3 ] DEBUG Engine               - userAppClass: class com.example.flat2d.GameApp
09:43:13.996 [FXGL Background Thread 3 ] DEBUG Engine               - version: 0.0
09:43:13.996 [FXGL Background Thread 3 ] DEBUG Engine               - versionCheckDays: 7
09:43:13.996 [FXGL Background Thread 3 ] DEBUG Engine               - width: 720
09:43:13.996 [FXGL Background Thread 3 ] DEBUG Engine               - Logging services
09:43:13.996 [FXGL Background Thread 3 ] DEBUG Engine               - class com.almasb.fxgl.app.services.FXGLAssetLoaderService
09:43:13.996 [FXGL Background Thread 3 ] DEBUG Engine               - class com.almasb.fxgl.app.FXGLApplication$GameApplicationService
09:43:13.996 [FXGL Background Thread 3 ] DEBUG Engine               - class com.almasb.fxgl.app.services.FXGLDialogService
09:43:13.996 [FXGL Background Thread 3 ] DEBUG Engine               - class com.almasb.fxgl.app.services.IOTaskExecutorService
09:43:13.997 [FXGL Background Thread 3 ] DEBUG Engine               - class com.almasb.fxgl.io.FileSystemService
09:43:13.997 [FXGL Background Thread 3 ] DEBUG Engine               - class com.almasb.fxgl.localization.LocalizationService
09:43:13.997 [FXGL Background Thread 3 ] DEBUG Engine               - class com.almasb.fxgl.app.services.SystemBundleService
09:43:13.997 [FXGL Background Thread 3 ] DEBUG Engine               - class com.almasb.fxgl.profile.SaveLoadService
09:43:13.997 [FXGL Background Thread 3 ] DEBUG Engine               - class com.almasb.fxgl.ui.FXGLUIFactoryServiceProvider
09:43:13.997 [FXGL Background Thread 3 ] DEBUG Engine               - class com.almasb.fxgl.ui.FXGLDialogFactoryServiceProvider
09:43:13.997 [FXGL Background Thread 3 ] DEBUG Engine               - class com.almasb.fxgl.audio.AudioPlayer
09:43:13.997 [FXGL Background Thread 3 ] DEBUG Engine               - class com.almasb.fxgl.notification.impl.NotificationServiceProvider
09:43:13.997 [FXGL Background Thread 3 ] DEBUG Engine               - class com.almasb.fxgl.achievement.AchievementService
09:43:13.997 [FXGL Background Thread 3 ] DEBUG Engine               - class com.almasb.fxgl.cutscene.CutsceneService
09:43:13.997 [FXGL Background Thread 3 ] DEBUG Engine               - class com.almasb.fxgl.minigames.MiniGameService
09:43:13.997 [FXGL Background Thread 3 ] DEBUG Engine               - class com.almasb.fxgl.net.NetService
09:43:13.998 [FXGL Background Thread 3 ] DEBUG Engine               - class com.almasb.fxgl.app.services.UpdaterService
09:43:13.998 [FXGL Background Thread 3 ] DEBUG Engine               - class com.almasb.fxgl.dev.DevService
09:43:14.954 [JavaFX Application Thread] DEBUG AudioPlayer          - Stopping music com.almasb.fxgl.audio.Music@108ecc7a
09:43:14.957 [JavaFX Application Thread] DEBUG FXGLAssetLoaderServi - Loading from file system: file:/C:/Users/USER/IdeaProjects/CSIT228-F3-Finals/target/classes/assets/music/game-music.mp3
09:43:14.960 [JavaFX Application Thread] DEBUG AudioPlayer          - Playing music com.almasb.fxgl.audio.Music@4450636a
09:43:14.960 [JavaFX Application Thread] DEBUG Menu                 - fireNewGame()
09:43:14.960 [JavaFX Application Thread] DEBUG GameApplicationServi - Starting new game
09:43:14.960 [JavaFX Application Thread] DEBUG PrimaryStageWindow   - Pop state: GameMainMenu
09:43:14.960 [JavaFX Application Thread] DEBUG Input                - Clearing active input actions
09:43:14.961 [JavaFX Application Thread] DEBUG GameApplicationServi - Removing overlay from GameMainMenu and adding to FXGLMainMenuDummyScene
09:43:14.965 [JavaFX Application Thread] DEBUG PrimaryStageWindow   - FXGLMainMenuDummyScene <- GameMainMenu
09:43:14.965 [JavaFX Application Thread] DEBUG Input                - Clearing active input actions
09:43:14.977 [JavaFX Application Thread] DEBUG GameApplicationServi - Removing overlay from FXGLMainMenuDummyScene and adding to FXGLLoadingScene
09:43:14.978 [JavaFX Application Thread] DEBUG PrimaryStageWindow   - FXGLMainMenuDummyScene -> FXGLLoadingScene
09:43:14.978 [JavaFX Application Thread] DEBUG GameApplicationServi - Clearing previous game
09:43:14.978 [JavaFX Application Thread] DEBUG GameScene            - Clearing game scene
09:43:14.978 [JavaFX Application Thread] DEBUG GameWorld            - Clearing game world
09:43:14.978 [JavaFX Application Thread] DEBUG PhysicsWorld         - Clearing physics world
09:43:14.980 [FXGL Background Thread 2 ] DEBUG FXGLApplication      - Initializing game
09:43:15.050 [FXGL Background Thread 2 ] WARN  TMXLevelLoader       - TiledMap generated from 1.10.2. Supported version: 1.9.0. Some features may not be parsed fully.
09:43:15.105 [FXGL Background Thread 2 ] DEBUG TMXLevelLoader       - Parsed TiledMap: file:/C:/Users/USER/IdeaProjects/CSIT228-F3-Finals/target/classes/assets/levels/tmx/2DGameTiledMap.tmx
09:43:15.106 [FXGL Background Thread 2 ] DEBUG TMXLevelLoader       - Creating tile layer entities
09:43:15.108 [FXGL Background Thread 2 ] DEBUG TilesetLoader        - Loading view for layer floor
09:43:15.111 [FXGL Background Thread 2 ] DEBUG TilesetLoader        - Created buffer with size 2304.0x2304.0
09:43:15.257 [FXGL Background Thread 2 ] DEBUG TilesetLoader        - Loading view for layer stuff
09:43:15.261 [FXGL Background Thread 2 ] DEBUG TilesetLoader        - Created buffer with size 2304.0x2304.0
09:43:15.274 [FXGL Background Thread 2 ] DEBUG TilesetLoader        - Loading view for layer decor
09:43:15.288 [FXGL Background Thread 2 ] DEBUG TilesetLoader        - Created buffer with size 2304.0x2304.0
09:43:15.301 [FXGL Background Thread 2 ] DEBUG TilesetLoader        - Loading view for layer more
09:43:15.314 [FXGL Background Thread 2 ] DEBUG TilesetLoader        - Created buffer with size 2304.0x2304.0
09:43:15.317 [FXGL Background Thread 2 ] DEBUG TMXLevelLoader       - Creating object layer entities
09:43:15.363 [FXGL Background Thread 2 ] DEBUG FXGLAssetLoaderServi - Loading from file system: file:/C:/Users/USER/IdeaProjects/CSIT228-F3-Finals/target/classes/assets/textures/background/torch.gif
09:43:15.425 [FXGL Background Thread 2 ] DEBUG FXGLAssetLoaderServi - Loading from file system: file:/C:/Users/USER/IdeaProjects/CSIT228-F3-Finals/target/classes/assets/textures/background/eyes-hole.gif
09:43:15.503 [FXGL Background Thread 2 ] DEBUG GameWorld            - Clearing removable entities
09:43:15.503 [FXGL Background Thread 2 ] DEBUG GameWorld            - Setting level: com.almasb.fxgl.entity.level.Level@3fd0f66e
09:43:15.511 [FXGL Background Thread 2 ] DEBUG FXGLAssetLoaderServi - Loading from file system: file:/C:/Users/USER/IdeaProjects/CSIT228-F3-Finals/target/classes/assets/textures/player/lecatmoves.png
09:43:15.512 [FXGL Background Thread 2 ] DEBUG FXGLAssetLoaderServi - Loading from file system: file:/C:/Users/USER/IdeaProjects/CSIT228-F3-Finals/target/classes/assets/textures/player/CatOne.png
09:43:15.513 [FXGL Background Thread 2 ] DEBUG FXGLAssetLoaderServi - Loading from file system: file:/C:/Users/USER/IdeaProjects/CSIT228-F3-Finals/target/classes/assets/textures/player/CatThree.png
09:43:15.515 [FXGL Background Thread 2 ] DEBUG FXGLAssetLoaderServi - Loading from file system: file:/C:/Users/USER/IdeaProjects/CSIT228-F3-Finals/target/classes/assets/textures/player/CatFour.png
09:43:15.541 [FXGL Background Thread 2 ] INFO  FXGLApplication      - Game initialization took: 0.561 sec
09:43:15.542 [JavaFX Application Thread] DEBUG Input                - Clearing active input actions
09:43:15.551 [JavaFX Application Thread] DEBUG GameApplicationServi - Removing overlay from FXGLLoadingScene and adding to GameScene
09:43:15.558 [JavaFX Application Thread] DEBUG PrimaryStageWindow   - FXGLLoadingScene -> GameScene
09:43:16.637 [JavaFX Application Thread] DEBUG FXGLAssetLoaderServi - Loading from file system: file:/C:/Users/USER/IdeaProjects/CSIT228-F3-Finals/target/classes/assets/textures/skill/spr_bullet_strip.png
09:43:17.588 [JavaFX Application Thread] DEBUG PrimaryStageWindow   - Push state: FXGLDefaultMenu
09:43:17.590 [JavaFX Application Thread] DEBUG Input                - Clearing active input actions
09:43:17.591 [JavaFX Application Thread] DEBUG GameApplicationServi - Removing overlay from GameScene and adding to FXGLDefaultMenu
09:43:17.592 [JavaFX Application Thread] DEBUG PrimaryStageWindow   - GameScene -> FXGLDefaultMenu
09:43:18.718 [JavaFX Application Thread] DEBUG PrimaryStageWindow   - Pop state: FXGLDefaultMenu
09:43:18.718 [JavaFX Application Thread] DEBUG Input                - Clearing active input actions
09:43:18.719 [JavaFX Application Thread] DEBUG GameApplicationServi - Removing overlay from FXGLDefaultMenu and adding to GameScene
09:43:18.720 [JavaFX Application Thread] DEBUG PrimaryStageWindow   - GameScene <- FXGLDefaultMenu
09:43:18.872 [JavaFX Application Thread] DEBUG FXGLAssetLoaderServi - Loading from file system: file:/C:/Users/USER/IdeaProjects/CSIT228-F3-Finals/target/classes/assets/textures/skill/Hode-Normal.png
09:43:29.875 [JavaFX Application Thread] DEBUG PrimaryStageWindow   - Push state: FXGLDefaultMenu
09:43:29.875 [JavaFX Application Thread] DEBUG Input                - Clearing active input actions
09:43:29.875 [JavaFX Application Thread] DEBUG GameApplicationServi - Removing overlay from GameScene and adding to FXGLDefaultMenu
09:43:29.877 [JavaFX Application Thread] DEBUG PrimaryStageWindow   - GameScene -> FXGLDefaultMenu
09:43:31.786 [JavaFX Application Thread] DEBUG FXGLApplication      - Exiting FXGL
09:43:31.786 [JavaFX Application Thread] DEBUG LoopRunner           - Stopping loop
09:43:31.786 [JavaFX Application Thread] DEBUG SystemBundleService  - Saving FXGL system data
09:43:31.788 [JavaFX Application Thread] DEBUG FileSystemAccess     - Writing to: C:\Users\USER\IdeaProjects\CSIT228-F3-Finals\system\fxgl.bundle
09:43:31.791 [JavaFX Application Thread] DEBUG Async                - Shutting down background threads
09:43:31.791 [JavaFX Application Thread] DEBUG PrimaryStageWindow   - Closing main window
09:43:31.804 [JavaFX Application Thread] DEBUG Logger               - Closing Logger
