17:20:26.019 [main                     ] DEBUG Logger               - Configured Logger
17:20:26.047 [main                     ] DEBUG GameApplication      - Logging settings
Title: Adventures of Sir Vim Zarado
Version: 0.0
Width: 720
Height: 720
Fullscreen: false
Intro: false
Profiling: false
Single step:false
App Mode: DEVELOPER
Menu Key: ESCAPE
Stage Style: DECORATED
Scene Factory: class com.example.flat2d.GameApp$1

17:20:26.425 [JavaFX Application Thread] DEBUG FXGLApplication      - Initializing FXGL
17:20:26.430 [JavaFX Application Thread] INFO  Engine               - FXGL-17.3 (30.03.2023 11.49) on WINDOWS (J:21 FX:21)
17:20:26.431 [JavaFX Application Thread] DEBUG Engine               - JRE Vendor Name: Oracle Corporation
17:20:26.431 [JavaFX Application Thread] DEBUG Engine               - Running on OS: Windows 10 version 10.0
17:20:26.432 [JavaFX Application Thread] DEBUG Engine               - Architecture: amd64
17:20:26.432 [JavaFX Application Thread] INFO  Engine               - Source code and latest versions at: https://github.com/AlmasB/FXGL
17:20:26.432 [JavaFX Application Thread] INFO  Engine               -       Ask questions and discuss at: https://github.com/AlmasB/FXGL/discussions
17:20:26.432 [JavaFX Application Thread] INFO  Engine               -              Join the FXGL chat at: https://gitter.im/AlmasB/FXGL
17:20:26.556 [JavaFX Application Thread] DEBUG PrimaryStageWindow   - Creating a JavaFX scene
17:20:26.614 [JavaFX Application Thread] DEBUG PrimaryStageWindow   - Target settings size: 720.0 x 720.0
17:20:26.614 [JavaFX Application Thread] DEBUG PrimaryStageWindow   - Scaled scene size:    720.0 x 720.0
17:20:26.615 [JavaFX Application Thread] DEBUG PrimaryStageWindow   - Scaled ratio: (1.0, 1.0)
17:20:26.616 [JavaFX Application Thread] DEBUG PrimaryStageWindow   - Set initial scene to FXGLStartupScene
17:20:26.620 [JavaFX Application Thread] DEBUG PrimaryStageWindow   - Opening main window
17:20:26.711 [JavaFX Application Thread] DEBUG PrimaryStageWindow   - Window border size: (16.0, 39.0)
17:20:26.711 [JavaFX Application Thread] DEBUG PrimaryStageWindow   - Scaled size: 720.0 x 720.0
17:20:26.712 [JavaFX Application Thread] DEBUG PrimaryStageWindow   - Scaled ratio: (1.0, 1.0)
17:20:26.712 [JavaFX Application Thread] DEBUG PrimaryStageWindow   - Scene size: 720.0 x 720.0
17:20:26.712 [JavaFX Application Thread] DEBUG PrimaryStageWindow   - Stage size: 736.0 x 759.0
17:20:26.723 [FXGL Background Thread 1 ] DEBUG Engine               - Initializing environment variables
17:20:26.798 [FXGL Background Thread 1 ] DEBUG FXGLAssetLoaderServi - User app class for loading assets: class com.example.flat2d.GameApp
17:20:26.798 [FXGL Background Thread 1 ] DEBUG GameApplicationServi - Applying CSS: fxgl_dark.css
17:20:26.800 [FXGL Background Thread 1 ] DEBUG FXGLAssetLoaderServi - Loading from file system: jar:file:///C:/Users/USER/.m2/repository/com/github/almasb/fxgl/17.3/fxgl-17.3.jar!/fxglassets/ui/css/fxgl_dark.css
17:20:26.865 [FXGL Background Thread 1 ] DEBUG GameApplicationServi - Initializing application scenes
17:20:26.956 [FXGL Background Thread 1 ] DEBUG GameWorld            - Game world initialized
17:20:27.032 [FXGL Background Thread 1 ] DEBUG PhysicsWorld         - Physics world initialized: appHeight=720, physics.ppm=50.0
17:20:27.032 [FXGL Background Thread 1 ] DEBUG PhysicsWorld         - Using strategy: BRUTE_FORCE
17:20:27.037 [FXGL Background Thread 1 ] DEBUG GameScene            - Game scene initialized: 720x720
17:20:27.040 [FXGL Background Thread 1 ] DEBUG FXGLAssetLoaderServi - Loading from file system: file:/C:/Users/USER/IdeaProjects/CSIT228-F3-Finals/target/classes/assets/textures/background/backg.jpg
17:20:27.092 [FXGL Background Thread 1 ] DEBUG FXGLAssetLoaderServi - Loading from file system: file:/C:/Users/USER/IdeaProjects/CSIT228-F3-Finals/target/classes/assets/textures/profile-pic.jpg
17:20:27.107 [FXGL Background Thread 1 ] WARN  FXGL.DefaultMenu     - FXGLDefaultMenu is not designed for resolutions < 800x600
17:20:27.107 [FXGL Background Thread 1 ] DEBUG FXGL.DefaultMenu     - createMenuBodyGameMenu()
17:20:27.123 [FXGL Background Thread 1 ] DEBUG FXGL.DefaultMenu     - createOptionsMenu()
17:20:27.131 [FXGL Background Thread 1 ] DEBUG FXGLAssetLoaderServi - Loading from file system: jar:file:///C:/Users/USER/.m2/repository/com/github/almasb/fxgl/17.3/fxgl-17.3.jar!/fxglassets/textures/particles/smoke.png
17:20:27.233 [FXGL Background Thread 1 ] DEBUG FXGLAssetLoaderServi - Loading from file system: jar:file:///C:/Users/USER/.m2/repository/com/github/almasb/fxgl/17.3/fxgl-17.3.jar!/fxglassets/textures/particles/trace_horizontal.png
17:20:27.271 [FXGL Background Thread 1 ] DEBUG GameApplicationServi - Application scenes initialized
17:20:27.287 [FXGL Background Thread 1 ] DEBUG SystemBundleService  - Loading FXGL system data
17:20:27.292 [FXGL Background Thread 1 ] DEBUG FileSystemAccess     - Reading from: C:\Users\USER\IdeaProjects\CSIT228-F3-Finals\system\fxgl.bundle
17:20:27.304 [FXGL Background Thread 1 ] DEBUG SystemBundleService  - Bundle FXGL: {}
17:20:27.304 [FXGL Background Thread 1 ] DEBUG UpdaterService       - Checking for updates
17:20:27.342 [FXGL Background Thread 1 ] DEBUG FXGLApplication      - Loading default localization
17:20:27.343 [FXGL Background Thread 1 ] DEBUG FXGLAssetLoaderServi - Loading from file system: jar:file:///C:/Users/USER/.m2/repository/com/github/almasb/fxgl/17.3/fxgl-17.3.jar!/fxglassets/languages/english.lang
17:20:27.368 [FXGL Background Thread 1 ] INFO  FXGLApplication      - FXGL initialization took: 0.644 sec
17:20:27.376 [FXGL Background Thread 4 ] DEBUG FXGLApplication      - Loading fonts
17:20:27.377 [FXGL Background Thread 4 ] DEBUG FXGLAssetLoaderServi - Loading from file system: jar:file:///C:/Users/USER/.m2/repository/com/github/almasb/fxgl/17.3/fxgl-17.3.jar!/fxglassets/ui/fonts/VarelaRound-Regular.ttf
17:20:27.379 [JavaFX Application Thread] DEBUG Input                - Registered new binding: Up - W
17:20:27.379 [JavaFX Application Thread] DEBUG Input                - Registered new binding: Right - D
17:20:27.379 [JavaFX Application Thread] DEBUG Input                - Registered new binding: Left - A
17:20:27.379 [JavaFX Application Thread] DEBUG Input                - Registered new binding: Down - S
17:20:27.380 [JavaFX Application Thread] DEBUG Input                - Registered new binding: IDK - RMB
17:20:27.381 [JavaFX Application Thread] DEBUG FXGLAssetLoaderServi - Loading from file system: file:/C:/Users/USER/IdeaProjects/CSIT228-F3-Finals/target/classes/assets/music/opening.mp3
17:20:27.435 [FXGL Background Thread 4 ] DEBUG FXGLAssetLoaderServi - Loading from file system: jar:file:///C:/Users/USER/.m2/repository/com/github/almasb/fxgl/17.3/fxgl-17.3.jar!/fxglassets/ui/fonts/Abel-Regular.ttf
17:20:27.448 [FXGL Background Thread 4 ] DEBUG FXGLAssetLoaderServi - Loading from file system: jar:file:///C:/Users/USER/.m2/repository/com/github/almasb/fxgl/17.3/fxgl-17.3.jar!/fxglassets/ui/fonts/TerminalLandMono-Regular.otf
17:20:27.466 [FXGL Background Thread 4 ] DEBUG FXGLAssetLoaderServi - Loading from file system: jar:file:///C:/Users/USER/.m2/repository/com/github/almasb/fxgl/17.3/fxgl-17.3.jar!/fxglassets/ui/fonts/Courier-Prime.ttf
17:20:27.563 [JavaFX Application Thread] DEBUG AudioPlayer          - Playing music com.almasb.fxgl.audio.Music@55d490a2
17:20:27.564 [JavaFX Application Thread] DEBUG FXGLAssetLoaderServi - Loading from file system: jar:file:///C:/Users/USER/.m2/repository/com/github/almasb/fxgl/17.3/fxgl-17.3.jar!/fxglassets/textures/fxgl_icon.png
17:20:27.588 [JavaFX Application Thread] DEBUG FXGLAssetLoaderServi - Loading from file system: jar:file:///C:/Users/USER/.m2/repository/com/github/almasb/fxgl/17.3/fxgl-17.3.jar!/fxglassets/textures/fxgl_default_cursor.png
17:20:27.591 [JavaFX Application Thread] DEBUG Input                - Registered new binding: Screenshot - CTRL+8
17:20:27.591 [JavaFX Application Thread] DEBUG Input                - Registered new binding: Dev Options - 1
17:20:27.592 [JavaFX Application Thread] DEBUG Input                - Registered new binding: Dev Console - 2
17:20:27.592 [JavaFX Application Thread] DEBUG Input                - Registered new binding: System info dump - CTRL+9
17:20:27.594 [JavaFX Application Thread] DEBUG Input                - Registered new binding: Restart - CTRL+R
17:20:27.595 [JavaFX Application Thread] DEBUG Input                - Registered new binding: Toggle Debug Camera - CTRL+7
17:20:27.601 [JavaFX Application Thread] DEBUG LoopRunner           - Starting loop
17:20:27.609 [JavaFX Application Thread] DEBUG LoopRunner           - Initializing JavaFX AnimationTimerLoop
17:20:27.612 [JavaFX Application Thread] DEBUG Input                - Clearing active input actions
17:20:27.628 [JavaFX Application Thread] DEBUG GameApplicationServi - Removing overlay from FXGLStartupScene and adding to FXGLMainMenuDummyScene
17:20:27.632 [JavaFX Application Thread] DEBUG PrimaryStageWindow   - FXGLStartupScene -> FXGLMainMenuDummyScene
17:20:27.632 [JavaFX Application Thread] DEBUG PrimaryStageWindow   - Push state: GameMainMenu
17:20:27.633 [JavaFX Application Thread] DEBUG Input                - Clearing active input actions
17:20:27.640 [JavaFX Application Thread] DEBUG GameApplicationServi - Removing overlay from FXGLMainMenuDummyScene and adding to GameMainMenu
17:20:27.641 [JavaFX Application Thread] DEBUG PrimaryStageWindow   - FXGLMainMenuDummyScene -> GameMainMenu
17:20:27.641 [JavaFX Application Thread] DEBUG FXGLApplication      - Registering font factories with UI factory
17:20:28.679 [FXGL Background Thread 2 ] INFO  UpdaterService       - Your current version:  17.3
17:20:28.679 [FXGL Background Thread 2 ] INFO  UpdaterService       - Latest stable version: 21.1
17:20:30.339 [FXGL Background Thread 3 ] DEBUG Engine               - Logging environment variables
17:20:30.340 [FXGL Background Thread 3 ] DEBUG Engine               - achievements: []
17:20:30.340 [FXGL Background Thread 3 ] DEBUG Engine               - actualHeight: 720.0
17:20:30.340 [FXGL Background Thread 3 ] DEBUG Engine               - actualHeightProperty: ReadOnlyDoubleProperty [value: 720.0]
17:20:30.340 [FXGL Background Thread 3 ] DEBUG Engine               - actualWidth: 720.0
17:20:30.340 [FXGL Background Thread 3 ] DEBUG Engine               - actualWidthProperty: ReadOnlyDoubleProperty [value: 720.0]
17:20:30.340 [FXGL Background Thread 3 ] DEBUG Engine               - appIcon: fxgl_icon.png
17:20:30.340 [FXGL Background Thread 3 ] DEBUG Engine               - applicationMode: DEVELOPER
17:20:30.340 [FXGL Background Thread 3 ] DEBUG Engine               - cSSList: [fxgl_dark.css]
17:20:30.341 [FXGL Background Thread 3 ] DEBUG Engine               - collisionDetectionStrategy: BRUTE_FORCE
17:20:30.341 [FXGL Background Thread 3 ] DEBUG Engine               - configClass: Optional.empty
17:20:30.341 [FXGL Background Thread 3 ] DEBUG Engine               - credits: []
17:20:30.341 [FXGL Background Thread 3 ] DEBUG Engine               - defaultCursor: CursorInfo(imageName=fxgl_default_cursor.png, hotspotX=7.0, hotspotY=6.0)
17:20:30.341 [FXGL Background Thread 3 ] DEBUG Engine               - devBBoxColorProperty: ObjectProperty [value: 0xff0000ff]
17:20:30.341 [FXGL Background Thread 3 ] DEBUG Engine               - devEnableDebugCameraProperty: BooleanProperty [value: false]
17:20:30.341 [FXGL Background Thread 3 ] DEBUG Engine               - devSensorColorProperty: ObjectProperty [value: 0xffff00ff]
17:20:30.341 [FXGL Background Thread 3 ] DEBUG Engine               - devShowBBoxProperty: BooleanProperty [value: false]
17:20:30.342 [FXGL Background Thread 3 ] DEBUG Engine               - devShowPositionProperty: BooleanProperty [value: false]
17:20:30.342 [FXGL Background Thread 3 ] DEBUG Engine               - enabledMenuItems: []
17:20:30.342 [FXGL Background Thread 3 ] DEBUG Engine               - engineServices: [class com.almasb.fxgl.app.services.FXGLAssetLoaderService, class com.almasb.fxgl.app.FXGLApplication$GameApplicationService, class com.almasb.fxgl.app.services.FXGLDialogService, class com.almasb.fxgl.app.services.IOTaskExecutorService, class com.almasb.fxgl.io.FileSystemService, class com.almasb.fxgl.localization.LocalizationService, class com.almasb.fxgl.app.services.SystemBundleService, class com.almasb.fxgl.profile.SaveLoadService, class com.almasb.fxgl.ui.FXGLUIFactoryServiceProvider, class com.almasb.fxgl.ui.FXGLDialogFactoryServiceProvider, class com.almasb.fxgl.audio.AudioPlayer, class com.almasb.fxgl.notification.impl.NotificationServiceProvider, class com.almasb.fxgl.achievement.AchievementService, class com.almasb.fxgl.cutscene.CutsceneService, class com.almasb.fxgl.minigames.MiniGameService, class com.almasb.fxgl.net.NetService, class com.almasb.fxgl.app.services.UpdaterService, class com.almasb.fxgl.dev.DevService]
17:20:30.342 [FXGL Background Thread 3 ] DEBUG Engine               - fontGame: Abel-Regular.ttf
17:20:30.342 [FXGL Background Thread 3 ] DEBUG Engine               - fontMono: TerminalLandMono-Regular.otf
17:20:30.342 [FXGL Background Thread 3 ] DEBUG Engine               - fontSizeScaleUI: 1.0
17:20:30.342 [FXGL Background Thread 3 ] DEBUG Engine               - fontText: Courier-Prime.ttf
17:20:30.342 [FXGL Background Thread 3 ] DEBUG Engine               - fontUI: VarelaRound-Regular.ttf
17:20:30.342 [FXGL Background Thread 3 ] DEBUG Engine               - fullScreen: BooleanProperty [value: false]
17:20:30.342 [FXGL Background Thread 3 ] DEBUG Engine               - gameDifficulty: MEDIUM
17:20:30.342 [FXGL Background Thread 3 ] DEBUG Engine               - gameDifficultyProperty: ObjectProperty [value: MEDIUM]
17:20:30.342 [FXGL Background Thread 3 ] DEBUG Engine               - globalMusicVolume: 0.5
17:20:30.342 [FXGL Background Thread 3 ] DEBUG Engine               - globalMusicVolumeProperty: DoubleProperty [value: 0.5]
17:20:30.342 [FXGL Background Thread 3 ] DEBUG Engine               - globalSoundVolume: 0.5
17:20:30.343 [FXGL Background Thread 3 ] DEBUG Engine               - globalSoundVolumeProperty: DoubleProperty [value: 0.25]
17:20:30.343 [FXGL Background Thread 3 ] DEBUG Engine               - height: 720
17:20:30.343 [FXGL Background Thread 3 ] DEBUG Engine               - is3D: false
17:20:30.343 [FXGL Background Thread 3 ] DEBUG Engine               - isAndroid: false
17:20:30.343 [FXGL Background Thread 3 ] DEBUG Engine               - isBrowser: false
17:20:30.343 [FXGL Background Thread 3 ] DEBUG Engine               - isClickFeedbackEnabled: false
17:20:30.343 [FXGL Background Thread 3 ] DEBUG Engine               - isCloseConfirmation: false
17:20:30.343 [FXGL Background Thread 3 ] DEBUG Engine               - isDesktop: true
17:20:30.343 [FXGL Background Thread 3 ] DEBUG Engine               - isDeveloperMenuEnabled: true
17:20:30.343 [FXGL Background Thread 3 ] DEBUG Engine               - isEmbedded: false
17:20:30.343 [FXGL Background Thread 3 ] DEBUG Engine               - isEntityPreloadEnabled: true
17:20:30.343 [FXGL Background Thread 3 ] DEBUG Engine               - isExperimentalTiledLargeMap: false
17:20:30.343 [FXGL Background Thread 3 ] DEBUG Engine               - isFileSystemWriteAllowed: true
17:20:30.343 [FXGL Background Thread 3 ] DEBUG Engine               - isFullScreenAllowed: false
17:20:30.343 [FXGL Background Thread 3 ] DEBUG Engine               - isFullScreenFromStart: false
17:20:30.343 [FXGL Background Thread 3 ] DEBUG Engine               - isGameMenuEnabled: true
17:20:30.344 [FXGL Background Thread 3 ] DEBUG Engine               - isIOS: false
17:20:30.344 [FXGL Background Thread 3 ] DEBUG Engine               - isIntroEnabled: false
17:20:30.344 [FXGL Background Thread 3 ] DEBUG Engine               - isLinux: false
17:20:30.344 [FXGL Background Thread 3 ] DEBUG Engine               - isMac: false
17:20:30.344 [FXGL Background Thread 3 ] DEBUG Engine               - isMainMenuEnabled: true
17:20:30.344 [FXGL Background Thread 3 ] DEBUG Engine               - isManualResizeEnabled: false
17:20:30.344 [FXGL Background Thread 3 ] DEBUG Engine               - isMobile: false
17:20:30.344 [FXGL Background Thread 3 ] DEBUG Engine               - isNative: false
17:20:30.344 [FXGL Background Thread 3 ] DEBUG Engine               - isPauseMusicWhenMinimized: true
17:20:30.344 [FXGL Background Thread 3 ] DEBUG Engine               - isPreserveResizeRatio: false
17:20:30.344 [FXGL Background Thread 3 ] DEBUG Engine               - isProfilingEnabled: false
17:20:30.344 [FXGL Background Thread 3 ] DEBUG Engine               - isScaleAffectedOnResize: true
17:20:30.344 [FXGL Background Thread 3 ] DEBUG Engine               - isSingleStep: false
17:20:30.345 [FXGL Background Thread 3 ] DEBUG Engine               - isUserProfileEnabled: false
17:20:30.345 [FXGL Background Thread 3 ] DEBUG Engine               - isWindows: true
17:20:30.345 [FXGL Background Thread 3 ] DEBUG Engine               - language: ObjectProperty [value: ENGLISH]
17:20:30.345 [FXGL Background Thread 3 ] DEBUG Engine               - menuKey: ESCAPE
17:20:30.345 [FXGL Background Thread 3 ] DEBUG Engine               - mouseSensitivity: 0.2
17:20:30.345 [FXGL Background Thread 3 ] DEBUG Engine               - notificationViewClass: class com.almasb.fxgl.notification.view.XboxNotificationView
17:20:30.346 [FXGL Background Thread 3 ] DEBUG Engine               - pixelsPerMeter: 50.0
17:20:30.346 [FXGL Background Thread 3 ] DEBUG Engine               - platform: WINDOWS
17:20:30.346 [FXGL Background Thread 3 ] DEBUG Engine               - prefHeightProperty: ReadOnlyDoubleProperty [value: 720.0]
17:20:30.346 [FXGL Background Thread 3 ] DEBUG Engine               - prefWidthProperty: ReadOnlyDoubleProperty [value: 720.0]
17:20:30.346 [FXGL Background Thread 3 ] DEBUG Engine               - profileDir: profiles/
17:20:30.346 [FXGL Background Thread 3 ] DEBUG Engine               - profileName: StringProperty [value: DEFAULT]
17:20:30.346 [FXGL Background Thread 3 ] DEBUG Engine               - randomSeed: -1
17:20:30.346 [FXGL Background Thread 3 ] DEBUG Engine               - runtimeInfo: RuntimeInfo(platform=WINDOWS, version=17.3, build=30.03.2023 11.49)
17:20:30.347 [FXGL Background Thread 3 ] DEBUG Engine               - saveFileExt: sav
17:20:30.347 [FXGL Background Thread 3 ] DEBUG Engine               - scaledHeightProp$fxgl: DoubleProperty [bound, value: 720.0]
17:20:30.347 [FXGL Background Thread 3 ] DEBUG Engine               - scaledWidthProp$fxgl: DoubleProperty [bound, value: 720.0]
17:20:30.347 [FXGL Background Thread 3 ] DEBUG Engine               - sceneFactory: com.example.flat2d.GameApp$1@12e02ea5
17:20:30.347 [FXGL Background Thread 3 ] DEBUG Engine               - secondsIn24h: 60
17:20:30.347 [FXGL Background Thread 3 ] DEBUG Engine               - soundMenuBack: menu/back.wav
17:20:30.347 [FXGL Background Thread 3 ] DEBUG Engine               - soundMenuPress: menu/press.wav
17:20:30.347 [FXGL Background Thread 3 ] DEBUG Engine               - soundMenuSelect: menu/select.wav
17:20:30.347 [FXGL Background Thread 3 ] DEBUG Engine               - soundNotification: core/notification.wav
17:20:30.347 [FXGL Background Thread 3 ] DEBUG Engine               - stageStyle: DECORATED
17:20:30.348 [FXGL Background Thread 3 ] DEBUG Engine               - supportedLanguages: [ENGLISH, FRENCH, GERMAN, HUNGARIAN, RUSSIAN]
17:20:30.348 [FXGL Background Thread 3 ] DEBUG Engine               - ticksPerSecond: -1
17:20:30.348 [FXGL Background Thread 3 ] DEBUG Engine               - title: Adventures of Sir Vim Zarado
17:20:30.348 [FXGL Background Thread 3 ] DEBUG Engine               - urlGithub: https://github.com/AlmasB/FXGL
17:20:30.348 [FXGL Background Thread 3 ] DEBUG Engine               - urlLeaderboard: http://fxgl-top.herokuapp.com/
17:20:30.348 [FXGL Background Thread 3 ] DEBUG Engine               - urlPOM: https://raw.githubusercontent.com/AlmasB/FXGL/release/README.md
17:20:30.348 [FXGL Background Thread 3 ] DEBUG Engine               - userAppClass: class com.example.flat2d.GameApp
17:20:30.348 [FXGL Background Thread 3 ] DEBUG Engine               - version: 0.0
17:20:30.348 [FXGL Background Thread 3 ] DEBUG Engine               - versionCheckDays: 7
17:20:30.348 [FXGL Background Thread 3 ] DEBUG Engine               - width: 720
17:20:30.349 [FXGL Background Thread 3 ] DEBUG Engine               - Logging services
17:20:30.349 [FXGL Background Thread 3 ] DEBUG Engine               - class com.almasb.fxgl.app.services.FXGLAssetLoaderService
17:20:30.349 [FXGL Background Thread 3 ] DEBUG Engine               - class com.almasb.fxgl.app.FXGLApplication$GameApplicationService
17:20:30.349 [FXGL Background Thread 3 ] DEBUG Engine               - class com.almasb.fxgl.app.services.FXGLDialogService
17:20:30.349 [FXGL Background Thread 3 ] DEBUG Engine               - class com.almasb.fxgl.app.services.IOTaskExecutorService
17:20:30.349 [FXGL Background Thread 3 ] DEBUG Engine               - class com.almasb.fxgl.io.FileSystemService
17:20:30.349 [FXGL Background Thread 3 ] DEBUG Engine               - class com.almasb.fxgl.localization.LocalizationService
17:20:30.349 [FXGL Background Thread 3 ] DEBUG Engine               - class com.almasb.fxgl.app.services.SystemBundleService
17:20:30.349 [FXGL Background Thread 3 ] DEBUG Engine               - class com.almasb.fxgl.profile.SaveLoadService
17:20:30.349 [FXGL Background Thread 3 ] DEBUG Engine               - class com.almasb.fxgl.ui.FXGLUIFactoryServiceProvider
17:20:30.349 [FXGL Background Thread 3 ] DEBUG Engine               - class com.almasb.fxgl.ui.FXGLDialogFactoryServiceProvider
17:20:30.349 [FXGL Background Thread 3 ] DEBUG Engine               - class com.almasb.fxgl.audio.AudioPlayer
17:20:30.350 [FXGL Background Thread 3 ] DEBUG Engine               - class com.almasb.fxgl.notification.impl.NotificationServiceProvider
17:20:30.350 [FXGL Background Thread 3 ] DEBUG Engine               - class com.almasb.fxgl.achievement.AchievementService
17:20:30.350 [FXGL Background Thread 3 ] DEBUG Engine               - class com.almasb.fxgl.cutscene.CutsceneService
17:20:30.350 [FXGL Background Thread 3 ] DEBUG Engine               - class com.almasb.fxgl.minigames.MiniGameService
17:20:30.350 [FXGL Background Thread 3 ] DEBUG Engine               - class com.almasb.fxgl.net.NetService
17:20:30.350 [FXGL Background Thread 3 ] DEBUG Engine               - class com.almasb.fxgl.app.services.UpdaterService
17:20:30.350 [FXGL Background Thread 3 ] DEBUG Engine               - class com.almasb.fxgl.dev.DevService
17:20:32.965 [JavaFX Application Thread] DEBUG AudioPlayer          - Stopping music com.almasb.fxgl.audio.Music@55d490a2
17:20:32.967 [JavaFX Application Thread] DEBUG FXGLAssetLoaderServi - Loading from file system: file:/C:/Users/USER/IdeaProjects/CSIT228-F3-Finals/target/classes/assets/music/game-music.mp3
17:20:32.969 [JavaFX Application Thread] DEBUG AudioPlayer          - Playing music com.almasb.fxgl.audio.Music@12304edc
17:20:32.969 [JavaFX Application Thread] DEBUG Menu                 - fireNewGame()
17:20:32.970 [JavaFX Application Thread] DEBUG GameApplicationServi - Starting new game
17:20:32.970 [JavaFX Application Thread] DEBUG PrimaryStageWindow   - Pop state: GameMainMenu
17:20:32.970 [JavaFX Application Thread] DEBUG Input                - Clearing active input actions
17:20:32.971 [JavaFX Application Thread] DEBUG GameApplicationServi - Removing overlay from GameMainMenu and adding to FXGLMainMenuDummyScene
17:20:32.973 [JavaFX Application Thread] DEBUG PrimaryStageWindow   - FXGLMainMenuDummyScene <- GameMainMenu
17:20:32.973 [JavaFX Application Thread] DEBUG Input                - Clearing active input actions
17:20:32.980 [JavaFX Application Thread] DEBUG GameApplicationServi - Removing overlay from FXGLMainMenuDummyScene and adding to FXGLLoadingScene
17:20:32.981 [JavaFX Application Thread] DEBUG PrimaryStageWindow   - FXGLMainMenuDummyScene -> FXGLLoadingScene
17:20:32.981 [JavaFX Application Thread] DEBUG GameApplicationServi - Clearing previous game
17:20:32.981 [JavaFX Application Thread] DEBUG GameScene            - Clearing game scene
17:20:32.981 [JavaFX Application Thread] DEBUG GameWorld            - Clearing game world
17:20:32.981 [JavaFX Application Thread] DEBUG PhysicsWorld         - Clearing physics world
17:20:32.983 [FXGL Background Thread 2 ] DEBUG FXGLApplication      - Initializing game
17:20:33.026 [FXGL Background Thread 2 ] WARN  TMXLevelLoader       - TiledMap generated from 1.10.2. Supported version: 1.9.0. Some features may not be parsed fully.
17:20:33.062 [FXGL Background Thread 2 ] DEBUG TMXLevelLoader       - Parsed TiledMap: file:/C:/Users/USER/IdeaProjects/CSIT228-F3-Finals/target/classes/assets/levels/tmx/2DGameTiledMap.tmx
17:20:33.064 [FXGL Background Thread 2 ] DEBUG TMXLevelLoader       - Creating tile layer entities
17:20:33.069 [FXGL Background Thread 2 ] DEBUG TilesetLoader        - Loading view for layer Floor
17:20:33.079 [FXGL Background Thread 2 ] DEBUG TilesetLoader        - Created buffer with size 2304.0x2304.0
17:20:33.181 [FXGL Background Thread 2 ] DEBUG TilesetLoader        - Loading view for layer Stuff
17:20:33.191 [FXGL Background Thread 2 ] DEBUG TilesetLoader        - Created buffer with size 2304.0x2304.0
17:20:33.201 [FXGL Background Thread 2 ] DEBUG TilesetLoader        - Loading view for layer Decor
17:20:33.214 [FXGL Background Thread 2 ] DEBUG TilesetLoader        - Created buffer with size 2304.0x2304.0
17:20:33.223 [FXGL Background Thread 2 ] DEBUG TilesetLoader        - Loading view for layer More
17:20:33.243 [FXGL Background Thread 2 ] DEBUG TilesetLoader        - Created buffer with size 2304.0x2304.0
17:20:33.245 [FXGL Background Thread 2 ] DEBUG TMXLevelLoader       - Creating object layer entities
17:20:33.274 [FXGL Background Thread 2 ] DEBUG GameWorld            - Clearing removable entities
17:20:33.274 [FXGL Background Thread 2 ] DEBUG GameWorld            - Setting level: com.almasb.fxgl.entity.level.Level@7e3265ac
17:20:33.281 [FXGL Background Thread 2 ] DEBUG FXGLAssetLoaderServi - Loading from file system: file:/C:/Users/USER/IdeaProjects/CSIT228-F3-Finals/target/classes/assets/textures/lecatmoves.png
17:20:33.283 [FXGL Background Thread 2 ] DEBUG FXGLAssetLoaderServi - Loading from file system: file:/C:/Users/USER/IdeaProjects/CSIT228-F3-Finals/target/classes/assets/textures/CatOne.png
17:20:33.285 [FXGL Background Thread 2 ] DEBUG FXGLAssetLoaderServi - Loading from file system: file:/C:/Users/USER/IdeaProjects/CSIT228-F3-Finals/target/classes/assets/textures/CatThree.png
17:20:33.286 [FXGL Background Thread 2 ] DEBUG FXGLAssetLoaderServi - Loading from file system: file:/C:/Users/USER/IdeaProjects/CSIT228-F3-Finals/target/classes/assets/textures/CatFour.png
17:20:33.311 [FXGL Background Thread 2 ] INFO  FXGLApplication      - Game initialization took: 0.328 sec
17:20:33.318 [JavaFX Application Thread] DEBUG Input                - Clearing active input actions
17:20:33.326 [JavaFX Application Thread] DEBUG GameApplicationServi - Removing overlay from FXGLLoadingScene and adding to GameScene
17:20:33.332 [JavaFX Application Thread] DEBUG PrimaryStageWindow   - FXGLLoadingScene -> GameScene
17:20:34.225 [JavaFX Application Thread] DEBUG FXGLAssetLoaderServi - Loading from file system: file:/C:/Users/USER/IdeaProjects/CSIT228-F3-Finals/target/classes/assets/textures/spr_bullet_strip.png
17:20:35.741 [JavaFX Application Thread] DEBUG FXGLAssetLoaderServi - Loading from file system: file:/C:/Users/USER/IdeaProjects/CSIT228-F3-Finals/target/classes/assets/textures/wolf-runing-cycle-skin.png
17:20:37.644 [JavaFX Application Thread] DEBUG LoopRunner           - Stopping loop
17:20:37.646 [JavaFX Application Thread] FATAL FXGLApplication      - Uncaught Exception:
java.lang.IllegalArgumentException: Component HealthIntComponent not found!
	at com.almasb.fxgl.entity@17.3/com.almasb.fxgl.entity.Entity.getComponent(Entity.java:366)
	at FLAT2D.main/com.example.flat2d.collisions.BasicToEnemyCollision.onCollisionBegin(BasicToEnemyCollision.java:41)
	at com.almasb.fxgl.entity@17.3/com.almasb.fxgl.physics.CollisionHandler$1.onCollisionBegin(CollisionHandler.java:92)
	at com.almasb.fxgl.entity@17.3/com.almasb.fxgl.physics.CollisionPair.collisionBegin(CollisionPair.java:37)
	at com.almasb.fxgl.entity@17.3/com.almasb.fxgl.physics.PhysicsWorld.collisionBeginFor(PhysicsWorld.java:453)
	at com.almasb.fxgl.entity@17.3/com.almasb.fxgl.physics.PhysicsWorld.checkCollisionsInGroup(PhysicsWorld.java:405)
	at com.almasb.fxgl.entity@17.3/com.almasb.fxgl.physics.PhysicsWorld.checkCollisions(PhysicsWorld.java:373)
	at com.almasb.fxgl.entity@17.3/com.almasb.fxgl.physics.PhysicsWorld.onUpdate(PhysicsWorld.java:179)
	at com.almasb.fxgl.all@17.3/com.almasb.fxgl.app.scene.GameScene.step(GameScene.kt:229)
	at com.almasb.fxgl.all@17.3/com.almasb.fxgl.app.scene.GameScene.onUpdate(GameScene.kt:224)
	at com.almasb.fxgl.scene@17.3/com.almasb.fxgl.scene.Scene.update(Scene.kt:105)
	at com.almasb.fxgl.all@17.3/com.almasb.fxgl.app.MainWindow$update$1.invoke(MainWindow.kt:115)
	at com.almasb.fxgl.all@17.3/com.almasb.fxgl.app.MainWindow$update$1.invoke(MainWindow.kt:115)
	at com.almasb.fxgl.core@17.3/com.almasb.fxgl.core.fsm.StateMachine.runOnActiveStates(StateMachine.kt:69)
	at com.almasb.fxgl.all@17.3/com.almasb.fxgl.app.MainWindow.update(MainWindow.kt:115)
	at com.almasb.fxgl.all@17.3/com.almasb.fxgl.app.FXGLApplication$GameApplicationService.onUpdate(FXGLApplication.kt:426)
	at com.almasb.fxgl.all@17.3/com.almasb.fxgl.app.Engine.loop(Engine.kt:134)
	at com.almasb.fxgl.all@17.3/com.almasb.fxgl.app.Engine.access$loop(Engine.kt:24)
	at com.almasb.fxgl.all@17.3/com.almasb.fxgl.app.Engine$loop$1.invoke(Engine.kt:28)
	at com.almasb.fxgl.all@17.3/com.almasb.fxgl.app.Engine$loop$1.invoke(Engine.kt:28)
	at com.almasb.fxgl.all@17.3/com.almasb.fxgl.app.LoopRunner.frame(LoopRunner.kt:103)
	at com.almasb.fxgl.all@17.3/com.almasb.fxgl.app.LoopRunner.access$frame(LoopRunner.kt:23)
	at com.almasb.fxgl.all@17.3/com.almasb.fxgl.app.LoopRunner$impl$2$1.onTick(LoopRunner.kt:57)
	at com.almasb.fxgl.all@17.3/com.almasb.fxgl.app.AnimationTimerLoop$timer$1.handle(LoopRunner.kt:137)
	at javafx.graphics@21/javafx.animation.AnimationTimer$AnimationTimerReceiver.lambda$handle$0(AnimationTimer.java:58)
	at java.base/java.security.AccessController.doPrivileged(AccessController.java:400)
	at javafx.graphics@21/javafx.animation.AnimationTimer$AnimationTimerReceiver.handle(AnimationTimer.java:57)
	at javafx.graphics@21/com.sun.scenario.animation.AbstractPrimaryTimer.timePulseImpl(AbstractPrimaryTimer.java:356)
	at javafx.graphics@21/com.sun.scenario.animation.AbstractPrimaryTimer$MainLoop.run(AbstractPrimaryTimer.java:266)
	at javafx.graphics@21/com.sun.javafx.tk.quantum.QuantumToolkit.pulse(QuantumToolkit.java:588)
	at javafx.graphics@21/com.sun.javafx.tk.quantum.QuantumToolkit.pulse(QuantumToolkit.java:572)
	at javafx.graphics@21/com.sun.javafx.tk.quantum.QuantumToolkit.pulseFromQueue(QuantumToolkit.java:565)
	at javafx.graphics@21/com.sun.javafx.tk.quantum.QuantumToolkit.lambda$runToolkit$11(QuantumToolkit.java:352)
	at javafx.graphics@21/com.sun.glass.ui.InvokeLaterDispatcher$Future.run(InvokeLaterDispatcher.java:95)
	at javafx.graphics@21/com.sun.glass.ui.win.WinApplication._runLoop(Native Method)
	at javafx.graphics@21/com.sun.glass.ui.win.WinApplication.lambda$runLoop$3(WinApplication.java:185)
	at java.base/java.lang.Thread.run(Thread.java:1583)

17:20:37.646 [JavaFX Application Thread] FATAL FXGLApplication      - Application will now exit
17:20:37.653 [JavaFX Application Thread] DEBUG PrimaryStageWindow   - Push state: ErrorSubScene
17:20:37.653 [JavaFX Application Thread] DEBUG Input                - Clearing active input actions
17:20:37.654 [JavaFX Application Thread] DEBUG GameApplicationServi - Removing overlay from GameScene and adding to ErrorSubScene
17:20:37.656 [JavaFX Application Thread] DEBUG PrimaryStageWindow   - GameScene -> ErrorSubScene
17:20:42.493 [JavaFX Application Thread] DEBUG FXGLApplication      - Exiting FXGL
17:20:42.493 [JavaFX Application Thread] DEBUG Async                - Shutting down background threads
17:20:42.493 [JavaFX Application Thread] DEBUG PrimaryStageWindow   - Closing main window
17:20:42.504 [JavaFX Application Thread] DEBUG Logger               - Closing Logger
