21:44:02.159 [main                     ] DEBUG Logger               - Configured Logger
21:44:02.202 [main                     ] DEBUG GameApplication      - Logging settings
Title: Adventures of Sir Vim Zarado
Version: 0.0
Width: 720
Height: 720
Fullscreen: false
Intro: false
Profiling: false
Single step:false
App Mode: DEVELOPER
Menu Key: ESCAPE
Stage Style: DECORATED
Scene Factory: class com.example.flat2d.GameApp$1

21:44:03.200 [JavaFX Application Thread] DEBUG FXGLApplication      - Initializing FXGL
21:44:03.212 [JavaFX Application Thread] INFO  Engine               - FXGL-17.3 (30.03.2023 11.49) on WINDOWS (J:21 FX:21)
21:44:03.213 [JavaFX Application Thread] DEBUG Engine               - JRE Vendor Name: Oracle Corporation
21:44:03.214 [JavaFX Application Thread] DEBUG Engine               - Running on OS: Windows 10 version 10.0
21:44:03.214 [JavaFX Application Thread] DEBUG Engine               - Architecture: amd64
21:44:03.214 [JavaFX Application Thread] INFO  Engine               - Source code and latest versions at: https://github.com/AlmasB/FXGL
21:44:03.215 [JavaFX Application Thread] INFO  Engine               -       Ask questions and discuss at: https://github.com/AlmasB/FXGL/discussions
21:44:03.216 [JavaFX Application Thread] INFO  Engine               -              Join the FXGL chat at: https://gitter.im/AlmasB/FXGL
21:44:03.647 [JavaFX Application Thread] DEBUG PrimaryStageWindow   - Creating a JavaFX scene
21:44:03.840 [JavaFX Application Thread] DEBUG PrimaryStageWindow   - Target settings size: 720.0 x 720.0
21:44:03.841 [JavaFX Application Thread] DEBUG PrimaryStageWindow   - Scaled scene size:    720.0 x 720.0
21:44:03.841 [JavaFX Application Thread] DEBUG PrimaryStageWindow   - Scaled ratio: (1.0, 1.0)
21:44:03.844 [JavaFX Application Thread] DEBUG PrimaryStageWindow   - Set initial scene to FXGLStartupScene
21:44:03.853 [JavaFX Application Thread] DEBUG PrimaryStageWindow   - Opening main window
21:44:04.037 [JavaFX Application Thread] DEBUG PrimaryStageWindow   - Window border size: (16.0, 39.0)
21:44:04.037 [JavaFX Application Thread] DEBUG PrimaryStageWindow   - Scaled size: 720.0 x 720.0
21:44:04.038 [JavaFX Application Thread] DEBUG PrimaryStageWindow   - Scaled ratio: (1.0, 1.0)
21:44:04.039 [JavaFX Application Thread] DEBUG PrimaryStageWindow   - Scene size: 720.0 x 720.0
21:44:04.040 [JavaFX Application Thread] DEBUG PrimaryStageWindow   - Stage size: 736.0 x 759.0
21:44:04.071 [FXGL Background Thread 1 ] DEBUG Engine               - Initializing environment variables
21:44:04.253 [FXGL Background Thread 1 ] DEBUG FXGLAssetLoaderServi - User app class for loading assets: class com.example.flat2d.GameApp
21:44:04.254 [FXGL Background Thread 1 ] DEBUG GameApplicationServi - Applying CSS: fxgl_dark.css
21:44:04.255 [FXGL Background Thread 1 ] DEBUG FXGLAssetLoaderServi - Loading from file system: jar:file:///C:/Users/USER/.m2/repository/com/github/almasb/fxgl/17.3/fxgl-17.3.jar!/fxglassets/ui/css/fxgl_dark.css
21:44:04.404 [FXGL Background Thread 1 ] DEBUG GameApplicationServi - Initializing application scenes
21:44:04.616 [FXGL Background Thread 1 ] DEBUG GameWorld            - Game world initialized
21:44:04.815 [FXGL Background Thread 1 ] DEBUG PhysicsWorld         - Physics world initialized: appHeight=720, physics.ppm=50.0
21:44:04.815 [FXGL Background Thread 1 ] DEBUG PhysicsWorld         - Using strategy: BRUTE_FORCE
21:44:04.826 [FXGL Background Thread 1 ] DEBUG GameScene            - Game scene initialized: 720x720
21:44:04.836 [FXGL Background Thread 1 ] DEBUG FXGLAssetLoaderServi - Loading from file system: file:/C:/Users/USER/IdeaProjects/2DGame/target/classes/assets/textures/background/backg.jpg
21:44:05.094 [FXGL Background Thread 1 ] WARN  FXGL.DefaultMenu     - FXGLDefaultMenu is not designed for resolutions < 800x600
21:44:05.094 [FXGL Background Thread 1 ] DEBUG FXGL.DefaultMenu     - createMenuBodyGameMenu()
21:44:05.153 [FXGL Background Thread 1 ] DEBUG FXGL.DefaultMenu     - createOptionsMenu()
21:44:05.180 [FXGL Background Thread 1 ] DEBUG FXGLAssetLoaderServi - Loading from file system: jar:file:///C:/Users/USER/.m2/repository/com/github/almasb/fxgl/17.3/fxgl-17.3.jar!/fxglassets/textures/particles/smoke.png
21:44:05.550 [FXGL Background Thread 1 ] DEBUG FXGLAssetLoaderServi - Loading from file system: jar:file:///C:/Users/USER/.m2/repository/com/github/almasb/fxgl/17.3/fxgl-17.3.jar!/fxglassets/textures/particles/trace_horizontal.png
21:44:05.661 [FXGL Background Thread 1 ] DEBUG GameApplicationServi - Application scenes initialized
21:44:05.720 [FXGL Background Thread 1 ] DEBUG SystemBundleService  - Loading FXGL system data
21:44:05.728 [FXGL Background Thread 1 ] DEBUG FileSystemAccess     - Reading from: C:\Users\USER\IdeaProjects\2DGame\system\fxgl.bundle
21:44:05.751 [FXGL Background Thread 1 ] DEBUG SystemBundleService  - Bundle FXGL: {}
21:44:05.752 [FXGL Background Thread 1 ] DEBUG UpdaterService       - Checking for updates
21:44:05.839 [FXGL Background Thread 4 ] DEBUG FXGLApplication      - Loading fonts
21:44:05.841 [FXGL Background Thread 1 ] DEBUG FXGLApplication      - Loading default localization
21:44:05.841 [FXGL Background Thread 4 ] DEBUG FXGLAssetLoaderServi - Loading from file system: jar:file:///C:/Users/USER/.m2/repository/com/github/almasb/fxgl/17.3/fxgl-17.3.jar!/fxglassets/ui/fonts/VarelaRound-Regular.ttf
21:44:05.843 [FXGL Background Thread 1 ] DEBUG FXGLAssetLoaderServi - Loading from file system: jar:file:///C:/Users/USER/.m2/repository/com/github/almasb/fxgl/17.3/fxgl-17.3.jar!/fxglassets/languages/english.lang
21:44:05.899 [FXGL Background Thread 1 ] INFO  FXGLApplication      - FXGL initialization took: 1.829 sec
21:44:05.919 [JavaFX Application Thread] DEBUG Input                - Registered new binding: Up - W
21:44:05.919 [JavaFX Application Thread] DEBUG Input                - Registered new binding: Right - D
21:44:05.920 [JavaFX Application Thread] DEBUG Input                - Registered new binding: Left - A
21:44:05.920 [JavaFX Application Thread] DEBUG Input                - Registered new binding: Down - S
21:44:05.922 [JavaFX Application Thread] DEBUG Input                - Registered new binding: IDK - RMB
21:44:05.923 [JavaFX Application Thread] DEBUG FXGLAssetLoaderServi - Loading from file system: file:/C:/Users/USER/IdeaProjects/2DGame/target/classes/assets/music/bgm-music.mp3
21:44:05.949 [FXGL Background Thread 4 ] DEBUG FXGLAssetLoaderServi - Loading from file system: jar:file:///C:/Users/USER/.m2/repository/com/github/almasb/fxgl/17.3/fxgl-17.3.jar!/fxglassets/ui/fonts/Abel-Regular.ttf
21:44:05.955 [FXGL Background Thread 4 ] DEBUG FXGLAssetLoaderServi - Loading from file system: jar:file:///C:/Users/USER/.m2/repository/com/github/almasb/fxgl/17.3/fxgl-17.3.jar!/fxglassets/ui/fonts/TerminalLandMono-Regular.otf
21:44:05.962 [FXGL Background Thread 4 ] DEBUG FXGLAssetLoaderServi - Loading from file system: jar:file:///C:/Users/USER/.m2/repository/com/github/almasb/fxgl/17.3/fxgl-17.3.jar!/fxglassets/ui/fonts/Courier-Prime.ttf
21:44:06.255 [JavaFX Application Thread] DEBUG AudioPlayer          - Playing music com.almasb.fxgl.audio.Music@1a3e6a81
21:44:06.256 [JavaFX Application Thread] DEBUG FXGLAssetLoaderServi - Loading from file system: jar:file:///C:/Users/USER/.m2/repository/com/github/almasb/fxgl/17.3/fxgl-17.3.jar!/fxglassets/textures/fxgl_icon.png
21:44:06.306 [JavaFX Application Thread] DEBUG FXGLAssetLoaderServi - Loading from file system: jar:file:///C:/Users/USER/.m2/repository/com/github/almasb/fxgl/17.3/fxgl-17.3.jar!/fxglassets/textures/fxgl_default_cursor.png
21:44:06.311 [JavaFX Application Thread] DEBUG Input                - Registered new binding: Screenshot - CTRL+8
21:44:06.312 [JavaFX Application Thread] DEBUG Input                - Registered new binding: Dev Options - 1
21:44:06.312 [JavaFX Application Thread] DEBUG Input                - Registered new binding: Dev Console - 2
21:44:06.313 [JavaFX Application Thread] DEBUG Input                - Registered new binding: System info dump - CTRL+9
21:44:06.314 [JavaFX Application Thread] DEBUG Input                - Registered new binding: Restart - CTRL+R
21:44:06.315 [JavaFX Application Thread] DEBUG Input                - Registered new binding: Toggle Debug Camera - CTRL+7
21:44:06.321 [JavaFX Application Thread] DEBUG LoopRunner           - Starting loop
21:44:06.333 [JavaFX Application Thread] DEBUG LoopRunner           - Initializing JavaFX AnimationTimerLoop
21:44:06.339 [JavaFX Application Thread] DEBUG Input                - Clearing active input actions
21:44:06.354 [JavaFX Application Thread] DEBUG GameApplicationServi - Removing overlay from FXGLStartupScene and adding to FXGLMainMenuDummyScene
21:44:06.369 [JavaFX Application Thread] DEBUG PrimaryStageWindow   - FXGLStartupScene -> FXGLMainMenuDummyScene
21:44:06.369 [JavaFX Application Thread] DEBUG PrimaryStageWindow   - Push state: GameMainMenu
21:44:06.369 [JavaFX Application Thread] DEBUG Input                - Clearing active input actions
21:44:06.382 [JavaFX Application Thread] DEBUG GameApplicationServi - Removing overlay from FXGLMainMenuDummyScene and adding to GameMainMenu
21:44:06.383 [JavaFX Application Thread] DEBUG PrimaryStageWindow   - FXGLMainMenuDummyScene -> GameMainMenu
21:44:06.384 [JavaFX Application Thread] DEBUG FXGLApplication      - Registering font factories with UI factory
21:44:07.862 [FXGL Background Thread 2 ] INFO  UpdaterService       - Your current version:  17.3
21:44:07.862 [FXGL Background Thread 2 ] INFO  UpdaterService       - Latest stable version: 21.1
21:44:08.828 [FXGL Background Thread 3 ] DEBUG Engine               - Logging environment variables
21:44:08.829 [FXGL Background Thread 3 ] DEBUG Engine               - achievements: []
21:44:08.829 [FXGL Background Thread 3 ] DEBUG Engine               - actualHeight: 720.0
21:44:08.830 [FXGL Background Thread 3 ] DEBUG Engine               - actualHeightProperty: ReadOnlyDoubleProperty [value: 720.0]
21:44:08.830 [FXGL Background Thread 3 ] DEBUG Engine               - actualWidth: 720.0
21:44:08.830 [FXGL Background Thread 3 ] DEBUG Engine               - actualWidthProperty: ReadOnlyDoubleProperty [value: 720.0]
21:44:08.830 [FXGL Background Thread 3 ] DEBUG Engine               - appIcon: fxgl_icon.png
21:44:08.831 [FXGL Background Thread 3 ] DEBUG Engine               - applicationMode: DEVELOPER
21:44:08.831 [FXGL Background Thread 3 ] DEBUG Engine               - cSSList: [fxgl_dark.css]
21:44:08.831 [FXGL Background Thread 3 ] DEBUG Engine               - collisionDetectionStrategy: BRUTE_FORCE
21:44:08.831 [FXGL Background Thread 3 ] DEBUG Engine               - configClass: Optional.empty
21:44:08.831 [FXGL Background Thread 3 ] DEBUG Engine               - credits: []
21:44:08.832 [FXGL Background Thread 3 ] DEBUG Engine               - defaultCursor: CursorInfo(imageName=fxgl_default_cursor.png, hotspotX=7.0, hotspotY=6.0)
21:44:08.833 [FXGL Background Thread 3 ] DEBUG Engine               - devBBoxColorProperty: ObjectProperty [value: 0xff0000ff]
21:44:08.833 [FXGL Background Thread 3 ] DEBUG Engine               - devEnableDebugCameraProperty: BooleanProperty [value: false]
21:44:08.833 [FXGL Background Thread 3 ] DEBUG Engine               - devSensorColorProperty: ObjectProperty [value: 0xffff00ff]
21:44:08.833 [FXGL Background Thread 3 ] DEBUG Engine               - devShowBBoxProperty: BooleanProperty [value: false]
21:44:08.833 [FXGL Background Thread 3 ] DEBUG Engine               - devShowPositionProperty: BooleanProperty [value: false]
21:44:08.833 [FXGL Background Thread 3 ] DEBUG Engine               - enabledMenuItems: []
21:44:08.833 [FXGL Background Thread 3 ] DEBUG Engine               - engineServices: [class com.almasb.fxgl.app.services.FXGLAssetLoaderService, class com.almasb.fxgl.app.FXGLApplication$GameApplicationService, class com.almasb.fxgl.app.services.FXGLDialogService, class com.almasb.fxgl.app.services.IOTaskExecutorService, class com.almasb.fxgl.io.FileSystemService, class com.almasb.fxgl.localization.LocalizationService, class com.almasb.fxgl.app.services.SystemBundleService, class com.almasb.fxgl.profile.SaveLoadService, class com.almasb.fxgl.ui.FXGLUIFactoryServiceProvider, class com.almasb.fxgl.ui.FXGLDialogFactoryServiceProvider, class com.almasb.fxgl.audio.AudioPlayer, class com.almasb.fxgl.notification.impl.NotificationServiceProvider, class com.almasb.fxgl.achievement.AchievementService, class com.almasb.fxgl.cutscene.CutsceneService, class com.almasb.fxgl.minigames.MiniGameService, class com.almasb.fxgl.net.NetService, class com.almasb.fxgl.app.services.UpdaterService, class com.almasb.fxgl.dev.DevService]
21:44:08.833 [FXGL Background Thread 3 ] DEBUG Engine               - fontGame: Abel-Regular.ttf
21:44:08.833 [FXGL Background Thread 3 ] DEBUG Engine               - fontMono: TerminalLandMono-Regular.otf
21:44:08.834 [FXGL Background Thread 3 ] DEBUG Engine               - fontSizeScaleUI: 1.0
21:44:08.834 [FXGL Background Thread 3 ] DEBUG Engine               - fontText: Courier-Prime.ttf
21:44:08.834 [FXGL Background Thread 3 ] DEBUG Engine               - fontUI: VarelaRound-Regular.ttf
21:44:08.835 [FXGL Background Thread 3 ] DEBUG Engine               - fullScreen: BooleanProperty [value: false]
21:44:08.835 [FXGL Background Thread 3 ] DEBUG Engine               - gameDifficulty: MEDIUM
21:44:08.835 [FXGL Background Thread 3 ] DEBUG Engine               - gameDifficultyProperty: ObjectProperty [value: MEDIUM]
21:44:08.835 [FXGL Background Thread 3 ] DEBUG Engine               - globalMusicVolume: 0.5
21:44:08.835 [FXGL Background Thread 3 ] DEBUG Engine               - globalMusicVolumeProperty: DoubleProperty [value: 0.25]
21:44:08.835 [FXGL Background Thread 3 ] DEBUG Engine               - globalSoundVolume: 0.5
21:44:08.835 [FXGL Background Thread 3 ] DEBUG Engine               - globalSoundVolumeProperty: DoubleProperty [value: 0.5]
21:44:08.835 [FXGL Background Thread 3 ] DEBUG Engine               - height: 720
21:44:08.835 [FXGL Background Thread 3 ] DEBUG Engine               - is3D: false
21:44:08.835 [FXGL Background Thread 3 ] DEBUG Engine               - isAndroid: false
21:44:08.835 [FXGL Background Thread 3 ] DEBUG Engine               - isBrowser: false
21:44:08.836 [FXGL Background Thread 3 ] DEBUG Engine               - isClickFeedbackEnabled: false
21:44:08.836 [FXGL Background Thread 3 ] DEBUG Engine               - isCloseConfirmation: false
21:44:08.836 [FXGL Background Thread 3 ] DEBUG Engine               - isDesktop: true
21:44:08.837 [FXGL Background Thread 3 ] DEBUG Engine               - isDeveloperMenuEnabled: true
21:44:08.837 [FXGL Background Thread 3 ] DEBUG Engine               - isEmbedded: false
21:44:08.837 [FXGL Background Thread 3 ] DEBUG Engine               - isEntityPreloadEnabled: true
21:44:08.837 [FXGL Background Thread 3 ] DEBUG Engine               - isExperimentalTiledLargeMap: false
21:44:08.837 [FXGL Background Thread 3 ] DEBUG Engine               - isFileSystemWriteAllowed: true
21:44:08.837 [FXGL Background Thread 3 ] DEBUG Engine               - isFullScreenAllowed: false
21:44:08.837 [FXGL Background Thread 3 ] DEBUG Engine               - isFullScreenFromStart: false
21:44:08.837 [FXGL Background Thread 3 ] DEBUG Engine               - isGameMenuEnabled: true
21:44:08.837 [FXGL Background Thread 3 ] DEBUG Engine               - isIOS: false
21:44:08.837 [FXGL Background Thread 3 ] DEBUG Engine               - isIntroEnabled: false
21:44:08.837 [FXGL Background Thread 3 ] DEBUG Engine               - isLinux: false
21:44:08.838 [FXGL Background Thread 3 ] DEBUG Engine               - isMac: false
21:44:08.838 [FXGL Background Thread 3 ] DEBUG Engine               - isMainMenuEnabled: true
21:44:08.838 [FXGL Background Thread 3 ] DEBUG Engine               - isManualResizeEnabled: false
21:44:08.838 [FXGL Background Thread 3 ] DEBUG Engine               - isMobile: false
21:44:08.838 [FXGL Background Thread 3 ] DEBUG Engine               - isNative: false
21:44:08.839 [FXGL Background Thread 3 ] DEBUG Engine               - isPauseMusicWhenMinimized: true
21:44:08.839 [FXGL Background Thread 3 ] DEBUG Engine               - isPreserveResizeRatio: false
21:44:08.839 [FXGL Background Thread 3 ] DEBUG Engine               - isProfilingEnabled: false
21:44:08.839 [FXGL Background Thread 3 ] DEBUG Engine               - isScaleAffectedOnResize: true
21:44:08.840 [FXGL Background Thread 3 ] DEBUG Engine               - isSingleStep: false
21:44:08.840 [FXGL Background Thread 3 ] DEBUG Engine               - isUserProfileEnabled: false
21:44:08.840 [FXGL Background Thread 3 ] DEBUG Engine               - isWindows: true
21:44:08.840 [FXGL Background Thread 3 ] DEBUG Engine               - language: ObjectProperty [value: ENGLISH]
21:44:08.840 [FXGL Background Thread 3 ] DEBUG Engine               - menuKey: ESCAPE
21:44:08.840 [FXGL Background Thread 3 ] DEBUG Engine               - mouseSensitivity: 0.2
21:44:08.840 [FXGL Background Thread 3 ] DEBUG Engine               - notificationViewClass: class com.almasb.fxgl.notification.view.XboxNotificationView
21:44:08.841 [FXGL Background Thread 3 ] DEBUG Engine               - pixelsPerMeter: 50.0
21:44:08.841 [FXGL Background Thread 3 ] DEBUG Engine               - platform: WINDOWS
21:44:08.841 [FXGL Background Thread 3 ] DEBUG Engine               - prefHeightProperty: ReadOnlyDoubleProperty [value: 720.0]
21:44:08.842 [FXGL Background Thread 3 ] DEBUG Engine               - prefWidthProperty: ReadOnlyDoubleProperty [value: 720.0]
21:44:08.842 [FXGL Background Thread 3 ] DEBUG Engine               - profileDir: profiles/
21:44:08.842 [FXGL Background Thread 3 ] DEBUG Engine               - profileName: StringProperty [value: DEFAULT]
21:44:08.842 [FXGL Background Thread 3 ] DEBUG Engine               - randomSeed: -1
21:44:08.842 [FXGL Background Thread 3 ] DEBUG Engine               - runtimeInfo: RuntimeInfo(platform=WINDOWS, version=17.3, build=30.03.2023 11.49)
21:44:08.842 [FXGL Background Thread 3 ] DEBUG Engine               - saveFileExt: sav
21:44:08.842 [FXGL Background Thread 3 ] DEBUG Engine               - scaledHeightProp$fxgl: DoubleProperty [bound, value: 720.0]
21:44:08.842 [FXGL Background Thread 3 ] DEBUG Engine               - scaledWidthProp$fxgl: DoubleProperty [bound, value: 720.0]
21:44:08.842 [FXGL Background Thread 3 ] DEBUG Engine               - sceneFactory: com.example.flat2d.GameApp$1@4731c4af
21:44:08.843 [FXGL Background Thread 3 ] DEBUG Engine               - secondsIn24h: 60
21:44:08.843 [FXGL Background Thread 3 ] DEBUG Engine               - soundMenuBack: menu/back.wav
21:44:08.843 [FXGL Background Thread 3 ] DEBUG Engine               - soundMenuPress: menu/press.wav
21:44:08.843 [FXGL Background Thread 3 ] DEBUG Engine               - soundMenuSelect: menu/select.wav
21:44:08.843 [FXGL Background Thread 3 ] DEBUG Engine               - soundNotification: core/notification.wav
21:44:08.843 [FXGL Background Thread 3 ] DEBUG Engine               - stageStyle: DECORATED
21:44:08.843 [FXGL Background Thread 3 ] DEBUG Engine               - supportedLanguages: [ENGLISH, FRENCH, GERMAN, HUNGARIAN, RUSSIAN]
21:44:08.843 [FXGL Background Thread 3 ] DEBUG Engine               - ticksPerSecond: -1
21:44:08.843 [FXGL Background Thread 3 ] DEBUG Engine               - title: Adventures of Sir Vim Zarado
21:44:08.844 [FXGL Background Thread 3 ] DEBUG Engine               - urlGithub: https://github.com/AlmasB/FXGL
21:44:08.844 [FXGL Background Thread 3 ] DEBUG Engine               - urlLeaderboard: http://fxgl-top.herokuapp.com/
21:44:08.844 [FXGL Background Thread 3 ] DEBUG Engine               - urlPOM: https://raw.githubusercontent.com/AlmasB/FXGL/release/README.md
21:44:08.844 [FXGL Background Thread 3 ] DEBUG Engine               - userAppClass: class com.example.flat2d.GameApp
21:44:08.844 [FXGL Background Thread 3 ] DEBUG Engine               - version: 0.0
21:44:08.844 [FXGL Background Thread 3 ] DEBUG Engine               - versionCheckDays: 7
21:44:08.844 [FXGL Background Thread 3 ] DEBUG Engine               - width: 720
21:44:08.844 [FXGL Background Thread 3 ] DEBUG Engine               - Logging services
21:44:08.845 [FXGL Background Thread 3 ] DEBUG Engine               - class com.almasb.fxgl.app.services.FXGLAssetLoaderService
21:44:08.845 [FXGL Background Thread 3 ] DEBUG Engine               - class com.almasb.fxgl.app.FXGLApplication$GameApplicationService
21:44:08.845 [FXGL Background Thread 3 ] DEBUG Engine               - class com.almasb.fxgl.app.services.FXGLDialogService
21:44:08.845 [FXGL Background Thread 3 ] DEBUG Engine               - class com.almasb.fxgl.app.services.IOTaskExecutorService
21:44:08.845 [FXGL Background Thread 3 ] DEBUG Engine               - class com.almasb.fxgl.io.FileSystemService
21:44:08.845 [FXGL Background Thread 3 ] DEBUG Engine               - class com.almasb.fxgl.localization.LocalizationService
21:44:08.845 [FXGL Background Thread 3 ] DEBUG Engine               - class com.almasb.fxgl.app.services.SystemBundleService
21:44:08.845 [FXGL Background Thread 3 ] DEBUG Engine               - class com.almasb.fxgl.profile.SaveLoadService
21:44:08.845 [FXGL Background Thread 3 ] DEBUG Engine               - class com.almasb.fxgl.ui.FXGLUIFactoryServiceProvider
21:44:08.845 [FXGL Background Thread 3 ] DEBUG Engine               - class com.almasb.fxgl.ui.FXGLDialogFactoryServiceProvider
21:44:08.846 [FXGL Background Thread 3 ] DEBUG Engine               - class com.almasb.fxgl.audio.AudioPlayer
21:44:08.846 [FXGL Background Thread 3 ] DEBUG Engine               - class com.almasb.fxgl.notification.impl.NotificationServiceProvider
21:44:08.846 [FXGL Background Thread 3 ] DEBUG Engine               - class com.almasb.fxgl.achievement.AchievementService
21:44:08.846 [FXGL Background Thread 3 ] DEBUG Engine               - class com.almasb.fxgl.cutscene.CutsceneService
21:44:08.846 [FXGL Background Thread 3 ] DEBUG Engine               - class com.almasb.fxgl.minigames.MiniGameService
21:44:08.846 [FXGL Background Thread 3 ] DEBUG Engine               - class com.almasb.fxgl.net.NetService
21:44:08.846 [FXGL Background Thread 3 ] DEBUG Engine               - class com.almasb.fxgl.app.services.UpdaterService
21:44:08.847 [FXGL Background Thread 3 ] DEBUG Engine               - class com.almasb.fxgl.dev.DevService
21:44:15.331 [JavaFX Application Thread] DEBUG FXGLApplication      - Exiting FXGL
21:44:15.331 [JavaFX Application Thread] DEBUG LoopRunner           - Stopping loop
21:44:15.332 [JavaFX Application Thread] DEBUG SystemBundleService  - Saving FXGL system data
21:44:15.340 [JavaFX Application Thread] DEBUG FileSystemAccess     - Writing to: C:\Users\USER\IdeaProjects\2DGame\system\fxgl.bundle
21:44:15.348 [JavaFX Application Thread] DEBUG Async                - Shutting down background threads
21:44:15.349 [JavaFX Application Thread] DEBUG PrimaryStageWindow   - Closing main window
21:44:15.381 [JavaFX Application Thread] DEBUG Logger               - Closing Logger
