11:35:51.819 [main                     ] DEBUG Logger               - Configured Logger
11:35:51.854 [main                     ] DEBUG GameApplication      - Logging settings
Title: Adventures of Sir Vim Zarado
Version: 0.0
Width: 720
Height: 720
Fullscreen: false
Intro: false
Profiling: false
Single step:false
App Mode: DEVELOPER
Menu Key: ESCAPE
Stage Style: DECORATED
Scene Factory: class com.example.flat2d.GameApp$1

11:35:52.381 [JavaFX Application Thread] DEBUG FXGLApplication      - Initializing FXGL
11:35:52.387 [JavaFX Application Thread] INFO  Engine               - FXGL-17.3 (30.03.2023 11.49) on WINDOWS (J:21 FX:21)
11:35:52.388 [JavaFX Application Thread] DEBUG Engine               - JRE Vendor Name: Oracle Corporation
11:35:52.388 [JavaFX Application Thread] DEBUG Engine               - Running on OS: Windows 10 version 10.0
11:35:52.388 [JavaFX Application Thread] DEBUG Engine               - Architecture: amd64
11:35:52.389 [JavaFX Application Thread] INFO  Engine               - Source code and latest versions at: https://github.com/AlmasB/FXGL
11:35:52.389 [JavaFX Application Thread] INFO  Engine               -       Ask questions and discuss at: https://github.com/AlmasB/FXGL/discussions
11:35:52.389 [JavaFX Application Thread] INFO  Engine               -              Join the FXGL chat at: https://gitter.im/AlmasB/FXGL
11:35:52.566 [JavaFX Application Thread] DEBUG PrimaryStageWindow   - Creating a JavaFX scene
11:35:52.668 [JavaFX Application Thread] DEBUG PrimaryStageWindow   - Target settings size: 720.0 x 720.0
11:35:52.668 [JavaFX Application Thread] DEBUG PrimaryStageWindow   - Scaled scene size:    720.0 x 720.0
11:35:52.669 [JavaFX Application Thread] DEBUG PrimaryStageWindow   - Scaled ratio: (1.0, 1.0)
11:35:52.672 [JavaFX Application Thread] DEBUG PrimaryStageWindow   - Set initial scene to FXGLStartupScene
11:35:52.677 [JavaFX Application Thread] DEBUG PrimaryStageWindow   - Opening main window
11:35:52.804 [JavaFX Application Thread] DEBUG PrimaryStageWindow   - Window border size: (16.0, 39.0)
11:35:52.805 [JavaFX Application Thread] DEBUG PrimaryStageWindow   - Scaled size: 720.0 x 720.0
11:35:52.806 [JavaFX Application Thread] DEBUG PrimaryStageWindow   - Scaled ratio: (1.0, 1.0)
11:35:52.806 [JavaFX Application Thread] DEBUG PrimaryStageWindow   - Scene size: 720.0 x 720.0
11:35:52.806 [JavaFX Application Thread] DEBUG PrimaryStageWindow   - Stage size: 736.0 x 759.0
11:35:52.827 [FXGL Background Thread 1 ] DEBUG Engine               - Initializing environment variables
11:35:52.931 [FXGL Background Thread 1 ] DEBUG FXGLAssetLoaderServi - User app class for loading assets: class com.example.flat2d.GameApp
11:35:52.932 [FXGL Background Thread 1 ] DEBUG GameApplicationServi - Applying CSS: fxgl_dark.css
11:35:52.933 [FXGL Background Thread 1 ] DEBUG FXGLAssetLoaderServi - Loading from file system: jar:file:///C:/Users/USER/.m2/repository/com/github/almasb/fxgl/17.3/fxgl-17.3.jar!/fxglassets/ui/css/fxgl_dark.css
11:35:53.041 [FXGL Background Thread 1 ] DEBUG GameApplicationServi - Initializing application scenes
11:35:53.243 [FXGL Background Thread 1 ] DEBUG GameWorld            - Game world initialized
11:35:53.371 [FXGL Background Thread 1 ] DEBUG PhysicsWorld         - Physics world initialized: appHeight=720, physics.ppm=50.0
11:35:53.372 [FXGL Background Thread 1 ] DEBUG PhysicsWorld         - Using strategy: BRUTE_FORCE
11:35:53.378 [FXGL Background Thread 1 ] DEBUG GameScene            - Game scene initialized: 720x720
11:35:53.384 [FXGL Background Thread 1 ] DEBUG FXGLAssetLoaderServi - Loading from file system: file:/C:/Users/USER/IdeaProjects/CSIT228-F3-Finals/target/classes/assets/textures/background/backg.jpg
11:35:53.481 [FXGL Background Thread 1 ] DEBUG FXGLAssetLoaderServi - Loading from file system: file:/C:/Users/USER/IdeaProjects/CSIT228-F3-Finals/target/classes/assets/textures/profile-pic.jpg
11:35:53.510 [FXGL Background Thread 1 ] WARN  FXGL.DefaultMenu     - FXGLDefaultMenu is not designed for resolutions < 800x600
11:35:53.510 [FXGL Background Thread 1 ] DEBUG FXGL.DefaultMenu     - createMenuBodyGameMenu()
11:35:53.538 [FXGL Background Thread 1 ] DEBUG FXGL.DefaultMenu     - createOptionsMenu()
11:35:53.551 [FXGL Background Thread 1 ] DEBUG FXGLAssetLoaderServi - Loading from file system: jar:file:///C:/Users/USER/.m2/repository/com/github/almasb/fxgl/17.3/fxgl-17.3.jar!/fxglassets/textures/particles/smoke.png
11:35:53.717 [FXGL Background Thread 1 ] DEBUG FXGLAssetLoaderServi - Loading from file system: jar:file:///C:/Users/USER/.m2/repository/com/github/almasb/fxgl/17.3/fxgl-17.3.jar!/fxglassets/textures/particles/trace_horizontal.png
11:35:53.780 [FXGL Background Thread 1 ] DEBUG GameApplicationServi - Application scenes initialized
11:35:53.813 [FXGL Background Thread 1 ] DEBUG SystemBundleService  - Loading FXGL system data
11:35:53.820 [FXGL Background Thread 1 ] DEBUG FileSystemAccess     - Reading from: C:\Users\USER\IdeaProjects\CSIT228-F3-Finals\system\fxgl.bundle
11:35:53.838 [FXGL Background Thread 1 ] DEBUG SystemBundleService  - Bundle FXGL: {}
11:35:53.839 [FXGL Background Thread 1 ] DEBUG UpdaterService       - Checking for updates
11:35:53.896 [FXGL Background Thread 1 ] DEBUG FXGLApplication      - Loading default localization
11:35:53.897 [FXGL Background Thread 1 ] DEBUG FXGLAssetLoaderServi - Loading from file system: jar:file:///C:/Users/USER/.m2/repository/com/github/almasb/fxgl/17.3/fxgl-17.3.jar!/fxglassets/languages/english.lang
11:35:53.927 [FXGL Background Thread 4 ] DEBUG FXGLApplication      - Loading fonts
11:35:53.928 [FXGL Background Thread 4 ] DEBUG FXGLAssetLoaderServi - Loading from file system: jar:file:///C:/Users/USER/.m2/repository/com/github/almasb/fxgl/17.3/fxgl-17.3.jar!/fxglassets/ui/fonts/VarelaRound-Regular.ttf
11:35:53.989 [FXGL Background Thread 1 ] INFO  FXGLApplication      - FXGL initialization took: 1.162 sec
11:35:54.007 [JavaFX Application Thread] DEBUG Input                - Registered new binding: Up - W
11:35:54.007 [JavaFX Application Thread] DEBUG Input                - Registered new binding: Right - D
11:35:54.007 [JavaFX Application Thread] DEBUG Input                - Registered new binding: Left - A
11:35:54.007 [JavaFX Application Thread] DEBUG Input                - Registered new binding: Down - S
11:35:54.009 [JavaFX Application Thread] DEBUG Input                - Registered new binding: IDK - RMB
11:35:54.010 [JavaFX Application Thread] DEBUG FXGLAssetLoaderServi - Loading from file system: file:/C:/Users/USER/IdeaProjects/CSIT228-F3-Finals/target/classes/assets/music/opening.mp3
11:35:54.023 [FXGL Background Thread 4 ] DEBUG FXGLAssetLoaderServi - Loading from file system: jar:file:///C:/Users/USER/.m2/repository/com/github/almasb/fxgl/17.3/fxgl-17.3.jar!/fxglassets/ui/fonts/Abel-Regular.ttf
11:35:54.029 [FXGL Background Thread 4 ] DEBUG FXGLAssetLoaderServi - Loading from file system: jar:file:///C:/Users/USER/.m2/repository/com/github/almasb/fxgl/17.3/fxgl-17.3.jar!/fxglassets/ui/fonts/TerminalLandMono-Regular.otf
11:35:54.034 [FXGL Background Thread 4 ] DEBUG FXGLAssetLoaderServi - Loading from file system: jar:file:///C:/Users/USER/.m2/repository/com/github/almasb/fxgl/17.3/fxgl-17.3.jar!/fxglassets/ui/fonts/Courier-Prime.ttf
11:35:54.455 [JavaFX Application Thread] DEBUG AudioPlayer          - Playing music com.almasb.fxgl.audio.Music@554ce3ef
11:35:54.456 [JavaFX Application Thread] DEBUG FXGLAssetLoaderServi - Loading from file system: jar:file:///C:/Users/USER/.m2/repository/com/github/almasb/fxgl/17.3/fxgl-17.3.jar!/fxglassets/textures/fxgl_icon.png
11:35:54.513 [JavaFX Application Thread] DEBUG FXGLAssetLoaderServi - Loading from file system: jar:file:///C:/Users/USER/.m2/repository/com/github/almasb/fxgl/17.3/fxgl-17.3.jar!/fxglassets/textures/fxgl_default_cursor.png
11:35:54.527 [JavaFX Application Thread] DEBUG Input                - Registered new binding: Screenshot - CTRL+8
11:35:54.528 [JavaFX Application Thread] DEBUG Input                - Registered new binding: Dev Options - 1
11:35:54.528 [JavaFX Application Thread] DEBUG Input                - Registered new binding: Dev Console - 2
11:35:54.529 [JavaFX Application Thread] DEBUG Input                - Registered new binding: System info dump - CTRL+9
11:35:54.530 [JavaFX Application Thread] DEBUG Input                - Registered new binding: Restart - CTRL+R
11:35:54.530 [JavaFX Application Thread] DEBUG Input                - Registered new binding: Toggle Debug Camera - CTRL+7
11:35:54.535 [JavaFX Application Thread] DEBUG LoopRunner           - Starting loop
11:35:54.545 [JavaFX Application Thread] DEBUG LoopRunner           - Initializing JavaFX AnimationTimerLoop
11:35:54.549 [JavaFX Application Thread] DEBUG Input                - Clearing active input actions
11:35:54.563 [JavaFX Application Thread] DEBUG GameApplicationServi - Removing overlay from FXGLStartupScene and adding to FXGLMainMenuDummyScene
11:35:54.568 [JavaFX Application Thread] DEBUG PrimaryStageWindow   - FXGLStartupScene -> FXGLMainMenuDummyScene
11:35:54.569 [JavaFX Application Thread] DEBUG PrimaryStageWindow   - Push state: GameMainMenu
11:35:54.570 [JavaFX Application Thread] DEBUG Input                - Clearing active input actions
11:35:54.602 [JavaFX Application Thread] DEBUG GameApplicationServi - Removing overlay from FXGLMainMenuDummyScene and adding to GameMainMenu
11:35:54.603 [JavaFX Application Thread] DEBUG PrimaryStageWindow   - FXGLMainMenuDummyScene -> GameMainMenu
11:35:54.604 [JavaFX Application Thread] DEBUG FXGLApplication      - Registering font factories with UI factory
11:35:55.054 [FXGL Background Thread 2 ] INFO  UpdaterService       - Your current version:  17.3
11:35:55.054 [FXGL Background Thread 2 ] INFO  UpdaterService       - Latest stable version: 21.1
11:35:56.901 [FXGL Background Thread 3 ] DEBUG Engine               - Logging environment variables
11:35:56.903 [FXGL Background Thread 3 ] DEBUG Engine               - achievements: []
11:35:56.903 [FXGL Background Thread 3 ] DEBUG Engine               - actualHeight: 720.0
11:35:56.904 [FXGL Background Thread 3 ] DEBUG Engine               - actualHeightProperty: ReadOnlyDoubleProperty [value: 720.0]
11:35:56.904 [FXGL Background Thread 3 ] DEBUG Engine               - actualWidth: 720.0
11:35:56.904 [FXGL Background Thread 3 ] DEBUG Engine               - actualWidthProperty: ReadOnlyDoubleProperty [value: 720.0]
11:35:56.904 [FXGL Background Thread 3 ] DEBUG Engine               - appIcon: fxgl_icon.png
11:35:56.905 [FXGL Background Thread 3 ] DEBUG Engine               - applicationMode: DEVELOPER
11:35:56.905 [FXGL Background Thread 3 ] DEBUG Engine               - cSSList: [fxgl_dark.css]
11:35:56.906 [FXGL Background Thread 3 ] DEBUG Engine               - collisionDetectionStrategy: BRUTE_FORCE
11:35:56.906 [FXGL Background Thread 3 ] DEBUG Engine               - configClass: Optional.empty
11:35:56.907 [FXGL Background Thread 3 ] DEBUG Engine               - credits: []
11:35:56.908 [FXGL Background Thread 3 ] DEBUG Engine               - defaultCursor: CursorInfo(imageName=fxgl_default_cursor.png, hotspotX=7.0, hotspotY=6.0)
11:35:56.909 [FXGL Background Thread 3 ] DEBUG Engine               - devBBoxColorProperty: ObjectProperty [value: 0xff0000ff]
11:35:56.911 [FXGL Background Thread 3 ] DEBUG Engine               - devEnableDebugCameraProperty: BooleanProperty [value: false]
11:35:56.911 [FXGL Background Thread 3 ] DEBUG Engine               - devSensorColorProperty: ObjectProperty [value: 0xffff00ff]
11:35:56.912 [FXGL Background Thread 3 ] DEBUG Engine               - devShowBBoxProperty: BooleanProperty [value: false]
11:35:56.912 [FXGL Background Thread 3 ] DEBUG Engine               - devShowPositionProperty: BooleanProperty [value: false]
11:35:56.912 [FXGL Background Thread 3 ] DEBUG Engine               - enabledMenuItems: []
11:35:56.913 [FXGL Background Thread 3 ] DEBUG Engine               - engineServices: [class com.almasb.fxgl.app.services.FXGLAssetLoaderService, class com.almasb.fxgl.app.FXGLApplication$GameApplicationService, class com.almasb.fxgl.app.services.FXGLDialogService, class com.almasb.fxgl.app.services.IOTaskExecutorService, class com.almasb.fxgl.io.FileSystemService, class com.almasb.fxgl.localization.LocalizationService, class com.almasb.fxgl.app.services.SystemBundleService, class com.almasb.fxgl.profile.SaveLoadService, class com.almasb.fxgl.ui.FXGLUIFactoryServiceProvider, class com.almasb.fxgl.ui.FXGLDialogFactoryServiceProvider, class com.almasb.fxgl.audio.AudioPlayer, class com.almasb.fxgl.notification.impl.NotificationServiceProvider, class com.almasb.fxgl.achievement.AchievementService, class com.almasb.fxgl.cutscene.CutsceneService, class com.almasb.fxgl.minigames.MiniGameService, class com.almasb.fxgl.net.NetService, class com.almasb.fxgl.app.services.UpdaterService, class com.almasb.fxgl.dev.DevService]
11:35:56.913 [FXGL Background Thread 3 ] DEBUG Engine               - fontGame: Abel-Regular.ttf
11:35:56.914 [FXGL Background Thread 3 ] DEBUG Engine               - fontMono: TerminalLandMono-Regular.otf
11:35:56.914 [FXGL Background Thread 3 ] DEBUG Engine               - fontSizeScaleUI: 1.0
11:35:56.914 [FXGL Background Thread 3 ] DEBUG Engine               - fontText: Courier-Prime.ttf
11:35:56.915 [FXGL Background Thread 3 ] DEBUG Engine               - fontUI: VarelaRound-Regular.ttf
11:35:56.915 [FXGL Background Thread 3 ] DEBUG Engine               - fullScreen: BooleanProperty [value: false]
11:35:56.915 [FXGL Background Thread 3 ] DEBUG Engine               - gameDifficulty: MEDIUM
11:35:56.916 [FXGL Background Thread 3 ] DEBUG Engine               - gameDifficultyProperty: ObjectProperty [value: MEDIUM]
11:35:56.916 [FXGL Background Thread 3 ] DEBUG Engine               - globalMusicVolume: 0.5
11:35:56.917 [FXGL Background Thread 3 ] DEBUG Engine               - globalMusicVolumeProperty: DoubleProperty [value: 0.5]
11:35:56.917 [FXGL Background Thread 3 ] DEBUG Engine               - globalSoundVolume: 0.5
11:35:56.917 [FXGL Background Thread 3 ] DEBUG Engine               - globalSoundVolumeProperty: DoubleProperty [value: 0.25]
11:35:56.918 [FXGL Background Thread 3 ] DEBUG Engine               - height: 720
11:35:56.918 [FXGL Background Thread 3 ] DEBUG Engine               - is3D: false
11:35:56.919 [FXGL Background Thread 3 ] DEBUG Engine               - isAndroid: false
11:35:56.919 [FXGL Background Thread 3 ] DEBUG Engine               - isBrowser: false
11:35:56.919 [FXGL Background Thread 3 ] DEBUG Engine               - isClickFeedbackEnabled: false
11:35:56.920 [FXGL Background Thread 3 ] DEBUG Engine               - isCloseConfirmation: false
11:35:56.920 [FXGL Background Thread 3 ] DEBUG Engine               - isDesktop: true
11:35:56.920 [FXGL Background Thread 3 ] DEBUG Engine               - isDeveloperMenuEnabled: true
11:35:56.921 [FXGL Background Thread 3 ] DEBUG Engine               - isEmbedded: false
11:35:56.921 [FXGL Background Thread 3 ] DEBUG Engine               - isEntityPreloadEnabled: true
11:35:56.922 [FXGL Background Thread 3 ] DEBUG Engine               - isExperimentalTiledLargeMap: false
11:35:56.922 [FXGL Background Thread 3 ] DEBUG Engine               - isFileSystemWriteAllowed: true
11:35:56.922 [FXGL Background Thread 3 ] DEBUG Engine               - isFullScreenAllowed: false
11:35:56.923 [FXGL Background Thread 3 ] DEBUG Engine               - isFullScreenFromStart: false
11:35:56.923 [FXGL Background Thread 3 ] DEBUG Engine               - isGameMenuEnabled: true
11:35:56.924 [FXGL Background Thread 3 ] DEBUG Engine               - isIOS: false
11:35:56.924 [FXGL Background Thread 3 ] DEBUG Engine               - isIntroEnabled: false
11:35:56.924 [FXGL Background Thread 3 ] DEBUG Engine               - isLinux: false
11:35:56.925 [FXGL Background Thread 3 ] DEBUG Engine               - isMac: false
11:35:56.926 [FXGL Background Thread 3 ] DEBUG Engine               - isMainMenuEnabled: true
11:35:56.926 [FXGL Background Thread 3 ] DEBUG Engine               - isManualResizeEnabled: false
11:35:56.926 [FXGL Background Thread 3 ] DEBUG Engine               - isMobile: false
11:35:56.926 [FXGL Background Thread 3 ] DEBUG Engine               - isNative: false
11:35:56.927 [FXGL Background Thread 3 ] DEBUG Engine               - isPauseMusicWhenMinimized: true
11:35:56.927 [FXGL Background Thread 3 ] DEBUG Engine               - isPreserveResizeRatio: false
11:35:56.927 [FXGL Background Thread 3 ] DEBUG Engine               - isProfilingEnabled: false
11:35:56.928 [FXGL Background Thread 3 ] DEBUG Engine               - isScaleAffectedOnResize: true
11:35:56.928 [FXGL Background Thread 3 ] DEBUG Engine               - isSingleStep: false
11:35:56.928 [FXGL Background Thread 3 ] DEBUG Engine               - isUserProfileEnabled: false
11:35:56.929 [FXGL Background Thread 3 ] DEBUG Engine               - isWindows: true
11:35:56.929 [FXGL Background Thread 3 ] DEBUG Engine               - language: ObjectProperty [value: ENGLISH]
11:35:56.930 [FXGL Background Thread 3 ] DEBUG Engine               - menuKey: ESCAPE
11:35:56.930 [FXGL Background Thread 3 ] DEBUG Engine               - mouseSensitivity: 0.2
11:35:56.931 [FXGL Background Thread 3 ] DEBUG Engine               - notificationViewClass: class com.almasb.fxgl.notification.view.XboxNotificationView
11:35:56.931 [FXGL Background Thread 3 ] DEBUG Engine               - pixelsPerMeter: 50.0
11:35:56.932 [FXGL Background Thread 3 ] DEBUG Engine               - platform: WINDOWS
11:35:56.932 [FXGL Background Thread 3 ] DEBUG Engine               - prefHeightProperty: ReadOnlyDoubleProperty [value: 720.0]
11:35:56.932 [FXGL Background Thread 3 ] DEBUG Engine               - prefWidthProperty: ReadOnlyDoubleProperty [value: 720.0]
11:35:56.933 [FXGL Background Thread 3 ] DEBUG Engine               - profileDir: profiles/
11:35:56.934 [FXGL Background Thread 3 ] DEBUG Engine               - profileName: StringProperty [value: DEFAULT]
11:35:56.934 [FXGL Background Thread 3 ] DEBUG Engine               - randomSeed: -1
11:35:56.935 [FXGL Background Thread 3 ] DEBUG Engine               - runtimeInfo: RuntimeInfo(platform=WINDOWS, version=17.3, build=30.03.2023 11.49)
11:35:56.935 [FXGL Background Thread 3 ] DEBUG Engine               - saveFileExt: sav
11:35:56.936 [FXGL Background Thread 3 ] DEBUG Engine               - scaledHeightProp$fxgl: DoubleProperty [bound, value: 720.0]
11:35:56.936 [FXGL Background Thread 3 ] DEBUG Engine               - scaledWidthProp$fxgl: DoubleProperty [bound, value: 720.0]
11:35:56.937 [FXGL Background Thread 3 ] DEBUG Engine               - sceneFactory: com.example.flat2d.GameApp$1@2705733b
11:35:56.937 [FXGL Background Thread 3 ] DEBUG Engine               - secondsIn24h: 60
11:35:56.937 [FXGL Background Thread 3 ] DEBUG Engine               - soundMenuBack: menu/back.wav
11:35:56.938 [FXGL Background Thread 3 ] DEBUG Engine               - soundMenuPress: menu/press.wav
11:35:56.938 [FXGL Background Thread 3 ] DEBUG Engine               - soundMenuSelect: menu/select.wav
11:35:56.938 [FXGL Background Thread 3 ] DEBUG Engine               - soundNotification: core/notification.wav
11:35:56.939 [FXGL Background Thread 3 ] DEBUG Engine               - stageStyle: DECORATED
11:35:56.940 [FXGL Background Thread 3 ] DEBUG Engine               - supportedLanguages: [ENGLISH, FRENCH, GERMAN, HUNGARIAN, RUSSIAN]
11:35:56.940 [FXGL Background Thread 3 ] DEBUG Engine               - ticksPerSecond: -1
11:35:56.941 [FXGL Background Thread 3 ] DEBUG Engine               - title: Adventures of Sir Vim Zarado
11:35:56.941 [FXGL Background Thread 3 ] DEBUG Engine               - urlGithub: https://github.com/AlmasB/FXGL
11:35:56.941 [FXGL Background Thread 3 ] DEBUG Engine               - urlLeaderboard: http://fxgl-top.herokuapp.com/
11:35:56.942 [FXGL Background Thread 3 ] DEBUG Engine               - urlPOM: https://raw.githubusercontent.com/AlmasB/FXGL/release/README.md
11:35:56.942 [FXGL Background Thread 3 ] DEBUG Engine               - userAppClass: class com.example.flat2d.GameApp
11:35:56.942 [FXGL Background Thread 3 ] DEBUG Engine               - version: 0.0
11:35:56.943 [FXGL Background Thread 3 ] DEBUG Engine               - versionCheckDays: 7
11:35:56.943 [FXGL Background Thread 3 ] DEBUG Engine               - width: 720
11:35:56.943 [FXGL Background Thread 3 ] DEBUG Engine               - Logging services
11:35:56.944 [FXGL Background Thread 3 ] DEBUG Engine               - class com.almasb.fxgl.app.services.FXGLAssetLoaderService
11:35:56.944 [FXGL Background Thread 3 ] DEBUG Engine               - class com.almasb.fxgl.app.FXGLApplication$GameApplicationService
11:35:56.945 [FXGL Background Thread 3 ] DEBUG Engine               - class com.almasb.fxgl.app.services.FXGLDialogService
11:35:56.945 [FXGL Background Thread 3 ] DEBUG Engine               - class com.almasb.fxgl.app.services.IOTaskExecutorService
11:35:56.945 [FXGL Background Thread 3 ] DEBUG Engine               - class com.almasb.fxgl.io.FileSystemService
11:35:56.945 [FXGL Background Thread 3 ] DEBUG Engine               - class com.almasb.fxgl.localization.LocalizationService
11:35:56.946 [FXGL Background Thread 3 ] DEBUG Engine               - class com.almasb.fxgl.app.services.SystemBundleService
11:35:56.946 [FXGL Background Thread 3 ] DEBUG Engine               - class com.almasb.fxgl.profile.SaveLoadService
11:35:56.946 [FXGL Background Thread 3 ] DEBUG Engine               - class com.almasb.fxgl.ui.FXGLUIFactoryServiceProvider
11:35:56.947 [FXGL Background Thread 3 ] DEBUG Engine               - class com.almasb.fxgl.ui.FXGLDialogFactoryServiceProvider
11:35:56.948 [FXGL Background Thread 3 ] DEBUG Engine               - class com.almasb.fxgl.audio.AudioPlayer
11:35:56.948 [FXGL Background Thread 3 ] DEBUG Engine               - class com.almasb.fxgl.notification.impl.NotificationServiceProvider
11:35:56.948 [FXGL Background Thread 3 ] DEBUG Engine               - class com.almasb.fxgl.achievement.AchievementService
11:35:56.948 [FXGL Background Thread 3 ] DEBUG Engine               - class com.almasb.fxgl.cutscene.CutsceneService
11:35:56.949 [FXGL Background Thread 3 ] DEBUG Engine               - class com.almasb.fxgl.minigames.MiniGameService
11:35:56.949 [FXGL Background Thread 3 ] DEBUG Engine               - class com.almasb.fxgl.net.NetService
11:35:56.950 [FXGL Background Thread 3 ] DEBUG Engine               - class com.almasb.fxgl.app.services.UpdaterService
11:35:56.950 [FXGL Background Thread 3 ] DEBUG Engine               - class com.almasb.fxgl.dev.DevService
11:36:10.787 [JavaFX Application Thread] DEBUG AudioPlayer          - Stopping music com.almasb.fxgl.audio.Music@554ce3ef
11:36:10.792 [JavaFX Application Thread] DEBUG FXGLAssetLoaderServi - Loading from file system: file:/C:/Users/USER/IdeaProjects/CSIT228-F3-Finals/target/classes/assets/music/game-music.mp3
11:36:10.806 [JavaFX Application Thread] DEBUG AudioPlayer          - Playing music com.almasb.fxgl.audio.Music@1310fe71
11:36:10.806 [JavaFX Application Thread] DEBUG Menu                 - fireNewGame()
11:36:10.807 [JavaFX Application Thread] DEBUG GameApplicationServi - Starting new game
11:36:10.808 [JavaFX Application Thread] DEBUG PrimaryStageWindow   - Pop state: GameMainMenu
11:36:10.808 [JavaFX Application Thread] DEBUG Input                - Clearing active input actions
11:36:10.813 [JavaFX Application Thread] DEBUG GameApplicationServi - Removing overlay from GameMainMenu and adding to FXGLMainMenuDummyScene
11:36:10.823 [JavaFX Application Thread] DEBUG PrimaryStageWindow   - FXGLMainMenuDummyScene <- GameMainMenu
11:36:10.824 [JavaFX Application Thread] DEBUG Input                - Clearing active input actions
11:36:10.863 [JavaFX Application Thread] DEBUG GameApplicationServi - Removing overlay from FXGLMainMenuDummyScene and adding to FXGLLoadingScene
11:36:10.865 [JavaFX Application Thread] DEBUG PrimaryStageWindow   - FXGLMainMenuDummyScene -> FXGLLoadingScene
11:36:10.866 [JavaFX Application Thread] DEBUG GameApplicationServi - Clearing previous game
11:36:10.866 [JavaFX Application Thread] DEBUG GameScene            - Clearing game scene
11:36:10.866 [JavaFX Application Thread] DEBUG GameWorld            - Clearing game world
11:36:10.867 [JavaFX Application Thread] DEBUG PhysicsWorld         - Clearing physics world
11:36:10.876 [FXGL Background Thread 2 ] DEBUG FXGLApplication      - Initializing game
11:36:11.017 [FXGL Background Thread 2 ] WARN  TMXLevelLoader       - TiledMap generated from 1.10.2. Supported version: 1.9.0. Some features may not be parsed fully.
11:36:11.103 [FXGL Background Thread 2 ] DEBUG TMXLevelLoader       - Parsed TiledMap: file:/C:/Users/USER/IdeaProjects/CSIT228-F3-Finals/target/classes/assets/levels/tmx/2DGameTiledMap.tmx
11:36:11.107 [FXGL Background Thread 2 ] DEBUG TMXLevelLoader       - Creating tile layer entities
11:36:11.131 [FXGL Background Thread 2 ] DEBUG TilesetLoader        - Loading view for layer Floor
11:36:11.158 [FXGL Background Thread 2 ] DEBUG TilesetLoader        - Created buffer with size 2304.0x2304.0
11:36:11.361 [FXGL Background Thread 2 ] DEBUG TilesetLoader        - Loading view for layer Stuff
11:36:11.382 [FXGL Background Thread 2 ] DEBUG TilesetLoader        - Created buffer with size 2304.0x2304.0
11:36:11.404 [FXGL Background Thread 2 ] DEBUG TilesetLoader        - Loading view for layer Decor
11:36:11.426 [FXGL Background Thread 2 ] DEBUG TilesetLoader        - Created buffer with size 2304.0x2304.0
11:36:11.445 [FXGL Background Thread 2 ] DEBUG TilesetLoader        - Loading view for layer More
11:36:11.469 [FXGL Background Thread 2 ] DEBUG TilesetLoader        - Created buffer with size 2304.0x2304.0
11:36:11.473 [FXGL Background Thread 2 ] DEBUG TMXLevelLoader       - Creating object layer entities
11:36:11.515 [FXGL Background Thread 2 ] DEBUG GameWorld            - Clearing removable entities
11:36:11.517 [FXGL Background Thread 2 ] DEBUG GameWorld            - Setting level: com.almasb.fxgl.entity.level.Level@7ebc34f3
11:36:11.530 [FXGL Background Thread 2 ] DEBUG FXGLAssetLoaderServi - Loading from file system: file:/C:/Users/USER/IdeaProjects/CSIT228-F3-Finals/target/classes/assets/textures/lecatmoves.png
11:36:11.533 [FXGL Background Thread 2 ] DEBUG FXGLAssetLoaderServi - Loading from file system: file:/C:/Users/USER/IdeaProjects/CSIT228-F3-Finals/target/classes/assets/textures/CatOne.png
11:36:11.535 [FXGL Background Thread 2 ] DEBUG FXGLAssetLoaderServi - Loading from file system: file:/C:/Users/USER/IdeaProjects/CSIT228-F3-Finals/target/classes/assets/textures/CatThree.png
11:36:11.537 [FXGL Background Thread 2 ] DEBUG FXGLAssetLoaderServi - Loading from file system: file:/C:/Users/USER/IdeaProjects/CSIT228-F3-Finals/target/classes/assets/textures/CatFour.png
11:36:11.594 [FXGL Background Thread 2 ] INFO  FXGLApplication      - Game initialization took: 0.718 sec
11:36:11.606 [JavaFX Application Thread] DEBUG Input                - Clearing active input actions
11:36:11.622 [JavaFX Application Thread] DEBUG GameApplicationServi - Removing overlay from FXGLLoadingScene and adding to GameScene
11:36:11.632 [JavaFX Application Thread] DEBUG PrimaryStageWindow   - FXGLLoadingScene -> GameScene
11:36:12.842 [JavaFX Application Thread] DEBUG FXGLAssetLoaderServi - Loading from file system: file:/C:/Users/USER/IdeaProjects/CSIT228-F3-Finals/target/classes/assets/textures/spr_bullet_strip.png
11:36:14.107 [JavaFX Application Thread] DEBUG FXGLAssetLoaderServi - Loading from file system: file:/C:/Users/USER/IdeaProjects/CSIT228-F3-Finals/target/classes/assets/textures/wolf-runing-cycle-skin.png
11:36:21.194 [JavaFX Application Thread] DEBUG FXGLAssetLoaderServi - Loading from file system: file:/C:/Users/USER/IdeaProjects/CSIT228-F3-Finals/target/classes/assets/textures/foreSkinDragon.png
11:36:25.278 [JavaFX Application Thread] DEBUG FXGLAssetLoaderServi - Loading from file system: file:/C:/Users/USER/IdeaProjects/CSIT228-F3-Finals/target/classes/assets/textures/skil.png
11:37:05.213 [JavaFX Application Thread] DEBUG FXGLAssetLoaderServi - Loading from file system: file:/C:/Users/USER/IdeaProjects/CSIT228-F3-Finals/target/classes/assets/textures/water_cannon-Sheet.png
11:37:36.032 [JavaFX Application Thread] DEBUG FXGLApplication      - Exiting FXGL
11:37:36.033 [JavaFX Application Thread] DEBUG LoopRunner           - Stopping loop
11:37:36.033 [JavaFX Application Thread] DEBUG SystemBundleService  - Saving FXGL system data
11:37:36.041 [JavaFX Application Thread] DEBUG FileSystemAccess     - Writing to: C:\Users\USER\IdeaProjects\CSIT228-F3-Finals\system\fxgl.bundle
11:37:36.051 [JavaFX Application Thread] DEBUG Async                - Shutting down background threads
11:37:36.051 [JavaFX Application Thread] DEBUG PrimaryStageWindow   - Closing main window
11:37:36.105 [JavaFX Application Thread] DEBUG Logger               - Closing Logger
