12:04:09.209 [main                     ] DEBUG Logger               - Configured Logger
12:04:09.243 [main                     ] DEBUG GameApplication      - Logging settings
Title: Adventures of Sir Vim Zarado
Version: 0.0
Width: 720
Height: 720
Fullscreen: false
Intro: false
Profiling: false
Single step:false
App Mode: DEVELOPER
Menu Key: ESCAPE
Stage Style: DECORATED
Scene Factory: class com.example.flat2d.GameApp$1

12:04:09.780 [JavaFX Application Thread] DEBUG FXGLApplication      - Initializing FXGL
12:04:09.787 [JavaFX Application Thread] INFO  Engine               - FXGL-17.3 (30.03.2023 11.49) on WINDOWS (J:21 FX:21)
12:04:09.787 [JavaFX Application Thread] DEBUG Engine               - JRE Vendor Name: Oracle Corporation
12:04:09.788 [JavaFX Application Thread] DEBUG Engine               - Running on OS: Windows 10 version 10.0
12:04:09.788 [JavaFX Application Thread] DEBUG Engine               - Architecture: amd64
12:04:09.788 [JavaFX Application Thread] INFO  Engine               - Source code and latest versions at: https://github.com/AlmasB/FXGL
12:04:09.789 [JavaFX Application Thread] INFO  Engine               -       Ask questions and discuss at: https://github.com/AlmasB/FXGL/discussions
12:04:09.789 [JavaFX Application Thread] INFO  Engine               -              Join the FXGL chat at: https://gitter.im/AlmasB/FXGL
12:04:09.954 [JavaFX Application Thread] DEBUG PrimaryStageWindow   - Creating a JavaFX scene
12:04:10.068 [JavaFX Application Thread] DEBUG PrimaryStageWindow   - Target settings size: 720.0 x 720.0
12:04:10.069 [JavaFX Application Thread] DEBUG PrimaryStageWindow   - Scaled scene size:    720.0 x 720.0
12:04:10.069 [JavaFX Application Thread] DEBUG PrimaryStageWindow   - Scaled ratio: (1.0, 1.0)
12:04:10.071 [JavaFX Application Thread] DEBUG PrimaryStageWindow   - Set initial scene to FXGLStartupScene
12:04:10.077 [JavaFX Application Thread] DEBUG PrimaryStageWindow   - Opening main window
12:04:10.202 [JavaFX Application Thread] DEBUG PrimaryStageWindow   - Window border size: (16.0, 39.0)
12:04:10.203 [JavaFX Application Thread] DEBUG PrimaryStageWindow   - Scaled size: 720.0 x 720.0
12:04:10.204 [JavaFX Application Thread] DEBUG PrimaryStageWindow   - Scaled ratio: (1.0, 1.0)
12:04:10.204 [JavaFX Application Thread] DEBUG PrimaryStageWindow   - Scene size: 720.0 x 720.0
12:04:10.205 [JavaFX Application Thread] DEBUG PrimaryStageWindow   - Stage size: 736.0 x 759.0
12:04:10.244 [FXGL Background Thread 1 ] DEBUG Engine               - Initializing environment variables
12:04:10.337 [FXGL Background Thread 1 ] DEBUG FXGLAssetLoaderServi - User app class for loading assets: class com.example.flat2d.GameApp
12:04:10.337 [FXGL Background Thread 1 ] DEBUG GameApplicationServi - Applying CSS: fxgl_dark.css
12:04:10.340 [FXGL Background Thread 1 ] DEBUG FXGLAssetLoaderServi - Loading from file system: jar:file:///C:/Users/USER/.m2/repository/com/github/almasb/fxgl/17.3/fxgl-17.3.jar!/fxglassets/ui/css/fxgl_dark.css
12:04:10.432 [FXGL Background Thread 1 ] DEBUG GameApplicationServi - Initializing application scenes
12:04:10.563 [FXGL Background Thread 1 ] DEBUG GameWorld            - Game world initialized
12:04:10.685 [FXGL Background Thread 1 ] DEBUG PhysicsWorld         - Physics world initialized: appHeight=720, physics.ppm=50.0
12:04:10.686 [FXGL Background Thread 1 ] DEBUG PhysicsWorld         - Using strategy: BRUTE_FORCE
12:04:10.691 [FXGL Background Thread 1 ] DEBUG GameScene            - Game scene initialized: 720x720
12:04:10.696 [FXGL Background Thread 1 ] DEBUG FXGLAssetLoaderServi - Loading from file system: file:/C:/Users/USER/IdeaProjects/2DGame/target/classes/assets/textures/background/backg.jpg
12:04:10.787 [FXGL Background Thread 1 ] WARN  FXGL.DefaultMenu     - FXGLDefaultMenu is not designed for resolutions < 800x600
12:04:10.787 [FXGL Background Thread 1 ] DEBUG FXGL.DefaultMenu     - createMenuBodyGameMenu()
12:04:10.813 [FXGL Background Thread 1 ] DEBUG FXGL.DefaultMenu     - createOptionsMenu()
12:04:10.826 [FXGL Background Thread 1 ] DEBUG FXGLAssetLoaderServi - Loading from file system: jar:file:///C:/Users/USER/.m2/repository/com/github/almasb/fxgl/17.3/fxgl-17.3.jar!/fxglassets/textures/particles/smoke.png
12:04:11.004 [FXGL Background Thread 1 ] DEBUG FXGLAssetLoaderServi - Loading from file system: jar:file:///C:/Users/USER/.m2/repository/com/github/almasb/fxgl/17.3/fxgl-17.3.jar!/fxglassets/textures/particles/trace_horizontal.png
12:04:11.057 [FXGL Background Thread 1 ] DEBUG GameApplicationServi - Application scenes initialized
12:04:11.081 [FXGL Background Thread 1 ] DEBUG SystemBundleService  - Loading FXGL system data
12:04:11.089 [FXGL Background Thread 1 ] DEBUG FileSystemAccess     - Reading from: C:\Users\USER\IdeaProjects\2DGame\system\fxgl.bundle
12:04:11.107 [FXGL Background Thread 1 ] DEBUG SystemBundleService  - Bundle FXGL: {}
12:04:11.107 [FXGL Background Thread 1 ] DEBUG UpdaterService       - Checking for updates
12:04:11.194 [FXGL Background Thread 1 ] DEBUG FXGLApplication      - Loading default localization
12:04:11.196 [FXGL Background Thread 1 ] DEBUG FXGLAssetLoaderServi - Loading from file system: jar:file:///C:/Users/USER/.m2/repository/com/github/almasb/fxgl/17.3/fxgl-17.3.jar!/fxglassets/languages/english.lang
12:04:11.193 [FXGL Background Thread 4 ] DEBUG FXGLApplication      - Loading fonts
12:04:11.220 [FXGL Background Thread 4 ] DEBUG FXGLAssetLoaderServi - Loading from file system: jar:file:///C:/Users/USER/.m2/repository/com/github/almasb/fxgl/17.3/fxgl-17.3.jar!/fxglassets/ui/fonts/VarelaRound-Regular.ttf
12:04:11.244 [FXGL Background Thread 1 ] INFO  FXGLApplication      - FXGL initialization took: 1.000 sec
12:04:11.261 [JavaFX Application Thread] DEBUG Input                - Registered new binding: Up - W
12:04:11.261 [JavaFX Application Thread] DEBUG Input                - Registered new binding: Right - D
12:04:11.262 [JavaFX Application Thread] DEBUG Input                - Registered new binding: Left - A
12:04:11.262 [JavaFX Application Thread] DEBUG Input                - Registered new binding: Down - S
12:04:11.264 [JavaFX Application Thread] DEBUG Input                - Registered new binding: IDK - RMB
12:04:11.265 [JavaFX Application Thread] DEBUG FXGLAssetLoaderServi - Loading from file system: file:/C:/Users/USER/IdeaProjects/2DGame/target/classes/assets/music/bgm-music.mp3
12:04:11.301 [FXGL Background Thread 4 ] DEBUG FXGLAssetLoaderServi - Loading from file system: jar:file:///C:/Users/USER/.m2/repository/com/github/almasb/fxgl/17.3/fxgl-17.3.jar!/fxglassets/ui/fonts/Abel-Regular.ttf
12:04:11.308 [FXGL Background Thread 4 ] DEBUG FXGLAssetLoaderServi - Loading from file system: jar:file:///C:/Users/USER/.m2/repository/com/github/almasb/fxgl/17.3/fxgl-17.3.jar!/fxglassets/ui/fonts/TerminalLandMono-Regular.otf
12:04:11.313 [FXGL Background Thread 4 ] DEBUG FXGLAssetLoaderServi - Loading from file system: jar:file:///C:/Users/USER/.m2/repository/com/github/almasb/fxgl/17.3/fxgl-17.3.jar!/fxglassets/ui/fonts/Courier-Prime.ttf
12:04:11.552 [JavaFX Application Thread] DEBUG AudioPlayer          - Playing music com.almasb.fxgl.audio.Music@2fe39365
12:04:11.553 [JavaFX Application Thread] DEBUG FXGLAssetLoaderServi - Loading from file system: jar:file:///C:/Users/USER/.m2/repository/com/github/almasb/fxgl/17.3/fxgl-17.3.jar!/fxglassets/textures/fxgl_icon.png
12:04:11.601 [JavaFX Application Thread] DEBUG FXGLAssetLoaderServi - Loading from file system: jar:file:///C:/Users/USER/.m2/repository/com/github/almasb/fxgl/17.3/fxgl-17.3.jar!/fxglassets/textures/fxgl_default_cursor.png
12:04:11.606 [JavaFX Application Thread] DEBUG Input                - Registered new binding: Screenshot - CTRL+8
12:04:11.607 [JavaFX Application Thread] DEBUG Input                - Registered new binding: Dev Options - 1
12:04:11.607 [JavaFX Application Thread] DEBUG Input                - Registered new binding: Dev Console - 2
12:04:11.608 [JavaFX Application Thread] DEBUG Input                - Registered new binding: System info dump - CTRL+9
12:04:11.608 [JavaFX Application Thread] DEBUG Input                - Registered new binding: Restart - CTRL+R
12:04:11.610 [JavaFX Application Thread] DEBUG Input                - Registered new binding: Toggle Debug Camera - CTRL+7
12:04:11.615 [JavaFX Application Thread] DEBUG LoopRunner           - Starting loop
12:04:11.626 [JavaFX Application Thread] DEBUG LoopRunner           - Initializing JavaFX AnimationTimerLoop
12:04:11.630 [JavaFX Application Thread] DEBUG Input                - Clearing active input actions
12:04:11.643 [JavaFX Application Thread] DEBUG GameApplicationServi - Removing overlay from FXGLStartupScene and adding to FXGLMainMenuDummyScene
12:04:11.657 [JavaFX Application Thread] DEBUG PrimaryStageWindow   - FXGLStartupScene -> FXGLMainMenuDummyScene
12:04:11.657 [JavaFX Application Thread] DEBUG PrimaryStageWindow   - Push state: GameMainMenu
12:04:11.657 [JavaFX Application Thread] DEBUG Input                - Clearing active input actions
12:04:11.668 [JavaFX Application Thread] DEBUG GameApplicationServi - Removing overlay from FXGLMainMenuDummyScene and adding to GameMainMenu
12:04:11.669 [JavaFX Application Thread] DEBUG PrimaryStageWindow   - FXGLMainMenuDummyScene -> GameMainMenu
12:04:11.682 [JavaFX Application Thread] DEBUG FXGLApplication      - Registering font factories with UI factory
12:04:12.353 [FXGL Background Thread 2 ] INFO  UpdaterService       - Your current version:  17.3
12:04:12.353 [FXGL Background Thread 2 ] INFO  UpdaterService       - Latest stable version: 21.1
12:04:14.191 [FXGL Background Thread 3 ] DEBUG Engine               - Logging environment variables
12:04:14.193 [FXGL Background Thread 3 ] DEBUG Engine               - achievements: []
12:04:14.193 [FXGL Background Thread 3 ] DEBUG Engine               - actualHeight: 720.0
12:04:14.194 [FXGL Background Thread 3 ] DEBUG Engine               - actualHeightProperty: ReadOnlyDoubleProperty [value: 720.0]
12:04:14.195 [FXGL Background Thread 3 ] DEBUG Engine               - actualWidth: 720.0
12:04:14.195 [FXGL Background Thread 3 ] DEBUG Engine               - actualWidthProperty: ReadOnlyDoubleProperty [value: 720.0]
12:04:14.196 [FXGL Background Thread 3 ] DEBUG Engine               - appIcon: fxgl_icon.png
12:04:14.197 [FXGL Background Thread 3 ] DEBUG Engine               - applicationMode: DEVELOPER
12:04:14.197 [FXGL Background Thread 3 ] DEBUG Engine               - cSSList: [fxgl_dark.css]
12:04:14.199 [FXGL Background Thread 3 ] DEBUG Engine               - collisionDetectionStrategy: BRUTE_FORCE
12:04:14.199 [FXGL Background Thread 3 ] DEBUG Engine               - configClass: Optional.empty
12:04:14.199 [FXGL Background Thread 3 ] DEBUG Engine               - credits: []
12:04:14.201 [FXGL Background Thread 3 ] DEBUG Engine               - defaultCursor: CursorInfo(imageName=fxgl_default_cursor.png, hotspotX=7.0, hotspotY=6.0)
12:04:14.202 [FXGL Background Thread 3 ] DEBUG Engine               - devBBoxColorProperty: ObjectProperty [value: 0xff0000ff]
12:04:14.202 [FXGL Background Thread 3 ] DEBUG Engine               - devEnableDebugCameraProperty: BooleanProperty [value: false]
12:04:14.203 [FXGL Background Thread 3 ] DEBUG Engine               - devSensorColorProperty: ObjectProperty [value: 0xffff00ff]
12:04:14.204 [FXGL Background Thread 3 ] DEBUG Engine               - devShowBBoxProperty: BooleanProperty [value: false]
12:04:14.204 [FXGL Background Thread 3 ] DEBUG Engine               - devShowPositionProperty: BooleanProperty [value: false]
12:04:14.205 [FXGL Background Thread 3 ] DEBUG Engine               - enabledMenuItems: []
12:04:14.205 [FXGL Background Thread 3 ] DEBUG Engine               - engineServices: [class com.almasb.fxgl.app.services.FXGLAssetLoaderService, class com.almasb.fxgl.app.FXGLApplication$GameApplicationService, class com.almasb.fxgl.app.services.FXGLDialogService, class com.almasb.fxgl.app.services.IOTaskExecutorService, class com.almasb.fxgl.io.FileSystemService, class com.almasb.fxgl.localization.LocalizationService, class com.almasb.fxgl.app.services.SystemBundleService, class com.almasb.fxgl.profile.SaveLoadService, class com.almasb.fxgl.ui.FXGLUIFactoryServiceProvider, class com.almasb.fxgl.ui.FXGLDialogFactoryServiceProvider, class com.almasb.fxgl.audio.AudioPlayer, class com.almasb.fxgl.notification.impl.NotificationServiceProvider, class com.almasb.fxgl.achievement.AchievementService, class com.almasb.fxgl.cutscene.CutsceneService, class com.almasb.fxgl.minigames.MiniGameService, class com.almasb.fxgl.net.NetService, class com.almasb.fxgl.app.services.UpdaterService, class com.almasb.fxgl.dev.DevService]
12:04:14.205 [FXGL Background Thread 3 ] DEBUG Engine               - fontGame: Abel-Regular.ttf
12:04:14.206 [FXGL Background Thread 3 ] DEBUG Engine               - fontMono: TerminalLandMono-Regular.otf
12:04:14.206 [FXGL Background Thread 3 ] DEBUG Engine               - fontSizeScaleUI: 1.0
12:04:14.207 [FXGL Background Thread 3 ] DEBUG Engine               - fontText: Courier-Prime.ttf
12:04:14.208 [FXGL Background Thread 3 ] DEBUG Engine               - fontUI: VarelaRound-Regular.ttf
12:04:14.208 [FXGL Background Thread 3 ] DEBUG Engine               - fullScreen: BooleanProperty [value: false]
12:04:14.208 [FXGL Background Thread 3 ] DEBUG Engine               - gameDifficulty: MEDIUM
12:04:14.208 [FXGL Background Thread 3 ] DEBUG Engine               - gameDifficultyProperty: ObjectProperty [value: MEDIUM]
12:04:14.209 [FXGL Background Thread 3 ] DEBUG Engine               - globalMusicVolume: 0.5
12:04:14.210 [FXGL Background Thread 3 ] DEBUG Engine               - globalMusicVolumeProperty: DoubleProperty [value: 0.25]
12:04:14.210 [FXGL Background Thread 3 ] DEBUG Engine               - globalSoundVolume: 0.5
12:04:14.211 [FXGL Background Thread 3 ] DEBUG Engine               - globalSoundVolumeProperty: DoubleProperty [value: 0.5]
12:04:14.212 [FXGL Background Thread 3 ] DEBUG Engine               - height: 720
12:04:14.213 [FXGL Background Thread 3 ] DEBUG Engine               - is3D: false
12:04:14.214 [FXGL Background Thread 3 ] DEBUG Engine               - isAndroid: false
12:04:14.214 [FXGL Background Thread 3 ] DEBUG Engine               - isBrowser: false
12:04:14.214 [FXGL Background Thread 3 ] DEBUG Engine               - isClickFeedbackEnabled: false
12:04:14.214 [FXGL Background Thread 3 ] DEBUG Engine               - isCloseConfirmation: false
12:04:14.215 [FXGL Background Thread 3 ] DEBUG Engine               - isDesktop: true
12:04:14.215 [FXGL Background Thread 3 ] DEBUG Engine               - isDeveloperMenuEnabled: true
12:04:14.215 [FXGL Background Thread 3 ] DEBUG Engine               - isEmbedded: false
12:04:14.216 [FXGL Background Thread 3 ] DEBUG Engine               - isEntityPreloadEnabled: true
12:04:14.216 [FXGL Background Thread 3 ] DEBUG Engine               - isExperimentalTiledLargeMap: false
12:04:14.216 [FXGL Background Thread 3 ] DEBUG Engine               - isFileSystemWriteAllowed: true
12:04:14.218 [FXGL Background Thread 3 ] DEBUG Engine               - isFullScreenAllowed: false
12:04:14.218 [FXGL Background Thread 3 ] DEBUG Engine               - isFullScreenFromStart: false
12:04:14.218 [FXGL Background Thread 3 ] DEBUG Engine               - isGameMenuEnabled: true
12:04:14.218 [FXGL Background Thread 3 ] DEBUG Engine               - isIOS: false
12:04:14.218 [FXGL Background Thread 3 ] DEBUG Engine               - isIntroEnabled: false
12:04:14.218 [FXGL Background Thread 3 ] DEBUG Engine               - isLinux: false
12:04:14.219 [FXGL Background Thread 3 ] DEBUG Engine               - isMac: false
12:04:14.219 [FXGL Background Thread 3 ] DEBUG Engine               - isMainMenuEnabled: true
12:04:14.220 [FXGL Background Thread 3 ] DEBUG Engine               - isManualResizeEnabled: false
12:04:14.220 [FXGL Background Thread 3 ] DEBUG Engine               - isMobile: false
12:04:14.220 [FXGL Background Thread 3 ] DEBUG Engine               - isNative: false
12:04:14.220 [FXGL Background Thread 3 ] DEBUG Engine               - isPauseMusicWhenMinimized: true
12:04:14.222 [FXGL Background Thread 3 ] DEBUG Engine               - isPreserveResizeRatio: false
12:04:14.223 [FXGL Background Thread 3 ] DEBUG Engine               - isProfilingEnabled: false
12:04:14.224 [FXGL Background Thread 3 ] DEBUG Engine               - isScaleAffectedOnResize: true
12:04:14.224 [FXGL Background Thread 3 ] DEBUG Engine               - isSingleStep: false
12:04:14.224 [FXGL Background Thread 3 ] DEBUG Engine               - isUserProfileEnabled: false
12:04:14.225 [FXGL Background Thread 3 ] DEBUG Engine               - isWindows: true
12:04:14.225 [FXGL Background Thread 3 ] DEBUG Engine               - language: ObjectProperty [value: ENGLISH]
12:04:14.225 [FXGL Background Thread 3 ] DEBUG Engine               - menuKey: ESCAPE
12:04:14.226 [FXGL Background Thread 3 ] DEBUG Engine               - mouseSensitivity: 0.2
12:04:14.226 [FXGL Background Thread 3 ] DEBUG Engine               - notificationViewClass: class com.almasb.fxgl.notification.view.XboxNotificationView
12:04:14.227 [FXGL Background Thread 3 ] DEBUG Engine               - pixelsPerMeter: 50.0
12:04:14.227 [FXGL Background Thread 3 ] DEBUG Engine               - platform: WINDOWS
12:04:14.227 [FXGL Background Thread 3 ] DEBUG Engine               - prefHeightProperty: ReadOnlyDoubleProperty [value: 720.0]
12:04:14.228 [FXGL Background Thread 3 ] DEBUG Engine               - prefWidthProperty: ReadOnlyDoubleProperty [value: 720.0]
12:04:14.228 [FXGL Background Thread 3 ] DEBUG Engine               - profileDir: profiles/
12:04:14.229 [FXGL Background Thread 3 ] DEBUG Engine               - profileName: StringProperty [value: DEFAULT]
12:04:14.229 [FXGL Background Thread 3 ] DEBUG Engine               - randomSeed: -1
12:04:14.230 [FXGL Background Thread 3 ] DEBUG Engine               - runtimeInfo: RuntimeInfo(platform=WINDOWS, version=17.3, build=30.03.2023 11.49)
12:04:14.231 [FXGL Background Thread 3 ] DEBUG Engine               - saveFileExt: sav
12:04:14.231 [FXGL Background Thread 3 ] DEBUG Engine               - scaledHeightProp$fxgl: DoubleProperty [bound, value: 720.0]
12:04:14.231 [FXGL Background Thread 3 ] DEBUG Engine               - scaledWidthProp$fxgl: DoubleProperty [bound, value: 720.0]
12:04:14.233 [FXGL Background Thread 3 ] DEBUG Engine               - sceneFactory: com.example.flat2d.GameApp$1@83a6b1e
12:04:14.233 [FXGL Background Thread 3 ] DEBUG Engine               - secondsIn24h: 60
12:04:14.234 [FXGL Background Thread 3 ] DEBUG Engine               - soundMenuBack: menu/back.wav
12:04:14.234 [FXGL Background Thread 3 ] DEBUG Engine               - soundMenuPress: menu/press.wav
12:04:14.234 [FXGL Background Thread 3 ] DEBUG Engine               - soundMenuSelect: menu/select.wav
12:04:14.235 [FXGL Background Thread 3 ] DEBUG Engine               - soundNotification: core/notification.wav
12:04:14.235 [FXGL Background Thread 3 ] DEBUG Engine               - stageStyle: DECORATED
12:04:14.235 [FXGL Background Thread 3 ] DEBUG Engine               - supportedLanguages: [ENGLISH, FRENCH, GERMAN, HUNGARIAN, RUSSIAN]
12:04:14.236 [FXGL Background Thread 3 ] DEBUG Engine               - ticksPerSecond: -1
12:04:14.236 [FXGL Background Thread 3 ] DEBUG Engine               - title: Adventures of Sir Vim Zarado
12:04:14.236 [FXGL Background Thread 3 ] DEBUG Engine               - urlGithub: https://github.com/AlmasB/FXGL
12:04:14.237 [FXGL Background Thread 3 ] DEBUG Engine               - urlLeaderboard: http://fxgl-top.herokuapp.com/
12:04:14.237 [FXGL Background Thread 3 ] DEBUG Engine               - urlPOM: https://raw.githubusercontent.com/AlmasB/FXGL/release/README.md
12:04:14.237 [FXGL Background Thread 3 ] DEBUG Engine               - userAppClass: class com.example.flat2d.GameApp
12:04:14.238 [FXGL Background Thread 3 ] DEBUG Engine               - version: 0.0
12:04:14.238 [FXGL Background Thread 3 ] DEBUG Engine               - versionCheckDays: 7
12:04:14.238 [FXGL Background Thread 3 ] DEBUG Engine               - width: 720
12:04:14.239 [FXGL Background Thread 3 ] DEBUG Engine               - Logging services
12:04:14.240 [FXGL Background Thread 3 ] DEBUG Engine               - class com.almasb.fxgl.app.services.FXGLAssetLoaderService
12:04:14.240 [FXGL Background Thread 3 ] DEBUG Engine               - class com.almasb.fxgl.app.FXGLApplication$GameApplicationService
12:04:14.240 [FXGL Background Thread 3 ] DEBUG Engine               - class com.almasb.fxgl.app.services.FXGLDialogService
12:04:14.241 [FXGL Background Thread 3 ] DEBUG Engine               - class com.almasb.fxgl.app.services.IOTaskExecutorService
12:04:14.242 [FXGL Background Thread 3 ] DEBUG Engine               - class com.almasb.fxgl.io.FileSystemService
12:04:14.243 [FXGL Background Thread 3 ] DEBUG Engine               - class com.almasb.fxgl.localization.LocalizationService
12:04:14.243 [FXGL Background Thread 3 ] DEBUG Engine               - class com.almasb.fxgl.app.services.SystemBundleService
12:04:14.244 [FXGL Background Thread 3 ] DEBUG Engine               - class com.almasb.fxgl.profile.SaveLoadService
12:04:14.244 [FXGL Background Thread 3 ] DEBUG Engine               - class com.almasb.fxgl.ui.FXGLUIFactoryServiceProvider
12:04:14.244 [FXGL Background Thread 3 ] DEBUG Engine               - class com.almasb.fxgl.ui.FXGLDialogFactoryServiceProvider
12:04:14.245 [FXGL Background Thread 3 ] DEBUG Engine               - class com.almasb.fxgl.audio.AudioPlayer
12:04:14.245 [FXGL Background Thread 3 ] DEBUG Engine               - class com.almasb.fxgl.notification.impl.NotificationServiceProvider
12:04:14.245 [FXGL Background Thread 3 ] DEBUG Engine               - class com.almasb.fxgl.achievement.AchievementService
12:04:14.245 [FXGL Background Thread 3 ] DEBUG Engine               - class com.almasb.fxgl.cutscene.CutsceneService
12:04:14.246 [FXGL Background Thread 3 ] DEBUG Engine               - class com.almasb.fxgl.minigames.MiniGameService
12:04:14.246 [FXGL Background Thread 3 ] DEBUG Engine               - class com.almasb.fxgl.net.NetService
12:04:14.246 [FXGL Background Thread 3 ] DEBUG Engine               - class com.almasb.fxgl.app.services.UpdaterService
12:04:14.246 [FXGL Background Thread 3 ] DEBUG Engine               - class com.almasb.fxgl.dev.DevService
12:04:16.517 [JavaFX Application Thread] DEBUG FXGLApplication      - Exiting FXGL
12:04:16.517 [JavaFX Application Thread] DEBUG LoopRunner           - Stopping loop
12:04:16.518 [JavaFX Application Thread] DEBUG SystemBundleService  - Saving FXGL system data
12:04:16.525 [JavaFX Application Thread] DEBUG FileSystemAccess     - Writing to: C:\Users\USER\IdeaProjects\2DGame\system\fxgl.bundle
12:04:16.536 [JavaFX Application Thread] DEBUG Async                - Shutting down background threads
12:04:16.537 [JavaFX Application Thread] DEBUG PrimaryStageWindow   - Closing main window
12:04:16.562 [JavaFX Application Thread] DEBUG Logger               - Closing Logger
