12:45:55.097 [main                     ] DEBUG Logger               - Configured Logger
12:45:55.117 [main                     ] DEBUG GameApplication      - Logging settings
Title: Adventures of Sir Vim Zarado
Version: 0.0
Width: 720
Height: 720
Fullscreen: false
Intro: false
Profiling: false
Single step:false
App Mode: DEVELOPER
Menu Key: ESCAPE
Stage Style: DECORATED
Scene Factory: class com.example.flat2d.GameApp$1

12:45:55.487 [JavaFX Application Thread] DEBUG FXGLApplication      - Initializing FXGL
12:45:55.492 [JavaFX Application Thread] INFO  Engine               - FXGL-17.3 (30.03.2023 11.49) on WINDOWS (J:21.0.2 FX:21)
12:45:55.493 [JavaFX Application Thread] DEBUG Engine               - JRE Vendor Name: Oracle Corporation
12:45:55.493 [JavaFX Application Thread] DEBUG Engine               - Running on OS: Windows 10 version 10.0
12:45:55.493 [JavaFX Application Thread] DEBUG Engine               - Architecture: amd64
12:45:55.494 [JavaFX Application Thread] INFO  Engine               - Source code and latest versions at: https://github.com/AlmasB/FXGL
12:45:55.494 [JavaFX Application Thread] INFO  Engine               -       Ask questions and discuss at: https://github.com/AlmasB/FXGL/discussions
12:45:55.494 [JavaFX Application Thread] INFO  Engine               -              Join the FXGL chat at: https://gitter.im/AlmasB/FXGL
12:45:55.629 [JavaFX Application Thread] DEBUG PrimaryStageWindow   - Creating a JavaFX scene
12:45:55.681 [JavaFX Application Thread] DEBUG PrimaryStageWindow   - Target settings size: 720.0 x 720.0
12:45:55.681 [JavaFX Application Thread] DEBUG PrimaryStageWindow   - Scaled scene size:    720.0 x 720.0
12:45:55.682 [JavaFX Application Thread] DEBUG PrimaryStageWindow   - Scaled ratio: (1.0, 1.0)
12:45:55.683 [JavaFX Application Thread] DEBUG PrimaryStageWindow   - Set initial scene to FXGLStartupScene
12:45:55.687 [JavaFX Application Thread] DEBUG PrimaryStageWindow   - Opening main window
12:45:55.771 [JavaFX Application Thread] DEBUG PrimaryStageWindow   - Window border size: (16.0, 39.0)
12:45:55.771 [JavaFX Application Thread] DEBUG PrimaryStageWindow   - Scaled size: 720.0 x 720.0
12:45:55.772 [JavaFX Application Thread] DEBUG PrimaryStageWindow   - Scaled ratio: (1.0, 1.0)
12:45:55.773 [JavaFX Application Thread] DEBUG PrimaryStageWindow   - Scene size: 720.0 x 720.0
12:45:55.773 [JavaFX Application Thread] DEBUG PrimaryStageWindow   - Stage size: 736.0 x 759.0
12:45:55.783 [FXGL Background Thread 1 ] DEBUG Engine               - Initializing environment variables
12:45:55.852 [FXGL Background Thread 1 ] DEBUG FXGLAssetLoaderServi - User app class for loading assets: class com.example.flat2d.GameApp
12:45:55.852 [FXGL Background Thread 1 ] DEBUG GameApplicationServi - Applying CSS: fxgl_dark.css
12:45:55.853 [FXGL Background Thread 1 ] DEBUG FXGLAssetLoaderServi - Loading from file system: jar:file:///C:/Users/USER/.m2/repository/com/github/almasb/fxgl/17.3/fxgl-17.3.jar!/fxglassets/ui/css/fxgl_dark.css
12:45:55.917 [FXGL Background Thread 1 ] DEBUG GameApplicationServi - Initializing application scenes
12:45:55.991 [FXGL Background Thread 1 ] DEBUG GameWorld            - Game world initialized
12:45:56.077 [FXGL Background Thread 1 ] DEBUG PhysicsWorld         - Physics world initialized: appHeight=720, physics.ppm=50.0
12:45:56.077 [FXGL Background Thread 1 ] DEBUG PhysicsWorld         - Using strategy: BRUTE_FORCE
12:45:56.084 [FXGL Background Thread 1 ] DEBUG GameScene            - Game scene initialized: 720x720
12:45:56.087 [FXGL Background Thread 1 ] DEBUG FXGLAssetLoaderServi - Loading from file system: file:/C:/Users/USER/IdeaProjects/CSIT228-F3-Finals/target/classes/assets/textures/background/main-screen.jpg
12:45:56.196 [FXGL Background Thread 1 ] DEBUG FXGLAssetLoaderServi - Loading from file system: file:/C:/Users/USER/IdeaProjects/CSIT228-F3-Finals/target/classes/assets/textures/profile-pic.jpg
12:45:56.214 [FXGL Background Thread 1 ] WARN  FXGL.DefaultMenu     - FXGLDefaultMenu is not designed for resolutions < 800x600
12:45:56.214 [FXGL Background Thread 1 ] DEBUG FXGL.DefaultMenu     - createMenuBodyGameMenu()
12:45:56.230 [FXGL Background Thread 1 ] DEBUG FXGL.DefaultMenu     - createOptionsMenu()
12:45:56.239 [FXGL Background Thread 1 ] DEBUG FXGLAssetLoaderServi - Loading from file system: jar:file:///C:/Users/USER/.m2/repository/com/github/almasb/fxgl/17.3/fxgl-17.3.jar!/fxglassets/textures/particles/smoke.png
12:45:56.346 [FXGL Background Thread 1 ] DEBUG FXGLAssetLoaderServi - Loading from file system: jar:file:///C:/Users/USER/.m2/repository/com/github/almasb/fxgl/17.3/fxgl-17.3.jar!/fxglassets/textures/particles/trace_horizontal.png
12:45:56.393 [FXGL Background Thread 1 ] DEBUG GameApplicationServi - Application scenes initialized
12:45:56.408 [FXGL Background Thread 1 ] DEBUG SystemBundleService  - Loading FXGL system data
12:45:56.413 [FXGL Background Thread 1 ] DEBUG FileSystemAccess     - Reading from: C:\Users\USER\IdeaProjects\CSIT228-F3-Finals\system\fxgl.bundle
12:45:56.426 [FXGL Background Thread 1 ] DEBUG SystemBundleService  - Bundle FXGL: {}
12:45:56.427 [FXGL Background Thread 1 ] DEBUG UpdaterService       - Checking for updates
12:45:56.458 [FXGL Background Thread 1 ] DEBUG FXGLApplication      - Loading default localization
12:45:56.460 [FXGL Background Thread 1 ] DEBUG FXGLAssetLoaderServi - Loading from file system: jar:file:///C:/Users/USER/.m2/repository/com/github/almasb/fxgl/17.3/fxgl-17.3.jar!/fxglassets/languages/english.lang
12:45:56.482 [FXGL Background Thread 1 ] INFO  FXGLApplication      - FXGL initialization took: 0.699 sec
12:45:56.494 [JavaFX Application Thread] DEBUG Input                - Registered new binding: Up - W
12:45:56.494 [JavaFX Application Thread] DEBUG Input                - Registered new binding: Right - D
12:45:56.494 [JavaFX Application Thread] DEBUG Input                - Registered new binding: Left - A
12:45:56.495 [JavaFX Application Thread] DEBUG Input                - Registered new binding: Down - S
12:45:56.496 [JavaFX Application Thread] DEBUG Input                - Registered new binding: IDK - RMB
12:45:56.496 [JavaFX Application Thread] DEBUG FXGLAssetLoaderServi - Loading from file system: file:/C:/Users/USER/IdeaProjects/CSIT228-F3-Finals/target/classes/assets/music/opening.mp3
12:45:56.495 [FXGL Background Thread 4 ] DEBUG FXGLApplication      - Loading fonts
12:45:56.498 [FXGL Background Thread 4 ] DEBUG FXGLAssetLoaderServi - Loading from file system: jar:file:///C:/Users/USER/.m2/repository/com/github/almasb/fxgl/17.3/fxgl-17.3.jar!/fxglassets/ui/fonts/VarelaRound-Regular.ttf
12:45:56.654 [FXGL Background Thread 4 ] DEBUG FXGLAssetLoaderServi - Loading from file system: jar:file:///C:/Users/USER/.m2/repository/com/github/almasb/fxgl/17.3/fxgl-17.3.jar!/fxglassets/ui/fonts/Abel-Regular.ttf
12:45:56.669 [FXGL Background Thread 4 ] DEBUG FXGLAssetLoaderServi - Loading from file system: jar:file:///C:/Users/USER/.m2/repository/com/github/almasb/fxgl/17.3/fxgl-17.3.jar!/fxglassets/ui/fonts/TerminalLandMono-Regular.otf
12:45:56.692 [FXGL Background Thread 4 ] DEBUG FXGLAssetLoaderServi - Loading from file system: jar:file:///C:/Users/USER/.m2/repository/com/github/almasb/fxgl/17.3/fxgl-17.3.jar!/fxglassets/ui/fonts/Courier-Prime.ttf
12:45:56.729 [JavaFX Application Thread] DEBUG AudioPlayer          - Playing music com.almasb.fxgl.audio.Music@1ce5534e
12:45:56.730 [JavaFX Application Thread] DEBUG FXGLAssetLoaderServi - Loading from file system: jar:file:///C:/Users/USER/.m2/repository/com/github/almasb/fxgl/17.3/fxgl-17.3.jar!/fxglassets/textures/fxgl_icon.png
12:45:56.775 [JavaFX Application Thread] DEBUG FXGLAssetLoaderServi - Loading from file system: jar:file:///C:/Users/USER/.m2/repository/com/github/almasb/fxgl/17.3/fxgl-17.3.jar!/fxglassets/textures/fxgl_default_cursor.png
12:45:56.777 [JavaFX Application Thread] DEBUG Input                - Registered new binding: Screenshot - CTRL+8
12:45:56.778 [JavaFX Application Thread] DEBUG Input                - Registered new binding: Dev Options - 1
12:45:56.778 [JavaFX Application Thread] DEBUG Input                - Registered new binding: Dev Console - 2
12:45:56.779 [JavaFX Application Thread] DEBUG Input                - Registered new binding: System info dump - CTRL+9
12:45:56.779 [JavaFX Application Thread] DEBUG Input                - Registered new binding: Restart - CTRL+R
12:45:56.780 [JavaFX Application Thread] DEBUG Input                - Registered new binding: Toggle Debug Camera - CTRL+7
12:45:56.783 [JavaFX Application Thread] DEBUG LoopRunner           - Starting loop
12:45:56.790 [JavaFX Application Thread] DEBUG LoopRunner           - Initializing JavaFX AnimationTimerLoop
12:45:56.793 [JavaFX Application Thread] DEBUG Input                - Clearing active input actions
12:45:56.804 [JavaFX Application Thread] DEBUG GameApplicationServi - Removing overlay from FXGLStartupScene and adding to FXGLMainMenuDummyScene
12:45:56.809 [JavaFX Application Thread] DEBUG PrimaryStageWindow   - FXGLStartupScene -> FXGLMainMenuDummyScene
12:45:56.809 [JavaFX Application Thread] DEBUG PrimaryStageWindow   - Push state: GameMainMenu
12:45:56.809 [JavaFX Application Thread] DEBUG Input                - Clearing active input actions
12:45:56.817 [JavaFX Application Thread] DEBUG GameApplicationServi - Removing overlay from FXGLMainMenuDummyScene and adding to GameMainMenu
12:45:56.817 [JavaFX Application Thread] DEBUG PrimaryStageWindow   - FXGLMainMenuDummyScene -> GameMainMenu
12:45:56.821 [JavaFX Application Thread] DEBUG FXGLApplication      - Registering font factories with UI factory
12:45:57.470 [FXGL Background Thread 2 ] INFO  UpdaterService       - Your current version:  17.3
12:45:57.471 [FXGL Background Thread 2 ] INFO  UpdaterService       - Latest stable version: 21.1
12:45:58.402 [JavaFX Application Thread] DEBUG AudioPlayer          - Stopping music com.almasb.fxgl.audio.Music@1ce5534e
12:45:58.445 [JavaFX Application Thread] DEBUG FXGLAssetLoaderServi - Loading from file system: file:/C:/Users/USER/IdeaProjects/CSIT228-F3-Finals/target/classes/assets/music/game-music.mp3
12:45:58.453 [JavaFX Application Thread] DEBUG AudioPlayer          - Playing music com.almasb.fxgl.audio.Music@241080e2
12:45:58.453 [JavaFX Application Thread] DEBUG Menu                 - fireNewGame()
12:45:58.454 [JavaFX Application Thread] DEBUG GameApplicationServi - Starting new game
12:45:58.454 [JavaFX Application Thread] DEBUG PrimaryStageWindow   - Pop state: GameMainMenu
12:45:58.455 [JavaFX Application Thread] DEBUG Input                - Clearing active input actions
12:45:58.459 [JavaFX Application Thread] DEBUG GameApplicationServi - Removing overlay from GameMainMenu and adding to FXGLMainMenuDummyScene
12:45:58.466 [JavaFX Application Thread] DEBUG PrimaryStageWindow   - FXGLMainMenuDummyScene <- GameMainMenu
12:45:58.467 [JavaFX Application Thread] DEBUG Input                - Clearing active input actions
12:45:58.480 [JavaFX Application Thread] DEBUG GameApplicationServi - Removing overlay from FXGLMainMenuDummyScene and adding to FXGLLoadingScene
12:45:58.481 [JavaFX Application Thread] DEBUG PrimaryStageWindow   - FXGLMainMenuDummyScene -> FXGLLoadingScene
12:45:58.481 [JavaFX Application Thread] DEBUG GameApplicationServi - Clearing previous game
12:45:58.481 [JavaFX Application Thread] DEBUG GameScene            - Clearing game scene
12:45:58.481 [JavaFX Application Thread] DEBUG GameWorld            - Clearing game world
12:45:58.481 [JavaFX Application Thread] DEBUG PhysicsWorld         - Clearing physics world
12:45:58.483 [FXGL Background Thread 2 ] DEBUG FXGLApplication      - Initializing game
12:45:58.555 [FXGL Background Thread 2 ] WARN  TMXLevelLoader       - TiledMap generated from 1.10.2. Supported version: 1.9.0. Some features may not be parsed fully.
12:45:58.620 [FXGL Background Thread 2 ] DEBUG TMXLevelLoader       - Parsed TiledMap: file:/C:/Users/USER/IdeaProjects/CSIT228-F3-Finals/target/classes/assets/levels/tmx/2DGameTiledMap.tmx
12:45:58.626 [FXGL Background Thread 2 ] DEBUG TMXLevelLoader       - Creating tile layer entities
12:45:58.629 [FXGL Background Thread 2 ] DEBUG TilesetLoader        - Loading view for layer floor
12:45:58.642 [FXGL Background Thread 2 ] DEBUG TilesetLoader        - Created buffer with size 2304.0x2304.0
12:45:58.746 [FXGL Background Thread 2 ] DEBUG TilesetLoader        - Loading view for layer stuff
12:45:58.758 [FXGL Background Thread 2 ] DEBUG TilesetLoader        - Created buffer with size 2304.0x2304.0
12:45:58.765 [FXGL Background Thread 2 ] DEBUG TilesetLoader        - Loading view for layer decor
12:45:58.777 [FXGL Background Thread 2 ] DEBUG TilesetLoader        - Created buffer with size 2304.0x2304.0
12:45:58.784 [FXGL Background Thread 2 ] DEBUG TilesetLoader        - Loading view for layer more
12:45:58.797 [FXGL Background Thread 2 ] DEBUG TilesetLoader        - Created buffer with size 2304.0x2304.0
12:45:58.800 [FXGL Background Thread 2 ] DEBUG TMXLevelLoader       - Creating object layer entities
12:45:58.876 [FXGL Background Thread 2 ] DEBUG FXGLAssetLoaderServi - Loading from file system: file:/C:/Users/USER/IdeaProjects/CSIT228-F3-Finals/target/classes/assets/textures/background/torch.gif
12:45:58.929 [FXGL Background Thread 2 ] DEBUG FXGLAssetLoaderServi - Loading from file system: file:/C:/Users/USER/IdeaProjects/CSIT228-F3-Finals/target/classes/assets/textures/background/eyes-hole.gif
12:45:59.018 [FXGL Background Thread 2 ] DEBUG GameWorld            - Clearing removable entities
12:45:59.018 [FXGL Background Thread 2 ] DEBUG GameWorld            - Setting level: com.almasb.fxgl.entity.level.Level@368a9012
12:45:59.027 [FXGL Background Thread 2 ] DEBUG FXGLAssetLoaderServi - Loading from file system: file:/C:/Users/USER/IdeaProjects/CSIT228-F3-Finals/target/classes/assets/textures/player/lecatmoves.png
12:45:59.028 [FXGL Background Thread 2 ] DEBUG FXGLAssetLoaderServi - Loading from file system: file:/C:/Users/USER/IdeaProjects/CSIT228-F3-Finals/target/classes/assets/textures/player/CatOne.png
12:45:59.029 [FXGL Background Thread 2 ] DEBUG FXGLAssetLoaderServi - Loading from file system: file:/C:/Users/USER/IdeaProjects/CSIT228-F3-Finals/target/classes/assets/textures/player/CatThree.png
12:45:59.030 [FXGL Background Thread 2 ] DEBUG FXGLAssetLoaderServi - Loading from file system: file:/C:/Users/USER/IdeaProjects/CSIT228-F3-Finals/target/classes/assets/textures/player/CatFour.png
12:45:59.054 [FXGL Background Thread 2 ] INFO  FXGLApplication      - Game initialization took: 0.572 sec
12:45:59.057 [JavaFX Application Thread] DEBUG Input                - Clearing active input actions
12:45:59.065 [JavaFX Application Thread] DEBUG GameApplicationServi - Removing overlay from FXGLLoadingScene and adding to GameScene
12:45:59.072 [JavaFX Application Thread] DEBUG PrimaryStageWindow   - FXGLLoadingScene -> GameScene
12:45:59.455 [FXGL Background Thread 3 ] DEBUG Engine               - Logging environment variables
12:45:59.457 [FXGL Background Thread 3 ] DEBUG Engine               - achievements: []
12:45:59.457 [FXGL Background Thread 3 ] DEBUG Engine               - actualHeight: 720.0
12:45:59.458 [FXGL Background Thread 3 ] DEBUG Engine               - actualHeightProperty: ReadOnlyDoubleProperty [value: 720.0]
12:45:59.458 [FXGL Background Thread 3 ] DEBUG Engine               - actualWidth: 720.0
12:45:59.458 [FXGL Background Thread 3 ] DEBUG Engine               - actualWidthProperty: ReadOnlyDoubleProperty [value: 720.0]
12:45:59.458 [FXGL Background Thread 3 ] DEBUG Engine               - appIcon: fxgl_icon.png
12:45:59.459 [FXGL Background Thread 3 ] DEBUG Engine               - applicationMode: DEVELOPER
12:45:59.459 [FXGL Background Thread 3 ] DEBUG Engine               - cSSList: [fxgl_dark.css]
12:45:59.459 [FXGL Background Thread 3 ] DEBUG Engine               - collisionDetectionStrategy: BRUTE_FORCE
12:45:59.459 [FXGL Background Thread 3 ] DEBUG Engine               - configClass: Optional[class com.example.flat2d.Misc.Config]
12:45:59.459 [FXGL Background Thread 3 ] DEBUG Engine               - credits: []
12:45:59.460 [FXGL Background Thread 3 ] DEBUG Engine               - defaultCursor: CursorInfo(imageName=fxgl_default_cursor.png, hotspotX=7.0, hotspotY=6.0)
12:45:59.460 [FXGL Background Thread 3 ] DEBUG Engine               - devBBoxColorProperty: ObjectProperty [value: 0xff0000ff]
12:45:59.460 [FXGL Background Thread 3 ] DEBUG Engine               - devEnableDebugCameraProperty: BooleanProperty [value: false]
12:45:59.460 [FXGL Background Thread 3 ] DEBUG Engine               - devSensorColorProperty: ObjectProperty [value: 0xffff00ff]
12:45:59.460 [FXGL Background Thread 3 ] DEBUG Engine               - devShowBBoxProperty: BooleanProperty [value: false]
12:45:59.460 [FXGL Background Thread 3 ] DEBUG Engine               - devShowPositionProperty: BooleanProperty [value: false]
12:45:59.461 [FXGL Background Thread 3 ] DEBUG Engine               - enabledMenuItems: []
12:45:59.461 [FXGL Background Thread 3 ] DEBUG Engine               - engineServices: [class com.almasb.fxgl.app.services.FXGLAssetLoaderService, class com.almasb.fxgl.app.FXGLApplication$GameApplicationService, class com.almasb.fxgl.app.services.FXGLDialogService, class com.almasb.fxgl.app.services.IOTaskExecutorService, class com.almasb.fxgl.io.FileSystemService, class com.almasb.fxgl.localization.LocalizationService, class com.almasb.fxgl.app.services.SystemBundleService, class com.almasb.fxgl.profile.SaveLoadService, class com.almasb.fxgl.ui.FXGLUIFactoryServiceProvider, class com.almasb.fxgl.ui.FXGLDialogFactoryServiceProvider, class com.almasb.fxgl.audio.AudioPlayer, class com.almasb.fxgl.notification.impl.NotificationServiceProvider, class com.almasb.fxgl.achievement.AchievementService, class com.almasb.fxgl.cutscene.CutsceneService, class com.almasb.fxgl.minigames.MiniGameService, class com.almasb.fxgl.net.NetService, class com.almasb.fxgl.app.services.UpdaterService, class com.almasb.fxgl.dev.DevService]
12:45:59.461 [FXGL Background Thread 3 ] DEBUG Engine               - fontGame: Abel-Regular.ttf
12:45:59.461 [FXGL Background Thread 3 ] DEBUG Engine               - fontMono: TerminalLandMono-Regular.otf
12:45:59.461 [FXGL Background Thread 3 ] DEBUG Engine               - fontSizeScaleUI: 1.0
12:45:59.461 [FXGL Background Thread 3 ] DEBUG Engine               - fontText: Courier-Prime.ttf
12:45:59.461 [FXGL Background Thread 3 ] DEBUG Engine               - fontUI: VarelaRound-Regular.ttf
12:45:59.461 [FXGL Background Thread 3 ] DEBUG Engine               - fullScreen: BooleanProperty [value: false]
12:45:59.461 [FXGL Background Thread 3 ] DEBUG Engine               - gameDifficulty: MEDIUM
12:45:59.461 [FXGL Background Thread 3 ] DEBUG Engine               - gameDifficultyProperty: ObjectProperty [value: MEDIUM]
12:45:59.461 [FXGL Background Thread 3 ] DEBUG Engine               - globalMusicVolume: 0.5
12:45:59.461 [FXGL Background Thread 3 ] DEBUG Engine               - globalMusicVolumeProperty: DoubleProperty [value: 0.5]
12:45:59.462 [FXGL Background Thread 3 ] DEBUG Engine               - globalSoundVolume: 0.5
12:45:59.462 [FXGL Background Thread 3 ] DEBUG Engine               - globalSoundVolumeProperty: DoubleProperty [value: 0.25]
12:45:59.462 [FXGL Background Thread 3 ] DEBUG Engine               - height: 720
12:45:59.462 [FXGL Background Thread 3 ] DEBUG Engine               - is3D: false
12:45:59.462 [FXGL Background Thread 3 ] DEBUG Engine               - isAndroid: false
12:45:59.462 [FXGL Background Thread 3 ] DEBUG Engine               - isBrowser: false
12:45:59.462 [FXGL Background Thread 3 ] DEBUG Engine               - isClickFeedbackEnabled: false
12:45:59.462 [FXGL Background Thread 3 ] DEBUG Engine               - isCloseConfirmation: false
12:45:59.462 [FXGL Background Thread 3 ] DEBUG Engine               - isDesktop: true
12:45:59.462 [FXGL Background Thread 3 ] DEBUG Engine               - isDeveloperMenuEnabled: true
12:45:59.462 [FXGL Background Thread 3 ] DEBUG Engine               - isEmbedded: false
12:45:59.462 [FXGL Background Thread 3 ] DEBUG Engine               - isEntityPreloadEnabled: true
12:45:59.462 [FXGL Background Thread 3 ] DEBUG Engine               - isExperimentalTiledLargeMap: false
12:45:59.463 [FXGL Background Thread 3 ] DEBUG Engine               - isFileSystemWriteAllowed: true
12:45:59.463 [FXGL Background Thread 3 ] DEBUG Engine               - isFullScreenAllowed: false
12:45:59.463 [FXGL Background Thread 3 ] DEBUG Engine               - isFullScreenFromStart: false
12:45:59.463 [FXGL Background Thread 3 ] DEBUG Engine               - isGameMenuEnabled: true
12:45:59.463 [FXGL Background Thread 3 ] DEBUG Engine               - isIOS: false
12:45:59.463 [FXGL Background Thread 3 ] DEBUG Engine               - isIntroEnabled: false
12:45:59.463 [FXGL Background Thread 3 ] DEBUG Engine               - isLinux: false
12:45:59.463 [FXGL Background Thread 3 ] DEBUG Engine               - isMac: false
12:45:59.463 [FXGL Background Thread 3 ] DEBUG Engine               - isMainMenuEnabled: true
12:45:59.463 [FXGL Background Thread 3 ] DEBUG Engine               - isManualResizeEnabled: false
12:45:59.463 [FXGL Background Thread 3 ] DEBUG Engine               - isMobile: false
12:45:59.463 [FXGL Background Thread 3 ] DEBUG Engine               - isNative: false
12:45:59.463 [FXGL Background Thread 3 ] DEBUG Engine               - isPauseMusicWhenMinimized: true
12:45:59.464 [FXGL Background Thread 3 ] DEBUG Engine               - isPreserveResizeRatio: false
12:45:59.464 [FXGL Background Thread 3 ] DEBUG Engine               - isProfilingEnabled: false
12:45:59.464 [FXGL Background Thread 3 ] DEBUG Engine               - isScaleAffectedOnResize: true
12:45:59.464 [FXGL Background Thread 3 ] DEBUG Engine               - isSingleStep: false
12:45:59.464 [FXGL Background Thread 3 ] DEBUG Engine               - isUserProfileEnabled: false
12:45:59.464 [FXGL Background Thread 3 ] DEBUG Engine               - isWindows: true
12:45:59.464 [FXGL Background Thread 3 ] DEBUG Engine               - language: ObjectProperty [value: ENGLISH]
12:45:59.464 [FXGL Background Thread 3 ] DEBUG Engine               - menuKey: ESCAPE
12:45:59.464 [FXGL Background Thread 3 ] DEBUG Engine               - mouseSensitivity: 0.2
12:45:59.464 [FXGL Background Thread 3 ] DEBUG Engine               - notificationViewClass: class com.almasb.fxgl.notification.view.XboxNotificationView
12:45:59.464 [FXGL Background Thread 3 ] DEBUG Engine               - pixelsPerMeter: 50.0
12:45:59.464 [FXGL Background Thread 3 ] DEBUG Engine               - platform: WINDOWS
12:45:59.465 [FXGL Background Thread 3 ] DEBUG Engine               - prefHeightProperty: ReadOnlyDoubleProperty [value: 720.0]
12:45:59.465 [FXGL Background Thread 3 ] DEBUG Engine               - prefWidthProperty: ReadOnlyDoubleProperty [value: 720.0]
12:45:59.465 [FXGL Background Thread 3 ] DEBUG Engine               - profileDir: profiles/
12:45:59.465 [FXGL Background Thread 3 ] DEBUG Engine               - profileName: StringProperty [value: DEFAULT]
12:45:59.465 [FXGL Background Thread 3 ] DEBUG Engine               - randomSeed: -1
12:45:59.465 [FXGL Background Thread 3 ] DEBUG Engine               - runtimeInfo: RuntimeInfo(platform=WINDOWS, version=17.3, build=30.03.2023 11.49)
12:45:59.465 [FXGL Background Thread 3 ] DEBUG Engine               - saveFileExt: sav
12:45:59.466 [FXGL Background Thread 3 ] DEBUG Engine               - scaledHeightProp$fxgl: DoubleProperty [bound, value: 720.0]
12:45:59.466 [FXGL Background Thread 3 ] DEBUG Engine               - scaledWidthProp$fxgl: DoubleProperty [bound, value: 720.0]
12:45:59.466 [FXGL Background Thread 3 ] DEBUG Engine               - sceneFactory: com.example.flat2d.GameApp$1@2d90bd08
12:45:59.466 [FXGL Background Thread 3 ] DEBUG Engine               - secondsIn24h: 60
12:45:59.466 [FXGL Background Thread 3 ] DEBUG Engine               - soundMenuBack: menu/back.wav
12:45:59.466 [FXGL Background Thread 3 ] DEBUG Engine               - soundMenuPress: menu/press.wav
12:45:59.466 [FXGL Background Thread 3 ] DEBUG Engine               - soundMenuSelect: menu/select.wav
12:45:59.466 [FXGL Background Thread 3 ] DEBUG Engine               - soundNotification: core/notification.wav
12:45:59.466 [FXGL Background Thread 3 ] DEBUG Engine               - stageStyle: DECORATED
12:45:59.466 [FXGL Background Thread 3 ] DEBUG Engine               - supportedLanguages: [ENGLISH, FRENCH, GERMAN, HUNGARIAN, RUSSIAN]
12:45:59.466 [FXGL Background Thread 3 ] DEBUG Engine               - ticksPerSecond: -1
12:45:59.466 [FXGL Background Thread 3 ] DEBUG Engine               - title: Adventures of Sir Vim Zarado
12:45:59.466 [FXGL Background Thread 3 ] DEBUG Engine               - urlGithub: https://github.com/AlmasB/FXGL
12:45:59.466 [FXGL Background Thread 3 ] DEBUG Engine               - urlLeaderboard: http://fxgl-top.herokuapp.com/
12:45:59.467 [FXGL Background Thread 3 ] DEBUG Engine               - urlPOM: https://raw.githubusercontent.com/AlmasB/FXGL/release/README.md
12:45:59.467 [FXGL Background Thread 3 ] DEBUG Engine               - userAppClass: class com.example.flat2d.GameApp
12:45:59.467 [FXGL Background Thread 3 ] DEBUG Engine               - version: 0.0
12:45:59.467 [FXGL Background Thread 3 ] DEBUG Engine               - versionCheckDays: 7
12:45:59.467 [FXGL Background Thread 3 ] DEBUG Engine               - width: 720
12:45:59.467 [FXGL Background Thread 3 ] DEBUG Engine               - Logging services
12:45:59.468 [FXGL Background Thread 3 ] DEBUG Engine               - class com.almasb.fxgl.app.services.FXGLAssetLoaderService
12:45:59.468 [FXGL Background Thread 3 ] DEBUG Engine               - class com.almasb.fxgl.app.FXGLApplication$GameApplicationService
12:45:59.468 [FXGL Background Thread 3 ] DEBUG Engine               - class com.almasb.fxgl.app.services.FXGLDialogService
12:45:59.468 [FXGL Background Thread 3 ] DEBUG Engine               - class com.almasb.fxgl.app.services.IOTaskExecutorService
12:45:59.468 [FXGL Background Thread 3 ] DEBUG Engine               - class com.almasb.fxgl.io.FileSystemService
12:45:59.468 [FXGL Background Thread 3 ] DEBUG Engine               - class com.almasb.fxgl.localization.LocalizationService
12:45:59.468 [FXGL Background Thread 3 ] DEBUG Engine               - class com.almasb.fxgl.app.services.SystemBundleService
12:45:59.468 [FXGL Background Thread 3 ] DEBUG Engine               - class com.almasb.fxgl.profile.SaveLoadService
12:45:59.468 [FXGL Background Thread 3 ] DEBUG Engine               - class com.almasb.fxgl.ui.FXGLUIFactoryServiceProvider
12:45:59.468 [FXGL Background Thread 3 ] DEBUG Engine               - class com.almasb.fxgl.ui.FXGLDialogFactoryServiceProvider
12:45:59.468 [FXGL Background Thread 3 ] DEBUG Engine               - class com.almasb.fxgl.audio.AudioPlayer
12:45:59.468 [FXGL Background Thread 3 ] DEBUG Engine               - class com.almasb.fxgl.notification.impl.NotificationServiceProvider
12:45:59.469 [FXGL Background Thread 3 ] DEBUG Engine               - class com.almasb.fxgl.achievement.AchievementService
12:45:59.469 [FXGL Background Thread 3 ] DEBUG Engine               - class com.almasb.fxgl.cutscene.CutsceneService
12:45:59.469 [FXGL Background Thread 3 ] DEBUG Engine               - class com.almasb.fxgl.minigames.MiniGameService
12:45:59.469 [FXGL Background Thread 3 ] DEBUG Engine               - class com.almasb.fxgl.net.NetService
12:45:59.469 [FXGL Background Thread 3 ] DEBUG Engine               - class com.almasb.fxgl.app.services.UpdaterService
12:45:59.469 [FXGL Background Thread 3 ] DEBUG Engine               - class com.almasb.fxgl.dev.DevService
12:45:59.831 [JavaFX Application Thread] DEBUG FXGLAssetLoaderServi - Loading from file system: file:/C:/Users/USER/IdeaProjects/CSIT228-F3-Finals/target/classes/assets/textures/skill/spr_bullet_strip.png
12:46:01.060 [JavaFX Application Thread] DEBUG FXGLAssetLoaderServi - Loading from file system: file:/C:/Users/USER/IdeaProjects/CSIT228-F3-Finals/target/classes/assets/textures/basic/NormalWalk2.png
12:46:01.061 [JavaFX Application Thread] DEBUG FXGLAssetLoaderServi - Loading from file system: file:/C:/Users/USER/IdeaProjects/CSIT228-F3-Finals/target/classes/assets/textures/basic/NormalDead2.png
12:46:01.063 [JavaFX Application Thread] DEBUG FXGLAssetLoaderServi - Loading from file system: file:/C:/Users/USER/IdeaProjects/CSIT228-F3-Finals/target/classes/assets/textures/basic/NormalAttack2.png
12:46:05.141 [JavaFX Application Thread] DEBUG LoopRunner           - Stopping loop
12:46:05.142 [JavaFX Application Thread] FATAL FXGLApplication      - Uncaught Exception:
java.lang.IllegalArgumentException: wrong number of arguments: 1 expected: 0
	at java.base/jdk.internal.reflect.DirectMethodHandleAccessor.checkArgumentCount(DirectMethodHandleAccessor.java:329)
	at java.base/jdk.internal.reflect.DirectMethodHandleAccessor.invoke(DirectMethodHandleAccessor.java:101)
	at java.base/java.lang.reflect.Method.invoke(Method.java:580)
	at com.almasb.fxgl.core@17.3/com.almasb.fxgl.core.reflect.ReflectionUtils.call(ReflectionUtils.java:104)
	at com.almasb.fxgl.core@17.3/com.almasb.fxgl.core.reflect.ReflectionUtils.lambda$mapToFunction$3(ReflectionUtils.java:111)
	at com.almasb.fxgl.entity@17.3/com.almasb.fxgl.entity.GameWorld$create$2.invoke(GameWorld.kt:430)
	at com.almasb.fxgl.entity@17.3/com.almasb.fxgl.entity.GameWorld$create$2.invoke(GameWorld.kt:430)
	at com.almasb.fxgl.core@17.3/com.almasb.fxgl.core.util.DSLKt.tryCatchRoot(DSL.kt:34)
	at com.almasb.fxgl.entity@17.3/com.almasb.fxgl.entity.GameWorld.create(GameWorld.kt:430)
	at com.almasb.fxgl.entity@17.3/com.almasb.fxgl.entity.GameWorld.spawn(GameWorld.kt:396)
	at com.almasb.fxgl.entity@17.3/com.almasb.fxgl.entity.GameWorld.spawn(GameWorld.kt:384)
	at com.almasb.fxgl.entity@17.3/com.almasb.fxgl.entity.GameWorld.spawn(GameWorld.kt:359)
	at com.almasb.fxgl.all@17.3/com.almasb.fxgl.dsl.FXGLForKtKt.spawn(FXGLForKt.kt:159)
	at FLAT2D.main/com.example.flat2d.collisions.BasicToEnemyCollision.killEnemy(BasicToEnemyCollision.java:90)
	at FLAT2D.main/com.example.flat2d.collisions.BasicToEnemyCollision.onCollisionBegin(BasicToEnemyCollision.java:48)
	at com.almasb.fxgl.entity@17.3/com.almasb.fxgl.physics.CollisionHandler$1.onCollisionBegin(CollisionHandler.java:92)
	at com.almasb.fxgl.entity@17.3/com.almasb.fxgl.physics.CollisionPair.collisionBegin(CollisionPair.java:37)
	at com.almasb.fxgl.entity@17.3/com.almasb.fxgl.physics.PhysicsWorld.collisionBeginFor(PhysicsWorld.java:453)
	at com.almasb.fxgl.entity@17.3/com.almasb.fxgl.physics.PhysicsWorld.checkCollisionsInGroup(PhysicsWorld.java:405)
	at com.almasb.fxgl.entity@17.3/com.almasb.fxgl.physics.PhysicsWorld.checkCollisions(PhysicsWorld.java:373)
	at com.almasb.fxgl.entity@17.3/com.almasb.fxgl.physics.PhysicsWorld.onUpdate(PhysicsWorld.java:179)
	at com.almasb.fxgl.all@17.3/com.almasb.fxgl.app.scene.GameScene.step(GameScene.kt:229)
	at com.almasb.fxgl.all@17.3/com.almasb.fxgl.app.scene.GameScene.onUpdate(GameScene.kt:224)
	at com.almasb.fxgl.scene@17.3/com.almasb.fxgl.scene.Scene.update(Scene.kt:105)
	at com.almasb.fxgl.all@17.3/com.almasb.fxgl.app.MainWindow$update$1.invoke(MainWindow.kt:115)
	at com.almasb.fxgl.all@17.3/com.almasb.fxgl.app.MainWindow$update$1.invoke(MainWindow.kt:115)
	at com.almasb.fxgl.core@17.3/com.almasb.fxgl.core.fsm.StateMachine.runOnActiveStates(StateMachine.kt:69)
	at com.almasb.fxgl.all@17.3/com.almasb.fxgl.app.MainWindow.update(MainWindow.kt:115)
	at com.almasb.fxgl.all@17.3/com.almasb.fxgl.app.FXGLApplication$GameApplicationService.onUpdate(FXGLApplication.kt:426)
	at com.almasb.fxgl.all@17.3/com.almasb.fxgl.app.Engine.loop(Engine.kt:134)
	at com.almasb.fxgl.all@17.3/com.almasb.fxgl.app.Engine.access$loop(Engine.kt:24)
	at com.almasb.fxgl.all@17.3/com.almasb.fxgl.app.Engine$loop$1.invoke(Engine.kt:28)
	at com.almasb.fxgl.all@17.3/com.almasb.fxgl.app.Engine$loop$1.invoke(Engine.kt:28)
	at com.almasb.fxgl.all@17.3/com.almasb.fxgl.app.LoopRunner.frame(LoopRunner.kt:103)
	at com.almasb.fxgl.all@17.3/com.almasb.fxgl.app.LoopRunner.access$frame(LoopRunner.kt:23)
	at com.almasb.fxgl.all@17.3/com.almasb.fxgl.app.LoopRunner$impl$2$1.onTick(LoopRunner.kt:57)
	at com.almasb.fxgl.all@17.3/com.almasb.fxgl.app.AnimationTimerLoop$timer$1.handle(LoopRunner.kt:137)
	at javafx.graphics@21/javafx.animation.AnimationTimer$AnimationTimerReceiver.lambda$handle$0(AnimationTimer.java:58)
	at java.base/java.security.AccessController.doPrivileged(AccessController.java:400)
	at javafx.graphics@21/javafx.animation.AnimationTimer$AnimationTimerReceiver.handle(AnimationTimer.java:57)
	at javafx.graphics@21/com.sun.scenario.animation.AbstractPrimaryTimer.timePulseImpl(AbstractPrimaryTimer.java:356)
	at javafx.graphics@21/com.sun.scenario.animation.AbstractPrimaryTimer$MainLoop.run(AbstractPrimaryTimer.java:266)
	at javafx.graphics@21/com.sun.javafx.tk.quantum.QuantumToolkit.pulse(QuantumToolkit.java:588)
	at javafx.graphics@21/com.sun.javafx.tk.quantum.QuantumToolkit.pulse(QuantumToolkit.java:572)
	at javafx.graphics@21/com.sun.javafx.tk.quantum.QuantumToolkit.pulseFromQueue(QuantumToolkit.java:565)
	at javafx.graphics@21/com.sun.javafx.tk.quantum.QuantumToolkit.lambda$runToolkit$11(QuantumToolkit.java:352)
	at javafx.graphics@21/com.sun.glass.ui.InvokeLaterDispatcher$Future.run(InvokeLaterDispatcher.java:95)
	at javafx.graphics@21/com.sun.glass.ui.win.WinApplication._runLoop(Native Method)
	at javafx.graphics@21/com.sun.glass.ui.win.WinApplication.lambda$runLoop$3(WinApplication.java:185)
	at java.base/java.lang.Thread.run(Thread.java:1583)

12:46:05.142 [JavaFX Application Thread] FATAL FXGLApplication      - Application will now exit
12:46:05.147 [JavaFX Application Thread] DEBUG PrimaryStageWindow   - Push state: ErrorSubScene
12:46:05.147 [JavaFX Application Thread] DEBUG Input                - Clearing active input actions
12:46:05.148 [JavaFX Application Thread] DEBUG GameApplicationServi - Removing overlay from GameScene and adding to ErrorSubScene
12:46:05.149 [JavaFX Application Thread] DEBUG PrimaryStageWindow   - GameScene -> ErrorSubScene
12:46:33.338 [JavaFX Application Thread] DEBUG FXGLApplication      - Exiting FXGL
12:46:33.339 [JavaFX Application Thread] DEBUG Async                - Shutting down background threads
12:46:33.339 [JavaFX Application Thread] DEBUG PrimaryStageWindow   - Closing main window
12:46:33.363 [JavaFX Application Thread] DEBUG Logger               - Closing Logger
