00:15:35.113 [main                     ] DEBUG Logger               - Configured Logger
00:15:35.135 [main                     ] DEBUG GameApplication      - Logging settings
Title: Adventures of Sir Vim Zarado
Version: 0.0
Width: 720
Height: 720
Fullscreen: false
Intro: false
Profiling: false
Single step:false
App Mode: DEVELOPER
Menu Key: ESCAPE
Stage Style: DECORATED
Scene Factory: class com.example.flat2d.GameApp$1

00:15:35.514 [JavaFX Application Thread] DEBUG FXGLApplication      - Initializing FXGL
00:15:35.519 [JavaFX Application Thread] INFO  Engine               - FXGL-17.3 (30.03.2023 11.49) on WINDOWS (J:21.0.3 FX:21)
00:15:35.519 [JavaFX Application Thread] DEBUG Engine               - JRE Vendor Name: Amazon.com Inc.
00:15:35.520 [JavaFX Application Thread] DEBUG Engine               - Running on OS: Windows 10 version 10.0
00:15:35.520 [JavaFX Application Thread] DEBUG Engine               - Architecture: amd64
00:15:35.520 [JavaFX Application Thread] INFO  Engine               - Source code and latest versions at: https://github.com/AlmasB/FXGL
00:15:35.520 [JavaFX Application Thread] INFO  Engine               -       Ask questions and discuss at: https://github.com/AlmasB/FXGL/discussions
00:15:35.520 [JavaFX Application Thread] INFO  Engine               -              Join the FXGL chat at: https://gitter.im/AlmasB/FXGL
00:15:35.614 [JavaFX Application Thread] DEBUG PrimaryStageWindow   - Creating a JavaFX scene
00:15:35.671 [JavaFX Application Thread] DEBUG PrimaryStageWindow   - Target settings size: 720.0 x 720.0
00:15:35.671 [JavaFX Application Thread] DEBUG PrimaryStageWindow   - Scaled scene size:    720.0 x 720.0
00:15:35.671 [JavaFX Application Thread] DEBUG PrimaryStageWindow   - Scaled ratio: (1.0, 1.0)
00:15:35.672 [JavaFX Application Thread] DEBUG PrimaryStageWindow   - Set initial scene to FXGLStartupScene
00:15:35.676 [JavaFX Application Thread] DEBUG PrimaryStageWindow   - Opening main window
00:15:35.765 [JavaFX Application Thread] DEBUG PrimaryStageWindow   - Window border size: (16.0, 39.0)
00:15:35.765 [JavaFX Application Thread] DEBUG PrimaryStageWindow   - Scaled size: 720.0 x 720.0
00:15:35.765 [JavaFX Application Thread] DEBUG PrimaryStageWindow   - Scaled ratio: (1.0, 1.0)
00:15:35.766 [JavaFX Application Thread] DEBUG PrimaryStageWindow   - Scene size: 720.0 x 720.0
00:15:35.766 [JavaFX Application Thread] DEBUG PrimaryStageWindow   - Stage size: 736.0 x 759.0
00:15:35.775 [FXGL Background Thread 1 ] DEBUG Engine               - Initializing environment variables
00:15:35.834 [FXGL Background Thread 1 ] DEBUG FXGLAssetLoaderServi - User app class for loading assets: class com.example.flat2d.GameApp
00:15:35.835 [FXGL Background Thread 1 ] DEBUG GameApplicationServi - Applying CSS: fxgl_dark.css
00:15:35.836 [FXGL Background Thread 1 ] DEBUG FXGLAssetLoaderServi - Loading from file system: jar:file:///C:/Users/User/.m2/repository/com/github/almasb/fxgl/17.3/fxgl-17.3.jar!/fxglassets/ui/css/fxgl_dark.css
00:15:35.898 [FXGL Background Thread 1 ] DEBUG GameApplicationServi - Initializing application scenes
00:15:35.983 [FXGL Background Thread 1 ] DEBUG GameWorld            - Game world initialized
00:15:36.038 [FXGL Background Thread 1 ] DEBUG PhysicsWorld         - Physics world initialized: appHeight=720, physics.ppm=50.0
00:15:36.039 [FXGL Background Thread 1 ] DEBUG PhysicsWorld         - Using strategy: BRUTE_FORCE
00:15:36.042 [FXGL Background Thread 1 ] DEBUG GameScene            - Game scene initialized: 720x720
00:15:36.045 [FXGL Background Thread 1 ] DEBUG FXGLAssetLoaderServi - Loading from file system: file:/C:/Users/User/IdeaProjects/CSIT228-F3-Finals/target/classes/assets/textures/background/main-screen.jpg
00:15:36.123 [FXGL Background Thread 1 ] DEBUG FXGLAssetLoaderServi - Loading from file system: file:/C:/Users/User/IdeaProjects/CSIT228-F3-Finals/target/classes/assets/textures/profile-pic.jpg
00:15:36.136 [FXGL Background Thread 1 ] WARN  FXGL.DefaultMenu     - FXGLDefaultMenu is not designed for resolutions < 800x600
00:15:36.136 [FXGL Background Thread 1 ] DEBUG FXGL.DefaultMenu     - createMenuBodyGameMenu()
00:15:36.149 [FXGL Background Thread 1 ] DEBUG FXGL.DefaultMenu     - createOptionsMenu()
00:15:36.157 [FXGL Background Thread 1 ] DEBUG FXGLAssetLoaderServi - Loading from file system: jar:file:///C:/Users/User/.m2/repository/com/github/almasb/fxgl/17.3/fxgl-17.3.jar!/fxglassets/textures/particles/smoke.png
00:15:36.237 [FXGL Background Thread 1 ] DEBUG FXGLAssetLoaderServi - Loading from file system: jar:file:///C:/Users/User/.m2/repository/com/github/almasb/fxgl/17.3/fxgl-17.3.jar!/fxglassets/textures/particles/trace_horizontal.png
00:15:36.259 [FXGL Background Thread 1 ] DEBUG GameApplicationServi - Application scenes initialized
00:15:36.273 [FXGL Background Thread 1 ] DEBUG SystemBundleService  - Loading FXGL system data
00:15:36.277 [FXGL Background Thread 1 ] DEBUG FileSystemAccess     - Reading from: C:\Users\User\IdeaProjects\CSIT228-F3-Finals\system\fxgl.bundle
00:15:36.287 [FXGL Background Thread 1 ] DEBUG SystemBundleService  - Bundle FXGL: {}
00:15:36.287 [FXGL Background Thread 1 ] DEBUG UpdaterService       - Checking for updates
00:15:36.317 [FXGL Background Thread 1 ] DEBUG FXGLApplication      - Loading default localization
00:15:36.318 [FXGL Background Thread 1 ] DEBUG FXGLAssetLoaderServi - Loading from file system: jar:file:///C:/Users/User/.m2/repository/com/github/almasb/fxgl/17.3/fxgl-17.3.jar!/fxglassets/languages/english.lang
00:15:36.328 [FXGL Background Thread 4 ] DEBUG FXGLApplication      - Loading fonts
00:15:36.329 [FXGL Background Thread 4 ] DEBUG FXGLAssetLoaderServi - Loading from file system: jar:file:///C:/Users/User/.m2/repository/com/github/almasb/fxgl/17.3/fxgl-17.3.jar!/fxglassets/ui/fonts/VarelaRound-Regular.ttf
00:15:36.337 [FXGL Background Thread 1 ] INFO  FXGLApplication      - FXGL initialization took: 0.562 sec
00:15:36.346 [JavaFX Application Thread] DEBUG Input                - Registered new binding: Up - W
00:15:36.346 [JavaFX Application Thread] DEBUG Input                - Registered new binding: Right - D
00:15:36.346 [JavaFX Application Thread] DEBUG Input                - Registered new binding: Left - A
00:15:36.346 [JavaFX Application Thread] DEBUG Input                - Registered new binding: Down - S
00:15:36.347 [JavaFX Application Thread] DEBUG Input                - Registered new binding: IDK - RMB
00:15:36.348 [JavaFX Application Thread] DEBUG FXGLAssetLoaderServi - Loading from file system: file:/C:/Users/User/IdeaProjects/CSIT228-F3-Finals/target/classes/assets/music/opening.mp3
00:15:36.382 [FXGL Background Thread 4 ] DEBUG FXGLAssetLoaderServi - Loading from file system: jar:file:///C:/Users/User/.m2/repository/com/github/almasb/fxgl/17.3/fxgl-17.3.jar!/fxglassets/ui/fonts/Abel-Regular.ttf
00:15:36.401 [FXGL Background Thread 4 ] DEBUG FXGLAssetLoaderServi - Loading from file system: jar:file:///C:/Users/User/.m2/repository/com/github/almasb/fxgl/17.3/fxgl-17.3.jar!/fxglassets/ui/fonts/TerminalLandMono-Regular.otf
00:15:36.451 [FXGL Background Thread 4 ] DEBUG FXGLAssetLoaderServi - Loading from file system: jar:file:///C:/Users/User/.m2/repository/com/github/almasb/fxgl/17.3/fxgl-17.3.jar!/fxglassets/ui/fonts/Courier-Prime.ttf
00:15:36.573 [JavaFX Application Thread] DEBUG AudioPlayer          - Playing music com.almasb.fxgl.audio.Music@bd63836
00:15:36.574 [JavaFX Application Thread] DEBUG FXGLAssetLoaderServi - Loading from file system: jar:file:///C:/Users/User/.m2/repository/com/github/almasb/fxgl/17.3/fxgl-17.3.jar!/fxglassets/textures/fxgl_icon.png
00:15:36.622 [JavaFX Application Thread] DEBUG FXGLAssetLoaderServi - Loading from file system: jar:file:///C:/Users/User/.m2/repository/com/github/almasb/fxgl/17.3/fxgl-17.3.jar!/fxglassets/textures/fxgl_default_cursor.png
00:15:36.624 [JavaFX Application Thread] DEBUG Input                - Registered new binding: Screenshot - CTRL+8
00:15:36.624 [JavaFX Application Thread] DEBUG Input                - Registered new binding: Dev Options - 1
00:15:36.625 [JavaFX Application Thread] DEBUG Input                - Registered new binding: Dev Console - 2
00:15:36.625 [JavaFX Application Thread] DEBUG Input                - Registered new binding: System info dump - CTRL+9
00:15:36.625 [JavaFX Application Thread] DEBUG Input                - Registered new binding: Restart - CTRL+R
00:15:36.626 [JavaFX Application Thread] DEBUG Input                - Registered new binding: Toggle Debug Camera - CTRL+7
00:15:36.630 [JavaFX Application Thread] DEBUG LoopRunner           - Starting loop
00:15:36.636 [JavaFX Application Thread] DEBUG LoopRunner           - Initializing JavaFX AnimationTimerLoop
00:15:36.638 [JavaFX Application Thread] DEBUG Input                - Clearing active input actions
00:15:36.657 [JavaFX Application Thread] DEBUG GameApplicationServi - Removing overlay from FXGLStartupScene and adding to FXGLMainMenuDummyScene
00:15:36.663 [JavaFX Application Thread] DEBUG PrimaryStageWindow   - FXGLStartupScene -> FXGLMainMenuDummyScene
00:15:36.663 [JavaFX Application Thread] DEBUG PrimaryStageWindow   - Push state: GameMainMenu
00:15:36.664 [JavaFX Application Thread] DEBUG Input                - Clearing active input actions
00:15:36.670 [JavaFX Application Thread] DEBUG GameApplicationServi - Removing overlay from FXGLMainMenuDummyScene and adding to GameMainMenu
00:15:36.672 [JavaFX Application Thread] DEBUG PrimaryStageWindow   - FXGLMainMenuDummyScene -> GameMainMenu
00:15:36.672 [JavaFX Application Thread] DEBUG FXGLApplication      - Registering font factories with UI factory
00:15:37.028 [FXGL Background Thread 2 ] INFO  UpdaterService       - Your current version:  17.3
00:15:37.028 [FXGL Background Thread 2 ] INFO  UpdaterService       - Latest stable version: 21.1
00:15:38.087 [JavaFX Application Thread] DEBUG AudioPlayer          - Stopping music com.almasb.fxgl.audio.Music@bd63836
00:15:38.088 [JavaFX Application Thread] DEBUG FXGLAssetLoaderServi - Loading from file system: file:/C:/Users/User/IdeaProjects/CSIT228-F3-Finals/target/classes/assets/music/game-music.mp3
00:15:38.091 [JavaFX Application Thread] DEBUG AudioPlayer          - Playing music com.almasb.fxgl.audio.Music@78330e73
00:15:38.091 [JavaFX Application Thread] DEBUG Menu                 - fireNewGame()
00:15:38.091 [JavaFX Application Thread] DEBUG GameApplicationServi - Starting new game
00:15:38.091 [JavaFX Application Thread] DEBUG PrimaryStageWindow   - Pop state: GameMainMenu
00:15:38.092 [JavaFX Application Thread] DEBUG Input                - Clearing active input actions
00:15:38.093 [JavaFX Application Thread] DEBUG GameApplicationServi - Removing overlay from GameMainMenu and adding to FXGLMainMenuDummyScene
00:15:38.095 [JavaFX Application Thread] DEBUG PrimaryStageWindow   - FXGLMainMenuDummyScene <- GameMainMenu
00:15:38.095 [JavaFX Application Thread] DEBUG Input                - Clearing active input actions
00:15:38.101 [JavaFX Application Thread] DEBUG GameApplicationServi - Removing overlay from FXGLMainMenuDummyScene and adding to FXGLLoadingScene
00:15:38.102 [JavaFX Application Thread] DEBUG PrimaryStageWindow   - FXGLMainMenuDummyScene -> FXGLLoadingScene
00:15:38.102 [JavaFX Application Thread] DEBUG GameApplicationServi - Clearing previous game
00:15:38.102 [JavaFX Application Thread] DEBUG GameScene            - Clearing game scene
00:15:38.102 [JavaFX Application Thread] DEBUG GameWorld            - Clearing game world
00:15:38.102 [JavaFX Application Thread] DEBUG PhysicsWorld         - Clearing physics world
00:15:38.104 [FXGL Background Thread 2 ] DEBUG FXGLApplication      - Initializing game
00:15:38.153 [FXGL Background Thread 2 ] WARN  TMXLevelLoader       - TiledMap generated from 1.10.2. Supported version: 1.9.0. Some features may not be parsed fully.
00:15:38.217 [FXGL Background Thread 2 ] DEBUG TMXLevelLoader       - Parsed TiledMap: file:/C:/Users/User/IdeaProjects/CSIT228-F3-Finals/target/classes/assets/levels/tmx/2DGameTiledMap.tmx
00:15:38.218 [FXGL Background Thread 2 ] DEBUG TMXLevelLoader       - Creating tile layer entities
00:15:38.220 [FXGL Background Thread 2 ] DEBUG TilesetLoader        - Loading view for layer floor
00:15:38.227 [FXGL Background Thread 2 ] DEBUG TilesetLoader        - Created buffer with size 2304.0x2304.0
00:15:38.315 [FXGL Background Thread 2 ] DEBUG TilesetLoader        - Loading view for layer stuff
00:15:38.321 [FXGL Background Thread 2 ] DEBUG TilesetLoader        - Created buffer with size 2304.0x2304.0
00:15:38.330 [FXGL Background Thread 2 ] DEBUG TilesetLoader        - Loading view for layer decor
00:15:38.338 [FXGL Background Thread 2 ] DEBUG TilesetLoader        - Created buffer with size 2304.0x2304.0
00:15:38.345 [FXGL Background Thread 2 ] DEBUG TilesetLoader        - Loading view for layer more
00:15:38.353 [FXGL Background Thread 2 ] DEBUG TilesetLoader        - Created buffer with size 2304.0x2304.0
00:15:38.355 [FXGL Background Thread 2 ] DEBUG TMXLevelLoader       - Creating object layer entities
00:15:38.392 [FXGL Background Thread 2 ] DEBUG FXGLAssetLoaderServi - Loading from file system: file:/C:/Users/User/IdeaProjects/CSIT228-F3-Finals/target/classes/assets/textures/background/torch.gif
00:15:38.442 [FXGL Background Thread 2 ] DEBUG FXGLAssetLoaderServi - Loading from file system: file:/C:/Users/User/IdeaProjects/CSIT228-F3-Finals/target/classes/assets/textures/background/eyes-hole.gif
00:15:38.500 [FXGL Background Thread 2 ] DEBUG GameWorld            - Clearing removable entities
00:15:38.501 [FXGL Background Thread 2 ] DEBUG GameWorld            - Setting level: com.almasb.fxgl.entity.level.Level@22a9e38a
00:15:38.506 [FXGL Background Thread 2 ] DEBUG FXGLAssetLoaderServi - Loading from file system: file:/C:/Users/User/IdeaProjects/CSIT228-F3-Finals/target/classes/assets/textures/player/lecatmoves.png
00:15:38.507 [FXGL Background Thread 2 ] DEBUG FXGLAssetLoaderServi - Loading from file system: file:/C:/Users/User/IdeaProjects/CSIT228-F3-Finals/target/classes/assets/textures/player/CatOne.png
00:15:38.509 [FXGL Background Thread 2 ] DEBUG FXGLAssetLoaderServi - Loading from file system: file:/C:/Users/User/IdeaProjects/CSIT228-F3-Finals/target/classes/assets/textures/player/CatThree.png
00:15:38.510 [FXGL Background Thread 2 ] DEBUG FXGLAssetLoaderServi - Loading from file system: file:/C:/Users/User/IdeaProjects/CSIT228-F3-Finals/target/classes/assets/textures/player/CatFour.png
00:15:38.531 [FXGL Background Thread 2 ] INFO  FXGLApplication      - Game initialization took: 0.426 sec
00:15:38.536 [JavaFX Application Thread] DEBUG Input                - Clearing active input actions
00:15:38.542 [JavaFX Application Thread] DEBUG GameApplicationServi - Removing overlay from FXGLLoadingScene and adding to GameScene
00:15:38.546 [JavaFX Application Thread] DEBUG PrimaryStageWindow   - FXGLLoadingScene -> GameScene
00:15:39.156 [JavaFX Application Thread] DEBUG FXGLAssetLoaderServi - Loading from file system: file:/C:/Users/User/IdeaProjects/CSIT228-F3-Finals/target/classes/assets/textures/skill/spr_bullet_strip.png
00:15:39.315 [FXGL Background Thread 3 ] DEBUG Engine               - Logging environment variables
00:15:39.315 [FXGL Background Thread 3 ] DEBUG Engine               - achievements: []
00:15:39.315 [FXGL Background Thread 3 ] DEBUG Engine               - actualHeight: 720.0
00:15:39.315 [FXGL Background Thread 3 ] DEBUG Engine               - actualHeightProperty: ReadOnlyDoubleProperty [value: 720.0]
00:15:39.316 [FXGL Background Thread 3 ] DEBUG Engine               - actualWidth: 720.0
00:15:39.316 [FXGL Background Thread 3 ] DEBUG Engine               - actualWidthProperty: ReadOnlyDoubleProperty [value: 720.0]
00:15:39.316 [FXGL Background Thread 3 ] DEBUG Engine               - appIcon: fxgl_icon.png
00:15:39.316 [FXGL Background Thread 3 ] DEBUG Engine               - applicationMode: DEVELOPER
00:15:39.316 [FXGL Background Thread 3 ] DEBUG Engine               - cSSList: [fxgl_dark.css]
00:15:39.316 [FXGL Background Thread 3 ] DEBUG Engine               - collisionDetectionStrategy: BRUTE_FORCE
00:15:39.316 [FXGL Background Thread 3 ] DEBUG Engine               - configClass: Optional[class com.example.flat2d.Misc.Config]
00:15:39.316 [FXGL Background Thread 3 ] DEBUG Engine               - credits: []
00:15:39.316 [FXGL Background Thread 3 ] DEBUG Engine               - defaultCursor: CursorInfo(imageName=fxgl_default_cursor.png, hotspotX=7.0, hotspotY=6.0)
00:15:39.317 [FXGL Background Thread 3 ] DEBUG Engine               - devBBoxColorProperty: ObjectProperty [value: 0xff0000ff]
00:15:39.317 [FXGL Background Thread 3 ] DEBUG Engine               - devEnableDebugCameraProperty: BooleanProperty [value: false]
00:15:39.317 [FXGL Background Thread 3 ] DEBUG Engine               - devSensorColorProperty: ObjectProperty [value: 0xffff00ff]
00:15:39.317 [FXGL Background Thread 3 ] DEBUG Engine               - devShowBBoxProperty: BooleanProperty [value: false]
00:15:39.317 [FXGL Background Thread 3 ] DEBUG Engine               - devShowPositionProperty: BooleanProperty [value: false]
00:15:39.317 [FXGL Background Thread 3 ] DEBUG Engine               - enabledMenuItems: []
00:15:39.317 [FXGL Background Thread 3 ] DEBUG Engine               - engineServices: [class com.almasb.fxgl.app.services.FXGLAssetLoaderService, class com.almasb.fxgl.app.FXGLApplication$GameApplicationService, class com.almasb.fxgl.app.services.FXGLDialogService, class com.almasb.fxgl.app.services.IOTaskExecutorService, class com.almasb.fxgl.io.FileSystemService, class com.almasb.fxgl.localization.LocalizationService, class com.almasb.fxgl.app.services.SystemBundleService, class com.almasb.fxgl.profile.SaveLoadService, class com.almasb.fxgl.ui.FXGLUIFactoryServiceProvider, class com.almasb.fxgl.ui.FXGLDialogFactoryServiceProvider, class com.almasb.fxgl.audio.AudioPlayer, class com.almasb.fxgl.notification.impl.NotificationServiceProvider, class com.almasb.fxgl.achievement.AchievementService, class com.almasb.fxgl.cutscene.CutsceneService, class com.almasb.fxgl.minigames.MiniGameService, class com.almasb.fxgl.net.NetService, class com.almasb.fxgl.app.services.UpdaterService, class com.almasb.fxgl.dev.DevService]
00:15:39.317 [FXGL Background Thread 3 ] DEBUG Engine               - fontGame: Abel-Regular.ttf
00:15:39.317 [FXGL Background Thread 3 ] DEBUG Engine               - fontMono: TerminalLandMono-Regular.otf
00:15:39.317 [FXGL Background Thread 3 ] DEBUG Engine               - fontSizeScaleUI: 1.0
00:15:39.317 [FXGL Background Thread 3 ] DEBUG Engine               - fontText: Courier-Prime.ttf
00:15:39.317 [FXGL Background Thread 3 ] DEBUG Engine               - fontUI: VarelaRound-Regular.ttf
00:15:39.317 [FXGL Background Thread 3 ] DEBUG Engine               - fullScreen: BooleanProperty [value: false]
00:15:39.317 [FXGL Background Thread 3 ] DEBUG Engine               - gameDifficulty: MEDIUM
00:15:39.317 [FXGL Background Thread 3 ] DEBUG Engine               - gameDifficultyProperty: ObjectProperty [value: MEDIUM]
00:15:39.318 [FXGL Background Thread 3 ] DEBUG Engine               - globalMusicVolume: 0.5
00:15:39.318 [FXGL Background Thread 3 ] DEBUG Engine               - globalMusicVolumeProperty: DoubleProperty [value: 0.5]
00:15:39.318 [FXGL Background Thread 3 ] DEBUG Engine               - globalSoundVolume: 0.5
00:15:39.318 [FXGL Background Thread 3 ] DEBUG Engine               - globalSoundVolumeProperty: DoubleProperty [value: 0.25]
00:15:39.318 [FXGL Background Thread 3 ] DEBUG Engine               - height: 720
00:15:39.318 [FXGL Background Thread 3 ] DEBUG Engine               - is3D: false
00:15:39.318 [FXGL Background Thread 3 ] DEBUG Engine               - isAndroid: false
00:15:39.318 [FXGL Background Thread 3 ] DEBUG Engine               - isBrowser: false
00:15:39.318 [FXGL Background Thread 3 ] DEBUG Engine               - isClickFeedbackEnabled: false
00:15:39.318 [FXGL Background Thread 3 ] DEBUG Engine               - isCloseConfirmation: false
00:15:39.318 [FXGL Background Thread 3 ] DEBUG Engine               - isDesktop: true
00:15:39.318 [FXGL Background Thread 3 ] DEBUG Engine               - isDeveloperMenuEnabled: true
00:15:39.318 [FXGL Background Thread 3 ] DEBUG Engine               - isEmbedded: false
00:15:39.318 [FXGL Background Thread 3 ] DEBUG Engine               - isEntityPreloadEnabled: true
00:15:39.318 [FXGL Background Thread 3 ] DEBUG Engine               - isExperimentalTiledLargeMap: false
00:15:39.318 [FXGL Background Thread 3 ] DEBUG Engine               - isFileSystemWriteAllowed: true
00:15:39.319 [FXGL Background Thread 3 ] DEBUG Engine               - isFullScreenAllowed: false
00:15:39.319 [FXGL Background Thread 3 ] DEBUG Engine               - isFullScreenFromStart: false
00:15:39.319 [FXGL Background Thread 3 ] DEBUG Engine               - isGameMenuEnabled: true
00:15:39.319 [FXGL Background Thread 3 ] DEBUG Engine               - isIOS: false
00:15:39.319 [FXGL Background Thread 3 ] DEBUG Engine               - isIntroEnabled: false
00:15:39.319 [FXGL Background Thread 3 ] DEBUG Engine               - isLinux: false
00:15:39.319 [FXGL Background Thread 3 ] DEBUG Engine               - isMac: false
00:15:39.319 [FXGL Background Thread 3 ] DEBUG Engine               - isMainMenuEnabled: true
00:15:39.319 [FXGL Background Thread 3 ] DEBUG Engine               - isManualResizeEnabled: false
00:15:39.319 [FXGL Background Thread 3 ] DEBUG Engine               - isMobile: false
00:15:39.319 [FXGL Background Thread 3 ] DEBUG Engine               - isNative: false
00:15:39.319 [FXGL Background Thread 3 ] DEBUG Engine               - isPauseMusicWhenMinimized: true
00:15:39.319 [FXGL Background Thread 3 ] DEBUG Engine               - isPreserveResizeRatio: false
00:15:39.319 [FXGL Background Thread 3 ] DEBUG Engine               - isProfilingEnabled: false
00:15:39.319 [FXGL Background Thread 3 ] DEBUG Engine               - isScaleAffectedOnResize: true
00:15:39.319 [FXGL Background Thread 3 ] DEBUG Engine               - isSingleStep: false
00:15:39.320 [FXGL Background Thread 3 ] DEBUG Engine               - isUserProfileEnabled: false
00:15:39.320 [FXGL Background Thread 3 ] DEBUG Engine               - isWindows: true
00:15:39.320 [FXGL Background Thread 3 ] DEBUG Engine               - language: ObjectProperty [value: ENGLISH]
00:15:39.320 [FXGL Background Thread 3 ] DEBUG Engine               - menuKey: ESCAPE
00:15:39.320 [FXGL Background Thread 3 ] DEBUG Engine               - mouseSensitivity: 0.2
00:15:39.320 [FXGL Background Thread 3 ] DEBUG Engine               - notificationViewClass: class com.almasb.fxgl.notification.view.XboxNotificationView
00:15:39.320 [FXGL Background Thread 3 ] DEBUG Engine               - pixelsPerMeter: 50.0
00:15:39.320 [FXGL Background Thread 3 ] DEBUG Engine               - platform: WINDOWS
00:15:39.320 [FXGL Background Thread 3 ] DEBUG Engine               - prefHeightProperty: ReadOnlyDoubleProperty [value: 720.0]
00:15:39.320 [FXGL Background Thread 3 ] DEBUG Engine               - prefWidthProperty: ReadOnlyDoubleProperty [value: 720.0]
00:15:39.320 [FXGL Background Thread 3 ] DEBUG Engine               - profileDir: profiles/
00:15:39.320 [FXGL Background Thread 3 ] DEBUG Engine               - profileName: StringProperty [value: DEFAULT]
00:15:39.320 [FXGL Background Thread 3 ] DEBUG Engine               - randomSeed: -1
00:15:39.320 [FXGL Background Thread 3 ] DEBUG Engine               - runtimeInfo: RuntimeInfo(platform=WINDOWS, version=17.3, build=30.03.2023 11.49)
00:15:39.321 [FXGL Background Thread 3 ] DEBUG Engine               - saveFileExt: sav
00:15:39.321 [FXGL Background Thread 3 ] DEBUG Engine               - scaledHeightProp$fxgl: DoubleProperty [bound, value: 720.0]
00:15:39.321 [FXGL Background Thread 3 ] DEBUG Engine               - scaledWidthProp$fxgl: DoubleProperty [bound, value: 720.0]
00:15:39.321 [FXGL Background Thread 3 ] DEBUG Engine               - sceneFactory: com.example.flat2d.GameApp$1@617e97e3
00:15:39.321 [FXGL Background Thread 3 ] DEBUG Engine               - secondsIn24h: 60
00:15:39.321 [FXGL Background Thread 3 ] DEBUG Engine               - soundMenuBack: menu/back.wav
00:15:39.321 [FXGL Background Thread 3 ] DEBUG Engine               - soundMenuPress: menu/press.wav
00:15:39.321 [FXGL Background Thread 3 ] DEBUG Engine               - soundMenuSelect: menu/select.wav
00:15:39.321 [FXGL Background Thread 3 ] DEBUG Engine               - soundNotification: core/notification.wav
00:15:39.321 [FXGL Background Thread 3 ] DEBUG Engine               - stageStyle: DECORATED
00:15:39.321 [FXGL Background Thread 3 ] DEBUG Engine               - supportedLanguages: [ENGLISH, FRENCH, GERMAN, HUNGARIAN, RUSSIAN]
00:15:39.321 [FXGL Background Thread 3 ] DEBUG Engine               - ticksPerSecond: -1
00:15:39.321 [FXGL Background Thread 3 ] DEBUG Engine               - title: Adventures of Sir Vim Zarado
00:15:39.321 [FXGL Background Thread 3 ] DEBUG Engine               - urlGithub: https://github.com/AlmasB/FXGL
00:15:39.321 [FXGL Background Thread 3 ] DEBUG Engine               - urlLeaderboard: http://fxgl-top.herokuapp.com/
00:15:39.321 [FXGL Background Thread 3 ] DEBUG Engine               - urlPOM: https://raw.githubusercontent.com/AlmasB/FXGL/release/README.md
00:15:39.321 [FXGL Background Thread 3 ] DEBUG Engine               - userAppClass: class com.example.flat2d.GameApp
00:15:39.321 [FXGL Background Thread 3 ] DEBUG Engine               - version: 0.0
00:15:39.322 [FXGL Background Thread 3 ] DEBUG Engine               - versionCheckDays: 7
00:15:39.322 [FXGL Background Thread 3 ] DEBUG Engine               - width: 720
00:15:39.322 [FXGL Background Thread 3 ] DEBUG Engine               - Logging services
00:15:39.322 [FXGL Background Thread 3 ] DEBUG Engine               - class com.almasb.fxgl.app.services.FXGLAssetLoaderService
00:15:39.322 [FXGL Background Thread 3 ] DEBUG Engine               - class com.almasb.fxgl.app.FXGLApplication$GameApplicationService
00:15:39.322 [FXGL Background Thread 3 ] DEBUG Engine               - class com.almasb.fxgl.app.services.FXGLDialogService
00:15:39.322 [FXGL Background Thread 3 ] DEBUG Engine               - class com.almasb.fxgl.app.services.IOTaskExecutorService
00:15:39.322 [FXGL Background Thread 3 ] DEBUG Engine               - class com.almasb.fxgl.io.FileSystemService
00:15:39.322 [FXGL Background Thread 3 ] DEBUG Engine               - class com.almasb.fxgl.localization.LocalizationService
00:15:39.322 [FXGL Background Thread 3 ] DEBUG Engine               - class com.almasb.fxgl.app.services.SystemBundleService
00:15:39.322 [FXGL Background Thread 3 ] DEBUG Engine               - class com.almasb.fxgl.profile.SaveLoadService
00:15:39.322 [FXGL Background Thread 3 ] DEBUG Engine               - class com.almasb.fxgl.ui.FXGLUIFactoryServiceProvider
00:15:39.322 [FXGL Background Thread 3 ] DEBUG Engine               - class com.almasb.fxgl.ui.FXGLDialogFactoryServiceProvider
00:15:39.322 [FXGL Background Thread 3 ] DEBUG Engine               - class com.almasb.fxgl.audio.AudioPlayer
00:15:39.322 [FXGL Background Thread 3 ] DEBUG Engine               - class com.almasb.fxgl.notification.impl.NotificationServiceProvider
00:15:39.322 [FXGL Background Thread 3 ] DEBUG Engine               - class com.almasb.fxgl.achievement.AchievementService
00:15:39.322 [FXGL Background Thread 3 ] DEBUG Engine               - class com.almasb.fxgl.cutscene.CutsceneService
00:15:39.323 [FXGL Background Thread 3 ] DEBUG Engine               - class com.almasb.fxgl.minigames.MiniGameService
00:15:39.323 [FXGL Background Thread 3 ] DEBUG Engine               - class com.almasb.fxgl.net.NetService
00:15:39.323 [FXGL Background Thread 3 ] DEBUG Engine               - class com.almasb.fxgl.app.services.UpdaterService
00:15:39.323 [FXGL Background Thread 3 ] DEBUG Engine               - class com.almasb.fxgl.dev.DevService
00:15:42.695 [JavaFX Application Thread] DEBUG FXGLApplication      - Exiting FXGL
00:15:42.695 [JavaFX Application Thread] DEBUG LoopRunner           - Stopping loop
00:15:42.695 [JavaFX Application Thread] DEBUG SystemBundleService  - Saving FXGL system data
00:15:42.698 [JavaFX Application Thread] DEBUG FileSystemAccess     - Writing to: C:\Users\User\IdeaProjects\CSIT228-F3-Finals\system\fxgl.bundle
00:15:42.701 [JavaFX Application Thread] DEBUG Async                - Shutting down background threads
00:15:42.701 [JavaFX Application Thread] DEBUG PrimaryStageWindow   - Closing main window
00:15:42.712 [JavaFX Application Thread] DEBUG Logger               - Closing Logger
