05:02:12.658 [main                     ] DEBUG Logger               - Configured Logger
05:02:12.676 [main                     ] DEBUG GameApplication      - Logging settings
Title: Adventures of Sir Vim Zarado
Version: 0.0
Width: 720
Height: 720
Fullscreen: false
Intro: false
Profiling: false
Single step:false
App Mode: DEVELOPER
Menu Key: ESCAPE
Stage Style: DECORATED
Scene Factory: class com.example.flat2d.GameApp$1

05:02:13.048 [JavaFX Application Thread] DEBUG FXGLApplication      - Initializing FXGL
05:02:13.052 [JavaFX Application Thread] INFO  Engine               - FXGL-17.3 (30.03.2023 11.49) on WINDOWS (J:21.0.3 FX:21)
05:02:13.052 [JavaFX Application Thread] DEBUG Engine               - JRE Vendor Name: Amazon.com Inc.
05:02:13.052 [JavaFX Application Thread] DEBUG Engine               - Running on OS: Windows 10 version 10.0
05:02:13.053 [JavaFX Application Thread] DEBUG Engine               - Architecture: amd64
05:02:13.053 [JavaFX Application Thread] INFO  Engine               - Source code and latest versions at: https://github.com/AlmasB/FXGL
05:02:13.053 [JavaFX Application Thread] INFO  Engine               -       Ask questions and discuss at: https://github.com/AlmasB/FXGL/discussions
05:02:13.053 [JavaFX Application Thread] INFO  Engine               -              Join the FXGL chat at: https://gitter.im/AlmasB/FXGL
05:02:13.148 [JavaFX Application Thread] DEBUG PrimaryStageWindow   - Creating a JavaFX scene
05:02:13.204 [JavaFX Application Thread] DEBUG PrimaryStageWindow   - Target settings size: 720.0 x 720.0
05:02:13.205 [JavaFX Application Thread] DEBUG PrimaryStageWindow   - Scaled scene size:    720.0 x 720.0
05:02:13.205 [JavaFX Application Thread] DEBUG PrimaryStageWindow   - Scaled ratio: (1.0, 1.0)
05:02:13.207 [JavaFX Application Thread] DEBUG PrimaryStageWindow   - Set initial scene to FXGLStartupScene
05:02:13.210 [JavaFX Application Thread] DEBUG PrimaryStageWindow   - Opening main window
05:02:13.292 [JavaFX Application Thread] DEBUG PrimaryStageWindow   - Window border size: (16.0, 39.0)
05:02:13.293 [JavaFX Application Thread] DEBUG PrimaryStageWindow   - Scaled size: 720.0 x 720.0
05:02:13.293 [JavaFX Application Thread] DEBUG PrimaryStageWindow   - Scaled ratio: (1.0, 1.0)
05:02:13.293 [JavaFX Application Thread] DEBUG PrimaryStageWindow   - Scene size: 720.0 x 720.0
05:02:13.293 [JavaFX Application Thread] DEBUG PrimaryStageWindow   - Stage size: 736.0 x 759.0
05:02:13.306 [FXGL Background Thread 1 ] DEBUG Engine               - Initializing environment variables
05:02:13.366 [FXGL Background Thread 1 ] DEBUG FXGLAssetLoaderServi - User app class for loading assets: class com.example.flat2d.GameApp
05:02:13.366 [FXGL Background Thread 1 ] DEBUG GameApplicationServi - Applying CSS: fxgl_dark.css
05:02:13.367 [FXGL Background Thread 1 ] DEBUG FXGLAssetLoaderServi - Loading from file system: jar:file:///C:/Users/User/.m2/repository/com/github/almasb/fxgl/17.3/fxgl-17.3.jar!/fxglassets/ui/css/fxgl_dark.css
05:02:13.410 [FXGL Background Thread 1 ] DEBUG GameApplicationServi - Initializing application scenes
05:02:13.482 [FXGL Background Thread 1 ] DEBUG GameWorld            - Game world initialized
05:02:13.538 [FXGL Background Thread 1 ] DEBUG PhysicsWorld         - Physics world initialized: appHeight=720, physics.ppm=50.0
05:02:13.539 [FXGL Background Thread 1 ] DEBUG PhysicsWorld         - Using strategy: BRUTE_FORCE
05:02:13.542 [FXGL Background Thread 1 ] DEBUG GameScene            - Game scene initialized: 720x720
05:02:13.546 [FXGL Background Thread 1 ] DEBUG FXGLAssetLoaderServi - Loading from file system: file:/C:/Users/User/IdeaProjects/CSIT228-F3-Finals/target/classes/assets/textures/background/main-screen.jpg
05:02:13.627 [FXGL Background Thread 1 ] DEBUG FXGLAssetLoaderServi - Loading from file system: file:/C:/Users/User/IdeaProjects/CSIT228-F3-Finals/target/classes/assets/textures/profile-pic.jpg
05:02:13.641 [FXGL Background Thread 1 ] WARN  FXGL.DefaultMenu     - FXGLDefaultMenu is not designed for resolutions < 800x600
05:02:13.641 [FXGL Background Thread 1 ] DEBUG FXGL.DefaultMenu     - createMenuBodyGameMenu()
05:02:13.655 [FXGL Background Thread 1 ] DEBUG FXGL.DefaultMenu     - createOptionsMenu()
05:02:13.663 [FXGL Background Thread 1 ] DEBUG FXGLAssetLoaderServi - Loading from file system: jar:file:///C:/Users/User/.m2/repository/com/github/almasb/fxgl/17.3/fxgl-17.3.jar!/fxglassets/textures/particles/smoke.png
05:02:13.746 [FXGL Background Thread 1 ] DEBUG FXGLAssetLoaderServi - Loading from file system: jar:file:///C:/Users/User/.m2/repository/com/github/almasb/fxgl/17.3/fxgl-17.3.jar!/fxglassets/textures/particles/trace_horizontal.png
05:02:13.780 [FXGL Background Thread 1 ] DEBUG GameApplicationServi - Application scenes initialized
05:02:13.794 [FXGL Background Thread 1 ] DEBUG SystemBundleService  - Loading FXGL system data
05:02:13.798 [FXGL Background Thread 1 ] DEBUG FileSystemAccess     - Reading from: C:\Users\User\IdeaProjects\CSIT228-F3-Finals\system\fxgl.bundle
05:02:13.807 [FXGL Background Thread 1 ] DEBUG SystemBundleService  - Bundle FXGL: {}
05:02:13.808 [FXGL Background Thread 1 ] DEBUG UpdaterService       - Checking for updates
05:02:13.843 [FXGL Background Thread 1 ] DEBUG FXGLApplication      - Loading default localization
05:02:13.844 [FXGL Background Thread 1 ] DEBUG FXGLAssetLoaderServi - Loading from file system: jar:file:///C:/Users/User/.m2/repository/com/github/almasb/fxgl/17.3/fxgl-17.3.jar!/fxglassets/languages/english.lang
05:02:13.861 [FXGL Background Thread 1 ] INFO  FXGLApplication      - FXGL initialization took: 0.555 sec
05:02:13.871 [JavaFX Application Thread] DEBUG Input                - Registered new binding: Up - W
05:02:13.871 [JavaFX Application Thread] DEBUG Input                - Registered new binding: Right - D
05:02:13.871 [JavaFX Application Thread] DEBUG Input                - Registered new binding: Left - A
05:02:13.871 [JavaFX Application Thread] DEBUG Input                - Registered new binding: Down - S
05:02:13.873 [JavaFX Application Thread] DEBUG Input                - Registered new binding: IDK - RMB
05:02:13.873 [JavaFX Application Thread] DEBUG FXGLAssetLoaderServi - Loading from file system: file:/C:/Users/User/IdeaProjects/CSIT228-F3-Finals/target/classes/assets/music/opening.mp3
05:02:13.879 [FXGL Background Thread 4 ] DEBUG FXGLApplication      - Loading fonts
05:02:13.880 [FXGL Background Thread 4 ] DEBUG FXGLAssetLoaderServi - Loading from file system: jar:file:///C:/Users/User/.m2/repository/com/github/almasb/fxgl/17.3/fxgl-17.3.jar!/fxglassets/ui/fonts/VarelaRound-Regular.ttf
05:02:13.919 [FXGL Background Thread 4 ] DEBUG FXGLAssetLoaderServi - Loading from file system: jar:file:///C:/Users/User/.m2/repository/com/github/almasb/fxgl/17.3/fxgl-17.3.jar!/fxglassets/ui/fonts/Abel-Regular.ttf
05:02:13.958 [FXGL Background Thread 4 ] DEBUG FXGLAssetLoaderServi - Loading from file system: jar:file:///C:/Users/User/.m2/repository/com/github/almasb/fxgl/17.3/fxgl-17.3.jar!/fxglassets/ui/fonts/TerminalLandMono-Regular.otf
05:02:13.969 [FXGL Background Thread 4 ] DEBUG FXGLAssetLoaderServi - Loading from file system: jar:file:///C:/Users/User/.m2/repository/com/github/almasb/fxgl/17.3/fxgl-17.3.jar!/fxglassets/ui/fonts/Courier-Prime.ttf
05:02:14.132 [JavaFX Application Thread] DEBUG AudioPlayer          - Playing music com.almasb.fxgl.audio.Music@27dc88b6
05:02:14.133 [JavaFX Application Thread] DEBUG FXGLAssetLoaderServi - Loading from file system: jar:file:///C:/Users/User/.m2/repository/com/github/almasb/fxgl/17.3/fxgl-17.3.jar!/fxglassets/textures/fxgl_icon.png
05:02:14.154 [JavaFX Application Thread] DEBUG FXGLAssetLoaderServi - Loading from file system: jar:file:///C:/Users/User/.m2/repository/com/github/almasb/fxgl/17.3/fxgl-17.3.jar!/fxglassets/textures/fxgl_default_cursor.png
05:02:14.157 [JavaFX Application Thread] DEBUG Input                - Registered new binding: Screenshot - CTRL+8
05:02:14.157 [JavaFX Application Thread] DEBUG Input                - Registered new binding: Dev Options - 1
05:02:14.157 [JavaFX Application Thread] DEBUG Input                - Registered new binding: Dev Console - 2
05:02:14.158 [JavaFX Application Thread] DEBUG Input                - Registered new binding: System info dump - CTRL+9
05:02:14.159 [JavaFX Application Thread] DEBUG Input                - Registered new binding: Restart - CTRL+R
05:02:14.160 [JavaFX Application Thread] DEBUG Input                - Registered new binding: Toggle Debug Camera - CTRL+7
05:02:14.162 [JavaFX Application Thread] DEBUG LoopRunner           - Starting loop
05:02:14.169 [JavaFX Application Thread] DEBUG LoopRunner           - Initializing JavaFX AnimationTimerLoop
05:02:14.172 [JavaFX Application Thread] DEBUG Input                - Clearing active input actions
05:02:14.181 [JavaFX Application Thread] DEBUG GameApplicationServi - Removing overlay from FXGLStartupScene and adding to FXGLMainMenuDummyScene
05:02:14.185 [JavaFX Application Thread] DEBUG PrimaryStageWindow   - FXGLStartupScene -> FXGLMainMenuDummyScene
05:02:14.185 [JavaFX Application Thread] DEBUG PrimaryStageWindow   - Push state: GameMainMenu
05:02:14.185 [JavaFX Application Thread] DEBUG Input                - Clearing active input actions
05:02:14.191 [JavaFX Application Thread] DEBUG GameApplicationServi - Removing overlay from FXGLMainMenuDummyScene and adding to GameMainMenu
05:02:14.192 [JavaFX Application Thread] DEBUG PrimaryStageWindow   - FXGLMainMenuDummyScene -> GameMainMenu
05:02:14.199 [JavaFX Application Thread] DEBUG FXGLApplication      - Registering font factories with UI factory
05:02:14.775 [FXGL Background Thread 2 ] INFO  UpdaterService       - Your current version:  17.3
05:02:14.775 [FXGL Background Thread 2 ] INFO  UpdaterService       - Latest stable version: 21.1
05:02:15.728 [JavaFX Application Thread] DEBUG AudioPlayer          - Stopping music com.almasb.fxgl.audio.Music@27dc88b6
05:02:15.771 [JavaFX Application Thread] DEBUG FXGLAssetLoaderServi - Loading from file system: file:/C:/Users/User/IdeaProjects/CSIT228-F3-Finals/target/classes/assets/music/game-music.mp3
05:02:15.774 [JavaFX Application Thread] DEBUG AudioPlayer          - Playing music com.almasb.fxgl.audio.Music@47572f18
05:02:15.774 [JavaFX Application Thread] DEBUG LoopRunner           - Stopping loop
05:02:15.776 [JavaFX Application Thread] FATAL FXGLApplication      - Uncaught Exception:
java.lang.IllegalArgumentException: Property kills does not exist
	at com.almasb.fxgl.core@17.3/com.almasb.fxgl.core.collection.PropertyMap.get(PropertyMap.kt:279)
	at com.almasb.fxgl.core@17.3/com.almasb.fxgl.core.collection.PropertyMap.intProperty(PropertyMap.kt:172)
	at com.almasb.fxgl.core@17.3/com.almasb.fxgl.core.collection.PropertyMap.getInt(PropertyMap.kt:162)
	at com.almasb.fxgl.all@17.3/com.almasb.fxgl.dsl.FXGLForKtKt.geti(FXGLForKt.kt:97)
	at FLAT2D.main/com.example.flat2d.GameMainMenu.lambda$new$0(GameMainMenu.java:53)
	at FLAT2D.main/com.example.flat2d.GameMainMenu$customMenuButton.lambda$new$0(GameMainMenu.java:194)
	at javafx.base@21/com.sun.javafx.event.CompositeEventHandler.dispatchBubblingEvent(CompositeEventHandler.java:86)
	at javafx.base@21/com.sun.javafx.event.EventHandlerManager.dispatchBubblingEvent(EventHandlerManager.java:232)
	at javafx.base@21/com.sun.javafx.event.EventHandlerManager.dispatchBubblingEvent(EventHandlerManager.java:189)
	at javafx.base@21/com.sun.javafx.event.CompositeEventDispatcher.dispatchBubblingEvent(CompositeEventDispatcher.java:59)
	at javafx.base@21/com.sun.javafx.event.BasicEventDispatcher.dispatchEvent(BasicEventDispatcher.java:58)
	at javafx.base@21/com.sun.javafx.event.EventDispatchChainImpl.dispatchEvent(EventDispatchChainImpl.java:114)
	at javafx.base@21/com.sun.javafx.event.BasicEventDispatcher.dispatchEvent(BasicEventDispatcher.java:56)
	at javafx.base@21/com.sun.javafx.event.EventDispatchChainImpl.dispatchEvent(EventDispatchChainImpl.java:114)
	at javafx.base@21/com.sun.javafx.event.BasicEventDispatcher.dispatchEvent(BasicEventDispatcher.java:56)
	at javafx.base@21/com.sun.javafx.event.EventDispatchChainImpl.dispatchEvent(EventDispatchChainImpl.java:114)
	at javafx.base@21/com.sun.javafx.event.EventUtil.fireEventImpl(EventUtil.java:74)
	at javafx.base@21/com.sun.javafx.event.EventUtil.fireEvent(EventUtil.java:54)
	at javafx.base@21/javafx.event.Event.fireEvent(Event.java:198)
	at javafx.graphics@21/javafx.scene.Scene$ClickGenerator.postProcess(Scene.java:3688)
	at javafx.graphics@21/javafx.scene.Scene$MouseHandler.process(Scene.java:3993)
	at javafx.graphics@21/javafx.scene.Scene.processMouseEvent(Scene.java:1890)
	at javafx.graphics@21/javafx.scene.Scene$ScenePeerListener.mouseEvent(Scene.java:2708)
	at javafx.graphics@21/com.sun.javafx.tk.quantum.GlassViewEventHandler$MouseEventNotification.run(GlassViewEventHandler.java:411)
	at javafx.graphics@21/com.sun.javafx.tk.quantum.GlassViewEventHandler$MouseEventNotification.run(GlassViewEventHandler.java:301)
	at java.base/java.security.AccessController.doPrivileged(AccessController.java:400)
	at javafx.graphics@21/com.sun.javafx.tk.quantum.GlassViewEventHandler.lambda$handleMouseEvent$2(GlassViewEventHandler.java:450)
	at javafx.graphics@21/com.sun.javafx.tk.quantum.QuantumToolkit.runWithoutRenderLock(QuantumToolkit.java:424)
	at javafx.graphics@21/com.sun.javafx.tk.quantum.GlassViewEventHandler.handleMouseEvent(GlassViewEventHandler.java:449)
	at javafx.graphics@21/com.sun.glass.ui.View.handleMouseEvent(View.java:551)
	at javafx.graphics@21/com.sun.glass.ui.View.notifyMouse(View.java:937)
	at javafx.graphics@21/com.sun.glass.ui.win.WinApplication._runLoop(Native Method)
	at javafx.graphics@21/com.sun.glass.ui.win.WinApplication.lambda$runLoop$3(WinApplication.java:185)
	at java.base/java.lang.Thread.run(Thread.java:1583)

05:02:15.776 [JavaFX Application Thread] FATAL FXGLApplication      - Application will now exit
05:02:15.783 [JavaFX Application Thread] DEBUG PrimaryStageWindow   - Push state: ErrorSubScene
05:02:15.783 [JavaFX Application Thread] DEBUG Input                - Clearing active input actions
05:02:15.784 [JavaFX Application Thread] DEBUG GameApplicationServi - Removing overlay from GameMainMenu and adding to ErrorSubScene
05:02:15.785 [JavaFX Application Thread] DEBUG PrimaryStageWindow   - GameMainMenu -> ErrorSubScene
05:02:16.842 [FXGL Background Thread 3 ] DEBUG Engine               - Logging environment variables
05:02:16.842 [FXGL Background Thread 3 ] DEBUG Engine               - achievements: []
05:02:16.842 [FXGL Background Thread 3 ] DEBUG Engine               - actualHeight: 720.0
05:02:16.842 [FXGL Background Thread 3 ] DEBUG Engine               - actualHeightProperty: ReadOnlyDoubleProperty [value: 720.0]
05:02:16.842 [FXGL Background Thread 3 ] DEBUG Engine               - actualWidth: 720.0
05:02:16.843 [FXGL Background Thread 3 ] DEBUG Engine               - actualWidthProperty: ReadOnlyDoubleProperty [value: 720.0]
05:02:16.843 [FXGL Background Thread 3 ] DEBUG Engine               - appIcon: fxgl_icon.png
05:02:16.843 [FXGL Background Thread 3 ] DEBUG Engine               - applicationMode: DEVELOPER
05:02:16.843 [FXGL Background Thread 3 ] DEBUG Engine               - cSSList: [fxgl_dark.css]
05:02:16.843 [FXGL Background Thread 3 ] DEBUG Engine               - collisionDetectionStrategy: BRUTE_FORCE
05:02:16.843 [FXGL Background Thread 3 ] DEBUG Engine               - configClass: Optional[class com.example.flat2d.Misc.Config]
05:02:16.843 [FXGL Background Thread 3 ] DEBUG Engine               - credits: []
05:02:16.843 [FXGL Background Thread 3 ] DEBUG Engine               - defaultCursor: CursorInfo(imageName=fxgl_default_cursor.png, hotspotX=7.0, hotspotY=6.0)
05:02:16.844 [FXGL Background Thread 3 ] DEBUG Engine               - devBBoxColorProperty: ObjectProperty [value: 0xff0000ff]
05:02:16.844 [FXGL Background Thread 3 ] DEBUG Engine               - devEnableDebugCameraProperty: BooleanProperty [value: false]
05:02:16.844 [FXGL Background Thread 3 ] DEBUG Engine               - devSensorColorProperty: ObjectProperty [value: 0xffff00ff]
05:02:16.844 [FXGL Background Thread 3 ] DEBUG Engine               - devShowBBoxProperty: BooleanProperty [value: false]
05:02:16.844 [FXGL Background Thread 3 ] DEBUG Engine               - devShowPositionProperty: BooleanProperty [value: false]
05:02:16.844 [FXGL Background Thread 3 ] DEBUG Engine               - enabledMenuItems: []
05:02:16.844 [FXGL Background Thread 3 ] DEBUG Engine               - engineServices: [class com.almasb.fxgl.app.services.FXGLAssetLoaderService, class com.almasb.fxgl.app.FXGLApplication$GameApplicationService, class com.almasb.fxgl.app.services.FXGLDialogService, class com.almasb.fxgl.app.services.IOTaskExecutorService, class com.almasb.fxgl.io.FileSystemService, class com.almasb.fxgl.localization.LocalizationService, class com.almasb.fxgl.app.services.SystemBundleService, class com.almasb.fxgl.profile.SaveLoadService, class com.almasb.fxgl.ui.FXGLUIFactoryServiceProvider, class com.almasb.fxgl.ui.FXGLDialogFactoryServiceProvider, class com.almasb.fxgl.audio.AudioPlayer, class com.almasb.fxgl.notification.impl.NotificationServiceProvider, class com.almasb.fxgl.achievement.AchievementService, class com.almasb.fxgl.cutscene.CutsceneService, class com.almasb.fxgl.minigames.MiniGameService, class com.almasb.fxgl.net.NetService, class com.almasb.fxgl.app.services.UpdaterService, class com.almasb.fxgl.dev.DevService]
05:02:16.844 [FXGL Background Thread 3 ] DEBUG Engine               - fontGame: Abel-Regular.ttf
05:02:16.845 [FXGL Background Thread 3 ] DEBUG Engine               - fontMono: TerminalLandMono-Regular.otf
05:02:16.845 [FXGL Background Thread 3 ] DEBUG Engine               - fontSizeScaleUI: 1.0
05:02:16.845 [FXGL Background Thread 3 ] DEBUG Engine               - fontText: Courier-Prime.ttf
05:02:16.845 [FXGL Background Thread 3 ] DEBUG Engine               - fontUI: VarelaRound-Regular.ttf
05:02:16.845 [FXGL Background Thread 3 ] DEBUG Engine               - fullScreen: BooleanProperty [value: false]
05:02:16.845 [FXGL Background Thread 3 ] DEBUG Engine               - gameDifficulty: MEDIUM
05:02:16.845 [FXGL Background Thread 3 ] DEBUG Engine               - gameDifficultyProperty: ObjectProperty [value: MEDIUM]
05:02:16.845 [FXGL Background Thread 3 ] DEBUG Engine               - globalMusicVolume: 0.5
05:02:16.845 [FXGL Background Thread 3 ] DEBUG Engine               - globalMusicVolumeProperty: DoubleProperty [value: 0.5]
05:02:16.846 [FXGL Background Thread 3 ] DEBUG Engine               - globalSoundVolume: 0.5
05:02:16.846 [FXGL Background Thread 3 ] DEBUG Engine               - globalSoundVolumeProperty: DoubleProperty [value: 0.25]
05:02:16.846 [FXGL Background Thread 3 ] DEBUG Engine               - height: 720
05:02:16.846 [FXGL Background Thread 3 ] DEBUG Engine               - is3D: false
05:02:16.846 [FXGL Background Thread 3 ] DEBUG Engine               - isAndroid: false
05:02:16.846 [FXGL Background Thread 3 ] DEBUG Engine               - isBrowser: false
05:02:16.846 [FXGL Background Thread 3 ] DEBUG Engine               - isClickFeedbackEnabled: false
05:02:16.846 [FXGL Background Thread 3 ] DEBUG Engine               - isCloseConfirmation: false
05:02:16.846 [FXGL Background Thread 3 ] DEBUG Engine               - isDesktop: true
05:02:16.846 [FXGL Background Thread 3 ] DEBUG Engine               - isDeveloperMenuEnabled: true
05:02:16.846 [FXGL Background Thread 3 ] DEBUG Engine               - isEmbedded: false
05:02:16.846 [FXGL Background Thread 3 ] DEBUG Engine               - isEntityPreloadEnabled: true
05:02:16.847 [FXGL Background Thread 3 ] DEBUG Engine               - isExperimentalTiledLargeMap: false
05:02:16.847 [FXGL Background Thread 3 ] DEBUG Engine               - isFileSystemWriteAllowed: true
05:02:16.847 [FXGL Background Thread 3 ] DEBUG Engine               - isFullScreenAllowed: false
05:02:16.847 [FXGL Background Thread 3 ] DEBUG Engine               - isFullScreenFromStart: false
05:02:16.847 [FXGL Background Thread 3 ] DEBUG Engine               - isGameMenuEnabled: true
05:02:16.847 [FXGL Background Thread 3 ] DEBUG Engine               - isIOS: false
05:02:16.847 [FXGL Background Thread 3 ] DEBUG Engine               - isIntroEnabled: false
05:02:16.847 [FXGL Background Thread 3 ] DEBUG Engine               - isLinux: false
05:02:16.847 [FXGL Background Thread 3 ] DEBUG Engine               - isMac: false
05:02:16.847 [FXGL Background Thread 3 ] DEBUG Engine               - isMainMenuEnabled: true
05:02:16.847 [FXGL Background Thread 3 ] DEBUG Engine               - isManualResizeEnabled: false
05:02:16.847 [FXGL Background Thread 3 ] DEBUG Engine               - isMobile: false
05:02:16.847 [FXGL Background Thread 3 ] DEBUG Engine               - isNative: false
05:02:16.847 [FXGL Background Thread 3 ] DEBUG Engine               - isPauseMusicWhenMinimized: true
05:02:16.847 [FXGL Background Thread 3 ] DEBUG Engine               - isPreserveResizeRatio: false
05:02:16.847 [FXGL Background Thread 3 ] DEBUG Engine               - isProfilingEnabled: false
05:02:16.848 [FXGL Background Thread 3 ] DEBUG Engine               - isScaleAffectedOnResize: true
05:02:16.848 [FXGL Background Thread 3 ] DEBUG Engine               - isSingleStep: false
05:02:16.848 [FXGL Background Thread 3 ] DEBUG Engine               - isUserProfileEnabled: false
05:02:16.848 [FXGL Background Thread 3 ] DEBUG Engine               - isWindows: true
05:02:16.848 [FXGL Background Thread 3 ] DEBUG Engine               - language: ObjectProperty [value: ENGLISH]
05:02:16.848 [FXGL Background Thread 3 ] DEBUG Engine               - menuKey: ESCAPE
05:02:16.848 [FXGL Background Thread 3 ] DEBUG Engine               - mouseSensitivity: 0.2
05:02:16.848 [FXGL Background Thread 3 ] DEBUG Engine               - notificationViewClass: class com.almasb.fxgl.notification.view.XboxNotificationView
05:02:16.848 [FXGL Background Thread 3 ] DEBUG Engine               - pixelsPerMeter: 50.0
05:02:16.848 [FXGL Background Thread 3 ] DEBUG Engine               - platform: WINDOWS
05:02:16.848 [FXGL Background Thread 3 ] DEBUG Engine               - prefHeightProperty: ReadOnlyDoubleProperty [value: 720.0]
05:02:16.848 [FXGL Background Thread 3 ] DEBUG Engine               - prefWidthProperty: ReadOnlyDoubleProperty [value: 720.0]
05:02:16.848 [FXGL Background Thread 3 ] DEBUG Engine               - profileDir: profiles/
05:02:16.848 [FXGL Background Thread 3 ] DEBUG Engine               - profileName: StringProperty [value: DEFAULT]
05:02:16.848 [FXGL Background Thread 3 ] DEBUG Engine               - randomSeed: -1
05:02:16.849 [FXGL Background Thread 3 ] DEBUG Engine               - runtimeInfo: RuntimeInfo(platform=WINDOWS, version=17.3, build=30.03.2023 11.49)
05:02:16.849 [FXGL Background Thread 3 ] DEBUG Engine               - saveFileExt: sav
05:02:16.849 [FXGL Background Thread 3 ] DEBUG Engine               - scaledHeightProp$fxgl: DoubleProperty [bound, value: 720.0]
05:02:16.849 [FXGL Background Thread 3 ] DEBUG Engine               - scaledWidthProp$fxgl: DoubleProperty [bound, value: 720.0]
05:02:16.849 [FXGL Background Thread 3 ] DEBUG Engine               - sceneFactory: com.example.flat2d.GameApp$1@24fecc14
05:02:16.849 [FXGL Background Thread 3 ] DEBUG Engine               - secondsIn24h: 60
05:02:16.849 [FXGL Background Thread 3 ] DEBUG Engine               - soundMenuBack: menu/back.wav
05:02:16.849 [FXGL Background Thread 3 ] DEBUG Engine               - soundMenuPress: menu/press.wav
05:02:16.849 [FXGL Background Thread 3 ] DEBUG Engine               - soundMenuSelect: menu/select.wav
05:02:16.849 [FXGL Background Thread 3 ] DEBUG Engine               - soundNotification: core/notification.wav
05:02:16.849 [FXGL Background Thread 3 ] DEBUG Engine               - stageStyle: DECORATED
05:02:16.849 [FXGL Background Thread 3 ] DEBUG Engine               - supportedLanguages: [ENGLISH, FRENCH, GERMAN, HUNGARIAN, RUSSIAN]
05:02:16.849 [FXGL Background Thread 3 ] DEBUG Engine               - ticksPerSecond: -1
05:02:16.849 [FXGL Background Thread 3 ] DEBUG Engine               - title: Adventures of Sir Vim Zarado
05:02:16.849 [FXGL Background Thread 3 ] DEBUG Engine               - urlGithub: https://github.com/AlmasB/FXGL
05:02:16.850 [FXGL Background Thread 3 ] DEBUG Engine               - urlLeaderboard: http://fxgl-top.herokuapp.com/
05:02:16.850 [FXGL Background Thread 3 ] DEBUG Engine               - urlPOM: https://raw.githubusercontent.com/AlmasB/FXGL/release/README.md
05:02:16.850 [FXGL Background Thread 3 ] DEBUG Engine               - userAppClass: class com.example.flat2d.GameApp
05:02:16.850 [FXGL Background Thread 3 ] DEBUG Engine               - version: 0.0
05:02:16.850 [FXGL Background Thread 3 ] DEBUG Engine               - versionCheckDays: 7
05:02:16.850 [FXGL Background Thread 3 ] DEBUG Engine               - width: 720
05:02:16.850 [FXGL Background Thread 3 ] DEBUG Engine               - Logging services
05:02:16.850 [FXGL Background Thread 3 ] DEBUG Engine               - class com.almasb.fxgl.app.services.FXGLAssetLoaderService
05:02:16.850 [FXGL Background Thread 3 ] DEBUG Engine               - class com.almasb.fxgl.app.FXGLApplication$GameApplicationService
05:02:16.850 [FXGL Background Thread 3 ] DEBUG Engine               - class com.almasb.fxgl.app.services.FXGLDialogService
05:02:16.850 [FXGL Background Thread 3 ] DEBUG Engine               - class com.almasb.fxgl.app.services.IOTaskExecutorService
05:02:16.850 [FXGL Background Thread 3 ] DEBUG Engine               - class com.almasb.fxgl.io.FileSystemService
05:02:16.850 [FXGL Background Thread 3 ] DEBUG Engine               - class com.almasb.fxgl.localization.LocalizationService
05:02:16.850 [FXGL Background Thread 3 ] DEBUG Engine               - class com.almasb.fxgl.app.services.SystemBundleService
05:02:16.850 [FXGL Background Thread 3 ] DEBUG Engine               - class com.almasb.fxgl.profile.SaveLoadService
05:02:16.850 [FXGL Background Thread 3 ] DEBUG Engine               - class com.almasb.fxgl.ui.FXGLUIFactoryServiceProvider
05:02:16.850 [FXGL Background Thread 3 ] DEBUG Engine               - class com.almasb.fxgl.ui.FXGLDialogFactoryServiceProvider
05:02:16.850 [FXGL Background Thread 3 ] DEBUG Engine               - class com.almasb.fxgl.audio.AudioPlayer
05:02:16.850 [FXGL Background Thread 3 ] DEBUG Engine               - class com.almasb.fxgl.notification.impl.NotificationServiceProvider
05:02:16.850 [FXGL Background Thread 3 ] DEBUG Engine               - class com.almasb.fxgl.achievement.AchievementService
05:02:16.850 [FXGL Background Thread 3 ] DEBUG Engine               - class com.almasb.fxgl.cutscene.CutsceneService
05:02:16.851 [FXGL Background Thread 3 ] DEBUG Engine               - class com.almasb.fxgl.minigames.MiniGameService
05:02:16.851 [FXGL Background Thread 3 ] DEBUG Engine               - class com.almasb.fxgl.net.NetService
05:02:16.851 [FXGL Background Thread 3 ] DEBUG Engine               - class com.almasb.fxgl.app.services.UpdaterService
05:02:16.851 [FXGL Background Thread 3 ] DEBUG Engine               - class com.almasb.fxgl.dev.DevService
05:02:18.689 [JavaFX Application Thread] DEBUG FXGLApplication      - Exiting FXGL
05:02:18.689 [JavaFX Application Thread] DEBUG Async                - Shutting down background threads
05:02:18.690 [JavaFX Application Thread] DEBUG PrimaryStageWindow   - Closing main window
05:02:18.702 [JavaFX Application Thread] DEBUG Logger               - Closing Logger
