14:06:49.586 [main                     ] DEBUG Logger               - Configured Logger
14:06:49.613 [main                     ] DEBUG GameApplication      - Logging settings
Title: Adventures of Sir Vim Zarado
Version: 0.0
Width: 720
Height: 720
Fullscreen: false
Intro: false
Profiling: false
Single step:false
App Mode: DEVELOPER
Menu Key: ESCAPE
Stage Style: DECORATED
Scene Factory: class com.example.flat2d.GameApp$1

14:06:49.967 [JavaFX Application Thread] DEBUG FXGLApplication      - Initializing FXGL
14:06:49.972 [JavaFX Application Thread] INFO  Engine               - FXGL-17.3 (30.03.2023 11.49) on WINDOWS (J:21.0.2 FX:21)
14:06:49.973 [JavaFX Application Thread] DEBUG Engine               - JRE Vendor Name: Oracle Corporation
14:06:49.973 [JavaFX Application Thread] DEBUG Engine               - Running on OS: Windows 10 version 10.0
14:06:49.973 [JavaFX Application Thread] DEBUG Engine               - Architecture: amd64
14:06:49.973 [JavaFX Application Thread] INFO  Engine               - Source code and latest versions at: https://github.com/AlmasB/FXGL
14:06:49.973 [JavaFX Application Thread] INFO  Engine               -       Ask questions and discuss at: https://github.com/AlmasB/FXGL/discussions
14:06:49.974 [JavaFX Application Thread] INFO  Engine               -              Join the FXGL chat at: https://gitter.im/AlmasB/FXGL
14:06:50.081 [JavaFX Application Thread] DEBUG PrimaryStageWindow   - Creating a JavaFX scene
14:06:50.147 [JavaFX Application Thread] DEBUG PrimaryStageWindow   - Target settings size: 720.0 x 720.0
14:06:50.147 [JavaFX Application Thread] DEBUG PrimaryStageWindow   - Scaled scene size:    720.0 x 720.0
14:06:50.148 [JavaFX Application Thread] DEBUG PrimaryStageWindow   - Scaled ratio: (1.0, 1.0)
14:06:50.149 [JavaFX Application Thread] DEBUG PrimaryStageWindow   - Set initial scene to FXGLStartupScene
14:06:50.153 [JavaFX Application Thread] DEBUG PrimaryStageWindow   - Opening main window
14:06:50.236 [JavaFX Application Thread] DEBUG PrimaryStageWindow   - Window border size: (16.0, 39.0)
14:06:50.237 [JavaFX Application Thread] DEBUG PrimaryStageWindow   - Scaled size: 720.0 x 720.0
14:06:50.237 [JavaFX Application Thread] DEBUG PrimaryStageWindow   - Scaled ratio: (1.0, 1.0)
14:06:50.237 [JavaFX Application Thread] DEBUG PrimaryStageWindow   - Scene size: 720.0 x 720.0
14:06:50.238 [JavaFX Application Thread] DEBUG PrimaryStageWindow   - Stage size: 736.0 x 759.0
14:06:50.248 [FXGL Background Thread 1 ] DEBUG Engine               - Initializing environment variables
14:06:50.336 [FXGL Background Thread 1 ] DEBUG FXGLAssetLoaderServi - User app class for loading assets: class com.example.flat2d.GameApp
14:06:50.336 [FXGL Background Thread 1 ] DEBUG GameApplicationServi - Applying CSS: fxgl_dark.css
14:06:50.337 [FXGL Background Thread 1 ] DEBUG FXGLAssetLoaderServi - Loading from file system: jar:file:///C:/Users/USER/.m2/repository/com/github/almasb/fxgl/17.3/fxgl-17.3.jar!/fxglassets/ui/css/fxgl_dark.css
14:06:50.400 [FXGL Background Thread 1 ] DEBUG GameApplicationServi - Initializing application scenes
14:06:50.497 [FXGL Background Thread 1 ] DEBUG GameWorld            - Game world initialized
14:06:50.573 [FXGL Background Thread 1 ] DEBUG PhysicsWorld         - Physics world initialized: appHeight=720, physics.ppm=50.0
14:06:50.573 [FXGL Background Thread 1 ] DEBUG PhysicsWorld         - Using strategy: BRUTE_FORCE
14:06:50.577 [FXGL Background Thread 1 ] DEBUG GameScene            - Game scene initialized: 720x720
14:06:50.580 [FXGL Background Thread 1 ] DEBUG FXGLAssetLoaderServi - Loading from file system: file:/C:/Users/USER/IdeaProjects/CSIT228-F3-Finals/target/classes/assets/textures/background/main-screen.jpg
14:06:50.685 [FXGL Background Thread 1 ] DEBUG FXGLAssetLoaderServi - Loading from file system: file:/C:/Users/USER/IdeaProjects/CSIT228-F3-Finals/target/classes/assets/textures/profile-pic.jpg
14:06:50.700 [FXGL Background Thread 1 ] WARN  FXGL.DefaultMenu     - FXGLDefaultMenu is not designed for resolutions < 800x600
14:06:50.700 [FXGL Background Thread 1 ] DEBUG FXGL.DefaultMenu     - createMenuBodyGameMenu()
14:06:50.716 [FXGL Background Thread 1 ] DEBUG FXGL.DefaultMenu     - createOptionsMenu()
14:06:50.723 [FXGL Background Thread 1 ] DEBUG FXGLAssetLoaderServi - Loading from file system: jar:file:///C:/Users/USER/.m2/repository/com/github/almasb/fxgl/17.3/fxgl-17.3.jar!/fxglassets/textures/particles/smoke.png
14:06:50.824 [FXGL Background Thread 1 ] DEBUG FXGLAssetLoaderServi - Loading from file system: jar:file:///C:/Users/USER/.m2/repository/com/github/almasb/fxgl/17.3/fxgl-17.3.jar!/fxglassets/textures/particles/trace_horizontal.png
14:06:50.856 [FXGL Background Thread 1 ] DEBUG GameApplicationServi - Application scenes initialized
14:06:50.871 [FXGL Background Thread 1 ] DEBUG SystemBundleService  - Loading FXGL system data
14:06:50.876 [FXGL Background Thread 1 ] DEBUG FileSystemAccess     - Reading from: C:\Users\USER\IdeaProjects\CSIT228-F3-Finals\system\fxgl.bundle
14:06:50.889 [FXGL Background Thread 1 ] DEBUG SystemBundleService  - Bundle FXGL: {}
14:06:50.889 [FXGL Background Thread 1 ] DEBUG UpdaterService       - Checking for updates
14:06:50.923 [FXGL Background Thread 1 ] DEBUG FXGLApplication      - Loading default localization
14:06:50.924 [FXGL Background Thread 1 ] DEBUG FXGLAssetLoaderServi - Loading from file system: jar:file:///C:/Users/USER/.m2/repository/com/github/almasb/fxgl/17.3/fxgl-17.3.jar!/fxglassets/languages/english.lang
14:06:50.928 [FXGL Background Thread 4 ] DEBUG FXGLApplication      - Loading fonts
14:06:50.929 [FXGL Background Thread 4 ] DEBUG FXGLAssetLoaderServi - Loading from file system: jar:file:///C:/Users/USER/.m2/repository/com/github/almasb/fxgl/17.3/fxgl-17.3.jar!/fxglassets/ui/fonts/VarelaRound-Regular.ttf
14:06:50.966 [FXGL Background Thread 1 ] INFO  FXGLApplication      - FXGL initialization took: 0.718 sec
14:06:50.977 [JavaFX Application Thread] DEBUG Input                - Registered new binding: Up - W
14:06:50.977 [JavaFX Application Thread] DEBUG Input                - Registered new binding: Right - D
14:06:50.977 [JavaFX Application Thread] DEBUG Input                - Registered new binding: Left - A
14:06:50.977 [JavaFX Application Thread] DEBUG Input                - Registered new binding: Down - S
14:06:50.978 [JavaFX Application Thread] DEBUG Input                - Registered new binding: IDK - RMB
14:06:50.979 [JavaFX Application Thread] DEBUG FXGLAssetLoaderServi - Loading from file system: file:/C:/Users/USER/IdeaProjects/CSIT228-F3-Finals/target/classes/assets/music/opening.mp3
14:06:50.984 [FXGL Background Thread 4 ] DEBUG FXGLAssetLoaderServi - Loading from file system: jar:file:///C:/Users/USER/.m2/repository/com/github/almasb/fxgl/17.3/fxgl-17.3.jar!/fxglassets/ui/fonts/Abel-Regular.ttf
14:06:51.023 [FXGL Background Thread 4 ] DEBUG FXGLAssetLoaderServi - Loading from file system: jar:file:///C:/Users/USER/.m2/repository/com/github/almasb/fxgl/17.3/fxgl-17.3.jar!/fxglassets/ui/fonts/TerminalLandMono-Regular.otf
14:06:51.038 [FXGL Background Thread 4 ] DEBUG FXGLAssetLoaderServi - Loading from file system: jar:file:///C:/Users/USER/.m2/repository/com/github/almasb/fxgl/17.3/fxgl-17.3.jar!/fxglassets/ui/fonts/Courier-Prime.ttf
14:06:51.149 [JavaFX Application Thread] DEBUG AudioPlayer          - Playing music com.almasb.fxgl.audio.Music@6bc12a68
14:06:51.150 [JavaFX Application Thread] DEBUG FXGLAssetLoaderServi - Loading from file system: jar:file:///C:/Users/USER/.m2/repository/com/github/almasb/fxgl/17.3/fxgl-17.3.jar!/fxglassets/textures/fxgl_icon.png
14:06:51.174 [JavaFX Application Thread] DEBUG FXGLAssetLoaderServi - Loading from file system: jar:file:///C:/Users/USER/.m2/repository/com/github/almasb/fxgl/17.3/fxgl-17.3.jar!/fxglassets/textures/fxgl_default_cursor.png
14:06:51.176 [JavaFX Application Thread] DEBUG Input                - Registered new binding: Screenshot - CTRL+8
14:06:51.177 [JavaFX Application Thread] DEBUG Input                - Registered new binding: Dev Options - 1
14:06:51.177 [JavaFX Application Thread] DEBUG Input                - Registered new binding: Dev Console - 2
14:06:51.178 [JavaFX Application Thread] DEBUG Input                - Registered new binding: System info dump - CTRL+9
14:06:51.178 [JavaFX Application Thread] DEBUG Input                - Registered new binding: Restart - CTRL+R
14:06:51.179 [JavaFX Application Thread] DEBUG Input                - Registered new binding: Toggle Debug Camera - CTRL+7
14:06:51.183 [JavaFX Application Thread] DEBUG LoopRunner           - Starting loop
14:06:51.191 [JavaFX Application Thread] DEBUG LoopRunner           - Initializing JavaFX AnimationTimerLoop
14:06:51.193 [JavaFX Application Thread] DEBUG Input                - Clearing active input actions
14:06:51.208 [JavaFX Application Thread] DEBUG GameApplicationServi - Removing overlay from FXGLStartupScene and adding to FXGLMainMenuDummyScene
14:06:51.212 [JavaFX Application Thread] DEBUG PrimaryStageWindow   - FXGLStartupScene -> FXGLMainMenuDummyScene
14:06:51.212 [JavaFX Application Thread] DEBUG PrimaryStageWindow   - Push state: GameMainMenu
14:06:51.212 [JavaFX Application Thread] DEBUG Input                - Clearing active input actions
14:06:51.220 [JavaFX Application Thread] DEBUG GameApplicationServi - Removing overlay from FXGLMainMenuDummyScene and adding to GameMainMenu
14:06:51.221 [JavaFX Application Thread] DEBUG PrimaryStageWindow   - FXGLMainMenuDummyScene -> GameMainMenu
14:06:51.221 [JavaFX Application Thread] DEBUG FXGLApplication      - Registering font factories with UI factory
14:06:52.878 [JavaFX Application Thread] DEBUG AudioPlayer          - Stopping music com.almasb.fxgl.audio.Music@6bc12a68
14:06:52.879 [JavaFX Application Thread] DEBUG FXGLAssetLoaderServi - Loading from file system: file:/C:/Users/USER/IdeaProjects/CSIT228-F3-Finals/target/classes/assets/music/game-music.mp3
14:06:52.883 [JavaFX Application Thread] DEBUG AudioPlayer          - Playing music com.almasb.fxgl.audio.Music@512c6fac
14:06:52.883 [JavaFX Application Thread] DEBUG Menu                 - fireNewGame()
14:06:52.883 [JavaFX Application Thread] DEBUG GameApplicationServi - Starting new game
14:06:52.883 [JavaFX Application Thread] DEBUG PrimaryStageWindow   - Pop state: GameMainMenu
14:06:52.883 [JavaFX Application Thread] DEBUG Input                - Clearing active input actions
14:06:52.883 [JavaFX Application Thread] DEBUG GameApplicationServi - Removing overlay from GameMainMenu and adding to FXGLMainMenuDummyScene
14:06:52.886 [JavaFX Application Thread] DEBUG PrimaryStageWindow   - FXGLMainMenuDummyScene <- GameMainMenu
14:06:52.886 [JavaFX Application Thread] DEBUG Input                - Clearing active input actions
14:06:52.894 [JavaFX Application Thread] DEBUG GameApplicationServi - Removing overlay from FXGLMainMenuDummyScene and adding to FXGLLoadingScene
14:06:52.895 [JavaFX Application Thread] DEBUG PrimaryStageWindow   - FXGLMainMenuDummyScene -> FXGLLoadingScene
14:06:52.895 [JavaFX Application Thread] DEBUG GameApplicationServi - Clearing previous game
14:06:52.895 [JavaFX Application Thread] DEBUG GameScene            - Clearing game scene
14:06:52.895 [JavaFX Application Thread] DEBUG GameWorld            - Clearing game world
14:06:52.895 [JavaFX Application Thread] DEBUG PhysicsWorld         - Clearing physics world
14:06:52.899 [FXGL Background Thread 4 ] DEBUG FXGLApplication      - Initializing game
14:06:52.983 [FXGL Background Thread 4 ] WARN  TMXLevelLoader       - TiledMap generated from 1.10.2. Supported version: 1.9.0. Some features may not be parsed fully.
14:06:52.991 [FXGL Background Thread 2 ] INFO  UpdaterService       - Your current version:  17.3
14:06:52.996 [FXGL Background Thread 2 ] INFO  UpdaterService       - Latest stable version: 21.1
14:06:53.063 [FXGL Background Thread 4 ] DEBUG TMXLevelLoader       - Parsed TiledMap: file:/C:/Users/USER/IdeaProjects/CSIT228-F3-Finals/target/classes/assets/levels/tmx/2DGameTiledMap.tmx
14:06:53.064 [FXGL Background Thread 4 ] DEBUG TMXLevelLoader       - Creating tile layer entities
14:06:53.066 [FXGL Background Thread 4 ] DEBUG TilesetLoader        - Loading view for layer floor
14:06:53.086 [FXGL Background Thread 4 ] DEBUG TilesetLoader        - Created buffer with size 2304.0x2304.0
14:06:53.222 [FXGL Background Thread 4 ] DEBUG TilesetLoader        - Loading view for layer stuff
14:06:53.229 [FXGL Background Thread 4 ] DEBUG TilesetLoader        - Created buffer with size 2304.0x2304.0
14:06:53.237 [FXGL Background Thread 4 ] DEBUG TilesetLoader        - Loading view for layer decor
14:06:53.248 [FXGL Background Thread 4 ] DEBUG TilesetLoader        - Created buffer with size 2304.0x2304.0
14:06:53.259 [FXGL Background Thread 4 ] DEBUG TilesetLoader        - Loading view for layer more
14:06:53.272 [FXGL Background Thread 4 ] DEBUG TilesetLoader        - Created buffer with size 2304.0x2304.0
14:06:53.275 [FXGL Background Thread 4 ] DEBUG TMXLevelLoader       - Creating object layer entities
14:06:53.330 [FXGL Background Thread 4 ] DEBUG FXGLAssetLoaderServi - Loading from file system: file:/C:/Users/USER/IdeaProjects/CSIT228-F3-Finals/target/classes/assets/textures/background/torch.gif
14:06:53.393 [FXGL Background Thread 4 ] DEBUG FXGLAssetLoaderServi - Loading from file system: file:/C:/Users/USER/IdeaProjects/CSIT228-F3-Finals/target/classes/assets/textures/background/eyes-hole.gif
14:06:53.485 [FXGL Background Thread 4 ] DEBUG GameWorld            - Clearing removable entities
14:06:53.485 [FXGL Background Thread 4 ] DEBUG GameWorld            - Setting level: com.almasb.fxgl.entity.level.Level@7de4ab47
14:06:53.497 [FXGL Background Thread 4 ] DEBUG FXGLAssetLoaderServi - Loading from file system: file:/C:/Users/USER/IdeaProjects/CSIT228-F3-Finals/target/classes/assets/textures/player/lecatmoves.png
14:06:53.498 [FXGL Background Thread 4 ] DEBUG FXGLAssetLoaderServi - Loading from file system: file:/C:/Users/USER/IdeaProjects/CSIT228-F3-Finals/target/classes/assets/textures/player/CatOne.png
14:06:53.501 [FXGL Background Thread 4 ] DEBUG FXGLAssetLoaderServi - Loading from file system: file:/C:/Users/USER/IdeaProjects/CSIT228-F3-Finals/target/classes/assets/textures/player/CatThree.png
14:06:53.502 [FXGL Background Thread 4 ] DEBUG FXGLAssetLoaderServi - Loading from file system: file:/C:/Users/USER/IdeaProjects/CSIT228-F3-Finals/target/classes/assets/textures/player/CatFour.png
14:06:53.530 [FXGL Background Thread 4 ] INFO  FXGLApplication      - Game initialization took: 0.631 sec
14:06:53.533 [JavaFX Application Thread] DEBUG Input                - Clearing active input actions
14:06:53.544 [JavaFX Application Thread] DEBUG GameApplicationServi - Removing overlay from FXGLLoadingScene and adding to GameScene
14:06:53.554 [JavaFX Application Thread] DEBUG PrimaryStageWindow   - FXGLLoadingScene -> GameScene
14:06:53.922 [FXGL Background Thread 3 ] DEBUG Engine               - Logging environment variables
14:06:53.929 [FXGL Background Thread 3 ] DEBUG Engine               - achievements: []
14:06:53.929 [FXGL Background Thread 3 ] DEBUG Engine               - actualHeight: 720.0
14:06:53.932 [FXGL Background Thread 3 ] DEBUG Engine               - actualHeightProperty: ReadOnlyDoubleProperty [value: 720.0]
14:06:53.933 [FXGL Background Thread 3 ] DEBUG Engine               - actualWidth: 720.0
14:06:53.933 [FXGL Background Thread 3 ] DEBUG Engine               - actualWidthProperty: ReadOnlyDoubleProperty [value: 720.0]
14:06:53.933 [FXGL Background Thread 3 ] DEBUG Engine               - appIcon: fxgl_icon.png
14:06:53.935 [FXGL Background Thread 3 ] DEBUG Engine               - applicationMode: DEVELOPER
14:06:53.945 [FXGL Background Thread 3 ] DEBUG Engine               - cSSList: [fxgl_dark.css]
14:06:53.945 [FXGL Background Thread 3 ] DEBUG Engine               - collisionDetectionStrategy: BRUTE_FORCE
14:06:53.945 [FXGL Background Thread 3 ] DEBUG Engine               - configClass: Optional[class com.example.flat2d.Misc.Config]
14:06:53.945 [FXGL Background Thread 3 ] DEBUG Engine               - credits: []
14:06:53.946 [FXGL Background Thread 3 ] DEBUG Engine               - defaultCursor: CursorInfo(imageName=fxgl_default_cursor.png, hotspotX=7.0, hotspotY=6.0)
14:06:53.946 [FXGL Background Thread 3 ] DEBUG Engine               - devBBoxColorProperty: ObjectProperty [value: 0xff0000ff]
14:06:53.946 [FXGL Background Thread 3 ] DEBUG Engine               - devEnableDebugCameraProperty: BooleanProperty [value: false]
14:06:53.946 [FXGL Background Thread 3 ] DEBUG Engine               - devSensorColorProperty: ObjectProperty [value: 0xffff00ff]
14:06:53.946 [FXGL Background Thread 3 ] DEBUG Engine               - devShowBBoxProperty: BooleanProperty [value: false]
14:06:53.946 [FXGL Background Thread 3 ] DEBUG Engine               - devShowPositionProperty: BooleanProperty [value: false]
14:06:53.946 [FXGL Background Thread 3 ] DEBUG Engine               - enabledMenuItems: []
14:06:53.946 [FXGL Background Thread 3 ] DEBUG Engine               - engineServices: [class com.almasb.fxgl.app.services.FXGLAssetLoaderService, class com.almasb.fxgl.app.FXGLApplication$GameApplicationService, class com.almasb.fxgl.app.services.FXGLDialogService, class com.almasb.fxgl.app.services.IOTaskExecutorService, class com.almasb.fxgl.io.FileSystemService, class com.almasb.fxgl.localization.LocalizationService, class com.almasb.fxgl.app.services.SystemBundleService, class com.almasb.fxgl.profile.SaveLoadService, class com.almasb.fxgl.ui.FXGLUIFactoryServiceProvider, class com.almasb.fxgl.ui.FXGLDialogFactoryServiceProvider, class com.almasb.fxgl.audio.AudioPlayer, class com.almasb.fxgl.notification.impl.NotificationServiceProvider, class com.almasb.fxgl.achievement.AchievementService, class com.almasb.fxgl.cutscene.CutsceneService, class com.almasb.fxgl.minigames.MiniGameService, class com.almasb.fxgl.net.NetService, class com.almasb.fxgl.app.services.UpdaterService, class com.almasb.fxgl.dev.DevService]
14:06:53.946 [FXGL Background Thread 3 ] DEBUG Engine               - fontGame: Abel-Regular.ttf
14:06:53.947 [FXGL Background Thread 3 ] DEBUG Engine               - fontMono: TerminalLandMono-Regular.otf
14:06:53.947 [FXGL Background Thread 3 ] DEBUG Engine               - fontSizeScaleUI: 1.0
14:06:53.947 [FXGL Background Thread 3 ] DEBUG Engine               - fontText: Courier-Prime.ttf
14:06:53.947 [FXGL Background Thread 3 ] DEBUG Engine               - fontUI: VarelaRound-Regular.ttf
14:06:53.947 [FXGL Background Thread 3 ] DEBUG Engine               - fullScreen: BooleanProperty [value: false]
14:06:53.947 [FXGL Background Thread 3 ] DEBUG Engine               - gameDifficulty: MEDIUM
14:06:53.947 [FXGL Background Thread 3 ] DEBUG Engine               - gameDifficultyProperty: ObjectProperty [value: MEDIUM]
14:06:53.947 [FXGL Background Thread 3 ] DEBUG Engine               - globalMusicVolume: 0.5
14:06:53.947 [FXGL Background Thread 3 ] DEBUG Engine               - globalMusicVolumeProperty: DoubleProperty [value: 0.5]
14:06:53.948 [FXGL Background Thread 3 ] DEBUG Engine               - globalSoundVolume: 0.5
14:06:53.948 [FXGL Background Thread 3 ] DEBUG Engine               - globalSoundVolumeProperty: DoubleProperty [value: 0.25]
14:06:53.949 [FXGL Background Thread 3 ] DEBUG Engine               - height: 720
14:06:53.949 [FXGL Background Thread 3 ] DEBUG Engine               - is3D: false
14:06:53.949 [FXGL Background Thread 3 ] DEBUG Engine               - isAndroid: false
14:06:53.949 [FXGL Background Thread 3 ] DEBUG Engine               - isBrowser: false
14:06:53.949 [FXGL Background Thread 3 ] DEBUG Engine               - isClickFeedbackEnabled: false
14:06:53.949 [FXGL Background Thread 3 ] DEBUG Engine               - isCloseConfirmation: false
14:06:53.950 [FXGL Background Thread 3 ] DEBUG Engine               - isDesktop: true
14:06:53.950 [FXGL Background Thread 3 ] DEBUG Engine               - isDeveloperMenuEnabled: true
14:06:53.950 [FXGL Background Thread 3 ] DEBUG Engine               - isEmbedded: false
14:06:53.951 [FXGL Background Thread 3 ] DEBUG Engine               - isEntityPreloadEnabled: true
14:06:53.951 [FXGL Background Thread 3 ] DEBUG Engine               - isExperimentalTiledLargeMap: false
14:06:53.951 [FXGL Background Thread 3 ] DEBUG Engine               - isFileSystemWriteAllowed: true
14:06:53.951 [FXGL Background Thread 3 ] DEBUG Engine               - isFullScreenAllowed: false
14:06:53.952 [FXGL Background Thread 3 ] DEBUG Engine               - isFullScreenFromStart: false
14:06:53.952 [FXGL Background Thread 3 ] DEBUG Engine               - isGameMenuEnabled: true
14:06:53.952 [FXGL Background Thread 3 ] DEBUG Engine               - isIOS: false
14:06:53.952 [FXGL Background Thread 3 ] DEBUG Engine               - isIntroEnabled: false
14:06:53.952 [FXGL Background Thread 3 ] DEBUG Engine               - isLinux: false
14:06:53.958 [FXGL Background Thread 3 ] DEBUG Engine               - isMac: false
14:06:53.958 [FXGL Background Thread 3 ] DEBUG Engine               - isMainMenuEnabled: true
14:06:53.958 [FXGL Background Thread 3 ] DEBUG Engine               - isManualResizeEnabled: false
14:06:53.958 [FXGL Background Thread 3 ] DEBUG Engine               - isMobile: false
14:06:53.958 [FXGL Background Thread 3 ] DEBUG Engine               - isNative: false
14:06:53.958 [FXGL Background Thread 3 ] DEBUG Engine               - isPauseMusicWhenMinimized: true
14:06:53.958 [FXGL Background Thread 3 ] DEBUG Engine               - isPreserveResizeRatio: false
14:06:53.959 [FXGL Background Thread 3 ] DEBUG Engine               - isProfilingEnabled: false
14:06:53.959 [FXGL Background Thread 3 ] DEBUG Engine               - isScaleAffectedOnResize: true
14:06:53.959 [FXGL Background Thread 3 ] DEBUG Engine               - isSingleStep: false
14:06:53.959 [FXGL Background Thread 3 ] DEBUG Engine               - isUserProfileEnabled: false
14:06:53.959 [FXGL Background Thread 3 ] DEBUG Engine               - isWindows: true
14:06:53.959 [FXGL Background Thread 3 ] DEBUG Engine               - language: ObjectProperty [value: ENGLISH]
14:06:53.959 [FXGL Background Thread 3 ] DEBUG Engine               - menuKey: ESCAPE
14:06:53.959 [FXGL Background Thread 3 ] DEBUG Engine               - mouseSensitivity: 0.2
14:06:53.959 [FXGL Background Thread 3 ] DEBUG Engine               - notificationViewClass: class com.almasb.fxgl.notification.view.XboxNotificationView
14:06:53.959 [FXGL Background Thread 3 ] DEBUG Engine               - pixelsPerMeter: 50.0
14:06:53.959 [FXGL Background Thread 3 ] DEBUG Engine               - platform: WINDOWS
14:06:53.960 [FXGL Background Thread 3 ] DEBUG Engine               - prefHeightProperty: ReadOnlyDoubleProperty [value: 720.0]
14:06:53.960 [FXGL Background Thread 3 ] DEBUG Engine               - prefWidthProperty: ReadOnlyDoubleProperty [value: 720.0]
14:06:53.960 [FXGL Background Thread 3 ] DEBUG Engine               - profileDir: profiles/
14:06:53.960 [FXGL Background Thread 3 ] DEBUG Engine               - profileName: StringProperty [value: DEFAULT]
14:06:53.960 [FXGL Background Thread 3 ] DEBUG Engine               - randomSeed: -1
14:06:53.960 [FXGL Background Thread 3 ] DEBUG Engine               - runtimeInfo: RuntimeInfo(platform=WINDOWS, version=17.3, build=30.03.2023 11.49)
14:06:53.961 [FXGL Background Thread 3 ] DEBUG Engine               - saveFileExt: sav
14:06:53.961 [FXGL Background Thread 3 ] DEBUG Engine               - scaledHeightProp$fxgl: DoubleProperty [bound, value: 720.0]
14:06:53.961 [FXGL Background Thread 3 ] DEBUG Engine               - scaledWidthProp$fxgl: DoubleProperty [bound, value: 720.0]
14:06:53.961 [FXGL Background Thread 3 ] DEBUG Engine               - sceneFactory: com.example.flat2d.GameApp$1@5d7e88e5
14:06:53.961 [FXGL Background Thread 3 ] DEBUG Engine               - secondsIn24h: 60
14:06:53.961 [FXGL Background Thread 3 ] DEBUG Engine               - soundMenuBack: menu/back.wav
14:06:53.961 [FXGL Background Thread 3 ] DEBUG Engine               - soundMenuPress: menu/press.wav
14:06:53.961 [FXGL Background Thread 3 ] DEBUG Engine               - soundMenuSelect: menu/select.wav
14:06:53.961 [FXGL Background Thread 3 ] DEBUG Engine               - soundNotification: core/notification.wav
14:06:53.962 [FXGL Background Thread 3 ] DEBUG Engine               - stageStyle: DECORATED
14:06:53.962 [FXGL Background Thread 3 ] DEBUG Engine               - supportedLanguages: [ENGLISH, FRENCH, GERMAN, HUNGARIAN, RUSSIAN]
14:06:53.962 [FXGL Background Thread 3 ] DEBUG Engine               - ticksPerSecond: -1
14:06:53.962 [FXGL Background Thread 3 ] DEBUG Engine               - title: Adventures of Sir Vim Zarado
14:06:53.962 [FXGL Background Thread 3 ] DEBUG Engine               - urlGithub: https://github.com/AlmasB/FXGL
14:06:53.962 [FXGL Background Thread 3 ] DEBUG Engine               - urlLeaderboard: http://fxgl-top.herokuapp.com/
14:06:53.962 [FXGL Background Thread 3 ] DEBUG Engine               - urlPOM: https://raw.githubusercontent.com/AlmasB/FXGL/release/README.md
14:06:53.962 [FXGL Background Thread 3 ] DEBUG Engine               - userAppClass: class com.example.flat2d.GameApp
14:06:53.962 [FXGL Background Thread 3 ] DEBUG Engine               - version: 0.0
14:06:53.962 [FXGL Background Thread 3 ] DEBUG Engine               - versionCheckDays: 7
14:06:53.962 [FXGL Background Thread 3 ] DEBUG Engine               - width: 720
14:06:53.962 [FXGL Background Thread 3 ] DEBUG Engine               - Logging services
14:06:53.963 [FXGL Background Thread 3 ] DEBUG Engine               - class com.almasb.fxgl.app.services.FXGLAssetLoaderService
14:06:53.963 [FXGL Background Thread 3 ] DEBUG Engine               - class com.almasb.fxgl.app.FXGLApplication$GameApplicationService
14:06:53.963 [FXGL Background Thread 3 ] DEBUG Engine               - class com.almasb.fxgl.app.services.FXGLDialogService
14:06:53.963 [FXGL Background Thread 3 ] DEBUG Engine               - class com.almasb.fxgl.app.services.IOTaskExecutorService
14:06:53.963 [FXGL Background Thread 3 ] DEBUG Engine               - class com.almasb.fxgl.io.FileSystemService
14:06:53.963 [FXGL Background Thread 3 ] DEBUG Engine               - class com.almasb.fxgl.localization.LocalizationService
14:06:53.963 [FXGL Background Thread 3 ] DEBUG Engine               - class com.almasb.fxgl.app.services.SystemBundleService
14:06:53.963 [FXGL Background Thread 3 ] DEBUG Engine               - class com.almasb.fxgl.profile.SaveLoadService
14:06:53.963 [FXGL Background Thread 3 ] DEBUG Engine               - class com.almasb.fxgl.ui.FXGLUIFactoryServiceProvider
14:06:53.963 [FXGL Background Thread 3 ] DEBUG Engine               - class com.almasb.fxgl.ui.FXGLDialogFactoryServiceProvider
14:06:53.963 [FXGL Background Thread 3 ] DEBUG Engine               - class com.almasb.fxgl.audio.AudioPlayer
14:06:53.963 [FXGL Background Thread 3 ] DEBUG Engine               - class com.almasb.fxgl.notification.impl.NotificationServiceProvider
14:06:53.963 [FXGL Background Thread 3 ] DEBUG Engine               - class com.almasb.fxgl.achievement.AchievementService
14:06:53.963 [FXGL Background Thread 3 ] DEBUG Engine               - class com.almasb.fxgl.cutscene.CutsceneService
14:06:53.963 [FXGL Background Thread 3 ] DEBUG Engine               - class com.almasb.fxgl.minigames.MiniGameService
14:06:53.963 [FXGL Background Thread 3 ] DEBUG Engine               - class com.almasb.fxgl.net.NetService
14:06:53.964 [FXGL Background Thread 3 ] DEBUG Engine               - class com.almasb.fxgl.app.services.UpdaterService
14:06:53.964 [FXGL Background Thread 3 ] DEBUG Engine               - class com.almasb.fxgl.dev.DevService
14:06:54.520 [JavaFX Application Thread] DEBUG FXGLAssetLoaderServi - Loading from file system: file:/C:/Users/USER/IdeaProjects/CSIT228-F3-Finals/target/classes/assets/textures/skill/spr_bullet_strip.png
14:06:55.844 [JavaFX Application Thread] DEBUG FXGLAssetLoaderServi - Loading from file system: file:/C:/Users/USER/IdeaProjects/CSIT228-F3-Finals/target/classes/assets/textures/basic/NormalWalk2.png
14:06:55.846 [JavaFX Application Thread] DEBUG FXGLAssetLoaderServi - Loading from file system: file:/C:/Users/USER/IdeaProjects/CSIT228-F3-Finals/target/classes/assets/textures/basic/NormalDead2.png
14:06:55.848 [JavaFX Application Thread] DEBUG FXGLAssetLoaderServi - Loading from file system: file:/C:/Users/USER/IdeaProjects/CSIT228-F3-Finals/target/classes/assets/textures/basic/NormalAttack2.png
14:06:59.718 [JavaFX Application Thread] DEBUG FXGLAssetLoaderServi - Loading from file system: file:/C:/Users/USER/IdeaProjects/CSIT228-F3-Finals/target/classes/assets/textures/background/Large.gif
14:06:59.730 [JavaFX Application Thread] DEBUG FXGLAssetLoaderServi - Loading from file system: file:/C:/Users/USER/IdeaProjects/CSIT228-F3-Finals/target/classes/assets/sounds/enemy-death2.wav
14:07:00.706 [JavaFX Application Thread] DEBUG FXGLAssetLoaderServi - Loading from file system: file:/C:/Users/USER/IdeaProjects/CSIT228-F3-Finals/target/classes/assets/textures/background/get-all-exp.gif
14:07:00.709 [JavaFX Application Thread] WARN  Entity               - Entity already has component: com.almasb.fxgl.entity.components.CollidableComponent
14:07:01.316 [JavaFX Application Thread] DEBUG FXGLAssetLoaderServi - Loading from file system: file:/C:/Users/USER/IdeaProjects/CSIT228-F3-Finals/target/classes/assets/sounds/exp-get-sfx.wav
14:07:01.730 [JavaFX Application Thread] WARN  Entity               - Entity already has component: com.almasb.fxgl.entity.components.CollidableComponent
14:07:02.738 [JavaFX Application Thread] WARN  Entity               - Entity already has component: com.almasb.fxgl.entity.components.CollidableComponent
14:07:03.763 [JavaFX Application Thread] WARN  Entity               - Entity already has component: com.almasb.fxgl.entity.components.CollidableComponent
14:07:04.436 [JavaFX Application Thread] WARN  FXGLAssetLoaderServi - Asset "/assets/sounds/lvl-up-sfx.wav" was not found!
14:07:04.437 [JavaFX Application Thread] WARN  FXGLAssetLoaderServi - Failed to load SOUND
14:07:04.441 [JavaFX Application Thread] DEBUG FXGLAssetLoaderServi - Loading from file system: file:/C:/Users/USER/IdeaProjects/CSIT228-F3-Finals/target/classes/assets/textures/skil.png
14:07:04.787 [JavaFX Application Thread] WARN  Entity               - Entity already has component: com.almasb.fxgl.entity.components.CollidableComponent
14:07:05.433 [JavaFX Application Thread] DEBUG FXGLAssetLoaderServi - Loading from file system: file:/C:/Users/USER/IdeaProjects/CSIT228-F3-Finals/target/classes/assets/textures/background/skill-acquired.gif
14:07:05.810 [JavaFX Application Thread] WARN  Entity               - Entity already has component: com.almasb.fxgl.entity.components.CollidableComponent
14:07:06.291 [JavaFX Application Thread] DEBUG FXGLApplication      - Exiting FXGL
14:07:06.292 [JavaFX Application Thread] DEBUG LoopRunner           - Stopping loop
14:07:06.292 [JavaFX Application Thread] DEBUG SystemBundleService  - Saving FXGL system data
14:07:06.294 [JavaFX Application Thread] DEBUG FileSystemAccess     - Writing to: C:\Users\USER\IdeaProjects\CSIT228-F3-Finals\system\fxgl.bundle
14:07:06.297 [JavaFX Application Thread] DEBUG Async                - Shutting down background threads
14:07:06.297 [JavaFX Application Thread] DEBUG PrimaryStageWindow   - Closing main window
14:07:06.302 [JavaFX Application Thread] DEBUG Logger               - Closing Logger
