03:49:48.233 [main                     ] DEBUG Logger               - Configured Logger
03:49:48.284 [main                     ] DEBUG GameApplication      - Logging settings
Title: Adventures of Sir Vim Zarado
Version: 0.0
Width: 720
Height: 720
Fullscreen: false
Intro: false
Profiling: false
Single step:false
App Mode: DEVELOPER
Menu Key: ESCAPE
Stage Style: DECORATED
Scene Factory: class com.example.flat2d.GameApp$1

03:49:49.081 [JavaFX Application Thread] DEBUG FXGLApplication      - Initializing FXGL
03:49:49.091 [JavaFX Application Thread] INFO  Engine               - FXGL-17.3 (30.03.2023 11.49) on WINDOWS (J:21.0.2 FX:21)
03:49:49.094 [JavaFX Application Thread] DEBUG Engine               - JRE Vendor Name: Oracle Corporation
03:49:49.096 [JavaFX Application Thread] DEBUG Engine               - Running on OS: Windows 10 version 10.0
03:49:49.097 [JavaFX Application Thread] DEBUG Engine               - Architecture: amd64
03:49:49.097 [JavaFX Application Thread] INFO  Engine               - Source code and latest versions at: https://github.com/AlmasB/FXGL
03:49:49.097 [JavaFX Application Thread] INFO  Engine               -       Ask questions and discuss at: https://github.com/AlmasB/FXGL/discussions
03:49:49.097 [JavaFX Application Thread] INFO  Engine               -              Join the FXGL chat at: https://gitter.im/AlmasB/FXGL
03:49:49.403 [JavaFX Application Thread] DEBUG PrimaryStageWindow   - Creating a JavaFX scene
03:49:49.516 [JavaFX Application Thread] DEBUG PrimaryStageWindow   - Target settings size: 720.0 x 720.0
03:49:49.517 [JavaFX Application Thread] DEBUG PrimaryStageWindow   - Scaled scene size:    720.0 x 720.0
03:49:49.517 [JavaFX Application Thread] DEBUG PrimaryStageWindow   - Scaled ratio: (1.0, 1.0)
03:49:49.520 [JavaFX Application Thread] DEBUG PrimaryStageWindow   - Set initial scene to FXGLStartupScene
03:49:49.529 [JavaFX Application Thread] DEBUG PrimaryStageWindow   - Opening main window
03:49:49.711 [JavaFX Application Thread] DEBUG PrimaryStageWindow   - Window border size: (16.0, 39.0)
03:49:49.711 [JavaFX Application Thread] DEBUG PrimaryStageWindow   - Scaled size: 720.0 x 720.0
03:49:49.712 [JavaFX Application Thread] DEBUG PrimaryStageWindow   - Scaled ratio: (1.0, 1.0)
03:49:49.712 [JavaFX Application Thread] DEBUG PrimaryStageWindow   - Scene size: 720.0 x 720.0
03:49:49.714 [JavaFX Application Thread] DEBUG PrimaryStageWindow   - Stage size: 736.0 x 759.0
03:49:49.837 [FXGL Background Thread 1 ] DEBUG Engine               - Initializing environment variables
03:49:50.520 [FXGL Background Thread 1 ] DEBUG FXGLAssetLoaderServi - User app class for loading assets: class com.example.flat2d.GameApp
03:49:50.521 [FXGL Background Thread 1 ] DEBUG GameApplicationServi - Applying CSS: fxgl_dark.css
03:49:50.522 [FXGL Background Thread 1 ] DEBUG FXGLAssetLoaderServi - Loading from file system: jar:file:///C:/Users/USER/.m2/repository/com/github/almasb/fxgl/17.3/fxgl-17.3.jar!/fxglassets/ui/css/fxgl_dark.css
03:49:50.789 [FXGL Background Thread 1 ] DEBUG GameApplicationServi - Initializing application scenes
03:49:51.102 [FXGL Background Thread 1 ] DEBUG GameWorld            - Game world initialized
03:49:51.381 [FXGL Background Thread 1 ] DEBUG PhysicsWorld         - Physics world initialized: appHeight=720, physics.ppm=50.0
03:49:51.381 [FXGL Background Thread 1 ] DEBUG PhysicsWorld         - Using strategy: BRUTE_FORCE
03:49:51.389 [FXGL Background Thread 1 ] DEBUG GameScene            - Game scene initialized: 720x720
03:49:51.399 [FXGL Background Thread 1 ] DEBUG FXGLAssetLoaderServi - Loading from file system: file:/C:/Users/USER/IdeaProjects/CSIT228-F3-Finals/target/classes/assets/textures/background/main-screen.jpg
03:49:51.649 [FXGL Background Thread 1 ] DEBUG FXGLAssetLoaderServi - Loading from file system: file:/C:/Users/USER/IdeaProjects/CSIT228-F3-Finals/target/classes/assets/textures/profile-pic.jpg
03:49:51.678 [FXGL Background Thread 1 ] WARN  FXGL.DefaultMenu     - FXGLDefaultMenu is not designed for resolutions < 800x600
03:49:51.679 [FXGL Background Thread 1 ] DEBUG FXGL.DefaultMenu     - createMenuBodyGameMenu()
03:49:51.706 [FXGL Background Thread 1 ] DEBUG FXGL.DefaultMenu     - createOptionsMenu()
03:49:51.722 [FXGL Background Thread 1 ] DEBUG FXGLAssetLoaderServi - Loading from file system: jar:file:///C:/Users/USER/.m2/repository/com/github/almasb/fxgl/17.3/fxgl-17.3.jar!/fxglassets/textures/particles/smoke.png
03:49:51.937 [FXGL Background Thread 1 ] DEBUG FXGLAssetLoaderServi - Loading from file system: jar:file:///C:/Users/USER/.m2/repository/com/github/almasb/fxgl/17.3/fxgl-17.3.jar!/fxglassets/textures/particles/trace_horizontal.png
03:49:52.033 [FXGL Background Thread 1 ] DEBUG GameApplicationServi - Application scenes initialized
03:49:52.058 [FXGL Background Thread 1 ] DEBUG SystemBundleService  - Loading FXGL system data
03:49:52.067 [FXGL Background Thread 1 ] DEBUG FileSystemAccess     - Reading from: C:\Users\USER\IdeaProjects\CSIT228-F3-Finals\system\fxgl.bundle
03:49:52.117 [FXGL Background Thread 1 ] DEBUG SystemBundleService  - Bundle FXGL: {}
03:49:52.117 [FXGL Background Thread 1 ] DEBUG UpdaterService       - Checking for updates
03:49:52.175 [FXGL Background Thread 1 ] DEBUG FXGLApplication      - Loading default localization
03:49:52.177 [FXGL Background Thread 1 ] DEBUG FXGLAssetLoaderServi - Loading from file system: jar:file:///C:/Users/USER/.m2/repository/com/github/almasb/fxgl/17.3/fxgl-17.3.jar!/fxglassets/languages/english.lang
03:49:52.225 [FXGL Background Thread 1 ] INFO  FXGLApplication      - FXGL initialization took: 2.388 sec
03:49:52.233 [FXGL Background Thread 4 ] DEBUG FXGLApplication      - Loading fonts
03:49:52.234 [FXGL Background Thread 4 ] DEBUG FXGLAssetLoaderServi - Loading from file system: jar:file:///C:/Users/USER/.m2/repository/com/github/almasb/fxgl/17.3/fxgl-17.3.jar!/fxglassets/ui/fonts/VarelaRound-Regular.ttf
03:49:52.243 [JavaFX Application Thread] DEBUG Input                - Registered new binding: Up - W
03:49:52.243 [JavaFX Application Thread] DEBUG Input                - Registered new binding: Right - D
03:49:52.244 [JavaFX Application Thread] DEBUG Input                - Registered new binding: Left - A
03:49:52.244 [JavaFX Application Thread] DEBUG Input                - Registered new binding: Down - S
03:49:52.246 [JavaFX Application Thread] DEBUG Input                - Registered new binding: IDK - RMB
03:49:52.248 [JavaFX Application Thread] DEBUG FXGLAssetLoaderServi - Loading from file system: file:/C:/Users/USER/IdeaProjects/CSIT228-F3-Finals/target/classes/assets/music/opening.mp3
03:49:52.461 [FXGL Background Thread 4 ] DEBUG FXGLAssetLoaderServi - Loading from file system: jar:file:///C:/Users/USER/.m2/repository/com/github/almasb/fxgl/17.3/fxgl-17.3.jar!/fxglassets/ui/fonts/Abel-Regular.ttf
03:49:52.497 [FXGL Background Thread 4 ] DEBUG FXGLAssetLoaderServi - Loading from file system: jar:file:///C:/Users/USER/.m2/repository/com/github/almasb/fxgl/17.3/fxgl-17.3.jar!/fxglassets/ui/fonts/TerminalLandMono-Regular.otf
03:49:52.518 [FXGL Background Thread 4 ] DEBUG FXGLAssetLoaderServi - Loading from file system: jar:file:///C:/Users/USER/.m2/repository/com/github/almasb/fxgl/17.3/fxgl-17.3.jar!/fxglassets/ui/fonts/Courier-Prime.ttf
03:49:52.670 [JavaFX Application Thread] DEBUG AudioPlayer          - Playing music com.almasb.fxgl.audio.Music@60fc6a78
03:49:52.672 [JavaFX Application Thread] DEBUG FXGLAssetLoaderServi - Loading from file system: jar:file:///C:/Users/USER/.m2/repository/com/github/almasb/fxgl/17.3/fxgl-17.3.jar!/fxglassets/textures/fxgl_icon.png
03:49:52.755 [JavaFX Application Thread] DEBUG FXGLAssetLoaderServi - Loading from file system: jar:file:///C:/Users/USER/.m2/repository/com/github/almasb/fxgl/17.3/fxgl-17.3.jar!/fxglassets/textures/fxgl_default_cursor.png
03:49:52.763 [JavaFX Application Thread] DEBUG Input                - Registered new binding: Screenshot - CTRL+8
03:49:52.764 [JavaFX Application Thread] DEBUG Input                - Registered new binding: Dev Options - 1
03:49:52.765 [JavaFX Application Thread] DEBUG Input                - Registered new binding: Dev Console - 2
03:49:52.765 [JavaFX Application Thread] DEBUG Input                - Registered new binding: System info dump - CTRL+9
03:49:52.766 [JavaFX Application Thread] DEBUG Input                - Registered new binding: Restart - CTRL+R
03:49:52.767 [JavaFX Application Thread] DEBUG Input                - Registered new binding: Toggle Debug Camera - CTRL+7
03:49:52.775 [JavaFX Application Thread] DEBUG LoopRunner           - Starting loop
03:49:52.788 [JavaFX Application Thread] DEBUG LoopRunner           - Initializing JavaFX AnimationTimerLoop
03:49:52.793 [JavaFX Application Thread] DEBUG Input                - Clearing active input actions
03:49:52.817 [JavaFX Application Thread] DEBUG GameApplicationServi - Removing overlay from FXGLStartupScene and adding to FXGLMainMenuDummyScene
03:49:52.824 [JavaFX Application Thread] DEBUG PrimaryStageWindow   - FXGLStartupScene -> FXGLMainMenuDummyScene
03:49:52.824 [JavaFX Application Thread] DEBUG PrimaryStageWindow   - Push state: GameMainMenu
03:49:52.824 [JavaFX Application Thread] DEBUG Input                - Clearing active input actions
03:49:52.837 [JavaFX Application Thread] DEBUG GameApplicationServi - Removing overlay from FXGLMainMenuDummyScene and adding to GameMainMenu
03:49:52.864 [JavaFX Application Thread] DEBUG PrimaryStageWindow   - FXGLMainMenuDummyScene -> GameMainMenu
03:49:52.867 [JavaFX Application Thread] DEBUG FXGLApplication      - Registering font factories with UI factory
03:49:55.171 [FXGL Background Thread 3 ] DEBUG Engine               - Logging environment variables
03:49:55.172 [FXGL Background Thread 3 ] DEBUG Engine               - achievements: []
03:49:55.172 [FXGL Background Thread 3 ] DEBUG Engine               - actualHeight: 720.0
03:49:55.172 [FXGL Background Thread 3 ] DEBUG Engine               - actualHeightProperty: ReadOnlyDoubleProperty [value: 720.0]
03:49:55.172 [FXGL Background Thread 3 ] DEBUG Engine               - actualWidth: 720.0
03:49:55.172 [FXGL Background Thread 3 ] DEBUG Engine               - actualWidthProperty: ReadOnlyDoubleProperty [value: 720.0]
03:49:55.172 [FXGL Background Thread 3 ] DEBUG Engine               - appIcon: fxgl_icon.png
03:49:55.173 [FXGL Background Thread 3 ] DEBUG Engine               - applicationMode: DEVELOPER
03:49:55.173 [FXGL Background Thread 3 ] DEBUG Engine               - cSSList: [fxgl_dark.css]
03:49:55.173 [FXGL Background Thread 3 ] DEBUG Engine               - collisionDetectionStrategy: BRUTE_FORCE
03:49:55.173 [FXGL Background Thread 3 ] DEBUG Engine               - configClass: Optional[class com.example.flat2d.Misc.Config]
03:49:55.173 [FXGL Background Thread 3 ] DEBUG Engine               - credits: []
03:49:55.174 [FXGL Background Thread 3 ] DEBUG Engine               - defaultCursor: CursorInfo(imageName=fxgl_default_cursor.png, hotspotX=7.0, hotspotY=6.0)
03:49:55.175 [FXGL Background Thread 3 ] DEBUG Engine               - devBBoxColorProperty: ObjectProperty [value: 0xff0000ff]
03:49:55.175 [FXGL Background Thread 3 ] DEBUG Engine               - devEnableDebugCameraProperty: BooleanProperty [value: false]
03:49:55.175 [FXGL Background Thread 3 ] DEBUG Engine               - devSensorColorProperty: ObjectProperty [value: 0xffff00ff]
03:49:55.175 [FXGL Background Thread 3 ] DEBUG Engine               - devShowBBoxProperty: BooleanProperty [value: false]
03:49:55.175 [FXGL Background Thread 3 ] DEBUG Engine               - devShowPositionProperty: BooleanProperty [value: false]
03:49:55.175 [FXGL Background Thread 3 ] DEBUG Engine               - enabledMenuItems: []
03:49:55.176 [FXGL Background Thread 3 ] DEBUG Engine               - engineServices: [class com.almasb.fxgl.app.services.FXGLAssetLoaderService, class com.almasb.fxgl.app.FXGLApplication$GameApplicationService, class com.almasb.fxgl.app.services.FXGLDialogService, class com.almasb.fxgl.app.services.IOTaskExecutorService, class com.almasb.fxgl.io.FileSystemService, class com.almasb.fxgl.localization.LocalizationService, class com.almasb.fxgl.app.services.SystemBundleService, class com.almasb.fxgl.profile.SaveLoadService, class com.almasb.fxgl.ui.FXGLUIFactoryServiceProvider, class com.almasb.fxgl.ui.FXGLDialogFactoryServiceProvider, class com.almasb.fxgl.audio.AudioPlayer, class com.almasb.fxgl.notification.impl.NotificationServiceProvider, class com.almasb.fxgl.achievement.AchievementService, class com.almasb.fxgl.cutscene.CutsceneService, class com.almasb.fxgl.minigames.MiniGameService, class com.almasb.fxgl.net.NetService, class com.almasb.fxgl.app.services.UpdaterService, class com.almasb.fxgl.dev.DevService]
03:49:55.176 [FXGL Background Thread 3 ] DEBUG Engine               - fontGame: Abel-Regular.ttf
03:49:55.176 [FXGL Background Thread 3 ] DEBUG Engine               - fontMono: TerminalLandMono-Regular.otf
03:49:55.176 [FXGL Background Thread 3 ] DEBUG Engine               - fontSizeScaleUI: 1.0
03:49:55.177 [FXGL Background Thread 3 ] DEBUG Engine               - fontText: Courier-Prime.ttf
03:49:55.177 [FXGL Background Thread 3 ] DEBUG Engine               - fontUI: VarelaRound-Regular.ttf
03:49:55.177 [FXGL Background Thread 3 ] DEBUG Engine               - fullScreen: BooleanProperty [value: false]
03:49:55.177 [FXGL Background Thread 3 ] DEBUG Engine               - gameDifficulty: MEDIUM
03:49:55.177 [FXGL Background Thread 3 ] DEBUG Engine               - gameDifficultyProperty: ObjectProperty [value: MEDIUM]
03:49:55.177 [FXGL Background Thread 3 ] DEBUG Engine               - globalMusicVolume: 0.5
03:49:55.178 [FXGL Background Thread 3 ] DEBUG Engine               - globalMusicVolumeProperty: DoubleProperty [value: 0.5]
03:49:55.178 [FXGL Background Thread 3 ] DEBUG Engine               - globalSoundVolume: 0.5
03:49:55.178 [FXGL Background Thread 3 ] DEBUG Engine               - globalSoundVolumeProperty: DoubleProperty [value: 0.25]
03:49:55.179 [FXGL Background Thread 3 ] DEBUG Engine               - height: 720
03:49:55.179 [FXGL Background Thread 3 ] DEBUG Engine               - is3D: false
03:49:55.179 [FXGL Background Thread 3 ] DEBUG Engine               - isAndroid: false
03:49:55.179 [FXGL Background Thread 3 ] DEBUG Engine               - isBrowser: false
03:49:55.179 [FXGL Background Thread 3 ] DEBUG Engine               - isClickFeedbackEnabled: false
03:49:55.179 [FXGL Background Thread 3 ] DEBUG Engine               - isCloseConfirmation: false
03:49:55.179 [FXGL Background Thread 3 ] DEBUG Engine               - isDesktop: true
03:49:55.179 [FXGL Background Thread 3 ] DEBUG Engine               - isDeveloperMenuEnabled: true
03:49:55.179 [FXGL Background Thread 3 ] DEBUG Engine               - isEmbedded: false
03:49:55.180 [FXGL Background Thread 3 ] DEBUG Engine               - isEntityPreloadEnabled: true
03:49:55.180 [FXGL Background Thread 3 ] DEBUG Engine               - isExperimentalTiledLargeMap: false
03:49:55.180 [FXGL Background Thread 3 ] DEBUG Engine               - isFileSystemWriteAllowed: true
03:49:55.180 [FXGL Background Thread 3 ] DEBUG Engine               - isFullScreenAllowed: false
03:49:55.180 [FXGL Background Thread 3 ] DEBUG Engine               - isFullScreenFromStart: false
03:49:55.180 [FXGL Background Thread 3 ] DEBUG Engine               - isGameMenuEnabled: true
03:49:55.180 [FXGL Background Thread 3 ] DEBUG Engine               - isIOS: false
03:49:55.180 [FXGL Background Thread 3 ] DEBUG Engine               - isIntroEnabled: false
03:49:55.181 [FXGL Background Thread 3 ] DEBUG Engine               - isLinux: false
03:49:55.181 [FXGL Background Thread 3 ] DEBUG Engine               - isMac: false
03:49:55.181 [FXGL Background Thread 3 ] DEBUG Engine               - isMainMenuEnabled: true
03:49:55.181 [FXGL Background Thread 3 ] DEBUG Engine               - isManualResizeEnabled: false
03:49:55.181 [FXGL Background Thread 3 ] DEBUG Engine               - isMobile: false
03:49:55.181 [FXGL Background Thread 3 ] DEBUG Engine               - isNative: false
03:49:55.182 [FXGL Background Thread 3 ] DEBUG Engine               - isPauseMusicWhenMinimized: true
03:49:55.182 [FXGL Background Thread 3 ] DEBUG Engine               - isPreserveResizeRatio: false
03:49:55.182 [FXGL Background Thread 3 ] DEBUG Engine               - isProfilingEnabled: false
03:49:55.182 [FXGL Background Thread 3 ] DEBUG Engine               - isScaleAffectedOnResize: true
03:49:55.182 [FXGL Background Thread 3 ] DEBUG Engine               - isSingleStep: false
03:49:55.182 [FXGL Background Thread 3 ] DEBUG Engine               - isUserProfileEnabled: false
03:49:55.182 [FXGL Background Thread 3 ] DEBUG Engine               - isWindows: true
03:49:55.182 [FXGL Background Thread 3 ] DEBUG Engine               - language: ObjectProperty [value: ENGLISH]
03:49:55.183 [FXGL Background Thread 3 ] DEBUG Engine               - menuKey: ESCAPE
03:49:55.183 [FXGL Background Thread 3 ] DEBUG Engine               - mouseSensitivity: 0.2
03:49:55.183 [FXGL Background Thread 3 ] DEBUG Engine               - notificationViewClass: class com.almasb.fxgl.notification.view.XboxNotificationView
03:49:55.183 [FXGL Background Thread 3 ] DEBUG Engine               - pixelsPerMeter: 50.0
03:49:55.183 [FXGL Background Thread 3 ] DEBUG Engine               - platform: WINDOWS
03:49:55.183 [FXGL Background Thread 3 ] DEBUG Engine               - prefHeightProperty: ReadOnlyDoubleProperty [value: 720.0]
03:49:55.183 [FXGL Background Thread 3 ] DEBUG Engine               - prefWidthProperty: ReadOnlyDoubleProperty [value: 720.0]
03:49:55.183 [FXGL Background Thread 3 ] DEBUG Engine               - profileDir: profiles/
03:49:55.184 [FXGL Background Thread 3 ] DEBUG Engine               - profileName: StringProperty [value: DEFAULT]
03:49:55.184 [FXGL Background Thread 3 ] DEBUG Engine               - randomSeed: -1
03:49:55.184 [FXGL Background Thread 3 ] DEBUG Engine               - runtimeInfo: RuntimeInfo(platform=WINDOWS, version=17.3, build=30.03.2023 11.49)
03:49:55.184 [FXGL Background Thread 3 ] DEBUG Engine               - saveFileExt: sav
03:49:55.184 [FXGL Background Thread 3 ] DEBUG Engine               - scaledHeightProp$fxgl: DoubleProperty [bound, value: 720.0]
03:49:55.185 [FXGL Background Thread 3 ] DEBUG Engine               - scaledWidthProp$fxgl: DoubleProperty [bound, value: 720.0]
03:49:55.185 [FXGL Background Thread 3 ] DEBUG Engine               - sceneFactory: com.example.flat2d.GameApp$1@5cd86a02
03:49:55.185 [FXGL Background Thread 3 ] DEBUG Engine               - secondsIn24h: 60
03:49:55.185 [FXGL Background Thread 3 ] DEBUG Engine               - soundMenuBack: menu/back.wav
03:49:55.185 [FXGL Background Thread 3 ] DEBUG Engine               - soundMenuPress: menu/press.wav
03:49:55.185 [FXGL Background Thread 3 ] DEBUG Engine               - soundMenuSelect: menu/select.wav
03:49:55.185 [FXGL Background Thread 3 ] DEBUG Engine               - soundNotification: core/notification.wav
03:49:55.185 [FXGL Background Thread 3 ] DEBUG Engine               - stageStyle: DECORATED
03:49:55.185 [FXGL Background Thread 3 ] DEBUG Engine               - supportedLanguages: [ENGLISH, FRENCH, GERMAN, HUNGARIAN, RUSSIAN]
03:49:55.186 [FXGL Background Thread 3 ] DEBUG Engine               - ticksPerSecond: -1
03:49:55.186 [FXGL Background Thread 3 ] DEBUG Engine               - title: Adventures of Sir Vim Zarado
03:49:55.186 [FXGL Background Thread 3 ] DEBUG Engine               - urlGithub: https://github.com/AlmasB/FXGL
03:49:55.186 [FXGL Background Thread 3 ] DEBUG Engine               - urlLeaderboard: http://fxgl-top.herokuapp.com/
03:49:55.186 [FXGL Background Thread 3 ] DEBUG Engine               - urlPOM: https://raw.githubusercontent.com/AlmasB/FXGL/release/README.md
03:49:55.186 [FXGL Background Thread 3 ] DEBUG Engine               - userAppClass: class com.example.flat2d.GameApp
03:49:55.187 [FXGL Background Thread 3 ] DEBUG Engine               - version: 0.0
03:49:55.187 [FXGL Background Thread 3 ] DEBUG Engine               - versionCheckDays: 7
03:49:55.187 [FXGL Background Thread 3 ] DEBUG Engine               - width: 720
03:49:55.187 [FXGL Background Thread 3 ] DEBUG Engine               - Logging services
03:49:55.187 [FXGL Background Thread 3 ] DEBUG Engine               - class com.almasb.fxgl.app.services.FXGLAssetLoaderService
03:49:55.187 [FXGL Background Thread 3 ] DEBUG Engine               - class com.almasb.fxgl.app.FXGLApplication$GameApplicationService
03:49:55.188 [FXGL Background Thread 3 ] DEBUG Engine               - class com.almasb.fxgl.app.services.FXGLDialogService
03:49:55.188 [FXGL Background Thread 3 ] DEBUG Engine               - class com.almasb.fxgl.app.services.IOTaskExecutorService
03:49:55.188 [FXGL Background Thread 3 ] DEBUG Engine               - class com.almasb.fxgl.io.FileSystemService
03:49:55.188 [FXGL Background Thread 3 ] DEBUG Engine               - class com.almasb.fxgl.localization.LocalizationService
03:49:55.188 [FXGL Background Thread 3 ] DEBUG Engine               - class com.almasb.fxgl.app.services.SystemBundleService
03:49:55.188 [FXGL Background Thread 3 ] DEBUG Engine               - class com.almasb.fxgl.profile.SaveLoadService
03:49:55.189 [FXGL Background Thread 3 ] DEBUG Engine               - class com.almasb.fxgl.ui.FXGLUIFactoryServiceProvider
03:49:55.189 [FXGL Background Thread 3 ] DEBUG Engine               - class com.almasb.fxgl.ui.FXGLDialogFactoryServiceProvider
03:49:55.189 [FXGL Background Thread 3 ] DEBUG Engine               - class com.almasb.fxgl.audio.AudioPlayer
03:49:55.189 [FXGL Background Thread 3 ] DEBUG Engine               - class com.almasb.fxgl.notification.impl.NotificationServiceProvider
03:49:55.189 [FXGL Background Thread 3 ] DEBUG Engine               - class com.almasb.fxgl.achievement.AchievementService
03:49:55.189 [FXGL Background Thread 3 ] DEBUG Engine               - class com.almasb.fxgl.cutscene.CutsceneService
03:49:55.189 [FXGL Background Thread 3 ] DEBUG Engine               - class com.almasb.fxgl.minigames.MiniGameService
03:49:55.189 [FXGL Background Thread 3 ] DEBUG Engine               - class com.almasb.fxgl.net.NetService
03:49:55.189 [FXGL Background Thread 3 ] DEBUG Engine               - class com.almasb.fxgl.app.services.UpdaterService
03:49:55.189 [FXGL Background Thread 3 ] DEBUG Engine               - class com.almasb.fxgl.dev.DevService
03:49:55.525 [JavaFX Application Thread] DEBUG AudioPlayer          - Stopping music com.almasb.fxgl.audio.Music@60fc6a78
03:49:55.527 [JavaFX Application Thread] DEBUG FXGLAssetLoaderServi - Loading from file system: file:/C:/Users/USER/IdeaProjects/CSIT228-F3-Finals/target/classes/assets/music/game-music.mp3
03:49:55.533 [JavaFX Application Thread] DEBUG AudioPlayer          - Playing music com.almasb.fxgl.audio.Music@13b2fcab
03:49:55.533 [JavaFX Application Thread] DEBUG Menu                 - fireNewGame()
03:49:55.533 [JavaFX Application Thread] DEBUG GameApplicationServi - Starting new game
03:49:55.534 [JavaFX Application Thread] DEBUG PrimaryStageWindow   - Pop state: GameMainMenu
03:49:55.534 [JavaFX Application Thread] DEBUG Input                - Clearing active input actions
03:49:55.536 [JavaFX Application Thread] DEBUG GameApplicationServi - Removing overlay from GameMainMenu and adding to FXGLMainMenuDummyScene
03:49:55.542 [JavaFX Application Thread] DEBUG PrimaryStageWindow   - FXGLMainMenuDummyScene <- GameMainMenu
03:49:55.543 [JavaFX Application Thread] DEBUG Input                - Clearing active input actions
03:49:55.555 [JavaFX Application Thread] DEBUG GameApplicationServi - Removing overlay from FXGLMainMenuDummyScene and adding to FXGLLoadingScene
03:49:55.556 [JavaFX Application Thread] DEBUG PrimaryStageWindow   - FXGLMainMenuDummyScene -> FXGLLoadingScene
03:49:55.556 [JavaFX Application Thread] DEBUG GameApplicationServi - Clearing previous game
03:49:55.556 [JavaFX Application Thread] DEBUG GameScene            - Clearing game scene
03:49:55.556 [JavaFX Application Thread] DEBUG GameWorld            - Clearing game world
03:49:55.557 [JavaFX Application Thread] DEBUG PhysicsWorld         - Clearing physics world
03:49:55.559 [FXGL Background Thread 4 ] DEBUG FXGLApplication      - Initializing game
03:49:55.677 [FXGL Background Thread 4 ] WARN  TMXLevelLoader       - TiledMap generated from 1.10.2. Supported version: 1.9.0. Some features may not be parsed fully.
03:49:55.801 [FXGL Background Thread 4 ] DEBUG TMXLevelLoader       - Parsed TiledMap: file:/C:/Users/USER/IdeaProjects/CSIT228-F3-Finals/target/classes/assets/levels/tmx/2DGameTiledMap.tmx
03:49:55.804 [FXGL Background Thread 4 ] DEBUG TMXLevelLoader       - Creating tile layer entities
03:49:55.812 [FXGL Background Thread 4 ] DEBUG TilesetLoader        - Loading view for layer floor
03:49:55.837 [FXGL Background Thread 4 ] DEBUG TilesetLoader        - Created buffer with size 2304.0x2304.0
03:49:56.091 [FXGL Background Thread 4 ] DEBUG TilesetLoader        - Loading view for layer stuff
03:49:56.101 [FXGL Background Thread 4 ] DEBUG TilesetLoader        - Created buffer with size 2304.0x2304.0
03:49:56.119 [FXGL Background Thread 4 ] DEBUG TilesetLoader        - Loading view for layer decor
03:49:56.141 [FXGL Background Thread 4 ] DEBUG TilesetLoader        - Created buffer with size 2304.0x2304.0
03:49:56.159 [FXGL Background Thread 4 ] DEBUG TilesetLoader        - Loading view for layer more
03:49:56.184 [FXGL Background Thread 4 ] DEBUG TilesetLoader        - Created buffer with size 2304.0x2304.0
03:49:56.190 [FXGL Background Thread 4 ] DEBUG TMXLevelLoader       - Creating object layer entities
03:49:56.283 [FXGL Background Thread 4 ] DEBUG FXGLAssetLoaderServi - Loading from file system: file:/C:/Users/USER/IdeaProjects/CSIT228-F3-Finals/target/classes/assets/textures/background/torch.gif
03:49:56.383 [FXGL Background Thread 4 ] DEBUG FXGLAssetLoaderServi - Loading from file system: file:/C:/Users/USER/IdeaProjects/CSIT228-F3-Finals/target/classes/assets/textures/background/eyes-hole.gif
03:49:56.530 [FXGL Background Thread 4 ] DEBUG GameWorld            - Clearing removable entities
03:49:56.531 [FXGL Background Thread 4 ] DEBUG GameWorld            - Setting level: com.almasb.fxgl.entity.level.Level@5ac1db54
03:49:56.547 [FXGL Background Thread 4 ] DEBUG FXGLAssetLoaderServi - Loading from file system: file:/C:/Users/USER/IdeaProjects/CSIT228-F3-Finals/target/classes/assets/textures/player/lecatmoves.png
03:49:56.549 [FXGL Background Thread 4 ] DEBUG FXGLAssetLoaderServi - Loading from file system: file:/C:/Users/USER/IdeaProjects/CSIT228-F3-Finals/target/classes/assets/textures/player/CatOne.png
03:49:56.550 [FXGL Background Thread 4 ] DEBUG FXGLAssetLoaderServi - Loading from file system: file:/C:/Users/USER/IdeaProjects/CSIT228-F3-Finals/target/classes/assets/textures/player/CatThree.png
03:49:56.552 [FXGL Background Thread 4 ] DEBUG FXGLAssetLoaderServi - Loading from file system: file:/C:/Users/USER/IdeaProjects/CSIT228-F3-Finals/target/classes/assets/textures/player/CatFour.png
03:49:56.612 [FXGL Background Thread 4 ] INFO  FXGLApplication      - Game initialization took: 1.053 sec
03:49:56.617 [JavaFX Application Thread] DEBUG Input                - Clearing active input actions
03:49:56.632 [JavaFX Application Thread] DEBUG GameApplicationServi - Removing overlay from FXGLLoadingScene and adding to GameScene
03:49:56.644 [JavaFX Application Thread] DEBUG PrimaryStageWindow   - FXGLLoadingScene -> GameScene
03:49:57.767 [JavaFX Application Thread] DEBUG FXGLAssetLoaderServi - Loading from file system: file:/C:/Users/USER/IdeaProjects/CSIT228-F3-Finals/target/classes/assets/textures/skill/spr_bullet_strip.png
03:49:59.027 [JavaFX Application Thread] DEBUG FXGLAssetLoaderServi - Loading from file system: file:/C:/Users/USER/IdeaProjects/CSIT228-F3-Finals/target/classes/assets/textures/basic/NormalWalk2.png
03:49:59.031 [JavaFX Application Thread] DEBUG FXGLAssetLoaderServi - Loading from file system: file:/C:/Users/USER/IdeaProjects/CSIT228-F3-Finals/target/classes/assets/textures/basic/NormalDead2.png
03:49:59.035 [JavaFX Application Thread] DEBUG FXGLAssetLoaderServi - Loading from file system: file:/C:/Users/USER/IdeaProjects/CSIT228-F3-Finals/target/classes/assets/textures/basic/NormalAttack2.png
03:50:01.364 [JavaFX Application Thread] DEBUG FXGLAssetLoaderServi - Loading from file system: file:/C:/Users/USER/IdeaProjects/CSIT228-F3-Finals/target/classes/assets/textures/background/experience-points.gif
03:50:01.371 [JavaFX Application Thread] DEBUG LoopRunner           - Stopping loop
03:50:01.375 [JavaFX Application Thread] FATAL FXGLApplication      - Uncaught Exception:
java.lang.IllegalArgumentException: wrong number of arguments: 1 expected: 0
	at java.base/jdk.internal.reflect.DirectMethodHandleAccessor.checkArgumentCount(DirectMethodHandleAccessor.java:329)
	at java.base/jdk.internal.reflect.DirectMethodHandleAccessor.invoke(DirectMethodHandleAccessor.java:101)
	at java.base/java.lang.reflect.Method.invoke(Method.java:580)
	at com.almasb.fxgl.core@17.3/com.almasb.fxgl.core.reflect.ReflectionUtils.call(ReflectionUtils.java:104)
	at com.almasb.fxgl.core@17.3/com.almasb.fxgl.core.reflect.ReflectionUtils.lambda$mapToFunction$3(ReflectionUtils.java:111)
	at com.almasb.fxgl.entity@17.3/com.almasb.fxgl.entity.GameWorld$create$2.invoke(GameWorld.kt:430)
	at com.almasb.fxgl.entity@17.3/com.almasb.fxgl.entity.GameWorld$create$2.invoke(GameWorld.kt:430)
	at com.almasb.fxgl.core@17.3/com.almasb.fxgl.core.util.DSLKt.tryCatchRoot(DSL.kt:34)
	at com.almasb.fxgl.entity@17.3/com.almasb.fxgl.entity.GameWorld.create(GameWorld.kt:430)
	at com.almasb.fxgl.entity@17.3/com.almasb.fxgl.entity.GameWorld.spawn(GameWorld.kt:396)
	at com.almasb.fxgl.entity@17.3/com.almasb.fxgl.entity.GameWorld.spawn(GameWorld.kt:384)
	at com.almasb.fxgl.entity@17.3/com.almasb.fxgl.entity.GameWorld.spawn(GameWorld.kt:359)
	at com.almasb.fxgl.all@17.3/com.almasb.fxgl.dsl.FXGLForKtKt.spawn(FXGLForKt.kt:159)
	at FLAT2D.main/com.example.flat2d.collisions.BasicToEnemyCollision.killEnemy(BasicToEnemyCollision.java:90)
	at FLAT2D.main/com.example.flat2d.collisions.BasicToEnemyCollision.onCollisionBegin(BasicToEnemyCollision.java:51)
	at com.almasb.fxgl.entity@17.3/com.almasb.fxgl.physics.CollisionHandler$1.onCollisionBegin(CollisionHandler.java:92)
	at com.almasb.fxgl.entity@17.3/com.almasb.fxgl.physics.CollisionPair.collisionBegin(CollisionPair.java:37)
	at com.almasb.fxgl.entity@17.3/com.almasb.fxgl.physics.PhysicsWorld.collisionBeginFor(PhysicsWorld.java:453)
	at com.almasb.fxgl.entity@17.3/com.almasb.fxgl.physics.PhysicsWorld.checkCollisionsInGroup(PhysicsWorld.java:405)
	at com.almasb.fxgl.entity@17.3/com.almasb.fxgl.physics.PhysicsWorld.checkCollisions(PhysicsWorld.java:373)
	at com.almasb.fxgl.entity@17.3/com.almasb.fxgl.physics.PhysicsWorld.onUpdate(PhysicsWorld.java:179)
	at com.almasb.fxgl.all@17.3/com.almasb.fxgl.app.scene.GameScene.step(GameScene.kt:229)
	at com.almasb.fxgl.all@17.3/com.almasb.fxgl.app.scene.GameScene.onUpdate(GameScene.kt:224)
	at com.almasb.fxgl.scene@17.3/com.almasb.fxgl.scene.Scene.update(Scene.kt:105)
	at com.almasb.fxgl.all@17.3/com.almasb.fxgl.app.MainWindow$update$1.invoke(MainWindow.kt:115)
	at com.almasb.fxgl.all@17.3/com.almasb.fxgl.app.MainWindow$update$1.invoke(MainWindow.kt:115)
	at com.almasb.fxgl.core@17.3/com.almasb.fxgl.core.fsm.StateMachine.runOnActiveStates(StateMachine.kt:69)
	at com.almasb.fxgl.all@17.3/com.almasb.fxgl.app.MainWindow.update(MainWindow.kt:115)
	at com.almasb.fxgl.all@17.3/com.almasb.fxgl.app.FXGLApplication$GameApplicationService.onUpdate(FXGLApplication.kt:426)
	at com.almasb.fxgl.all@17.3/com.almasb.fxgl.app.Engine.loop(Engine.kt:134)
	at com.almasb.fxgl.all@17.3/com.almasb.fxgl.app.Engine.access$loop(Engine.kt:24)
	at com.almasb.fxgl.all@17.3/com.almasb.fxgl.app.Engine$loop$1.invoke(Engine.kt:28)
	at com.almasb.fxgl.all@17.3/com.almasb.fxgl.app.Engine$loop$1.invoke(Engine.kt:28)
	at com.almasb.fxgl.all@17.3/com.almasb.fxgl.app.LoopRunner.frame(LoopRunner.kt:103)
	at com.almasb.fxgl.all@17.3/com.almasb.fxgl.app.LoopRunner.access$frame(LoopRunner.kt:23)
	at com.almasb.fxgl.all@17.3/com.almasb.fxgl.app.LoopRunner$impl$2$1.onTick(LoopRunner.kt:57)
	at com.almasb.fxgl.all@17.3/com.almasb.fxgl.app.AnimationTimerLoop$timer$1.handle(LoopRunner.kt:137)
	at javafx.graphics@21/javafx.animation.AnimationTimer$AnimationTimerReceiver.lambda$handle$0(AnimationTimer.java:58)
	at java.base/java.security.AccessController.doPrivileged(AccessController.java:400)
	at javafx.graphics@21/javafx.animation.AnimationTimer$AnimationTimerReceiver.handle(AnimationTimer.java:57)
	at javafx.graphics@21/com.sun.scenario.animation.AbstractPrimaryTimer.timePulseImpl(AbstractPrimaryTimer.java:356)
	at javafx.graphics@21/com.sun.scenario.animation.AbstractPrimaryTimer$MainLoop.run(AbstractPrimaryTimer.java:266)
	at javafx.graphics@21/com.sun.javafx.tk.quantum.QuantumToolkit.pulse(QuantumToolkit.java:588)
	at javafx.graphics@21/com.sun.javafx.tk.quantum.QuantumToolkit.pulse(QuantumToolkit.java:572)
	at javafx.graphics@21/com.sun.javafx.tk.quantum.QuantumToolkit.pulseFromQueue(QuantumToolkit.java:565)
	at javafx.graphics@21/com.sun.javafx.tk.quantum.QuantumToolkit.lambda$runToolkit$11(QuantumToolkit.java:352)
	at javafx.graphics@21/com.sun.glass.ui.InvokeLaterDispatcher$Future.run(InvokeLaterDispatcher.java:95)
	at javafx.graphics@21/com.sun.glass.ui.win.WinApplication._runLoop(Native Method)
	at javafx.graphics@21/com.sun.glass.ui.win.WinApplication.lambda$runLoop$3(WinApplication.java:185)
	at java.base/java.lang.Thread.run(Thread.java:1583)

03:50:01.376 [JavaFX Application Thread] FATAL FXGLApplication      - Application will now exit
03:50:01.386 [JavaFX Application Thread] DEBUG PrimaryStageWindow   - Push state: ErrorSubScene
03:50:01.386 [JavaFX Application Thread] DEBUG Input                - Clearing active input actions
03:50:01.387 [JavaFX Application Thread] DEBUG GameApplicationServi - Removing overlay from GameScene and adding to ErrorSubScene
03:50:01.390 [JavaFX Application Thread] DEBUG PrimaryStageWindow   - GameScene -> ErrorSubScene
03:50:14.175 [FXGL Background Thread 2 ] WARN  UpdaterService       - Failed to find updates: java.net.ConnectException: Connection timed out: connect
03:50:15.019 [JavaFX Application Thread] DEBUG FXGLApplication      - Exiting FXGL
03:50:15.020 [JavaFX Application Thread] DEBUG Async                - Shutting down background threads
03:50:15.020 [JavaFX Application Thread] DEBUG PrimaryStageWindow   - Closing main window
03:50:15.054 [JavaFX Application Thread] DEBUG Logger               - Closing Logger
