03:34:27.274 [main                     ] DEBUG Logger               - Configured Logger
03:34:27.306 [main                     ] DEBUG GameApplication      - Logging settings
Title: Adventures of Sir Vim Zarado
Version: 0.0
Width: 720
Height: 720
Fullscreen: false
Intro: false
Profiling: false
Single step:false
App Mode: DEVELOPER
Menu Key: ESCAPE
Stage Style: DECORATED
Scene Factory: class com.example.flat2d.GameApp$1

03:34:27.712 [JavaFX Application Thread] DEBUG FXGLApplication      - Initializing FXGL
03:34:27.717 [JavaFX Application Thread] INFO  Engine               - FXGL-17.3 (30.03.2023 11.49) on WINDOWS (J:21.0.3 FX:21)
03:34:27.718 [JavaFX Application Thread] DEBUG Engine               - JRE Vendor Name: Amazon.com Inc.
03:34:27.718 [JavaFX Application Thread] DEBUG Engine               - Running on OS: Windows 10 version 10.0
03:34:27.718 [JavaFX Application Thread] DEBUG Engine               - Architecture: amd64
03:34:27.719 [JavaFX Application Thread] INFO  Engine               - Source code and latest versions at: https://github.com/AlmasB/FXGL
03:34:27.719 [JavaFX Application Thread] INFO  Engine               -       Ask questions and discuss at: https://github.com/AlmasB/FXGL/discussions
03:34:27.719 [JavaFX Application Thread] INFO  Engine               -              Join the FXGL chat at: https://gitter.im/AlmasB/FXGL
03:34:27.816 [JavaFX Application Thread] DEBUG PrimaryStageWindow   - Creating a JavaFX scene
03:34:27.874 [JavaFX Application Thread] DEBUG PrimaryStageWindow   - Target settings size: 720.0 x 720.0
03:34:27.875 [JavaFX Application Thread] DEBUG PrimaryStageWindow   - Scaled scene size:    720.0 x 720.0
03:34:27.875 [JavaFX Application Thread] DEBUG PrimaryStageWindow   - Scaled ratio: (1.0, 1.0)
03:34:27.876 [JavaFX Application Thread] DEBUG PrimaryStageWindow   - Set initial scene to FXGLStartupScene
03:34:27.880 [JavaFX Application Thread] DEBUG PrimaryStageWindow   - Opening main window
03:34:27.972 [JavaFX Application Thread] DEBUG PrimaryStageWindow   - Window border size: (16.0, 39.0)
03:34:27.972 [JavaFX Application Thread] DEBUG PrimaryStageWindow   - Scaled size: 720.0 x 720.0
03:34:27.972 [JavaFX Application Thread] DEBUG PrimaryStageWindow   - Scaled ratio: (1.0, 1.0)
03:34:27.972 [JavaFX Application Thread] DEBUG PrimaryStageWindow   - Scene size: 720.0 x 720.0
03:34:27.973 [JavaFX Application Thread] DEBUG PrimaryStageWindow   - Stage size: 736.0 x 759.0
03:34:28.008 [FXGL Background Thread 1 ] DEBUG Engine               - Initializing environment variables
03:34:28.063 [FXGL Background Thread 1 ] DEBUG FXGLAssetLoaderServi - User app class for loading assets: class com.example.flat2d.GameApp
03:34:28.064 [FXGL Background Thread 1 ] DEBUG GameApplicationServi - Applying CSS: fxgl_dark.css
03:34:28.065 [FXGL Background Thread 1 ] DEBUG FXGLAssetLoaderServi - Loading from file system: jar:file:///C:/Users/User/.m2/repository/com/github/almasb/fxgl/17.3/fxgl-17.3.jar!/fxglassets/ui/css/fxgl_dark.css
03:34:28.123 [FXGL Background Thread 1 ] DEBUG GameApplicationServi - Initializing application scenes
03:34:28.202 [FXGL Background Thread 1 ] DEBUG GameWorld            - Game world initialized
03:34:28.260 [FXGL Background Thread 1 ] DEBUG PhysicsWorld         - Physics world initialized: appHeight=720, physics.ppm=50.0
03:34:28.260 [FXGL Background Thread 1 ] DEBUG PhysicsWorld         - Using strategy: BRUTE_FORCE
03:34:28.264 [FXGL Background Thread 1 ] DEBUG GameScene            - Game scene initialized: 720x720
03:34:28.273 [FXGL Background Thread 1 ] DEBUG FXGLAssetLoaderServi - Loading from file system: file:/C:/Users/User/IdeaProjects/CSIT228-F3-Finals/target/classes/assets/textures/background/main-screen.jpg
03:34:28.355 [FXGL Background Thread 1 ] DEBUG FXGLAssetLoaderServi - Loading from file system: file:/C:/Users/User/IdeaProjects/CSIT228-F3-Finals/target/classes/assets/textures/profile-pic.jpg
03:34:28.369 [FXGL Background Thread 1 ] WARN  FXGL.DefaultMenu     - FXGLDefaultMenu is not designed for resolutions < 800x600
03:34:28.369 [FXGL Background Thread 1 ] DEBUG FXGL.DefaultMenu     - createMenuBodyGameMenu()
03:34:28.383 [FXGL Background Thread 1 ] DEBUG FXGL.DefaultMenu     - createOptionsMenu()
03:34:28.390 [FXGL Background Thread 1 ] DEBUG FXGLAssetLoaderServi - Loading from file system: jar:file:///C:/Users/User/.m2/repository/com/github/almasb/fxgl/17.3/fxgl-17.3.jar!/fxglassets/textures/particles/smoke.png
03:34:28.479 [FXGL Background Thread 1 ] DEBUG FXGLAssetLoaderServi - Loading from file system: jar:file:///C:/Users/User/.m2/repository/com/github/almasb/fxgl/17.3/fxgl-17.3.jar!/fxglassets/textures/particles/trace_horizontal.png
03:34:28.504 [FXGL Background Thread 1 ] DEBUG GameApplicationServi - Application scenes initialized
03:34:28.518 [FXGL Background Thread 1 ] DEBUG SystemBundleService  - Loading FXGL system data
03:34:28.523 [FXGL Background Thread 1 ] DEBUG FileSystemAccess     - Reading from: C:\Users\User\IdeaProjects\CSIT228-F3-Finals\system\fxgl.bundle
03:34:28.535 [FXGL Background Thread 1 ] DEBUG SystemBundleService  - Bundle FXGL: {}
03:34:28.535 [FXGL Background Thread 1 ] DEBUG UpdaterService       - Checking for updates
03:34:28.564 [FXGL Background Thread 1 ] DEBUG FXGLApplication      - Loading default localization
03:34:28.564 [FXGL Background Thread 1 ] DEBUG FXGLAssetLoaderServi - Loading from file system: jar:file:///C:/Users/User/.m2/repository/com/github/almasb/fxgl/17.3/fxgl-17.3.jar!/fxglassets/languages/english.lang
03:34:28.586 [FXGL Background Thread 4 ] DEBUG FXGLApplication      - Loading fonts
03:34:28.587 [FXGL Background Thread 4 ] DEBUG FXGLAssetLoaderServi - Loading from file system: jar:file:///C:/Users/User/.m2/repository/com/github/almasb/fxgl/17.3/fxgl-17.3.jar!/fxglassets/ui/fonts/VarelaRound-Regular.ttf
03:34:28.588 [FXGL Background Thread 1 ] INFO  FXGLApplication      - FXGL initialization took: 0.580 sec
03:34:28.608 [JavaFX Application Thread] DEBUG Input                - Registered new binding: Up - W
03:34:28.609 [JavaFX Application Thread] DEBUG Input                - Registered new binding: Right - D
03:34:28.609 [JavaFX Application Thread] DEBUG Input                - Registered new binding: Left - A
03:34:28.609 [JavaFX Application Thread] DEBUG Input                - Registered new binding: Down - S
03:34:28.611 [JavaFX Application Thread] DEBUG Input                - Registered new binding: IDK - RMB
03:34:28.613 [JavaFX Application Thread] DEBUG FXGLAssetLoaderServi - Loading from file system: file:/C:/Users/User/IdeaProjects/CSIT228-F3-Finals/target/classes/assets/music/opening.mp3
03:34:28.731 [FXGL Background Thread 4 ] DEBUG FXGLAssetLoaderServi - Loading from file system: jar:file:///C:/Users/User/.m2/repository/com/github/almasb/fxgl/17.3/fxgl-17.3.jar!/fxglassets/ui/fonts/Abel-Regular.ttf
03:34:28.739 [FXGL Background Thread 4 ] DEBUG FXGLAssetLoaderServi - Loading from file system: jar:file:///C:/Users/User/.m2/repository/com/github/almasb/fxgl/17.3/fxgl-17.3.jar!/fxglassets/ui/fonts/TerminalLandMono-Regular.otf
03:34:28.751 [FXGL Background Thread 4 ] DEBUG FXGLAssetLoaderServi - Loading from file system: jar:file:///C:/Users/User/.m2/repository/com/github/almasb/fxgl/17.3/fxgl-17.3.jar!/fxglassets/ui/fonts/Courier-Prime.ttf
03:34:28.882 [JavaFX Application Thread] DEBUG AudioPlayer          - Playing music com.almasb.fxgl.audio.Music@372db1ba
03:34:28.883 [JavaFX Application Thread] DEBUG FXGLAssetLoaderServi - Loading from file system: jar:file:///C:/Users/User/.m2/repository/com/github/almasb/fxgl/17.3/fxgl-17.3.jar!/fxglassets/textures/fxgl_icon.png
03:34:28.921 [JavaFX Application Thread] DEBUG FXGLAssetLoaderServi - Loading from file system: jar:file:///C:/Users/User/.m2/repository/com/github/almasb/fxgl/17.3/fxgl-17.3.jar!/fxglassets/textures/fxgl_default_cursor.png
03:34:28.923 [JavaFX Application Thread] DEBUG Input                - Registered new binding: Screenshot - CTRL+8
03:34:28.923 [JavaFX Application Thread] DEBUG Input                - Registered new binding: Dev Options - 1
03:34:28.924 [JavaFX Application Thread] DEBUG Input                - Registered new binding: Dev Console - 2
03:34:28.924 [JavaFX Application Thread] DEBUG Input                - Registered new binding: System info dump - CTRL+9
03:34:28.925 [JavaFX Application Thread] DEBUG Input                - Registered new binding: Restart - CTRL+R
03:34:28.925 [JavaFX Application Thread] DEBUG Input                - Registered new binding: Toggle Debug Camera - CTRL+7
03:34:28.930 [JavaFX Application Thread] DEBUG LoopRunner           - Starting loop
03:34:28.937 [JavaFX Application Thread] DEBUG LoopRunner           - Initializing JavaFX AnimationTimerLoop
03:34:28.940 [JavaFX Application Thread] DEBUG Input                - Clearing active input actions
03:34:28.963 [JavaFX Application Thread] DEBUG GameApplicationServi - Removing overlay from FXGLStartupScene and adding to FXGLMainMenuDummyScene
03:34:28.974 [JavaFX Application Thread] DEBUG PrimaryStageWindow   - FXGLStartupScene -> FXGLMainMenuDummyScene
03:34:28.974 [JavaFX Application Thread] DEBUG PrimaryStageWindow   - Push state: GameMainMenu
03:34:28.975 [JavaFX Application Thread] DEBUG Input                - Clearing active input actions
03:34:28.984 [JavaFX Application Thread] DEBUG GameApplicationServi - Removing overlay from FXGLMainMenuDummyScene and adding to GameMainMenu
03:34:28.985 [JavaFX Application Thread] DEBUG PrimaryStageWindow   - FXGLMainMenuDummyScene -> GameMainMenu
03:34:28.999 [JavaFX Application Thread] DEBUG FXGLApplication      - Registering font factories with UI factory
03:34:29.169 [FXGL Background Thread 2 ] INFO  UpdaterService       - Your current version:  17.3
03:34:29.169 [FXGL Background Thread 2 ] INFO  UpdaterService       - Latest stable version: 21.1
03:34:30.370 [JavaFX Application Thread] DEBUG AudioPlayer          - Stopping music com.almasb.fxgl.audio.Music@372db1ba
03:34:30.371 [JavaFX Application Thread] DEBUG FXGLAssetLoaderServi - Loading from file system: file:/C:/Users/User/IdeaProjects/CSIT228-F3-Finals/target/classes/assets/music/game-music.mp3
03:34:30.374 [JavaFX Application Thread] DEBUG AudioPlayer          - Playing music com.almasb.fxgl.audio.Music@48cf18b2
03:34:30.374 [JavaFX Application Thread] DEBUG Menu                 - fireNewGame()
03:34:30.374 [JavaFX Application Thread] DEBUG GameApplicationServi - Starting new game
03:34:30.374 [JavaFX Application Thread] DEBUG PrimaryStageWindow   - Pop state: GameMainMenu
03:34:30.374 [JavaFX Application Thread] DEBUG Input                - Clearing active input actions
03:34:30.375 [JavaFX Application Thread] DEBUG GameApplicationServi - Removing overlay from GameMainMenu and adding to FXGLMainMenuDummyScene
03:34:30.377 [JavaFX Application Thread] DEBUG PrimaryStageWindow   - FXGLMainMenuDummyScene <- GameMainMenu
03:34:30.377 [JavaFX Application Thread] DEBUG Input                - Clearing active input actions
03:34:30.383 [JavaFX Application Thread] DEBUG GameApplicationServi - Removing overlay from FXGLMainMenuDummyScene and adding to FXGLLoadingScene
03:34:30.384 [JavaFX Application Thread] DEBUG PrimaryStageWindow   - FXGLMainMenuDummyScene -> FXGLLoadingScene
03:34:30.384 [JavaFX Application Thread] DEBUG GameApplicationServi - Clearing previous game
03:34:30.384 [JavaFX Application Thread] DEBUG GameScene            - Clearing game scene
03:34:30.384 [JavaFX Application Thread] DEBUG GameWorld            - Clearing game world
03:34:30.384 [JavaFX Application Thread] DEBUG PhysicsWorld         - Clearing physics world
03:34:30.386 [FXGL Background Thread 2 ] DEBUG FXGLApplication      - Initializing game
03:34:30.449 [FXGL Background Thread 2 ] WARN  TMXLevelLoader       - TiledMap generated from 1.10.2. Supported version: 1.9.0. Some features may not be parsed fully.
03:34:30.499 [FXGL Background Thread 2 ] DEBUG TMXLevelLoader       - Parsed TiledMap: file:/C:/Users/User/IdeaProjects/CSIT228-F3-Finals/target/classes/assets/levels/tmx/2DGameTiledMap.tmx
03:34:30.500 [FXGL Background Thread 2 ] DEBUG TMXLevelLoader       - Creating tile layer entities
03:34:30.504 [FXGL Background Thread 2 ] DEBUG TilesetLoader        - Loading view for layer floor
03:34:30.511 [FXGL Background Thread 2 ] DEBUG TilesetLoader        - Created buffer with size 2304.0x2304.0
03:34:30.606 [FXGL Background Thread 2 ] DEBUG TilesetLoader        - Loading view for layer stuff
03:34:30.614 [FXGL Background Thread 2 ] DEBUG TilesetLoader        - Created buffer with size 2304.0x2304.0
03:34:30.624 [FXGL Background Thread 2 ] DEBUG TilesetLoader        - Loading view for layer decor
03:34:30.631 [FXGL Background Thread 2 ] DEBUG TilesetLoader        - Created buffer with size 2304.0x2304.0
03:34:30.639 [FXGL Background Thread 2 ] DEBUG TilesetLoader        - Loading view for layer more
03:34:30.645 [FXGL Background Thread 2 ] DEBUG TilesetLoader        - Created buffer with size 2304.0x2304.0
03:34:30.647 [FXGL Background Thread 2 ] DEBUG TMXLevelLoader       - Creating object layer entities
03:34:30.708 [FXGL Background Thread 2 ] DEBUG FXGLAssetLoaderServi - Loading from file system: file:/C:/Users/User/IdeaProjects/CSIT228-F3-Finals/target/classes/assets/textures/background/torch.gif
03:34:30.776 [FXGL Background Thread 2 ] DEBUG FXGLAssetLoaderServi - Loading from file system: file:/C:/Users/User/IdeaProjects/CSIT228-F3-Finals/target/classes/assets/textures/background/eyes-hole.gif
03:34:30.832 [FXGL Background Thread 2 ] DEBUG GameWorld            - Clearing removable entities
03:34:30.833 [FXGL Background Thread 2 ] DEBUG GameWorld            - Setting level: com.almasb.fxgl.entity.level.Level@23134346
03:34:30.840 [FXGL Background Thread 2 ] DEBUG FXGLAssetLoaderServi - Loading from file system: file:/C:/Users/User/IdeaProjects/CSIT228-F3-Finals/target/classes/assets/textures/player/lecatmoves.png
03:34:30.841 [FXGL Background Thread 2 ] DEBUG FXGLAssetLoaderServi - Loading from file system: file:/C:/Users/User/IdeaProjects/CSIT228-F3-Finals/target/classes/assets/textures/player/CatOne.png
03:34:30.842 [FXGL Background Thread 2 ] DEBUG FXGLAssetLoaderServi - Loading from file system: file:/C:/Users/User/IdeaProjects/CSIT228-F3-Finals/target/classes/assets/textures/player/CatThree.png
03:34:30.843 [FXGL Background Thread 2 ] DEBUG FXGLAssetLoaderServi - Loading from file system: file:/C:/Users/User/IdeaProjects/CSIT228-F3-Finals/target/classes/assets/textures/player/CatFour.png
03:34:30.865 [FXGL Background Thread 2 ] INFO  FXGLApplication      - Game initialization took: 0.479 sec
03:34:30.865 [JavaFX Application Thread] DEBUG Input                - Clearing active input actions
03:34:30.872 [JavaFX Application Thread] DEBUG GameApplicationServi - Removing overlay from FXGLLoadingScene and adding to GameScene
03:34:30.877 [JavaFX Application Thread] DEBUG PrimaryStageWindow   - FXGLLoadingScene -> GameScene
03:34:31.545 [JavaFX Application Thread] DEBUG FXGLAssetLoaderServi - Loading from file system: file:/C:/Users/User/IdeaProjects/CSIT228-F3-Finals/target/classes/assets/textures/skill/spr_bullet_strip.png
03:34:31.561 [FXGL Background Thread 3 ] DEBUG Engine               - Logging environment variables
03:34:31.561 [FXGL Background Thread 3 ] DEBUG Engine               - achievements: []
03:34:31.562 [FXGL Background Thread 3 ] DEBUG Engine               - actualHeight: 720.0
03:34:31.562 [FXGL Background Thread 3 ] DEBUG Engine               - actualHeightProperty: ReadOnlyDoubleProperty [value: 720.0]
03:34:31.562 [FXGL Background Thread 3 ] DEBUG Engine               - actualWidth: 720.0
03:34:31.562 [FXGL Background Thread 3 ] DEBUG Engine               - actualWidthProperty: ReadOnlyDoubleProperty [value: 720.0]
03:34:31.564 [FXGL Background Thread 3 ] DEBUG Engine               - appIcon: fxgl_icon.png
03:34:31.564 [FXGL Background Thread 3 ] DEBUG Engine               - applicationMode: DEVELOPER
03:34:31.564 [FXGL Background Thread 3 ] DEBUG Engine               - cSSList: [fxgl_dark.css]
03:34:31.565 [FXGL Background Thread 3 ] DEBUG Engine               - collisionDetectionStrategy: BRUTE_FORCE
03:34:31.565 [FXGL Background Thread 3 ] DEBUG Engine               - configClass: Optional[class com.example.flat2d.Misc.Config]
03:34:31.565 [FXGL Background Thread 3 ] DEBUG Engine               - credits: []
03:34:31.565 [FXGL Background Thread 3 ] DEBUG Engine               - defaultCursor: CursorInfo(imageName=fxgl_default_cursor.png, hotspotX=7.0, hotspotY=6.0)
03:34:31.566 [FXGL Background Thread 3 ] DEBUG Engine               - devBBoxColorProperty: ObjectProperty [value: 0xff0000ff]
03:34:31.566 [FXGL Background Thread 3 ] DEBUG Engine               - devEnableDebugCameraProperty: BooleanProperty [value: false]
03:34:31.566 [FXGL Background Thread 3 ] DEBUG Engine               - devSensorColorProperty: ObjectProperty [value: 0xffff00ff]
03:34:31.566 [FXGL Background Thread 3 ] DEBUG Engine               - devShowBBoxProperty: BooleanProperty [value: false]
03:34:31.566 [FXGL Background Thread 3 ] DEBUG Engine               - devShowPositionProperty: BooleanProperty [value: false]
03:34:31.566 [FXGL Background Thread 3 ] DEBUG Engine               - enabledMenuItems: []
03:34:31.566 [FXGL Background Thread 3 ] DEBUG Engine               - engineServices: [class com.almasb.fxgl.app.services.FXGLAssetLoaderService, class com.almasb.fxgl.app.FXGLApplication$GameApplicationService, class com.almasb.fxgl.app.services.FXGLDialogService, class com.almasb.fxgl.app.services.IOTaskExecutorService, class com.almasb.fxgl.io.FileSystemService, class com.almasb.fxgl.localization.LocalizationService, class com.almasb.fxgl.app.services.SystemBundleService, class com.almasb.fxgl.profile.SaveLoadService, class com.almasb.fxgl.ui.FXGLUIFactoryServiceProvider, class com.almasb.fxgl.ui.FXGLDialogFactoryServiceProvider, class com.almasb.fxgl.audio.AudioPlayer, class com.almasb.fxgl.notification.impl.NotificationServiceProvider, class com.almasb.fxgl.achievement.AchievementService, class com.almasb.fxgl.cutscene.CutsceneService, class com.almasb.fxgl.minigames.MiniGameService, class com.almasb.fxgl.net.NetService, class com.almasb.fxgl.app.services.UpdaterService, class com.almasb.fxgl.dev.DevService]
03:34:31.566 [FXGL Background Thread 3 ] DEBUG Engine               - fontGame: Abel-Regular.ttf
03:34:31.566 [FXGL Background Thread 3 ] DEBUG Engine               - fontMono: TerminalLandMono-Regular.otf
03:34:31.566 [FXGL Background Thread 3 ] DEBUG Engine               - fontSizeScaleUI: 1.0
03:34:31.566 [FXGL Background Thread 3 ] DEBUG Engine               - fontText: Courier-Prime.ttf
03:34:31.566 [FXGL Background Thread 3 ] DEBUG Engine               - fontUI: VarelaRound-Regular.ttf
03:34:31.566 [FXGL Background Thread 3 ] DEBUG Engine               - fullScreen: BooleanProperty [value: false]
03:34:31.567 [FXGL Background Thread 3 ] DEBUG Engine               - gameDifficulty: MEDIUM
03:34:31.567 [FXGL Background Thread 3 ] DEBUG Engine               - gameDifficultyProperty: ObjectProperty [value: MEDIUM]
03:34:31.567 [FXGL Background Thread 3 ] DEBUG Engine               - globalMusicVolume: 0.5
03:34:31.567 [FXGL Background Thread 3 ] DEBUG Engine               - globalMusicVolumeProperty: DoubleProperty [value: 0.5]
03:34:31.567 [FXGL Background Thread 3 ] DEBUG Engine               - globalSoundVolume: 0.5
03:34:31.567 [FXGL Background Thread 3 ] DEBUG Engine               - globalSoundVolumeProperty: DoubleProperty [value: 0.25]
03:34:31.567 [FXGL Background Thread 3 ] DEBUG Engine               - height: 720
03:34:31.567 [FXGL Background Thread 3 ] DEBUG Engine               - is3D: false
03:34:31.567 [FXGL Background Thread 3 ] DEBUG Engine               - isAndroid: false
03:34:31.567 [FXGL Background Thread 3 ] DEBUG Engine               - isBrowser: false
03:34:31.567 [FXGL Background Thread 3 ] DEBUG Engine               - isClickFeedbackEnabled: false
03:34:31.567 [FXGL Background Thread 3 ] DEBUG Engine               - isCloseConfirmation: false
03:34:31.567 [FXGL Background Thread 3 ] DEBUG Engine               - isDesktop: true
03:34:31.568 [FXGL Background Thread 3 ] DEBUG Engine               - isDeveloperMenuEnabled: true
03:34:31.568 [FXGL Background Thread 3 ] DEBUG Engine               - isEmbedded: false
03:34:31.568 [FXGL Background Thread 3 ] DEBUG Engine               - isEntityPreloadEnabled: true
03:34:31.568 [FXGL Background Thread 3 ] DEBUG Engine               - isExperimentalTiledLargeMap: false
03:34:31.568 [FXGL Background Thread 3 ] DEBUG Engine               - isFileSystemWriteAllowed: true
03:34:31.569 [FXGL Background Thread 3 ] DEBUG Engine               - isFullScreenAllowed: false
03:34:31.569 [FXGL Background Thread 3 ] DEBUG Engine               - isFullScreenFromStart: false
03:34:31.569 [FXGL Background Thread 3 ] DEBUG Engine               - isGameMenuEnabled: true
03:34:31.569 [FXGL Background Thread 3 ] DEBUG Engine               - isIOS: false
03:34:31.569 [FXGL Background Thread 3 ] DEBUG Engine               - isIntroEnabled: false
03:34:31.569 [FXGL Background Thread 3 ] DEBUG Engine               - isLinux: false
03:34:31.569 [FXGL Background Thread 3 ] DEBUG Engine               - isMac: false
03:34:31.569 [FXGL Background Thread 3 ] DEBUG Engine               - isMainMenuEnabled: true
03:34:31.569 [FXGL Background Thread 3 ] DEBUG Engine               - isManualResizeEnabled: false
03:34:31.569 [FXGL Background Thread 3 ] DEBUG Engine               - isMobile: false
03:34:31.569 [FXGL Background Thread 3 ] DEBUG Engine               - isNative: false
03:34:31.569 [FXGL Background Thread 3 ] DEBUG Engine               - isPauseMusicWhenMinimized: true
03:34:31.569 [FXGL Background Thread 3 ] DEBUG Engine               - isPreserveResizeRatio: false
03:34:31.569 [FXGL Background Thread 3 ] DEBUG Engine               - isProfilingEnabled: false
03:34:31.569 [FXGL Background Thread 3 ] DEBUG Engine               - isScaleAffectedOnResize: true
03:34:31.569 [FXGL Background Thread 3 ] DEBUG Engine               - isSingleStep: false
03:34:31.569 [FXGL Background Thread 3 ] DEBUG Engine               - isUserProfileEnabled: false
03:34:31.570 [FXGL Background Thread 3 ] DEBUG Engine               - isWindows: true
03:34:31.570 [FXGL Background Thread 3 ] DEBUG Engine               - language: ObjectProperty [value: ENGLISH]
03:34:31.570 [FXGL Background Thread 3 ] DEBUG Engine               - menuKey: ESCAPE
03:34:31.570 [FXGL Background Thread 3 ] DEBUG Engine               - mouseSensitivity: 0.2
03:34:31.570 [FXGL Background Thread 3 ] DEBUG Engine               - notificationViewClass: class com.almasb.fxgl.notification.view.XboxNotificationView
03:34:31.570 [FXGL Background Thread 3 ] DEBUG Engine               - pixelsPerMeter: 50.0
03:34:31.570 [FXGL Background Thread 3 ] DEBUG Engine               - platform: WINDOWS
03:34:31.570 [FXGL Background Thread 3 ] DEBUG Engine               - prefHeightProperty: ReadOnlyDoubleProperty [value: 720.0]
03:34:31.570 [FXGL Background Thread 3 ] DEBUG Engine               - prefWidthProperty: ReadOnlyDoubleProperty [value: 720.0]
03:34:31.570 [FXGL Background Thread 3 ] DEBUG Engine               - profileDir: profiles/
03:34:31.570 [FXGL Background Thread 3 ] DEBUG Engine               - profileName: StringProperty [value: DEFAULT]
03:34:31.570 [FXGL Background Thread 3 ] DEBUG Engine               - randomSeed: -1
03:34:31.570 [FXGL Background Thread 3 ] DEBUG Engine               - runtimeInfo: RuntimeInfo(platform=WINDOWS, version=17.3, build=30.03.2023 11.49)
03:34:31.571 [FXGL Background Thread 3 ] DEBUG Engine               - saveFileExt: sav
03:34:31.571 [FXGL Background Thread 3 ] DEBUG Engine               - scaledHeightProp$fxgl: DoubleProperty [bound, value: 720.0]
03:34:31.571 [FXGL Background Thread 3 ] DEBUG Engine               - scaledWidthProp$fxgl: DoubleProperty [bound, value: 720.0]
03:34:31.571 [FXGL Background Thread 3 ] DEBUG Engine               - sceneFactory: com.example.flat2d.GameApp$1@16c37811
03:34:31.571 [FXGL Background Thread 3 ] DEBUG Engine               - secondsIn24h: 60
03:34:31.571 [FXGL Background Thread 3 ] DEBUG Engine               - soundMenuBack: menu/back.wav
03:34:31.571 [FXGL Background Thread 3 ] DEBUG Engine               - soundMenuPress: menu/press.wav
03:34:31.571 [FXGL Background Thread 3 ] DEBUG Engine               - soundMenuSelect: menu/select.wav
03:34:31.571 [FXGL Background Thread 3 ] DEBUG Engine               - soundNotification: core/notification.wav
03:34:31.572 [FXGL Background Thread 3 ] DEBUG Engine               - stageStyle: DECORATED
03:34:31.572 [FXGL Background Thread 3 ] DEBUG Engine               - supportedLanguages: [ENGLISH, FRENCH, GERMAN, HUNGARIAN, RUSSIAN]
03:34:31.572 [FXGL Background Thread 3 ] DEBUG Engine               - ticksPerSecond: -1
03:34:31.572 [FXGL Background Thread 3 ] DEBUG Engine               - title: Adventures of Sir Vim Zarado
03:34:31.572 [FXGL Background Thread 3 ] DEBUG Engine               - urlGithub: https://github.com/AlmasB/FXGL
03:34:31.572 [FXGL Background Thread 3 ] DEBUG Engine               - urlLeaderboard: http://fxgl-top.herokuapp.com/
03:34:31.572 [FXGL Background Thread 3 ] DEBUG Engine               - urlPOM: https://raw.githubusercontent.com/AlmasB/FXGL/release/README.md
03:34:31.572 [FXGL Background Thread 3 ] DEBUG Engine               - userAppClass: class com.example.flat2d.GameApp
03:34:31.572 [FXGL Background Thread 3 ] DEBUG Engine               - version: 0.0
03:34:31.572 [FXGL Background Thread 3 ] DEBUG Engine               - versionCheckDays: 7
03:34:31.572 [FXGL Background Thread 3 ] DEBUG Engine               - width: 720
03:34:31.572 [FXGL Background Thread 3 ] DEBUG Engine               - Logging services
03:34:31.572 [FXGL Background Thread 3 ] DEBUG Engine               - class com.almasb.fxgl.app.services.FXGLAssetLoaderService
03:34:31.572 [FXGL Background Thread 3 ] DEBUG Engine               - class com.almasb.fxgl.app.FXGLApplication$GameApplicationService
03:34:31.572 [FXGL Background Thread 3 ] DEBUG Engine               - class com.almasb.fxgl.app.services.FXGLDialogService
03:34:31.572 [FXGL Background Thread 3 ] DEBUG Engine               - class com.almasb.fxgl.app.services.IOTaskExecutorService
03:34:31.572 [FXGL Background Thread 3 ] DEBUG Engine               - class com.almasb.fxgl.io.FileSystemService
03:34:31.572 [FXGL Background Thread 3 ] DEBUG Engine               - class com.almasb.fxgl.localization.LocalizationService
03:34:31.572 [FXGL Background Thread 3 ] DEBUG Engine               - class com.almasb.fxgl.app.services.SystemBundleService
03:34:31.572 [FXGL Background Thread 3 ] DEBUG Engine               - class com.almasb.fxgl.profile.SaveLoadService
03:34:31.572 [FXGL Background Thread 3 ] DEBUG Engine               - class com.almasb.fxgl.ui.FXGLUIFactoryServiceProvider
03:34:31.572 [FXGL Background Thread 3 ] DEBUG Engine               - class com.almasb.fxgl.ui.FXGLDialogFactoryServiceProvider
03:34:31.573 [FXGL Background Thread 3 ] DEBUG Engine               - class com.almasb.fxgl.audio.AudioPlayer
03:34:31.573 [FXGL Background Thread 3 ] DEBUG Engine               - class com.almasb.fxgl.notification.impl.NotificationServiceProvider
03:34:31.573 [FXGL Background Thread 3 ] DEBUG Engine               - class com.almasb.fxgl.achievement.AchievementService
03:34:31.573 [FXGL Background Thread 3 ] DEBUG Engine               - class com.almasb.fxgl.cutscene.CutsceneService
03:34:31.573 [FXGL Background Thread 3 ] DEBUG Engine               - class com.almasb.fxgl.minigames.MiniGameService
03:34:31.573 [FXGL Background Thread 3 ] DEBUG Engine               - class com.almasb.fxgl.net.NetService
03:34:31.573 [FXGL Background Thread 3 ] DEBUG Engine               - class com.almasb.fxgl.app.services.UpdaterService
03:34:31.573 [FXGL Background Thread 3 ] DEBUG Engine               - class com.almasb.fxgl.dev.DevService
03:34:32.533 [JavaFX Application Thread] DEBUG FXGLAssetLoaderServi - Loading from file system: file:/C:/Users/User/IdeaProjects/CSIT228-F3-Finals/target/classes/assets/textures/basic/FrontWalk1.png
03:34:32.535 [JavaFX Application Thread] DEBUG FXGLAssetLoaderServi - Loading from file system: file:/C:/Users/User/IdeaProjects/CSIT228-F3-Finals/target/classes/assets/textures/basic/FrontDead1.png
03:34:32.537 [JavaFX Application Thread] DEBUG FXGLAssetLoaderServi - Loading from file system: file:/C:/Users/User/IdeaProjects/CSIT228-F3-Finals/target/classes/assets/textures/basic/FrontAttack1.png
03:34:38.583 [JavaFX Application Thread] DEBUG FXGLAssetLoaderServi - Loading from file system: file:/C:/Users/User/IdeaProjects/CSIT228-F3-Finals/target/classes/assets/textures/background/Medium.gif
03:34:38.596 [JavaFX Application Thread] DEBUG FXGLAssetLoaderServi - Loading from file system: file:/C:/Users/User/IdeaProjects/CSIT228-F3-Finals/target/classes/assets/sounds/enemy-death2.wav
03:34:39.519 [JavaFX Application Thread] DEBUG FXGLAssetLoaderServi - Loading from file system: file:/C:/Users/User/IdeaProjects/CSIT228-F3-Finals/target/classes/assets/textures/background/burn.gif
03:34:39.538 [JavaFX Application Thread] DEBUG FXGLAssetLoaderServi - Loading from file system: file:/C:/Users/User/IdeaProjects/CSIT228-F3-Finals/target/classes/assets/textures/blocker/WalkShield1.png
03:34:39.540 [JavaFX Application Thread] DEBUG FXGLAssetLoaderServi - Loading from file system: file:/C:/Users/User/IdeaProjects/CSIT228-F3-Finals/target/classes/assets/textures/blocker/DeadShield1.png
03:34:39.653 [JavaFX Application Thread] DEBUG FXGLAssetLoaderServi - Loading from file system: file:/C:/Users/User/IdeaProjects/CSIT228-F3-Finals/target/classes/assets/textures/background/get-all-exp.gif
03:34:39.655 [JavaFX Application Thread] WARN  Entity               - Entity already has component: com.almasb.fxgl.entity.components.CollidableComponent
03:34:40.230 [JavaFX Application Thread] DEBUG FXGLAssetLoaderServi - Loading from file system: file:/C:/Users/User/IdeaProjects/CSIT228-F3-Finals/target/classes/assets/textures/background/Large.gif
03:34:41.200 [JavaFX Application Thread] WARN  Entity               - Entity already has component: com.almasb.fxgl.entity.components.CollidableComponent
03:34:41.237 [JavaFX Application Thread] WARN  Entity               - Entity already has component: com.almasb.fxgl.entity.components.CollidableComponent
03:34:41.799 [JavaFX Application Thread] DEBUG FXGLAssetLoaderServi - Loading from file system: file:/C:/Users/User/IdeaProjects/CSIT228-F3-Finals/target/classes/assets/textures/background/Small.gif
03:34:41.958 [JavaFX Application Thread] WARN  Entity               - Entity already has component: com.almasb.fxgl.entity.components.CollidableComponent
03:34:42.597 [JavaFX Application Thread] WARN  Entity               - Entity already has component: com.almasb.fxgl.entity.components.CollidableComponent
03:34:42.642 [JavaFX Application Thread] WARN  Entity               - Entity already has component: com.almasb.fxgl.entity.components.CollidableComponent
03:34:42.774 [JavaFX Application Thread] WARN  Entity               - Entity already has component: com.almasb.fxgl.entity.components.CollidableComponent
03:34:46.597 [JavaFX Application Thread] WARN  Entity               - Entity already has component: com.almasb.fxgl.entity.components.CollidableComponent
03:34:47.397 [JavaFX Application Thread] WARN  Entity               - Entity already has component: com.almasb.fxgl.entity.components.CollidableComponent
03:34:47.559 [JavaFX Application Thread] DEBUG AudioPlayer          - Pausing music com.almasb.fxgl.audio.Music@372db1ba
03:34:47.559 [JavaFX Application Thread] DEBUG LoopRunner           - Pausing loop
03:34:52.576 [JavaFX Application Thread] DEBUG FXGLApplication      - Exiting FXGL
03:34:52.576 [JavaFX Application Thread] DEBUG LoopRunner           - Stopping loop
03:34:52.576 [JavaFX Application Thread] DEBUG SystemBundleService  - Saving FXGL system data
03:34:52.579 [JavaFX Application Thread] DEBUG FileSystemAccess     - Writing to: C:\Users\User\IdeaProjects\CSIT228-F3-Finals\system\fxgl.bundle
03:34:52.582 [JavaFX Application Thread] DEBUG Async                - Shutting down background threads
03:34:52.582 [JavaFX Application Thread] DEBUG PrimaryStageWindow   - Closing main window
03:34:52.594 [JavaFX Application Thread] DEBUG Logger               - Closing Logger
