16:46:00.599 [main                     ] DEBUG Logger               - Configured Logger
16:46:00.643 [main                     ] DEBUG GameApplication      - Logging settings
Title: Adventures of Sir Vim Zarado
Version: 0.0
Width: 720
Height: 720
Fullscreen: false
Intro: false
Profiling: false
Single step:false
App Mode: DEVELOPER
Menu Key: ESCAPE
Stage Style: DECORATED
Scene Factory: class com.example.flat2d.GameApp$1

16:46:01.219 [JavaFX Application Thread] DEBUG FXGLApplication      - Initializing FXGL
16:46:01.226 [JavaFX Application Thread] INFO  Engine               - FXGL-17.3 (30.03.2023 11.49) on WINDOWS (J:21.0.2 FX:21)
16:46:01.227 [JavaFX Application Thread] DEBUG Engine               - JRE Vendor Name: Oracle Corporation
16:46:01.228 [JavaFX Application Thread] DEBUG Engine               - Running on OS: Windows 10 version 10.0
16:46:01.228 [JavaFX Application Thread] DEBUG Engine               - Architecture: amd64
16:46:01.228 [JavaFX Application Thread] INFO  Engine               - Source code and latest versions at: https://github.com/AlmasB/FXGL
16:46:01.228 [JavaFX Application Thread] INFO  Engine               -       Ask questions and discuss at: https://github.com/AlmasB/FXGL/discussions
16:46:01.229 [JavaFX Application Thread] INFO  Engine               -              Join the FXGL chat at: https://gitter.im/AlmasB/FXGL
16:46:01.440 [JavaFX Application Thread] DEBUG PrimaryStageWindow   - Creating a JavaFX scene
16:46:01.537 [JavaFX Application Thread] DEBUG PrimaryStageWindow   - Target settings size: 720.0 x 720.0
16:46:01.537 [JavaFX Application Thread] DEBUG PrimaryStageWindow   - Scaled scene size:    720.0 x 720.0
16:46:01.538 [JavaFX Application Thread] DEBUG PrimaryStageWindow   - Scaled ratio: (1.0, 1.0)
16:46:01.540 [JavaFX Application Thread] DEBUG PrimaryStageWindow   - Set initial scene to FXGLStartupScene
16:46:01.546 [JavaFX Application Thread] DEBUG PrimaryStageWindow   - Opening main window
16:46:01.694 [JavaFX Application Thread] DEBUG PrimaryStageWindow   - Window border size: (16.0, 39.0)
16:46:01.695 [JavaFX Application Thread] DEBUG PrimaryStageWindow   - Scaled size: 720.0 x 720.0
16:46:01.695 [JavaFX Application Thread] DEBUG PrimaryStageWindow   - Scaled ratio: (1.0, 1.0)
16:46:01.696 [JavaFX Application Thread] DEBUG PrimaryStageWindow   - Scene size: 720.0 x 720.0
16:46:01.696 [JavaFX Application Thread] DEBUG PrimaryStageWindow   - Stage size: 736.0 x 759.0
16:46:01.721 [FXGL Background Thread 1 ] DEBUG Engine               - Initializing environment variables
16:46:01.864 [FXGL Background Thread 1 ] DEBUG FXGLAssetLoaderServi - User app class for loading assets: class com.example.flat2d.GameApp
16:46:01.865 [FXGL Background Thread 1 ] DEBUG GameApplicationServi - Applying CSS: fxgl_dark.css
16:46:01.866 [FXGL Background Thread 1 ] DEBUG FXGLAssetLoaderServi - Loading from file system: jar:file:///C:/Users/USER/.m2/repository/com/github/almasb/fxgl/17.3/fxgl-17.3.jar!/fxglassets/ui/css/fxgl_dark.css
16:46:01.981 [FXGL Background Thread 1 ] DEBUG GameApplicationServi - Initializing application scenes
16:46:02.167 [FXGL Background Thread 1 ] DEBUG GameWorld            - Game world initialized
16:46:02.330 [FXGL Background Thread 1 ] DEBUG PhysicsWorld         - Physics world initialized: appHeight=720, physics.ppm=50.0
16:46:02.330 [FXGL Background Thread 1 ] DEBUG PhysicsWorld         - Using strategy: BRUTE_FORCE
16:46:02.337 [FXGL Background Thread 1 ] DEBUG GameScene            - Game scene initialized: 720x720
16:46:02.343 [FXGL Background Thread 1 ] DEBUG FXGLAssetLoaderServi - Loading from file system: file:/C:/Users/USER/IdeaProjects/CSIT228-F3-Finals/target/classes/assets/textures/background/main-screen.jpg
16:46:02.557 [FXGL Background Thread 1 ] DEBUG FXGLAssetLoaderServi - Loading from file system: file:/C:/Users/USER/IdeaProjects/CSIT228-F3-Finals/target/classes/assets/textures/profile-pic.jpg
16:46:02.580 [FXGL Background Thread 1 ] WARN  FXGL.DefaultMenu     - FXGLDefaultMenu is not designed for resolutions < 800x600
16:46:02.581 [FXGL Background Thread 1 ] DEBUG FXGL.DefaultMenu     - createMenuBodyGameMenu()
16:46:02.618 [FXGL Background Thread 1 ] DEBUG FXGL.DefaultMenu     - createOptionsMenu()
16:46:02.630 [FXGL Background Thread 1 ] DEBUG FXGLAssetLoaderServi - Loading from file system: jar:file:///C:/Users/USER/.m2/repository/com/github/almasb/fxgl/17.3/fxgl-17.3.jar!/fxglassets/textures/particles/smoke.png
16:46:02.795 [FXGL Background Thread 1 ] DEBUG FXGLAssetLoaderServi - Loading from file system: jar:file:///C:/Users/USER/.m2/repository/com/github/almasb/fxgl/17.3/fxgl-17.3.jar!/fxglassets/textures/particles/trace_horizontal.png
16:46:02.875 [FXGL Background Thread 1 ] DEBUG GameApplicationServi - Application scenes initialized
16:46:02.900 [FXGL Background Thread 1 ] DEBUG SystemBundleService  - Loading FXGL system data
16:46:02.906 [FXGL Background Thread 1 ] DEBUG FileSystemAccess     - Reading from: C:\Users\USER\IdeaProjects\CSIT228-F3-Finals\system\fxgl.bundle
16:46:02.924 [FXGL Background Thread 1 ] DEBUG SystemBundleService  - Bundle FXGL: {}
16:46:02.924 [FXGL Background Thread 1 ] DEBUG UpdaterService       - Checking for updates
16:46:02.979 [FXGL Background Thread 1 ] DEBUG FXGLApplication      - Loading default localization
16:46:02.980 [FXGL Background Thread 1 ] DEBUG FXGLAssetLoaderServi - Loading from file system: jar:file:///C:/Users/USER/.m2/repository/com/github/almasb/fxgl/17.3/fxgl-17.3.jar!/fxglassets/languages/english.lang
16:46:03.016 [FXGL Background Thread 1 ] INFO  FXGLApplication      - FXGL initialization took: 1.295 sec
16:46:03.033 [JavaFX Application Thread] DEBUG Input                - Registered new binding: Up - W
16:46:03.033 [JavaFX Application Thread] DEBUG Input                - Registered new binding: Right - D
16:46:03.034 [JavaFX Application Thread] DEBUG Input                - Registered new binding: Left - A
16:46:03.034 [JavaFX Application Thread] DEBUG Input                - Registered new binding: Down - S
16:46:03.036 [JavaFX Application Thread] DEBUG Input                - Registered new binding: IDK - RMB
16:46:03.037 [JavaFX Application Thread] DEBUG FXGLAssetLoaderServi - Loading from file system: file:/C:/Users/USER/IdeaProjects/CSIT228-F3-Finals/target/classes/assets/music/opening.mp3
16:46:03.062 [FXGL Background Thread 4 ] DEBUG FXGLApplication      - Loading fonts
16:46:03.063 [FXGL Background Thread 4 ] DEBUG FXGLAssetLoaderServi - Loading from file system: jar:file:///C:/Users/USER/.m2/repository/com/github/almasb/fxgl/17.3/fxgl-17.3.jar!/fxglassets/ui/fonts/VarelaRound-Regular.ttf
16:46:03.261 [FXGL Background Thread 4 ] DEBUG FXGLAssetLoaderServi - Loading from file system: jar:file:///C:/Users/USER/.m2/repository/com/github/almasb/fxgl/17.3/fxgl-17.3.jar!/fxglassets/ui/fonts/Abel-Regular.ttf
16:46:03.311 [FXGL Background Thread 4 ] DEBUG FXGLAssetLoaderServi - Loading from file system: jar:file:///C:/Users/USER/.m2/repository/com/github/almasb/fxgl/17.3/fxgl-17.3.jar!/fxglassets/ui/fonts/TerminalLandMono-Regular.otf
16:46:03.329 [FXGL Background Thread 4 ] DEBUG FXGLAssetLoaderServi - Loading from file system: jar:file:///C:/Users/USER/.m2/repository/com/github/almasb/fxgl/17.3/fxgl-17.3.jar!/fxglassets/ui/fonts/Courier-Prime.ttf
16:46:03.409 [JavaFX Application Thread] DEBUG AudioPlayer          - Playing music com.almasb.fxgl.audio.Music@62d9b3aa
16:46:03.410 [JavaFX Application Thread] DEBUG FXGLAssetLoaderServi - Loading from file system: jar:file:///C:/Users/USER/.m2/repository/com/github/almasb/fxgl/17.3/fxgl-17.3.jar!/fxglassets/textures/fxgl_icon.png
16:46:03.499 [JavaFX Application Thread] DEBUG FXGLAssetLoaderServi - Loading from file system: jar:file:///C:/Users/USER/.m2/repository/com/github/almasb/fxgl/17.3/fxgl-17.3.jar!/fxglassets/textures/fxgl_default_cursor.png
16:46:03.502 [JavaFX Application Thread] DEBUG Input                - Registered new binding: Screenshot - CTRL+8
16:46:03.502 [JavaFX Application Thread] DEBUG Input                - Registered new binding: Dev Options - 1
16:46:03.503 [JavaFX Application Thread] DEBUG Input                - Registered new binding: Dev Console - 2
16:46:03.504 [JavaFX Application Thread] DEBUG Input                - Registered new binding: System info dump - CTRL+9
16:46:03.504 [JavaFX Application Thread] DEBUG Input                - Registered new binding: Restart - CTRL+R
16:46:03.505 [JavaFX Application Thread] DEBUG Input                - Registered new binding: Toggle Debug Camera - CTRL+7
16:46:03.512 [JavaFX Application Thread] DEBUG LoopRunner           - Starting loop
16:46:03.522 [JavaFX Application Thread] DEBUG LoopRunner           - Initializing JavaFX AnimationTimerLoop
16:46:03.527 [JavaFX Application Thread] DEBUG Input                - Clearing active input actions
16:46:03.547 [JavaFX Application Thread] DEBUG GameApplicationServi - Removing overlay from FXGLStartupScene and adding to FXGLMainMenuDummyScene
16:46:03.555 [JavaFX Application Thread] DEBUG PrimaryStageWindow   - FXGLStartupScene -> FXGLMainMenuDummyScene
16:46:03.555 [JavaFX Application Thread] DEBUG PrimaryStageWindow   - Push state: GameMainMenu
16:46:03.555 [JavaFX Application Thread] DEBUG Input                - Clearing active input actions
16:46:03.566 [JavaFX Application Thread] DEBUG GameApplicationServi - Removing overlay from FXGLMainMenuDummyScene and adding to GameMainMenu
16:46:03.566 [JavaFX Application Thread] DEBUG PrimaryStageWindow   - FXGLMainMenuDummyScene -> GameMainMenu
16:46:03.567 [JavaFX Application Thread] DEBUG FXGLApplication      - Registering font factories with UI factory
16:46:04.004 [FXGL Background Thread 2 ] INFO  UpdaterService       - Your current version:  17.3
16:46:04.004 [FXGL Background Thread 2 ] INFO  UpdaterService       - Latest stable version: 21.1
16:46:05.975 [FXGL Background Thread 3 ] DEBUG Engine               - Logging environment variables
16:46:05.976 [FXGL Background Thread 3 ] DEBUG Engine               - achievements: []
16:46:05.976 [FXGL Background Thread 3 ] DEBUG Engine               - actualHeight: 720.0
16:46:05.977 [FXGL Background Thread 3 ] DEBUG Engine               - actualHeightProperty: ReadOnlyDoubleProperty [value: 720.0]
16:46:05.977 [FXGL Background Thread 3 ] DEBUG Engine               - actualWidth: 720.0
16:46:05.977 [FXGL Background Thread 3 ] DEBUG Engine               - actualWidthProperty: ReadOnlyDoubleProperty [value: 720.0]
16:46:05.977 [FXGL Background Thread 3 ] DEBUG Engine               - appIcon: fxgl_icon.png
16:46:05.977 [FXGL Background Thread 3 ] DEBUG Engine               - applicationMode: DEVELOPER
16:46:05.978 [FXGL Background Thread 3 ] DEBUG Engine               - cSSList: [fxgl_dark.css]
16:46:05.978 [FXGL Background Thread 3 ] DEBUG Engine               - collisionDetectionStrategy: BRUTE_FORCE
16:46:05.978 [FXGL Background Thread 3 ] DEBUG Engine               - configClass: Optional[class com.example.flat2d.Misc.Config]
16:46:05.978 [FXGL Background Thread 3 ] DEBUG Engine               - credits: []
16:46:05.978 [FXGL Background Thread 3 ] DEBUG Engine               - defaultCursor: CursorInfo(imageName=fxgl_default_cursor.png, hotspotX=7.0, hotspotY=6.0)
16:46:05.979 [FXGL Background Thread 3 ] DEBUG Engine               - devBBoxColorProperty: ObjectProperty [value: 0xff0000ff]
16:46:05.979 [FXGL Background Thread 3 ] DEBUG Engine               - devEnableDebugCameraProperty: BooleanProperty [value: false]
16:46:05.980 [FXGL Background Thread 3 ] DEBUG Engine               - devSensorColorProperty: ObjectProperty [value: 0xffff00ff]
16:46:05.980 [FXGL Background Thread 3 ] DEBUG Engine               - devShowBBoxProperty: BooleanProperty [value: false]
16:46:05.980 [FXGL Background Thread 3 ] DEBUG Engine               - devShowPositionProperty: BooleanProperty [value: false]
16:46:05.980 [FXGL Background Thread 3 ] DEBUG Engine               - enabledMenuItems: []
16:46:05.980 [FXGL Background Thread 3 ] DEBUG Engine               - engineServices: [class com.almasb.fxgl.app.services.FXGLAssetLoaderService, class com.almasb.fxgl.app.FXGLApplication$GameApplicationService, class com.almasb.fxgl.app.services.FXGLDialogService, class com.almasb.fxgl.app.services.IOTaskExecutorService, class com.almasb.fxgl.io.FileSystemService, class com.almasb.fxgl.localization.LocalizationService, class com.almasb.fxgl.app.services.SystemBundleService, class com.almasb.fxgl.profile.SaveLoadService, class com.almasb.fxgl.ui.FXGLUIFactoryServiceProvider, class com.almasb.fxgl.ui.FXGLDialogFactoryServiceProvider, class com.almasb.fxgl.audio.AudioPlayer, class com.almasb.fxgl.notification.impl.NotificationServiceProvider, class com.almasb.fxgl.achievement.AchievementService, class com.almasb.fxgl.cutscene.CutsceneService, class com.almasb.fxgl.minigames.MiniGameService, class com.almasb.fxgl.net.NetService, class com.almasb.fxgl.app.services.UpdaterService, class com.almasb.fxgl.dev.DevService]
16:46:05.981 [FXGL Background Thread 3 ] DEBUG Engine               - fontGame: Abel-Regular.ttf
16:46:05.981 [FXGL Background Thread 3 ] DEBUG Engine               - fontMono: TerminalLandMono-Regular.otf
16:46:05.981 [FXGL Background Thread 3 ] DEBUG Engine               - fontSizeScaleUI: 1.0
16:46:05.981 [FXGL Background Thread 3 ] DEBUG Engine               - fontText: Courier-Prime.ttf
16:46:05.982 [FXGL Background Thread 3 ] DEBUG Engine               - fontUI: VarelaRound-Regular.ttf
16:46:05.982 [FXGL Background Thread 3 ] DEBUG Engine               - fullScreen: BooleanProperty [value: false]
16:46:05.982 [FXGL Background Thread 3 ] DEBUG Engine               - gameDifficulty: MEDIUM
16:46:05.982 [FXGL Background Thread 3 ] DEBUG Engine               - gameDifficultyProperty: ObjectProperty [value: MEDIUM]
16:46:05.982 [FXGL Background Thread 3 ] DEBUG Engine               - globalMusicVolume: 0.5
16:46:05.983 [FXGL Background Thread 3 ] DEBUG Engine               - globalMusicVolumeProperty: DoubleProperty [value: 0.5]
16:46:05.983 [FXGL Background Thread 3 ] DEBUG Engine               - globalSoundVolume: 0.5
16:46:05.983 [FXGL Background Thread 3 ] DEBUG Engine               - globalSoundVolumeProperty: DoubleProperty [value: 0.25]
16:46:05.984 [FXGL Background Thread 3 ] DEBUG Engine               - height: 720
16:46:05.984 [FXGL Background Thread 3 ] DEBUG Engine               - is3D: false
16:46:05.984 [FXGL Background Thread 3 ] DEBUG Engine               - isAndroid: false
16:46:05.984 [FXGL Background Thread 3 ] DEBUG Engine               - isBrowser: false
16:46:05.984 [FXGL Background Thread 3 ] DEBUG Engine               - isClickFeedbackEnabled: false
16:46:05.984 [FXGL Background Thread 3 ] DEBUG Engine               - isCloseConfirmation: false
16:46:05.984 [FXGL Background Thread 3 ] DEBUG Engine               - isDesktop: true
16:46:05.984 [FXGL Background Thread 3 ] DEBUG Engine               - isDeveloperMenuEnabled: true
16:46:05.984 [FXGL Background Thread 3 ] DEBUG Engine               - isEmbedded: false
16:46:05.985 [FXGL Background Thread 3 ] DEBUG Engine               - isEntityPreloadEnabled: true
16:46:05.985 [FXGL Background Thread 3 ] DEBUG Engine               - isExperimentalTiledLargeMap: false
16:46:05.985 [FXGL Background Thread 3 ] DEBUG Engine               - isFileSystemWriteAllowed: true
16:46:05.985 [FXGL Background Thread 3 ] DEBUG Engine               - isFullScreenAllowed: false
16:46:05.985 [FXGL Background Thread 3 ] DEBUG Engine               - isFullScreenFromStart: false
16:46:05.985 [FXGL Background Thread 3 ] DEBUG Engine               - isGameMenuEnabled: true
16:46:05.985 [FXGL Background Thread 3 ] DEBUG Engine               - isIOS: false
16:46:05.986 [FXGL Background Thread 3 ] DEBUG Engine               - isIntroEnabled: false
16:46:05.986 [FXGL Background Thread 3 ] DEBUG Engine               - isLinux: false
16:46:05.986 [FXGL Background Thread 3 ] DEBUG Engine               - isMac: false
16:46:05.986 [FXGL Background Thread 3 ] DEBUG Engine               - isMainMenuEnabled: true
16:46:05.986 [FXGL Background Thread 3 ] DEBUG Engine               - isManualResizeEnabled: false
16:46:05.987 [FXGL Background Thread 3 ] DEBUG Engine               - isMobile: false
16:46:05.987 [FXGL Background Thread 3 ] DEBUG Engine               - isNative: false
16:46:05.987 [FXGL Background Thread 3 ] DEBUG Engine               - isPauseMusicWhenMinimized: true
16:46:05.987 [FXGL Background Thread 3 ] DEBUG Engine               - isPreserveResizeRatio: false
16:46:05.987 [FXGL Background Thread 3 ] DEBUG Engine               - isProfilingEnabled: false
16:46:05.987 [FXGL Background Thread 3 ] DEBUG Engine               - isScaleAffectedOnResize: true
16:46:05.988 [FXGL Background Thread 3 ] DEBUG Engine               - isSingleStep: false
16:46:05.988 [FXGL Background Thread 3 ] DEBUG Engine               - isUserProfileEnabled: false
16:46:05.988 [FXGL Background Thread 3 ] DEBUG Engine               - isWindows: true
16:46:05.988 [FXGL Background Thread 3 ] DEBUG Engine               - language: ObjectProperty [value: ENGLISH]
16:46:05.988 [FXGL Background Thread 3 ] DEBUG Engine               - menuKey: ESCAPE
16:46:05.988 [FXGL Background Thread 3 ] DEBUG Engine               - mouseSensitivity: 0.2
16:46:05.988 [FXGL Background Thread 3 ] DEBUG Engine               - notificationViewClass: class com.almasb.fxgl.notification.view.XboxNotificationView
16:46:05.989 [FXGL Background Thread 3 ] DEBUG Engine               - pixelsPerMeter: 50.0
16:46:05.989 [FXGL Background Thread 3 ] DEBUG Engine               - platform: WINDOWS
16:46:05.989 [FXGL Background Thread 3 ] DEBUG Engine               - prefHeightProperty: ReadOnlyDoubleProperty [value: 720.0]
16:46:05.989 [FXGL Background Thread 3 ] DEBUG Engine               - prefWidthProperty: ReadOnlyDoubleProperty [value: 720.0]
16:46:05.990 [FXGL Background Thread 3 ] DEBUG Engine               - profileDir: profiles/
16:46:05.990 [FXGL Background Thread 3 ] DEBUG Engine               - profileName: StringProperty [value: DEFAULT]
16:46:05.990 [FXGL Background Thread 3 ] DEBUG Engine               - randomSeed: -1
16:46:05.990 [FXGL Background Thread 3 ] DEBUG Engine               - runtimeInfo: RuntimeInfo(platform=WINDOWS, version=17.3, build=30.03.2023 11.49)
16:46:05.991 [FXGL Background Thread 3 ] DEBUG Engine               - saveFileExt: sav
16:46:05.991 [FXGL Background Thread 3 ] DEBUG Engine               - scaledHeightProp$fxgl: DoubleProperty [bound, value: 720.0]
16:46:05.991 [FXGL Background Thread 3 ] DEBUG Engine               - scaledWidthProp$fxgl: DoubleProperty [bound, value: 720.0]
16:46:05.991 [FXGL Background Thread 3 ] DEBUG Engine               - sceneFactory: com.example.flat2d.GameApp$1@167f5898
16:46:05.991 [FXGL Background Thread 3 ] DEBUG Engine               - secondsIn24h: 60
16:46:05.992 [FXGL Background Thread 3 ] DEBUG Engine               - soundMenuBack: menu/back.wav
16:46:05.992 [FXGL Background Thread 3 ] DEBUG Engine               - soundMenuPress: menu/press.wav
16:46:05.993 [FXGL Background Thread 3 ] DEBUG Engine               - soundMenuSelect: menu/select.wav
16:46:05.993 [FXGL Background Thread 3 ] DEBUG Engine               - soundNotification: core/notification.wav
16:46:05.993 [FXGL Background Thread 3 ] DEBUG Engine               - stageStyle: DECORATED
16:46:05.993 [FXGL Background Thread 3 ] DEBUG Engine               - supportedLanguages: [ENGLISH, FRENCH, GERMAN, HUNGARIAN, RUSSIAN]
16:46:05.993 [FXGL Background Thread 3 ] DEBUG Engine               - ticksPerSecond: -1
16:46:05.993 [FXGL Background Thread 3 ] DEBUG Engine               - title: Adventures of Sir Vim Zarado
16:46:05.993 [FXGL Background Thread 3 ] DEBUG Engine               - urlGithub: https://github.com/AlmasB/FXGL
16:46:05.993 [FXGL Background Thread 3 ] DEBUG Engine               - urlLeaderboard: http://fxgl-top.herokuapp.com/
16:46:05.993 [FXGL Background Thread 3 ] DEBUG Engine               - urlPOM: https://raw.githubusercontent.com/AlmasB/FXGL/release/README.md
16:46:05.993 [FXGL Background Thread 3 ] DEBUG Engine               - userAppClass: class com.example.flat2d.GameApp
16:46:05.993 [FXGL Background Thread 3 ] DEBUG Engine               - version: 0.0
16:46:05.994 [FXGL Background Thread 3 ] DEBUG Engine               - versionCheckDays: 7
16:46:05.994 [FXGL Background Thread 3 ] DEBUG Engine               - width: 720
16:46:05.994 [FXGL Background Thread 3 ] DEBUG Engine               - Logging services
16:46:05.994 [FXGL Background Thread 3 ] DEBUG Engine               - class com.almasb.fxgl.app.services.FXGLAssetLoaderService
16:46:05.994 [FXGL Background Thread 3 ] DEBUG Engine               - class com.almasb.fxgl.app.FXGLApplication$GameApplicationService
16:46:05.994 [FXGL Background Thread 3 ] DEBUG Engine               - class com.almasb.fxgl.app.services.FXGLDialogService
16:46:05.994 [FXGL Background Thread 3 ] DEBUG Engine               - class com.almasb.fxgl.app.services.IOTaskExecutorService
16:46:05.995 [FXGL Background Thread 3 ] DEBUG Engine               - class com.almasb.fxgl.io.FileSystemService
16:46:05.995 [FXGL Background Thread 3 ] DEBUG Engine               - class com.almasb.fxgl.localization.LocalizationService
16:46:05.995 [FXGL Background Thread 3 ] DEBUG Engine               - class com.almasb.fxgl.app.services.SystemBundleService
16:46:05.996 [FXGL Background Thread 3 ] DEBUG Engine               - class com.almasb.fxgl.profile.SaveLoadService
16:46:05.996 [FXGL Background Thread 3 ] DEBUG Engine               - class com.almasb.fxgl.ui.FXGLUIFactoryServiceProvider
16:46:05.996 [FXGL Background Thread 3 ] DEBUG Engine               - class com.almasb.fxgl.ui.FXGLDialogFactoryServiceProvider
16:46:05.996 [FXGL Background Thread 3 ] DEBUG Engine               - class com.almasb.fxgl.audio.AudioPlayer
16:46:05.996 [FXGL Background Thread 3 ] DEBUG Engine               - class com.almasb.fxgl.notification.impl.NotificationServiceProvider
16:46:05.996 [FXGL Background Thread 3 ] DEBUG Engine               - class com.almasb.fxgl.achievement.AchievementService
16:46:05.996 [FXGL Background Thread 3 ] DEBUG Engine               - class com.almasb.fxgl.cutscene.CutsceneService
16:46:05.996 [FXGL Background Thread 3 ] DEBUG Engine               - class com.almasb.fxgl.minigames.MiniGameService
16:46:05.996 [FXGL Background Thread 3 ] DEBUG Engine               - class com.almasb.fxgl.net.NetService
16:46:05.997 [FXGL Background Thread 3 ] DEBUG Engine               - class com.almasb.fxgl.app.services.UpdaterService
16:46:05.997 [FXGL Background Thread 3 ] DEBUG Engine               - class com.almasb.fxgl.dev.DevService
16:46:06.588 [JavaFX Application Thread] DEBUG AudioPlayer          - Stopping music com.almasb.fxgl.audio.Music@62d9b3aa
16:46:06.589 [JavaFX Application Thread] DEBUG FXGLAssetLoaderServi - Loading from file system: file:/C:/Users/USER/IdeaProjects/CSIT228-F3-Finals/target/classes/assets/music/game-music.mp3
16:46:06.594 [JavaFX Application Thread] DEBUG AudioPlayer          - Playing music com.almasb.fxgl.audio.Music@6cb33299
16:46:06.594 [JavaFX Application Thread] DEBUG Menu                 - fireNewGame()
16:46:06.594 [JavaFX Application Thread] DEBUG GameApplicationServi - Starting new game
16:46:06.595 [JavaFX Application Thread] DEBUG PrimaryStageWindow   - Pop state: GameMainMenu
16:46:06.595 [JavaFX Application Thread] DEBUG Input                - Clearing active input actions
16:46:06.598 [JavaFX Application Thread] DEBUG GameApplicationServi - Removing overlay from GameMainMenu and adding to FXGLMainMenuDummyScene
16:46:06.601 [JavaFX Application Thread] DEBUG PrimaryStageWindow   - FXGLMainMenuDummyScene <- GameMainMenu
16:46:06.602 [JavaFX Application Thread] DEBUG Input                - Clearing active input actions
16:46:06.616 [JavaFX Application Thread] DEBUG GameApplicationServi - Removing overlay from FXGLMainMenuDummyScene and adding to FXGLLoadingScene
16:46:06.617 [JavaFX Application Thread] DEBUG PrimaryStageWindow   - FXGLMainMenuDummyScene -> FXGLLoadingScene
16:46:06.617 [JavaFX Application Thread] DEBUG GameApplicationServi - Clearing previous game
16:46:06.617 [JavaFX Application Thread] DEBUG GameScene            - Clearing game scene
16:46:06.617 [JavaFX Application Thread] DEBUG GameWorld            - Clearing game world
16:46:06.617 [JavaFX Application Thread] DEBUG PhysicsWorld         - Clearing physics world
16:46:06.619 [FXGL Background Thread 2 ] DEBUG FXGLApplication      - Initializing game
16:46:06.732 [FXGL Background Thread 2 ] WARN  TMXLevelLoader       - TiledMap generated from 1.10.2. Supported version: 1.9.0. Some features may not be parsed fully.
16:46:06.878 [FXGL Background Thread 2 ] DEBUG TMXLevelLoader       - Parsed TiledMap: file:/C:/Users/USER/IdeaProjects/CSIT228-F3-Finals/target/classes/assets/levels/tmx/2DGameTiledMap.tmx
16:46:06.883 [FXGL Background Thread 2 ] DEBUG TMXLevelLoader       - Creating tile layer entities
16:46:06.888 [FXGL Background Thread 2 ] DEBUG TilesetLoader        - Loading view for layer floor
16:46:06.898 [FXGL Background Thread 2 ] DEBUG TilesetLoader        - Created buffer with size 2304.0x2304.0
16:46:07.068 [FXGL Background Thread 2 ] DEBUG TilesetLoader        - Loading view for layer stuff
16:46:07.090 [FXGL Background Thread 2 ] DEBUG TilesetLoader        - Created buffer with size 2304.0x2304.0
16:46:07.111 [FXGL Background Thread 2 ] DEBUG TilesetLoader        - Loading view for layer decor
16:46:07.134 [FXGL Background Thread 2 ] DEBUG TilesetLoader        - Created buffer with size 2304.0x2304.0
16:46:07.152 [FXGL Background Thread 2 ] DEBUG TilesetLoader        - Loading view for layer more
16:46:07.174 [FXGL Background Thread 2 ] DEBUG TilesetLoader        - Created buffer with size 2304.0x2304.0
16:46:07.180 [FXGL Background Thread 2 ] DEBUG TMXLevelLoader       - Creating object layer entities
16:46:07.235 [FXGL Background Thread 2 ] DEBUG FXGLAssetLoaderServi - Loading from file system: file:/C:/Users/USER/IdeaProjects/CSIT228-F3-Finals/target/classes/assets/textures/background/torch.gif
16:46:07.340 [FXGL Background Thread 2 ] DEBUG GameWorld            - Clearing removable entities
16:46:07.341 [FXGL Background Thread 2 ] DEBUG GameWorld            - Setting level: com.almasb.fxgl.entity.level.Level@2049306c
16:46:07.353 [FXGL Background Thread 2 ] DEBUG FXGLAssetLoaderServi - Loading from file system: file:/C:/Users/USER/IdeaProjects/CSIT228-F3-Finals/target/classes/assets/textures/player/lecatmoves.png
16:46:07.357 [FXGL Background Thread 2 ] DEBUG FXGLAssetLoaderServi - Loading from file system: file:/C:/Users/USER/IdeaProjects/CSIT228-F3-Finals/target/classes/assets/textures/player/CatOne.png
16:46:07.358 [FXGL Background Thread 2 ] DEBUG FXGLAssetLoaderServi - Loading from file system: file:/C:/Users/USER/IdeaProjects/CSIT228-F3-Finals/target/classes/assets/textures/player/CatThree.png
16:46:07.362 [FXGL Background Thread 2 ] DEBUG FXGLAssetLoaderServi - Loading from file system: file:/C:/Users/USER/IdeaProjects/CSIT228-F3-Finals/target/classes/assets/textures/player/CatFour.png
16:46:07.415 [FXGL Background Thread 2 ] INFO  FXGLApplication      - Game initialization took: 0.796 sec
16:46:07.416 [JavaFX Application Thread] DEBUG Input                - Clearing active input actions
16:46:07.432 [JavaFX Application Thread] DEBUG GameApplicationServi - Removing overlay from FXGLLoadingScene and adding to GameScene
16:46:07.440 [JavaFX Application Thread] DEBUG PrimaryStageWindow   - FXGLLoadingScene -> GameScene
16:46:08.449 [JavaFX Application Thread] DEBUG FXGLAssetLoaderServi - Loading from file system: file:/C:/Users/USER/IdeaProjects/CSIT228-F3-Finals/target/classes/assets/textures/skill/spr_bullet_strip.png
16:46:12.048 [JavaFX Application Thread] DEBUG FXGLApplication      - Exiting FXGL
16:46:12.048 [JavaFX Application Thread] DEBUG LoopRunner           - Stopping loop
16:46:12.048 [JavaFX Application Thread] DEBUG SystemBundleService  - Saving FXGL system data
16:46:12.051 [JavaFX Application Thread] DEBUG FileSystemAccess     - Writing to: C:\Users\USER\IdeaProjects\CSIT228-F3-Finals\system\fxgl.bundle
16:46:12.054 [JavaFX Application Thread] DEBUG Async                - Shutting down background threads
16:46:12.054 [JavaFX Application Thread] DEBUG PrimaryStageWindow   - Closing main window
16:46:12.070 [JavaFX Application Thread] DEBUG Logger               - Closing Logger
