03:43:38.771 [main                     ] DEBUG Logger               - Configured Logger
03:43:38.793 [main                     ] DEBUG GameApplication      - Logging settings
Title: Adventures of Sir Vim Zarado
Version: 0.0
Width: 720
Height: 720
Fullscreen: false
Intro: false
Profiling: false
Single step:false
App Mode: DEVELOPER
Menu Key: ESCAPE
Stage Style: DECORATED
Scene Factory: class com.example.flat2d.GameApp$1

03:43:39.170 [JavaFX Application Thread] DEBUG FXGLApplication      - Initializing FXGL
03:43:39.174 [JavaFX Application Thread] INFO  Engine               - FXGL-17.3 (30.03.2023 11.49) on WINDOWS (J:21.0.3 FX:21)
03:43:39.175 [JavaFX Application Thread] DEBUG Engine               - JRE Vendor Name: Amazon.com Inc.
03:43:39.175 [JavaFX Application Thread] DEBUG Engine               - Running on OS: Windows 10 version 10.0
03:43:39.175 [JavaFX Application Thread] DEBUG Engine               - Architecture: amd64
03:43:39.175 [JavaFX Application Thread] INFO  Engine               - Source code and latest versions at: https://github.com/AlmasB/FXGL
03:43:39.176 [JavaFX Application Thread] INFO  Engine               -       Ask questions and discuss at: https://github.com/AlmasB/FXGL/discussions
03:43:39.176 [JavaFX Application Thread] INFO  Engine               -              Join the FXGL chat at: https://gitter.im/AlmasB/FXGL
03:43:39.270 [JavaFX Application Thread] DEBUG PrimaryStageWindow   - Creating a JavaFX scene
03:43:39.325 [JavaFX Application Thread] DEBUG PrimaryStageWindow   - Target settings size: 720.0 x 720.0
03:43:39.325 [JavaFX Application Thread] DEBUG PrimaryStageWindow   - Scaled scene size:    720.0 x 720.0
03:43:39.325 [JavaFX Application Thread] DEBUG PrimaryStageWindow   - Scaled ratio: (1.0, 1.0)
03:43:39.326 [JavaFX Application Thread] DEBUG PrimaryStageWindow   - Set initial scene to FXGLStartupScene
03:43:39.330 [JavaFX Application Thread] DEBUG PrimaryStageWindow   - Opening main window
03:43:39.417 [JavaFX Application Thread] DEBUG PrimaryStageWindow   - Window border size: (16.0, 39.0)
03:43:39.417 [JavaFX Application Thread] DEBUG PrimaryStageWindow   - Scaled size: 720.0 x 720.0
03:43:39.417 [JavaFX Application Thread] DEBUG PrimaryStageWindow   - Scaled ratio: (1.0, 1.0)
03:43:39.418 [JavaFX Application Thread] DEBUG PrimaryStageWindow   - Scene size: 720.0 x 720.0
03:43:39.418 [JavaFX Application Thread] DEBUG PrimaryStageWindow   - Stage size: 736.0 x 759.0
03:43:39.445 [FXGL Background Thread 1 ] DEBUG Engine               - Initializing environment variables
03:43:39.500 [FXGL Background Thread 1 ] DEBUG FXGLAssetLoaderServi - User app class for loading assets: class com.example.flat2d.GameApp
03:43:39.500 [FXGL Background Thread 1 ] DEBUG GameApplicationServi - Applying CSS: fxgl_dark.css
03:43:39.501 [FXGL Background Thread 1 ] DEBUG FXGLAssetLoaderServi - Loading from file system: jar:file:///C:/Users/User/.m2/repository/com/github/almasb/fxgl/17.3/fxgl-17.3.jar!/fxglassets/ui/css/fxgl_dark.css
03:43:39.551 [FXGL Background Thread 1 ] DEBUG GameApplicationServi - Initializing application scenes
03:43:39.621 [FXGL Background Thread 1 ] DEBUG GameWorld            - Game world initialized
03:43:39.680 [FXGL Background Thread 1 ] DEBUG PhysicsWorld         - Physics world initialized: appHeight=720, physics.ppm=50.0
03:43:39.680 [FXGL Background Thread 1 ] DEBUG PhysicsWorld         - Using strategy: BRUTE_FORCE
03:43:39.686 [FXGL Background Thread 1 ] DEBUG GameScene            - Game scene initialized: 720x720
03:43:39.688 [FXGL Background Thread 1 ] DEBUG FXGLAssetLoaderServi - Loading from file system: file:/C:/Users/User/IdeaProjects/CSIT228-F3-Finals/target/classes/assets/textures/background/main-screen.jpg
03:43:39.767 [FXGL Background Thread 1 ] DEBUG FXGLAssetLoaderServi - Loading from file system: file:/C:/Users/User/IdeaProjects/CSIT228-F3-Finals/target/classes/assets/textures/profile-pic.jpg
03:43:39.781 [FXGL Background Thread 1 ] WARN  FXGL.DefaultMenu     - FXGLDefaultMenu is not designed for resolutions < 800x600
03:43:39.781 [FXGL Background Thread 1 ] DEBUG FXGL.DefaultMenu     - createMenuBodyGameMenu()
03:43:39.794 [FXGL Background Thread 1 ] DEBUG FXGL.DefaultMenu     - createOptionsMenu()
03:43:39.801 [FXGL Background Thread 1 ] DEBUG FXGLAssetLoaderServi - Loading from file system: jar:file:///C:/Users/User/.m2/repository/com/github/almasb/fxgl/17.3/fxgl-17.3.jar!/fxglassets/textures/particles/smoke.png
03:43:39.894 [FXGL Background Thread 1 ] DEBUG FXGLAssetLoaderServi - Loading from file system: jar:file:///C:/Users/User/.m2/repository/com/github/almasb/fxgl/17.3/fxgl-17.3.jar!/fxglassets/textures/particles/trace_horizontal.png
03:43:39.950 [FXGL Background Thread 1 ] DEBUG GameApplicationServi - Application scenes initialized
03:43:39.963 [FXGL Background Thread 1 ] DEBUG SystemBundleService  - Loading FXGL system data
03:43:39.967 [FXGL Background Thread 1 ] DEBUG FileSystemAccess     - Reading from: C:\Users\User\IdeaProjects\CSIT228-F3-Finals\system\fxgl.bundle
03:43:39.978 [FXGL Background Thread 1 ] DEBUG SystemBundleService  - Bundle FXGL: {}
03:43:39.978 [FXGL Background Thread 1 ] DEBUG UpdaterService       - Checking for updates
03:43:40.004 [FXGL Background Thread 1 ] DEBUG FXGLApplication      - Loading default localization
03:43:40.005 [FXGL Background Thread 1 ] DEBUG FXGLAssetLoaderServi - Loading from file system: jar:file:///C:/Users/User/.m2/repository/com/github/almasb/fxgl/17.3/fxgl-17.3.jar!/fxglassets/languages/english.lang
03:43:40.020 [FXGL Background Thread 4 ] DEBUG FXGLApplication      - Loading fonts
03:43:40.020 [FXGL Background Thread 1 ] INFO  FXGLApplication      - FXGL initialization took: 0.575 sec
03:43:40.021 [FXGL Background Thread 4 ] DEBUG FXGLAssetLoaderServi - Loading from file system: jar:file:///C:/Users/User/.m2/repository/com/github/almasb/fxgl/17.3/fxgl-17.3.jar!/fxglassets/ui/fonts/VarelaRound-Regular.ttf
03:43:40.030 [JavaFX Application Thread] DEBUG Input                - Registered new binding: Up - W
03:43:40.030 [JavaFX Application Thread] DEBUG Input                - Registered new binding: Right - D
03:43:40.030 [JavaFX Application Thread] DEBUG Input                - Registered new binding: Left - A
03:43:40.030 [JavaFX Application Thread] DEBUG Input                - Registered new binding: Down - S
03:43:40.031 [JavaFX Application Thread] DEBUG Input                - Registered new binding: IDK - RMB
03:43:40.032 [JavaFX Application Thread] DEBUG FXGLAssetLoaderServi - Loading from file system: file:/C:/Users/User/IdeaProjects/CSIT228-F3-Finals/target/classes/assets/music/opening.mp3
03:43:40.135 [FXGL Background Thread 4 ] DEBUG FXGLAssetLoaderServi - Loading from file system: jar:file:///C:/Users/User/.m2/repository/com/github/almasb/fxgl/17.3/fxgl-17.3.jar!/fxglassets/ui/fonts/Abel-Regular.ttf
03:43:40.179 [FXGL Background Thread 4 ] DEBUG FXGLAssetLoaderServi - Loading from file system: jar:file:///C:/Users/User/.m2/repository/com/github/almasb/fxgl/17.3/fxgl-17.3.jar!/fxglassets/ui/fonts/TerminalLandMono-Regular.otf
03:43:40.199 [FXGL Background Thread 4 ] DEBUG FXGLAssetLoaderServi - Loading from file system: jar:file:///C:/Users/User/.m2/repository/com/github/almasb/fxgl/17.3/fxgl-17.3.jar!/fxglassets/ui/fonts/Courier-Prime.ttf
03:43:40.305 [JavaFX Application Thread] DEBUG AudioPlayer          - Playing music com.almasb.fxgl.audio.Music@4e860a60
03:43:40.306 [JavaFX Application Thread] DEBUG FXGLAssetLoaderServi - Loading from file system: jar:file:///C:/Users/User/.m2/repository/com/github/almasb/fxgl/17.3/fxgl-17.3.jar!/fxglassets/textures/fxgl_icon.png
03:43:40.343 [JavaFX Application Thread] DEBUG FXGLAssetLoaderServi - Loading from file system: jar:file:///C:/Users/User/.m2/repository/com/github/almasb/fxgl/17.3/fxgl-17.3.jar!/fxglassets/textures/fxgl_default_cursor.png
03:43:40.345 [JavaFX Application Thread] DEBUG Input                - Registered new binding: Screenshot - CTRL+8
03:43:40.346 [JavaFX Application Thread] DEBUG Input                - Registered new binding: Dev Options - 1
03:43:40.346 [JavaFX Application Thread] DEBUG Input                - Registered new binding: Dev Console - 2
03:43:40.347 [JavaFX Application Thread] DEBUG Input                - Registered new binding: System info dump - CTRL+9
03:43:40.347 [JavaFX Application Thread] DEBUG Input                - Registered new binding: Restart - CTRL+R
03:43:40.349 [JavaFX Application Thread] DEBUG Input                - Registered new binding: Toggle Debug Camera - CTRL+7
03:43:40.366 [JavaFX Application Thread] DEBUG LoopRunner           - Starting loop
03:43:40.372 [JavaFX Application Thread] DEBUG LoopRunner           - Initializing JavaFX AnimationTimerLoop
03:43:40.375 [JavaFX Application Thread] DEBUG Input                - Clearing active input actions
03:43:40.417 [JavaFX Application Thread] DEBUG GameApplicationServi - Removing overlay from FXGLStartupScene and adding to FXGLMainMenuDummyScene
03:43:40.425 [JavaFX Application Thread] DEBUG PrimaryStageWindow   - FXGLStartupScene -> FXGLMainMenuDummyScene
03:43:40.425 [JavaFX Application Thread] DEBUG PrimaryStageWindow   - Push state: GameMainMenu
03:43:40.425 [JavaFX Application Thread] DEBUG Input                - Clearing active input actions
03:43:40.433 [JavaFX Application Thread] DEBUG GameApplicationServi - Removing overlay from FXGLMainMenuDummyScene and adding to GameMainMenu
03:43:40.434 [JavaFX Application Thread] DEBUG PrimaryStageWindow   - FXGLMainMenuDummyScene -> GameMainMenu
03:43:40.442 [JavaFX Application Thread] DEBUG FXGLApplication      - Registering font factories with UI factory
03:43:40.659 [FXGL Background Thread 2 ] INFO  UpdaterService       - Your current version:  17.3
03:43:40.660 [FXGL Background Thread 2 ] INFO  UpdaterService       - Latest stable version: 21.1
03:43:41.776 [JavaFX Application Thread] DEBUG AudioPlayer          - Stopping music com.almasb.fxgl.audio.Music@4e860a60
03:43:41.820 [JavaFX Application Thread] DEBUG FXGLAssetLoaderServi - Loading from file system: file:/C:/Users/User/IdeaProjects/CSIT228-F3-Finals/target/classes/assets/music/game-music.mp3
03:43:41.823 [JavaFX Application Thread] DEBUG AudioPlayer          - Playing music com.almasb.fxgl.audio.Music@1941488c
03:43:41.824 [JavaFX Application Thread] DEBUG Menu                 - fireNewGame()
03:43:41.824 [JavaFX Application Thread] DEBUG GameApplicationServi - Starting new game
03:43:41.824 [JavaFX Application Thread] DEBUG PrimaryStageWindow   - Pop state: GameMainMenu
03:43:41.824 [JavaFX Application Thread] DEBUG Input                - Clearing active input actions
03:43:41.826 [JavaFX Application Thread] DEBUG GameApplicationServi - Removing overlay from GameMainMenu and adding to FXGLMainMenuDummyScene
03:43:41.828 [JavaFX Application Thread] DEBUG PrimaryStageWindow   - FXGLMainMenuDummyScene <- GameMainMenu
03:43:41.828 [JavaFX Application Thread] DEBUG Input                - Clearing active input actions
03:43:41.834 [JavaFX Application Thread] DEBUG GameApplicationServi - Removing overlay from FXGLMainMenuDummyScene and adding to FXGLLoadingScene
03:43:41.834 [JavaFX Application Thread] DEBUG PrimaryStageWindow   - FXGLMainMenuDummyScene -> FXGLLoadingScene
03:43:41.834 [JavaFX Application Thread] DEBUG GameApplicationServi - Clearing previous game
03:43:41.834 [JavaFX Application Thread] DEBUG GameScene            - Clearing game scene
03:43:41.834 [JavaFX Application Thread] DEBUG GameWorld            - Clearing game world
03:43:41.835 [JavaFX Application Thread] DEBUG PhysicsWorld         - Clearing physics world
03:43:41.836 [FXGL Background Thread 2 ] DEBUG FXGLApplication      - Initializing game
03:43:41.872 [FXGL Background Thread 2 ] WARN  TMXLevelLoader       - TiledMap generated from 1.10.2. Supported version: 1.9.0. Some features may not be parsed fully.
03:43:41.928 [FXGL Background Thread 2 ] DEBUG TMXLevelLoader       - Parsed TiledMap: file:/C:/Users/User/IdeaProjects/CSIT228-F3-Finals/target/classes/assets/levels/tmx/2DGameTiledMap.tmx
03:43:41.930 [FXGL Background Thread 2 ] DEBUG TMXLevelLoader       - Creating tile layer entities
03:43:41.932 [FXGL Background Thread 2 ] DEBUG TilesetLoader        - Loading view for layer floor
03:43:41.939 [FXGL Background Thread 2 ] DEBUG TilesetLoader        - Created buffer with size 2304.0x2304.0
03:43:42.037 [FXGL Background Thread 2 ] DEBUG TilesetLoader        - Loading view for layer stuff
03:43:42.040 [FXGL Background Thread 2 ] DEBUG TilesetLoader        - Created buffer with size 2304.0x2304.0
03:43:42.053 [FXGL Background Thread 2 ] DEBUG TilesetLoader        - Loading view for layer decor
03:43:42.061 [FXGL Background Thread 2 ] DEBUG TilesetLoader        - Created buffer with size 2304.0x2304.0
03:43:42.074 [FXGL Background Thread 2 ] DEBUG TilesetLoader        - Loading view for layer more
03:43:42.080 [FXGL Background Thread 2 ] DEBUG TilesetLoader        - Created buffer with size 2304.0x2304.0
03:43:42.082 [FXGL Background Thread 2 ] DEBUG TMXLevelLoader       - Creating object layer entities
03:43:42.120 [FXGL Background Thread 2 ] DEBUG FXGLAssetLoaderServi - Loading from file system: file:/C:/Users/User/IdeaProjects/CSIT228-F3-Finals/target/classes/assets/textures/background/torch.gif
03:43:42.178 [FXGL Background Thread 2 ] DEBUG FXGLAssetLoaderServi - Loading from file system: file:/C:/Users/User/IdeaProjects/CSIT228-F3-Finals/target/classes/assets/textures/background/eyes-hole.gif
03:43:42.232 [FXGL Background Thread 2 ] DEBUG GameWorld            - Clearing removable entities
03:43:42.233 [FXGL Background Thread 2 ] DEBUG GameWorld            - Setting level: com.almasb.fxgl.entity.level.Level@61d6ecf5
03:43:42.238 [FXGL Background Thread 2 ] DEBUG FXGLAssetLoaderServi - Loading from file system: file:/C:/Users/User/IdeaProjects/CSIT228-F3-Finals/target/classes/assets/textures/player/lecatmoves.png
03:43:42.240 [FXGL Background Thread 2 ] DEBUG FXGLAssetLoaderServi - Loading from file system: file:/C:/Users/User/IdeaProjects/CSIT228-F3-Finals/target/classes/assets/textures/player/CatOne.png
03:43:42.241 [FXGL Background Thread 2 ] DEBUG FXGLAssetLoaderServi - Loading from file system: file:/C:/Users/User/IdeaProjects/CSIT228-F3-Finals/target/classes/assets/textures/player/CatThree.png
03:43:42.242 [FXGL Background Thread 2 ] DEBUG FXGLAssetLoaderServi - Loading from file system: file:/C:/Users/User/IdeaProjects/CSIT228-F3-Finals/target/classes/assets/textures/player/CatFour.png
03:43:42.263 [FXGL Background Thread 2 ] INFO  FXGLApplication      - Game initialization took: 0.428 sec
03:43:42.270 [JavaFX Application Thread] DEBUG Input                - Clearing active input actions
03:43:42.276 [JavaFX Application Thread] DEBUG GameApplicationServi - Removing overlay from FXGLLoadingScene and adding to GameScene
03:43:42.280 [JavaFX Application Thread] DEBUG PrimaryStageWindow   - FXGLLoadingScene -> GameScene
03:43:43.002 [FXGL Background Thread 3 ] DEBUG Engine               - Logging environment variables
03:43:43.002 [FXGL Background Thread 3 ] DEBUG Engine               - achievements: []
03:43:43.003 [FXGL Background Thread 3 ] DEBUG Engine               - actualHeight: 720.0
03:43:43.004 [FXGL Background Thread 3 ] DEBUG Engine               - actualHeightProperty: ReadOnlyDoubleProperty [value: 720.0]
03:43:43.004 [FXGL Background Thread 3 ] DEBUG Engine               - actualWidth: 720.0
03:43:43.004 [FXGL Background Thread 3 ] DEBUG Engine               - actualWidthProperty: ReadOnlyDoubleProperty [value: 720.0]
03:43:43.004 [FXGL Background Thread 3 ] DEBUG Engine               - appIcon: fxgl_icon.png
03:43:43.004 [FXGL Background Thread 3 ] DEBUG Engine               - applicationMode: DEVELOPER
03:43:43.004 [FXGL Background Thread 3 ] DEBUG Engine               - cSSList: [fxgl_dark.css]
03:43:43.004 [FXGL Background Thread 3 ] DEBUG Engine               - collisionDetectionStrategy: BRUTE_FORCE
03:43:43.004 [FXGL Background Thread 3 ] DEBUG Engine               - configClass: Optional[class com.example.flat2d.Misc.Config]
03:43:43.004 [FXGL Background Thread 3 ] DEBUG Engine               - credits: []
03:43:43.005 [FXGL Background Thread 3 ] DEBUG Engine               - defaultCursor: CursorInfo(imageName=fxgl_default_cursor.png, hotspotX=7.0, hotspotY=6.0)
03:43:43.005 [FXGL Background Thread 3 ] DEBUG Engine               - devBBoxColorProperty: ObjectProperty [value: 0xff0000ff]
03:43:43.006 [FXGL Background Thread 3 ] DEBUG Engine               - devEnableDebugCameraProperty: BooleanProperty [value: false]
03:43:43.006 [FXGL Background Thread 3 ] DEBUG Engine               - devSensorColorProperty: ObjectProperty [value: 0xffff00ff]
03:43:43.006 [FXGL Background Thread 3 ] DEBUG Engine               - devShowBBoxProperty: BooleanProperty [value: false]
03:43:43.006 [FXGL Background Thread 3 ] DEBUG Engine               - devShowPositionProperty: BooleanProperty [value: false]
03:43:43.006 [FXGL Background Thread 3 ] DEBUG Engine               - enabledMenuItems: []
03:43:43.006 [FXGL Background Thread 3 ] DEBUG Engine               - engineServices: [class com.almasb.fxgl.app.services.FXGLAssetLoaderService, class com.almasb.fxgl.app.FXGLApplication$GameApplicationService, class com.almasb.fxgl.app.services.FXGLDialogService, class com.almasb.fxgl.app.services.IOTaskExecutorService, class com.almasb.fxgl.io.FileSystemService, class com.almasb.fxgl.localization.LocalizationService, class com.almasb.fxgl.app.services.SystemBundleService, class com.almasb.fxgl.profile.SaveLoadService, class com.almasb.fxgl.ui.FXGLUIFactoryServiceProvider, class com.almasb.fxgl.ui.FXGLDialogFactoryServiceProvider, class com.almasb.fxgl.audio.AudioPlayer, class com.almasb.fxgl.notification.impl.NotificationServiceProvider, class com.almasb.fxgl.achievement.AchievementService, class com.almasb.fxgl.cutscene.CutsceneService, class com.almasb.fxgl.minigames.MiniGameService, class com.almasb.fxgl.net.NetService, class com.almasb.fxgl.app.services.UpdaterService, class com.almasb.fxgl.dev.DevService]
03:43:43.006 [FXGL Background Thread 3 ] DEBUG Engine               - fontGame: Abel-Regular.ttf
03:43:43.006 [FXGL Background Thread 3 ] DEBUG Engine               - fontMono: TerminalLandMono-Regular.otf
03:43:43.006 [FXGL Background Thread 3 ] DEBUG Engine               - fontSizeScaleUI: 1.0
03:43:43.006 [FXGL Background Thread 3 ] DEBUG Engine               - fontText: Courier-Prime.ttf
03:43:43.007 [FXGL Background Thread 3 ] DEBUG Engine               - fontUI: VarelaRound-Regular.ttf
03:43:43.007 [FXGL Background Thread 3 ] DEBUG Engine               - fullScreen: BooleanProperty [value: false]
03:43:43.007 [FXGL Background Thread 3 ] DEBUG Engine               - gameDifficulty: MEDIUM
03:43:43.007 [FXGL Background Thread 3 ] DEBUG Engine               - gameDifficultyProperty: ObjectProperty [value: MEDIUM]
03:43:43.007 [FXGL Background Thread 3 ] DEBUG Engine               - globalMusicVolume: 0.5
03:43:43.007 [FXGL Background Thread 3 ] DEBUG Engine               - globalMusicVolumeProperty: DoubleProperty [value: 0.5]
03:43:43.007 [FXGL Background Thread 3 ] DEBUG Engine               - globalSoundVolume: 0.5
03:43:43.007 [FXGL Background Thread 3 ] DEBUG Engine               - globalSoundVolumeProperty: DoubleProperty [value: 0.25]
03:43:43.007 [FXGL Background Thread 3 ] DEBUG Engine               - height: 720
03:43:43.007 [FXGL Background Thread 3 ] DEBUG Engine               - is3D: false
03:43:43.007 [FXGL Background Thread 3 ] DEBUG Engine               - isAndroid: false
03:43:43.007 [FXGL Background Thread 3 ] DEBUG Engine               - isBrowser: false
03:43:43.008 [FXGL Background Thread 3 ] DEBUG Engine               - isClickFeedbackEnabled: false
03:43:43.008 [FXGL Background Thread 3 ] DEBUG Engine               - isCloseConfirmation: false
03:43:43.008 [FXGL Background Thread 3 ] DEBUG Engine               - isDesktop: true
03:43:43.008 [FXGL Background Thread 3 ] DEBUG Engine               - isDeveloperMenuEnabled: true
03:43:43.008 [FXGL Background Thread 3 ] DEBUG Engine               - isEmbedded: false
03:43:43.008 [FXGL Background Thread 3 ] DEBUG Engine               - isEntityPreloadEnabled: true
03:43:43.008 [FXGL Background Thread 3 ] DEBUG Engine               - isExperimentalTiledLargeMap: false
03:43:43.008 [FXGL Background Thread 3 ] DEBUG Engine               - isFileSystemWriteAllowed: true
03:43:43.008 [FXGL Background Thread 3 ] DEBUG Engine               - isFullScreenAllowed: false
03:43:43.008 [FXGL Background Thread 3 ] DEBUG Engine               - isFullScreenFromStart: false
03:43:43.008 [FXGL Background Thread 3 ] DEBUG Engine               - isGameMenuEnabled: true
03:43:43.008 [FXGL Background Thread 3 ] DEBUG Engine               - isIOS: false
03:43:43.008 [FXGL Background Thread 3 ] DEBUG Engine               - isIntroEnabled: false
03:43:43.008 [FXGL Background Thread 3 ] DEBUG Engine               - isLinux: false
03:43:43.008 [FXGL Background Thread 3 ] DEBUG Engine               - isMac: false
03:43:43.009 [FXGL Background Thread 3 ] DEBUG Engine               - isMainMenuEnabled: true
03:43:43.009 [FXGL Background Thread 3 ] DEBUG Engine               - isManualResizeEnabled: false
03:43:43.009 [FXGL Background Thread 3 ] DEBUG Engine               - isMobile: false
03:43:43.009 [FXGL Background Thread 3 ] DEBUG Engine               - isNative: false
03:43:43.009 [FXGL Background Thread 3 ] DEBUG Engine               - isPauseMusicWhenMinimized: true
03:43:43.009 [FXGL Background Thread 3 ] DEBUG Engine               - isPreserveResizeRatio: false
03:43:43.009 [FXGL Background Thread 3 ] DEBUG Engine               - isProfilingEnabled: false
03:43:43.009 [FXGL Background Thread 3 ] DEBUG Engine               - isScaleAffectedOnResize: true
03:43:43.009 [FXGL Background Thread 3 ] DEBUG Engine               - isSingleStep: false
03:43:43.009 [FXGL Background Thread 3 ] DEBUG Engine               - isUserProfileEnabled: false
03:43:43.009 [FXGL Background Thread 3 ] DEBUG Engine               - isWindows: true
03:43:43.009 [FXGL Background Thread 3 ] DEBUG Engine               - language: ObjectProperty [value: ENGLISH]
03:43:43.009 [FXGL Background Thread 3 ] DEBUG Engine               - menuKey: ESCAPE
03:43:43.009 [FXGL Background Thread 3 ] DEBUG Engine               - mouseSensitivity: 0.2
03:43:43.009 [FXGL Background Thread 3 ] DEBUG Engine               - notificationViewClass: class com.almasb.fxgl.notification.view.XboxNotificationView
03:43:43.009 [FXGL Background Thread 3 ] DEBUG Engine               - pixelsPerMeter: 50.0
03:43:43.009 [FXGL Background Thread 3 ] DEBUG Engine               - platform: WINDOWS
03:43:43.009 [FXGL Background Thread 3 ] DEBUG Engine               - prefHeightProperty: ReadOnlyDoubleProperty [value: 720.0]
03:43:43.010 [FXGL Background Thread 3 ] DEBUG Engine               - prefWidthProperty: ReadOnlyDoubleProperty [value: 720.0]
03:43:43.010 [FXGL Background Thread 3 ] DEBUG Engine               - profileDir: profiles/
03:43:43.010 [FXGL Background Thread 3 ] DEBUG Engine               - profileName: StringProperty [value: DEFAULT]
03:43:43.010 [FXGL Background Thread 3 ] DEBUG Engine               - randomSeed: -1
03:43:43.010 [FXGL Background Thread 3 ] DEBUG Engine               - runtimeInfo: RuntimeInfo(platform=WINDOWS, version=17.3, build=30.03.2023 11.49)
03:43:43.010 [FXGL Background Thread 3 ] DEBUG Engine               - saveFileExt: sav
03:43:43.010 [FXGL Background Thread 3 ] DEBUG Engine               - scaledHeightProp$fxgl: DoubleProperty [bound, value: 720.0]
03:43:43.010 [FXGL Background Thread 3 ] DEBUG Engine               - scaledWidthProp$fxgl: DoubleProperty [bound, value: 720.0]
03:43:43.010 [FXGL Background Thread 3 ] DEBUG Engine               - sceneFactory: com.example.flat2d.GameApp$1@65984af3
03:43:43.010 [FXGL Background Thread 3 ] DEBUG Engine               - secondsIn24h: 60
03:43:43.011 [FXGL Background Thread 3 ] DEBUG Engine               - soundMenuBack: menu/back.wav
03:43:43.011 [FXGL Background Thread 3 ] DEBUG Engine               - soundMenuPress: menu/press.wav
03:43:43.011 [FXGL Background Thread 3 ] DEBUG Engine               - soundMenuSelect: menu/select.wav
03:43:43.011 [FXGL Background Thread 3 ] DEBUG Engine               - soundNotification: core/notification.wav
03:43:43.011 [FXGL Background Thread 3 ] DEBUG Engine               - stageStyle: DECORATED
03:43:43.011 [FXGL Background Thread 3 ] DEBUG Engine               - supportedLanguages: [ENGLISH, FRENCH, GERMAN, HUNGARIAN, RUSSIAN]
03:43:43.011 [FXGL Background Thread 3 ] DEBUG Engine               - ticksPerSecond: -1
03:43:43.011 [FXGL Background Thread 3 ] DEBUG Engine               - title: Adventures of Sir Vim Zarado
03:43:43.011 [FXGL Background Thread 3 ] DEBUG Engine               - urlGithub: https://github.com/AlmasB/FXGL
03:43:43.011 [FXGL Background Thread 3 ] DEBUG Engine               - urlLeaderboard: http://fxgl-top.herokuapp.com/
03:43:43.011 [FXGL Background Thread 3 ] DEBUG Engine               - urlPOM: https://raw.githubusercontent.com/AlmasB/FXGL/release/README.md
03:43:43.011 [FXGL Background Thread 3 ] DEBUG Engine               - userAppClass: class com.example.flat2d.GameApp
03:43:43.011 [FXGL Background Thread 3 ] DEBUG Engine               - version: 0.0
03:43:43.011 [FXGL Background Thread 3 ] DEBUG Engine               - versionCheckDays: 7
03:43:43.011 [FXGL Background Thread 3 ] DEBUG Engine               - width: 720
03:43:43.011 [FXGL Background Thread 3 ] DEBUG Engine               - Logging services
03:43:43.011 [FXGL Background Thread 3 ] DEBUG Engine               - class com.almasb.fxgl.app.services.FXGLAssetLoaderService
03:43:43.011 [FXGL Background Thread 3 ] DEBUG Engine               - class com.almasb.fxgl.app.FXGLApplication$GameApplicationService
03:43:43.011 [FXGL Background Thread 3 ] DEBUG Engine               - class com.almasb.fxgl.app.services.FXGLDialogService
03:43:43.011 [FXGL Background Thread 3 ] DEBUG Engine               - class com.almasb.fxgl.app.services.IOTaskExecutorService
03:43:43.012 [FXGL Background Thread 3 ] DEBUG Engine               - class com.almasb.fxgl.io.FileSystemService
03:43:43.012 [FXGL Background Thread 3 ] DEBUG Engine               - class com.almasb.fxgl.localization.LocalizationService
03:43:43.012 [FXGL Background Thread 3 ] DEBUG Engine               - class com.almasb.fxgl.app.services.SystemBundleService
03:43:43.012 [FXGL Background Thread 3 ] DEBUG Engine               - class com.almasb.fxgl.profile.SaveLoadService
03:43:43.012 [FXGL Background Thread 3 ] DEBUG Engine               - class com.almasb.fxgl.ui.FXGLUIFactoryServiceProvider
03:43:43.012 [FXGL Background Thread 3 ] DEBUG Engine               - class com.almasb.fxgl.ui.FXGLDialogFactoryServiceProvider
03:43:43.012 [FXGL Background Thread 3 ] DEBUG Engine               - class com.almasb.fxgl.audio.AudioPlayer
03:43:43.012 [FXGL Background Thread 3 ] DEBUG Engine               - class com.almasb.fxgl.notification.impl.NotificationServiceProvider
03:43:43.012 [FXGL Background Thread 3 ] DEBUG Engine               - class com.almasb.fxgl.achievement.AchievementService
03:43:43.012 [FXGL Background Thread 3 ] DEBUG Engine               - class com.almasb.fxgl.cutscene.CutsceneService
03:43:43.012 [FXGL Background Thread 3 ] DEBUG Engine               - class com.almasb.fxgl.minigames.MiniGameService
03:43:43.012 [FXGL Background Thread 3 ] DEBUG Engine               - class com.almasb.fxgl.net.NetService
03:43:43.012 [FXGL Background Thread 3 ] DEBUG Engine               - class com.almasb.fxgl.app.services.UpdaterService
03:43:43.012 [FXGL Background Thread 3 ] DEBUG Engine               - class com.almasb.fxgl.dev.DevService
03:43:43.050 [JavaFX Application Thread] DEBUG FXGLAssetLoaderServi - Loading from file system: file:/C:/Users/User/IdeaProjects/CSIT228-F3-Finals/target/classes/assets/textures/skill/spr_bullet_strip.png
03:43:44.180 [JavaFX Application Thread] DEBUG FXGLAssetLoaderServi - Loading from file system: file:/C:/Users/User/IdeaProjects/CSIT228-F3-Finals/target/classes/assets/textures/basic/FrontWalk1.png
03:43:44.183 [JavaFX Application Thread] DEBUG FXGLAssetLoaderServi - Loading from file system: file:/C:/Users/User/IdeaProjects/CSIT228-F3-Finals/target/classes/assets/textures/basic/FrontDead1.png
03:43:44.185 [JavaFX Application Thread] DEBUG FXGLAssetLoaderServi - Loading from file system: file:/C:/Users/User/IdeaProjects/CSIT228-F3-Finals/target/classes/assets/textures/basic/FrontAttack1.png
03:43:49.941 [JavaFX Application Thread] DEBUG FXGLAssetLoaderServi - Loading from file system: file:/C:/Users/User/IdeaProjects/CSIT228-F3-Finals/target/classes/assets/textures/background/burn.gif
03:43:51.315 [JavaFX Application Thread] DEBUG FXGLAssetLoaderServi - Loading from file system: file:/C:/Users/User/IdeaProjects/CSIT228-F3-Finals/target/classes/assets/textures/blocker/WalkShield1.png
03:43:51.317 [JavaFX Application Thread] DEBUG FXGLAssetLoaderServi - Loading from file system: file:/C:/Users/User/IdeaProjects/CSIT228-F3-Finals/target/classes/assets/textures/blocker/DeadShield1.png
03:43:52.010 [JavaFX Application Thread] DEBUG FXGLAssetLoaderServi - Loading from file system: file:/C:/Users/User/IdeaProjects/CSIT228-F3-Finals/target/classes/assets/textures/background/Large.gif
03:43:52.024 [JavaFX Application Thread] DEBUG FXGLAssetLoaderServi - Loading from file system: file:/C:/Users/User/IdeaProjects/CSIT228-F3-Finals/target/classes/assets/sounds/enemy-death2.wav
03:43:52.999 [JavaFX Application Thread] DEBUG FXGLAssetLoaderServi - Loading from file system: file:/C:/Users/User/IdeaProjects/CSIT228-F3-Finals/target/classes/assets/textures/background/get-all-exp.gif
03:43:53.001 [JavaFX Application Thread] WARN  Entity               - Entity already has component: com.almasb.fxgl.entity.components.CollidableComponent
03:43:53.799 [JavaFX Application Thread] WARN  Entity               - Entity already has component: com.almasb.fxgl.entity.components.CollidableComponent
03:43:54.409 [JavaFX Application Thread] DEBUG FXGLAssetLoaderServi - Loading from file system: file:/C:/Users/User/IdeaProjects/CSIT228-F3-Finals/target/classes/assets/textures/background/Medium.gif
03:43:55.338 [JavaFX Application Thread] DEBUG FXGLAssetLoaderServi - Loading from file system: file:/C:/Users/User/IdeaProjects/CSIT228-F3-Finals/target/classes/assets/textures/background/Small.gif
03:43:55.715 [JavaFX Application Thread] WARN  Entity               - Entity already has component: com.almasb.fxgl.entity.components.CollidableComponent
03:43:56.343 [JavaFX Application Thread] WARN  Entity               - Entity already has component: com.almasb.fxgl.entity.components.CollidableComponent
03:43:57.796 [JavaFX Application Thread] WARN  Entity               - Entity already has component: com.almasb.fxgl.entity.components.CollidableComponent
03:43:57.830 [JavaFX Application Thread] WARN  Entity               - Entity already has component: com.almasb.fxgl.entity.components.CollidableComponent
03:43:57.889 [JavaFX Application Thread] WARN  Entity               - Entity already has component: com.almasb.fxgl.entity.components.CollidableComponent
03:43:59.364 [JavaFX Application Thread] WARN  Entity               - Entity already has component: com.almasb.fxgl.entity.components.CollidableComponent
03:43:59.378 [JavaFX Application Thread] DEBUG AudioPlayer          - Pausing music com.almasb.fxgl.audio.Music@4e860a60
03:43:59.378 [JavaFX Application Thread] DEBUG LoopRunner           - Pausing loop
03:44:03.091 [JavaFX Application Thread] DEBUG FXGLApplication      - Exiting FXGL
03:44:03.091 [JavaFX Application Thread] DEBUG LoopRunner           - Stopping loop
03:44:03.091 [JavaFX Application Thread] DEBUG SystemBundleService  - Saving FXGL system data
03:44:03.093 [JavaFX Application Thread] DEBUG FileSystemAccess     - Writing to: C:\Users\User\IdeaProjects\CSIT228-F3-Finals\system\fxgl.bundle
03:44:03.096 [JavaFX Application Thread] DEBUG Async                - Shutting down background threads
03:44:03.096 [JavaFX Application Thread] DEBUG PrimaryStageWindow   - Closing main window
03:44:03.108 [JavaFX Application Thread] DEBUG Logger               - Closing Logger
