05:06:03.121 [main                     ] DEBUG Logger               - Configured Logger
05:06:03.140 [main                     ] DEBUG GameApplication      - Logging settings
Title: Adventures of Sir Vim Zarado
Version: 0.0
Width: 720
Height: 720
Fullscreen: false
Intro: false
Profiling: false
Single step:false
App Mode: DEVELOPER
Menu Key: ESCAPE
Stage Style: DECORATED
Scene Factory: class com.example.flat2d.GameApp$1

05:06:03.533 [JavaFX Application Thread] DEBUG FXGLApplication      - Initializing FXGL
05:06:03.538 [JavaFX Application Thread] INFO  Engine               - FXGL-17.3 (30.03.2023 11.49) on WINDOWS (J:21.0.3 FX:21)
05:06:03.538 [JavaFX Application Thread] DEBUG Engine               - JRE Vendor Name: Amazon.com Inc.
05:06:03.538 [JavaFX Application Thread] DEBUG Engine               - Running on OS: Windows 10 version 10.0
05:06:03.539 [JavaFX Application Thread] DEBUG Engine               - Architecture: amd64
05:06:03.539 [JavaFX Application Thread] INFO  Engine               - Source code and latest versions at: https://github.com/AlmasB/FXGL
05:06:03.539 [JavaFX Application Thread] INFO  Engine               -       Ask questions and discuss at: https://github.com/AlmasB/FXGL/discussions
05:06:03.539 [JavaFX Application Thread] INFO  Engine               -              Join the FXGL chat at: https://gitter.im/AlmasB/FXGL
05:06:03.646 [JavaFX Application Thread] DEBUG PrimaryStageWindow   - Creating a JavaFX scene
05:06:03.699 [JavaFX Application Thread] DEBUG PrimaryStageWindow   - Target settings size: 720.0 x 720.0
05:06:03.699 [JavaFX Application Thread] DEBUG PrimaryStageWindow   - Scaled scene size:    720.0 x 720.0
05:06:03.700 [JavaFX Application Thread] DEBUG PrimaryStageWindow   - Scaled ratio: (1.0, 1.0)
05:06:03.701 [JavaFX Application Thread] DEBUG PrimaryStageWindow   - Set initial scene to FXGLStartupScene
05:06:03.705 [JavaFX Application Thread] DEBUG PrimaryStageWindow   - Opening main window
05:06:03.789 [JavaFX Application Thread] DEBUG PrimaryStageWindow   - Window border size: (16.0, 39.0)
05:06:03.789 [JavaFX Application Thread] DEBUG PrimaryStageWindow   - Scaled size: 720.0 x 720.0
05:06:03.789 [JavaFX Application Thread] DEBUG PrimaryStageWindow   - Scaled ratio: (1.0, 1.0)
05:06:03.790 [JavaFX Application Thread] DEBUG PrimaryStageWindow   - Scene size: 720.0 x 720.0
05:06:03.790 [JavaFX Application Thread] DEBUG PrimaryStageWindow   - Stage size: 736.0 x 759.0
05:06:03.835 [FXGL Background Thread 1 ] DEBUG Engine               - Initializing environment variables
05:06:03.882 [FXGL Background Thread 1 ] DEBUG FXGLAssetLoaderServi - User app class for loading assets: class com.example.flat2d.GameApp
05:06:03.882 [FXGL Background Thread 1 ] DEBUG GameApplicationServi - Applying CSS: fxgl_dark.css
05:06:03.883 [FXGL Background Thread 1 ] DEBUG FXGLAssetLoaderServi - Loading from file system: jar:file:///C:/Users/User/.m2/repository/com/github/almasb/fxgl/17.3/fxgl-17.3.jar!/fxglassets/ui/css/fxgl_dark.css
05:06:03.927 [FXGL Background Thread 1 ] DEBUG GameApplicationServi - Initializing application scenes
05:06:03.998 [FXGL Background Thread 1 ] DEBUG GameWorld            - Game world initialized
05:06:04.055 [FXGL Background Thread 1 ] DEBUG PhysicsWorld         - Physics world initialized: appHeight=720, physics.ppm=50.0
05:06:04.055 [FXGL Background Thread 1 ] DEBUG PhysicsWorld         - Using strategy: BRUTE_FORCE
05:06:04.059 [FXGL Background Thread 1 ] DEBUG GameScene            - Game scene initialized: 720x720
05:06:04.062 [FXGL Background Thread 1 ] DEBUG FXGLAssetLoaderServi - Loading from file system: file:/C:/Users/User/IdeaProjects/CSIT228-F3-Finals/target/classes/assets/textures/background/main-screen.jpg
05:06:04.147 [FXGL Background Thread 1 ] DEBUG FXGLAssetLoaderServi - Loading from file system: file:/C:/Users/User/IdeaProjects/CSIT228-F3-Finals/target/classes/assets/textures/profile-pic.jpg
05:06:04.162 [FXGL Background Thread 1 ] WARN  FXGL.DefaultMenu     - FXGLDefaultMenu is not designed for resolutions < 800x600
05:06:04.162 [FXGL Background Thread 1 ] DEBUG FXGL.DefaultMenu     - createMenuBodyGameMenu()
05:06:04.176 [FXGL Background Thread 1 ] DEBUG FXGL.DefaultMenu     - createOptionsMenu()
05:06:04.185 [FXGL Background Thread 1 ] DEBUG FXGLAssetLoaderServi - Loading from file system: jar:file:///C:/Users/User/.m2/repository/com/github/almasb/fxgl/17.3/fxgl-17.3.jar!/fxglassets/textures/particles/smoke.png
05:06:04.269 [FXGL Background Thread 1 ] DEBUG FXGLAssetLoaderServi - Loading from file system: jar:file:///C:/Users/User/.m2/repository/com/github/almasb/fxgl/17.3/fxgl-17.3.jar!/fxglassets/textures/particles/trace_horizontal.png
05:06:04.307 [FXGL Background Thread 1 ] DEBUG GameApplicationServi - Application scenes initialized
05:06:04.323 [FXGL Background Thread 1 ] DEBUG SystemBundleService  - Loading FXGL system data
05:06:04.328 [FXGL Background Thread 1 ] DEBUG FileSystemAccess     - Reading from: C:\Users\User\IdeaProjects\CSIT228-F3-Finals\system\fxgl.bundle
05:06:04.338 [FXGL Background Thread 1 ] DEBUG SystemBundleService  - Bundle FXGL: {}
05:06:04.338 [FXGL Background Thread 1 ] DEBUG UpdaterService       - Checking for updates
05:06:04.384 [FXGL Background Thread 1 ] DEBUG FXGLApplication      - Loading default localization
05:06:04.385 [FXGL Background Thread 1 ] DEBUG FXGLAssetLoaderServi - Loading from file system: jar:file:///C:/Users/User/.m2/repository/com/github/almasb/fxgl/17.3/fxgl-17.3.jar!/fxglassets/languages/english.lang
05:06:04.406 [FXGL Background Thread 4 ] DEBUG FXGLApplication      - Loading fonts
05:06:04.407 [FXGL Background Thread 4 ] DEBUG FXGLAssetLoaderServi - Loading from file system: jar:file:///C:/Users/User/.m2/repository/com/github/almasb/fxgl/17.3/fxgl-17.3.jar!/fxglassets/ui/fonts/VarelaRound-Regular.ttf
05:06:04.411 [FXGL Background Thread 1 ] INFO  FXGLApplication      - FXGL initialization took: 0.576 sec
05:06:04.420 [JavaFX Application Thread] DEBUG Input                - Registered new binding: Up - W
05:06:04.420 [JavaFX Application Thread] DEBUG Input                - Registered new binding: Right - D
05:06:04.420 [JavaFX Application Thread] DEBUG Input                - Registered new binding: Left - A
05:06:04.420 [JavaFX Application Thread] DEBUG Input                - Registered new binding: Down - S
05:06:04.421 [JavaFX Application Thread] DEBUG Input                - Registered new binding: IDK - RMB
05:06:04.422 [JavaFX Application Thread] DEBUG FXGLAssetLoaderServi - Loading from file system: file:/C:/Users/User/IdeaProjects/CSIT228-F3-Finals/target/classes/assets/music/opening.mp3
05:06:04.453 [FXGL Background Thread 4 ] DEBUG FXGLAssetLoaderServi - Loading from file system: jar:file:///C:/Users/User/.m2/repository/com/github/almasb/fxgl/17.3/fxgl-17.3.jar!/fxglassets/ui/fonts/Abel-Regular.ttf
05:06:04.462 [FXGL Background Thread 4 ] DEBUG FXGLAssetLoaderServi - Loading from file system: jar:file:///C:/Users/User/.m2/repository/com/github/almasb/fxgl/17.3/fxgl-17.3.jar!/fxglassets/ui/fonts/TerminalLandMono-Regular.otf
05:06:04.480 [FXGL Background Thread 4 ] DEBUG FXGLAssetLoaderServi - Loading from file system: jar:file:///C:/Users/User/.m2/repository/com/github/almasb/fxgl/17.3/fxgl-17.3.jar!/fxglassets/ui/fonts/Courier-Prime.ttf
05:06:04.639 [JavaFX Application Thread] DEBUG AudioPlayer          - Playing music com.almasb.fxgl.audio.Music@15afddf9
05:06:04.640 [JavaFX Application Thread] DEBUG FXGLAssetLoaderServi - Loading from file system: jar:file:///C:/Users/User/.m2/repository/com/github/almasb/fxgl/17.3/fxgl-17.3.jar!/fxglassets/textures/fxgl_icon.png
05:06:04.710 [JavaFX Application Thread] DEBUG FXGLAssetLoaderServi - Loading from file system: jar:file:///C:/Users/User/.m2/repository/com/github/almasb/fxgl/17.3/fxgl-17.3.jar!/fxglassets/textures/fxgl_default_cursor.png
05:06:04.712 [JavaFX Application Thread] DEBUG Input                - Registered new binding: Screenshot - CTRL+8
05:06:04.713 [JavaFX Application Thread] DEBUG Input                - Registered new binding: Dev Options - 1
05:06:04.713 [JavaFX Application Thread] DEBUG Input                - Registered new binding: Dev Console - 2
05:06:04.714 [JavaFX Application Thread] DEBUG Input                - Registered new binding: System info dump - CTRL+9
05:06:04.715 [JavaFX Application Thread] DEBUG Input                - Registered new binding: Restart - CTRL+R
05:06:04.716 [JavaFX Application Thread] DEBUG Input                - Registered new binding: Toggle Debug Camera - CTRL+7
05:06:04.719 [JavaFX Application Thread] DEBUG LoopRunner           - Starting loop
05:06:04.727 [JavaFX Application Thread] DEBUG LoopRunner           - Initializing JavaFX AnimationTimerLoop
05:06:04.730 [JavaFX Application Thread] DEBUG Input                - Clearing active input actions
05:06:04.766 [JavaFX Application Thread] DEBUG GameApplicationServi - Removing overlay from FXGLStartupScene and adding to FXGLMainMenuDummyScene
05:06:04.774 [JavaFX Application Thread] DEBUG PrimaryStageWindow   - FXGLStartupScene -> FXGLMainMenuDummyScene
05:06:04.774 [JavaFX Application Thread] DEBUG PrimaryStageWindow   - Push state: GameMainMenu
05:06:04.774 [JavaFX Application Thread] DEBUG Input                - Clearing active input actions
05:06:04.781 [JavaFX Application Thread] DEBUG GameApplicationServi - Removing overlay from FXGLMainMenuDummyScene and adding to GameMainMenu
05:06:04.784 [JavaFX Application Thread] DEBUG PrimaryStageWindow   - FXGLMainMenuDummyScene -> GameMainMenu
05:06:04.787 [JavaFX Application Thread] DEBUG FXGLApplication      - Registering font factories with UI factory
05:06:04.953 [FXGL Background Thread 2 ] INFO  UpdaterService       - Your current version:  17.3
05:06:04.953 [FXGL Background Thread 2 ] INFO  UpdaterService       - Latest stable version: 21.1
05:06:07.382 [FXGL Background Thread 3 ] DEBUG Engine               - Logging environment variables
05:06:07.382 [FXGL Background Thread 3 ] DEBUG Engine               - achievements: []
05:06:07.382 [FXGL Background Thread 3 ] DEBUG Engine               - actualHeight: 720.0
05:06:07.382 [FXGL Background Thread 3 ] DEBUG Engine               - actualHeightProperty: ReadOnlyDoubleProperty [value: 720.0]
05:06:07.383 [FXGL Background Thread 3 ] DEBUG Engine               - actualWidth: 720.0
05:06:07.383 [FXGL Background Thread 3 ] DEBUG Engine               - actualWidthProperty: ReadOnlyDoubleProperty [value: 720.0]
05:06:07.383 [FXGL Background Thread 3 ] DEBUG Engine               - appIcon: fxgl_icon.png
05:06:07.383 [FXGL Background Thread 3 ] DEBUG Engine               - applicationMode: DEVELOPER
05:06:07.383 [FXGL Background Thread 3 ] DEBUG Engine               - cSSList: [fxgl_dark.css]
05:06:07.383 [FXGL Background Thread 3 ] DEBUG Engine               - collisionDetectionStrategy: BRUTE_FORCE
05:06:07.383 [FXGL Background Thread 3 ] DEBUG Engine               - configClass: Optional[class com.example.flat2d.Misc.Config]
05:06:07.383 [FXGL Background Thread 3 ] DEBUG Engine               - credits: []
05:06:07.384 [FXGL Background Thread 3 ] DEBUG Engine               - defaultCursor: CursorInfo(imageName=fxgl_default_cursor.png, hotspotX=7.0, hotspotY=6.0)
05:06:07.384 [FXGL Background Thread 3 ] DEBUG Engine               - devBBoxColorProperty: ObjectProperty [value: 0xff0000ff]
05:06:07.384 [FXGL Background Thread 3 ] DEBUG Engine               - devEnableDebugCameraProperty: BooleanProperty [value: false]
05:06:07.385 [FXGL Background Thread 3 ] DEBUG Engine               - devSensorColorProperty: ObjectProperty [value: 0xffff00ff]
05:06:07.385 [FXGL Background Thread 3 ] DEBUG Engine               - devShowBBoxProperty: BooleanProperty [value: false]
05:06:07.385 [FXGL Background Thread 3 ] DEBUG Engine               - devShowPositionProperty: BooleanProperty [value: false]
05:06:07.385 [FXGL Background Thread 3 ] DEBUG Engine               - enabledMenuItems: []
05:06:07.385 [FXGL Background Thread 3 ] DEBUG Engine               - engineServices: [class com.almasb.fxgl.app.services.FXGLAssetLoaderService, class com.almasb.fxgl.app.FXGLApplication$GameApplicationService, class com.almasb.fxgl.app.services.FXGLDialogService, class com.almasb.fxgl.app.services.IOTaskExecutorService, class com.almasb.fxgl.io.FileSystemService, class com.almasb.fxgl.localization.LocalizationService, class com.almasb.fxgl.app.services.SystemBundleService, class com.almasb.fxgl.profile.SaveLoadService, class com.almasb.fxgl.ui.FXGLUIFactoryServiceProvider, class com.almasb.fxgl.ui.FXGLDialogFactoryServiceProvider, class com.almasb.fxgl.audio.AudioPlayer, class com.almasb.fxgl.notification.impl.NotificationServiceProvider, class com.almasb.fxgl.achievement.AchievementService, class com.almasb.fxgl.cutscene.CutsceneService, class com.almasb.fxgl.minigames.MiniGameService, class com.almasb.fxgl.net.NetService, class com.almasb.fxgl.app.services.UpdaterService, class com.almasb.fxgl.dev.DevService]
05:06:07.385 [FXGL Background Thread 3 ] DEBUG Engine               - fontGame: Abel-Regular.ttf
05:06:07.385 [FXGL Background Thread 3 ] DEBUG Engine               - fontMono: TerminalLandMono-Regular.otf
05:06:07.385 [FXGL Background Thread 3 ] DEBUG Engine               - fontSizeScaleUI: 1.0
05:06:07.385 [FXGL Background Thread 3 ] DEBUG Engine               - fontText: Courier-Prime.ttf
05:06:07.385 [FXGL Background Thread 3 ] DEBUG Engine               - fontUI: VarelaRound-Regular.ttf
05:06:07.385 [FXGL Background Thread 3 ] DEBUG Engine               - fullScreen: BooleanProperty [value: false]
05:06:07.385 [FXGL Background Thread 3 ] DEBUG Engine               - gameDifficulty: MEDIUM
05:06:07.385 [FXGL Background Thread 3 ] DEBUG Engine               - gameDifficultyProperty: ObjectProperty [value: MEDIUM]
05:06:07.386 [FXGL Background Thread 3 ] DEBUG Engine               - globalMusicVolume: 0.5
05:06:07.386 [FXGL Background Thread 3 ] DEBUG Engine               - globalMusicVolumeProperty: DoubleProperty [value: 0.5]
05:06:07.386 [FXGL Background Thread 3 ] DEBUG Engine               - globalSoundVolume: 0.5
05:06:07.386 [FXGL Background Thread 3 ] DEBUG Engine               - globalSoundVolumeProperty: DoubleProperty [value: 0.25]
05:06:07.386 [FXGL Background Thread 3 ] DEBUG Engine               - height: 720
05:06:07.386 [FXGL Background Thread 3 ] DEBUG Engine               - is3D: false
05:06:07.386 [FXGL Background Thread 3 ] DEBUG Engine               - isAndroid: false
05:06:07.386 [FXGL Background Thread 3 ] DEBUG Engine               - isBrowser: false
05:06:07.387 [FXGL Background Thread 3 ] DEBUG Engine               - isClickFeedbackEnabled: false
05:06:07.387 [FXGL Background Thread 3 ] DEBUG Engine               - isCloseConfirmation: false
05:06:07.387 [FXGL Background Thread 3 ] DEBUG Engine               - isDesktop: true
05:06:07.387 [FXGL Background Thread 3 ] DEBUG Engine               - isDeveloperMenuEnabled: true
05:06:07.387 [FXGL Background Thread 3 ] DEBUG Engine               - isEmbedded: false
05:06:07.387 [FXGL Background Thread 3 ] DEBUG Engine               - isEntityPreloadEnabled: true
05:06:07.387 [FXGL Background Thread 3 ] DEBUG Engine               - isExperimentalTiledLargeMap: false
05:06:07.387 [FXGL Background Thread 3 ] DEBUG Engine               - isFileSystemWriteAllowed: true
05:06:07.387 [FXGL Background Thread 3 ] DEBUG Engine               - isFullScreenAllowed: false
05:06:07.387 [FXGL Background Thread 3 ] DEBUG Engine               - isFullScreenFromStart: false
05:06:07.387 [FXGL Background Thread 3 ] DEBUG Engine               - isGameMenuEnabled: true
05:06:07.387 [FXGL Background Thread 3 ] DEBUG Engine               - isIOS: false
05:06:07.387 [FXGL Background Thread 3 ] DEBUG Engine               - isIntroEnabled: false
05:06:07.388 [FXGL Background Thread 3 ] DEBUG Engine               - isLinux: false
05:06:07.388 [FXGL Background Thread 3 ] DEBUG Engine               - isMac: false
05:06:07.388 [FXGL Background Thread 3 ] DEBUG Engine               - isMainMenuEnabled: true
05:06:07.388 [FXGL Background Thread 3 ] DEBUG Engine               - isManualResizeEnabled: false
05:06:07.388 [FXGL Background Thread 3 ] DEBUG Engine               - isMobile: false
05:06:07.388 [FXGL Background Thread 3 ] DEBUG Engine               - isNative: false
05:06:07.388 [FXGL Background Thread 3 ] DEBUG Engine               - isPauseMusicWhenMinimized: true
05:06:07.388 [FXGL Background Thread 3 ] DEBUG Engine               - isPreserveResizeRatio: false
05:06:07.388 [FXGL Background Thread 3 ] DEBUG Engine               - isProfilingEnabled: false
05:06:07.388 [FXGL Background Thread 3 ] DEBUG Engine               - isScaleAffectedOnResize: true
05:06:07.388 [FXGL Background Thread 3 ] DEBUG Engine               - isSingleStep: false
05:06:07.388 [FXGL Background Thread 3 ] DEBUG Engine               - isUserProfileEnabled: false
05:06:07.388 [FXGL Background Thread 3 ] DEBUG Engine               - isWindows: true
05:06:07.388 [FXGL Background Thread 3 ] DEBUG Engine               - language: ObjectProperty [value: ENGLISH]
05:06:07.388 [FXGL Background Thread 3 ] DEBUG Engine               - menuKey: ESCAPE
05:06:07.388 [FXGL Background Thread 3 ] DEBUG Engine               - mouseSensitivity: 0.2
05:06:07.388 [FXGL Background Thread 3 ] DEBUG Engine               - notificationViewClass: class com.almasb.fxgl.notification.view.XboxNotificationView
05:06:07.389 [FXGL Background Thread 3 ] DEBUG Engine               - pixelsPerMeter: 50.0
05:06:07.389 [FXGL Background Thread 3 ] DEBUG Engine               - platform: WINDOWS
05:06:07.389 [FXGL Background Thread 3 ] DEBUG Engine               - prefHeightProperty: ReadOnlyDoubleProperty [value: 720.0]
05:06:07.389 [FXGL Background Thread 3 ] DEBUG Engine               - prefWidthProperty: ReadOnlyDoubleProperty [value: 720.0]
05:06:07.389 [FXGL Background Thread 3 ] DEBUG Engine               - profileDir: profiles/
05:06:07.389 [FXGL Background Thread 3 ] DEBUG Engine               - profileName: StringProperty [value: DEFAULT]
05:06:07.389 [FXGL Background Thread 3 ] DEBUG Engine               - randomSeed: -1
05:06:07.390 [FXGL Background Thread 3 ] DEBUG Engine               - runtimeInfo: RuntimeInfo(platform=WINDOWS, version=17.3, build=30.03.2023 11.49)
05:06:07.390 [FXGL Background Thread 3 ] DEBUG Engine               - saveFileExt: sav
05:06:07.390 [FXGL Background Thread 3 ] DEBUG Engine               - scaledHeightProp$fxgl: DoubleProperty [bound, value: 720.0]
05:06:07.390 [FXGL Background Thread 3 ] DEBUG Engine               - scaledWidthProp$fxgl: DoubleProperty [bound, value: 720.0]
05:06:07.390 [FXGL Background Thread 3 ] DEBUG Engine               - sceneFactory: com.example.flat2d.GameApp$1@7decbafb
05:06:07.390 [FXGL Background Thread 3 ] DEBUG Engine               - secondsIn24h: 60
05:06:07.390 [FXGL Background Thread 3 ] DEBUG Engine               - soundMenuBack: menu/back.wav
05:06:07.390 [FXGL Background Thread 3 ] DEBUG Engine               - soundMenuPress: menu/press.wav
05:06:07.390 [FXGL Background Thread 3 ] DEBUG Engine               - soundMenuSelect: menu/select.wav
05:06:07.390 [FXGL Background Thread 3 ] DEBUG Engine               - soundNotification: core/notification.wav
05:06:07.390 [FXGL Background Thread 3 ] DEBUG Engine               - stageStyle: DECORATED
05:06:07.390 [FXGL Background Thread 3 ] DEBUG Engine               - supportedLanguages: [ENGLISH, FRENCH, GERMAN, HUNGARIAN, RUSSIAN]
05:06:07.391 [FXGL Background Thread 3 ] DEBUG Engine               - ticksPerSecond: -1
05:06:07.391 [FXGL Background Thread 3 ] DEBUG Engine               - title: Adventures of Sir Vim Zarado
05:06:07.391 [FXGL Background Thread 3 ] DEBUG Engine               - urlGithub: https://github.com/AlmasB/FXGL
05:06:07.391 [FXGL Background Thread 3 ] DEBUG Engine               - urlLeaderboard: http://fxgl-top.herokuapp.com/
05:06:07.391 [FXGL Background Thread 3 ] DEBUG Engine               - urlPOM: https://raw.githubusercontent.com/AlmasB/FXGL/release/README.md
05:06:07.391 [FXGL Background Thread 3 ] DEBUG Engine               - userAppClass: class com.example.flat2d.GameApp
05:06:07.391 [FXGL Background Thread 3 ] DEBUG Engine               - version: 0.0
05:06:07.391 [FXGL Background Thread 3 ] DEBUG Engine               - versionCheckDays: 7
05:06:07.391 [FXGL Background Thread 3 ] DEBUG Engine               - width: 720
05:06:07.391 [FXGL Background Thread 3 ] DEBUG Engine               - Logging services
05:06:07.391 [FXGL Background Thread 3 ] DEBUG Engine               - class com.almasb.fxgl.app.services.FXGLAssetLoaderService
05:06:07.391 [FXGL Background Thread 3 ] DEBUG Engine               - class com.almasb.fxgl.app.FXGLApplication$GameApplicationService
05:06:07.391 [FXGL Background Thread 3 ] DEBUG Engine               - class com.almasb.fxgl.app.services.FXGLDialogService
05:06:07.391 [FXGL Background Thread 3 ] DEBUG Engine               - class com.almasb.fxgl.app.services.IOTaskExecutorService
05:06:07.391 [FXGL Background Thread 3 ] DEBUG Engine               - class com.almasb.fxgl.io.FileSystemService
05:06:07.391 [FXGL Background Thread 3 ] DEBUG Engine               - class com.almasb.fxgl.localization.LocalizationService
05:06:07.391 [FXGL Background Thread 3 ] DEBUG Engine               - class com.almasb.fxgl.app.services.SystemBundleService
05:06:07.391 [FXGL Background Thread 3 ] DEBUG Engine               - class com.almasb.fxgl.profile.SaveLoadService
05:06:07.392 [FXGL Background Thread 3 ] DEBUG Engine               - class com.almasb.fxgl.ui.FXGLUIFactoryServiceProvider
05:06:07.392 [FXGL Background Thread 3 ] DEBUG Engine               - class com.almasb.fxgl.ui.FXGLDialogFactoryServiceProvider
05:06:07.392 [FXGL Background Thread 3 ] DEBUG Engine               - class com.almasb.fxgl.audio.AudioPlayer
05:06:07.392 [FXGL Background Thread 3 ] DEBUG Engine               - class com.almasb.fxgl.notification.impl.NotificationServiceProvider
05:06:07.392 [FXGL Background Thread 3 ] DEBUG Engine               - class com.almasb.fxgl.achievement.AchievementService
05:06:07.392 [FXGL Background Thread 3 ] DEBUG Engine               - class com.almasb.fxgl.cutscene.CutsceneService
05:06:07.392 [FXGL Background Thread 3 ] DEBUG Engine               - class com.almasb.fxgl.minigames.MiniGameService
05:06:07.392 [FXGL Background Thread 3 ] DEBUG Engine               - class com.almasb.fxgl.net.NetService
05:06:07.392 [FXGL Background Thread 3 ] DEBUG Engine               - class com.almasb.fxgl.app.services.UpdaterService
05:06:07.392 [FXGL Background Thread 3 ] DEBUG Engine               - class com.almasb.fxgl.dev.DevService
05:06:11.963 [JavaFX Application Thread] DEBUG AudioPlayer          - Stopping music com.almasb.fxgl.audio.Music@15afddf9
05:06:11.965 [JavaFX Application Thread] DEBUG FXGLAssetLoaderServi - Loading from file system: file:/C:/Users/User/IdeaProjects/CSIT228-F3-Finals/target/classes/assets/music/game-music.mp3
05:06:11.968 [JavaFX Application Thread] DEBUG AudioPlayer          - Playing music com.almasb.fxgl.audio.Music@61ed80a2
05:06:11.968 [JavaFX Application Thread] DEBUG Menu                 - fireNewGame()
05:06:11.968 [JavaFX Application Thread] DEBUG GameApplicationServi - Starting new game
05:06:11.969 [JavaFX Application Thread] DEBUG PrimaryStageWindow   - Pop state: GameMainMenu
05:06:11.969 [JavaFX Application Thread] DEBUG Input                - Clearing active input actions
05:06:11.970 [JavaFX Application Thread] DEBUG GameApplicationServi - Removing overlay from GameMainMenu and adding to FXGLMainMenuDummyScene
05:06:11.971 [JavaFX Application Thread] DEBUG PrimaryStageWindow   - FXGLMainMenuDummyScene <- GameMainMenu
05:06:11.972 [JavaFX Application Thread] DEBUG Input                - Clearing active input actions
05:06:11.977 [JavaFX Application Thread] DEBUG GameApplicationServi - Removing overlay from FXGLMainMenuDummyScene and adding to FXGLLoadingScene
05:06:11.978 [JavaFX Application Thread] DEBUG PrimaryStageWindow   - FXGLMainMenuDummyScene -> FXGLLoadingScene
05:06:11.978 [JavaFX Application Thread] DEBUG GameApplicationServi - Clearing previous game
05:06:11.978 [JavaFX Application Thread] DEBUG GameScene            - Clearing game scene
05:06:11.978 [JavaFX Application Thread] DEBUG GameWorld            - Clearing game world
05:06:11.978 [JavaFX Application Thread] DEBUG PhysicsWorld         - Clearing physics world
05:06:11.979 [FXGL Background Thread 2 ] DEBUG FXGLApplication      - Initializing game
05:06:12.020 [FXGL Background Thread 2 ] WARN  TMXLevelLoader       - TiledMap generated from 1.10.2. Supported version: 1.9.0. Some features may not be parsed fully.
05:06:12.070 [FXGL Background Thread 2 ] DEBUG TMXLevelLoader       - Parsed TiledMap: file:/C:/Users/User/IdeaProjects/CSIT228-F3-Finals/target/classes/assets/levels/tmx/2DGameTiledMap.tmx
05:06:12.071 [FXGL Background Thread 2 ] DEBUG TMXLevelLoader       - Creating tile layer entities
05:06:12.073 [FXGL Background Thread 2 ] DEBUG TilesetLoader        - Loading view for layer floor
05:06:12.076 [FXGL Background Thread 2 ] DEBUG TilesetLoader        - Created buffer with size 2304.0x2304.0
05:06:12.163 [FXGL Background Thread 2 ] DEBUG TilesetLoader        - Loading view for layer stuff
05:06:12.168 [FXGL Background Thread 2 ] DEBUG TilesetLoader        - Created buffer with size 2304.0x2304.0
05:06:12.182 [FXGL Background Thread 2 ] DEBUG TilesetLoader        - Loading view for layer decor
05:06:12.194 [FXGL Background Thread 2 ] DEBUG TilesetLoader        - Created buffer with size 2304.0x2304.0
05:06:12.203 [FXGL Background Thread 2 ] DEBUG TilesetLoader        - Loading view for layer more
05:06:12.210 [FXGL Background Thread 2 ] DEBUG TilesetLoader        - Created buffer with size 2304.0x2304.0
05:06:12.212 [FXGL Background Thread 2 ] DEBUG TMXLevelLoader       - Creating object layer entities
05:06:12.253 [FXGL Background Thread 2 ] DEBUG FXGLAssetLoaderServi - Loading from file system: file:/C:/Users/User/IdeaProjects/CSIT228-F3-Finals/target/classes/assets/textures/background/torch.gif
05:06:12.310 [FXGL Background Thread 2 ] DEBUG FXGLAssetLoaderServi - Loading from file system: file:/C:/Users/User/IdeaProjects/CSIT228-F3-Finals/target/classes/assets/textures/background/eyes-hole.gif
05:06:12.380 [FXGL Background Thread 2 ] DEBUG GameWorld            - Clearing removable entities
05:06:12.380 [FXGL Background Thread 2 ] DEBUG GameWorld            - Setting level: com.almasb.fxgl.entity.level.Level@3ef5465a
05:06:12.387 [FXGL Background Thread 2 ] DEBUG FXGLAssetLoaderServi - Loading from file system: file:/C:/Users/User/IdeaProjects/CSIT228-F3-Finals/target/classes/assets/textures/player/lecatmoves.png
05:06:12.388 [FXGL Background Thread 2 ] DEBUG FXGLAssetLoaderServi - Loading from file system: file:/C:/Users/User/IdeaProjects/CSIT228-F3-Finals/target/classes/assets/textures/player/CatOne.png
05:06:12.389 [FXGL Background Thread 2 ] DEBUG FXGLAssetLoaderServi - Loading from file system: file:/C:/Users/User/IdeaProjects/CSIT228-F3-Finals/target/classes/assets/textures/player/CatThree.png
05:06:12.391 [FXGL Background Thread 2 ] DEBUG FXGLAssetLoaderServi - Loading from file system: file:/C:/Users/User/IdeaProjects/CSIT228-F3-Finals/target/classes/assets/textures/player/CatFour.png
05:06:12.412 [FXGL Background Thread 2 ] INFO  FXGLApplication      - Game initialization took: 0.433 sec
05:06:12.413 [JavaFX Application Thread] DEBUG Input                - Clearing active input actions
05:06:12.421 [JavaFX Application Thread] DEBUG GameApplicationServi - Removing overlay from FXGLLoadingScene and adding to GameScene
05:06:12.425 [JavaFX Application Thread] DEBUG PrimaryStageWindow   - FXGLLoadingScene -> GameScene
05:06:13.316 [JavaFX Application Thread] DEBUG FXGLAssetLoaderServi - Loading from file system: file:/C:/Users/User/IdeaProjects/CSIT228-F3-Finals/target/classes/assets/textures/skill/spr_bullet_strip.png
05:06:14.342 [JavaFX Application Thread] DEBUG FXGLAssetLoaderServi - Loading from file system: file:/C:/Users/User/IdeaProjects/CSIT228-F3-Finals/target/classes/assets/textures/boss/BossWalkAndShockDesu.png
05:06:14.376 [JavaFX Application Thread] DEBUG FXGLAssetLoaderServi - Loading from file system: file:/C:/Users/User/IdeaProjects/CSIT228-F3-Finals/target/classes/assets/textures/boss/ThirdAttack.png
05:06:14.402 [JavaFX Application Thread] DEBUG FXGLAssetLoaderServi - Loading from file system: file:/C:/Users/User/IdeaProjects/CSIT228-F3-Finals/target/classes/assets/textures/boss/ThirdBlink.png
05:06:14.410 [JavaFX Application Thread] DEBUG FXGLAssetLoaderServi - Loading from file system: file:/C:/Users/User/IdeaProjects/CSIT228-F3-Finals/target/classes/assets/textures/boss/ThirdDead.png
05:06:14.425 [JavaFX Application Thread] DEBUG FXGLAssetLoaderServi - Loading from file system: file:/C:/Users/User/IdeaProjects/CSIT228-F3-Finals/target/classes/assets/textures/boss/ThirdIdle.png
05:06:14.435 [JavaFX Application Thread] DEBUG FXGLAssetLoaderServi - Loading from file system: file:/C:/Users/User/IdeaProjects/CSIT228-F3-Finals/target/classes/assets/textures/basic/NormalWalk2.png
05:06:14.437 [JavaFX Application Thread] DEBUG FXGLAssetLoaderServi - Loading from file system: file:/C:/Users/User/IdeaProjects/CSIT228-F3-Finals/target/classes/assets/textures/basic/NormalDead2.png
05:06:14.440 [JavaFX Application Thread] DEBUG FXGLAssetLoaderServi - Loading from file system: file:/C:/Users/User/IdeaProjects/CSIT228-F3-Finals/target/classes/assets/textures/basic/NormalAttack2.png
05:06:15.731 [JavaFX Application Thread] DEBUG FXGLAssetLoaderServi - Loading from file system: file:/C:/Users/User/IdeaProjects/CSIT228-F3-Finals/target/classes/assets/textures/background/Small.gif
05:06:15.736 [JavaFX Application Thread] DEBUG FXGLAssetLoaderServi - Loading from file system: file:/C:/Users/User/IdeaProjects/CSIT228-F3-Finals/target/classes/assets/textures/background/Large.gif
05:06:15.761 [JavaFX Application Thread] DEBUG FXGLAssetLoaderServi - Loading from file system: file:/C:/Users/User/IdeaProjects/CSIT228-F3-Finals/target/classes/assets/sounds/enemy-death2.wav
05:06:20.162 [JavaFX Application Thread] DEBUG FXGLAssetLoaderServi - Loading from file system: file:/C:/Users/User/IdeaProjects/CSIT228-F3-Finals/target/classes/assets/textures/effect/ProjectilePink.png
05:06:21.826 [JavaFX Application Thread] DEBUG FXGLAssetLoaderServi - Loading from file system: file:/C:/Users/User/IdeaProjects/CSIT228-F3-Finals/target/classes/assets/textures/background/burn.gif
05:06:22.960 [JavaFX Application Thread] DEBUG FXGLAssetLoaderServi - Loading from file system: file:/C:/Users/User/IdeaProjects/CSIT228-F3-Finals/target/classes/assets/sounds/level-up-sfx.wav
05:06:22.966 [JavaFX Application Thread] DEBUG FXGLAssetLoaderServi - Loading from file system: file:/C:/Users/User/IdeaProjects/CSIT228-F3-Finals/target/classes/assets/textures/skills-icon/1%20-%20Oratrice.png
05:06:22.969 [JavaFX Application Thread] DEBUG FXGLAssetLoaderServi - Loading from file system: file:/C:/Users/User/IdeaProjects/CSIT228-F3-Finals/target/classes/assets/textures/background/skill-icon-bg.png
05:06:23.000 [JavaFX Application Thread] DEBUG FXGLAssetLoaderServi - Loading from file system: file:/C:/Users/User/IdeaProjects/CSIT228-F3-Finals/target/classes/assets/textures/skills-icon/3%20-%20Stack.png
05:06:23.003 [JavaFX Application Thread] DEBUG FXGLAssetLoaderServi - Loading from file system: file:/C:/Users/User/IdeaProjects/CSIT228-F3-Finals/target/classes/assets/textures/skills-icon/4%20-%20Queue.png
05:06:24.091 [JavaFX Application Thread] DEBUG FXGLAssetLoaderServi - Loading from file system: file:/C:/Users/User/IdeaProjects/CSIT228-F3-Finals/target/classes/assets/textures/background/skill-acquired.gif
05:06:31.283 [JavaFX Application Thread] DEBUG AudioPlayer          - Pausing music com.almasb.fxgl.audio.Music@15afddf9
05:06:31.284 [JavaFX Application Thread] DEBUG LoopRunner           - Pausing loop
05:06:39.142 [JavaFX Application Thread] DEBUG FXGLApplication      - Exiting FXGL
05:06:39.142 [JavaFX Application Thread] DEBUG LoopRunner           - Stopping loop
05:06:39.142 [JavaFX Application Thread] DEBUG SystemBundleService  - Saving FXGL system data
05:06:39.144 [JavaFX Application Thread] DEBUG FileSystemAccess     - Writing to: C:\Users\User\IdeaProjects\CSIT228-F3-Finals\system\fxgl.bundle
05:06:39.147 [JavaFX Application Thread] DEBUG Async                - Shutting down background threads
05:06:39.148 [JavaFX Application Thread] DEBUG PrimaryStageWindow   - Closing main window
05:06:39.158 [JavaFX Application Thread] DEBUG Logger               - Closing Logger
