09:44:54.976 [main                     ] DEBUG Logger               - Configured Logger
09:44:54.998 [main                     ] DEBUG GameApplication      - Logging settings
Title: Adventures of Sir Vim Zarado
Version: 0.0
Width: 720
Height: 720
Fullscreen: false
Intro: false
Profiling: false
Single step:false
App Mode: DEVELOPER
Menu Key: ESCAPE
Stage Style: DECORATED
Scene Factory: class com.example.flat2d.GameApp$1

09:44:55.393 [JavaFX Application Thread] DEBUG FXGLApplication      - Initializing FXGL
09:44:55.398 [JavaFX Application Thread] INFO  Engine               - FXGL-17.3 (30.03.2023 11.49) on WINDOWS (J:21.0.2 FX:21)
09:44:55.399 [JavaFX Application Thread] DEBUG Engine               - JRE Vendor Name: Oracle Corporation
09:44:55.399 [JavaFX Application Thread] DEBUG Engine               - Running on OS: Windows 10 version 10.0
09:44:55.399 [JavaFX Application Thread] DEBUG Engine               - Architecture: amd64
09:44:55.400 [JavaFX Application Thread] INFO  Engine               - Source code and latest versions at: https://github.com/AlmasB/FXGL
09:44:55.400 [JavaFX Application Thread] INFO  Engine               -       Ask questions and discuss at: https://github.com/AlmasB/FXGL/discussions
09:44:55.400 [JavaFX Application Thread] INFO  Engine               -              Join the FXGL chat at: https://gitter.im/AlmasB/FXGL
09:44:55.540 [JavaFX Application Thread] DEBUG PrimaryStageWindow   - Creating a JavaFX scene
09:44:55.612 [JavaFX Application Thread] DEBUG PrimaryStageWindow   - Target settings size: 720.0 x 720.0
09:44:55.613 [JavaFX Application Thread] DEBUG PrimaryStageWindow   - Scaled scene size:    720.0 x 720.0
09:44:55.613 [JavaFX Application Thread] DEBUG PrimaryStageWindow   - Scaled ratio: (1.0, 1.0)
09:44:55.614 [JavaFX Application Thread] DEBUG PrimaryStageWindow   - Set initial scene to FXGLStartupScene
09:44:55.619 [JavaFX Application Thread] DEBUG PrimaryStageWindow   - Opening main window
09:44:55.711 [JavaFX Application Thread] DEBUG PrimaryStageWindow   - Window border size: (16.0, 39.0)
09:44:55.711 [JavaFX Application Thread] DEBUG PrimaryStageWindow   - Scaled size: 720.0 x 720.0
09:44:55.712 [JavaFX Application Thread] DEBUG PrimaryStageWindow   - Scaled ratio: (1.0, 1.0)
09:44:55.712 [JavaFX Application Thread] DEBUG PrimaryStageWindow   - Scene size: 720.0 x 720.0
09:44:55.713 [JavaFX Application Thread] DEBUG PrimaryStageWindow   - Stage size: 736.0 x 759.0
09:44:55.723 [FXGL Background Thread 1 ] DEBUG Engine               - Initializing environment variables
09:44:55.797 [FXGL Background Thread 1 ] DEBUG FXGLAssetLoaderServi - User app class for loading assets: class com.example.flat2d.GameApp
09:44:55.797 [FXGL Background Thread 1 ] DEBUG GameApplicationServi - Applying CSS: fxgl_dark.css
09:44:55.799 [FXGL Background Thread 1 ] DEBUG FXGLAssetLoaderServi - Loading from file system: jar:file:///C:/Users/USER/.m2/repository/com/github/almasb/fxgl/17.3/fxgl-17.3.jar!/fxglassets/ui/css/fxgl_dark.css
09:44:55.869 [FXGL Background Thread 1 ] DEBUG GameApplicationServi - Initializing application scenes
09:44:55.977 [FXGL Background Thread 1 ] DEBUG GameWorld            - Game world initialized
09:44:56.065 [FXGL Background Thread 1 ] DEBUG PhysicsWorld         - Physics world initialized: appHeight=720, physics.ppm=50.0
09:44:56.066 [FXGL Background Thread 1 ] DEBUG PhysicsWorld         - Using strategy: BRUTE_FORCE
09:44:56.071 [FXGL Background Thread 1 ] DEBUG GameScene            - Game scene initialized: 720x720
09:44:56.074 [FXGL Background Thread 1 ] DEBUG FXGLAssetLoaderServi - Loading from file system: file:/C:/Users/USER/IdeaProjects/CSIT228-F3-Finals/target/classes/assets/textures/background/main-screen.jpg
09:44:56.201 [FXGL Background Thread 1 ] DEBUG FXGLAssetLoaderServi - Loading from file system: file:/C:/Users/USER/IdeaProjects/CSIT228-F3-Finals/target/classes/assets/textures/profile-pic.jpg
09:44:56.220 [FXGL Background Thread 1 ] WARN  FXGL.DefaultMenu     - FXGLDefaultMenu is not designed for resolutions < 800x600
09:44:56.220 [FXGL Background Thread 1 ] DEBUG FXGL.DefaultMenu     - createMenuBodyGameMenu()
09:44:56.237 [FXGL Background Thread 1 ] DEBUG FXGL.DefaultMenu     - createOptionsMenu()
09:44:56.246 [FXGL Background Thread 1 ] DEBUG FXGLAssetLoaderServi - Loading from file system: jar:file:///C:/Users/USER/.m2/repository/com/github/almasb/fxgl/17.3/fxgl-17.3.jar!/fxglassets/textures/particles/smoke.png
09:44:56.386 [FXGL Background Thread 1 ] DEBUG FXGLAssetLoaderServi - Loading from file system: jar:file:///C:/Users/USER/.m2/repository/com/github/almasb/fxgl/17.3/fxgl-17.3.jar!/fxglassets/textures/particles/trace_horizontal.png
09:44:56.448 [FXGL Background Thread 1 ] DEBUG GameApplicationServi - Application scenes initialized
09:44:56.468 [FXGL Background Thread 1 ] DEBUG SystemBundleService  - Loading FXGL system data
09:44:56.473 [FXGL Background Thread 1 ] DEBUG FileSystemAccess     - Reading from: C:\Users\USER\IdeaProjects\CSIT228-F3-Finals\system\fxgl.bundle
09:44:56.487 [FXGL Background Thread 1 ] DEBUG SystemBundleService  - Bundle FXGL: {}
09:44:56.487 [FXGL Background Thread 1 ] DEBUG UpdaterService       - Checking for updates
09:44:56.542 [FXGL Background Thread 1 ] DEBUG FXGLApplication      - Loading default localization
09:44:56.544 [FXGL Background Thread 1 ] DEBUG FXGLAssetLoaderServi - Loading from file system: jar:file:///C:/Users/USER/.m2/repository/com/github/almasb/fxgl/17.3/fxgl-17.3.jar!/fxglassets/languages/english.lang
09:44:56.572 [FXGL Background Thread 1 ] INFO  FXGLApplication      - FXGL initialization took: 0.848 sec
09:44:56.580 [FXGL Background Thread 4 ] DEBUG FXGLApplication      - Loading fonts
09:44:56.581 [FXGL Background Thread 4 ] DEBUG FXGLAssetLoaderServi - Loading from file system: jar:file:///C:/Users/USER/.m2/repository/com/github/almasb/fxgl/17.3/fxgl-17.3.jar!/fxglassets/ui/fonts/VarelaRound-Regular.ttf
09:44:56.584 [JavaFX Application Thread] DEBUG Input                - Registered new binding: Up - W
09:44:56.585 [JavaFX Application Thread] DEBUG Input                - Registered new binding: Right - D
09:44:56.585 [JavaFX Application Thread] DEBUG Input                - Registered new binding: Left - A
09:44:56.585 [JavaFX Application Thread] DEBUG Input                - Registered new binding: Down - S
09:44:56.586 [JavaFX Application Thread] DEBUG Input                - Registered new binding: IDK - RMB
09:44:56.587 [JavaFX Application Thread] DEBUG FXGLAssetLoaderServi - Loading from file system: file:/C:/Users/USER/IdeaProjects/CSIT228-F3-Finals/target/classes/assets/music/opening.mp3
09:44:56.642 [FXGL Background Thread 4 ] DEBUG FXGLAssetLoaderServi - Loading from file system: jar:file:///C:/Users/USER/.m2/repository/com/github/almasb/fxgl/17.3/fxgl-17.3.jar!/fxglassets/ui/fonts/Abel-Regular.ttf
09:44:56.655 [FXGL Background Thread 4 ] DEBUG FXGLAssetLoaderServi - Loading from file system: jar:file:///C:/Users/USER/.m2/repository/com/github/almasb/fxgl/17.3/fxgl-17.3.jar!/fxglassets/ui/fonts/TerminalLandMono-Regular.otf
09:44:56.722 [FXGL Background Thread 4 ] DEBUG FXGLAssetLoaderServi - Loading from file system: jar:file:///C:/Users/USER/.m2/repository/com/github/almasb/fxgl/17.3/fxgl-17.3.jar!/fxglassets/ui/fonts/Courier-Prime.ttf
09:44:56.781 [JavaFX Application Thread] DEBUG AudioPlayer          - Playing music com.almasb.fxgl.audio.Music@c224152
09:44:56.782 [JavaFX Application Thread] DEBUG FXGLAssetLoaderServi - Loading from file system: jar:file:///C:/Users/USER/.m2/repository/com/github/almasb/fxgl/17.3/fxgl-17.3.jar!/fxglassets/textures/fxgl_icon.png
09:44:56.836 [JavaFX Application Thread] DEBUG FXGLAssetLoaderServi - Loading from file system: jar:file:///C:/Users/USER/.m2/repository/com/github/almasb/fxgl/17.3/fxgl-17.3.jar!/fxglassets/textures/fxgl_default_cursor.png
09:44:56.846 [JavaFX Application Thread] DEBUG Input                - Registered new binding: Screenshot - CTRL+8
09:44:56.846 [JavaFX Application Thread] DEBUG Input                - Registered new binding: Dev Options - 1
09:44:56.853 [JavaFX Application Thread] DEBUG Input                - Registered new binding: Dev Console - 2
09:44:56.854 [JavaFX Application Thread] DEBUG Input                - Registered new binding: System info dump - CTRL+9
09:44:56.855 [JavaFX Application Thread] DEBUG Input                - Registered new binding: Restart - CTRL+R
09:44:56.858 [JavaFX Application Thread] DEBUG Input                - Registered new binding: Toggle Debug Camera - CTRL+7
09:44:56.863 [JavaFX Application Thread] DEBUG LoopRunner           - Starting loop
09:44:56.871 [JavaFX Application Thread] DEBUG LoopRunner           - Initializing JavaFX AnimationTimerLoop
09:44:56.875 [JavaFX Application Thread] DEBUG Input                - Clearing active input actions
09:44:56.886 [JavaFX Application Thread] DEBUG GameApplicationServi - Removing overlay from FXGLStartupScene and adding to FXGLMainMenuDummyScene
09:44:56.897 [JavaFX Application Thread] DEBUG PrimaryStageWindow   - FXGLStartupScene -> FXGLMainMenuDummyScene
09:44:56.898 [JavaFX Application Thread] DEBUG PrimaryStageWindow   - Push state: GameMainMenu
09:44:56.898 [JavaFX Application Thread] DEBUG Input                - Clearing active input actions
09:44:56.907 [JavaFX Application Thread] DEBUG GameApplicationServi - Removing overlay from FXGLMainMenuDummyScene and adding to GameMainMenu
09:44:56.908 [JavaFX Application Thread] DEBUG PrimaryStageWindow   - FXGLMainMenuDummyScene -> GameMainMenu
09:44:56.909 [JavaFX Application Thread] DEBUG FXGLApplication      - Registering font factories with UI factory
09:44:57.225 [FXGL Background Thread 2 ] INFO  UpdaterService       - Your current version:  17.3
09:44:57.226 [FXGL Background Thread 2 ] INFO  UpdaterService       - Latest stable version: 21.1
09:44:59.539 [FXGL Background Thread 3 ] DEBUG Engine               - Logging environment variables
09:44:59.540 [FXGL Background Thread 3 ] DEBUG Engine               - achievements: []
09:44:59.540 [FXGL Background Thread 3 ] DEBUG Engine               - actualHeight: 720.0
09:44:59.540 [FXGL Background Thread 3 ] DEBUG Engine               - actualHeightProperty: ReadOnlyDoubleProperty [value: 720.0]
09:44:59.540 [FXGL Background Thread 3 ] DEBUG Engine               - actualWidth: 720.0
09:44:59.540 [FXGL Background Thread 3 ] DEBUG Engine               - actualWidthProperty: ReadOnlyDoubleProperty [value: 720.0]
09:44:59.540 [FXGL Background Thread 3 ] DEBUG Engine               - appIcon: fxgl_icon.png
09:44:59.541 [FXGL Background Thread 3 ] DEBUG Engine               - applicationMode: DEVELOPER
09:44:59.541 [FXGL Background Thread 3 ] DEBUG Engine               - cSSList: [fxgl_dark.css]
09:44:59.541 [FXGL Background Thread 3 ] DEBUG Engine               - collisionDetectionStrategy: BRUTE_FORCE
09:44:59.541 [FXGL Background Thread 3 ] DEBUG Engine               - configClass: Optional[class com.example.flat2d.Misc.Config]
09:44:59.541 [FXGL Background Thread 3 ] DEBUG Engine               - credits: []
09:44:59.541 [FXGL Background Thread 3 ] DEBUG Engine               - defaultCursor: CursorInfo(imageName=fxgl_default_cursor.png, hotspotX=7.0, hotspotY=6.0)
09:44:59.542 [FXGL Background Thread 3 ] DEBUG Engine               - devBBoxColorProperty: ObjectProperty [value: 0xff0000ff]
09:44:59.542 [FXGL Background Thread 3 ] DEBUG Engine               - devEnableDebugCameraProperty: BooleanProperty [value: false]
09:44:59.542 [FXGL Background Thread 3 ] DEBUG Engine               - devSensorColorProperty: ObjectProperty [value: 0xffff00ff]
09:44:59.542 [FXGL Background Thread 3 ] DEBUG Engine               - devShowBBoxProperty: BooleanProperty [value: false]
09:44:59.542 [FXGL Background Thread 3 ] DEBUG Engine               - devShowPositionProperty: BooleanProperty [value: false]
09:44:59.543 [FXGL Background Thread 3 ] DEBUG Engine               - enabledMenuItems: []
09:44:59.543 [FXGL Background Thread 3 ] DEBUG Engine               - engineServices: [class com.almasb.fxgl.app.services.FXGLAssetLoaderService, class com.almasb.fxgl.app.FXGLApplication$GameApplicationService, class com.almasb.fxgl.app.services.FXGLDialogService, class com.almasb.fxgl.app.services.IOTaskExecutorService, class com.almasb.fxgl.io.FileSystemService, class com.almasb.fxgl.localization.LocalizationService, class com.almasb.fxgl.app.services.SystemBundleService, class com.almasb.fxgl.profile.SaveLoadService, class com.almasb.fxgl.ui.FXGLUIFactoryServiceProvider, class com.almasb.fxgl.ui.FXGLDialogFactoryServiceProvider, class com.almasb.fxgl.audio.AudioPlayer, class com.almasb.fxgl.notification.impl.NotificationServiceProvider, class com.almasb.fxgl.achievement.AchievementService, class com.almasb.fxgl.cutscene.CutsceneService, class com.almasb.fxgl.minigames.MiniGameService, class com.almasb.fxgl.net.NetService, class com.almasb.fxgl.app.services.UpdaterService, class com.almasb.fxgl.dev.DevService]
09:44:59.543 [FXGL Background Thread 3 ] DEBUG Engine               - fontGame: Abel-Regular.ttf
09:44:59.543 [FXGL Background Thread 3 ] DEBUG Engine               - fontMono: TerminalLandMono-Regular.otf
09:44:59.543 [FXGL Background Thread 3 ] DEBUG Engine               - fontSizeScaleUI: 1.0
09:44:59.543 [FXGL Background Thread 3 ] DEBUG Engine               - fontText: Courier-Prime.ttf
09:44:59.543 [FXGL Background Thread 3 ] DEBUG Engine               - fontUI: VarelaRound-Regular.ttf
09:44:59.544 [FXGL Background Thread 3 ] DEBUG Engine               - fullScreen: BooleanProperty [value: false]
09:44:59.544 [FXGL Background Thread 3 ] DEBUG Engine               - gameDifficulty: MEDIUM
09:44:59.544 [FXGL Background Thread 3 ] DEBUG Engine               - gameDifficultyProperty: ObjectProperty [value: MEDIUM]
09:44:59.544 [FXGL Background Thread 3 ] DEBUG Engine               - globalMusicVolume: 0.5
09:44:59.544 [FXGL Background Thread 3 ] DEBUG Engine               - globalMusicVolumeProperty: DoubleProperty [value: 0.5]
09:44:59.544 [FXGL Background Thread 3 ] DEBUG Engine               - globalSoundVolume: 0.5
09:44:59.544 [FXGL Background Thread 3 ] DEBUG Engine               - globalSoundVolumeProperty: DoubleProperty [value: 0.25]
09:44:59.544 [FXGL Background Thread 3 ] DEBUG Engine               - height: 720
09:44:59.544 [FXGL Background Thread 3 ] DEBUG Engine               - is3D: false
09:44:59.544 [FXGL Background Thread 3 ] DEBUG Engine               - isAndroid: false
09:44:59.544 [FXGL Background Thread 3 ] DEBUG Engine               - isBrowser: false
09:44:59.544 [FXGL Background Thread 3 ] DEBUG Engine               - isClickFeedbackEnabled: false
09:44:59.545 [FXGL Background Thread 3 ] DEBUG Engine               - isCloseConfirmation: false
09:44:59.545 [FXGL Background Thread 3 ] DEBUG Engine               - isDesktop: true
09:44:59.545 [FXGL Background Thread 3 ] DEBUG Engine               - isDeveloperMenuEnabled: true
09:44:59.545 [FXGL Background Thread 3 ] DEBUG Engine               - isEmbedded: false
09:44:59.545 [FXGL Background Thread 3 ] DEBUG Engine               - isEntityPreloadEnabled: true
09:44:59.545 [FXGL Background Thread 3 ] DEBUG Engine               - isExperimentalTiledLargeMap: false
09:44:59.545 [FXGL Background Thread 3 ] DEBUG Engine               - isFileSystemWriteAllowed: true
09:44:59.545 [FXGL Background Thread 3 ] DEBUG Engine               - isFullScreenAllowed: false
09:44:59.545 [FXGL Background Thread 3 ] DEBUG Engine               - isFullScreenFromStart: false
09:44:59.545 [FXGL Background Thread 3 ] DEBUG Engine               - isGameMenuEnabled: true
09:44:59.546 [FXGL Background Thread 3 ] DEBUG Engine               - isIOS: false
09:44:59.546 [FXGL Background Thread 3 ] DEBUG Engine               - isIntroEnabled: false
09:44:59.546 [FXGL Background Thread 3 ] DEBUG Engine               - isLinux: false
09:44:59.546 [FXGL Background Thread 3 ] DEBUG Engine               - isMac: false
09:44:59.546 [FXGL Background Thread 3 ] DEBUG Engine               - isMainMenuEnabled: true
09:44:59.546 [FXGL Background Thread 3 ] DEBUG Engine               - isManualResizeEnabled: false
09:44:59.546 [FXGL Background Thread 3 ] DEBUG Engine               - isMobile: false
09:44:59.547 [FXGL Background Thread 3 ] DEBUG Engine               - isNative: false
09:44:59.547 [FXGL Background Thread 3 ] DEBUG Engine               - isPauseMusicWhenMinimized: true
09:44:59.547 [FXGL Background Thread 3 ] DEBUG Engine               - isPreserveResizeRatio: false
09:44:59.547 [FXGL Background Thread 3 ] DEBUG Engine               - isProfilingEnabled: false
09:44:59.547 [FXGL Background Thread 3 ] DEBUG Engine               - isScaleAffectedOnResize: true
09:44:59.547 [FXGL Background Thread 3 ] DEBUG Engine               - isSingleStep: false
09:44:59.547 [FXGL Background Thread 3 ] DEBUG Engine               - isUserProfileEnabled: false
09:44:59.547 [FXGL Background Thread 3 ] DEBUG Engine               - isWindows: true
09:44:59.547 [FXGL Background Thread 3 ] DEBUG Engine               - language: ObjectProperty [value: ENGLISH]
09:44:59.547 [FXGL Background Thread 3 ] DEBUG Engine               - menuKey: ESCAPE
09:44:59.548 [FXGL Background Thread 3 ] DEBUG Engine               - mouseSensitivity: 0.2
09:44:59.548 [FXGL Background Thread 3 ] DEBUG Engine               - notificationViewClass: class com.almasb.fxgl.notification.view.XboxNotificationView
09:44:59.548 [FXGL Background Thread 3 ] DEBUG Engine               - pixelsPerMeter: 50.0
09:44:59.548 [FXGL Background Thread 3 ] DEBUG Engine               - platform: WINDOWS
09:44:59.548 [FXGL Background Thread 3 ] DEBUG Engine               - prefHeightProperty: ReadOnlyDoubleProperty [value: 720.0]
09:44:59.548 [FXGL Background Thread 3 ] DEBUG Engine               - prefWidthProperty: ReadOnlyDoubleProperty [value: 720.0]
09:44:59.548 [FXGL Background Thread 3 ] DEBUG Engine               - profileDir: profiles/
09:44:59.548 [FXGL Background Thread 3 ] DEBUG Engine               - profileName: StringProperty [value: DEFAULT]
09:44:59.548 [FXGL Background Thread 3 ] DEBUG Engine               - randomSeed: -1
09:44:59.549 [FXGL Background Thread 3 ] DEBUG Engine               - runtimeInfo: RuntimeInfo(platform=WINDOWS, version=17.3, build=30.03.2023 11.49)
09:44:59.549 [FXGL Background Thread 3 ] DEBUG Engine               - saveFileExt: sav
09:44:59.549 [FXGL Background Thread 3 ] DEBUG Engine               - scaledHeightProp$fxgl: DoubleProperty [bound, value: 720.0]
09:44:59.549 [FXGL Background Thread 3 ] DEBUG Engine               - scaledWidthProp$fxgl: DoubleProperty [bound, value: 720.0]
09:44:59.549 [FXGL Background Thread 3 ] DEBUG Engine               - sceneFactory: com.example.flat2d.GameApp$1@24fecc14
09:44:59.549 [FXGL Background Thread 3 ] DEBUG Engine               - secondsIn24h: 60
09:44:59.549 [FXGL Background Thread 3 ] DEBUG Engine               - soundMenuBack: menu/back.wav
09:44:59.549 [FXGL Background Thread 3 ] DEBUG Engine               - soundMenuPress: menu/press.wav
09:44:59.550 [FXGL Background Thread 3 ] DEBUG Engine               - soundMenuSelect: menu/select.wav
09:44:59.550 [FXGL Background Thread 3 ] DEBUG Engine               - soundNotification: core/notification.wav
09:44:59.550 [FXGL Background Thread 3 ] DEBUG Engine               - stageStyle: DECORATED
09:44:59.550 [FXGL Background Thread 3 ] DEBUG Engine               - supportedLanguages: [ENGLISH, FRENCH, GERMAN, HUNGARIAN, RUSSIAN]
09:44:59.550 [FXGL Background Thread 3 ] DEBUG Engine               - ticksPerSecond: -1
09:44:59.550 [FXGL Background Thread 3 ] DEBUG Engine               - title: Adventures of Sir Vim Zarado
09:44:59.550 [FXGL Background Thread 3 ] DEBUG Engine               - urlGithub: https://github.com/AlmasB/FXGL
09:44:59.550 [FXGL Background Thread 3 ] DEBUG Engine               - urlLeaderboard: http://fxgl-top.herokuapp.com/
09:44:59.550 [FXGL Background Thread 3 ] DEBUG Engine               - urlPOM: https://raw.githubusercontent.com/AlmasB/FXGL/release/README.md
09:44:59.550 [FXGL Background Thread 3 ] DEBUG Engine               - userAppClass: class com.example.flat2d.GameApp
09:44:59.551 [FXGL Background Thread 3 ] DEBUG Engine               - version: 0.0
09:44:59.551 [FXGL Background Thread 3 ] DEBUG Engine               - versionCheckDays: 7
09:44:59.551 [FXGL Background Thread 3 ] DEBUG Engine               - width: 720
09:44:59.551 [FXGL Background Thread 3 ] DEBUG Engine               - Logging services
09:44:59.551 [FXGL Background Thread 3 ] DEBUG Engine               - class com.almasb.fxgl.app.services.FXGLAssetLoaderService
09:44:59.551 [FXGL Background Thread 3 ] DEBUG Engine               - class com.almasb.fxgl.app.FXGLApplication$GameApplicationService
09:44:59.551 [FXGL Background Thread 3 ] DEBUG Engine               - class com.almasb.fxgl.app.services.FXGLDialogService
09:44:59.551 [FXGL Background Thread 3 ] DEBUG Engine               - class com.almasb.fxgl.app.services.IOTaskExecutorService
09:44:59.551 [FXGL Background Thread 3 ] DEBUG Engine               - class com.almasb.fxgl.io.FileSystemService
09:44:59.551 [FXGL Background Thread 3 ] DEBUG Engine               - class com.almasb.fxgl.localization.LocalizationService
09:44:59.551 [FXGL Background Thread 3 ] DEBUG Engine               - class com.almasb.fxgl.app.services.SystemBundleService
09:44:59.552 [FXGL Background Thread 3 ] DEBUG Engine               - class com.almasb.fxgl.profile.SaveLoadService
09:44:59.552 [FXGL Background Thread 3 ] DEBUG Engine               - class com.almasb.fxgl.ui.FXGLUIFactoryServiceProvider
09:44:59.552 [FXGL Background Thread 3 ] DEBUG Engine               - class com.almasb.fxgl.ui.FXGLDialogFactoryServiceProvider
09:44:59.552 [FXGL Background Thread 3 ] DEBUG Engine               - class com.almasb.fxgl.audio.AudioPlayer
09:44:59.552 [FXGL Background Thread 3 ] DEBUG Engine               - class com.almasb.fxgl.notification.impl.NotificationServiceProvider
09:44:59.552 [FXGL Background Thread 3 ] DEBUG Engine               - class com.almasb.fxgl.achievement.AchievementService
09:44:59.552 [FXGL Background Thread 3 ] DEBUG Engine               - class com.almasb.fxgl.cutscene.CutsceneService
09:44:59.552 [FXGL Background Thread 3 ] DEBUG Engine               - class com.almasb.fxgl.minigames.MiniGameService
09:44:59.552 [FXGL Background Thread 3 ] DEBUG Engine               - class com.almasb.fxgl.net.NetService
09:44:59.552 [FXGL Background Thread 3 ] DEBUG Engine               - class com.almasb.fxgl.app.services.UpdaterService
09:44:59.552 [FXGL Background Thread 3 ] DEBUG Engine               - class com.almasb.fxgl.dev.DevService
09:45:01.769 [JavaFX Application Thread] DEBUG AudioPlayer          - Stopping music com.almasb.fxgl.audio.Music@c224152
09:45:01.771 [JavaFX Application Thread] DEBUG FXGLAssetLoaderServi - Loading from file system: file:/C:/Users/USER/IdeaProjects/CSIT228-F3-Finals/target/classes/assets/music/game-music.mp3
09:45:01.774 [JavaFX Application Thread] DEBUG AudioPlayer          - Playing music com.almasb.fxgl.audio.Music@75512f3e
09:45:01.774 [JavaFX Application Thread] DEBUG Menu                 - fireNewGame()
09:45:01.774 [JavaFX Application Thread] DEBUG GameApplicationServi - Starting new game
09:45:01.774 [JavaFX Application Thread] DEBUG PrimaryStageWindow   - Pop state: GameMainMenu
09:45:01.775 [JavaFX Application Thread] DEBUG Input                - Clearing active input actions
09:45:01.776 [JavaFX Application Thread] DEBUG GameApplicationServi - Removing overlay from GameMainMenu and adding to FXGLMainMenuDummyScene
09:45:01.778 [JavaFX Application Thread] DEBUG PrimaryStageWindow   - FXGLMainMenuDummyScene <- GameMainMenu
09:45:01.778 [JavaFX Application Thread] DEBUG Input                - Clearing active input actions
09:45:01.790 [JavaFX Application Thread] DEBUG GameApplicationServi - Removing overlay from FXGLMainMenuDummyScene and adding to FXGLLoadingScene
09:45:01.790 [JavaFX Application Thread] DEBUG PrimaryStageWindow   - FXGLMainMenuDummyScene -> FXGLLoadingScene
09:45:01.790 [JavaFX Application Thread] DEBUG GameApplicationServi - Clearing previous game
09:45:01.791 [JavaFX Application Thread] DEBUG GameScene            - Clearing game scene
09:45:01.791 [JavaFX Application Thread] DEBUG GameWorld            - Clearing game world
09:45:01.791 [JavaFX Application Thread] DEBUG PhysicsWorld         - Clearing physics world
09:45:01.793 [FXGL Background Thread 2 ] DEBUG FXGLApplication      - Initializing game
09:45:01.842 [FXGL Background Thread 2 ] WARN  TMXLevelLoader       - TiledMap generated from 1.10.2. Supported version: 1.9.0. Some features may not be parsed fully.
09:45:01.914 [FXGL Background Thread 2 ] DEBUG TMXLevelLoader       - Parsed TiledMap: file:/C:/Users/USER/IdeaProjects/CSIT228-F3-Finals/target/classes/assets/levels/tmx/2DGameTiledMap.tmx
09:45:01.915 [FXGL Background Thread 2 ] DEBUG TMXLevelLoader       - Creating tile layer entities
09:45:01.917 [FXGL Background Thread 2 ] DEBUG TilesetLoader        - Loading view for layer floor
09:45:01.919 [FXGL Background Thread 2 ] DEBUG TilesetLoader        - Created buffer with size 2304.0x2304.0
09:45:02.082 [FXGL Background Thread 2 ] DEBUG TilesetLoader        - Loading view for layer stuff
09:45:02.086 [FXGL Background Thread 2 ] DEBUG TilesetLoader        - Created buffer with size 2304.0x2304.0
09:45:02.098 [FXGL Background Thread 2 ] DEBUG TilesetLoader        - Loading view for layer decor
09:45:02.109 [FXGL Background Thread 2 ] DEBUG TilesetLoader        - Created buffer with size 2304.0x2304.0
09:45:02.118 [FXGL Background Thread 2 ] DEBUG TilesetLoader        - Loading view for layer more
09:45:02.130 [FXGL Background Thread 2 ] DEBUG TilesetLoader        - Created buffer with size 2304.0x2304.0
09:45:02.131 [FXGL Background Thread 2 ] DEBUG TMXLevelLoader       - Creating object layer entities
09:45:02.175 [FXGL Background Thread 2 ] DEBUG FXGLAssetLoaderServi - Loading from file system: file:/C:/Users/USER/IdeaProjects/CSIT228-F3-Finals/target/classes/assets/textures/background/torch.gif
09:45:02.246 [FXGL Background Thread 2 ] DEBUG FXGLAssetLoaderServi - Loading from file system: file:/C:/Users/USER/IdeaProjects/CSIT228-F3-Finals/target/classes/assets/textures/background/eyes-hole.gif
09:45:02.362 [FXGL Background Thread 2 ] DEBUG GameWorld            - Clearing removable entities
09:45:02.363 [FXGL Background Thread 2 ] DEBUG GameWorld            - Setting level: com.almasb.fxgl.entity.level.Level@4118e0e2
09:45:02.372 [FXGL Background Thread 2 ] DEBUG FXGLAssetLoaderServi - Loading from file system: file:/C:/Users/USER/IdeaProjects/CSIT228-F3-Finals/target/classes/assets/textures/player/lecatmoves.png
09:45:02.373 [FXGL Background Thread 2 ] DEBUG FXGLAssetLoaderServi - Loading from file system: file:/C:/Users/USER/IdeaProjects/CSIT228-F3-Finals/target/classes/assets/textures/player/CatOne.png
09:45:02.375 [FXGL Background Thread 2 ] DEBUG FXGLAssetLoaderServi - Loading from file system: file:/C:/Users/USER/IdeaProjects/CSIT228-F3-Finals/target/classes/assets/textures/player/CatThree.png
09:45:02.376 [FXGL Background Thread 2 ] DEBUG FXGLAssetLoaderServi - Loading from file system: file:/C:/Users/USER/IdeaProjects/CSIT228-F3-Finals/target/classes/assets/textures/player/CatFour.png
09:45:02.405 [FXGL Background Thread 2 ] INFO  FXGLApplication      - Game initialization took: 0.613 sec
09:45:02.410 [JavaFX Application Thread] DEBUG Input                - Clearing active input actions
09:45:02.420 [JavaFX Application Thread] DEBUG GameApplicationServi - Removing overlay from FXGLLoadingScene and adding to GameScene
09:45:02.429 [JavaFX Application Thread] DEBUG PrimaryStageWindow   - FXGLLoadingScene -> GameScene
09:45:03.415 [JavaFX Application Thread] DEBUG FXGLAssetLoaderServi - Loading from file system: file:/C:/Users/USER/IdeaProjects/CSIT228-F3-Finals/target/classes/assets/textures/skill/spr_bullet_strip.png
09:45:04.354 [JavaFX Application Thread] DEBUG FXGLAssetLoaderServi - Loading from file system: file:/C:/Users/USER/IdeaProjects/CSIT228-F3-Finals/target/classes/assets/textures/basic/NormalWalk2.png
09:45:04.356 [JavaFX Application Thread] DEBUG FXGLAssetLoaderServi - Loading from file system: file:/C:/Users/USER/IdeaProjects/CSIT228-F3-Finals/target/classes/assets/textures/basic/NormalDead2.png
09:45:04.358 [JavaFX Application Thread] DEBUG FXGLAssetLoaderServi - Loading from file system: file:/C:/Users/USER/IdeaProjects/CSIT228-F3-Finals/target/classes/assets/textures/basic/NormalAttack2.png
09:45:04.395 [JavaFX Application Thread] DEBUG FXGLAssetLoaderServi - Loading from file system: file:/C:/Users/USER/IdeaProjects/CSIT228-F3-Finals/target/classes/assets/textures/background/burn.gif
09:45:19.620 [JavaFX Application Thread] DEBUG FXGLAssetLoaderServi - Loading from file system: file:/C:/Users/USER/IdeaProjects/CSIT228-F3-Finals/target/classes/assets/textures/background/Large.gif
09:45:19.634 [JavaFX Application Thread] DEBUG FXGLAssetLoaderServi - Loading from file system: file:/C:/Users/USER/IdeaProjects/CSIT228-F3-Finals/target/classes/assets/sounds/enemy-death2.wav
09:45:20.277 [JavaFX Application Thread] DEBUG FXGLAssetLoaderServi - Loading from file system: file:/C:/Users/USER/IdeaProjects/CSIT228-F3-Finals/target/classes/assets/textures/background/Small.gif
09:45:20.283 [JavaFX Application Thread] DEBUG FXGLAssetLoaderServi - Loading from file system: file:/C:/Users/USER/IdeaProjects/CSIT228-F3-Finals/target/classes/assets/textures/background/Medium.gif
09:45:23.685 [JavaFX Application Thread] DEBUG FXGLAssetLoaderServi - Loading from file system: file:/C:/Users/USER/IdeaProjects/CSIT228-F3-Finals/target/classes/assets/sounds/level-up-sfx.wav
09:45:23.690 [JavaFX Application Thread] DEBUG FXGLAssetLoaderServi - Loading from file system: file:/C:/Users/USER/IdeaProjects/CSIT228-F3-Finals/target/classes/assets/textures/skills-icon/0%20-%20Basic.png
09:45:23.695 [JavaFX Application Thread] DEBUG FXGLAssetLoaderServi - Loading from file system: file:/C:/Users/USER/IdeaProjects/CSIT228-F3-Finals/target/classes/assets/textures/background/skill-icon-bg.png
09:45:23.734 [JavaFX Application Thread] DEBUG FXGLAssetLoaderServi - Loading from file system: file:/C:/Users/USER/IdeaProjects/CSIT228-F3-Finals/target/classes/assets/textures/skills-icon/2%20-%20Cool%20and%20Normal.png
09:45:23.738 [JavaFX Application Thread] DEBUG FXGLAssetLoaderServi - Loading from file system: file:/C:/Users/USER/IdeaProjects/CSIT228-F3-Finals/target/classes/assets/textures/skills-icon/3%20-%20Stack.png
09:45:23.746 [JavaFX Application Thread] DEBUG FXGLAssetLoaderServi - Loading from file system: file:/C:/Users/USER/IdeaProjects/CSIT228-F3-Finals/target/classes/assets/textures/skills-icon/1%20-%20Oratrice.png
09:45:23.752 [JavaFX Application Thread] DEBUG FXGLAssetLoaderServi - Loading from file system: file:/C:/Users/USER/IdeaProjects/CSIT228-F3-Finals/target/classes/assets/textures/skills-icon/4%20-%20Queue.png
09:45:25.712 [JavaFX Application Thread] DEBUG FXGLAssetLoaderServi - Loading from file system: file:/C:/Users/USER/IdeaProjects/CSIT228-F3-Finals/target/classes/assets/textures/background/skill-acquired.gif
09:45:26.412 [JavaFX Application Thread] DEBUG FXGLAssetLoaderServi - Loading from file system: file:/C:/Users/USER/IdeaProjects/CSIT228-F3-Finals/target/classes/assets/textures/skill/stack-asset.png
09:45:43.014 [JavaFX Application Thread] DEBUG AudioPlayer          - Pausing music com.almasb.fxgl.audio.Music@c224152
09:45:43.014 [JavaFX Application Thread] DEBUG LoopRunner           - Pausing loop
09:45:43.015 [JavaFX Application Thread] DEBUG AudioPlayer          - Pausing music com.almasb.fxgl.audio.Music@c224152
09:45:43.015 [JavaFX Application Thread] DEBUG LoopRunner           - Pausing loop
09:45:43.015 [JavaFX Application Thread] DEBUG AudioPlayer          - Pausing music com.almasb.fxgl.audio.Music@c224152
09:45:43.016 [JavaFX Application Thread] DEBUG LoopRunner           - Pausing loop
09:45:43.016 [JavaFX Application Thread] DEBUG AudioPlayer          - Pausing music com.almasb.fxgl.audio.Music@c224152
09:45:43.016 [JavaFX Application Thread] DEBUG LoopRunner           - Pausing loop
09:45:43.017 [JavaFX Application Thread] DEBUG AudioPlayer          - Pausing music com.almasb.fxgl.audio.Music@c224152
09:45:43.017 [JavaFX Application Thread] DEBUG LoopRunner           - Pausing loop
09:45:43.017 [JavaFX Application Thread] DEBUG AudioPlayer          - Pausing music com.almasb.fxgl.audio.Music@c224152
09:45:43.017 [JavaFX Application Thread] DEBUG LoopRunner           - Pausing loop
09:45:43.018 [JavaFX Application Thread] DEBUG AudioPlayer          - Pausing music com.almasb.fxgl.audio.Music@c224152
09:45:43.018 [JavaFX Application Thread] DEBUG LoopRunner           - Pausing loop
09:45:43.018 [JavaFX Application Thread] DEBUG AudioPlayer          - Pausing music com.almasb.fxgl.audio.Music@c224152
09:45:43.018 [JavaFX Application Thread] DEBUG LoopRunner           - Pausing loop
09:45:43.019 [JavaFX Application Thread] DEBUG AudioPlayer          - Pausing music com.almasb.fxgl.audio.Music@c224152
09:45:43.019 [JavaFX Application Thread] DEBUG LoopRunner           - Pausing loop
09:45:43.019 [JavaFX Application Thread] DEBUG AudioPlayer          - Pausing music com.almasb.fxgl.audio.Music@c224152
09:45:43.019 [JavaFX Application Thread] DEBUG LoopRunner           - Pausing loop
09:45:43.020 [JavaFX Application Thread] DEBUG AudioPlayer          - Pausing music com.almasb.fxgl.audio.Music@c224152
09:45:43.020 [JavaFX Application Thread] DEBUG LoopRunner           - Pausing loop
09:45:43.020 [JavaFX Application Thread] DEBUG AudioPlayer          - Pausing music com.almasb.fxgl.audio.Music@c224152
09:45:43.020 [JavaFX Application Thread] DEBUG LoopRunner           - Pausing loop
09:45:43.020 [JavaFX Application Thread] DEBUG AudioPlayer          - Pausing music com.almasb.fxgl.audio.Music@c224152
09:45:43.020 [JavaFX Application Thread] DEBUG LoopRunner           - Pausing loop
09:45:43.021 [JavaFX Application Thread] DEBUG AudioPlayer          - Pausing music com.almasb.fxgl.audio.Music@c224152
09:45:43.021 [JavaFX Application Thread] DEBUG LoopRunner           - Pausing loop
09:45:43.021 [JavaFX Application Thread] DEBUG AudioPlayer          - Pausing music com.almasb.fxgl.audio.Music@c224152
09:45:43.021 [JavaFX Application Thread] DEBUG LoopRunner           - Pausing loop
09:45:43.021 [JavaFX Application Thread] DEBUG AudioPlayer          - Pausing music com.almasb.fxgl.audio.Music@c224152
09:45:43.021 [JavaFX Application Thread] DEBUG LoopRunner           - Pausing loop
09:45:43.022 [JavaFX Application Thread] DEBUG AudioPlayer          - Pausing music com.almasb.fxgl.audio.Music@c224152
09:45:43.022 [JavaFX Application Thread] DEBUG LoopRunner           - Pausing loop
09:45:49.088 [JavaFX Application Thread] DEBUG FXGLApplication      - Exiting FXGL
09:45:49.088 [JavaFX Application Thread] DEBUG LoopRunner           - Stopping loop
09:45:49.088 [JavaFX Application Thread] DEBUG SystemBundleService  - Saving FXGL system data
09:45:49.090 [JavaFX Application Thread] DEBUG FileSystemAccess     - Writing to: C:\Users\USER\IdeaProjects\CSIT228-F3-Finals\system\fxgl.bundle
09:45:49.091 [JavaFX Application Thread] DEBUG Async                - Shutting down background threads
09:45:49.091 [JavaFX Application Thread] DEBUG PrimaryStageWindow   - Closing main window
09:45:49.098 [JavaFX Application Thread] DEBUG Logger               - Closing Logger
