11:47:34.423 [main                     ] DEBUG Logger               - Configured Logger
11:47:34.459 [main                     ] DEBUG GameApplication      - Logging settings
Title: Adventures of Sir Vim Zarado
Version: 0.0
Width: 720
Height: 720
Fullscreen: false
Intro: false
Profiling: false
Single step:false
App Mode: DEVELOPER
Menu Key: ESCAPE
Stage Style: DECORATED
Scene Factory: class com.example.flat2d.GameApp$1

11:47:34.976 [JavaFX Application Thread] DEBUG FXGLApplication      - Initializing FXGL
11:47:34.983 [JavaFX Application Thread] INFO  Engine               - FXGL-17.3 (30.03.2023 11.49) on WINDOWS (J:21 FX:21)
11:47:34.984 [JavaFX Application Thread] DEBUG Engine               - JRE Vendor Name: Oracle Corporation
11:47:34.984 [JavaFX Application Thread] DEBUG Engine               - Running on OS: Windows 10 version 10.0
11:47:34.984 [JavaFX Application Thread] DEBUG Engine               - Architecture: amd64
11:47:34.984 [JavaFX Application Thread] INFO  Engine               - Source code and latest versions at: https://github.com/AlmasB/FXGL
11:47:34.984 [JavaFX Application Thread] INFO  Engine               -       Ask questions and discuss at: https://github.com/AlmasB/FXGL/discussions
11:47:34.985 [JavaFX Application Thread] INFO  Engine               -              Join the FXGL chat at: https://gitter.im/AlmasB/FXGL
11:47:35.203 [JavaFX Application Thread] DEBUG PrimaryStageWindow   - Creating a JavaFX scene
11:47:35.314 [JavaFX Application Thread] DEBUG PrimaryStageWindow   - Target settings size: 720.0 x 720.0
11:47:35.315 [JavaFX Application Thread] DEBUG PrimaryStageWindow   - Scaled scene size:    720.0 x 720.0
11:47:35.315 [JavaFX Application Thread] DEBUG PrimaryStageWindow   - Scaled ratio: (1.0, 1.0)
11:47:35.318 [JavaFX Application Thread] DEBUG PrimaryStageWindow   - Set initial scene to FXGLStartupScene
11:47:35.324 [JavaFX Application Thread] DEBUG PrimaryStageWindow   - Opening main window
11:47:35.449 [JavaFX Application Thread] DEBUG PrimaryStageWindow   - Window border size: (16.0, 39.0)
11:47:35.450 [JavaFX Application Thread] DEBUG PrimaryStageWindow   - Scaled size: 720.0 x 720.0
11:47:35.451 [JavaFX Application Thread] DEBUG PrimaryStageWindow   - Scaled ratio: (1.0, 1.0)
11:47:35.452 [JavaFX Application Thread] DEBUG PrimaryStageWindow   - Scene size: 720.0 x 720.0
11:47:35.452 [JavaFX Application Thread] DEBUG PrimaryStageWindow   - Stage size: 736.0 x 759.0
11:47:35.499 [FXGL Background Thread 1 ] DEBUG Engine               - Initializing environment variables
11:47:35.599 [FXGL Background Thread 1 ] DEBUG FXGLAssetLoaderServi - User app class for loading assets: class com.example.flat2d.GameApp
11:47:35.600 [FXGL Background Thread 1 ] DEBUG GameApplicationServi - Applying CSS: fxgl_dark.css
11:47:35.602 [FXGL Background Thread 1 ] DEBUG FXGLAssetLoaderServi - Loading from file system: jar:file:///C:/Users/USER/.m2/repository/com/github/almasb/fxgl/17.3/fxgl-17.3.jar!/fxglassets/ui/css/fxgl_dark.css
11:47:35.696 [FXGL Background Thread 1 ] DEBUG GameApplicationServi - Initializing application scenes
11:47:35.852 [FXGL Background Thread 1 ] DEBUG GameWorld            - Game world initialized
11:47:35.968 [FXGL Background Thread 1 ] DEBUG PhysicsWorld         - Physics world initialized: appHeight=720, physics.ppm=50.0
11:47:35.968 [FXGL Background Thread 1 ] DEBUG PhysicsWorld         - Using strategy: BRUTE_FORCE
11:47:35.975 [FXGL Background Thread 1 ] DEBUG GameScene            - Game scene initialized: 720x720
11:47:35.981 [FXGL Background Thread 1 ] DEBUG FXGLAssetLoaderServi - Loading from file system: file:/C:/Users/USER/IdeaProjects/2DGame/target/classes/assets/textures/background/backg.jpg
11:47:36.063 [FXGL Background Thread 1 ] WARN  FXGL.DefaultMenu     - FXGLDefaultMenu is not designed for resolutions < 800x600
11:47:36.064 [FXGL Background Thread 1 ] DEBUG FXGL.DefaultMenu     - createMenuBodyGameMenu()
11:47:36.089 [FXGL Background Thread 1 ] DEBUG FXGL.DefaultMenu     - createOptionsMenu()
11:47:36.101 [FXGL Background Thread 1 ] DEBUG FXGLAssetLoaderServi - Loading from file system: jar:file:///C:/Users/USER/.m2/repository/com/github/almasb/fxgl/17.3/fxgl-17.3.jar!/fxglassets/textures/particles/smoke.png
11:47:36.277 [FXGL Background Thread 1 ] DEBUG FXGLAssetLoaderServi - Loading from file system: jar:file:///C:/Users/USER/.m2/repository/com/github/almasb/fxgl/17.3/fxgl-17.3.jar!/fxglassets/textures/particles/trace_horizontal.png
11:47:36.327 [FXGL Background Thread 1 ] DEBUG GameApplicationServi - Application scenes initialized
11:47:36.353 [FXGL Background Thread 1 ] DEBUG SystemBundleService  - Loading FXGL system data
11:47:36.361 [FXGL Background Thread 1 ] DEBUG FileSystemAccess     - Reading from: C:\Users\USER\IdeaProjects\2DGame\system\fxgl.bundle
11:47:36.379 [FXGL Background Thread 1 ] DEBUG SystemBundleService  - Bundle FXGL: {}
11:47:36.379 [FXGL Background Thread 1 ] DEBUG UpdaterService       - Checking for updates
11:47:36.445 [FXGL Background Thread 1 ] DEBUG FXGLApplication      - Loading default localization
11:47:36.446 [FXGL Background Thread 1 ] DEBUG FXGLAssetLoaderServi - Loading from file system: jar:file:///C:/Users/USER/.m2/repository/com/github/almasb/fxgl/17.3/fxgl-17.3.jar!/fxglassets/languages/english.lang
11:47:36.453 [FXGL Background Thread 4 ] DEBUG FXGLApplication      - Loading fonts
11:47:36.455 [FXGL Background Thread 4 ] DEBUG FXGLAssetLoaderServi - Loading from file system: jar:file:///C:/Users/USER/.m2/repository/com/github/almasb/fxgl/17.3/fxgl-17.3.jar!/fxglassets/ui/fonts/VarelaRound-Regular.ttf
11:47:36.481 [FXGL Background Thread 1 ] INFO  FXGLApplication      - FXGL initialization took: 0.982 sec
11:47:36.497 [JavaFX Application Thread] DEBUG Input                - Registered new binding: Up - W
11:47:36.497 [JavaFX Application Thread] DEBUG Input                - Registered new binding: Right - D
11:47:36.498 [JavaFX Application Thread] DEBUG Input                - Registered new binding: Left - A
11:47:36.498 [JavaFX Application Thread] DEBUG Input                - Registered new binding: Down - S
11:47:36.500 [JavaFX Application Thread] DEBUG Input                - Registered new binding: IDK - RMB
11:47:36.501 [JavaFX Application Thread] DEBUG FXGLAssetLoaderServi - Loading from file system: file:/C:/Users/USER/IdeaProjects/2DGame/target/classes/assets/music/bgm-music.mp3
11:47:36.546 [FXGL Background Thread 4 ] DEBUG FXGLAssetLoaderServi - Loading from file system: jar:file:///C:/Users/USER/.m2/repository/com/github/almasb/fxgl/17.3/fxgl-17.3.jar!/fxglassets/ui/fonts/Abel-Regular.ttf
11:47:36.552 [FXGL Background Thread 4 ] DEBUG FXGLAssetLoaderServi - Loading from file system: jar:file:///C:/Users/USER/.m2/repository/com/github/almasb/fxgl/17.3/fxgl-17.3.jar!/fxglassets/ui/fonts/TerminalLandMono-Regular.otf
11:47:36.558 [FXGL Background Thread 4 ] DEBUG FXGLAssetLoaderServi - Loading from file system: jar:file:///C:/Users/USER/.m2/repository/com/github/almasb/fxgl/17.3/fxgl-17.3.jar!/fxglassets/ui/fonts/Courier-Prime.ttf
11:47:36.787 [JavaFX Application Thread] DEBUG AudioPlayer          - Playing music com.almasb.fxgl.audio.Music@378054e1
11:47:36.788 [JavaFX Application Thread] DEBUG FXGLAssetLoaderServi - Loading from file system: jar:file:///C:/Users/USER/.m2/repository/com/github/almasb/fxgl/17.3/fxgl-17.3.jar!/fxglassets/textures/fxgl_icon.png
11:47:36.838 [JavaFX Application Thread] DEBUG FXGLAssetLoaderServi - Loading from file system: jar:file:///C:/Users/USER/.m2/repository/com/github/almasb/fxgl/17.3/fxgl-17.3.jar!/fxglassets/textures/fxgl_default_cursor.png
11:47:36.841 [JavaFX Application Thread] DEBUG Input                - Registered new binding: Screenshot - CTRL+8
11:47:36.841 [JavaFX Application Thread] DEBUG Input                - Registered new binding: Dev Options - 1
11:47:36.842 [JavaFX Application Thread] DEBUG Input                - Registered new binding: Dev Console - 2
11:47:36.842 [JavaFX Application Thread] DEBUG Input                - Registered new binding: System info dump - CTRL+9
11:47:36.844 [JavaFX Application Thread] DEBUG Input                - Registered new binding: Restart - CTRL+R
11:47:36.845 [JavaFX Application Thread] DEBUG Input                - Registered new binding: Toggle Debug Camera - CTRL+7
11:47:36.849 [JavaFX Application Thread] DEBUG LoopRunner           - Starting loop
11:47:36.859 [JavaFX Application Thread] DEBUG LoopRunner           - Initializing JavaFX AnimationTimerLoop
11:47:36.863 [JavaFX Application Thread] DEBUG Input                - Clearing active input actions
11:47:36.877 [JavaFX Application Thread] DEBUG GameApplicationServi - Removing overlay from FXGLStartupScene and adding to FXGLMainMenuDummyScene
11:47:36.885 [JavaFX Application Thread] DEBUG PrimaryStageWindow   - FXGLStartupScene -> FXGLMainMenuDummyScene
11:47:36.885 [JavaFX Application Thread] DEBUG PrimaryStageWindow   - Push state: GameMainMenu
11:47:36.885 [JavaFX Application Thread] DEBUG Input                - Clearing active input actions
11:47:36.895 [JavaFX Application Thread] DEBUG GameApplicationServi - Removing overlay from FXGLMainMenuDummyScene and adding to GameMainMenu
11:47:36.896 [JavaFX Application Thread] DEBUG PrimaryStageWindow   - FXGLMainMenuDummyScene -> GameMainMenu
11:47:36.896 [JavaFX Application Thread] DEBUG FXGLApplication      - Registering font factories with UI factory
11:47:37.885 [FXGL Background Thread 2 ] INFO  UpdaterService       - Your current version:  17.3
11:47:37.886 [FXGL Background Thread 2 ] INFO  UpdaterService       - Latest stable version: 21.1
11:47:39.440 [FXGL Background Thread 3 ] DEBUG Engine               - Logging environment variables
11:47:39.441 [FXGL Background Thread 3 ] DEBUG Engine               - achievements: []
11:47:39.442 [FXGL Background Thread 3 ] DEBUG Engine               - actualHeight: 720.0
11:47:39.442 [FXGL Background Thread 3 ] DEBUG Engine               - actualHeightProperty: ReadOnlyDoubleProperty [value: 720.0]
11:47:39.443 [FXGL Background Thread 3 ] DEBUG Engine               - actualWidth: 720.0
11:47:39.444 [FXGL Background Thread 3 ] DEBUG Engine               - actualWidthProperty: ReadOnlyDoubleProperty [value: 720.0]
11:47:39.445 [FXGL Background Thread 3 ] DEBUG Engine               - appIcon: fxgl_icon.png
11:47:39.445 [FXGL Background Thread 3 ] DEBUG Engine               - applicationMode: DEVELOPER
11:47:39.446 [FXGL Background Thread 3 ] DEBUG Engine               - cSSList: [fxgl_dark.css]
11:47:39.446 [FXGL Background Thread 3 ] DEBUG Engine               - collisionDetectionStrategy: BRUTE_FORCE
11:47:39.447 [FXGL Background Thread 3 ] DEBUG Engine               - configClass: Optional.empty
11:47:39.447 [FXGL Background Thread 3 ] DEBUG Engine               - credits: []
11:47:39.448 [FXGL Background Thread 3 ] DEBUG Engine               - defaultCursor: CursorInfo(imageName=fxgl_default_cursor.png, hotspotX=7.0, hotspotY=6.0)
11:47:39.449 [FXGL Background Thread 3 ] DEBUG Engine               - devBBoxColorProperty: ObjectProperty [value: 0xff0000ff]
11:47:39.450 [FXGL Background Thread 3 ] DEBUG Engine               - devEnableDebugCameraProperty: BooleanProperty [value: false]
11:47:39.451 [FXGL Background Thread 3 ] DEBUG Engine               - devSensorColorProperty: ObjectProperty [value: 0xffff00ff]
11:47:39.451 [FXGL Background Thread 3 ] DEBUG Engine               - devShowBBoxProperty: BooleanProperty [value: false]
11:47:39.451 [FXGL Background Thread 3 ] DEBUG Engine               - devShowPositionProperty: BooleanProperty [value: false]
11:47:39.452 [FXGL Background Thread 3 ] DEBUG Engine               - enabledMenuItems: []
11:47:39.452 [FXGL Background Thread 3 ] DEBUG Engine               - engineServices: [class com.almasb.fxgl.app.services.FXGLAssetLoaderService, class com.almasb.fxgl.app.FXGLApplication$GameApplicationService, class com.almasb.fxgl.app.services.FXGLDialogService, class com.almasb.fxgl.app.services.IOTaskExecutorService, class com.almasb.fxgl.io.FileSystemService, class com.almasb.fxgl.localization.LocalizationService, class com.almasb.fxgl.app.services.SystemBundleService, class com.almasb.fxgl.profile.SaveLoadService, class com.almasb.fxgl.ui.FXGLUIFactoryServiceProvider, class com.almasb.fxgl.ui.FXGLDialogFactoryServiceProvider, class com.almasb.fxgl.audio.AudioPlayer, class com.almasb.fxgl.notification.impl.NotificationServiceProvider, class com.almasb.fxgl.achievement.AchievementService, class com.almasb.fxgl.cutscene.CutsceneService, class com.almasb.fxgl.minigames.MiniGameService, class com.almasb.fxgl.net.NetService, class com.almasb.fxgl.app.services.UpdaterService, class com.almasb.fxgl.dev.DevService]
11:47:39.452 [FXGL Background Thread 3 ] DEBUG Engine               - fontGame: Abel-Regular.ttf
11:47:39.453 [FXGL Background Thread 3 ] DEBUG Engine               - fontMono: TerminalLandMono-Regular.otf
11:47:39.453 [FXGL Background Thread 3 ] DEBUG Engine               - fontSizeScaleUI: 1.0
11:47:39.453 [FXGL Background Thread 3 ] DEBUG Engine               - fontText: Courier-Prime.ttf
11:47:39.453 [FXGL Background Thread 3 ] DEBUG Engine               - fontUI: VarelaRound-Regular.ttf
11:47:39.454 [FXGL Background Thread 3 ] DEBUG Engine               - fullScreen: BooleanProperty [value: false]
11:47:39.454 [FXGL Background Thread 3 ] DEBUG Engine               - gameDifficulty: MEDIUM
11:47:39.454 [FXGL Background Thread 3 ] DEBUG Engine               - gameDifficultyProperty: ObjectProperty [value: MEDIUM]
11:47:39.454 [FXGL Background Thread 3 ] DEBUG Engine               - globalMusicVolume: 0.5
11:47:39.455 [FXGL Background Thread 3 ] DEBUG Engine               - globalMusicVolumeProperty: DoubleProperty [value: 0.25]
11:47:39.455 [FXGL Background Thread 3 ] DEBUG Engine               - globalSoundVolume: 0.5
11:47:39.455 [FXGL Background Thread 3 ] DEBUG Engine               - globalSoundVolumeProperty: DoubleProperty [value: 0.5]
11:47:39.455 [FXGL Background Thread 3 ] DEBUG Engine               - height: 720
11:47:39.456 [FXGL Background Thread 3 ] DEBUG Engine               - is3D: false
11:47:39.456 [FXGL Background Thread 3 ] DEBUG Engine               - isAndroid: false
11:47:39.456 [FXGL Background Thread 3 ] DEBUG Engine               - isBrowser: false
11:47:39.456 [FXGL Background Thread 3 ] DEBUG Engine               - isClickFeedbackEnabled: false
11:47:39.456 [FXGL Background Thread 3 ] DEBUG Engine               - isCloseConfirmation: false
11:47:39.456 [FXGL Background Thread 3 ] DEBUG Engine               - isDesktop: true
11:47:39.457 [FXGL Background Thread 3 ] DEBUG Engine               - isDeveloperMenuEnabled: true
11:47:39.457 [FXGL Background Thread 3 ] DEBUG Engine               - isEmbedded: false
11:47:39.457 [FXGL Background Thread 3 ] DEBUG Engine               - isEntityPreloadEnabled: true
11:47:39.457 [FXGL Background Thread 3 ] DEBUG Engine               - isExperimentalTiledLargeMap: false
11:47:39.458 [FXGL Background Thread 3 ] DEBUG Engine               - isFileSystemWriteAllowed: true
11:47:39.458 [FXGL Background Thread 3 ] DEBUG Engine               - isFullScreenAllowed: false
11:47:39.458 [FXGL Background Thread 3 ] DEBUG Engine               - isFullScreenFromStart: false
11:47:39.458 [FXGL Background Thread 3 ] DEBUG Engine               - isGameMenuEnabled: true
11:47:39.459 [FXGL Background Thread 3 ] DEBUG Engine               - isIOS: false
11:47:39.459 [FXGL Background Thread 3 ] DEBUG Engine               - isIntroEnabled: false
11:47:39.459 [FXGL Background Thread 3 ] DEBUG Engine               - isLinux: false
11:47:39.459 [FXGL Background Thread 3 ] DEBUG Engine               - isMac: false
11:47:39.459 [FXGL Background Thread 3 ] DEBUG Engine               - isMainMenuEnabled: true
11:47:39.460 [FXGL Background Thread 3 ] DEBUG Engine               - isManualResizeEnabled: false
11:47:39.460 [FXGL Background Thread 3 ] DEBUG Engine               - isMobile: false
11:47:39.460 [FXGL Background Thread 3 ] DEBUG Engine               - isNative: false
11:47:39.460 [FXGL Background Thread 3 ] DEBUG Engine               - isPauseMusicWhenMinimized: true
11:47:39.460 [FXGL Background Thread 3 ] DEBUG Engine               - isPreserveResizeRatio: false
11:47:39.461 [FXGL Background Thread 3 ] DEBUG Engine               - isProfilingEnabled: false
11:47:39.461 [FXGL Background Thread 3 ] DEBUG Engine               - isScaleAffectedOnResize: true
11:47:39.461 [FXGL Background Thread 3 ] DEBUG Engine               - isSingleStep: false
11:47:39.461 [FXGL Background Thread 3 ] DEBUG Engine               - isUserProfileEnabled: false
11:47:39.461 [FXGL Background Thread 3 ] DEBUG Engine               - isWindows: true
11:47:39.461 [FXGL Background Thread 3 ] DEBUG Engine               - language: ObjectProperty [value: ENGLISH]
11:47:39.461 [FXGL Background Thread 3 ] DEBUG Engine               - menuKey: ESCAPE
11:47:39.462 [FXGL Background Thread 3 ] DEBUG Engine               - mouseSensitivity: 0.2
11:47:39.462 [FXGL Background Thread 3 ] DEBUG Engine               - notificationViewClass: class com.almasb.fxgl.notification.view.XboxNotificationView
11:47:39.462 [FXGL Background Thread 3 ] DEBUG Engine               - pixelsPerMeter: 50.0
11:47:39.462 [FXGL Background Thread 3 ] DEBUG Engine               - platform: WINDOWS
11:47:39.462 [FXGL Background Thread 3 ] DEBUG Engine               - prefHeightProperty: ReadOnlyDoubleProperty [value: 720.0]
11:47:39.462 [FXGL Background Thread 3 ] DEBUG Engine               - prefWidthProperty: ReadOnlyDoubleProperty [value: 720.0]
11:47:39.463 [FXGL Background Thread 3 ] DEBUG Engine               - profileDir: profiles/
11:47:39.463 [FXGL Background Thread 3 ] DEBUG Engine               - profileName: StringProperty [value: DEFAULT]
11:47:39.463 [FXGL Background Thread 3 ] DEBUG Engine               - randomSeed: -1
11:47:39.464 [FXGL Background Thread 3 ] DEBUG Engine               - runtimeInfo: RuntimeInfo(platform=WINDOWS, version=17.3, build=30.03.2023 11.49)
11:47:39.464 [FXGL Background Thread 3 ] DEBUG Engine               - saveFileExt: sav
11:47:39.464 [FXGL Background Thread 3 ] DEBUG Engine               - scaledHeightProp$fxgl: DoubleProperty [bound, value: 720.0]
11:47:39.465 [FXGL Background Thread 3 ] DEBUG Engine               - scaledWidthProp$fxgl: DoubleProperty [bound, value: 720.0]
11:47:39.465 [FXGL Background Thread 3 ] DEBUG Engine               - sceneFactory: com.example.flat2d.GameApp$1@427f15ed
11:47:39.465 [FXGL Background Thread 3 ] DEBUG Engine               - secondsIn24h: 60
11:47:39.465 [FXGL Background Thread 3 ] DEBUG Engine               - soundMenuBack: menu/back.wav
11:47:39.465 [FXGL Background Thread 3 ] DEBUG Engine               - soundMenuPress: menu/press.wav
11:47:39.465 [FXGL Background Thread 3 ] DEBUG Engine               - soundMenuSelect: menu/select.wav
11:47:39.465 [FXGL Background Thread 3 ] DEBUG Engine               - soundNotification: core/notification.wav
11:47:39.466 [FXGL Background Thread 3 ] DEBUG Engine               - stageStyle: DECORATED
11:47:39.466 [FXGL Background Thread 3 ] DEBUG Engine               - supportedLanguages: [ENGLISH, FRENCH, GERMAN, HUNGARIAN, RUSSIAN]
11:47:39.466 [FXGL Background Thread 3 ] DEBUG Engine               - ticksPerSecond: -1
11:47:39.466 [FXGL Background Thread 3 ] DEBUG Engine               - title: Adventures of Sir Vim Zarado
11:47:39.467 [FXGL Background Thread 3 ] DEBUG Engine               - urlGithub: https://github.com/AlmasB/FXGL
11:47:39.467 [FXGL Background Thread 3 ] DEBUG Engine               - urlLeaderboard: http://fxgl-top.herokuapp.com/
11:47:39.467 [FXGL Background Thread 3 ] DEBUG Engine               - urlPOM: https://raw.githubusercontent.com/AlmasB/FXGL/release/README.md
11:47:39.467 [FXGL Background Thread 3 ] DEBUG Engine               - userAppClass: class com.example.flat2d.GameApp
11:47:39.467 [FXGL Background Thread 3 ] DEBUG Engine               - version: 0.0
11:47:39.467 [FXGL Background Thread 3 ] DEBUG Engine               - versionCheckDays: 7
11:47:39.468 [FXGL Background Thread 3 ] DEBUG Engine               - width: 720
11:47:39.468 [FXGL Background Thread 3 ] DEBUG Engine               - Logging services
11:47:39.468 [FXGL Background Thread 3 ] DEBUG Engine               - class com.almasb.fxgl.app.services.FXGLAssetLoaderService
11:47:39.468 [FXGL Background Thread 3 ] DEBUG Engine               - class com.almasb.fxgl.app.FXGLApplication$GameApplicationService
11:47:39.468 [FXGL Background Thread 3 ] DEBUG Engine               - class com.almasb.fxgl.app.services.FXGLDialogService
11:47:39.468 [FXGL Background Thread 3 ] DEBUG Engine               - class com.almasb.fxgl.app.services.IOTaskExecutorService
11:47:39.469 [FXGL Background Thread 3 ] DEBUG Engine               - class com.almasb.fxgl.io.FileSystemService
11:47:39.469 [FXGL Background Thread 3 ] DEBUG Engine               - class com.almasb.fxgl.localization.LocalizationService
11:47:39.469 [FXGL Background Thread 3 ] DEBUG Engine               - class com.almasb.fxgl.app.services.SystemBundleService
11:47:39.469 [FXGL Background Thread 3 ] DEBUG Engine               - class com.almasb.fxgl.profile.SaveLoadService
11:47:39.469 [FXGL Background Thread 3 ] DEBUG Engine               - class com.almasb.fxgl.ui.FXGLUIFactoryServiceProvider
11:47:39.469 [FXGL Background Thread 3 ] DEBUG Engine               - class com.almasb.fxgl.ui.FXGLDialogFactoryServiceProvider
11:47:39.469 [FXGL Background Thread 3 ] DEBUG Engine               - class com.almasb.fxgl.audio.AudioPlayer
11:47:39.469 [FXGL Background Thread 3 ] DEBUG Engine               - class com.almasb.fxgl.notification.impl.NotificationServiceProvider
11:47:39.469 [FXGL Background Thread 3 ] DEBUG Engine               - class com.almasb.fxgl.achievement.AchievementService
11:47:39.470 [FXGL Background Thread 3 ] DEBUG Engine               - class com.almasb.fxgl.cutscene.CutsceneService
11:47:39.470 [FXGL Background Thread 3 ] DEBUG Engine               - class com.almasb.fxgl.minigames.MiniGameService
11:47:39.470 [FXGL Background Thread 3 ] DEBUG Engine               - class com.almasb.fxgl.net.NetService
11:47:39.470 [FXGL Background Thread 3 ] DEBUG Engine               - class com.almasb.fxgl.app.services.UpdaterService
11:47:39.470 [FXGL Background Thread 3 ] DEBUG Engine               - class com.almasb.fxgl.dev.DevService
11:48:11.870 [JavaFX Application Thread] DEBUG Menu                 - fireNewGame()
11:48:11.871 [JavaFX Application Thread] DEBUG GameApplicationServi - Starting new game
11:48:11.872 [JavaFX Application Thread] DEBUG PrimaryStageWindow   - Pop state: GameMainMenu
11:48:11.872 [JavaFX Application Thread] DEBUG Input                - Clearing active input actions
11:48:11.877 [JavaFX Application Thread] DEBUG GameApplicationServi - Removing overlay from GameMainMenu and adding to FXGLMainMenuDummyScene
11:48:11.886 [JavaFX Application Thread] DEBUG PrimaryStageWindow   - FXGLMainMenuDummyScene <- GameMainMenu
11:48:11.887 [JavaFX Application Thread] DEBUG Input                - Clearing active input actions
11:48:11.920 [JavaFX Application Thread] DEBUG GameApplicationServi - Removing overlay from FXGLMainMenuDummyScene and adding to FXGLLoadingScene
11:48:11.923 [JavaFX Application Thread] DEBUG PrimaryStageWindow   - FXGLMainMenuDummyScene -> FXGLLoadingScene
11:48:11.924 [JavaFX Application Thread] DEBUG GameApplicationServi - Clearing previous game
11:48:11.924 [JavaFX Application Thread] DEBUG GameScene            - Clearing game scene
11:48:11.925 [JavaFX Application Thread] DEBUG GameWorld            - Clearing game world
11:48:11.926 [JavaFX Application Thread] DEBUG PhysicsWorld         - Clearing physics world
11:48:11.933 [FXGL Background Thread 2 ] DEBUG FXGLApplication      - Initializing game
11:48:12.111 [FXGL Background Thread 2 ] WARN  TMXLevelLoader       - TiledMap generated from 1.10.2. Supported version: 1.9.0. Some features may not be parsed fully.
11:48:12.129 [FXGL Background Thread 2 ] DEBUG TMXLevelLoader       - Parsed TiledMap: file:/C:/Users/USER/IdeaProjects/2DGame/target/classes/assets/levels/tmx/map-iguess.tmx
11:48:12.131 [FXGL Background Thread 2 ] DEBUG TMXLevelLoader       - Creating tile layer entities
11:48:12.137 [FXGL Background Thread 2 ] DEBUG TilesetLoader        - Loading view for layer Tile Layer 1
11:48:12.138 [FXGL Background Thread 2 ] DEBUG TilesetLoader        - Created buffer with size 1152.0x1152.0
11:48:12.164 [FXGL Background Thread 2 ] DEBUG TMXLevelLoader       - Creating object layer entities
11:48:12.165 [FXGL Background Thread 2 ] DEBUG GameWorld            - Clearing removable entities
11:48:12.169 [FXGL Background Thread 2 ] DEBUG GameWorld            - Setting level: com.almasb.fxgl.entity.level.Level@1a767f14
11:48:12.188 [FXGL Background Thread 2 ] DEBUG FXGLAssetLoaderServi - Loading from file system: file:/C:/Users/USER/IdeaProjects/2DGame/target/classes/assets/textures/lecatmoves.png
11:48:12.191 [FXGL Background Thread 2 ] DEBUG FXGLAssetLoaderServi - Loading from file system: file:/C:/Users/USER/IdeaProjects/2DGame/target/classes/assets/textures/CatOne.png
11:48:12.194 [FXGL Background Thread 2 ] DEBUG FXGLAssetLoaderServi - Loading from file system: file:/C:/Users/USER/IdeaProjects/2DGame/target/classes/assets/textures/CatTwo.png
11:48:12.196 [FXGL Background Thread 2 ] DEBUG FXGLAssetLoaderServi - Loading from file system: file:/C:/Users/USER/IdeaProjects/2DGame/target/classes/assets/textures/CatThree.png
11:48:12.198 [FXGL Background Thread 2 ] DEBUG FXGLAssetLoaderServi - Loading from file system: file:/C:/Users/USER/IdeaProjects/2DGame/target/classes/assets/textures/CatFour.png
11:48:12.272 [FXGL Background Thread 2 ] INFO  FXGLApplication      - Game initialization took: 0.340 sec
11:48:12.275 [JavaFX Application Thread] DEBUG Input                - Clearing active input actions
11:48:12.290 [JavaFX Application Thread] DEBUG GameApplicationServi - Removing overlay from FXGLLoadingScene and adding to GameScene
11:48:12.302 [JavaFX Application Thread] DEBUG PrimaryStageWindow   - FXGLLoadingScene -> GameScene
11:48:13.376 [JavaFX Application Thread] DEBUG FXGLAssetLoaderServi - Loading from file system: file:/C:/Users/USER/IdeaProjects/2DGame/target/classes/assets/textures/spr_bullet_strip.png
11:48:14.773 [JavaFX Application Thread] DEBUG FXGLAssetLoaderServi - Loading from file system: file:/C:/Users/USER/IdeaProjects/2DGame/target/classes/assets/textures/wolf-runing-cycle-skin.png
11:48:21.092 [JavaFX Application Thread] DEBUG PrimaryStageWindow   - Push state: FXGLDefaultMenu
11:48:21.099 [JavaFX Application Thread] DEBUG Input                - Clearing active input actions
11:48:21.105 [JavaFX Application Thread] DEBUG GameApplicationServi - Removing overlay from GameScene and adding to FXGLDefaultMenu
11:48:21.109 [JavaFX Application Thread] DEBUG PrimaryStageWindow   - GameScene -> FXGLDefaultMenu
11:48:24.564 [JavaFX Application Thread] DEBUG Menu                 - fireExitToMainMenu()
11:48:24.569 [JavaFX Application Thread] DEBUG PrimaryStageWindow   - Push state: DialogSubScene
11:48:24.569 [JavaFX Application Thread] DEBUG Input                - Clearing active input actions
11:48:24.570 [JavaFX Application Thread] DEBUG GameApplicationServi - Removing overlay from FXGLDefaultMenu and adding to DialogSubScene
11:48:24.572 [JavaFX Application Thread] DEBUG PrimaryStageWindow   - FXGLDefaultMenu -> DialogSubScene
11:48:28.505 [JavaFX Application Thread] DEBUG PrimaryStageWindow   - Pop state: DialogSubScene
11:48:28.505 [JavaFX Application Thread] DEBUG Input                - Clearing active input actions
11:48:28.508 [JavaFX Application Thread] DEBUG GameApplicationServi - Removing overlay from DialogSubScene and adding to FXGLDefaultMenu
11:48:28.513 [JavaFX Application Thread] DEBUG PrimaryStageWindow   - FXGLDefaultMenu <- DialogSubScene
11:48:28.516 [JavaFX Application Thread] DEBUG PrimaryStageWindow   - Pop state: FXGLDefaultMenu
11:48:28.517 [JavaFX Application Thread] DEBUG Input                - Clearing active input actions
11:48:28.518 [JavaFX Application Thread] DEBUG GameApplicationServi - Removing overlay from FXGLDefaultMenu and adding to GameScene
11:48:28.519 [JavaFX Application Thread] DEBUG PrimaryStageWindow   - GameScene <- FXGLDefaultMenu
11:48:28.519 [JavaFX Application Thread] DEBUG Input                - Clearing active input actions
11:48:28.577 [JavaFX Application Thread] DEBUG GameApplicationServi - Removing overlay from GameScene and adding to FXGLMainMenuDummyScene
11:48:28.640 [JavaFX Application Thread] DEBUG PrimaryStageWindow   - GameScene -> FXGLMainMenuDummyScene
11:48:28.641 [JavaFX Application Thread] DEBUG PrimaryStageWindow   - Push state: GameMainMenu
11:48:28.641 [JavaFX Application Thread] DEBUG Input                - Clearing active input actions
11:48:28.647 [JavaFX Application Thread] DEBUG GameApplicationServi - Removing overlay from FXGLMainMenuDummyScene and adding to GameMainMenu
11:48:28.650 [JavaFX Application Thread] DEBUG PrimaryStageWindow   - FXGLMainMenuDummyScene -> GameMainMenu
11:48:34.756 [JavaFX Application Thread] DEBUG FXGLApplication      - Exiting FXGL
11:48:34.757 [JavaFX Application Thread] DEBUG LoopRunner           - Stopping loop
11:48:34.757 [JavaFX Application Thread] DEBUG SystemBundleService  - Saving FXGL system data
11:48:34.767 [JavaFX Application Thread] DEBUG FileSystemAccess     - Writing to: C:\Users\USER\IdeaProjects\2DGame\system\fxgl.bundle
11:48:34.778 [JavaFX Application Thread] DEBUG Async                - Shutting down background threads
11:48:34.780 [JavaFX Application Thread] DEBUG PrimaryStageWindow   - Closing main window
11:48:34.816 [JavaFX Application Thread] DEBUG Logger               - Closing Logger
