14:14:37.685 [main                     ] DEBUG Logger               - Configured Logger
14:14:37.713 [main                     ] DEBUG GameApplication      - Logging settings
Title: Adventures of Sir Vim Zarado
Version: 0.0
Width: 720
Height: 720
Fullscreen: false
Intro: false
Profiling: false
Single step:false
App Mode: DEVELOPER
Menu Key: ESCAPE
Stage Style: DECORATED
Scene Factory: class com.example.flat2d.GameApp$1

14:14:38.078 [JavaFX Application Thread] DEBUG FXGLApplication      - Initializing FXGL
14:14:38.083 [JavaFX Application Thread] INFO  Engine               - FXGL-17.3 (30.03.2023 11.49) on WINDOWS (J:21.0.2 FX:21)
14:14:38.084 [JavaFX Application Thread] DEBUG Engine               - JRE Vendor Name: Oracle Corporation
14:14:38.084 [JavaFX Application Thread] DEBUG Engine               - Running on OS: Windows 10 version 10.0
14:14:38.084 [JavaFX Application Thread] DEBUG Engine               - Architecture: amd64
14:14:38.084 [JavaFX Application Thread] INFO  Engine               - Source code and latest versions at: https://github.com/AlmasB/FXGL
14:14:38.085 [JavaFX Application Thread] INFO  Engine               -       Ask questions and discuss at: https://github.com/AlmasB/FXGL/discussions
14:14:38.085 [JavaFX Application Thread] INFO  Engine               -              Join the FXGL chat at: https://gitter.im/AlmasB/FXGL
14:14:38.215 [JavaFX Application Thread] DEBUG PrimaryStageWindow   - Creating a JavaFX scene
14:14:38.273 [JavaFX Application Thread] DEBUG PrimaryStageWindow   - Target settings size: 720.0 x 720.0
14:14:38.273 [JavaFX Application Thread] DEBUG PrimaryStageWindow   - Scaled scene size:    720.0 x 720.0
14:14:38.274 [JavaFX Application Thread] DEBUG PrimaryStageWindow   - Scaled ratio: (1.0, 1.0)
14:14:38.275 [JavaFX Application Thread] DEBUG PrimaryStageWindow   - Set initial scene to FXGLStartupScene
14:14:38.279 [JavaFX Application Thread] DEBUG PrimaryStageWindow   - Opening main window
14:14:38.368 [JavaFX Application Thread] DEBUG PrimaryStageWindow   - Window border size: (16.0, 39.0)
14:14:38.368 [JavaFX Application Thread] DEBUG PrimaryStageWindow   - Scaled size: 720.0 x 720.0
14:14:38.369 [JavaFX Application Thread] DEBUG PrimaryStageWindow   - Scaled ratio: (1.0, 1.0)
14:14:38.370 [JavaFX Application Thread] DEBUG PrimaryStageWindow   - Scene size: 720.0 x 720.0
14:14:38.370 [JavaFX Application Thread] DEBUG PrimaryStageWindow   - Stage size: 736.0 x 759.0
14:14:38.379 [FXGL Background Thread 1 ] DEBUG Engine               - Initializing environment variables
14:14:38.453 [FXGL Background Thread 1 ] DEBUG FXGLAssetLoaderServi - User app class for loading assets: class com.example.flat2d.GameApp
14:14:38.454 [FXGL Background Thread 1 ] DEBUG GameApplicationServi - Applying CSS: fxgl_dark.css
14:14:38.455 [FXGL Background Thread 1 ] DEBUG FXGLAssetLoaderServi - Loading from file system: jar:file:///C:/Users/USER/.m2/repository/com/github/almasb/fxgl/17.3/fxgl-17.3.jar!/fxglassets/ui/css/fxgl_dark.css
14:14:38.521 [FXGL Background Thread 1 ] DEBUG GameApplicationServi - Initializing application scenes
14:14:38.612 [FXGL Background Thread 1 ] DEBUG GameWorld            - Game world initialized
14:14:38.691 [FXGL Background Thread 1 ] DEBUG PhysicsWorld         - Physics world initialized: appHeight=720, physics.ppm=50.0
14:14:38.691 [FXGL Background Thread 1 ] DEBUG PhysicsWorld         - Using strategy: BRUTE_FORCE
14:14:38.696 [FXGL Background Thread 1 ] DEBUG GameScene            - Game scene initialized: 720x720
14:14:38.699 [FXGL Background Thread 1 ] DEBUG FXGLAssetLoaderServi - Loading from file system: file:/C:/Users/USER/IdeaProjects/CSIT228-F3-Finals/target/classes/assets/textures/background/main-screen.jpg
14:14:38.800 [FXGL Background Thread 1 ] DEBUG FXGLAssetLoaderServi - Loading from file system: file:/C:/Users/USER/IdeaProjects/CSIT228-F3-Finals/target/classes/assets/textures/profile-pic.jpg
14:14:38.816 [FXGL Background Thread 1 ] WARN  FXGL.DefaultMenu     - FXGLDefaultMenu is not designed for resolutions < 800x600
14:14:38.816 [FXGL Background Thread 1 ] DEBUG FXGL.DefaultMenu     - createMenuBodyGameMenu()
14:14:38.829 [FXGL Background Thread 1 ] DEBUG FXGL.DefaultMenu     - createOptionsMenu()
14:14:38.836 [FXGL Background Thread 1 ] DEBUG FXGLAssetLoaderServi - Loading from file system: jar:file:///C:/Users/USER/.m2/repository/com/github/almasb/fxgl/17.3/fxgl-17.3.jar!/fxglassets/textures/particles/smoke.png
14:14:38.938 [FXGL Background Thread 1 ] DEBUG FXGLAssetLoaderServi - Loading from file system: jar:file:///C:/Users/USER/.m2/repository/com/github/almasb/fxgl/17.3/fxgl-17.3.jar!/fxglassets/textures/particles/trace_horizontal.png
14:14:38.974 [FXGL Background Thread 1 ] DEBUG GameApplicationServi - Application scenes initialized
14:14:38.988 [FXGL Background Thread 1 ] DEBUG SystemBundleService  - Loading FXGL system data
14:14:38.993 [FXGL Background Thread 1 ] DEBUG FileSystemAccess     - Reading from: C:\Users\USER\IdeaProjects\CSIT228-F3-Finals\system\fxgl.bundle
14:14:39.006 [FXGL Background Thread 1 ] DEBUG SystemBundleService  - Bundle FXGL: {}
14:14:39.006 [FXGL Background Thread 1 ] DEBUG UpdaterService       - Checking for updates
14:14:39.052 [FXGL Background Thread 1 ] DEBUG FXGLApplication      - Loading default localization
14:14:39.053 [FXGL Background Thread 1 ] DEBUG FXGLAssetLoaderServi - Loading from file system: jar:file:///C:/Users/USER/.m2/repository/com/github/almasb/fxgl/17.3/fxgl-17.3.jar!/fxglassets/languages/english.lang
14:14:39.067 [FXGL Background Thread 4 ] DEBUG FXGLApplication      - Loading fonts
14:14:39.068 [FXGL Background Thread 4 ] DEBUG FXGLAssetLoaderServi - Loading from file system: jar:file:///C:/Users/USER/.m2/repository/com/github/almasb/fxgl/17.3/fxgl-17.3.jar!/fxglassets/ui/fonts/VarelaRound-Regular.ttf
14:14:39.080 [FXGL Background Thread 1 ] INFO  FXGLApplication      - FXGL initialization took: 0.701 sec
14:14:39.091 [JavaFX Application Thread] DEBUG Input                - Registered new binding: Up - W
14:14:39.091 [JavaFX Application Thread] DEBUG Input                - Registered new binding: Right - D
14:14:39.091 [JavaFX Application Thread] DEBUG Input                - Registered new binding: Left - A
14:14:39.091 [JavaFX Application Thread] DEBUG Input                - Registered new binding: Down - S
14:14:39.093 [JavaFX Application Thread] DEBUG Input                - Registered new binding: IDK - RMB
14:14:39.093 [JavaFX Application Thread] DEBUG FXGLAssetLoaderServi - Loading from file system: file:/C:/Users/USER/IdeaProjects/CSIT228-F3-Finals/target/classes/assets/music/opening.mp3
14:14:39.163 [FXGL Background Thread 4 ] DEBUG FXGLAssetLoaderServi - Loading from file system: jar:file:///C:/Users/USER/.m2/repository/com/github/almasb/fxgl/17.3/fxgl-17.3.jar!/fxglassets/ui/fonts/Abel-Regular.ttf
14:14:39.192 [FXGL Background Thread 4 ] DEBUG FXGLAssetLoaderServi - Loading from file system: jar:file:///C:/Users/USER/.m2/repository/com/github/almasb/fxgl/17.3/fxgl-17.3.jar!/fxglassets/ui/fonts/TerminalLandMono-Regular.otf
14:14:39.215 [FXGL Background Thread 4 ] DEBUG FXGLAssetLoaderServi - Loading from file system: jar:file:///C:/Users/USER/.m2/repository/com/github/almasb/fxgl/17.3/fxgl-17.3.jar!/fxglassets/ui/fonts/Courier-Prime.ttf
14:14:39.312 [JavaFX Application Thread] DEBUG AudioPlayer          - Playing music com.almasb.fxgl.audio.Music@54679853
14:14:39.313 [JavaFX Application Thread] DEBUG FXGLAssetLoaderServi - Loading from file system: jar:file:///C:/Users/USER/.m2/repository/com/github/almasb/fxgl/17.3/fxgl-17.3.jar!/fxglassets/textures/fxgl_icon.png
14:14:39.335 [JavaFX Application Thread] DEBUG FXGLAssetLoaderServi - Loading from file system: jar:file:///C:/Users/USER/.m2/repository/com/github/almasb/fxgl/17.3/fxgl-17.3.jar!/fxglassets/textures/fxgl_default_cursor.png
14:14:39.338 [JavaFX Application Thread] DEBUG Input                - Registered new binding: Screenshot - CTRL+8
14:14:39.339 [JavaFX Application Thread] DEBUG Input                - Registered new binding: Dev Options - 1
14:14:39.339 [JavaFX Application Thread] DEBUG Input                - Registered new binding: Dev Console - 2
14:14:39.340 [JavaFX Application Thread] DEBUG Input                - Registered new binding: System info dump - CTRL+9
14:14:39.340 [JavaFX Application Thread] DEBUG Input                - Registered new binding: Restart - CTRL+R
14:14:39.341 [JavaFX Application Thread] DEBUG Input                - Registered new binding: Toggle Debug Camera - CTRL+7
14:14:39.345 [JavaFX Application Thread] DEBUG LoopRunner           - Starting loop
14:14:39.352 [JavaFX Application Thread] DEBUG LoopRunner           - Initializing JavaFX AnimationTimerLoop
14:14:39.355 [JavaFX Application Thread] DEBUG Input                - Clearing active input actions
14:14:39.369 [JavaFX Application Thread] DEBUG GameApplicationServi - Removing overlay from FXGLStartupScene and adding to FXGLMainMenuDummyScene
14:14:39.373 [JavaFX Application Thread] DEBUG PrimaryStageWindow   - FXGLStartupScene -> FXGLMainMenuDummyScene
14:14:39.374 [JavaFX Application Thread] DEBUG PrimaryStageWindow   - Push state: GameMainMenu
14:14:39.374 [JavaFX Application Thread] DEBUG Input                - Clearing active input actions
14:14:39.381 [JavaFX Application Thread] DEBUG GameApplicationServi - Removing overlay from FXGLMainMenuDummyScene and adding to GameMainMenu
14:14:39.382 [JavaFX Application Thread] DEBUG PrimaryStageWindow   - FXGLMainMenuDummyScene -> GameMainMenu
14:14:39.383 [JavaFX Application Thread] DEBUG FXGLApplication      - Registering font factories with UI factory
14:14:39.965 [FXGL Background Thread 2 ] INFO  UpdaterService       - Your current version:  17.3
14:14:39.965 [FXGL Background Thread 2 ] INFO  UpdaterService       - Latest stable version: 21.1
14:14:41.093 [JavaFX Application Thread] DEBUG AudioPlayer          - Stopping music com.almasb.fxgl.audio.Music@54679853
14:14:41.138 [JavaFX Application Thread] DEBUG FXGLAssetLoaderServi - Loading from file system: file:/C:/Users/USER/IdeaProjects/CSIT228-F3-Finals/target/classes/assets/music/game-music.mp3
14:14:41.141 [JavaFX Application Thread] DEBUG AudioPlayer          - Playing music com.almasb.fxgl.audio.Music@35d55d25
14:14:41.141 [JavaFX Application Thread] DEBUG Menu                 - fireNewGame()
14:14:41.141 [JavaFX Application Thread] DEBUG GameApplicationServi - Starting new game
14:14:41.141 [JavaFX Application Thread] DEBUG PrimaryStageWindow   - Pop state: GameMainMenu
14:14:41.141 [JavaFX Application Thread] DEBUG Input                - Clearing active input actions
14:14:41.143 [JavaFX Application Thread] DEBUG GameApplicationServi - Removing overlay from GameMainMenu and adding to FXGLMainMenuDummyScene
14:14:41.145 [JavaFX Application Thread] DEBUG PrimaryStageWindow   - FXGLMainMenuDummyScene <- GameMainMenu
14:14:41.146 [JavaFX Application Thread] DEBUG Input                - Clearing active input actions
14:14:41.154 [JavaFX Application Thread] DEBUG GameApplicationServi - Removing overlay from FXGLMainMenuDummyScene and adding to FXGLLoadingScene
14:14:41.154 [JavaFX Application Thread] DEBUG PrimaryStageWindow   - FXGLMainMenuDummyScene -> FXGLLoadingScene
14:14:41.154 [JavaFX Application Thread] DEBUG GameApplicationServi - Clearing previous game
14:14:41.154 [JavaFX Application Thread] DEBUG GameScene            - Clearing game scene
14:14:41.155 [JavaFX Application Thread] DEBUG GameWorld            - Clearing game world
14:14:41.155 [JavaFX Application Thread] DEBUG PhysicsWorld         - Clearing physics world
14:14:41.156 [FXGL Background Thread 2 ] DEBUG FXGLApplication      - Initializing game
14:14:41.218 [FXGL Background Thread 2 ] WARN  TMXLevelLoader       - TiledMap generated from 1.10.2. Supported version: 1.9.0. Some features may not be parsed fully.
14:14:41.275 [FXGL Background Thread 2 ] DEBUG TMXLevelLoader       - Parsed TiledMap: file:/C:/Users/USER/IdeaProjects/CSIT228-F3-Finals/target/classes/assets/levels/tmx/2DGameTiledMap.tmx
14:14:41.277 [FXGL Background Thread 2 ] DEBUG TMXLevelLoader       - Creating tile layer entities
14:14:41.278 [FXGL Background Thread 2 ] DEBUG TilesetLoader        - Loading view for layer floor
14:14:41.291 [FXGL Background Thread 2 ] DEBUG TilesetLoader        - Created buffer with size 2304.0x2304.0
14:14:41.399 [FXGL Background Thread 2 ] DEBUG TilesetLoader        - Loading view for layer stuff
14:14:41.413 [FXGL Background Thread 2 ] DEBUG TilesetLoader        - Created buffer with size 2304.0x2304.0
14:14:41.422 [FXGL Background Thread 2 ] DEBUG TilesetLoader        - Loading view for layer decor
14:14:41.433 [FXGL Background Thread 2 ] DEBUG TilesetLoader        - Created buffer with size 2304.0x2304.0
14:14:41.441 [FXGL Background Thread 2 ] DEBUG TilesetLoader        - Loading view for layer more
14:14:41.451 [FXGL Background Thread 2 ] DEBUG TilesetLoader        - Created buffer with size 2304.0x2304.0
14:14:41.455 [FXGL Background Thread 2 ] DEBUG TMXLevelLoader       - Creating object layer entities
14:14:41.522 [FXGL Background Thread 2 ] DEBUG FXGLAssetLoaderServi - Loading from file system: file:/C:/Users/USER/IdeaProjects/CSIT228-F3-Finals/target/classes/assets/textures/background/torch.gif
14:14:41.578 [FXGL Background Thread 2 ] DEBUG FXGLAssetLoaderServi - Loading from file system: file:/C:/Users/USER/IdeaProjects/CSIT228-F3-Finals/target/classes/assets/textures/background/eyes-hole.gif
14:14:41.666 [FXGL Background Thread 2 ] DEBUG GameWorld            - Clearing removable entities
14:14:41.667 [FXGL Background Thread 2 ] DEBUG GameWorld            - Setting level: com.almasb.fxgl.entity.level.Level@3008bea1
14:14:41.675 [FXGL Background Thread 2 ] DEBUG FXGLAssetLoaderServi - Loading from file system: file:/C:/Users/USER/IdeaProjects/CSIT228-F3-Finals/target/classes/assets/textures/player/lecatmoves.png
14:14:41.676 [FXGL Background Thread 2 ] DEBUG FXGLAssetLoaderServi - Loading from file system: file:/C:/Users/USER/IdeaProjects/CSIT228-F3-Finals/target/classes/assets/textures/player/CatOne.png
14:14:41.677 [FXGL Background Thread 2 ] DEBUG FXGLAssetLoaderServi - Loading from file system: file:/C:/Users/USER/IdeaProjects/CSIT228-F3-Finals/target/classes/assets/textures/player/CatThree.png
14:14:41.678 [FXGL Background Thread 2 ] DEBUG FXGLAssetLoaderServi - Loading from file system: file:/C:/Users/USER/IdeaProjects/CSIT228-F3-Finals/target/classes/assets/textures/player/CatFour.png
14:14:41.700 [FXGL Background Thread 2 ] INFO  FXGLApplication      - Game initialization took: 0.543 sec
14:14:41.703 [JavaFX Application Thread] DEBUG Input                - Clearing active input actions
14:14:41.711 [JavaFX Application Thread] DEBUG GameApplicationServi - Removing overlay from FXGLLoadingScene and adding to GameScene
14:14:41.716 [JavaFX Application Thread] DEBUG PrimaryStageWindow   - FXGLLoadingScene -> GameScene
14:14:42.040 [FXGL Background Thread 3 ] DEBUG Engine               - Logging environment variables
14:14:42.044 [FXGL Background Thread 3 ] DEBUG Engine               - achievements: []
14:14:42.044 [FXGL Background Thread 3 ] DEBUG Engine               - actualHeight: 720.0
14:14:42.044 [FXGL Background Thread 3 ] DEBUG Engine               - actualHeightProperty: ReadOnlyDoubleProperty [value: 720.0]
14:14:42.045 [FXGL Background Thread 3 ] DEBUG Engine               - actualWidth: 720.0
14:14:42.045 [FXGL Background Thread 3 ] DEBUG Engine               - actualWidthProperty: ReadOnlyDoubleProperty [value: 720.0]
14:14:42.045 [FXGL Background Thread 3 ] DEBUG Engine               - appIcon: fxgl_icon.png
14:14:42.045 [FXGL Background Thread 3 ] DEBUG Engine               - applicationMode: DEVELOPER
14:14:42.045 [FXGL Background Thread 3 ] DEBUG Engine               - cSSList: [fxgl_dark.css]
14:14:42.045 [FXGL Background Thread 3 ] DEBUG Engine               - collisionDetectionStrategy: BRUTE_FORCE
14:14:42.045 [FXGL Background Thread 3 ] DEBUG Engine               - configClass: Optional[class com.example.flat2d.Misc.Config]
14:14:42.045 [FXGL Background Thread 3 ] DEBUG Engine               - credits: []
14:14:42.049 [FXGL Background Thread 3 ] DEBUG Engine               - defaultCursor: CursorInfo(imageName=fxgl_default_cursor.png, hotspotX=7.0, hotspotY=6.0)
14:14:42.054 [FXGL Background Thread 3 ] DEBUG Engine               - devBBoxColorProperty: ObjectProperty [value: 0xff0000ff]
14:14:42.054 [FXGL Background Thread 3 ] DEBUG Engine               - devEnableDebugCameraProperty: BooleanProperty [value: false]
14:14:42.054 [FXGL Background Thread 3 ] DEBUG Engine               - devSensorColorProperty: ObjectProperty [value: 0xffff00ff]
14:14:42.054 [FXGL Background Thread 3 ] DEBUG Engine               - devShowBBoxProperty: BooleanProperty [value: false]
14:14:42.054 [FXGL Background Thread 3 ] DEBUG Engine               - devShowPositionProperty: BooleanProperty [value: false]
14:14:42.054 [FXGL Background Thread 3 ] DEBUG Engine               - enabledMenuItems: []
14:14:42.054 [FXGL Background Thread 3 ] DEBUG Engine               - engineServices: [class com.almasb.fxgl.app.services.FXGLAssetLoaderService, class com.almasb.fxgl.app.FXGLApplication$GameApplicationService, class com.almasb.fxgl.app.services.FXGLDialogService, class com.almasb.fxgl.app.services.IOTaskExecutorService, class com.almasb.fxgl.io.FileSystemService, class com.almasb.fxgl.localization.LocalizationService, class com.almasb.fxgl.app.services.SystemBundleService, class com.almasb.fxgl.profile.SaveLoadService, class com.almasb.fxgl.ui.FXGLUIFactoryServiceProvider, class com.almasb.fxgl.ui.FXGLDialogFactoryServiceProvider, class com.almasb.fxgl.audio.AudioPlayer, class com.almasb.fxgl.notification.impl.NotificationServiceProvider, class com.almasb.fxgl.achievement.AchievementService, class com.almasb.fxgl.cutscene.CutsceneService, class com.almasb.fxgl.minigames.MiniGameService, class com.almasb.fxgl.net.NetService, class com.almasb.fxgl.app.services.UpdaterService, class com.almasb.fxgl.dev.DevService]
14:14:42.054 [FXGL Background Thread 3 ] DEBUG Engine               - fontGame: Abel-Regular.ttf
14:14:42.054 [FXGL Background Thread 3 ] DEBUG Engine               - fontMono: TerminalLandMono-Regular.otf
14:14:42.055 [FXGL Background Thread 3 ] DEBUG Engine               - fontSizeScaleUI: 1.0
14:14:42.055 [FXGL Background Thread 3 ] DEBUG Engine               - fontText: Courier-Prime.ttf
14:14:42.055 [FXGL Background Thread 3 ] DEBUG Engine               - fontUI: VarelaRound-Regular.ttf
14:14:42.055 [FXGL Background Thread 3 ] DEBUG Engine               - fullScreen: BooleanProperty [value: false]
14:14:42.055 [FXGL Background Thread 3 ] DEBUG Engine               - gameDifficulty: MEDIUM
14:14:42.055 [FXGL Background Thread 3 ] DEBUG Engine               - gameDifficultyProperty: ObjectProperty [value: MEDIUM]
14:14:42.055 [FXGL Background Thread 3 ] DEBUG Engine               - globalMusicVolume: 0.5
14:14:42.055 [FXGL Background Thread 3 ] DEBUG Engine               - globalMusicVolumeProperty: DoubleProperty [value: 0.5]
14:14:42.055 [FXGL Background Thread 3 ] DEBUG Engine               - globalSoundVolume: 0.5
14:14:42.056 [FXGL Background Thread 3 ] DEBUG Engine               - globalSoundVolumeProperty: DoubleProperty [value: 0.25]
14:14:42.056 [FXGL Background Thread 3 ] DEBUG Engine               - height: 720
14:14:42.056 [FXGL Background Thread 3 ] DEBUG Engine               - is3D: false
14:14:42.056 [FXGL Background Thread 3 ] DEBUG Engine               - isAndroid: false
14:14:42.056 [FXGL Background Thread 3 ] DEBUG Engine               - isBrowser: false
14:14:42.056 [FXGL Background Thread 3 ] DEBUG Engine               - isClickFeedbackEnabled: false
14:14:42.056 [FXGL Background Thread 3 ] DEBUG Engine               - isCloseConfirmation: false
14:14:42.056 [FXGL Background Thread 3 ] DEBUG Engine               - isDesktop: true
14:14:42.056 [FXGL Background Thread 3 ] DEBUG Engine               - isDeveloperMenuEnabled: true
14:14:42.056 [FXGL Background Thread 3 ] DEBUG Engine               - isEmbedded: false
14:14:42.056 [FXGL Background Thread 3 ] DEBUG Engine               - isEntityPreloadEnabled: true
14:14:42.056 [FXGL Background Thread 3 ] DEBUG Engine               - isExperimentalTiledLargeMap: false
14:14:42.056 [FXGL Background Thread 3 ] DEBUG Engine               - isFileSystemWriteAllowed: true
14:14:42.056 [FXGL Background Thread 3 ] DEBUG Engine               - isFullScreenAllowed: false
14:14:42.056 [FXGL Background Thread 3 ] DEBUG Engine               - isFullScreenFromStart: false
14:14:42.057 [FXGL Background Thread 3 ] DEBUG Engine               - isGameMenuEnabled: true
14:14:42.057 [FXGL Background Thread 3 ] DEBUG Engine               - isIOS: false
14:14:42.057 [FXGL Background Thread 3 ] DEBUG Engine               - isIntroEnabled: false
14:14:42.057 [FXGL Background Thread 3 ] DEBUG Engine               - isLinux: false
14:14:42.057 [FXGL Background Thread 3 ] DEBUG Engine               - isMac: false
14:14:42.057 [FXGL Background Thread 3 ] DEBUG Engine               - isMainMenuEnabled: true
14:14:42.057 [FXGL Background Thread 3 ] DEBUG Engine               - isManualResizeEnabled: false
14:14:42.057 [FXGL Background Thread 3 ] DEBUG Engine               - isMobile: false
14:14:42.057 [FXGL Background Thread 3 ] DEBUG Engine               - isNative: false
14:14:42.057 [FXGL Background Thread 3 ] DEBUG Engine               - isPauseMusicWhenMinimized: true
14:14:42.057 [FXGL Background Thread 3 ] DEBUG Engine               - isPreserveResizeRatio: false
14:14:42.057 [FXGL Background Thread 3 ] DEBUG Engine               - isProfilingEnabled: false
14:14:42.058 [FXGL Background Thread 3 ] DEBUG Engine               - isScaleAffectedOnResize: true
14:14:42.058 [FXGL Background Thread 3 ] DEBUG Engine               - isSingleStep: false
14:14:42.058 [FXGL Background Thread 3 ] DEBUG Engine               - isUserProfileEnabled: false
14:14:42.058 [FXGL Background Thread 3 ] DEBUG Engine               - isWindows: true
14:14:42.058 [FXGL Background Thread 3 ] DEBUG Engine               - language: ObjectProperty [value: ENGLISH]
14:14:42.058 [FXGL Background Thread 3 ] DEBUG Engine               - menuKey: ESCAPE
14:14:42.058 [FXGL Background Thread 3 ] DEBUG Engine               - mouseSensitivity: 0.2
14:14:42.058 [FXGL Background Thread 3 ] DEBUG Engine               - notificationViewClass: class com.almasb.fxgl.notification.view.XboxNotificationView
14:14:42.058 [FXGL Background Thread 3 ] DEBUG Engine               - pixelsPerMeter: 50.0
14:14:42.058 [FXGL Background Thread 3 ] DEBUG Engine               - platform: WINDOWS
14:14:42.058 [FXGL Background Thread 3 ] DEBUG Engine               - prefHeightProperty: ReadOnlyDoubleProperty [value: 720.0]
14:14:42.058 [FXGL Background Thread 3 ] DEBUG Engine               - prefWidthProperty: ReadOnlyDoubleProperty [value: 720.0]
14:14:42.058 [FXGL Background Thread 3 ] DEBUG Engine               - profileDir: profiles/
14:14:42.059 [FXGL Background Thread 3 ] DEBUG Engine               - profileName: StringProperty [value: DEFAULT]
14:14:42.059 [FXGL Background Thread 3 ] DEBUG Engine               - randomSeed: -1
14:14:42.059 [FXGL Background Thread 3 ] DEBUG Engine               - runtimeInfo: RuntimeInfo(platform=WINDOWS, version=17.3, build=30.03.2023 11.49)
14:14:42.059 [FXGL Background Thread 3 ] DEBUG Engine               - saveFileExt: sav
14:14:42.060 [FXGL Background Thread 3 ] DEBUG Engine               - scaledHeightProp$fxgl: DoubleProperty [bound, value: 720.0]
14:14:42.060 [FXGL Background Thread 3 ] DEBUG Engine               - scaledWidthProp$fxgl: DoubleProperty [bound, value: 720.0]
14:14:42.060 [FXGL Background Thread 3 ] DEBUG Engine               - sceneFactory: com.example.flat2d.GameApp$1@3dbe9243
14:14:42.060 [FXGL Background Thread 3 ] DEBUG Engine               - secondsIn24h: 60
14:14:42.060 [FXGL Background Thread 3 ] DEBUG Engine               - soundMenuBack: menu/back.wav
14:14:42.060 [FXGL Background Thread 3 ] DEBUG Engine               - soundMenuPress: menu/press.wav
14:14:42.060 [FXGL Background Thread 3 ] DEBUG Engine               - soundMenuSelect: menu/select.wav
14:14:42.060 [FXGL Background Thread 3 ] DEBUG Engine               - soundNotification: core/notification.wav
14:14:42.060 [FXGL Background Thread 3 ] DEBUG Engine               - stageStyle: DECORATED
14:14:42.060 [FXGL Background Thread 3 ] DEBUG Engine               - supportedLanguages: [ENGLISH, FRENCH, GERMAN, HUNGARIAN, RUSSIAN]
14:14:42.060 [FXGL Background Thread 3 ] DEBUG Engine               - ticksPerSecond: -1
14:14:42.060 [FXGL Background Thread 3 ] DEBUG Engine               - title: Adventures of Sir Vim Zarado
14:14:42.060 [FXGL Background Thread 3 ] DEBUG Engine               - urlGithub: https://github.com/AlmasB/FXGL
14:14:42.060 [FXGL Background Thread 3 ] DEBUG Engine               - urlLeaderboard: http://fxgl-top.herokuapp.com/
14:14:42.073 [FXGL Background Thread 3 ] DEBUG Engine               - urlPOM: https://raw.githubusercontent.com/AlmasB/FXGL/release/README.md
14:14:42.073 [FXGL Background Thread 3 ] DEBUG Engine               - userAppClass: class com.example.flat2d.GameApp
14:14:42.074 [FXGL Background Thread 3 ] DEBUG Engine               - version: 0.0
14:14:42.074 [FXGL Background Thread 3 ] DEBUG Engine               - versionCheckDays: 7
14:14:42.074 [FXGL Background Thread 3 ] DEBUG Engine               - width: 720
14:14:42.074 [FXGL Background Thread 3 ] DEBUG Engine               - Logging services
14:14:42.074 [FXGL Background Thread 3 ] DEBUG Engine               - class com.almasb.fxgl.app.services.FXGLAssetLoaderService
14:14:42.074 [FXGL Background Thread 3 ] DEBUG Engine               - class com.almasb.fxgl.app.FXGLApplication$GameApplicationService
14:14:42.075 [FXGL Background Thread 3 ] DEBUG Engine               - class com.almasb.fxgl.app.services.FXGLDialogService
14:14:42.075 [FXGL Background Thread 3 ] DEBUG Engine               - class com.almasb.fxgl.app.services.IOTaskExecutorService
14:14:42.075 [FXGL Background Thread 3 ] DEBUG Engine               - class com.almasb.fxgl.io.FileSystemService
14:14:42.075 [FXGL Background Thread 3 ] DEBUG Engine               - class com.almasb.fxgl.localization.LocalizationService
14:14:42.075 [FXGL Background Thread 3 ] DEBUG Engine               - class com.almasb.fxgl.app.services.SystemBundleService
14:14:42.075 [FXGL Background Thread 3 ] DEBUG Engine               - class com.almasb.fxgl.profile.SaveLoadService
14:14:42.075 [FXGL Background Thread 3 ] DEBUG Engine               - class com.almasb.fxgl.ui.FXGLUIFactoryServiceProvider
14:14:42.075 [FXGL Background Thread 3 ] DEBUG Engine               - class com.almasb.fxgl.ui.FXGLDialogFactoryServiceProvider
14:14:42.075 [FXGL Background Thread 3 ] DEBUG Engine               - class com.almasb.fxgl.audio.AudioPlayer
14:14:42.075 [FXGL Background Thread 3 ] DEBUG Engine               - class com.almasb.fxgl.notification.impl.NotificationServiceProvider
14:14:42.075 [FXGL Background Thread 3 ] DEBUG Engine               - class com.almasb.fxgl.achievement.AchievementService
14:14:42.075 [FXGL Background Thread 3 ] DEBUG Engine               - class com.almasb.fxgl.cutscene.CutsceneService
14:14:42.075 [FXGL Background Thread 3 ] DEBUG Engine               - class com.almasb.fxgl.minigames.MiniGameService
14:14:42.075 [FXGL Background Thread 3 ] DEBUG Engine               - class com.almasb.fxgl.net.NetService
14:14:42.075 [FXGL Background Thread 3 ] DEBUG Engine               - class com.almasb.fxgl.app.services.UpdaterService
14:14:42.075 [FXGL Background Thread 3 ] DEBUG Engine               - class com.almasb.fxgl.dev.DevService
14:14:42.648 [JavaFX Application Thread] DEBUG FXGLAssetLoaderServi - Loading from file system: file:/C:/Users/USER/IdeaProjects/CSIT228-F3-Finals/target/classes/assets/textures/skill/spr_bullet_strip.png
14:14:43.941 [JavaFX Application Thread] DEBUG FXGLAssetLoaderServi - Loading from file system: file:/C:/Users/USER/IdeaProjects/CSIT228-F3-Finals/target/classes/assets/textures/basic/NormalWalk2.png
14:14:43.944 [JavaFX Application Thread] DEBUG FXGLAssetLoaderServi - Loading from file system: file:/C:/Users/USER/IdeaProjects/CSIT228-F3-Finals/target/classes/assets/textures/basic/NormalDead2.png
14:14:43.946 [JavaFX Application Thread] DEBUG FXGLAssetLoaderServi - Loading from file system: file:/C:/Users/USER/IdeaProjects/CSIT228-F3-Finals/target/classes/assets/textures/basic/NormalAttack2.png
14:14:54.323 [JavaFX Application Thread] DEBUG FXGLAssetLoaderServi - Loading from file system: file:/C:/Users/USER/IdeaProjects/CSIT228-F3-Finals/target/classes/assets/textures/background/Medium.gif
14:14:54.337 [JavaFX Application Thread] DEBUG FXGLAssetLoaderServi - Loading from file system: file:/C:/Users/USER/IdeaProjects/CSIT228-F3-Finals/target/classes/assets/sounds/enemy-death2.wav
14:14:55.330 [JavaFX Application Thread] DEBUG FXGLAssetLoaderServi - Loading from file system: file:/C:/Users/USER/IdeaProjects/CSIT228-F3-Finals/target/classes/assets/textures/background/get-all-exp.gif
14:14:55.331 [JavaFX Application Thread] WARN  Entity               - Entity already has component: com.almasb.fxgl.entity.components.CollidableComponent
14:14:56.337 [JavaFX Application Thread] WARN  Entity               - Entity already has component: com.almasb.fxgl.entity.components.CollidableComponent
14:14:57.361 [JavaFX Application Thread] WARN  Entity               - Entity already has component: com.almasb.fxgl.entity.components.CollidableComponent
14:14:58.371 [JavaFX Application Thread] DEBUG FXGLAssetLoaderServi - Loading from file system: file:/C:/Users/USER/IdeaProjects/CSIT228-F3-Finals/target/classes/assets/textures/background/Small.gif
14:14:58.385 [JavaFX Application Thread] WARN  Entity               - Entity already has component: com.almasb.fxgl.entity.components.CollidableComponent
14:14:59.361 [JavaFX Application Thread] WARN  Entity               - Entity already has component: com.almasb.fxgl.entity.components.CollidableComponent
14:14:59.393 [JavaFX Application Thread] WARN  Entity               - Entity already has component: com.almasb.fxgl.entity.components.CollidableComponent
14:15:00.369 [JavaFX Application Thread] WARN  Entity               - Entity already has component: com.almasb.fxgl.entity.components.CollidableComponent
14:15:00.417 [JavaFX Application Thread] WARN  Entity               - Entity already has component: com.almasb.fxgl.entity.components.CollidableComponent
14:15:01.393 [JavaFX Application Thread] WARN  Entity               - Entity already has component: com.almasb.fxgl.entity.components.CollidableComponent
14:15:01.424 [JavaFX Application Thread] WARN  Entity               - Entity already has component: com.almasb.fxgl.entity.components.CollidableComponent
14:15:02.417 [JavaFX Application Thread] WARN  Entity               - Entity already has component: com.almasb.fxgl.entity.components.CollidableComponent
14:15:02.433 [JavaFX Application Thread] WARN  Entity               - Entity already has component: com.almasb.fxgl.entity.components.CollidableComponent
14:15:03.424 [JavaFX Application Thread] WARN  Entity               - Entity already has component: com.almasb.fxgl.entity.components.CollidableComponent
14:15:03.425 [JavaFX Application Thread] WARN  Entity               - Entity already has component: com.almasb.fxgl.entity.components.CollidableComponent
14:15:04.433 [JavaFX Application Thread] WARN  Entity               - Entity already has component: com.almasb.fxgl.entity.components.CollidableComponent
14:15:04.449 [JavaFX Application Thread] WARN  Entity               - Entity already has component: com.almasb.fxgl.entity.components.CollidableComponent
14:15:04.625 [JavaFX Application Thread] DEBUG FXGLAssetLoaderServi - Loading from file system: file:/C:/Users/USER/IdeaProjects/CSIT228-F3-Finals/target/classes/assets/sounds/exp-get-sfx.wav
14:15:05.424 [JavaFX Application Thread] WARN  Entity               - Entity already has component: com.almasb.fxgl.entity.components.CollidableComponent
14:15:05.458 [JavaFX Application Thread] WARN  Entity               - Entity already has component: com.almasb.fxgl.entity.components.CollidableComponent
14:15:06.433 [JavaFX Application Thread] WARN  Entity               - Entity already has component: com.almasb.fxgl.entity.components.CollidableComponent
14:15:06.465 [JavaFX Application Thread] WARN  Entity               - Entity already has component: com.almasb.fxgl.entity.components.CollidableComponent
14:15:07.424 [JavaFX Application Thread] WARN  Entity               - Entity already has component: com.almasb.fxgl.entity.components.CollidableComponent
14:15:07.457 [JavaFX Application Thread] WARN  Entity               - Entity already has component: com.almasb.fxgl.entity.components.CollidableComponent
14:15:08.432 [JavaFX Application Thread] WARN  Entity               - Entity already has component: com.almasb.fxgl.entity.components.CollidableComponent
14:15:08.464 [JavaFX Application Thread] WARN  Entity               - Entity already has component: com.almasb.fxgl.entity.components.CollidableComponent
14:15:08.945 [JavaFX Application Thread] WARN  Entity               - Entity already has component: com.almasb.fxgl.entity.components.CollidableComponent
14:15:09.424 [JavaFX Application Thread] WARN  Entity               - Entity already has component: com.almasb.fxgl.entity.components.CollidableComponent
14:15:09.457 [JavaFX Application Thread] WARN  Entity               - Entity already has component: com.almasb.fxgl.entity.components.CollidableComponent
14:15:09.954 [JavaFX Application Thread] WARN  Entity               - Entity already has component: com.almasb.fxgl.entity.components.CollidableComponent
14:15:10.432 [JavaFX Application Thread] WARN  Entity               - Entity already has component: com.almasb.fxgl.entity.components.CollidableComponent
14:15:10.464 [JavaFX Application Thread] WARN  Entity               - Entity already has component: com.almasb.fxgl.entity.components.CollidableComponent
14:15:10.976 [JavaFX Application Thread] WARN  Entity               - Entity already has component: com.almasb.fxgl.entity.components.CollidableComponent
14:15:11.441 [JavaFX Application Thread] WARN  Entity               - Entity already has component: com.almasb.fxgl.entity.components.CollidableComponent
14:15:11.457 [JavaFX Application Thread] WARN  Entity               - Entity already has component: com.almasb.fxgl.entity.components.CollidableComponent
14:15:11.986 [JavaFX Application Thread] WARN  Entity               - Entity already has component: com.almasb.fxgl.entity.components.CollidableComponent
14:15:12.464 [JavaFX Application Thread] WARN  Entity               - Entity already has component: com.almasb.fxgl.entity.components.CollidableComponent
14:15:12.465 [JavaFX Application Thread] WARN  Entity               - Entity already has component: com.almasb.fxgl.entity.components.CollidableComponent
14:15:13.008 [JavaFX Application Thread] WARN  Entity               - Entity already has component: com.almasb.fxgl.entity.components.CollidableComponent
14:15:13.456 [JavaFX Application Thread] WARN  Entity               - Entity already has component: com.almasb.fxgl.entity.components.CollidableComponent
14:15:13.471 [JavaFX Application Thread] WARN  Entity               - Entity already has component: com.almasb.fxgl.entity.components.CollidableComponent
14:15:14.032 [JavaFX Application Thread] WARN  Entity               - Entity already has component: com.almasb.fxgl.entity.components.CollidableComponent
14:15:14.457 [JavaFX Application Thread] DEBUG FXGLApplication      - Exiting FXGL
14:15:14.457 [JavaFX Application Thread] DEBUG LoopRunner           - Stopping loop
14:15:14.457 [JavaFX Application Thread] DEBUG SystemBundleService  - Saving FXGL system data
14:15:14.459 [JavaFX Application Thread] DEBUG FileSystemAccess     - Writing to: C:\Users\USER\IdeaProjects\CSIT228-F3-Finals\system\fxgl.bundle
14:15:14.461 [JavaFX Application Thread] DEBUG Async                - Shutting down background threads
14:15:14.462 [JavaFX Application Thread] DEBUG PrimaryStageWindow   - Closing main window
14:15:14.473 [JavaFX Application Thread] DEBUG Logger               - Closing Logger
