03:39:15.844 [main                     ] DEBUG Logger               - Configured Logger
03:39:15.866 [main                     ] DEBUG GameApplication      - Logging settings
Title: Adventures of Sir Vim Zarado
Version: 0.0
Width: 720
Height: 720
Fullscreen: false
Intro: false
Profiling: false
Single step:false
App Mode: DEVELOPER
Menu Key: ESCAPE
Stage Style: DECORATED
Scene Factory: class com.example.flat2d.GameApp$1

03:39:16.249 [JavaFX Application Thread] DEBUG FXGLApplication      - Initializing FXGL
03:39:16.253 [JavaFX Application Thread] INFO  Engine               - FXGL-17.3 (30.03.2023 11.49) on WINDOWS (J:21.0.3 FX:21)
03:39:16.254 [JavaFX Application Thread] DEBUG Engine               - JRE Vendor Name: Amazon.com Inc.
03:39:16.254 [JavaFX Application Thread] DEBUG Engine               - Running on OS: Windows 10 version 10.0
03:39:16.254 [JavaFX Application Thread] DEBUG Engine               - Architecture: amd64
03:39:16.255 [JavaFX Application Thread] INFO  Engine               - Source code and latest versions at: https://github.com/AlmasB/FXGL
03:39:16.255 [JavaFX Application Thread] INFO  Engine               -       Ask questions and discuss at: https://github.com/AlmasB/FXGL/discussions
03:39:16.255 [JavaFX Application Thread] INFO  Engine               -              Join the FXGL chat at: https://gitter.im/AlmasB/FXGL
03:39:16.359 [JavaFX Application Thread] DEBUG PrimaryStageWindow   - Creating a JavaFX scene
03:39:16.423 [JavaFX Application Thread] DEBUG PrimaryStageWindow   - Target settings size: 720.0 x 720.0
03:39:16.423 [JavaFX Application Thread] DEBUG PrimaryStageWindow   - Scaled scene size:    720.0 x 720.0
03:39:16.424 [JavaFX Application Thread] DEBUG PrimaryStageWindow   - Scaled ratio: (1.0, 1.0)
03:39:16.425 [JavaFX Application Thread] DEBUG PrimaryStageWindow   - Set initial scene to FXGLStartupScene
03:39:16.428 [JavaFX Application Thread] DEBUG PrimaryStageWindow   - Opening main window
03:39:16.517 [JavaFX Application Thread] DEBUG PrimaryStageWindow   - Window border size: (16.0, 39.0)
03:39:16.517 [JavaFX Application Thread] DEBUG PrimaryStageWindow   - Scaled size: 720.0 x 720.0
03:39:16.518 [JavaFX Application Thread] DEBUG PrimaryStageWindow   - Scaled ratio: (1.0, 1.0)
03:39:16.518 [JavaFX Application Thread] DEBUG PrimaryStageWindow   - Scene size: 720.0 x 720.0
03:39:16.518 [JavaFX Application Thread] DEBUG PrimaryStageWindow   - Stage size: 736.0 x 759.0
03:39:16.565 [FXGL Background Thread 1 ] DEBUG Engine               - Initializing environment variables
03:39:16.613 [FXGL Background Thread 1 ] DEBUG FXGLAssetLoaderServi - User app class for loading assets: class com.example.flat2d.GameApp
03:39:16.613 [FXGL Background Thread 1 ] DEBUG GameApplicationServi - Applying CSS: fxgl_dark.css
03:39:16.614 [FXGL Background Thread 1 ] DEBUG FXGLAssetLoaderServi - Loading from file system: jar:file:///C:/Users/User/.m2/repository/com/github/almasb/fxgl/17.3/fxgl-17.3.jar!/fxglassets/ui/css/fxgl_dark.css
03:39:16.671 [FXGL Background Thread 1 ] DEBUG GameApplicationServi - Initializing application scenes
03:39:16.743 [FXGL Background Thread 1 ] DEBUG GameWorld            - Game world initialized
03:39:16.799 [FXGL Background Thread 1 ] DEBUG PhysicsWorld         - Physics world initialized: appHeight=720, physics.ppm=50.0
03:39:16.799 [FXGL Background Thread 1 ] DEBUG PhysicsWorld         - Using strategy: BRUTE_FORCE
03:39:16.803 [FXGL Background Thread 1 ] DEBUG GameScene            - Game scene initialized: 720x720
03:39:16.805 [FXGL Background Thread 1 ] DEBUG FXGLAssetLoaderServi - Loading from file system: file:/C:/Users/User/IdeaProjects/CSIT228-F3-Finals/target/classes/assets/textures/background/main-screen.jpg
03:39:16.884 [FXGL Background Thread 1 ] DEBUG FXGLAssetLoaderServi - Loading from file system: file:/C:/Users/User/IdeaProjects/CSIT228-F3-Finals/target/classes/assets/textures/profile-pic.jpg
03:39:16.897 [FXGL Background Thread 1 ] WARN  FXGL.DefaultMenu     - FXGLDefaultMenu is not designed for resolutions < 800x600
03:39:16.898 [FXGL Background Thread 1 ] DEBUG FXGL.DefaultMenu     - createMenuBodyGameMenu()
03:39:16.911 [FXGL Background Thread 1 ] DEBUG FXGL.DefaultMenu     - createOptionsMenu()
03:39:16.918 [FXGL Background Thread 1 ] DEBUG FXGLAssetLoaderServi - Loading from file system: jar:file:///C:/Users/User/.m2/repository/com/github/almasb/fxgl/17.3/fxgl-17.3.jar!/fxglassets/textures/particles/smoke.png
03:39:16.998 [FXGL Background Thread 1 ] DEBUG FXGLAssetLoaderServi - Loading from file system: jar:file:///C:/Users/User/.m2/repository/com/github/almasb/fxgl/17.3/fxgl-17.3.jar!/fxglassets/textures/particles/trace_horizontal.png
03:39:17.021 [FXGL Background Thread 1 ] DEBUG GameApplicationServi - Application scenes initialized
03:39:17.034 [FXGL Background Thread 1 ] DEBUG SystemBundleService  - Loading FXGL system data
03:39:17.038 [FXGL Background Thread 1 ] DEBUG FileSystemAccess     - Reading from: C:\Users\User\IdeaProjects\CSIT228-F3-Finals\system\fxgl.bundle
03:39:17.049 [FXGL Background Thread 1 ] DEBUG SystemBundleService  - Bundle FXGL: {}
03:39:17.049 [FXGL Background Thread 1 ] DEBUG UpdaterService       - Checking for updates
03:39:17.081 [FXGL Background Thread 1 ] DEBUG FXGLApplication      - Loading default localization
03:39:17.082 [FXGL Background Thread 1 ] DEBUG FXGLAssetLoaderServi - Loading from file system: jar:file:///C:/Users/User/.m2/repository/com/github/almasb/fxgl/17.3/fxgl-17.3.jar!/fxglassets/languages/english.lang
03:39:17.107 [FXGL Background Thread 4 ] DEBUG FXGLApplication      - Loading fonts
03:39:17.109 [FXGL Background Thread 4 ] DEBUG FXGLAssetLoaderServi - Loading from file system: jar:file:///C:/Users/User/.m2/repository/com/github/almasb/fxgl/17.3/fxgl-17.3.jar!/fxglassets/ui/fonts/VarelaRound-Regular.ttf
03:39:17.114 [FXGL Background Thread 1 ] INFO  FXGLApplication      - FXGL initialization took: 0.550 sec
03:39:17.127 [JavaFX Application Thread] DEBUG Input                - Registered new binding: Up - W
03:39:17.127 [JavaFX Application Thread] DEBUG Input                - Registered new binding: Right - D
03:39:17.127 [JavaFX Application Thread] DEBUG Input                - Registered new binding: Left - A
03:39:17.128 [JavaFX Application Thread] DEBUG Input                - Registered new binding: Down - S
03:39:17.129 [JavaFX Application Thread] DEBUG Input                - Registered new binding: IDK - RMB
03:39:17.129 [JavaFX Application Thread] DEBUG FXGLAssetLoaderServi - Loading from file system: file:/C:/Users/User/IdeaProjects/CSIT228-F3-Finals/target/classes/assets/music/opening.mp3
03:39:17.211 [FXGL Background Thread 4 ] DEBUG FXGLAssetLoaderServi - Loading from file system: jar:file:///C:/Users/User/.m2/repository/com/github/almasb/fxgl/17.3/fxgl-17.3.jar!/fxglassets/ui/fonts/Abel-Regular.ttf
03:39:17.235 [FXGL Background Thread 4 ] DEBUG FXGLAssetLoaderServi - Loading from file system: jar:file:///C:/Users/User/.m2/repository/com/github/almasb/fxgl/17.3/fxgl-17.3.jar!/fxglassets/ui/fonts/TerminalLandMono-Regular.otf
03:39:17.255 [FXGL Background Thread 4 ] DEBUG FXGLAssetLoaderServi - Loading from file system: jar:file:///C:/Users/User/.m2/repository/com/github/almasb/fxgl/17.3/fxgl-17.3.jar!/fxglassets/ui/fonts/Courier-Prime.ttf
03:39:17.380 [JavaFX Application Thread] DEBUG AudioPlayer          - Playing music com.almasb.fxgl.audio.Music@4b00266c
03:39:17.381 [JavaFX Application Thread] DEBUG FXGLAssetLoaderServi - Loading from file system: jar:file:///C:/Users/User/.m2/repository/com/github/almasb/fxgl/17.3/fxgl-17.3.jar!/fxglassets/textures/fxgl_icon.png
03:39:17.414 [JavaFX Application Thread] DEBUG FXGLAssetLoaderServi - Loading from file system: jar:file:///C:/Users/User/.m2/repository/com/github/almasb/fxgl/17.3/fxgl-17.3.jar!/fxglassets/textures/fxgl_default_cursor.png
03:39:17.417 [JavaFX Application Thread] DEBUG Input                - Registered new binding: Screenshot - CTRL+8
03:39:17.417 [JavaFX Application Thread] DEBUG Input                - Registered new binding: Dev Options - 1
03:39:17.417 [JavaFX Application Thread] DEBUG Input                - Registered new binding: Dev Console - 2
03:39:17.418 [JavaFX Application Thread] DEBUG Input                - Registered new binding: System info dump - CTRL+9
03:39:17.418 [JavaFX Application Thread] DEBUG Input                - Registered new binding: Restart - CTRL+R
03:39:17.422 [JavaFX Application Thread] DEBUG Input                - Registered new binding: Toggle Debug Camera - CTRL+7
03:39:17.428 [JavaFX Application Thread] DEBUG LoopRunner           - Starting loop
03:39:17.453 [JavaFX Application Thread] DEBUG LoopRunner           - Initializing JavaFX AnimationTimerLoop
03:39:17.455 [JavaFX Application Thread] DEBUG Input                - Clearing active input actions
03:39:17.481 [JavaFX Application Thread] DEBUG GameApplicationServi - Removing overlay from FXGLStartupScene and adding to FXGLMainMenuDummyScene
03:39:17.488 [JavaFX Application Thread] DEBUG PrimaryStageWindow   - FXGLStartupScene -> FXGLMainMenuDummyScene
03:39:17.488 [JavaFX Application Thread] DEBUG PrimaryStageWindow   - Push state: GameMainMenu
03:39:17.489 [JavaFX Application Thread] DEBUG Input                - Clearing active input actions
03:39:17.495 [JavaFX Application Thread] DEBUG GameApplicationServi - Removing overlay from FXGLMainMenuDummyScene and adding to GameMainMenu
03:39:17.496 [JavaFX Application Thread] DEBUG PrimaryStageWindow   - FXGLMainMenuDummyScene -> GameMainMenu
03:39:17.499 [JavaFX Application Thread] DEBUG FXGLApplication      - Registering font factories with UI factory
03:39:18.067 [FXGL Background Thread 2 ] INFO  UpdaterService       - Your current version:  17.3
03:39:18.067 [FXGL Background Thread 2 ] INFO  UpdaterService       - Latest stable version: 21.1
03:39:19.166 [JavaFX Application Thread] DEBUG AudioPlayer          - Stopping music com.almasb.fxgl.audio.Music@4b00266c
03:39:19.168 [JavaFX Application Thread] DEBUG FXGLAssetLoaderServi - Loading from file system: file:/C:/Users/User/IdeaProjects/CSIT228-F3-Finals/target/classes/assets/music/game-music.mp3
03:39:19.170 [JavaFX Application Thread] DEBUG AudioPlayer          - Playing music com.almasb.fxgl.audio.Music@67bc4da0
03:39:19.171 [JavaFX Application Thread] DEBUG Menu                 - fireNewGame()
03:39:19.171 [JavaFX Application Thread] DEBUG GameApplicationServi - Starting new game
03:39:19.171 [JavaFX Application Thread] DEBUG PrimaryStageWindow   - Pop state: GameMainMenu
03:39:19.171 [JavaFX Application Thread] DEBUG Input                - Clearing active input actions
03:39:19.172 [JavaFX Application Thread] DEBUG GameApplicationServi - Removing overlay from GameMainMenu and adding to FXGLMainMenuDummyScene
03:39:19.174 [JavaFX Application Thread] DEBUG PrimaryStageWindow   - FXGLMainMenuDummyScene <- GameMainMenu
03:39:19.174 [JavaFX Application Thread] DEBUG Input                - Clearing active input actions
03:39:19.180 [JavaFX Application Thread] DEBUG GameApplicationServi - Removing overlay from FXGLMainMenuDummyScene and adding to FXGLLoadingScene
03:39:19.181 [JavaFX Application Thread] DEBUG PrimaryStageWindow   - FXGLMainMenuDummyScene -> FXGLLoadingScene
03:39:19.181 [JavaFX Application Thread] DEBUG GameApplicationServi - Clearing previous game
03:39:19.181 [JavaFX Application Thread] DEBUG GameScene            - Clearing game scene
03:39:19.181 [JavaFX Application Thread] DEBUG GameWorld            - Clearing game world
03:39:19.181 [JavaFX Application Thread] DEBUG PhysicsWorld         - Clearing physics world
03:39:19.182 [FXGL Background Thread 2 ] DEBUG FXGLApplication      - Initializing game
03:39:19.225 [FXGL Background Thread 2 ] WARN  TMXLevelLoader       - TiledMap generated from 1.10.2. Supported version: 1.9.0. Some features may not be parsed fully.
03:39:19.292 [FXGL Background Thread 2 ] DEBUG TMXLevelLoader       - Parsed TiledMap: file:/C:/Users/User/IdeaProjects/CSIT228-F3-Finals/target/classes/assets/levels/tmx/2DGameTiledMap.tmx
03:39:19.295 [FXGL Background Thread 2 ] DEBUG TMXLevelLoader       - Creating tile layer entities
03:39:19.298 [FXGL Background Thread 2 ] DEBUG TilesetLoader        - Loading view for layer floor
03:39:19.305 [FXGL Background Thread 2 ] DEBUG TilesetLoader        - Created buffer with size 2304.0x2304.0
03:39:19.397 [FXGL Background Thread 2 ] DEBUG TilesetLoader        - Loading view for layer stuff
03:39:19.404 [FXGL Background Thread 2 ] DEBUG TilesetLoader        - Created buffer with size 2304.0x2304.0
03:39:19.415 [FXGL Background Thread 2 ] DEBUG TilesetLoader        - Loading view for layer decor
03:39:19.423 [FXGL Background Thread 2 ] DEBUG TilesetLoader        - Created buffer with size 2304.0x2304.0
03:39:19.430 [FXGL Background Thread 2 ] DEBUG TilesetLoader        - Loading view for layer more
03:39:19.437 [FXGL Background Thread 2 ] DEBUG TilesetLoader        - Created buffer with size 2304.0x2304.0
03:39:19.439 [FXGL Background Thread 2 ] DEBUG TMXLevelLoader       - Creating object layer entities
03:39:19.487 [FXGL Background Thread 2 ] DEBUG FXGLAssetLoaderServi - Loading from file system: file:/C:/Users/User/IdeaProjects/CSIT228-F3-Finals/target/classes/assets/textures/background/torch.gif
03:39:19.546 [FXGL Background Thread 2 ] DEBUG FXGLAssetLoaderServi - Loading from file system: file:/C:/Users/User/IdeaProjects/CSIT228-F3-Finals/target/classes/assets/textures/background/eyes-hole.gif
03:39:19.604 [FXGL Background Thread 2 ] DEBUG GameWorld            - Clearing removable entities
03:39:19.605 [FXGL Background Thread 2 ] DEBUG GameWorld            - Setting level: com.almasb.fxgl.entity.level.Level@6aa5004a
03:39:19.611 [FXGL Background Thread 2 ] DEBUG FXGLAssetLoaderServi - Loading from file system: file:/C:/Users/User/IdeaProjects/CSIT228-F3-Finals/target/classes/assets/textures/player/lecatmoves.png
03:39:19.612 [FXGL Background Thread 2 ] DEBUG FXGLAssetLoaderServi - Loading from file system: file:/C:/Users/User/IdeaProjects/CSIT228-F3-Finals/target/classes/assets/textures/player/CatOne.png
03:39:19.613 [FXGL Background Thread 2 ] DEBUG FXGLAssetLoaderServi - Loading from file system: file:/C:/Users/User/IdeaProjects/CSIT228-F3-Finals/target/classes/assets/textures/player/CatThree.png
03:39:19.615 [FXGL Background Thread 2 ] DEBUG FXGLAssetLoaderServi - Loading from file system: file:/C:/Users/User/IdeaProjects/CSIT228-F3-Finals/target/classes/assets/textures/player/CatFour.png
03:39:19.636 [FXGL Background Thread 2 ] INFO  FXGLApplication      - Game initialization took: 0.453 sec
03:39:19.637 [JavaFX Application Thread] DEBUG Input                - Clearing active input actions
03:39:19.644 [JavaFX Application Thread] DEBUG GameApplicationServi - Removing overlay from FXGLLoadingScene and adding to GameScene
03:39:19.648 [JavaFX Application Thread] DEBUG PrimaryStageWindow   - FXGLLoadingScene -> GameScene
03:39:20.076 [FXGL Background Thread 3 ] DEBUG Engine               - Logging environment variables
03:39:20.080 [FXGL Background Thread 3 ] DEBUG Engine               - achievements: []
03:39:20.080 [FXGL Background Thread 3 ] DEBUG Engine               - actualHeight: 720.0
03:39:20.080 [FXGL Background Thread 3 ] DEBUG Engine               - actualHeightProperty: ReadOnlyDoubleProperty [value: 720.0]
03:39:20.080 [FXGL Background Thread 3 ] DEBUG Engine               - actualWidth: 720.0
03:39:20.082 [FXGL Background Thread 3 ] DEBUG Engine               - actualWidthProperty: ReadOnlyDoubleProperty [value: 720.0]
03:39:20.082 [FXGL Background Thread 3 ] DEBUG Engine               - appIcon: fxgl_icon.png
03:39:20.082 [FXGL Background Thread 3 ] DEBUG Engine               - applicationMode: DEVELOPER
03:39:20.082 [FXGL Background Thread 3 ] DEBUG Engine               - cSSList: [fxgl_dark.css]
03:39:20.082 [FXGL Background Thread 3 ] DEBUG Engine               - collisionDetectionStrategy: BRUTE_FORCE
03:39:20.085 [FXGL Background Thread 3 ] DEBUG Engine               - configClass: Optional[class com.example.flat2d.Misc.Config]
03:39:20.085 [FXGL Background Thread 3 ] DEBUG Engine               - credits: []
03:39:20.085 [FXGL Background Thread 3 ] DEBUG Engine               - defaultCursor: CursorInfo(imageName=fxgl_default_cursor.png, hotspotX=7.0, hotspotY=6.0)
03:39:20.085 [FXGL Background Thread 3 ] DEBUG Engine               - devBBoxColorProperty: ObjectProperty [value: 0xff0000ff]
03:39:20.086 [FXGL Background Thread 3 ] DEBUG Engine               - devEnableDebugCameraProperty: BooleanProperty [value: false]
03:39:20.086 [FXGL Background Thread 3 ] DEBUG Engine               - devSensorColorProperty: ObjectProperty [value: 0xffff00ff]
03:39:20.086 [FXGL Background Thread 3 ] DEBUG Engine               - devShowBBoxProperty: BooleanProperty [value: false]
03:39:20.086 [FXGL Background Thread 3 ] DEBUG Engine               - devShowPositionProperty: BooleanProperty [value: false]
03:39:20.086 [FXGL Background Thread 3 ] DEBUG Engine               - enabledMenuItems: []
03:39:20.086 [FXGL Background Thread 3 ] DEBUG Engine               - engineServices: [class com.almasb.fxgl.app.services.FXGLAssetLoaderService, class com.almasb.fxgl.app.FXGLApplication$GameApplicationService, class com.almasb.fxgl.app.services.FXGLDialogService, class com.almasb.fxgl.app.services.IOTaskExecutorService, class com.almasb.fxgl.io.FileSystemService, class com.almasb.fxgl.localization.LocalizationService, class com.almasb.fxgl.app.services.SystemBundleService, class com.almasb.fxgl.profile.SaveLoadService, class com.almasb.fxgl.ui.FXGLUIFactoryServiceProvider, class com.almasb.fxgl.ui.FXGLDialogFactoryServiceProvider, class com.almasb.fxgl.audio.AudioPlayer, class com.almasb.fxgl.notification.impl.NotificationServiceProvider, class com.almasb.fxgl.achievement.AchievementService, class com.almasb.fxgl.cutscene.CutsceneService, class com.almasb.fxgl.minigames.MiniGameService, class com.almasb.fxgl.net.NetService, class com.almasb.fxgl.app.services.UpdaterService, class com.almasb.fxgl.dev.DevService]
03:39:20.086 [FXGL Background Thread 3 ] DEBUG Engine               - fontGame: Abel-Regular.ttf
03:39:20.086 [FXGL Background Thread 3 ] DEBUG Engine               - fontMono: TerminalLandMono-Regular.otf
03:39:20.086 [FXGL Background Thread 3 ] DEBUG Engine               - fontSizeScaleUI: 1.0
03:39:20.086 [FXGL Background Thread 3 ] DEBUG Engine               - fontText: Courier-Prime.ttf
03:39:20.086 [FXGL Background Thread 3 ] DEBUG Engine               - fontUI: VarelaRound-Regular.ttf
03:39:20.086 [FXGL Background Thread 3 ] DEBUG Engine               - fullScreen: BooleanProperty [value: false]
03:39:20.086 [FXGL Background Thread 3 ] DEBUG Engine               - gameDifficulty: MEDIUM
03:39:20.086 [FXGL Background Thread 3 ] DEBUG Engine               - gameDifficultyProperty: ObjectProperty [value: MEDIUM]
03:39:20.086 [FXGL Background Thread 3 ] DEBUG Engine               - globalMusicVolume: 0.5
03:39:20.087 [FXGL Background Thread 3 ] DEBUG Engine               - globalMusicVolumeProperty: DoubleProperty [value: 0.5]
03:39:20.087 [FXGL Background Thread 3 ] DEBUG Engine               - globalSoundVolume: 0.5
03:39:20.087 [FXGL Background Thread 3 ] DEBUG Engine               - globalSoundVolumeProperty: DoubleProperty [value: 0.25]
03:39:20.087 [FXGL Background Thread 3 ] DEBUG Engine               - height: 720
03:39:20.087 [FXGL Background Thread 3 ] DEBUG Engine               - is3D: false
03:39:20.087 [FXGL Background Thread 3 ] DEBUG Engine               - isAndroid: false
03:39:20.087 [FXGL Background Thread 3 ] DEBUG Engine               - isBrowser: false
03:39:20.087 [FXGL Background Thread 3 ] DEBUG Engine               - isClickFeedbackEnabled: false
03:39:20.087 [FXGL Background Thread 3 ] DEBUG Engine               - isCloseConfirmation: false
03:39:20.087 [FXGL Background Thread 3 ] DEBUG Engine               - isDesktop: true
03:39:20.087 [FXGL Background Thread 3 ] DEBUG Engine               - isDeveloperMenuEnabled: true
03:39:20.087 [FXGL Background Thread 3 ] DEBUG Engine               - isEmbedded: false
03:39:20.087 [FXGL Background Thread 3 ] DEBUG Engine               - isEntityPreloadEnabled: true
03:39:20.087 [FXGL Background Thread 3 ] DEBUG Engine               - isExperimentalTiledLargeMap: false
03:39:20.088 [FXGL Background Thread 3 ] DEBUG Engine               - isFileSystemWriteAllowed: true
03:39:20.088 [FXGL Background Thread 3 ] DEBUG Engine               - isFullScreenAllowed: false
03:39:20.088 [FXGL Background Thread 3 ] DEBUG Engine               - isFullScreenFromStart: false
03:39:20.088 [FXGL Background Thread 3 ] DEBUG Engine               - isGameMenuEnabled: true
03:39:20.088 [FXGL Background Thread 3 ] DEBUG Engine               - isIOS: false
03:39:20.088 [FXGL Background Thread 3 ] DEBUG Engine               - isIntroEnabled: false
03:39:20.088 [FXGL Background Thread 3 ] DEBUG Engine               - isLinux: false
03:39:20.088 [FXGL Background Thread 3 ] DEBUG Engine               - isMac: false
03:39:20.088 [FXGL Background Thread 3 ] DEBUG Engine               - isMainMenuEnabled: true
03:39:20.088 [FXGL Background Thread 3 ] DEBUG Engine               - isManualResizeEnabled: false
03:39:20.088 [FXGL Background Thread 3 ] DEBUG Engine               - isMobile: false
03:39:20.088 [FXGL Background Thread 3 ] DEBUG Engine               - isNative: false
03:39:20.088 [FXGL Background Thread 3 ] DEBUG Engine               - isPauseMusicWhenMinimized: true
03:39:20.088 [FXGL Background Thread 3 ] DEBUG Engine               - isPreserveResizeRatio: false
03:39:20.088 [FXGL Background Thread 3 ] DEBUG Engine               - isProfilingEnabled: false
03:39:20.088 [FXGL Background Thread 3 ] DEBUG Engine               - isScaleAffectedOnResize: true
03:39:20.088 [FXGL Background Thread 3 ] DEBUG Engine               - isSingleStep: false
03:39:20.089 [FXGL Background Thread 3 ] DEBUG Engine               - isUserProfileEnabled: false
03:39:20.089 [FXGL Background Thread 3 ] DEBUG Engine               - isWindows: true
03:39:20.089 [FXGL Background Thread 3 ] DEBUG Engine               - language: ObjectProperty [value: ENGLISH]
03:39:20.089 [FXGL Background Thread 3 ] DEBUG Engine               - menuKey: ESCAPE
03:39:20.089 [FXGL Background Thread 3 ] DEBUG Engine               - mouseSensitivity: 0.2
03:39:20.089 [FXGL Background Thread 3 ] DEBUG Engine               - notificationViewClass: class com.almasb.fxgl.notification.view.XboxNotificationView
03:39:20.089 [FXGL Background Thread 3 ] DEBUG Engine               - pixelsPerMeter: 50.0
03:39:20.089 [FXGL Background Thread 3 ] DEBUG Engine               - platform: WINDOWS
03:39:20.089 [FXGL Background Thread 3 ] DEBUG Engine               - prefHeightProperty: ReadOnlyDoubleProperty [value: 720.0]
03:39:20.089 [FXGL Background Thread 3 ] DEBUG Engine               - prefWidthProperty: ReadOnlyDoubleProperty [value: 720.0]
03:39:20.089 [FXGL Background Thread 3 ] DEBUG Engine               - profileDir: profiles/
03:39:20.089 [FXGL Background Thread 3 ] DEBUG Engine               - profileName: StringProperty [value: DEFAULT]
03:39:20.089 [FXGL Background Thread 3 ] DEBUG Engine               - randomSeed: -1
03:39:20.090 [FXGL Background Thread 3 ] DEBUG Engine               - runtimeInfo: RuntimeInfo(platform=WINDOWS, version=17.3, build=30.03.2023 11.49)
03:39:20.090 [FXGL Background Thread 3 ] DEBUG Engine               - saveFileExt: sav
03:39:20.090 [FXGL Background Thread 3 ] DEBUG Engine               - scaledHeightProp$fxgl: DoubleProperty [bound, value: 720.0]
03:39:20.090 [FXGL Background Thread 3 ] DEBUG Engine               - scaledWidthProp$fxgl: DoubleProperty [bound, value: 720.0]
03:39:20.090 [FXGL Background Thread 3 ] DEBUG Engine               - sceneFactory: com.example.flat2d.GameApp$1@1385b0d6
03:39:20.090 [FXGL Background Thread 3 ] DEBUG Engine               - secondsIn24h: 60
03:39:20.090 [FXGL Background Thread 3 ] DEBUG Engine               - soundMenuBack: menu/back.wav
03:39:20.090 [FXGL Background Thread 3 ] DEBUG Engine               - soundMenuPress: menu/press.wav
03:39:20.090 [FXGL Background Thread 3 ] DEBUG Engine               - soundMenuSelect: menu/select.wav
03:39:20.090 [FXGL Background Thread 3 ] DEBUG Engine               - soundNotification: core/notification.wav
03:39:20.090 [FXGL Background Thread 3 ] DEBUG Engine               - stageStyle: DECORATED
03:39:20.090 [FXGL Background Thread 3 ] DEBUG Engine               - supportedLanguages: [ENGLISH, FRENCH, GERMAN, HUNGARIAN, RUSSIAN]
03:39:20.090 [FXGL Background Thread 3 ] DEBUG Engine               - ticksPerSecond: -1
03:39:20.090 [FXGL Background Thread 3 ] DEBUG Engine               - title: Adventures of Sir Vim Zarado
03:39:20.090 [FXGL Background Thread 3 ] DEBUG Engine               - urlGithub: https://github.com/AlmasB/FXGL
03:39:20.090 [FXGL Background Thread 3 ] DEBUG Engine               - urlLeaderboard: http://fxgl-top.herokuapp.com/
03:39:20.091 [FXGL Background Thread 3 ] DEBUG Engine               - urlPOM: https://raw.githubusercontent.com/AlmasB/FXGL/release/README.md
03:39:20.091 [FXGL Background Thread 3 ] DEBUG Engine               - userAppClass: class com.example.flat2d.GameApp
03:39:20.091 [FXGL Background Thread 3 ] DEBUG Engine               - version: 0.0
03:39:20.091 [FXGL Background Thread 3 ] DEBUG Engine               - versionCheckDays: 7
03:39:20.091 [FXGL Background Thread 3 ] DEBUG Engine               - width: 720
03:39:20.091 [FXGL Background Thread 3 ] DEBUG Engine               - Logging services
03:39:20.091 [FXGL Background Thread 3 ] DEBUG Engine               - class com.almasb.fxgl.app.services.FXGLAssetLoaderService
03:39:20.091 [FXGL Background Thread 3 ] DEBUG Engine               - class com.almasb.fxgl.app.FXGLApplication$GameApplicationService
03:39:20.091 [FXGL Background Thread 3 ] DEBUG Engine               - class com.almasb.fxgl.app.services.FXGLDialogService
03:39:20.091 [FXGL Background Thread 3 ] DEBUG Engine               - class com.almasb.fxgl.app.services.IOTaskExecutorService
03:39:20.091 [FXGL Background Thread 3 ] DEBUG Engine               - class com.almasb.fxgl.io.FileSystemService
03:39:20.091 [FXGL Background Thread 3 ] DEBUG Engine               - class com.almasb.fxgl.localization.LocalizationService
03:39:20.091 [FXGL Background Thread 3 ] DEBUG Engine               - class com.almasb.fxgl.app.services.SystemBundleService
03:39:20.091 [FXGL Background Thread 3 ] DEBUG Engine               - class com.almasb.fxgl.profile.SaveLoadService
03:39:20.091 [FXGL Background Thread 3 ] DEBUG Engine               - class com.almasb.fxgl.ui.FXGLUIFactoryServiceProvider
03:39:20.091 [FXGL Background Thread 3 ] DEBUG Engine               - class com.almasb.fxgl.ui.FXGLDialogFactoryServiceProvider
03:39:20.091 [FXGL Background Thread 3 ] DEBUG Engine               - class com.almasb.fxgl.audio.AudioPlayer
03:39:20.091 [FXGL Background Thread 3 ] DEBUG Engine               - class com.almasb.fxgl.notification.impl.NotificationServiceProvider
03:39:20.091 [FXGL Background Thread 3 ] DEBUG Engine               - class com.almasb.fxgl.achievement.AchievementService
03:39:20.092 [FXGL Background Thread 3 ] DEBUG Engine               - class com.almasb.fxgl.cutscene.CutsceneService
03:39:20.092 [FXGL Background Thread 3 ] DEBUG Engine               - class com.almasb.fxgl.minigames.MiniGameService
03:39:20.092 [FXGL Background Thread 3 ] DEBUG Engine               - class com.almasb.fxgl.net.NetService
03:39:20.092 [FXGL Background Thread 3 ] DEBUG Engine               - class com.almasb.fxgl.app.services.UpdaterService
03:39:20.092 [FXGL Background Thread 3 ] DEBUG Engine               - class com.almasb.fxgl.dev.DevService
03:39:20.433 [JavaFX Application Thread] DEBUG FXGLAssetLoaderServi - Loading from file system: file:/C:/Users/User/IdeaProjects/CSIT228-F3-Finals/target/classes/assets/textures/skill/spr_bullet_strip.png
03:39:21.680 [JavaFX Application Thread] DEBUG FXGLAssetLoaderServi - Loading from file system: file:/C:/Users/User/IdeaProjects/CSIT228-F3-Finals/target/classes/assets/textures/basic/FrontWalk1.png
03:39:21.682 [JavaFX Application Thread] DEBUG FXGLAssetLoaderServi - Loading from file system: file:/C:/Users/User/IdeaProjects/CSIT228-F3-Finals/target/classes/assets/textures/basic/FrontDead1.png
03:39:21.684 [JavaFX Application Thread] DEBUG FXGLAssetLoaderServi - Loading from file system: file:/C:/Users/User/IdeaProjects/CSIT228-F3-Finals/target/classes/assets/textures/basic/FrontAttack1.png
03:39:27.807 [JavaFX Application Thread] DEBUG FXGLAssetLoaderServi - Loading from file system: file:/C:/Users/User/IdeaProjects/CSIT228-F3-Finals/target/classes/assets/textures/background/burn.gif
03:39:28.863 [JavaFX Application Thread] DEBUG FXGLAssetLoaderServi - Loading from file system: file:/C:/Users/User/IdeaProjects/CSIT228-F3-Finals/target/classes/assets/textures/blocker/WalkShield1.png
03:39:28.865 [JavaFX Application Thread] DEBUG FXGLAssetLoaderServi - Loading from file system: file:/C:/Users/User/IdeaProjects/CSIT228-F3-Finals/target/classes/assets/textures/blocker/DeadShield1.png
03:39:29.452 [JavaFX Application Thread] DEBUG FXGLAssetLoaderServi - Loading from file system: file:/C:/Users/User/IdeaProjects/CSIT228-F3-Finals/target/classes/assets/textures/background/Small.gif
03:39:29.466 [JavaFX Application Thread] DEBUG FXGLAssetLoaderServi - Loading from file system: file:/C:/Users/User/IdeaProjects/CSIT228-F3-Finals/target/classes/assets/sounds/enemy-death2.wav
03:39:29.476 [JavaFX Application Thread] DEBUG FXGLAssetLoaderServi - Loading from file system: file:/C:/Users/User/IdeaProjects/CSIT228-F3-Finals/target/classes/assets/textures/background/Large.gif
03:39:30.461 [JavaFX Application Thread] DEBUG FXGLAssetLoaderServi - Loading from file system: file:/C:/Users/User/IdeaProjects/CSIT228-F3-Finals/target/classes/assets/textures/background/get-all-exp.gif
03:39:30.464 [JavaFX Application Thread] WARN  Entity               - Entity already has component: com.almasb.fxgl.entity.components.CollidableComponent
03:39:30.476 [JavaFX Application Thread] WARN  Entity               - Entity already has component: com.almasb.fxgl.entity.components.CollidableComponent
03:39:31.055 [JavaFX Application Thread] DEBUG FXGLAssetLoaderServi - Loading from file system: file:/C:/Users/User/IdeaProjects/CSIT228-F3-Finals/target/classes/assets/textures/background/Medium.gif
03:39:31.276 [JavaFX Application Thread] WARN  Entity               - Entity already has component: com.almasb.fxgl.entity.components.CollidableComponent
03:39:32.125 [JavaFX Application Thread] WARN  Entity               - Entity already has component: com.almasb.fxgl.entity.components.CollidableComponent
03:39:32.126 [JavaFX Application Thread] WARN  Entity               - Entity already has component: com.almasb.fxgl.entity.components.CollidableComponent
03:39:33.909 [JavaFX Application Thread] DEBUG AudioPlayer          - Pausing music com.almasb.fxgl.audio.Music@4b00266c
03:39:33.909 [JavaFX Application Thread] DEBUG LoopRunner           - Pausing loop
03:39:35.766 [JavaFX Application Thread] DEBUG FXGLApplication      - Exiting FXGL
03:39:35.766 [JavaFX Application Thread] DEBUG LoopRunner           - Stopping loop
03:39:35.766 [JavaFX Application Thread] DEBUG SystemBundleService  - Saving FXGL system data
03:39:35.769 [JavaFX Application Thread] DEBUG FileSystemAccess     - Writing to: C:\Users\User\IdeaProjects\CSIT228-F3-Finals\system\fxgl.bundle
03:39:35.772 [JavaFX Application Thread] DEBUG Async                - Shutting down background threads
03:39:35.772 [JavaFX Application Thread] DEBUG PrimaryStageWindow   - Closing main window
03:39:35.788 [JavaFX Application Thread] DEBUG Logger               - Closing Logger
