14:01:57.038 [main                     ] DEBUG Logger               - Configured Logger
14:01:57.082 [main                     ] DEBUG GameApplication      - Logging settings
Title: Adventures of Sir Vim Zarado
Version: 0.0
Width: 720
Height: 720
Fullscreen: false
Intro: false
Profiling: false
Single step:false
App Mode: DEVELOPER
Menu Key: ESCAPE
Stage Style: DECORATED
Scene Factory: class com.example.flat2d.GameApp$1

14:01:57.548 [JavaFX Application Thread] DEBUG FXGLApplication      - Initializing FXGL
14:01:57.559 [JavaFX Application Thread] INFO  Engine               - FXGL-17.3 (30.03.2023 11.49) on WINDOWS (J:21.0.2 FX:21)
14:01:57.559 [JavaFX Application Thread] DEBUG Engine               - JRE Vendor Name: Oracle Corporation
14:01:57.561 [JavaFX Application Thread] DEBUG Engine               - Running on OS: Windows 10 version 10.0
14:01:57.561 [JavaFX Application Thread] DEBUG Engine               - Architecture: amd64
14:01:57.561 [JavaFX Application Thread] INFO  Engine               - Source code and latest versions at: https://github.com/AlmasB/FXGL
14:01:57.561 [JavaFX Application Thread] INFO  Engine               -       Ask questions and discuss at: https://github.com/AlmasB/FXGL/discussions
14:01:57.561 [JavaFX Application Thread] INFO  Engine               -              Join the FXGL chat at: https://gitter.im/AlmasB/FXGL
14:01:57.688 [JavaFX Application Thread] DEBUG PrimaryStageWindow   - Creating a JavaFX scene
14:01:57.748 [JavaFX Application Thread] DEBUG PrimaryStageWindow   - Target settings size: 720.0 x 720.0
14:01:57.749 [JavaFX Application Thread] DEBUG PrimaryStageWindow   - Scaled scene size:    720.0 x 720.0
14:01:57.749 [JavaFX Application Thread] DEBUG PrimaryStageWindow   - Scaled ratio: (1.0, 1.0)
14:01:57.751 [JavaFX Application Thread] DEBUG PrimaryStageWindow   - Set initial scene to FXGLStartupScene
14:01:57.755 [JavaFX Application Thread] DEBUG PrimaryStageWindow   - Opening main window
14:01:57.852 [JavaFX Application Thread] DEBUG PrimaryStageWindow   - Window border size: (16.0, 39.0)
14:01:57.852 [JavaFX Application Thread] DEBUG PrimaryStageWindow   - Scaled size: 720.0 x 720.0
14:01:57.853 [JavaFX Application Thread] DEBUG PrimaryStageWindow   - Scaled ratio: (1.0, 1.0)
14:01:57.853 [JavaFX Application Thread] DEBUG PrimaryStageWindow   - Scene size: 720.0 x 720.0
14:01:57.853 [JavaFX Application Thread] DEBUG PrimaryStageWindow   - Stage size: 736.0 x 759.0
14:01:57.864 [FXGL Background Thread 1 ] DEBUG Engine               - Initializing environment variables
14:01:58.019 [FXGL Background Thread 1 ] DEBUG FXGLAssetLoaderServi - User app class for loading assets: class com.example.flat2d.GameApp
14:01:58.020 [FXGL Background Thread 1 ] DEBUG GameApplicationServi - Applying CSS: fxgl_dark.css
14:01:58.022 [FXGL Background Thread 1 ] DEBUG FXGLAssetLoaderServi - Loading from file system: jar:file:///C:/Users/USER/.m2/repository/com/github/almasb/fxgl/17.3/fxgl-17.3.jar!/fxglassets/ui/css/fxgl_dark.css
14:01:58.140 [FXGL Background Thread 1 ] DEBUG GameApplicationServi - Initializing application scenes
14:01:58.284 [FXGL Background Thread 1 ] DEBUG GameWorld            - Game world initialized
14:01:58.387 [FXGL Background Thread 1 ] DEBUG PhysicsWorld         - Physics world initialized: appHeight=720, physics.ppm=50.0
14:01:58.387 [FXGL Background Thread 1 ] DEBUG PhysicsWorld         - Using strategy: BRUTE_FORCE
14:01:58.392 [FXGL Background Thread 1 ] DEBUG GameScene            - Game scene initialized: 720x720
14:01:58.396 [FXGL Background Thread 1 ] DEBUG FXGLAssetLoaderServi - Loading from file system: file:/C:/Users/USER/IdeaProjects/CSIT228-F3-Finals/target/classes/assets/textures/background/main-screen.jpg
14:01:58.530 [FXGL Background Thread 1 ] DEBUG FXGLAssetLoaderServi - Loading from file system: file:/C:/Users/USER/IdeaProjects/CSIT228-F3-Finals/target/classes/assets/textures/profile-pic.jpg
14:01:58.550 [FXGL Background Thread 1 ] WARN  FXGL.DefaultMenu     - FXGLDefaultMenu is not designed for resolutions < 800x600
14:01:58.550 [FXGL Background Thread 1 ] DEBUG FXGL.DefaultMenu     - createMenuBodyGameMenu()
14:01:58.568 [FXGL Background Thread 1 ] DEBUG FXGL.DefaultMenu     - createOptionsMenu()
14:01:58.579 [FXGL Background Thread 1 ] DEBUG FXGLAssetLoaderServi - Loading from file system: jar:file:///C:/Users/USER/.m2/repository/com/github/almasb/fxgl/17.3/fxgl-17.3.jar!/fxglassets/textures/particles/smoke.png
14:01:59.191 [FXGL Background Thread 1 ] DEBUG FXGLAssetLoaderServi - Loading from file system: jar:file:///C:/Users/USER/.m2/repository/com/github/almasb/fxgl/17.3/fxgl-17.3.jar!/fxglassets/textures/particles/trace_horizontal.png
14:01:59.255 [FXGL Background Thread 1 ] DEBUG GameApplicationServi - Application scenes initialized
14:01:59.278 [FXGL Background Thread 1 ] DEBUG SystemBundleService  - Loading FXGL system data
14:01:59.285 [FXGL Background Thread 1 ] DEBUG FileSystemAccess     - Reading from: C:\Users\USER\IdeaProjects\CSIT228-F3-Finals\system\fxgl.bundle
14:01:59.336 [FXGL Background Thread 1 ] DEBUG SystemBundleService  - Bundle FXGL: {}
14:01:59.336 [FXGL Background Thread 1 ] DEBUG UpdaterService       - Checking for updates
14:01:59.388 [FXGL Background Thread 1 ] DEBUG FXGLApplication      - Loading default localization
14:01:59.389 [FXGL Background Thread 1 ] DEBUG FXGLAssetLoaderServi - Loading from file system: jar:file:///C:/Users/USER/.m2/repository/com/github/almasb/fxgl/17.3/fxgl-17.3.jar!/fxglassets/languages/english.lang
14:01:59.439 [FXGL Background Thread 1 ] INFO  FXGLApplication      - FXGL initialization took: 1.575 sec
14:01:59.453 [JavaFX Application Thread] DEBUG Input                - Registered new binding: Up - W
14:01:59.454 [JavaFX Application Thread] DEBUG Input                - Registered new binding: Right - D
14:01:59.454 [JavaFX Application Thread] DEBUG Input                - Registered new binding: Left - A
14:01:59.454 [JavaFX Application Thread] DEBUG Input                - Registered new binding: Down - S
14:01:59.455 [JavaFX Application Thread] DEBUG Input                - Registered new binding: IDK - RMB
14:01:59.456 [JavaFX Application Thread] DEBUG FXGLAssetLoaderServi - Loading from file system: file:/C:/Users/USER/IdeaProjects/CSIT228-F3-Finals/target/classes/assets/music/opening.mp3
14:01:59.488 [FXGL Background Thread 4 ] DEBUG FXGLApplication      - Loading fonts
14:01:59.488 [FXGL Background Thread 4 ] DEBUG FXGLAssetLoaderServi - Loading from file system: jar:file:///C:/Users/USER/.m2/repository/com/github/almasb/fxgl/17.3/fxgl-17.3.jar!/fxglassets/ui/fonts/VarelaRound-Regular.ttf
14:01:59.642 [FXGL Background Thread 4 ] DEBUG FXGLAssetLoaderServi - Loading from file system: jar:file:///C:/Users/USER/.m2/repository/com/github/almasb/fxgl/17.3/fxgl-17.3.jar!/fxglassets/ui/fonts/Abel-Regular.ttf
14:01:59.682 [FXGL Background Thread 4 ] DEBUG FXGLAssetLoaderServi - Loading from file system: jar:file:///C:/Users/USER/.m2/repository/com/github/almasb/fxgl/17.3/fxgl-17.3.jar!/fxglassets/ui/fonts/TerminalLandMono-Regular.otf
14:01:59.708 [FXGL Background Thread 4 ] DEBUG FXGLAssetLoaderServi - Loading from file system: jar:file:///C:/Users/USER/.m2/repository/com/github/almasb/fxgl/17.3/fxgl-17.3.jar!/fxglassets/ui/fonts/Courier-Prime.ttf
14:01:59.940 [JavaFX Application Thread] DEBUG AudioPlayer          - Playing music com.almasb.fxgl.audio.Music@e541b59
14:01:59.940 [JavaFX Application Thread] DEBUG FXGLAssetLoaderServi - Loading from file system: jar:file:///C:/Users/USER/.m2/repository/com/github/almasb/fxgl/17.3/fxgl-17.3.jar!/fxglassets/textures/fxgl_icon.png
14:02:00.012 [JavaFX Application Thread] DEBUG FXGLAssetLoaderServi - Loading from file system: jar:file:///C:/Users/USER/.m2/repository/com/github/almasb/fxgl/17.3/fxgl-17.3.jar!/fxglassets/textures/fxgl_default_cursor.png
14:02:00.017 [JavaFX Application Thread] DEBUG Input                - Registered new binding: Screenshot - CTRL+8
14:02:00.017 [JavaFX Application Thread] DEBUG Input                - Registered new binding: Dev Options - 1
14:02:00.018 [JavaFX Application Thread] DEBUG Input                - Registered new binding: Dev Console - 2
14:02:00.018 [JavaFX Application Thread] DEBUG Input                - Registered new binding: System info dump - CTRL+9
14:02:00.019 [JavaFX Application Thread] DEBUG Input                - Registered new binding: Restart - CTRL+R
14:02:00.021 [JavaFX Application Thread] DEBUG Input                - Registered new binding: Toggle Debug Camera - CTRL+7
14:02:00.025 [JavaFX Application Thread] DEBUG LoopRunner           - Starting loop
14:02:00.033 [JavaFX Application Thread] DEBUG LoopRunner           - Initializing JavaFX AnimationTimerLoop
14:02:00.039 [JavaFX Application Thread] DEBUG Input                - Clearing active input actions
14:02:00.089 [JavaFX Application Thread] DEBUG GameApplicationServi - Removing overlay from FXGLStartupScene and adding to FXGLMainMenuDummyScene
14:02:00.094 [JavaFX Application Thread] DEBUG PrimaryStageWindow   - FXGLStartupScene -> FXGLMainMenuDummyScene
14:02:00.094 [JavaFX Application Thread] DEBUG PrimaryStageWindow   - Push state: GameMainMenu
14:02:00.094 [JavaFX Application Thread] DEBUG Input                - Clearing active input actions
14:02:00.103 [JavaFX Application Thread] DEBUG GameApplicationServi - Removing overlay from FXGLMainMenuDummyScene and adding to GameMainMenu
14:02:00.103 [JavaFX Application Thread] DEBUG PrimaryStageWindow   - FXGLMainMenuDummyScene -> GameMainMenu
14:02:00.105 [JavaFX Application Thread] DEBUG FXGLApplication      - Registering font factories with UI factory
14:02:01.004 [FXGL Background Thread 2 ] INFO  UpdaterService       - Your current version:  17.3
14:02:01.005 [FXGL Background Thread 2 ] INFO  UpdaterService       - Latest stable version: 21.1
14:02:01.844 [JavaFX Application Thread] DEBUG AudioPlayer          - Stopping music com.almasb.fxgl.audio.Music@e541b59
14:02:01.881 [JavaFX Application Thread] DEBUG FXGLAssetLoaderServi - Loading from file system: file:/C:/Users/USER/IdeaProjects/CSIT228-F3-Finals/target/classes/assets/music/game-music.mp3
14:02:01.884 [JavaFX Application Thread] DEBUG AudioPlayer          - Playing music com.almasb.fxgl.audio.Music@77b22b59
14:02:01.884 [JavaFX Application Thread] DEBUG Menu                 - fireNewGame()
14:02:01.884 [JavaFX Application Thread] DEBUG GameApplicationServi - Starting new game
14:02:01.884 [JavaFX Application Thread] DEBUG PrimaryStageWindow   - Pop state: GameMainMenu
14:02:01.884 [JavaFX Application Thread] DEBUG Input                - Clearing active input actions
14:02:01.886 [JavaFX Application Thread] DEBUG GameApplicationServi - Removing overlay from GameMainMenu and adding to FXGLMainMenuDummyScene
14:02:01.890 [JavaFX Application Thread] DEBUG PrimaryStageWindow   - FXGLMainMenuDummyScene <- GameMainMenu
14:02:01.890 [JavaFX Application Thread] DEBUG Input                - Clearing active input actions
14:02:01.899 [JavaFX Application Thread] DEBUG GameApplicationServi - Removing overlay from FXGLMainMenuDummyScene and adding to FXGLLoadingScene
14:02:01.900 [JavaFX Application Thread] DEBUG PrimaryStageWindow   - FXGLMainMenuDummyScene -> FXGLLoadingScene
14:02:01.900 [JavaFX Application Thread] DEBUG GameApplicationServi - Clearing previous game
14:02:01.900 [JavaFX Application Thread] DEBUG GameScene            - Clearing game scene
14:02:01.901 [JavaFX Application Thread] DEBUG GameWorld            - Clearing game world
14:02:01.901 [JavaFX Application Thread] DEBUG PhysicsWorld         - Clearing physics world
14:02:01.902 [FXGL Background Thread 2 ] DEBUG FXGLApplication      - Initializing game
14:02:01.953 [FXGL Background Thread 2 ] WARN  TMXLevelLoader       - TiledMap generated from 1.10.2. Supported version: 1.9.0. Some features may not be parsed fully.
14:02:02.058 [FXGL Background Thread 2 ] DEBUG TMXLevelLoader       - Parsed TiledMap: file:/C:/Users/USER/IdeaProjects/CSIT228-F3-Finals/target/classes/assets/levels/tmx/2DGameTiledMap.tmx
14:02:02.060 [FXGL Background Thread 2 ] DEBUG TMXLevelLoader       - Creating tile layer entities
14:02:02.063 [FXGL Background Thread 2 ] DEBUG TilesetLoader        - Loading view for layer floor
14:02:02.079 [FXGL Background Thread 2 ] DEBUG TilesetLoader        - Created buffer with size 2304.0x2304.0
14:02:02.243 [FXGL Background Thread 2 ] DEBUG TilesetLoader        - Loading view for layer stuff
14:02:02.258 [FXGL Background Thread 2 ] DEBUG TilesetLoader        - Created buffer with size 2304.0x2304.0
14:02:02.268 [FXGL Background Thread 2 ] DEBUG TilesetLoader        - Loading view for layer decor
14:02:02.282 [FXGL Background Thread 2 ] DEBUG TilesetLoader        - Created buffer with size 2304.0x2304.0
14:02:02.293 [FXGL Background Thread 2 ] DEBUG TilesetLoader        - Loading view for layer more
14:02:02.307 [FXGL Background Thread 2 ] DEBUG TilesetLoader        - Created buffer with size 2304.0x2304.0
14:02:02.310 [FXGL Background Thread 2 ] DEBUG TMXLevelLoader       - Creating object layer entities
14:02:02.377 [FXGL Background Thread 2 ] DEBUG FXGLAssetLoaderServi - Loading from file system: file:/C:/Users/USER/IdeaProjects/CSIT228-F3-Finals/target/classes/assets/textures/background/torch.gif
14:02:02.396 [FXGL Background Thread 3 ] DEBUG Engine               - Logging environment variables
14:02:02.401 [FXGL Background Thread 3 ] DEBUG Engine               - achievements: []
14:02:02.401 [FXGL Background Thread 3 ] DEBUG Engine               - actualHeight: 720.0
14:02:02.401 [FXGL Background Thread 3 ] DEBUG Engine               - actualHeightProperty: ReadOnlyDoubleProperty [value: 720.0]
14:02:02.401 [FXGL Background Thread 3 ] DEBUG Engine               - actualWidth: 720.0
14:02:02.401 [FXGL Background Thread 3 ] DEBUG Engine               - actualWidthProperty: ReadOnlyDoubleProperty [value: 720.0]
14:02:02.401 [FXGL Background Thread 3 ] DEBUG Engine               - appIcon: fxgl_icon.png
14:02:02.401 [FXGL Background Thread 3 ] DEBUG Engine               - applicationMode: DEVELOPER
14:02:02.401 [FXGL Background Thread 3 ] DEBUG Engine               - cSSList: [fxgl_dark.css]
14:02:02.402 [FXGL Background Thread 3 ] DEBUG Engine               - collisionDetectionStrategy: BRUTE_FORCE
14:02:02.402 [FXGL Background Thread 3 ] DEBUG Engine               - configClass: Optional[class com.example.flat2d.Misc.Config]
14:02:02.402 [FXGL Background Thread 3 ] DEBUG Engine               - credits: []
14:02:02.402 [FXGL Background Thread 3 ] DEBUG Engine               - defaultCursor: CursorInfo(imageName=fxgl_default_cursor.png, hotspotX=7.0, hotspotY=6.0)
14:02:02.403 [FXGL Background Thread 3 ] DEBUG Engine               - devBBoxColorProperty: ObjectProperty [value: 0xff0000ff]
14:02:02.403 [FXGL Background Thread 3 ] DEBUG Engine               - devEnableDebugCameraProperty: BooleanProperty [value: false]
14:02:02.403 [FXGL Background Thread 3 ] DEBUG Engine               - devSensorColorProperty: ObjectProperty [value: 0xffff00ff]
14:02:02.405 [FXGL Background Thread 3 ] DEBUG Engine               - devShowBBoxProperty: BooleanProperty [value: false]
14:02:02.405 [FXGL Background Thread 3 ] DEBUG Engine               - devShowPositionProperty: BooleanProperty [value: false]
14:02:02.406 [FXGL Background Thread 3 ] DEBUG Engine               - enabledMenuItems: []
14:02:02.406 [FXGL Background Thread 3 ] DEBUG Engine               - engineServices: [class com.almasb.fxgl.app.services.FXGLAssetLoaderService, class com.almasb.fxgl.app.FXGLApplication$GameApplicationService, class com.almasb.fxgl.app.services.FXGLDialogService, class com.almasb.fxgl.app.services.IOTaskExecutorService, class com.almasb.fxgl.io.FileSystemService, class com.almasb.fxgl.localization.LocalizationService, class com.almasb.fxgl.app.services.SystemBundleService, class com.almasb.fxgl.profile.SaveLoadService, class com.almasb.fxgl.ui.FXGLUIFactoryServiceProvider, class com.almasb.fxgl.ui.FXGLDialogFactoryServiceProvider, class com.almasb.fxgl.audio.AudioPlayer, class com.almasb.fxgl.notification.impl.NotificationServiceProvider, class com.almasb.fxgl.achievement.AchievementService, class com.almasb.fxgl.cutscene.CutsceneService, class com.almasb.fxgl.minigames.MiniGameService, class com.almasb.fxgl.net.NetService, class com.almasb.fxgl.app.services.UpdaterService, class com.almasb.fxgl.dev.DevService]
14:02:02.406 [FXGL Background Thread 3 ] DEBUG Engine               - fontGame: Abel-Regular.ttf
14:02:02.406 [FXGL Background Thread 3 ] DEBUG Engine               - fontMono: TerminalLandMono-Regular.otf
14:02:02.407 [FXGL Background Thread 3 ] DEBUG Engine               - fontSizeScaleUI: 1.0
14:02:02.407 [FXGL Background Thread 3 ] DEBUG Engine               - fontText: Courier-Prime.ttf
14:02:02.407 [FXGL Background Thread 3 ] DEBUG Engine               - fontUI: VarelaRound-Regular.ttf
14:02:02.407 [FXGL Background Thread 3 ] DEBUG Engine               - fullScreen: BooleanProperty [value: false]
14:02:02.407 [FXGL Background Thread 3 ] DEBUG Engine               - gameDifficulty: MEDIUM
14:02:02.407 [FXGL Background Thread 3 ] DEBUG Engine               - gameDifficultyProperty: ObjectProperty [value: MEDIUM]
14:02:02.407 [FXGL Background Thread 3 ] DEBUG Engine               - globalMusicVolume: 0.5
14:02:02.407 [FXGL Background Thread 3 ] DEBUG Engine               - globalMusicVolumeProperty: DoubleProperty [value: 0.5]
14:02:02.407 [FXGL Background Thread 3 ] DEBUG Engine               - globalSoundVolume: 0.5
14:02:02.407 [FXGL Background Thread 3 ] DEBUG Engine               - globalSoundVolumeProperty: DoubleProperty [value: 0.25]
14:02:02.408 [FXGL Background Thread 3 ] DEBUG Engine               - height: 720
14:02:02.408 [FXGL Background Thread 3 ] DEBUG Engine               - is3D: false
14:02:02.408 [FXGL Background Thread 3 ] DEBUG Engine               - isAndroid: false
14:02:02.408 [FXGL Background Thread 3 ] DEBUG Engine               - isBrowser: false
14:02:02.408 [FXGL Background Thread 3 ] DEBUG Engine               - isClickFeedbackEnabled: false
14:02:02.408 [FXGL Background Thread 3 ] DEBUG Engine               - isCloseConfirmation: false
14:02:02.408 [FXGL Background Thread 3 ] DEBUG Engine               - isDesktop: true
14:02:02.408 [FXGL Background Thread 3 ] DEBUG Engine               - isDeveloperMenuEnabled: true
14:02:02.409 [FXGL Background Thread 3 ] DEBUG Engine               - isEmbedded: false
14:02:02.409 [FXGL Background Thread 3 ] DEBUG Engine               - isEntityPreloadEnabled: true
14:02:02.409 [FXGL Background Thread 3 ] DEBUG Engine               - isExperimentalTiledLargeMap: false
14:02:02.409 [FXGL Background Thread 3 ] DEBUG Engine               - isFileSystemWriteAllowed: true
14:02:02.409 [FXGL Background Thread 3 ] DEBUG Engine               - isFullScreenAllowed: false
14:02:02.409 [FXGL Background Thread 3 ] DEBUG Engine               - isFullScreenFromStart: false
14:02:02.409 [FXGL Background Thread 3 ] DEBUG Engine               - isGameMenuEnabled: true
14:02:02.409 [FXGL Background Thread 3 ] DEBUG Engine               - isIOS: false
14:02:02.409 [FXGL Background Thread 3 ] DEBUG Engine               - isIntroEnabled: false
14:02:02.409 [FXGL Background Thread 3 ] DEBUG Engine               - isLinux: false
14:02:02.409 [FXGL Background Thread 3 ] DEBUG Engine               - isMac: false
14:02:02.409 [FXGL Background Thread 3 ] DEBUG Engine               - isMainMenuEnabled: true
14:02:02.409 [FXGL Background Thread 3 ] DEBUG Engine               - isManualResizeEnabled: false
14:02:02.410 [FXGL Background Thread 3 ] DEBUG Engine               - isMobile: false
14:02:02.410 [FXGL Background Thread 3 ] DEBUG Engine               - isNative: false
14:02:02.410 [FXGL Background Thread 3 ] DEBUG Engine               - isPauseMusicWhenMinimized: true
14:02:02.410 [FXGL Background Thread 3 ] DEBUG Engine               - isPreserveResizeRatio: false
14:02:02.410 [FXGL Background Thread 3 ] DEBUG Engine               - isProfilingEnabled: false
14:02:02.410 [FXGL Background Thread 3 ] DEBUG Engine               - isScaleAffectedOnResize: true
14:02:02.410 [FXGL Background Thread 3 ] DEBUG Engine               - isSingleStep: false
14:02:02.410 [FXGL Background Thread 3 ] DEBUG Engine               - isUserProfileEnabled: false
14:02:02.410 [FXGL Background Thread 3 ] DEBUG Engine               - isWindows: true
14:02:02.410 [FXGL Background Thread 3 ] DEBUG Engine               - language: ObjectProperty [value: ENGLISH]
14:02:02.410 [FXGL Background Thread 3 ] DEBUG Engine               - menuKey: ESCAPE
14:02:02.411 [FXGL Background Thread 3 ] DEBUG Engine               - mouseSensitivity: 0.2
14:02:02.411 [FXGL Background Thread 3 ] DEBUG Engine               - notificationViewClass: class com.almasb.fxgl.notification.view.XboxNotificationView
14:02:02.411 [FXGL Background Thread 3 ] DEBUG Engine               - pixelsPerMeter: 50.0
14:02:02.411 [FXGL Background Thread 3 ] DEBUG Engine               - platform: WINDOWS
14:02:02.411 [FXGL Background Thread 3 ] DEBUG Engine               - prefHeightProperty: ReadOnlyDoubleProperty [value: 720.0]
14:02:02.411 [FXGL Background Thread 3 ] DEBUG Engine               - prefWidthProperty: ReadOnlyDoubleProperty [value: 720.0]
14:02:02.412 [FXGL Background Thread 3 ] DEBUG Engine               - profileDir: profiles/
14:02:02.412 [FXGL Background Thread 3 ] DEBUG Engine               - profileName: StringProperty [value: DEFAULT]
14:02:02.412 [FXGL Background Thread 3 ] DEBUG Engine               - randomSeed: -1
14:02:02.412 [FXGL Background Thread 3 ] DEBUG Engine               - runtimeInfo: RuntimeInfo(platform=WINDOWS, version=17.3, build=30.03.2023 11.49)
14:02:02.412 [FXGL Background Thread 3 ] DEBUG Engine               - saveFileExt: sav
14:02:02.412 [FXGL Background Thread 3 ] DEBUG Engine               - scaledHeightProp$fxgl: DoubleProperty [bound, value: 720.0]
14:02:02.412 [FXGL Background Thread 3 ] DEBUG Engine               - scaledWidthProp$fxgl: DoubleProperty [bound, value: 720.0]
14:02:02.413 [FXGL Background Thread 3 ] DEBUG Engine               - sceneFactory: com.example.flat2d.GameApp$1@464012a8
14:02:02.413 [FXGL Background Thread 3 ] DEBUG Engine               - secondsIn24h: 60
14:02:02.413 [FXGL Background Thread 3 ] DEBUG Engine               - soundMenuBack: menu/back.wav
14:02:02.413 [FXGL Background Thread 3 ] DEBUG Engine               - soundMenuPress: menu/press.wav
14:02:02.413 [FXGL Background Thread 3 ] DEBUG Engine               - soundMenuSelect: menu/select.wav
14:02:02.413 [FXGL Background Thread 3 ] DEBUG Engine               - soundNotification: core/notification.wav
14:02:02.413 [FXGL Background Thread 3 ] DEBUG Engine               - stageStyle: DECORATED
14:02:02.413 [FXGL Background Thread 3 ] DEBUG Engine               - supportedLanguages: [ENGLISH, FRENCH, GERMAN, HUNGARIAN, RUSSIAN]
14:02:02.413 [FXGL Background Thread 3 ] DEBUG Engine               - ticksPerSecond: -1
14:02:02.413 [FXGL Background Thread 3 ] DEBUG Engine               - title: Adventures of Sir Vim Zarado
14:02:02.413 [FXGL Background Thread 3 ] DEBUG Engine               - urlGithub: https://github.com/AlmasB/FXGL
14:02:02.413 [FXGL Background Thread 3 ] DEBUG Engine               - urlLeaderboard: http://fxgl-top.herokuapp.com/
14:02:02.414 [FXGL Background Thread 3 ] DEBUG Engine               - urlPOM: https://raw.githubusercontent.com/AlmasB/FXGL/release/README.md
14:02:02.414 [FXGL Background Thread 3 ] DEBUG Engine               - userAppClass: class com.example.flat2d.GameApp
14:02:02.414 [FXGL Background Thread 3 ] DEBUG Engine               - version: 0.0
14:02:02.414 [FXGL Background Thread 3 ] DEBUG Engine               - versionCheckDays: 7
14:02:02.414 [FXGL Background Thread 3 ] DEBUG Engine               - width: 720
14:02:02.414 [FXGL Background Thread 3 ] DEBUG Engine               - Logging services
14:02:02.414 [FXGL Background Thread 3 ] DEBUG Engine               - class com.almasb.fxgl.app.services.FXGLAssetLoaderService
14:02:02.415 [FXGL Background Thread 3 ] DEBUG Engine               - class com.almasb.fxgl.app.FXGLApplication$GameApplicationService
14:02:02.415 [FXGL Background Thread 3 ] DEBUG Engine               - class com.almasb.fxgl.app.services.FXGLDialogService
14:02:02.415 [FXGL Background Thread 3 ] DEBUG Engine               - class com.almasb.fxgl.app.services.IOTaskExecutorService
14:02:02.415 [FXGL Background Thread 3 ] DEBUG Engine               - class com.almasb.fxgl.io.FileSystemService
14:02:02.415 [FXGL Background Thread 3 ] DEBUG Engine               - class com.almasb.fxgl.localization.LocalizationService
14:02:02.415 [FXGL Background Thread 3 ] DEBUG Engine               - class com.almasb.fxgl.app.services.SystemBundleService
14:02:02.415 [FXGL Background Thread 3 ] DEBUG Engine               - class com.almasb.fxgl.profile.SaveLoadService
14:02:02.415 [FXGL Background Thread 3 ] DEBUG Engine               - class com.almasb.fxgl.ui.FXGLUIFactoryServiceProvider
14:02:02.415 [FXGL Background Thread 3 ] DEBUG Engine               - class com.almasb.fxgl.ui.FXGLDialogFactoryServiceProvider
14:02:02.415 [FXGL Background Thread 3 ] DEBUG Engine               - class com.almasb.fxgl.audio.AudioPlayer
14:02:02.416 [FXGL Background Thread 3 ] DEBUG Engine               - class com.almasb.fxgl.notification.impl.NotificationServiceProvider
14:02:02.416 [FXGL Background Thread 3 ] DEBUG Engine               - class com.almasb.fxgl.achievement.AchievementService
14:02:02.416 [FXGL Background Thread 3 ] DEBUG Engine               - class com.almasb.fxgl.cutscene.CutsceneService
14:02:02.416 [FXGL Background Thread 3 ] DEBUG Engine               - class com.almasb.fxgl.minigames.MiniGameService
14:02:02.416 [FXGL Background Thread 3 ] DEBUG Engine               - class com.almasb.fxgl.net.NetService
14:02:02.416 [FXGL Background Thread 3 ] DEBUG Engine               - class com.almasb.fxgl.app.services.UpdaterService
14:02:02.416 [FXGL Background Thread 3 ] DEBUG Engine               - class com.almasb.fxgl.dev.DevService
14:02:02.470 [FXGL Background Thread 2 ] DEBUG FXGLAssetLoaderServi - Loading from file system: file:/C:/Users/USER/IdeaProjects/CSIT228-F3-Finals/target/classes/assets/textures/background/eyes-hole.gif
14:02:02.623 [FXGL Background Thread 2 ] DEBUG GameWorld            - Clearing removable entities
14:02:02.624 [FXGL Background Thread 2 ] DEBUG GameWorld            - Setting level: com.almasb.fxgl.entity.level.Level@64f22c6a
14:02:02.644 [FXGL Background Thread 2 ] DEBUG FXGLAssetLoaderServi - Loading from file system: file:/C:/Users/USER/IdeaProjects/CSIT228-F3-Finals/target/classes/assets/textures/player/lecatmoves.png
14:02:02.646 [FXGL Background Thread 2 ] DEBUG FXGLAssetLoaderServi - Loading from file system: file:/C:/Users/USER/IdeaProjects/CSIT228-F3-Finals/target/classes/assets/textures/player/CatOne.png
14:02:02.647 [FXGL Background Thread 2 ] DEBUG FXGLAssetLoaderServi - Loading from file system: file:/C:/Users/USER/IdeaProjects/CSIT228-F3-Finals/target/classes/assets/textures/player/CatThree.png
14:02:02.651 [FXGL Background Thread 2 ] DEBUG FXGLAssetLoaderServi - Loading from file system: file:/C:/Users/USER/IdeaProjects/CSIT228-F3-Finals/target/classes/assets/textures/player/CatFour.png
14:02:02.685 [FXGL Background Thread 2 ] INFO  FXGLApplication      - Game initialization took: 0.783 sec
14:02:02.700 [JavaFX Application Thread] DEBUG Input                - Clearing active input actions
14:02:02.711 [JavaFX Application Thread] DEBUG GameApplicationServi - Removing overlay from FXGLLoadingScene and adding to GameScene
14:02:02.721 [JavaFX Application Thread] DEBUG PrimaryStageWindow   - FXGLLoadingScene -> GameScene
14:02:03.746 [JavaFX Application Thread] DEBUG FXGLAssetLoaderServi - Loading from file system: file:/C:/Users/USER/IdeaProjects/CSIT228-F3-Finals/target/classes/assets/textures/skill/spr_bullet_strip.png
14:02:04.896 [JavaFX Application Thread] DEBUG FXGLAssetLoaderServi - Loading from file system: file:/C:/Users/USER/IdeaProjects/CSIT228-F3-Finals/target/classes/assets/textures/basic/NormalWalk2.png
14:02:04.900 [JavaFX Application Thread] DEBUG FXGLAssetLoaderServi - Loading from file system: file:/C:/Users/USER/IdeaProjects/CSIT228-F3-Finals/target/classes/assets/textures/basic/NormalDead2.png
14:02:04.903 [JavaFX Application Thread] DEBUG FXGLAssetLoaderServi - Loading from file system: file:/C:/Users/USER/IdeaProjects/CSIT228-F3-Finals/target/classes/assets/textures/basic/NormalAttack2.png
14:02:14.126 [JavaFX Application Thread] DEBUG FXGLAssetLoaderServi - Loading from file system: file:/C:/Users/USER/IdeaProjects/CSIT228-F3-Finals/target/classes/assets/textures/background/Small.gif
14:02:14.141 [JavaFX Application Thread] DEBUG FXGLAssetLoaderServi - Loading from file system: file:/C:/Users/USER/IdeaProjects/CSIT228-F3-Finals/target/classes/assets/sounds/enemy-death2.wav
14:02:15.116 [JavaFX Application Thread] DEBUG FXGLAssetLoaderServi - Loading from file system: file:/C:/Users/USER/IdeaProjects/CSIT228-F3-Finals/target/classes/assets/textures/background/get-all-exp.gif
14:02:15.119 [JavaFX Application Thread] WARN  Entity               - Entity already has component: com.almasb.fxgl.entity.components.CollidableComponent
14:02:16.147 [JavaFX Application Thread] WARN  Entity               - Entity already has component: com.almasb.fxgl.entity.components.CollidableComponent
14:02:17.150 [JavaFX Application Thread] WARN  Entity               - Entity already has component: com.almasb.fxgl.entity.components.CollidableComponent
14:02:18.046 [JavaFX Application Thread] DEBUG FXGLAssetLoaderServi - Loading from file system: file:/C:/Users/USER/IdeaProjects/CSIT228-F3-Finals/target/classes/assets/sounds/exp-get-sfx.wav
14:02:18.173 [JavaFX Application Thread] WARN  Entity               - Entity already has component: com.almasb.fxgl.entity.components.CollidableComponent
14:02:19.181 [JavaFX Application Thread] WARN  Entity               - Entity already has component: com.almasb.fxgl.entity.components.CollidableComponent
14:02:20.204 [JavaFX Application Thread] WARN  Entity               - Entity already has component: com.almasb.fxgl.entity.components.CollidableComponent
14:02:21.229 [JavaFX Application Thread] WARN  Entity               - Entity already has component: com.almasb.fxgl.entity.components.CollidableComponent
14:02:22.220 [JavaFX Application Thread] WARN  Entity               - Entity already has component: com.almasb.fxgl.entity.components.CollidableComponent
14:02:23.229 [JavaFX Application Thread] WARN  Entity               - Entity already has component: com.almasb.fxgl.entity.components.CollidableComponent
14:02:24.220 [JavaFX Application Thread] WARN  Entity               - Entity already has component: com.almasb.fxgl.entity.components.CollidableComponent
14:02:25.229 [JavaFX Application Thread] WARN  Entity               - Entity already has component: com.almasb.fxgl.entity.components.CollidableComponent
14:02:25.645 [JavaFX Application Thread] DEBUG FXGLApplication      - Exiting FXGL
14:02:25.645 [JavaFX Application Thread] DEBUG LoopRunner           - Stopping loop
14:02:25.645 [JavaFX Application Thread] DEBUG SystemBundleService  - Saving FXGL system data
14:02:25.647 [JavaFX Application Thread] DEBUG FileSystemAccess     - Writing to: C:\Users\USER\IdeaProjects\CSIT228-F3-Finals\system\fxgl.bundle
14:02:25.649 [JavaFX Application Thread] DEBUG Async                - Shutting down background threads
14:02:25.649 [JavaFX Application Thread] DEBUG PrimaryStageWindow   - Closing main window
14:02:25.665 [JavaFX Application Thread] DEBUG Logger               - Closing Logger
