11:38:15.650 [main                     ] DEBUG Logger               - Configured Logger
11:38:15.677 [main                     ] DEBUG GameApplication      - Logging settings
Title: Adventures of Sir Vim Zarado
Version: 0.0
Width: 720
Height: 720
Fullscreen: false
Intro: false
Profiling: false
Single step:false
App Mode: DEVELOPER
Menu Key: ESCAPE
Stage Style: DECORATED
Scene Factory: class com.example.flat2d.GameApp$1

11:38:16.207 [JavaFX Application Thread] DEBUG FXGLApplication      - Initializing FXGL
11:38:16.214 [JavaFX Application Thread] INFO  Engine               - FXGL-17.3 (30.03.2023 11.49) on WINDOWS (J:21 FX:21)
11:38:16.214 [JavaFX Application Thread] DEBUG Engine               - JRE Vendor Name: Oracle Corporation
11:38:16.215 [JavaFX Application Thread] DEBUG Engine               - Running on OS: Windows 10 version 10.0
11:38:16.215 [JavaFX Application Thread] DEBUG Engine               - Architecture: amd64
11:38:16.215 [JavaFX Application Thread] INFO  Engine               - Source code and latest versions at: https://github.com/AlmasB/FXGL
11:38:16.216 [JavaFX Application Thread] INFO  Engine               -       Ask questions and discuss at: https://github.com/AlmasB/FXGL/discussions
11:38:16.216 [JavaFX Application Thread] INFO  Engine               -              Join the FXGL chat at: https://gitter.im/AlmasB/FXGL
11:38:16.384 [JavaFX Application Thread] DEBUG PrimaryStageWindow   - Creating a JavaFX scene
11:38:16.494 [JavaFX Application Thread] DEBUG PrimaryStageWindow   - Target settings size: 720.0 x 720.0
11:38:16.494 [JavaFX Application Thread] DEBUG PrimaryStageWindow   - Scaled scene size:    720.0 x 720.0
11:38:16.495 [JavaFX Application Thread] DEBUG PrimaryStageWindow   - Scaled ratio: (1.0, 1.0)
11:38:16.497 [JavaFX Application Thread] DEBUG PrimaryStageWindow   - Set initial scene to FXGLStartupScene
11:38:16.503 [JavaFX Application Thread] DEBUG PrimaryStageWindow   - Opening main window
11:38:16.631 [JavaFX Application Thread] DEBUG PrimaryStageWindow   - Window border size: (16.0, 39.0)
11:38:16.631 [JavaFX Application Thread] DEBUG PrimaryStageWindow   - Scaled size: 720.0 x 720.0
11:38:16.632 [JavaFX Application Thread] DEBUG PrimaryStageWindow   - Scaled ratio: (1.0, 1.0)
11:38:16.633 [JavaFX Application Thread] DEBUG PrimaryStageWindow   - Scene size: 720.0 x 720.0
11:38:16.633 [JavaFX Application Thread] DEBUG PrimaryStageWindow   - Stage size: 736.0 x 759.0
11:38:16.686 [FXGL Background Thread 1 ] DEBUG Engine               - Initializing environment variables
11:38:16.782 [FXGL Background Thread 1 ] DEBUG FXGLAssetLoaderServi - User app class for loading assets: class com.example.flat2d.GameApp
11:38:16.782 [FXGL Background Thread 1 ] DEBUG GameApplicationServi - Applying CSS: fxgl_dark.css
11:38:16.784 [FXGL Background Thread 1 ] DEBUG FXGLAssetLoaderServi - Loading from file system: jar:file:///C:/Users/USER/.m2/repository/com/github/almasb/fxgl/17.3/fxgl-17.3.jar!/fxglassets/ui/css/fxgl_dark.css
11:38:16.873 [FXGL Background Thread 1 ] DEBUG GameApplicationServi - Initializing application scenes
11:38:17.019 [FXGL Background Thread 1 ] DEBUG GameWorld            - Game world initialized
11:38:17.134 [FXGL Background Thread 1 ] DEBUG PhysicsWorld         - Physics world initialized: appHeight=720, physics.ppm=50.0
11:38:17.136 [FXGL Background Thread 1 ] DEBUG PhysicsWorld         - Using strategy: BRUTE_FORCE
11:38:17.141 [FXGL Background Thread 1 ] DEBUG GameScene            - Game scene initialized: 720x720
11:38:17.146 [FXGL Background Thread 1 ] DEBUG FXGLAssetLoaderServi - Loading from file system: file:/C:/Users/USER/IdeaProjects/2DGame/target/classes/assets/textures/background/backg.jpg
11:38:17.234 [FXGL Background Thread 1 ] WARN  FXGL.DefaultMenu     - FXGLDefaultMenu is not designed for resolutions < 800x600
11:38:17.235 [FXGL Background Thread 1 ] DEBUG FXGL.DefaultMenu     - createMenuBodyGameMenu()
11:38:17.259 [FXGL Background Thread 1 ] DEBUG FXGL.DefaultMenu     - createOptionsMenu()
11:38:17.272 [FXGL Background Thread 1 ] DEBUG FXGLAssetLoaderServi - Loading from file system: jar:file:///C:/Users/USER/.m2/repository/com/github/almasb/fxgl/17.3/fxgl-17.3.jar!/fxglassets/textures/particles/smoke.png
11:38:17.444 [FXGL Background Thread 1 ] DEBUG FXGLAssetLoaderServi - Loading from file system: jar:file:///C:/Users/USER/.m2/repository/com/github/almasb/fxgl/17.3/fxgl-17.3.jar!/fxglassets/textures/particles/trace_horizontal.png
11:38:17.505 [FXGL Background Thread 1 ] DEBUG GameApplicationServi - Application scenes initialized
11:38:17.530 [FXGL Background Thread 1 ] DEBUG SystemBundleService  - Loading FXGL system data
11:38:17.538 [FXGL Background Thread 1 ] DEBUG FileSystemAccess     - Reading from: C:\Users\USER\IdeaProjects\2DGame\system\fxgl.bundle
11:38:17.555 [FXGL Background Thread 1 ] DEBUG SystemBundleService  - Bundle FXGL: {}
11:38:17.555 [FXGL Background Thread 1 ] DEBUG UpdaterService       - Checking for updates
11:38:17.647 [FXGL Background Thread 1 ] DEBUG FXGLApplication      - Loading default localization
11:38:17.649 [FXGL Background Thread 1 ] DEBUG FXGLAssetLoaderServi - Loading from file system: jar:file:///C:/Users/USER/.m2/repository/com/github/almasb/fxgl/17.3/fxgl-17.3.jar!/fxglassets/languages/english.lang
11:38:17.692 [FXGL Background Thread 1 ] INFO  FXGLApplication      - FXGL initialization took: 1.005 sec
11:38:17.698 [FXGL Background Thread 4 ] DEBUG FXGLApplication      - Loading fonts
11:38:17.699 [FXGL Background Thread 4 ] DEBUG FXGLAssetLoaderServi - Loading from file system: jar:file:///C:/Users/USER/.m2/repository/com/github/almasb/fxgl/17.3/fxgl-17.3.jar!/fxglassets/ui/fonts/VarelaRound-Regular.ttf
11:38:17.710 [JavaFX Application Thread] DEBUG Input                - Registered new binding: Up - W
11:38:17.710 [JavaFX Application Thread] DEBUG Input                - Registered new binding: Right - D
11:38:17.711 [JavaFX Application Thread] DEBUG Input                - Registered new binding: Left - A
11:38:17.711 [JavaFX Application Thread] DEBUG Input                - Registered new binding: Down - S
11:38:17.713 [JavaFX Application Thread] DEBUG Input                - Registered new binding: IDK - RMB
11:38:17.714 [JavaFX Application Thread] DEBUG FXGLAssetLoaderServi - Loading from file system: file:/C:/Users/USER/IdeaProjects/2DGame/target/classes/assets/music/bgm-music.mp3
11:38:17.760 [FXGL Background Thread 4 ] DEBUG FXGLAssetLoaderServi - Loading from file system: jar:file:///C:/Users/USER/.m2/repository/com/github/almasb/fxgl/17.3/fxgl-17.3.jar!/fxglassets/ui/fonts/Abel-Regular.ttf
11:38:17.766 [FXGL Background Thread 4 ] DEBUG FXGLAssetLoaderServi - Loading from file system: jar:file:///C:/Users/USER/.m2/repository/com/github/almasb/fxgl/17.3/fxgl-17.3.jar!/fxglassets/ui/fonts/TerminalLandMono-Regular.otf
11:38:17.775 [FXGL Background Thread 4 ] DEBUG FXGLAssetLoaderServi - Loading from file system: jar:file:///C:/Users/USER/.m2/repository/com/github/almasb/fxgl/17.3/fxgl-17.3.jar!/fxglassets/ui/fonts/Courier-Prime.ttf
11:38:18.016 [JavaFX Application Thread] DEBUG AudioPlayer          - Playing music com.almasb.fxgl.audio.Music@378054e1
11:38:18.017 [JavaFX Application Thread] DEBUG FXGLAssetLoaderServi - Loading from file system: jar:file:///C:/Users/USER/.m2/repository/com/github/almasb/fxgl/17.3/fxgl-17.3.jar!/fxglassets/textures/fxgl_icon.png
11:38:18.058 [JavaFX Application Thread] DEBUG FXGLAssetLoaderServi - Loading from file system: jar:file:///C:/Users/USER/.m2/repository/com/github/almasb/fxgl/17.3/fxgl-17.3.jar!/fxglassets/textures/fxgl_default_cursor.png
11:38:18.063 [JavaFX Application Thread] DEBUG Input                - Registered new binding: Screenshot - CTRL+8
11:38:18.063 [JavaFX Application Thread] DEBUG Input                - Registered new binding: Dev Options - 1
11:38:18.064 [JavaFX Application Thread] DEBUG Input                - Registered new binding: Dev Console - 2
11:38:18.064 [JavaFX Application Thread] DEBUG Input                - Registered new binding: System info dump - CTRL+9
11:38:18.065 [JavaFX Application Thread] DEBUG Input                - Registered new binding: Restart - CTRL+R
11:38:18.066 [JavaFX Application Thread] DEBUG Input                - Registered new binding: Toggle Debug Camera - CTRL+7
11:38:18.071 [JavaFX Application Thread] DEBUG LoopRunner           - Starting loop
11:38:18.088 [JavaFX Application Thread] DEBUG LoopRunner           - Initializing JavaFX AnimationTimerLoop
11:38:18.102 [JavaFX Application Thread] DEBUG Input                - Clearing active input actions
11:38:18.132 [JavaFX Application Thread] DEBUG GameApplicationServi - Removing overlay from FXGLStartupScene and adding to FXGLMainMenuDummyScene
11:38:18.141 [JavaFX Application Thread] DEBUG PrimaryStageWindow   - FXGLStartupScene -> FXGLMainMenuDummyScene
11:38:18.141 [JavaFX Application Thread] DEBUG PrimaryStageWindow   - Push state: GameMainMenu
11:38:18.141 [JavaFX Application Thread] DEBUG Input                - Clearing active input actions
11:38:18.153 [JavaFX Application Thread] DEBUG GameApplicationServi - Removing overlay from FXGLMainMenuDummyScene and adding to GameMainMenu
11:38:18.155 [JavaFX Application Thread] DEBUG PrimaryStageWindow   - FXGLMainMenuDummyScene -> GameMainMenu
11:38:18.159 [JavaFX Application Thread] DEBUG FXGLApplication      - Registering font factories with UI factory
11:38:18.808 [FXGL Background Thread 2 ] INFO  UpdaterService       - Your current version:  17.3
11:38:18.808 [FXGL Background Thread 2 ] INFO  UpdaterService       - Latest stable version: 21.1
11:38:20.459 [JavaFX Application Thread] DEBUG FXGLApplication      - Exiting FXGL
11:38:20.459 [JavaFX Application Thread] DEBUG LoopRunner           - Stopping loop
11:38:20.459 [JavaFX Application Thread] DEBUG SystemBundleService  - Saving FXGL system data
11:38:20.465 [JavaFX Application Thread] DEBUG FileSystemAccess     - Writing to: C:\Users\USER\IdeaProjects\2DGame\system\fxgl.bundle
11:38:20.470 [JavaFX Application Thread] DEBUG Async                - Shutting down background threads
11:38:20.470 [JavaFX Application Thread] DEBUG PrimaryStageWindow   - Closing main window
11:38:20.481 [JavaFX Application Thread] DEBUG Logger               - Closing Logger
