12:49:30.173 [main                     ] DEBUG Logger               - Configured Logger
12:49:30.203 [main                     ] DEBUG GameApplication      - Logging settings
Title: Adventures of Sir Vim Zarado
Version: 0.0
Width: 720
Height: 720
Fullscreen: false
Intro: false
Profiling: false
Single step:false
App Mode: DEVELOPER
Menu Key: ESCAPE
Stage Style: DECORATED
Scene Factory: class com.example.flat2d.GameApp$1

12:49:30.563 [JavaFX Application Thread] DEBUG FXGLApplication      - Initializing FXGL
12:49:30.569 [JavaFX Application Thread] INFO  Engine               - FXGL-17.3 (30.03.2023 11.49) on WINDOWS (J:21.0.2 FX:21)
12:49:30.569 [JavaFX Application Thread] DEBUG Engine               - JRE Vendor Name: Oracle Corporation
12:49:30.570 [JavaFX Application Thread] DEBUG Engine               - Running on OS: Windows 10 version 10.0
12:49:30.570 [JavaFX Application Thread] DEBUG Engine               - Architecture: amd64
12:49:30.570 [JavaFX Application Thread] INFO  Engine               - Source code and latest versions at: https://github.com/AlmasB/FXGL
12:49:30.570 [JavaFX Application Thread] INFO  Engine               -       Ask questions and discuss at: https://github.com/AlmasB/FXGL/discussions
12:49:30.571 [JavaFX Application Thread] INFO  Engine               -              Join the FXGL chat at: https://gitter.im/AlmasB/FXGL
12:49:30.695 [JavaFX Application Thread] DEBUG PrimaryStageWindow   - Creating a JavaFX scene
12:49:30.756 [JavaFX Application Thread] DEBUG PrimaryStageWindow   - Target settings size: 720.0 x 720.0
12:49:30.757 [JavaFX Application Thread] DEBUG PrimaryStageWindow   - Scaled scene size:    720.0 x 720.0
12:49:30.757 [JavaFX Application Thread] DEBUG PrimaryStageWindow   - Scaled ratio: (1.0, 1.0)
12:49:30.758 [JavaFX Application Thread] DEBUG PrimaryStageWindow   - Set initial scene to FXGLStartupScene
12:49:30.761 [JavaFX Application Thread] DEBUG PrimaryStageWindow   - Opening main window
12:49:30.846 [JavaFX Application Thread] DEBUG PrimaryStageWindow   - Window border size: (16.0, 39.0)
12:49:30.846 [JavaFX Application Thread] DEBUG PrimaryStageWindow   - Scaled size: 720.0 x 720.0
12:49:30.847 [JavaFX Application Thread] DEBUG PrimaryStageWindow   - Scaled ratio: (1.0, 1.0)
12:49:30.847 [JavaFX Application Thread] DEBUG PrimaryStageWindow   - Scene size: 720.0 x 720.0
12:49:30.847 [JavaFX Application Thread] DEBUG PrimaryStageWindow   - Stage size: 736.0 x 759.0
12:49:30.857 [FXGL Background Thread 1 ] DEBUG Engine               - Initializing environment variables
12:49:30.930 [FXGL Background Thread 1 ] DEBUG FXGLAssetLoaderServi - User app class for loading assets: class com.example.flat2d.GameApp
12:49:30.930 [FXGL Background Thread 1 ] DEBUG GameApplicationServi - Applying CSS: fxgl_dark.css
12:49:30.931 [FXGL Background Thread 1 ] DEBUG FXGLAssetLoaderServi - Loading from file system: jar:file:///C:/Users/USER/.m2/repository/com/github/almasb/fxgl/17.3/fxgl-17.3.jar!/fxglassets/ui/css/fxgl_dark.css
12:49:30.994 [FXGL Background Thread 1 ] DEBUG GameApplicationServi - Initializing application scenes
12:49:31.094 [FXGL Background Thread 1 ] DEBUG GameWorld            - Game world initialized
12:49:31.181 [FXGL Background Thread 1 ] DEBUG PhysicsWorld         - Physics world initialized: appHeight=720, physics.ppm=50.0
12:49:31.182 [FXGL Background Thread 1 ] DEBUG PhysicsWorld         - Using strategy: BRUTE_FORCE
12:49:31.186 [FXGL Background Thread 1 ] DEBUG GameScene            - Game scene initialized: 720x720
12:49:31.190 [FXGL Background Thread 1 ] DEBUG FXGLAssetLoaderServi - Loading from file system: file:/C:/Users/USER/IdeaProjects/CSIT228-F3-Finals/target/classes/assets/textures/background/main-screen.jpg
12:49:31.300 [FXGL Background Thread 1 ] DEBUG FXGLAssetLoaderServi - Loading from file system: file:/C:/Users/USER/IdeaProjects/CSIT228-F3-Finals/target/classes/assets/textures/profile-pic.jpg
12:49:31.316 [FXGL Background Thread 1 ] WARN  FXGL.DefaultMenu     - FXGLDefaultMenu is not designed for resolutions < 800x600
12:49:31.317 [FXGL Background Thread 1 ] DEBUG FXGL.DefaultMenu     - createMenuBodyGameMenu()
12:49:31.332 [FXGL Background Thread 1 ] DEBUG FXGL.DefaultMenu     - createOptionsMenu()
12:49:31.340 [FXGL Background Thread 1 ] DEBUG FXGLAssetLoaderServi - Loading from file system: jar:file:///C:/Users/USER/.m2/repository/com/github/almasb/fxgl/17.3/fxgl-17.3.jar!/fxglassets/textures/particles/smoke.png
12:49:31.452 [FXGL Background Thread 1 ] DEBUG FXGLAssetLoaderServi - Loading from file system: jar:file:///C:/Users/USER/.m2/repository/com/github/almasb/fxgl/17.3/fxgl-17.3.jar!/fxglassets/textures/particles/trace_horizontal.png
12:49:31.493 [FXGL Background Thread 1 ] DEBUG GameApplicationServi - Application scenes initialized
12:49:31.509 [FXGL Background Thread 1 ] DEBUG SystemBundleService  - Loading FXGL system data
12:49:31.515 [FXGL Background Thread 1 ] DEBUG FileSystemAccess     - Reading from: C:\Users\USER\IdeaProjects\CSIT228-F3-Finals\system\fxgl.bundle
12:49:31.538 [FXGL Background Thread 1 ] DEBUG SystemBundleService  - Bundle FXGL: {}
12:49:31.540 [FXGL Background Thread 1 ] DEBUG UpdaterService       - Checking for updates
12:49:31.574 [FXGL Background Thread 4 ] DEBUG FXGLApplication      - Loading fonts
12:49:31.574 [FXGL Background Thread 1 ] DEBUG FXGLApplication      - Loading default localization
12:49:31.575 [FXGL Background Thread 4 ] DEBUG FXGLAssetLoaderServi - Loading from file system: jar:file:///C:/Users/USER/.m2/repository/com/github/almasb/fxgl/17.3/fxgl-17.3.jar!/fxglassets/ui/fonts/VarelaRound-Regular.ttf
12:49:31.575 [FXGL Background Thread 1 ] DEBUG FXGLAssetLoaderServi - Loading from file system: jar:file:///C:/Users/USER/.m2/repository/com/github/almasb/fxgl/17.3/fxgl-17.3.jar!/fxglassets/languages/english.lang
12:49:31.607 [FXGL Background Thread 1 ] INFO  FXGLApplication      - FXGL initialization took: 0.750 sec
12:49:31.630 [JavaFX Application Thread] DEBUG Input                - Registered new binding: Up - W
12:49:31.630 [JavaFX Application Thread] DEBUG Input                - Registered new binding: Right - D
12:49:31.631 [JavaFX Application Thread] DEBUG Input                - Registered new binding: Left - A
12:49:31.631 [JavaFX Application Thread] DEBUG Input                - Registered new binding: Down - S
12:49:31.632 [JavaFX Application Thread] DEBUG Input                - Registered new binding: IDK - RMB
12:49:31.633 [JavaFX Application Thread] DEBUG FXGLAssetLoaderServi - Loading from file system: file:/C:/Users/USER/IdeaProjects/CSIT228-F3-Finals/target/classes/assets/music/opening.mp3
12:49:31.658 [FXGL Background Thread 4 ] DEBUG FXGLAssetLoaderServi - Loading from file system: jar:file:///C:/Users/USER/.m2/repository/com/github/almasb/fxgl/17.3/fxgl-17.3.jar!/fxglassets/ui/fonts/Abel-Regular.ttf
12:49:31.695 [FXGL Background Thread 4 ] DEBUG FXGLAssetLoaderServi - Loading from file system: jar:file:///C:/Users/USER/.m2/repository/com/github/almasb/fxgl/17.3/fxgl-17.3.jar!/fxglassets/ui/fonts/TerminalLandMono-Regular.otf
12:49:31.797 [FXGL Background Thread 4 ] DEBUG FXGLAssetLoaderServi - Loading from file system: jar:file:///C:/Users/USER/.m2/repository/com/github/almasb/fxgl/17.3/fxgl-17.3.jar!/fxglassets/ui/fonts/Courier-Prime.ttf
12:49:31.854 [JavaFX Application Thread] DEBUG AudioPlayer          - Playing music com.almasb.fxgl.audio.Music@2ccde869
12:49:31.855 [JavaFX Application Thread] DEBUG FXGLAssetLoaderServi - Loading from file system: jar:file:///C:/Users/USER/.m2/repository/com/github/almasb/fxgl/17.3/fxgl-17.3.jar!/fxglassets/textures/fxgl_icon.png
12:49:31.878 [JavaFX Application Thread] DEBUG FXGLAssetLoaderServi - Loading from file system: jar:file:///C:/Users/USER/.m2/repository/com/github/almasb/fxgl/17.3/fxgl-17.3.jar!/fxglassets/textures/fxgl_default_cursor.png
12:49:31.880 [JavaFX Application Thread] DEBUG Input                - Registered new binding: Screenshot - CTRL+8
12:49:31.880 [JavaFX Application Thread] DEBUG Input                - Registered new binding: Dev Options - 1
12:49:31.881 [JavaFX Application Thread] DEBUG Input                - Registered new binding: Dev Console - 2
12:49:31.881 [JavaFX Application Thread] DEBUG Input                - Registered new binding: System info dump - CTRL+9
12:49:31.882 [JavaFX Application Thread] DEBUG Input                - Registered new binding: Restart - CTRL+R
12:49:31.882 [JavaFX Application Thread] DEBUG Input                - Registered new binding: Toggle Debug Camera - CTRL+7
12:49:31.885 [JavaFX Application Thread] DEBUG LoopRunner           - Starting loop
12:49:31.892 [JavaFX Application Thread] DEBUG LoopRunner           - Initializing JavaFX AnimationTimerLoop
12:49:31.895 [JavaFX Application Thread] DEBUG Input                - Clearing active input actions
12:49:31.910 [JavaFX Application Thread] DEBUG GameApplicationServi - Removing overlay from FXGLStartupScene and adding to FXGLMainMenuDummyScene
12:49:31.914 [JavaFX Application Thread] DEBUG PrimaryStageWindow   - FXGLStartupScene -> FXGLMainMenuDummyScene
12:49:31.915 [JavaFX Application Thread] DEBUG PrimaryStageWindow   - Push state: GameMainMenu
12:49:31.915 [JavaFX Application Thread] DEBUG Input                - Clearing active input actions
12:49:31.923 [JavaFX Application Thread] DEBUG GameApplicationServi - Removing overlay from FXGLMainMenuDummyScene and adding to GameMainMenu
12:49:31.924 [JavaFX Application Thread] DEBUG PrimaryStageWindow   - FXGLMainMenuDummyScene -> GameMainMenu
12:49:31.924 [JavaFX Application Thread] DEBUG FXGLApplication      - Registering font factories with UI factory
12:49:32.923 [FXGL Background Thread 2 ] INFO  UpdaterService       - Your current version:  17.3
12:49:32.923 [FXGL Background Thread 2 ] INFO  UpdaterService       - Latest stable version: 21.1
12:49:34.272 [JavaFX Application Thread] DEBUG AudioPlayer          - Stopping music com.almasb.fxgl.audio.Music@2ccde869
12:49:34.320 [JavaFX Application Thread] DEBUG FXGLAssetLoaderServi - Loading from file system: file:/C:/Users/USER/IdeaProjects/CSIT228-F3-Finals/target/classes/assets/music/game-music.mp3
12:49:34.325 [JavaFX Application Thread] DEBUG AudioPlayer          - Playing music com.almasb.fxgl.audio.Music@2aec3fcb
12:49:34.326 [JavaFX Application Thread] DEBUG Menu                 - fireNewGame()
12:49:34.326 [JavaFX Application Thread] DEBUG GameApplicationServi - Starting new game
12:49:34.327 [JavaFX Application Thread] DEBUG PrimaryStageWindow   - Pop state: GameMainMenu
12:49:34.327 [JavaFX Application Thread] DEBUG Input                - Clearing active input actions
12:49:34.329 [JavaFX Application Thread] DEBUG GameApplicationServi - Removing overlay from GameMainMenu and adding to FXGLMainMenuDummyScene
12:49:34.334 [JavaFX Application Thread] DEBUG PrimaryStageWindow   - FXGLMainMenuDummyScene <- GameMainMenu
12:49:34.335 [JavaFX Application Thread] DEBUG Input                - Clearing active input actions
12:49:34.348 [JavaFX Application Thread] DEBUG GameApplicationServi - Removing overlay from FXGLMainMenuDummyScene and adding to FXGLLoadingScene
12:49:34.349 [JavaFX Application Thread] DEBUG PrimaryStageWindow   - FXGLMainMenuDummyScene -> FXGLLoadingScene
12:49:34.349 [JavaFX Application Thread] DEBUG GameApplicationServi - Clearing previous game
12:49:34.349 [JavaFX Application Thread] DEBUG GameScene            - Clearing game scene
12:49:34.349 [JavaFX Application Thread] DEBUG GameWorld            - Clearing game world
12:49:34.349 [JavaFX Application Thread] DEBUG PhysicsWorld         - Clearing physics world
12:49:34.352 [FXGL Background Thread 2 ] DEBUG FXGLApplication      - Initializing game
12:49:34.412 [FXGL Background Thread 2 ] WARN  TMXLevelLoader       - TiledMap generated from 1.10.2. Supported version: 1.9.0. Some features may not be parsed fully.
12:49:34.512 [FXGL Background Thread 2 ] DEBUG TMXLevelLoader       - Parsed TiledMap: file:/C:/Users/USER/IdeaProjects/CSIT228-F3-Finals/target/classes/assets/levels/tmx/2DGameTiledMap.tmx
12:49:34.514 [FXGL Background Thread 2 ] DEBUG TMXLevelLoader       - Creating tile layer entities
12:49:34.517 [FXGL Background Thread 2 ] DEBUG TilesetLoader        - Loading view for layer floor
12:49:34.529 [FXGL Background Thread 2 ] DEBUG TilesetLoader        - Created buffer with size 2304.0x2304.0
12:49:34.571 [FXGL Background Thread 3 ] DEBUG Engine               - Logging environment variables
12:49:34.571 [FXGL Background Thread 3 ] DEBUG Engine               - achievements: []
12:49:34.572 [FXGL Background Thread 3 ] DEBUG Engine               - actualHeight: 720.0
12:49:34.572 [FXGL Background Thread 3 ] DEBUG Engine               - actualHeightProperty: ReadOnlyDoubleProperty [value: 720.0]
12:49:34.572 [FXGL Background Thread 3 ] DEBUG Engine               - actualWidth: 720.0
12:49:34.573 [FXGL Background Thread 3 ] DEBUG Engine               - actualWidthProperty: ReadOnlyDoubleProperty [value: 720.0]
12:49:34.573 [FXGL Background Thread 3 ] DEBUG Engine               - appIcon: fxgl_icon.png
12:49:34.573 [FXGL Background Thread 3 ] DEBUG Engine               - applicationMode: DEVELOPER
12:49:34.573 [FXGL Background Thread 3 ] DEBUG Engine               - cSSList: [fxgl_dark.css]
12:49:34.573 [FXGL Background Thread 3 ] DEBUG Engine               - collisionDetectionStrategy: BRUTE_FORCE
12:49:34.573 [FXGL Background Thread 3 ] DEBUG Engine               - configClass: Optional[class com.example.flat2d.Misc.Config]
12:49:34.573 [FXGL Background Thread 3 ] DEBUG Engine               - credits: []
12:49:34.574 [FXGL Background Thread 3 ] DEBUG Engine               - defaultCursor: CursorInfo(imageName=fxgl_default_cursor.png, hotspotX=7.0, hotspotY=6.0)
12:49:34.575 [FXGL Background Thread 3 ] DEBUG Engine               - devBBoxColorProperty: ObjectProperty [value: 0xff0000ff]
12:49:34.576 [FXGL Background Thread 3 ] DEBUG Engine               - devEnableDebugCameraProperty: BooleanProperty [value: false]
12:49:34.577 [FXGL Background Thread 3 ] DEBUG Engine               - devSensorColorProperty: ObjectProperty [value: 0xffff00ff]
12:49:34.577 [FXGL Background Thread 3 ] DEBUG Engine               - devShowBBoxProperty: BooleanProperty [value: false]
12:49:34.577 [FXGL Background Thread 3 ] DEBUG Engine               - devShowPositionProperty: BooleanProperty [value: false]
12:49:34.577 [FXGL Background Thread 3 ] DEBUG Engine               - enabledMenuItems: []
12:49:34.577 [FXGL Background Thread 3 ] DEBUG Engine               - engineServices: [class com.almasb.fxgl.app.services.FXGLAssetLoaderService, class com.almasb.fxgl.app.FXGLApplication$GameApplicationService, class com.almasb.fxgl.app.services.FXGLDialogService, class com.almasb.fxgl.app.services.IOTaskExecutorService, class com.almasb.fxgl.io.FileSystemService, class com.almasb.fxgl.localization.LocalizationService, class com.almasb.fxgl.app.services.SystemBundleService, class com.almasb.fxgl.profile.SaveLoadService, class com.almasb.fxgl.ui.FXGLUIFactoryServiceProvider, class com.almasb.fxgl.ui.FXGLDialogFactoryServiceProvider, class com.almasb.fxgl.audio.AudioPlayer, class com.almasb.fxgl.notification.impl.NotificationServiceProvider, class com.almasb.fxgl.achievement.AchievementService, class com.almasb.fxgl.cutscene.CutsceneService, class com.almasb.fxgl.minigames.MiniGameService, class com.almasb.fxgl.net.NetService, class com.almasb.fxgl.app.services.UpdaterService, class com.almasb.fxgl.dev.DevService]
12:49:34.577 [FXGL Background Thread 3 ] DEBUG Engine               - fontGame: Abel-Regular.ttf
12:49:34.577 [FXGL Background Thread 3 ] DEBUG Engine               - fontMono: TerminalLandMono-Regular.otf
12:49:34.577 [FXGL Background Thread 3 ] DEBUG Engine               - fontSizeScaleUI: 1.0
12:49:34.577 [FXGL Background Thread 3 ] DEBUG Engine               - fontText: Courier-Prime.ttf
12:49:34.577 [FXGL Background Thread 3 ] DEBUG Engine               - fontUI: VarelaRound-Regular.ttf
12:49:34.578 [FXGL Background Thread 3 ] DEBUG Engine               - fullScreen: BooleanProperty [value: false]
12:49:34.578 [FXGL Background Thread 3 ] DEBUG Engine               - gameDifficulty: MEDIUM
12:49:34.578 [FXGL Background Thread 3 ] DEBUG Engine               - gameDifficultyProperty: ObjectProperty [value: MEDIUM]
12:49:34.578 [FXGL Background Thread 3 ] DEBUG Engine               - globalMusicVolume: 0.5
12:49:34.578 [FXGL Background Thread 3 ] DEBUG Engine               - globalMusicVolumeProperty: DoubleProperty [value: 0.5]
12:49:34.578 [FXGL Background Thread 3 ] DEBUG Engine               - globalSoundVolume: 0.5
12:49:34.579 [FXGL Background Thread 3 ] DEBUG Engine               - globalSoundVolumeProperty: DoubleProperty [value: 0.25]
12:49:34.579 [FXGL Background Thread 3 ] DEBUG Engine               - height: 720
12:49:34.579 [FXGL Background Thread 3 ] DEBUG Engine               - is3D: false
12:49:34.579 [FXGL Background Thread 3 ] DEBUG Engine               - isAndroid: false
12:49:34.579 [FXGL Background Thread 3 ] DEBUG Engine               - isBrowser: false
12:49:34.579 [FXGL Background Thread 3 ] DEBUG Engine               - isClickFeedbackEnabled: false
12:49:34.579 [FXGL Background Thread 3 ] DEBUG Engine               - isCloseConfirmation: false
12:49:34.579 [FXGL Background Thread 3 ] DEBUG Engine               - isDesktop: true
12:49:34.579 [FXGL Background Thread 3 ] DEBUG Engine               - isDeveloperMenuEnabled: true
12:49:34.580 [FXGL Background Thread 3 ] DEBUG Engine               - isEmbedded: false
12:49:34.580 [FXGL Background Thread 3 ] DEBUG Engine               - isEntityPreloadEnabled: true
12:49:34.580 [FXGL Background Thread 3 ] DEBUG Engine               - isExperimentalTiledLargeMap: false
12:49:34.580 [FXGL Background Thread 3 ] DEBUG Engine               - isFileSystemWriteAllowed: true
12:49:34.580 [FXGL Background Thread 3 ] DEBUG Engine               - isFullScreenAllowed: false
12:49:34.580 [FXGL Background Thread 3 ] DEBUG Engine               - isFullScreenFromStart: false
12:49:34.580 [FXGL Background Thread 3 ] DEBUG Engine               - isGameMenuEnabled: true
12:49:34.580 [FXGL Background Thread 3 ] DEBUG Engine               - isIOS: false
12:49:34.580 [FXGL Background Thread 3 ] DEBUG Engine               - isIntroEnabled: false
12:49:34.580 [FXGL Background Thread 3 ] DEBUG Engine               - isLinux: false
12:49:34.581 [FXGL Background Thread 3 ] DEBUG Engine               - isMac: false
12:49:34.581 [FXGL Background Thread 3 ] DEBUG Engine               - isMainMenuEnabled: true
12:49:34.581 [FXGL Background Thread 3 ] DEBUG Engine               - isManualResizeEnabled: false
12:49:34.581 [FXGL Background Thread 3 ] DEBUG Engine               - isMobile: false
12:49:34.581 [FXGL Background Thread 3 ] DEBUG Engine               - isNative: false
12:49:34.581 [FXGL Background Thread 3 ] DEBUG Engine               - isPauseMusicWhenMinimized: true
12:49:34.581 [FXGL Background Thread 3 ] DEBUG Engine               - isPreserveResizeRatio: false
12:49:34.581 [FXGL Background Thread 3 ] DEBUG Engine               - isProfilingEnabled: false
12:49:34.581 [FXGL Background Thread 3 ] DEBUG Engine               - isScaleAffectedOnResize: true
12:49:34.581 [FXGL Background Thread 3 ] DEBUG Engine               - isSingleStep: false
12:49:34.581 [FXGL Background Thread 3 ] DEBUG Engine               - isUserProfileEnabled: false
12:49:34.582 [FXGL Background Thread 3 ] DEBUG Engine               - isWindows: true
12:49:34.582 [FXGL Background Thread 3 ] DEBUG Engine               - language: ObjectProperty [value: ENGLISH]
12:49:34.582 [FXGL Background Thread 3 ] DEBUG Engine               - menuKey: ESCAPE
12:49:34.582 [FXGL Background Thread 3 ] DEBUG Engine               - mouseSensitivity: 0.2
12:49:34.582 [FXGL Background Thread 3 ] DEBUG Engine               - notificationViewClass: class com.almasb.fxgl.notification.view.XboxNotificationView
12:49:34.582 [FXGL Background Thread 3 ] DEBUG Engine               - pixelsPerMeter: 50.0
12:49:34.582 [FXGL Background Thread 3 ] DEBUG Engine               - platform: WINDOWS
12:49:34.583 [FXGL Background Thread 3 ] DEBUG Engine               - prefHeightProperty: ReadOnlyDoubleProperty [value: 720.0]
12:49:34.583 [FXGL Background Thread 3 ] DEBUG Engine               - prefWidthProperty: ReadOnlyDoubleProperty [value: 720.0]
12:49:34.583 [FXGL Background Thread 3 ] DEBUG Engine               - profileDir: profiles/
12:49:34.583 [FXGL Background Thread 3 ] DEBUG Engine               - profileName: StringProperty [value: DEFAULT]
12:49:34.584 [FXGL Background Thread 3 ] DEBUG Engine               - randomSeed: -1
12:49:34.584 [FXGL Background Thread 3 ] DEBUG Engine               - runtimeInfo: RuntimeInfo(platform=WINDOWS, version=17.3, build=30.03.2023 11.49)
12:49:34.584 [FXGL Background Thread 3 ] DEBUG Engine               - saveFileExt: sav
12:49:34.584 [FXGL Background Thread 3 ] DEBUG Engine               - scaledHeightProp$fxgl: DoubleProperty [bound, value: 720.0]
12:49:34.584 [FXGL Background Thread 3 ] DEBUG Engine               - scaledWidthProp$fxgl: DoubleProperty [bound, value: 720.0]
12:49:34.585 [FXGL Background Thread 3 ] DEBUG Engine               - sceneFactory: com.example.flat2d.GameApp$1@6c132da
12:49:34.585 [FXGL Background Thread 3 ] DEBUG Engine               - secondsIn24h: 60
12:49:34.585 [FXGL Background Thread 3 ] DEBUG Engine               - soundMenuBack: menu/back.wav
12:49:34.585 [FXGL Background Thread 3 ] DEBUG Engine               - soundMenuPress: menu/press.wav
12:49:34.585 [FXGL Background Thread 3 ] DEBUG Engine               - soundMenuSelect: menu/select.wav
12:49:34.585 [FXGL Background Thread 3 ] DEBUG Engine               - soundNotification: core/notification.wav
12:49:34.585 [FXGL Background Thread 3 ] DEBUG Engine               - stageStyle: DECORATED
12:49:34.586 [FXGL Background Thread 3 ] DEBUG Engine               - supportedLanguages: [ENGLISH, FRENCH, GERMAN, HUNGARIAN, RUSSIAN]
12:49:34.586 [FXGL Background Thread 3 ] DEBUG Engine               - ticksPerSecond: -1
12:49:34.586 [FXGL Background Thread 3 ] DEBUG Engine               - title: Adventures of Sir Vim Zarado
12:49:34.586 [FXGL Background Thread 3 ] DEBUG Engine               - urlGithub: https://github.com/AlmasB/FXGL
12:49:34.586 [FXGL Background Thread 3 ] DEBUG Engine               - urlLeaderboard: http://fxgl-top.herokuapp.com/
12:49:34.586 [FXGL Background Thread 3 ] DEBUG Engine               - urlPOM: https://raw.githubusercontent.com/AlmasB/FXGL/release/README.md
12:49:34.586 [FXGL Background Thread 3 ] DEBUG Engine               - userAppClass: class com.example.flat2d.GameApp
12:49:34.586 [FXGL Background Thread 3 ] DEBUG Engine               - version: 0.0
12:49:34.586 [FXGL Background Thread 3 ] DEBUG Engine               - versionCheckDays: 7
12:49:34.586 [FXGL Background Thread 3 ] DEBUG Engine               - width: 720
12:49:34.586 [FXGL Background Thread 3 ] DEBUG Engine               - Logging services
12:49:34.586 [FXGL Background Thread 3 ] DEBUG Engine               - class com.almasb.fxgl.app.services.FXGLAssetLoaderService
12:49:34.586 [FXGL Background Thread 3 ] DEBUG Engine               - class com.almasb.fxgl.app.FXGLApplication$GameApplicationService
12:49:34.586 [FXGL Background Thread 3 ] DEBUG Engine               - class com.almasb.fxgl.app.services.FXGLDialogService
12:49:34.586 [FXGL Background Thread 3 ] DEBUG Engine               - class com.almasb.fxgl.app.services.IOTaskExecutorService
12:49:34.587 [FXGL Background Thread 3 ] DEBUG Engine               - class com.almasb.fxgl.io.FileSystemService
12:49:34.587 [FXGL Background Thread 3 ] DEBUG Engine               - class com.almasb.fxgl.localization.LocalizationService
12:49:34.587 [FXGL Background Thread 3 ] DEBUG Engine               - class com.almasb.fxgl.app.services.SystemBundleService
12:49:34.587 [FXGL Background Thread 3 ] DEBUG Engine               - class com.almasb.fxgl.profile.SaveLoadService
12:49:34.587 [FXGL Background Thread 3 ] DEBUG Engine               - class com.almasb.fxgl.ui.FXGLUIFactoryServiceProvider
12:49:34.587 [FXGL Background Thread 3 ] DEBUG Engine               - class com.almasb.fxgl.ui.FXGLDialogFactoryServiceProvider
12:49:34.587 [FXGL Background Thread 3 ] DEBUG Engine               - class com.almasb.fxgl.audio.AudioPlayer
12:49:34.587 [FXGL Background Thread 3 ] DEBUG Engine               - class com.almasb.fxgl.notification.impl.NotificationServiceProvider
12:49:34.587 [FXGL Background Thread 3 ] DEBUG Engine               - class com.almasb.fxgl.achievement.AchievementService
12:49:34.587 [FXGL Background Thread 3 ] DEBUG Engine               - class com.almasb.fxgl.cutscene.CutsceneService
12:49:34.587 [FXGL Background Thread 3 ] DEBUG Engine               - class com.almasb.fxgl.minigames.MiniGameService
12:49:34.587 [FXGL Background Thread 3 ] DEBUG Engine               - class com.almasb.fxgl.net.NetService
12:49:34.587 [FXGL Background Thread 3 ] DEBUG Engine               - class com.almasb.fxgl.app.services.UpdaterService
12:49:34.587 [FXGL Background Thread 3 ] DEBUG Engine               - class com.almasb.fxgl.dev.DevService
12:49:34.662 [FXGL Background Thread 2 ] DEBUG TilesetLoader        - Loading view for layer stuff
12:49:34.665 [FXGL Background Thread 2 ] DEBUG TilesetLoader        - Created buffer with size 2304.0x2304.0
12:49:34.675 [FXGL Background Thread 2 ] DEBUG TilesetLoader        - Loading view for layer decor
12:49:34.687 [FXGL Background Thread 2 ] DEBUG TilesetLoader        - Created buffer with size 2304.0x2304.0
12:49:34.697 [FXGL Background Thread 2 ] DEBUG TilesetLoader        - Loading view for layer more
12:49:34.708 [FXGL Background Thread 2 ] DEBUG TilesetLoader        - Created buffer with size 2304.0x2304.0
12:49:34.710 [FXGL Background Thread 2 ] DEBUG TMXLevelLoader       - Creating object layer entities
12:49:34.770 [FXGL Background Thread 2 ] DEBUG FXGLAssetLoaderServi - Loading from file system: file:/C:/Users/USER/IdeaProjects/CSIT228-F3-Finals/target/classes/assets/textures/background/torch.gif
12:49:34.829 [FXGL Background Thread 2 ] DEBUG FXGLAssetLoaderServi - Loading from file system: file:/C:/Users/USER/IdeaProjects/CSIT228-F3-Finals/target/classes/assets/textures/background/eyes-hole.gif
12:49:34.918 [FXGL Background Thread 2 ] DEBUG GameWorld            - Clearing removable entities
12:49:34.918 [FXGL Background Thread 2 ] DEBUG GameWorld            - Setting level: com.almasb.fxgl.entity.level.Level@7f49e01b
12:49:34.930 [FXGL Background Thread 2 ] DEBUG FXGLAssetLoaderServi - Loading from file system: file:/C:/Users/USER/IdeaProjects/CSIT228-F3-Finals/target/classes/assets/textures/player/lecatmoves.png
12:49:34.931 [FXGL Background Thread 2 ] DEBUG FXGLAssetLoaderServi - Loading from file system: file:/C:/Users/USER/IdeaProjects/CSIT228-F3-Finals/target/classes/assets/textures/player/CatOne.png
12:49:34.932 [FXGL Background Thread 2 ] DEBUG FXGLAssetLoaderServi - Loading from file system: file:/C:/Users/USER/IdeaProjects/CSIT228-F3-Finals/target/classes/assets/textures/player/CatThree.png
12:49:34.934 [FXGL Background Thread 2 ] DEBUG FXGLAssetLoaderServi - Loading from file system: file:/C:/Users/USER/IdeaProjects/CSIT228-F3-Finals/target/classes/assets/textures/player/CatFour.png
12:49:34.957 [FXGL Background Thread 2 ] INFO  FXGLApplication      - Game initialization took: 0.605 sec
12:49:34.959 [JavaFX Application Thread] DEBUG Input                - Clearing active input actions
12:49:34.968 [JavaFX Application Thread] DEBUG GameApplicationServi - Removing overlay from FXGLLoadingScene and adding to GameScene
12:49:34.974 [JavaFX Application Thread] DEBUG PrimaryStageWindow   - FXGLLoadingScene -> GameScene
12:49:35.799 [JavaFX Application Thread] DEBUG FXGLAssetLoaderServi - Loading from file system: file:/C:/Users/USER/IdeaProjects/CSIT228-F3-Finals/target/classes/assets/textures/skill/spr_bullet_strip.png
12:49:37.190 [JavaFX Application Thread] DEBUG FXGLAssetLoaderServi - Loading from file system: file:/C:/Users/USER/IdeaProjects/CSIT228-F3-Finals/target/classes/assets/textures/basic/NormalWalk2.png
12:49:37.192 [JavaFX Application Thread] DEBUG FXGLAssetLoaderServi - Loading from file system: file:/C:/Users/USER/IdeaProjects/CSIT228-F3-Finals/target/classes/assets/textures/basic/NormalDead2.png
12:49:37.194 [JavaFX Application Thread] DEBUG FXGLAssetLoaderServi - Loading from file system: file:/C:/Users/USER/IdeaProjects/CSIT228-F3-Finals/target/classes/assets/textures/basic/NormalAttack2.png
12:49:38.822 [JavaFX Application Thread] DEBUG FXGLAssetLoaderServi - Loading from file system: file:/C:/Users/USER/IdeaProjects/CSIT228-F3-Finals/target/classes/assets/textures/background/experience-points.gif
12:49:38.835 [JavaFX Application Thread] DEBUG FXGLAssetLoaderServi - Loading from file system: file:/C:/Users/USER/IdeaProjects/CSIT228-F3-Finals/target/classes/assets/sounds/enemy-death2.wav
12:49:39.812 [JavaFX Application Thread] DEBUG LoopRunner           - Stopping loop
12:49:39.813 [JavaFX Application Thread] FATAL FXGLApplication      - Uncaught Exception:
java.lang.IllegalArgumentException: wrong number of arguments: 1 expected: 0
	at java.base/jdk.internal.reflect.DirectMethodHandleAccessor.checkArgumentCount(DirectMethodHandleAccessor.java:329)
	at java.base/jdk.internal.reflect.DirectMethodHandleAccessor.invoke(DirectMethodHandleAccessor.java:101)
	at java.base/java.lang.reflect.Method.invoke(Method.java:580)
	at com.almasb.fxgl.core@17.3/com.almasb.fxgl.core.reflect.ReflectionUtils.call(ReflectionUtils.java:104)
	at com.almasb.fxgl.core@17.3/com.almasb.fxgl.core.reflect.ReflectionUtils.lambda$mapToFunction$3(ReflectionUtils.java:111)
	at com.almasb.fxgl.entity@17.3/com.almasb.fxgl.entity.GameWorld$create$2.invoke(GameWorld.kt:430)
	at com.almasb.fxgl.entity@17.3/com.almasb.fxgl.entity.GameWorld$create$2.invoke(GameWorld.kt:430)
	at com.almasb.fxgl.core@17.3/com.almasb.fxgl.core.util.DSLKt.tryCatchRoot(DSL.kt:34)
	at com.almasb.fxgl.entity@17.3/com.almasb.fxgl.entity.GameWorld.create(GameWorld.kt:430)
	at com.almasb.fxgl.entity@17.3/com.almasb.fxgl.entity.GameWorld.spawn(GameWorld.kt:396)
	at com.almasb.fxgl.entity@17.3/com.almasb.fxgl.entity.GameWorld.spawn(GameWorld.kt:384)
	at com.almasb.fxgl.entity@17.3/com.almasb.fxgl.entity.GameWorld.spawn(GameWorld.kt:359)
	at com.almasb.fxgl.all@17.3/com.almasb.fxgl.dsl.FXGLForKtKt.spawn(FXGLForKt.kt:159)
	at FLAT2D.main/com.example.flat2d.collisions.BasicToEnemyCollision.lambda$killEnemy$0(BasicToEnemyCollision.java:90)
	at com.almasb.fxgl.core@17.3/com.almasb.fxgl.time.TimerAction.update(TimerAction.kt:69)
	at com.almasb.fxgl.core@17.3/com.almasb.fxgl.time.Timer.update(Timer.kt:38)
	at com.almasb.fxgl.scene@17.3/com.almasb.fxgl.scene.Scene.update(Scene.kt:104)
	at com.almasb.fxgl.all@17.3/com.almasb.fxgl.app.MainWindow$update$1.invoke(MainWindow.kt:115)
	at com.almasb.fxgl.all@17.3/com.almasb.fxgl.app.MainWindow$update$1.invoke(MainWindow.kt:115)
	at com.almasb.fxgl.core@17.3/com.almasb.fxgl.core.fsm.StateMachine.runOnActiveStates(StateMachine.kt:69)
	at com.almasb.fxgl.all@17.3/com.almasb.fxgl.app.MainWindow.update(MainWindow.kt:115)
	at com.almasb.fxgl.all@17.3/com.almasb.fxgl.app.FXGLApplication$GameApplicationService.onUpdate(FXGLApplication.kt:426)
	at com.almasb.fxgl.all@17.3/com.almasb.fxgl.app.Engine.loop(Engine.kt:134)
	at com.almasb.fxgl.all@17.3/com.almasb.fxgl.app.Engine.access$loop(Engine.kt:24)
	at com.almasb.fxgl.all@17.3/com.almasb.fxgl.app.Engine$loop$1.invoke(Engine.kt:28)
	at com.almasb.fxgl.all@17.3/com.almasb.fxgl.app.Engine$loop$1.invoke(Engine.kt:28)
	at com.almasb.fxgl.all@17.3/com.almasb.fxgl.app.LoopRunner.frame(LoopRunner.kt:103)
	at com.almasb.fxgl.all@17.3/com.almasb.fxgl.app.LoopRunner.access$frame(LoopRunner.kt:23)
	at com.almasb.fxgl.all@17.3/com.almasb.fxgl.app.LoopRunner$impl$2$1.onTick(LoopRunner.kt:57)
	at com.almasb.fxgl.all@17.3/com.almasb.fxgl.app.AnimationTimerLoop$timer$1.handle(LoopRunner.kt:137)
	at javafx.graphics@21/javafx.animation.AnimationTimer$AnimationTimerReceiver.lambda$handle$0(AnimationTimer.java:58)
	at java.base/java.security.AccessController.doPrivileged(AccessController.java:400)
	at javafx.graphics@21/javafx.animation.AnimationTimer$AnimationTimerReceiver.handle(AnimationTimer.java:57)
	at javafx.graphics@21/com.sun.scenario.animation.AbstractPrimaryTimer.timePulseImpl(AbstractPrimaryTimer.java:356)
	at javafx.graphics@21/com.sun.scenario.animation.AbstractPrimaryTimer$MainLoop.run(AbstractPrimaryTimer.java:266)
	at javafx.graphics@21/com.sun.javafx.tk.quantum.QuantumToolkit.pulse(QuantumToolkit.java:588)
	at javafx.graphics@21/com.sun.javafx.tk.quantum.QuantumToolkit.pulse(QuantumToolkit.java:572)
	at javafx.graphics@21/com.sun.javafx.tk.quantum.QuantumToolkit.pulseFromQueue(QuantumToolkit.java:565)
	at javafx.graphics@21/com.sun.javafx.tk.quantum.QuantumToolkit.lambda$runToolkit$11(QuantumToolkit.java:352)
	at javafx.graphics@21/com.sun.glass.ui.InvokeLaterDispatcher$Future.run(InvokeLaterDispatcher.java:95)
	at javafx.graphics@21/com.sun.glass.ui.win.WinApplication._runLoop(Native Method)
	at javafx.graphics@21/com.sun.glass.ui.win.WinApplication.lambda$runLoop$3(WinApplication.java:185)
	at java.base/java.lang.Thread.run(Thread.java:1583)

12:49:39.813 [JavaFX Application Thread] FATAL FXGLApplication      - Application will now exit
12:49:39.817 [JavaFX Application Thread] DEBUG PrimaryStageWindow   - Push state: ErrorSubScene
12:49:39.818 [JavaFX Application Thread] DEBUG Input                - Clearing active input actions
12:49:39.818 [JavaFX Application Thread] DEBUG GameApplicationServi - Removing overlay from GameScene and adding to ErrorSubScene
12:49:39.819 [JavaFX Application Thread] DEBUG PrimaryStageWindow   - GameScene -> ErrorSubScene
12:49:42.286 [JavaFX Application Thread] DEBUG FXGLApplication      - Exiting FXGL
12:49:42.286 [JavaFX Application Thread] DEBUG Async                - Shutting down background threads
12:49:42.286 [JavaFX Application Thread] DEBUG PrimaryStageWindow   - Closing main window
12:49:42.298 [JavaFX Application Thread] DEBUG Logger               - Closing Logger
