02:25:03.500 [main                     ] DEBUG Logger               - Configured Logger
02:25:03.523 [main                     ] DEBUG GameApplication      - Logging settings
Title: Adventures of Sir Vim Zarado
Version: 0.0
Width: 720
Height: 720
Fullscreen: false
Intro: false
Profiling: false
Single step:false
App Mode: DEVELOPER
Menu Key: ESCAPE
Stage Style: DECORATED
Scene Factory: class com.example.flat2d.GameApp$1

02:25:03.916 [JavaFX Application Thread] DEBUG FXGLApplication      - Initializing FXGL
02:25:03.921 [JavaFX Application Thread] INFO  Engine               - FXGL-17.3 (30.03.2023 11.49) on WINDOWS (J:21.0.3 FX:21)
02:25:03.922 [JavaFX Application Thread] DEBUG Engine               - JRE Vendor Name: Amazon.com Inc.
02:25:03.922 [JavaFX Application Thread] DEBUG Engine               - Running on OS: Windows 10 version 10.0
02:25:03.922 [JavaFX Application Thread] DEBUG Engine               - Architecture: amd64
02:25:03.922 [JavaFX Application Thread] INFO  Engine               - Source code and latest versions at: https://github.com/AlmasB/FXGL
02:25:03.922 [JavaFX Application Thread] INFO  Engine               -       Ask questions and discuss at: https://github.com/AlmasB/FXGL/discussions
02:25:03.923 [JavaFX Application Thread] INFO  Engine               -              Join the FXGL chat at: https://gitter.im/AlmasB/FXGL
02:25:04.027 [JavaFX Application Thread] DEBUG PrimaryStageWindow   - Creating a JavaFX scene
02:25:04.080 [JavaFX Application Thread] DEBUG PrimaryStageWindow   - Target settings size: 720.0 x 720.0
02:25:04.081 [JavaFX Application Thread] DEBUG PrimaryStageWindow   - Scaled scene size:    720.0 x 720.0
02:25:04.081 [JavaFX Application Thread] DEBUG PrimaryStageWindow   - Scaled ratio: (1.0, 1.0)
02:25:04.082 [JavaFX Application Thread] DEBUG PrimaryStageWindow   - Set initial scene to FXGLStartupScene
02:25:04.085 [JavaFX Application Thread] DEBUG PrimaryStageWindow   - Opening main window
02:25:04.177 [JavaFX Application Thread] DEBUG PrimaryStageWindow   - Window border size: (16.0, 39.0)
02:25:04.177 [JavaFX Application Thread] DEBUG PrimaryStageWindow   - Scaled size: 720.0 x 720.0
02:25:04.177 [JavaFX Application Thread] DEBUG PrimaryStageWindow   - Scaled ratio: (1.0, 1.0)
02:25:04.177 [JavaFX Application Thread] DEBUG PrimaryStageWindow   - Scene size: 720.0 x 720.0
02:25:04.178 [JavaFX Application Thread] DEBUG PrimaryStageWindow   - Stage size: 736.0 x 759.0
02:25:04.200 [FXGL Background Thread 1 ] DEBUG Engine               - Initializing environment variables
02:25:04.253 [FXGL Background Thread 1 ] DEBUG FXGLAssetLoaderServi - User app class for loading assets: class com.example.flat2d.GameApp
02:25:04.253 [FXGL Background Thread 1 ] DEBUG GameApplicationServi - Applying CSS: fxgl_dark.css
02:25:04.255 [FXGL Background Thread 1 ] DEBUG FXGLAssetLoaderServi - Loading from file system: jar:file:///C:/Users/User/.m2/repository/com/github/almasb/fxgl/17.3/fxgl-17.3.jar!/fxglassets/ui/css/fxgl_dark.css
02:25:04.306 [FXGL Background Thread 1 ] DEBUG GameApplicationServi - Initializing application scenes
02:25:04.381 [FXGL Background Thread 1 ] DEBUG GameWorld            - Game world initialized
02:25:04.437 [FXGL Background Thread 1 ] DEBUG PhysicsWorld         - Physics world initialized: appHeight=720, physics.ppm=50.0
02:25:04.437 [FXGL Background Thread 1 ] DEBUG PhysicsWorld         - Using strategy: BRUTE_FORCE
02:25:04.441 [FXGL Background Thread 1 ] DEBUG GameScene            - Game scene initialized: 720x720
02:25:04.444 [FXGL Background Thread 1 ] DEBUG FXGLAssetLoaderServi - Loading from file system: file:/C:/Users/User/IdeaProjects/CSIT228-F3-Finals/target/classes/assets/textures/background/main-screen.jpg
02:25:04.523 [FXGL Background Thread 1 ] DEBUG FXGLAssetLoaderServi - Loading from file system: file:/C:/Users/User/IdeaProjects/CSIT228-F3-Finals/target/classes/assets/textures/profile-pic.jpg
02:25:04.536 [FXGL Background Thread 1 ] WARN  FXGL.DefaultMenu     - FXGLDefaultMenu is not designed for resolutions < 800x600
02:25:04.536 [FXGL Background Thread 1 ] DEBUG FXGL.DefaultMenu     - createMenuBodyGameMenu()
02:25:04.549 [FXGL Background Thread 1 ] DEBUG FXGL.DefaultMenu     - createOptionsMenu()
02:25:04.557 [FXGL Background Thread 1 ] DEBUG FXGLAssetLoaderServi - Loading from file system: jar:file:///C:/Users/User/.m2/repository/com/github/almasb/fxgl/17.3/fxgl-17.3.jar!/fxglassets/textures/particles/smoke.png
02:25:04.644 [FXGL Background Thread 1 ] DEBUG FXGLAssetLoaderServi - Loading from file system: jar:file:///C:/Users/User/.m2/repository/com/github/almasb/fxgl/17.3/fxgl-17.3.jar!/fxglassets/textures/particles/trace_horizontal.png
02:25:04.668 [FXGL Background Thread 1 ] DEBUG GameApplicationServi - Application scenes initialized
02:25:04.681 [FXGL Background Thread 1 ] DEBUG SystemBundleService  - Loading FXGL system data
02:25:04.685 [FXGL Background Thread 1 ] DEBUG FileSystemAccess     - Reading from: C:\Users\User\IdeaProjects\CSIT228-F3-Finals\system\fxgl.bundle
02:25:04.696 [FXGL Background Thread 1 ] DEBUG SystemBundleService  - Bundle FXGL: {}
02:25:04.697 [FXGL Background Thread 1 ] DEBUG UpdaterService       - Checking for updates
02:25:04.727 [FXGL Background Thread 1 ] DEBUG FXGLApplication      - Loading default localization
02:25:04.728 [FXGL Background Thread 1 ] DEBUG FXGLAssetLoaderServi - Loading from file system: jar:file:///C:/Users/User/.m2/repository/com/github/almasb/fxgl/17.3/fxgl-17.3.jar!/fxglassets/languages/english.lang
02:25:04.745 [FXGL Background Thread 1 ] INFO  FXGLApplication      - FXGL initialization took: 0.545 sec
02:25:04.753 [JavaFX Application Thread] DEBUG Input                - Registered new binding: Up - W
02:25:04.753 [JavaFX Application Thread] DEBUG Input                - Registered new binding: Right - D
02:25:04.754 [JavaFX Application Thread] DEBUG Input                - Registered new binding: Left - A
02:25:04.754 [JavaFX Application Thread] DEBUG Input                - Registered new binding: Down - S
02:25:04.761 [JavaFX Application Thread] DEBUG Input                - Registered new binding: IDK - RMB
02:25:04.762 [JavaFX Application Thread] DEBUG FXGLAssetLoaderServi - Loading from file system: file:/C:/Users/User/IdeaProjects/CSIT228-F3-Finals/target/classes/assets/music/opening.mp3
02:25:04.788 [FXGL Background Thread 4 ] DEBUG FXGLApplication      - Loading fonts
02:25:04.789 [FXGL Background Thread 4 ] DEBUG FXGLAssetLoaderServi - Loading from file system: jar:file:///C:/Users/User/.m2/repository/com/github/almasb/fxgl/17.3/fxgl-17.3.jar!/fxglassets/ui/fonts/VarelaRound-Regular.ttf
02:25:04.870 [FXGL Background Thread 4 ] DEBUG FXGLAssetLoaderServi - Loading from file system: jar:file:///C:/Users/User/.m2/repository/com/github/almasb/fxgl/17.3/fxgl-17.3.jar!/fxglassets/ui/fonts/Abel-Regular.ttf
02:25:04.924 [FXGL Background Thread 4 ] DEBUG FXGLAssetLoaderServi - Loading from file system: jar:file:///C:/Users/User/.m2/repository/com/github/almasb/fxgl/17.3/fxgl-17.3.jar!/fxglassets/ui/fonts/TerminalLandMono-Regular.otf
02:25:04.942 [FXGL Background Thread 4 ] DEBUG FXGLAssetLoaderServi - Loading from file system: jar:file:///C:/Users/User/.m2/repository/com/github/almasb/fxgl/17.3/fxgl-17.3.jar!/fxglassets/ui/fonts/Courier-Prime.ttf
02:25:05.164 [JavaFX Application Thread] DEBUG AudioPlayer          - Playing music com.almasb.fxgl.audio.Music@5b13aa70
02:25:05.165 [JavaFX Application Thread] DEBUG FXGLAssetLoaderServi - Loading from file system: jar:file:///C:/Users/User/.m2/repository/com/github/almasb/fxgl/17.3/fxgl-17.3.jar!/fxglassets/textures/fxgl_icon.png
02:25:05.222 [JavaFX Application Thread] DEBUG FXGLAssetLoaderServi - Loading from file system: jar:file:///C:/Users/User/.m2/repository/com/github/almasb/fxgl/17.3/fxgl-17.3.jar!/fxglassets/textures/fxgl_default_cursor.png
02:25:05.225 [JavaFX Application Thread] DEBUG Input                - Registered new binding: Screenshot - CTRL+8
02:25:05.226 [JavaFX Application Thread] DEBUG Input                - Registered new binding: Dev Options - 1
02:25:05.226 [JavaFX Application Thread] DEBUG Input                - Registered new binding: Dev Console - 2
02:25:05.227 [JavaFX Application Thread] DEBUG Input                - Registered new binding: System info dump - CTRL+9
02:25:05.227 [JavaFX Application Thread] DEBUG Input                - Registered new binding: Restart - CTRL+R
02:25:05.227 [JavaFX Application Thread] DEBUG Input                - Registered new binding: Toggle Debug Camera - CTRL+7
02:25:05.231 [JavaFX Application Thread] DEBUG LoopRunner           - Starting loop
02:25:05.248 [JavaFX Application Thread] DEBUG LoopRunner           - Initializing JavaFX AnimationTimerLoop
02:25:05.253 [JavaFX Application Thread] DEBUG Input                - Clearing active input actions
02:25:05.262 [JavaFX Application Thread] DEBUG GameApplicationServi - Removing overlay from FXGLStartupScene and adding to FXGLMainMenuDummyScene
02:25:05.267 [JavaFX Application Thread] DEBUG PrimaryStageWindow   - FXGLStartupScene -> FXGLMainMenuDummyScene
02:25:05.267 [JavaFX Application Thread] DEBUG PrimaryStageWindow   - Push state: GameMainMenu
02:25:05.267 [JavaFX Application Thread] DEBUG Input                - Clearing active input actions
02:25:05.274 [JavaFX Application Thread] DEBUG GameApplicationServi - Removing overlay from FXGLMainMenuDummyScene and adding to GameMainMenu
02:25:05.275 [JavaFX Application Thread] DEBUG PrimaryStageWindow   - FXGLMainMenuDummyScene -> GameMainMenu
02:25:05.275 [JavaFX Application Thread] DEBUG FXGLApplication      - Registering font factories with UI factory
02:25:05.426 [FXGL Background Thread 2 ] INFO  UpdaterService       - Your current version:  17.3
02:25:05.426 [FXGL Background Thread 2 ] INFO  UpdaterService       - Latest stable version: 21.1
02:25:07.723 [FXGL Background Thread 3 ] DEBUG Engine               - Logging environment variables
02:25:07.723 [FXGL Background Thread 3 ] DEBUG Engine               - achievements: []
02:25:07.723 [FXGL Background Thread 3 ] DEBUG Engine               - actualHeight: 720.0
02:25:07.723 [FXGL Background Thread 3 ] DEBUG Engine               - actualHeightProperty: ReadOnlyDoubleProperty [value: 720.0]
02:25:07.723 [FXGL Background Thread 3 ] DEBUG Engine               - actualWidth: 720.0
02:25:07.724 [FXGL Background Thread 3 ] DEBUG Engine               - actualWidthProperty: ReadOnlyDoubleProperty [value: 720.0]
02:25:07.724 [FXGL Background Thread 3 ] DEBUG Engine               - appIcon: fxgl_icon.png
02:25:07.724 [FXGL Background Thread 3 ] DEBUG Engine               - applicationMode: DEVELOPER
02:25:07.724 [FXGL Background Thread 3 ] DEBUG Engine               - cSSList: [fxgl_dark.css]
02:25:07.724 [FXGL Background Thread 3 ] DEBUG Engine               - collisionDetectionStrategy: BRUTE_FORCE
02:25:07.724 [FXGL Background Thread 3 ] DEBUG Engine               - configClass: Optional[class com.example.flat2d.Misc.Config]
02:25:07.724 [FXGL Background Thread 3 ] DEBUG Engine               - credits: []
02:25:07.724 [FXGL Background Thread 3 ] DEBUG Engine               - defaultCursor: CursorInfo(imageName=fxgl_default_cursor.png, hotspotX=7.0, hotspotY=6.0)
02:25:07.725 [FXGL Background Thread 3 ] DEBUG Engine               - devBBoxColorProperty: ObjectProperty [value: 0xff0000ff]
02:25:07.725 [FXGL Background Thread 3 ] DEBUG Engine               - devEnableDebugCameraProperty: BooleanProperty [value: false]
02:25:07.725 [FXGL Background Thread 3 ] DEBUG Engine               - devSensorColorProperty: ObjectProperty [value: 0xffff00ff]
02:25:07.725 [FXGL Background Thread 3 ] DEBUG Engine               - devShowBBoxProperty: BooleanProperty [value: false]
02:25:07.725 [FXGL Background Thread 3 ] DEBUG Engine               - devShowPositionProperty: BooleanProperty [value: false]
02:25:07.725 [FXGL Background Thread 3 ] DEBUG Engine               - enabledMenuItems: []
02:25:07.725 [FXGL Background Thread 3 ] DEBUG Engine               - engineServices: [class com.almasb.fxgl.app.services.FXGLAssetLoaderService, class com.almasb.fxgl.app.FXGLApplication$GameApplicationService, class com.almasb.fxgl.app.services.FXGLDialogService, class com.almasb.fxgl.app.services.IOTaskExecutorService, class com.almasb.fxgl.io.FileSystemService, class com.almasb.fxgl.localization.LocalizationService, class com.almasb.fxgl.app.services.SystemBundleService, class com.almasb.fxgl.profile.SaveLoadService, class com.almasb.fxgl.ui.FXGLUIFactoryServiceProvider, class com.almasb.fxgl.ui.FXGLDialogFactoryServiceProvider, class com.almasb.fxgl.audio.AudioPlayer, class com.almasb.fxgl.notification.impl.NotificationServiceProvider, class com.almasb.fxgl.achievement.AchievementService, class com.almasb.fxgl.cutscene.CutsceneService, class com.almasb.fxgl.minigames.MiniGameService, class com.almasb.fxgl.net.NetService, class com.almasb.fxgl.app.services.UpdaterService, class com.almasb.fxgl.dev.DevService]
02:25:07.725 [FXGL Background Thread 3 ] DEBUG Engine               - fontGame: Abel-Regular.ttf
02:25:07.725 [FXGL Background Thread 3 ] DEBUG Engine               - fontMono: TerminalLandMono-Regular.otf
02:25:07.725 [FXGL Background Thread 3 ] DEBUG Engine               - fontSizeScaleUI: 1.0
02:25:07.725 [FXGL Background Thread 3 ] DEBUG Engine               - fontText: Courier-Prime.ttf
02:25:07.725 [FXGL Background Thread 3 ] DEBUG Engine               - fontUI: VarelaRound-Regular.ttf
02:25:07.726 [FXGL Background Thread 3 ] DEBUG Engine               - fullScreen: BooleanProperty [value: false]
02:25:07.726 [FXGL Background Thread 3 ] DEBUG Engine               - gameDifficulty: MEDIUM
02:25:07.726 [FXGL Background Thread 3 ] DEBUG Engine               - gameDifficultyProperty: ObjectProperty [value: MEDIUM]
02:25:07.726 [FXGL Background Thread 3 ] DEBUG Engine               - globalMusicVolume: 0.5
02:25:07.726 [FXGL Background Thread 3 ] DEBUG Engine               - globalMusicVolumeProperty: DoubleProperty [value: 0.5]
02:25:07.726 [FXGL Background Thread 3 ] DEBUG Engine               - globalSoundVolume: 0.5
02:25:07.726 [FXGL Background Thread 3 ] DEBUG Engine               - globalSoundVolumeProperty: DoubleProperty [value: 0.25]
02:25:07.726 [FXGL Background Thread 3 ] DEBUG Engine               - height: 720
02:25:07.726 [FXGL Background Thread 3 ] DEBUG Engine               - is3D: false
02:25:07.726 [FXGL Background Thread 3 ] DEBUG Engine               - isAndroid: false
02:25:07.726 [FXGL Background Thread 3 ] DEBUG Engine               - isBrowser: false
02:25:07.726 [FXGL Background Thread 3 ] DEBUG Engine               - isClickFeedbackEnabled: false
02:25:07.726 [FXGL Background Thread 3 ] DEBUG Engine               - isCloseConfirmation: false
02:25:07.726 [FXGL Background Thread 3 ] DEBUG Engine               - isDesktop: true
02:25:07.726 [FXGL Background Thread 3 ] DEBUG Engine               - isDeveloperMenuEnabled: true
02:25:07.726 [FXGL Background Thread 3 ] DEBUG Engine               - isEmbedded: false
02:25:07.727 [FXGL Background Thread 3 ] DEBUG Engine               - isEntityPreloadEnabled: true
02:25:07.727 [FXGL Background Thread 3 ] DEBUG Engine               - isExperimentalTiledLargeMap: false
02:25:07.727 [FXGL Background Thread 3 ] DEBUG Engine               - isFileSystemWriteAllowed: true
02:25:07.727 [FXGL Background Thread 3 ] DEBUG Engine               - isFullScreenAllowed: false
02:25:07.727 [FXGL Background Thread 3 ] DEBUG Engine               - isFullScreenFromStart: false
02:25:07.727 [FXGL Background Thread 3 ] DEBUG Engine               - isGameMenuEnabled: true
02:25:07.727 [FXGL Background Thread 3 ] DEBUG Engine               - isIOS: false
02:25:07.727 [FXGL Background Thread 3 ] DEBUG Engine               - isIntroEnabled: false
02:25:07.727 [FXGL Background Thread 3 ] DEBUG Engine               - isLinux: false
02:25:07.727 [FXGL Background Thread 3 ] DEBUG Engine               - isMac: false
02:25:07.727 [FXGL Background Thread 3 ] DEBUG Engine               - isMainMenuEnabled: true
02:25:07.728 [FXGL Background Thread 3 ] DEBUG Engine               - isManualResizeEnabled: false
02:25:07.728 [FXGL Background Thread 3 ] DEBUG Engine               - isMobile: false
02:25:07.728 [FXGL Background Thread 3 ] DEBUG Engine               - isNative: false
02:25:07.728 [FXGL Background Thread 3 ] DEBUG Engine               - isPauseMusicWhenMinimized: true
02:25:07.728 [FXGL Background Thread 3 ] DEBUG Engine               - isPreserveResizeRatio: false
02:25:07.728 [FXGL Background Thread 3 ] DEBUG Engine               - isProfilingEnabled: false
02:25:07.728 [FXGL Background Thread 3 ] DEBUG Engine               - isScaleAffectedOnResize: true
02:25:07.728 [FXGL Background Thread 3 ] DEBUG Engine               - isSingleStep: false
02:25:07.728 [FXGL Background Thread 3 ] DEBUG Engine               - isUserProfileEnabled: false
02:25:07.728 [FXGL Background Thread 3 ] DEBUG Engine               - isWindows: true
02:25:07.728 [FXGL Background Thread 3 ] DEBUG Engine               - language: ObjectProperty [value: ENGLISH]
02:25:07.728 [FXGL Background Thread 3 ] DEBUG Engine               - menuKey: ESCAPE
02:25:07.728 [FXGL Background Thread 3 ] DEBUG Engine               - mouseSensitivity: 0.2
02:25:07.729 [FXGL Background Thread 3 ] DEBUG Engine               - notificationViewClass: class com.almasb.fxgl.notification.view.XboxNotificationView
02:25:07.729 [FXGL Background Thread 3 ] DEBUG Engine               - pixelsPerMeter: 50.0
02:25:07.729 [FXGL Background Thread 3 ] DEBUG Engine               - platform: WINDOWS
02:25:07.729 [FXGL Background Thread 3 ] DEBUG Engine               - prefHeightProperty: ReadOnlyDoubleProperty [value: 720.0]
02:25:07.729 [FXGL Background Thread 3 ] DEBUG Engine               - prefWidthProperty: ReadOnlyDoubleProperty [value: 720.0]
02:25:07.729 [FXGL Background Thread 3 ] DEBUG Engine               - profileDir: profiles/
02:25:07.729 [FXGL Background Thread 3 ] DEBUG Engine               - profileName: StringProperty [value: DEFAULT]
02:25:07.729 [FXGL Background Thread 3 ] DEBUG Engine               - randomSeed: -1
02:25:07.729 [FXGL Background Thread 3 ] DEBUG Engine               - runtimeInfo: RuntimeInfo(platform=WINDOWS, version=17.3, build=30.03.2023 11.49)
02:25:07.729 [FXGL Background Thread 3 ] DEBUG Engine               - saveFileExt: sav
02:25:07.730 [FXGL Background Thread 3 ] DEBUG Engine               - scaledHeightProp$fxgl: DoubleProperty [bound, value: 720.0]
02:25:07.730 [FXGL Background Thread 3 ] DEBUG Engine               - scaledWidthProp$fxgl: DoubleProperty [bound, value: 720.0]
02:25:07.730 [FXGL Background Thread 3 ] DEBUG Engine               - sceneFactory: com.example.flat2d.GameApp$1@7b6987d7
02:25:07.730 [FXGL Background Thread 3 ] DEBUG Engine               - secondsIn24h: 60
02:25:07.730 [FXGL Background Thread 3 ] DEBUG Engine               - soundMenuBack: menu/back.wav
02:25:07.730 [FXGL Background Thread 3 ] DEBUG Engine               - soundMenuPress: menu/press.wav
02:25:07.730 [FXGL Background Thread 3 ] DEBUG Engine               - soundMenuSelect: menu/select.wav
02:25:07.730 [FXGL Background Thread 3 ] DEBUG Engine               - soundNotification: core/notification.wav
02:25:07.730 [FXGL Background Thread 3 ] DEBUG Engine               - stageStyle: DECORATED
02:25:07.730 [FXGL Background Thread 3 ] DEBUG Engine               - supportedLanguages: [ENGLISH, FRENCH, GERMAN, HUNGARIAN, RUSSIAN]
02:25:07.730 [FXGL Background Thread 3 ] DEBUG Engine               - ticksPerSecond: -1
02:25:07.730 [FXGL Background Thread 3 ] DEBUG Engine               - title: Adventures of Sir Vim Zarado
02:25:07.730 [FXGL Background Thread 3 ] DEBUG Engine               - urlGithub: https://github.com/AlmasB/FXGL
02:25:07.730 [FXGL Background Thread 3 ] DEBUG Engine               - urlLeaderboard: http://fxgl-top.herokuapp.com/
02:25:07.730 [FXGL Background Thread 3 ] DEBUG Engine               - urlPOM: https://raw.githubusercontent.com/AlmasB/FXGL/release/README.md
02:25:07.730 [FXGL Background Thread 3 ] DEBUG Engine               - userAppClass: class com.example.flat2d.GameApp
02:25:07.730 [FXGL Background Thread 3 ] DEBUG Engine               - version: 0.0
02:25:07.731 [FXGL Background Thread 3 ] DEBUG Engine               - versionCheckDays: 7
02:25:07.731 [FXGL Background Thread 3 ] DEBUG Engine               - width: 720
02:25:07.731 [FXGL Background Thread 3 ] DEBUG Engine               - Logging services
02:25:07.731 [FXGL Background Thread 3 ] DEBUG Engine               - class com.almasb.fxgl.app.services.FXGLAssetLoaderService
02:25:07.731 [FXGL Background Thread 3 ] DEBUG Engine               - class com.almasb.fxgl.app.FXGLApplication$GameApplicationService
02:25:07.731 [FXGL Background Thread 3 ] DEBUG Engine               - class com.almasb.fxgl.app.services.FXGLDialogService
02:25:07.731 [FXGL Background Thread 3 ] DEBUG Engine               - class com.almasb.fxgl.app.services.IOTaskExecutorService
02:25:07.731 [FXGL Background Thread 3 ] DEBUG Engine               - class com.almasb.fxgl.io.FileSystemService
02:25:07.731 [FXGL Background Thread 3 ] DEBUG Engine               - class com.almasb.fxgl.localization.LocalizationService
02:25:07.731 [FXGL Background Thread 3 ] DEBUG Engine               - class com.almasb.fxgl.app.services.SystemBundleService
02:25:07.731 [FXGL Background Thread 3 ] DEBUG Engine               - class com.almasb.fxgl.profile.SaveLoadService
02:25:07.731 [FXGL Background Thread 3 ] DEBUG Engine               - class com.almasb.fxgl.ui.FXGLUIFactoryServiceProvider
02:25:07.731 [FXGL Background Thread 3 ] DEBUG Engine               - class com.almasb.fxgl.ui.FXGLDialogFactoryServiceProvider
02:25:07.732 [FXGL Background Thread 3 ] DEBUG Engine               - class com.almasb.fxgl.audio.AudioPlayer
02:25:07.732 [FXGL Background Thread 3 ] DEBUG Engine               - class com.almasb.fxgl.notification.impl.NotificationServiceProvider
02:25:07.732 [FXGL Background Thread 3 ] DEBUG Engine               - class com.almasb.fxgl.achievement.AchievementService
02:25:07.732 [FXGL Background Thread 3 ] DEBUG Engine               - class com.almasb.fxgl.cutscene.CutsceneService
02:25:07.734 [FXGL Background Thread 3 ] DEBUG Engine               - class com.almasb.fxgl.minigames.MiniGameService
02:25:07.734 [FXGL Background Thread 3 ] DEBUG Engine               - class com.almasb.fxgl.net.NetService
02:25:07.734 [FXGL Background Thread 3 ] DEBUG Engine               - class com.almasb.fxgl.app.services.UpdaterService
02:25:07.734 [FXGL Background Thread 3 ] DEBUG Engine               - class com.almasb.fxgl.dev.DevService
02:25:08.216 [JavaFX Application Thread] DEBUG AudioPlayer          - Stopping music com.almasb.fxgl.audio.Music@5b13aa70
02:25:08.253 [JavaFX Application Thread] DEBUG FXGLAssetLoaderServi - Loading from file system: file:/C:/Users/User/IdeaProjects/CSIT228-F3-Finals/target/classes/assets/music/game-music.mp3
02:25:08.257 [JavaFX Application Thread] DEBUG AudioPlayer          - Playing music com.almasb.fxgl.audio.Music@28c2e300
02:25:08.257 [JavaFX Application Thread] DEBUG Menu                 - fireNewGame()
02:25:08.257 [JavaFX Application Thread] DEBUG GameApplicationServi - Starting new game
02:25:08.257 [JavaFX Application Thread] DEBUG PrimaryStageWindow   - Pop state: GameMainMenu
02:25:08.258 [JavaFX Application Thread] DEBUG Input                - Clearing active input actions
02:25:08.259 [JavaFX Application Thread] DEBUG GameApplicationServi - Removing overlay from GameMainMenu and adding to FXGLMainMenuDummyScene
02:25:08.260 [JavaFX Application Thread] DEBUG PrimaryStageWindow   - FXGLMainMenuDummyScene <- GameMainMenu
02:25:08.261 [JavaFX Application Thread] DEBUG Input                - Clearing active input actions
02:25:08.267 [JavaFX Application Thread] DEBUG GameApplicationServi - Removing overlay from FXGLMainMenuDummyScene and adding to FXGLLoadingScene
02:25:08.267 [JavaFX Application Thread] DEBUG PrimaryStageWindow   - FXGLMainMenuDummyScene -> FXGLLoadingScene
02:25:08.268 [JavaFX Application Thread] DEBUG GameApplicationServi - Clearing previous game
02:25:08.268 [JavaFX Application Thread] DEBUG GameScene            - Clearing game scene
02:25:08.268 [JavaFX Application Thread] DEBUG GameWorld            - Clearing game world
02:25:08.268 [JavaFX Application Thread] DEBUG PhysicsWorld         - Clearing physics world
02:25:08.269 [FXGL Background Thread 2 ] DEBUG FXGLApplication      - Initializing game
02:25:08.335 [FXGL Background Thread 2 ] WARN  TMXLevelLoader       - TiledMap generated from 1.10.2. Supported version: 1.9.0. Some features may not be parsed fully.
02:25:08.377 [FXGL Background Thread 2 ] DEBUG TMXLevelLoader       - Parsed TiledMap: file:/C:/Users/User/IdeaProjects/CSIT228-F3-Finals/target/classes/assets/levels/tmx/2DGameTiledMap.tmx
02:25:08.378 [FXGL Background Thread 2 ] DEBUG TMXLevelLoader       - Creating tile layer entities
02:25:08.379 [FXGL Background Thread 2 ] DEBUG TilesetLoader        - Loading view for layer floor
02:25:08.386 [FXGL Background Thread 2 ] DEBUG TilesetLoader        - Created buffer with size 2304.0x2304.0
02:25:08.498 [FXGL Background Thread 2 ] DEBUG TilesetLoader        - Loading view for layer stuff
02:25:08.500 [FXGL Background Thread 2 ] DEBUG TilesetLoader        - Created buffer with size 2304.0x2304.0
02:25:08.510 [FXGL Background Thread 2 ] DEBUG TilesetLoader        - Loading view for layer decor
02:25:08.512 [FXGL Background Thread 2 ] DEBUG TilesetLoader        - Created buffer with size 2304.0x2304.0
02:25:08.519 [FXGL Background Thread 2 ] DEBUG TilesetLoader        - Loading view for layer more
02:25:08.526 [FXGL Background Thread 2 ] DEBUG TilesetLoader        - Created buffer with size 2304.0x2304.0
02:25:08.528 [FXGL Background Thread 2 ] DEBUG TMXLevelLoader       - Creating object layer entities
02:25:08.570 [FXGL Background Thread 2 ] DEBUG FXGLAssetLoaderServi - Loading from file system: file:/C:/Users/User/IdeaProjects/CSIT228-F3-Finals/target/classes/assets/textures/background/torch.gif
02:25:08.626 [FXGL Background Thread 2 ] DEBUG FXGLAssetLoaderServi - Loading from file system: file:/C:/Users/User/IdeaProjects/CSIT228-F3-Finals/target/classes/assets/textures/background/eyes-hole.gif
02:25:08.706 [FXGL Background Thread 2 ] DEBUG GameWorld            - Clearing removable entities
02:25:08.708 [FXGL Background Thread 2 ] DEBUG GameWorld            - Setting level: com.almasb.fxgl.entity.level.Level@676b5dbc
02:25:08.713 [FXGL Background Thread 2 ] DEBUG FXGLAssetLoaderServi - Loading from file system: file:/C:/Users/User/IdeaProjects/CSIT228-F3-Finals/target/classes/assets/textures/player/lecatmoves.png
02:25:08.715 [FXGL Background Thread 2 ] DEBUG FXGLAssetLoaderServi - Loading from file system: file:/C:/Users/User/IdeaProjects/CSIT228-F3-Finals/target/classes/assets/textures/player/CatOne.png
02:25:08.716 [FXGL Background Thread 2 ] DEBUG FXGLAssetLoaderServi - Loading from file system: file:/C:/Users/User/IdeaProjects/CSIT228-F3-Finals/target/classes/assets/textures/player/CatThree.png
02:25:08.717 [FXGL Background Thread 2 ] DEBUG FXGLAssetLoaderServi - Loading from file system: file:/C:/Users/User/IdeaProjects/CSIT228-F3-Finals/target/classes/assets/textures/player/CatFour.png
02:25:08.741 [FXGL Background Thread 2 ] INFO  FXGLApplication      - Game initialization took: 0.472 sec
02:25:08.747 [JavaFX Application Thread] DEBUG Input                - Clearing active input actions
02:25:08.754 [JavaFX Application Thread] DEBUG GameApplicationServi - Removing overlay from FXGLLoadingScene and adding to GameScene
02:25:08.758 [JavaFX Application Thread] DEBUG PrimaryStageWindow   - FXGLLoadingScene -> GameScene
02:25:09.638 [JavaFX Application Thread] DEBUG FXGLAssetLoaderServi - Loading from file system: file:/C:/Users/User/IdeaProjects/CSIT228-F3-Finals/target/classes/assets/textures/skill/spr_bullet_strip.png
02:25:10.565 [JavaFX Application Thread] DEBUG FXGLAssetLoaderServi - Loading from file system: file:/C:/Users/User/IdeaProjects/CSIT228-F3-Finals/target/classes/assets/textures/boss/BossWalkAndShockDesu.png
02:25:10.592 [JavaFX Application Thread] DEBUG FXGLAssetLoaderServi - Loading from file system: file:/C:/Users/User/IdeaProjects/CSIT228-F3-Finals/target/classes/assets/textures/boss/ThirdAttack.png
02:25:10.610 [JavaFX Application Thread] DEBUG FXGLAssetLoaderServi - Loading from file system: file:/C:/Users/User/IdeaProjects/CSIT228-F3-Finals/target/classes/assets/textures/boss/ThirdBlink.png
02:25:10.619 [JavaFX Application Thread] DEBUG FXGLAssetLoaderServi - Loading from file system: file:/C:/Users/User/IdeaProjects/CSIT228-F3-Finals/target/classes/assets/textures/boss/ThirdDead.png
02:25:10.635 [JavaFX Application Thread] DEBUG FXGLAssetLoaderServi - Loading from file system: file:/C:/Users/User/IdeaProjects/CSIT228-F3-Finals/target/classes/assets/textures/boss/ThirdIdle.png
02:25:10.644 [JavaFX Application Thread] DEBUG FXGLAssetLoaderServi - Loading from file system: file:/C:/Users/User/IdeaProjects/CSIT228-F3-Finals/target/classes/assets/textures/basic/NormalWalk2.png
02:25:10.647 [JavaFX Application Thread] DEBUG FXGLAssetLoaderServi - Loading from file system: file:/C:/Users/User/IdeaProjects/CSIT228-F3-Finals/target/classes/assets/textures/basic/NormalDead2.png
02:25:10.649 [JavaFX Application Thread] DEBUG FXGLAssetLoaderServi - Loading from file system: file:/C:/Users/User/IdeaProjects/CSIT228-F3-Finals/target/classes/assets/textures/basic/NormalAttack2.png
02:25:12.003 [JavaFX Application Thread] DEBUG FXGLAssetLoaderServi - Loading from file system: file:/C:/Users/User/IdeaProjects/CSIT228-F3-Finals/target/classes/assets/textures/background/Large.gif
02:25:12.015 [JavaFX Application Thread] DEBUG FXGLAssetLoaderServi - Loading from file system: file:/C:/Users/User/IdeaProjects/CSIT228-F3-Finals/target/classes/assets/sounds/enemy-death2.wav
02:25:12.706 [JavaFX Application Thread] DEBUG FXGLAssetLoaderServi - Loading from file system: file:/C:/Users/User/IdeaProjects/CSIT228-F3-Finals/target/classes/assets/textures/background/Medium.gif
02:25:15.731 [JavaFX Application Thread] DEBUG FXGLAssetLoaderServi - Loading from file system: file:/C:/Users/User/IdeaProjects/CSIT228-F3-Finals/target/classes/assets/textures/background/Small.gif
02:25:15.763 [JavaFX Application Thread] DEBUG FXGLAssetLoaderServi - Loading from file system: file:/C:/Users/User/IdeaProjects/CSIT228-F3-Finals/target/classes/assets/sounds/level-up-sfx.wav
02:25:15.775 [JavaFX Application Thread] DEBUG FXGLAssetLoaderServi - Loading from file system: file:/C:/Users/User/IdeaProjects/CSIT228-F3-Finals/target/classes/assets/textures/skil.png
02:25:16.450 [JavaFX Application Thread] DEBUG FXGLAssetLoaderServi - Loading from file system: file:/C:/Users/User/IdeaProjects/CSIT228-F3-Finals/target/classes/assets/textures/effect/ProjectilePink.png
02:25:16.894 [JavaFX Application Thread] DEBUG FXGLAssetLoaderServi - Loading from file system: file:/C:/Users/User/IdeaProjects/CSIT228-F3-Finals/target/classes/assets/textures/background/skill-acquired.gif
02:25:17.746 [JavaFX Application Thread] DEBUG FXGLAssetLoaderServi - Loading from file system: file:/C:/Users/User/IdeaProjects/CSIT228-F3-Finals/target/classes/assets/textures/background/burn.gif
02:25:18.418 [JavaFX Application Thread] DEBUG FXGLAssetLoaderServi - Loading from file system: file:/C:/Users/User/IdeaProjects/CSIT228-F3-Finals/target/classes/assets/textures/skill/stack-asset.png
02:25:20.724 [JavaFX Application Thread] DEBUG FXGLAssetLoaderServi - Loading from file system: file:/C:/Users/User/IdeaProjects/CSIT228-F3-Finals/target/classes/assets/textures/skill/water_cannon-Sheet.png
02:25:36.354 [JavaFX Application Thread] DEBUG AudioPlayer          - Pausing music com.almasb.fxgl.audio.Music@5b13aa70
02:25:36.354 [JavaFX Application Thread] DEBUG LoopRunner           - Pausing loop
02:25:38.856 [JavaFX Application Thread] DEBUG FXGLApplication      - Exiting FXGL
02:25:38.856 [JavaFX Application Thread] DEBUG LoopRunner           - Stopping loop
02:25:38.856 [JavaFX Application Thread] DEBUG SystemBundleService  - Saving FXGL system data
02:25:38.859 [JavaFX Application Thread] DEBUG FileSystemAccess     - Writing to: C:\Users\User\IdeaProjects\CSIT228-F3-Finals\system\fxgl.bundle
02:25:38.862 [JavaFX Application Thread] DEBUG Async                - Shutting down background threads
02:25:38.862 [JavaFX Application Thread] DEBUG PrimaryStageWindow   - Closing main window
02:25:38.871 [JavaFX Application Thread] DEBUG Logger               - Closing Logger
