23:50:09.926 [main                     ] DEBUG Logger               - Configured Logger
23:50:09.947 [main                     ] DEBUG GameApplication      - Logging settings
Title: Adventures of Sir Vim Zarado
Version: 0.0
Width: 720
Height: 720
Fullscreen: false
Intro: false
Profiling: false
Single step:false
App Mode: DEVELOPER
Menu Key: ESCAPE
Stage Style: DECORATED
Scene Factory: class com.example.flat2d.GameApp$1

23:50:10.330 [JavaFX Application Thread] DEBUG FXGLApplication      - Initializing FXGL
23:50:10.335 [JavaFX Application Thread] INFO  Engine               - FXGL-17.3 (30.03.2023 11.49) on WINDOWS (J:21.0.3 FX:21)
23:50:10.336 [JavaFX Application Thread] DEBUG Engine               - JRE Vendor Name: Amazon.com Inc.
23:50:10.336 [JavaFX Application Thread] DEBUG Engine               - Running on OS: Windows 10 version 10.0
23:50:10.336 [JavaFX Application Thread] DEBUG Engine               - Architecture: amd64
23:50:10.336 [JavaFX Application Thread] INFO  Engine               - Source code and latest versions at: https://github.com/AlmasB/FXGL
23:50:10.337 [JavaFX Application Thread] INFO  Engine               -       Ask questions and discuss at: https://github.com/AlmasB/FXGL/discussions
23:50:10.337 [JavaFX Application Thread] INFO  Engine               -              Join the FXGL chat at: https://gitter.im/AlmasB/FXGL
23:50:10.430 [JavaFX Application Thread] DEBUG PrimaryStageWindow   - Creating a JavaFX scene
23:50:10.485 [JavaFX Application Thread] DEBUG PrimaryStageWindow   - Target settings size: 720.0 x 720.0
23:50:10.486 [JavaFX Application Thread] DEBUG PrimaryStageWindow   - Scaled scene size:    720.0 x 720.0
23:50:10.486 [JavaFX Application Thread] DEBUG PrimaryStageWindow   - Scaled ratio: (1.0, 1.0)
23:50:10.487 [JavaFX Application Thread] DEBUG PrimaryStageWindow   - Set initial scene to FXGLStartupScene
23:50:10.491 [JavaFX Application Thread] DEBUG PrimaryStageWindow   - Opening main window
23:50:10.582 [JavaFX Application Thread] DEBUG PrimaryStageWindow   - Window border size: (16.0, 39.0)
23:50:10.582 [JavaFX Application Thread] DEBUG PrimaryStageWindow   - Scaled size: 720.0 x 720.0
23:50:10.582 [JavaFX Application Thread] DEBUG PrimaryStageWindow   - Scaled ratio: (1.0, 1.0)
23:50:10.583 [JavaFX Application Thread] DEBUG PrimaryStageWindow   - Scene size: 720.0 x 720.0
23:50:10.583 [JavaFX Application Thread] DEBUG PrimaryStageWindow   - Stage size: 736.0 x 759.0
23:50:10.598 [FXGL Background Thread 1 ] DEBUG Engine               - Initializing environment variables
23:50:10.655 [FXGL Background Thread 1 ] DEBUG FXGLAssetLoaderServi - User app class for loading assets: class com.example.flat2d.GameApp
23:50:10.655 [FXGL Background Thread 1 ] DEBUG GameApplicationServi - Applying CSS: fxgl_dark.css
23:50:10.656 [FXGL Background Thread 1 ] DEBUG FXGLAssetLoaderServi - Loading from file system: jar:file:///C:/Users/User/.m2/repository/com/github/almasb/fxgl/17.3/fxgl-17.3.jar!/fxglassets/ui/css/fxgl_dark.css
23:50:10.708 [FXGL Background Thread 1 ] DEBUG GameApplicationServi - Initializing application scenes
23:50:10.792 [FXGL Background Thread 1 ] DEBUG GameWorld            - Game world initialized
23:50:10.848 [FXGL Background Thread 1 ] DEBUG PhysicsWorld         - Physics world initialized: appHeight=720, physics.ppm=50.0
23:50:10.848 [FXGL Background Thread 1 ] DEBUG PhysicsWorld         - Using strategy: BRUTE_FORCE
23:50:10.852 [FXGL Background Thread 1 ] DEBUG GameScene            - Game scene initialized: 720x720
23:50:10.855 [FXGL Background Thread 1 ] DEBUG FXGLAssetLoaderServi - Loading from file system: file:/C:/Users/User/IdeaProjects/CSIT228-F3-Finals/target/classes/assets/textures/background/main-screen.jpg
23:50:10.934 [FXGL Background Thread 1 ] DEBUG FXGLAssetLoaderServi - Loading from file system: file:/C:/Users/User/IdeaProjects/CSIT228-F3-Finals/target/classes/assets/textures/profile-pic.jpg
23:50:10.947 [FXGL Background Thread 1 ] WARN  FXGL.DefaultMenu     - FXGLDefaultMenu is not designed for resolutions < 800x600
23:50:10.947 [FXGL Background Thread 1 ] DEBUG FXGL.DefaultMenu     - createMenuBodyGameMenu()
23:50:10.960 [FXGL Background Thread 1 ] DEBUG FXGL.DefaultMenu     - createOptionsMenu()
23:50:10.967 [FXGL Background Thread 1 ] DEBUG FXGLAssetLoaderServi - Loading from file system: jar:file:///C:/Users/User/.m2/repository/com/github/almasb/fxgl/17.3/fxgl-17.3.jar!/fxglassets/textures/particles/smoke.png
23:50:11.044 [FXGL Background Thread 1 ] DEBUG FXGLAssetLoaderServi - Loading from file system: jar:file:///C:/Users/User/.m2/repository/com/github/almasb/fxgl/17.3/fxgl-17.3.jar!/fxglassets/textures/particles/trace_horizontal.png
23:50:11.067 [FXGL Background Thread 1 ] DEBUG GameApplicationServi - Application scenes initialized
23:50:11.080 [FXGL Background Thread 1 ] DEBUG SystemBundleService  - Loading FXGL system data
23:50:11.084 [FXGL Background Thread 1 ] DEBUG FileSystemAccess     - Reading from: C:\Users\User\IdeaProjects\CSIT228-F3-Finals\system\fxgl.bundle
23:50:11.094 [FXGL Background Thread 1 ] DEBUG SystemBundleService  - Bundle FXGL: {}
23:50:11.095 [FXGL Background Thread 1 ] DEBUG UpdaterService       - Checking for updates
23:50:11.126 [FXGL Background Thread 1 ] DEBUG FXGLApplication      - Loading default localization
23:50:11.127 [FXGL Background Thread 1 ] DEBUG FXGLAssetLoaderServi - Loading from file system: jar:file:///C:/Users/User/.m2/repository/com/github/almasb/fxgl/17.3/fxgl-17.3.jar!/fxglassets/languages/english.lang
23:50:11.144 [FXGL Background Thread 1 ] INFO  FXGLApplication      - FXGL initialization took: 0.546 sec
23:50:11.153 [JavaFX Application Thread] DEBUG Input                - Registered new binding: Up - W
23:50:11.153 [JavaFX Application Thread] DEBUG Input                - Registered new binding: Right - D
23:50:11.153 [JavaFX Application Thread] DEBUG Input                - Registered new binding: Left - A
23:50:11.153 [JavaFX Application Thread] DEBUG Input                - Registered new binding: Down - S
23:50:11.156 [JavaFX Application Thread] DEBUG Input                - Registered new binding: IDK - RMB
23:50:11.157 [JavaFX Application Thread] DEBUG FXGLAssetLoaderServi - Loading from file system: file:/C:/Users/User/IdeaProjects/CSIT228-F3-Finals/target/classes/assets/music/opening.mp3
23:50:11.173 [FXGL Background Thread 4 ] DEBUG FXGLApplication      - Loading fonts
23:50:11.174 [FXGL Background Thread 4 ] DEBUG FXGLAssetLoaderServi - Loading from file system: jar:file:///C:/Users/User/.m2/repository/com/github/almasb/fxgl/17.3/fxgl-17.3.jar!/fxglassets/ui/fonts/VarelaRound-Regular.ttf
23:50:11.271 [FXGL Background Thread 4 ] DEBUG FXGLAssetLoaderServi - Loading from file system: jar:file:///C:/Users/User/.m2/repository/com/github/almasb/fxgl/17.3/fxgl-17.3.jar!/fxglassets/ui/fonts/Abel-Regular.ttf
23:50:11.283 [FXGL Background Thread 4 ] DEBUG FXGLAssetLoaderServi - Loading from file system: jar:file:///C:/Users/User/.m2/repository/com/github/almasb/fxgl/17.3/fxgl-17.3.jar!/fxglassets/ui/fonts/TerminalLandMono-Regular.otf
23:50:11.306 [FXGL Background Thread 4 ] DEBUG FXGLAssetLoaderServi - Loading from file system: jar:file:///C:/Users/User/.m2/repository/com/github/almasb/fxgl/17.3/fxgl-17.3.jar!/fxglassets/ui/fonts/Courier-Prime.ttf
23:50:11.411 [JavaFX Application Thread] DEBUG AudioPlayer          - Playing music com.almasb.fxgl.audio.Music@6c7b8e90
23:50:11.411 [JavaFX Application Thread] DEBUG FXGLAssetLoaderServi - Loading from file system: jar:file:///C:/Users/User/.m2/repository/com/github/almasb/fxgl/17.3/fxgl-17.3.jar!/fxglassets/textures/fxgl_icon.png
23:50:11.439 [JavaFX Application Thread] DEBUG FXGLAssetLoaderServi - Loading from file system: jar:file:///C:/Users/User/.m2/repository/com/github/almasb/fxgl/17.3/fxgl-17.3.jar!/fxglassets/textures/fxgl_default_cursor.png
23:50:11.444 [JavaFX Application Thread] DEBUG Input                - Registered new binding: Screenshot - CTRL+8
23:50:11.445 [JavaFX Application Thread] DEBUG Input                - Registered new binding: Dev Options - 1
23:50:11.445 [JavaFX Application Thread] DEBUG Input                - Registered new binding: Dev Console - 2
23:50:11.446 [JavaFX Application Thread] DEBUG Input                - Registered new binding: System info dump - CTRL+9
23:50:11.447 [JavaFX Application Thread] DEBUG Input                - Registered new binding: Restart - CTRL+R
23:50:11.447 [JavaFX Application Thread] DEBUG Input                - Registered new binding: Toggle Debug Camera - CTRL+7
23:50:11.450 [JavaFX Application Thread] DEBUG LoopRunner           - Starting loop
23:50:11.468 [JavaFX Application Thread] DEBUG LoopRunner           - Initializing JavaFX AnimationTimerLoop
23:50:11.478 [JavaFX Application Thread] DEBUG Input                - Clearing active input actions
23:50:11.520 [JavaFX Application Thread] DEBUG GameApplicationServi - Removing overlay from FXGLStartupScene and adding to FXGLMainMenuDummyScene
23:50:11.523 [JavaFX Application Thread] DEBUG PrimaryStageWindow   - FXGLStartupScene -> FXGLMainMenuDummyScene
23:50:11.524 [JavaFX Application Thread] DEBUG PrimaryStageWindow   - Push state: GameMainMenu
23:50:11.524 [JavaFX Application Thread] DEBUG Input                - Clearing active input actions
23:50:11.530 [JavaFX Application Thread] DEBUG GameApplicationServi - Removing overlay from FXGLMainMenuDummyScene and adding to GameMainMenu
23:50:11.532 [JavaFX Application Thread] DEBUG PrimaryStageWindow   - FXGLMainMenuDummyScene -> GameMainMenu
23:50:11.533 [JavaFX Application Thread] DEBUG FXGLApplication      - Registering font factories with UI factory
23:50:12.031 [FXGL Background Thread 2 ] INFO  UpdaterService       - Your current version:  17.3
23:50:12.031 [FXGL Background Thread 2 ] INFO  UpdaterService       - Latest stable version: 21.1
23:50:14.126 [FXGL Background Thread 3 ] DEBUG Engine               - Logging environment variables
23:50:14.126 [FXGL Background Thread 3 ] DEBUG Engine               - achievements: []
23:50:14.126 [FXGL Background Thread 3 ] DEBUG Engine               - actualHeight: 720.0
23:50:14.127 [FXGL Background Thread 3 ] DEBUG Engine               - actualHeightProperty: ReadOnlyDoubleProperty [value: 720.0]
23:50:14.127 [FXGL Background Thread 3 ] DEBUG Engine               - actualWidth: 720.0
23:50:14.128 [FXGL Background Thread 3 ] DEBUG Engine               - actualWidthProperty: ReadOnlyDoubleProperty [value: 720.0]
23:50:14.128 [FXGL Background Thread 3 ] DEBUG Engine               - appIcon: fxgl_icon.png
23:50:14.128 [FXGL Background Thread 3 ] DEBUG Engine               - applicationMode: DEVELOPER
23:50:14.128 [FXGL Background Thread 3 ] DEBUG Engine               - cSSList: [fxgl_dark.css]
23:50:14.128 [FXGL Background Thread 3 ] DEBUG Engine               - collisionDetectionStrategy: BRUTE_FORCE
23:50:14.128 [FXGL Background Thread 3 ] DEBUG Engine               - configClass: Optional[class com.example.flat2d.Misc.Config]
23:50:14.128 [FXGL Background Thread 3 ] DEBUG Engine               - credits: []
23:50:14.128 [FXGL Background Thread 3 ] DEBUG Engine               - defaultCursor: CursorInfo(imageName=fxgl_default_cursor.png, hotspotX=7.0, hotspotY=6.0)
23:50:14.129 [FXGL Background Thread 3 ] DEBUG Engine               - devBBoxColorProperty: ObjectProperty [value: 0xff0000ff]
23:50:14.129 [FXGL Background Thread 3 ] DEBUG Engine               - devEnableDebugCameraProperty: BooleanProperty [value: false]
23:50:14.129 [FXGL Background Thread 3 ] DEBUG Engine               - devSensorColorProperty: ObjectProperty [value: 0xffff00ff]
23:50:14.129 [FXGL Background Thread 3 ] DEBUG Engine               - devShowBBoxProperty: BooleanProperty [value: false]
23:50:14.129 [FXGL Background Thread 3 ] DEBUG Engine               - devShowPositionProperty: BooleanProperty [value: false]
23:50:14.129 [FXGL Background Thread 3 ] DEBUG Engine               - enabledMenuItems: []
23:50:14.129 [FXGL Background Thread 3 ] DEBUG Engine               - engineServices: [class com.almasb.fxgl.app.services.FXGLAssetLoaderService, class com.almasb.fxgl.app.FXGLApplication$GameApplicationService, class com.almasb.fxgl.app.services.FXGLDialogService, class com.almasb.fxgl.app.services.IOTaskExecutorService, class com.almasb.fxgl.io.FileSystemService, class com.almasb.fxgl.localization.LocalizationService, class com.almasb.fxgl.app.services.SystemBundleService, class com.almasb.fxgl.profile.SaveLoadService, class com.almasb.fxgl.ui.FXGLUIFactoryServiceProvider, class com.almasb.fxgl.ui.FXGLDialogFactoryServiceProvider, class com.almasb.fxgl.audio.AudioPlayer, class com.almasb.fxgl.notification.impl.NotificationServiceProvider, class com.almasb.fxgl.achievement.AchievementService, class com.almasb.fxgl.cutscene.CutsceneService, class com.almasb.fxgl.minigames.MiniGameService, class com.almasb.fxgl.net.NetService, class com.almasb.fxgl.app.services.UpdaterService, class com.almasb.fxgl.dev.DevService]
23:50:14.130 [FXGL Background Thread 3 ] DEBUG Engine               - fontGame: Abel-Regular.ttf
23:50:14.130 [FXGL Background Thread 3 ] DEBUG Engine               - fontMono: TerminalLandMono-Regular.otf
23:50:14.130 [FXGL Background Thread 3 ] DEBUG Engine               - fontSizeScaleUI: 1.0
23:50:14.130 [FXGL Background Thread 3 ] DEBUG Engine               - fontText: Courier-Prime.ttf
23:50:14.130 [FXGL Background Thread 3 ] DEBUG Engine               - fontUI: VarelaRound-Regular.ttf
23:50:14.130 [FXGL Background Thread 3 ] DEBUG Engine               - fullScreen: BooleanProperty [value: false]
23:50:14.130 [FXGL Background Thread 3 ] DEBUG Engine               - gameDifficulty: MEDIUM
23:50:14.130 [FXGL Background Thread 3 ] DEBUG Engine               - gameDifficultyProperty: ObjectProperty [value: MEDIUM]
23:50:14.130 [FXGL Background Thread 3 ] DEBUG Engine               - globalMusicVolume: 0.5
23:50:14.130 [FXGL Background Thread 3 ] DEBUG Engine               - globalMusicVolumeProperty: DoubleProperty [value: 0.5]
23:50:14.130 [FXGL Background Thread 3 ] DEBUG Engine               - globalSoundVolume: 0.5
23:50:14.131 [FXGL Background Thread 3 ] DEBUG Engine               - globalSoundVolumeProperty: DoubleProperty [value: 0.25]
23:50:14.131 [FXGL Background Thread 3 ] DEBUG Engine               - height: 720
23:50:14.131 [FXGL Background Thread 3 ] DEBUG Engine               - is3D: false
23:50:14.131 [FXGL Background Thread 3 ] DEBUG Engine               - isAndroid: false
23:50:14.131 [FXGL Background Thread 3 ] DEBUG Engine               - isBrowser: false
23:50:14.131 [FXGL Background Thread 3 ] DEBUG Engine               - isClickFeedbackEnabled: false
23:50:14.131 [FXGL Background Thread 3 ] DEBUG Engine               - isCloseConfirmation: false
23:50:14.131 [FXGL Background Thread 3 ] DEBUG Engine               - isDesktop: true
23:50:14.131 [FXGL Background Thread 3 ] DEBUG Engine               - isDeveloperMenuEnabled: true
23:50:14.131 [FXGL Background Thread 3 ] DEBUG Engine               - isEmbedded: false
23:50:14.131 [FXGL Background Thread 3 ] DEBUG Engine               - isEntityPreloadEnabled: true
23:50:14.131 [FXGL Background Thread 3 ] DEBUG Engine               - isExperimentalTiledLargeMap: false
23:50:14.131 [FXGL Background Thread 3 ] DEBUG Engine               - isFileSystemWriteAllowed: true
23:50:14.131 [FXGL Background Thread 3 ] DEBUG Engine               - isFullScreenAllowed: false
23:50:14.131 [FXGL Background Thread 3 ] DEBUG Engine               - isFullScreenFromStart: false
23:50:14.132 [FXGL Background Thread 3 ] DEBUG Engine               - isGameMenuEnabled: true
23:50:14.132 [FXGL Background Thread 3 ] DEBUG Engine               - isIOS: false
23:50:14.132 [FXGL Background Thread 3 ] DEBUG Engine               - isIntroEnabled: false
23:50:14.132 [FXGL Background Thread 3 ] DEBUG Engine               - isLinux: false
23:50:14.132 [FXGL Background Thread 3 ] DEBUG Engine               - isMac: false
23:50:14.132 [FXGL Background Thread 3 ] DEBUG Engine               - isMainMenuEnabled: true
23:50:14.132 [FXGL Background Thread 3 ] DEBUG Engine               - isManualResizeEnabled: false
23:50:14.132 [FXGL Background Thread 3 ] DEBUG Engine               - isMobile: false
23:50:14.132 [FXGL Background Thread 3 ] DEBUG Engine               - isNative: false
23:50:14.132 [FXGL Background Thread 3 ] DEBUG Engine               - isPauseMusicWhenMinimized: true
23:50:14.132 [FXGL Background Thread 3 ] DEBUG Engine               - isPreserveResizeRatio: false
23:50:14.132 [FXGL Background Thread 3 ] DEBUG Engine               - isProfilingEnabled: false
23:50:14.132 [FXGL Background Thread 3 ] DEBUG Engine               - isScaleAffectedOnResize: true
23:50:14.132 [FXGL Background Thread 3 ] DEBUG Engine               - isSingleStep: false
23:50:14.133 [FXGL Background Thread 3 ] DEBUG Engine               - isUserProfileEnabled: false
23:50:14.133 [FXGL Background Thread 3 ] DEBUG Engine               - isWindows: true
23:50:14.133 [FXGL Background Thread 3 ] DEBUG Engine               - language: ObjectProperty [value: ENGLISH]
23:50:14.133 [FXGL Background Thread 3 ] DEBUG Engine               - menuKey: ESCAPE
23:50:14.133 [FXGL Background Thread 3 ] DEBUG Engine               - mouseSensitivity: 0.2
23:50:14.133 [FXGL Background Thread 3 ] DEBUG Engine               - notificationViewClass: class com.almasb.fxgl.notification.view.XboxNotificationView
23:50:14.133 [FXGL Background Thread 3 ] DEBUG Engine               - pixelsPerMeter: 50.0
23:50:14.133 [FXGL Background Thread 3 ] DEBUG Engine               - platform: WINDOWS
23:50:14.133 [FXGL Background Thread 3 ] DEBUG Engine               - prefHeightProperty: ReadOnlyDoubleProperty [value: 720.0]
23:50:14.133 [FXGL Background Thread 3 ] DEBUG Engine               - prefWidthProperty: ReadOnlyDoubleProperty [value: 720.0]
23:50:14.133 [FXGL Background Thread 3 ] DEBUG Engine               - profileDir: profiles/
23:50:14.133 [FXGL Background Thread 3 ] DEBUG Engine               - profileName: StringProperty [value: DEFAULT]
23:50:14.134 [FXGL Background Thread 3 ] DEBUG Engine               - randomSeed: -1
23:50:14.134 [FXGL Background Thread 3 ] DEBUG Engine               - runtimeInfo: RuntimeInfo(platform=WINDOWS, version=17.3, build=30.03.2023 11.49)
23:50:14.134 [FXGL Background Thread 3 ] DEBUG Engine               - saveFileExt: sav
23:50:14.134 [FXGL Background Thread 3 ] DEBUG Engine               - scaledHeightProp$fxgl: DoubleProperty [bound, value: 720.0]
23:50:14.134 [FXGL Background Thread 3 ] DEBUG Engine               - scaledWidthProp$fxgl: DoubleProperty [bound, value: 720.0]
23:50:14.134 [FXGL Background Thread 3 ] DEBUG Engine               - sceneFactory: com.example.flat2d.GameApp$1@41b03339
23:50:14.134 [FXGL Background Thread 3 ] DEBUG Engine               - secondsIn24h: 60
23:50:14.134 [FXGL Background Thread 3 ] DEBUG Engine               - soundMenuBack: menu/back.wav
23:50:14.134 [FXGL Background Thread 3 ] DEBUG Engine               - soundMenuPress: menu/press.wav
23:50:14.134 [FXGL Background Thread 3 ] DEBUG Engine               - soundMenuSelect: menu/select.wav
23:50:14.134 [FXGL Background Thread 3 ] DEBUG Engine               - soundNotification: core/notification.wav
23:50:14.134 [FXGL Background Thread 3 ] DEBUG Engine               - stageStyle: DECORATED
23:50:14.135 [FXGL Background Thread 3 ] DEBUG Engine               - supportedLanguages: [ENGLISH, FRENCH, GERMAN, HUNGARIAN, RUSSIAN]
23:50:14.135 [FXGL Background Thread 3 ] DEBUG Engine               - ticksPerSecond: -1
23:50:14.135 [FXGL Background Thread 3 ] DEBUG Engine               - title: Adventures of Sir Vim Zarado
23:50:14.135 [FXGL Background Thread 3 ] DEBUG Engine               - urlGithub: https://github.com/AlmasB/FXGL
23:50:14.135 [FXGL Background Thread 3 ] DEBUG Engine               - urlLeaderboard: http://fxgl-top.herokuapp.com/
23:50:14.135 [FXGL Background Thread 3 ] DEBUG Engine               - urlPOM: https://raw.githubusercontent.com/AlmasB/FXGL/release/README.md
23:50:14.135 [FXGL Background Thread 3 ] DEBUG Engine               - userAppClass: class com.example.flat2d.GameApp
23:50:14.135 [FXGL Background Thread 3 ] DEBUG Engine               - version: 0.0
23:50:14.135 [FXGL Background Thread 3 ] DEBUG Engine               - versionCheckDays: 7
23:50:14.135 [FXGL Background Thread 3 ] DEBUG Engine               - width: 720
23:50:14.135 [FXGL Background Thread 3 ] DEBUG Engine               - Logging services
23:50:14.136 [FXGL Background Thread 3 ] DEBUG Engine               - class com.almasb.fxgl.app.services.FXGLAssetLoaderService
23:50:14.136 [FXGL Background Thread 3 ] DEBUG Engine               - class com.almasb.fxgl.app.FXGLApplication$GameApplicationService
23:50:14.136 [FXGL Background Thread 3 ] DEBUG Engine               - class com.almasb.fxgl.app.services.FXGLDialogService
23:50:14.136 [FXGL Background Thread 3 ] DEBUG Engine               - class com.almasb.fxgl.app.services.IOTaskExecutorService
23:50:14.136 [FXGL Background Thread 3 ] DEBUG Engine               - class com.almasb.fxgl.io.FileSystemService
23:50:14.136 [FXGL Background Thread 3 ] DEBUG Engine               - class com.almasb.fxgl.localization.LocalizationService
23:50:14.136 [FXGL Background Thread 3 ] DEBUG Engine               - class com.almasb.fxgl.app.services.SystemBundleService
23:50:14.136 [FXGL Background Thread 3 ] DEBUG Engine               - class com.almasb.fxgl.profile.SaveLoadService
23:50:14.136 [FXGL Background Thread 3 ] DEBUG Engine               - class com.almasb.fxgl.ui.FXGLUIFactoryServiceProvider
23:50:14.136 [FXGL Background Thread 3 ] DEBUG Engine               - class com.almasb.fxgl.ui.FXGLDialogFactoryServiceProvider
23:50:14.136 [FXGL Background Thread 3 ] DEBUG Engine               - class com.almasb.fxgl.audio.AudioPlayer
23:50:14.136 [FXGL Background Thread 3 ] DEBUG Engine               - class com.almasb.fxgl.notification.impl.NotificationServiceProvider
23:50:14.136 [FXGL Background Thread 3 ] DEBUG Engine               - class com.almasb.fxgl.achievement.AchievementService
23:50:14.136 [FXGL Background Thread 3 ] DEBUG Engine               - class com.almasb.fxgl.cutscene.CutsceneService
23:50:14.136 [FXGL Background Thread 3 ] DEBUG Engine               - class com.almasb.fxgl.minigames.MiniGameService
23:50:14.136 [FXGL Background Thread 3 ] DEBUG Engine               - class com.almasb.fxgl.net.NetService
23:50:14.136 [FXGL Background Thread 3 ] DEBUG Engine               - class com.almasb.fxgl.app.services.UpdaterService
23:50:14.136 [FXGL Background Thread 3 ] DEBUG Engine               - class com.almasb.fxgl.dev.DevService
23:50:14.608 [JavaFX Application Thread] DEBUG AudioPlayer          - Stopping music com.almasb.fxgl.audio.Music@6c7b8e90
23:50:14.645 [JavaFX Application Thread] DEBUG FXGLAssetLoaderServi - Loading from file system: file:/C:/Users/User/IdeaProjects/CSIT228-F3-Finals/target/classes/assets/music/game-music.mp3
23:50:14.648 [JavaFX Application Thread] DEBUG AudioPlayer          - Playing music com.almasb.fxgl.audio.Music@6b1b8b51
23:50:14.648 [JavaFX Application Thread] DEBUG Menu                 - fireNewGame()
23:50:14.648 [JavaFX Application Thread] DEBUG GameApplicationServi - Starting new game
23:50:14.648 [JavaFX Application Thread] DEBUG PrimaryStageWindow   - Pop state: GameMainMenu
23:50:14.648 [JavaFX Application Thread] DEBUG Input                - Clearing active input actions
23:50:14.649 [JavaFX Application Thread] DEBUG GameApplicationServi - Removing overlay from GameMainMenu and adding to FXGLMainMenuDummyScene
23:50:14.652 [JavaFX Application Thread] DEBUG PrimaryStageWindow   - FXGLMainMenuDummyScene <- GameMainMenu
23:50:14.652 [JavaFX Application Thread] DEBUG Input                - Clearing active input actions
23:50:14.658 [JavaFX Application Thread] DEBUG GameApplicationServi - Removing overlay from FXGLMainMenuDummyScene and adding to FXGLLoadingScene
23:50:14.659 [JavaFX Application Thread] DEBUG PrimaryStageWindow   - FXGLMainMenuDummyScene -> FXGLLoadingScene
23:50:14.659 [JavaFX Application Thread] DEBUG GameApplicationServi - Clearing previous game
23:50:14.659 [JavaFX Application Thread] DEBUG GameScene            - Clearing game scene
23:50:14.659 [JavaFX Application Thread] DEBUG GameWorld            - Clearing game world
23:50:14.659 [JavaFX Application Thread] DEBUG PhysicsWorld         - Clearing physics world
23:50:14.660 [FXGL Background Thread 2 ] DEBUG FXGLApplication      - Initializing game
23:50:14.696 [FXGL Background Thread 2 ] WARN  TMXLevelLoader       - TiledMap generated from 1.10.2. Supported version: 1.9.0. Some features may not be parsed fully.
23:50:14.760 [FXGL Background Thread 2 ] DEBUG TMXLevelLoader       - Parsed TiledMap: file:/C:/Users/User/IdeaProjects/CSIT228-F3-Finals/target/classes/assets/levels/tmx/2DGameTiledMap.tmx
23:50:14.762 [FXGL Background Thread 2 ] DEBUG TMXLevelLoader       - Creating tile layer entities
23:50:14.764 [FXGL Background Thread 2 ] DEBUG TilesetLoader        - Loading view for layer floor
23:50:14.766 [FXGL Background Thread 2 ] DEBUG TilesetLoader        - Created buffer with size 2304.0x2304.0
23:50:14.850 [FXGL Background Thread 2 ] DEBUG TilesetLoader        - Loading view for layer stuff
23:50:14.871 [FXGL Background Thread 2 ] DEBUG TilesetLoader        - Created buffer with size 2304.0x2304.0
23:50:14.882 [FXGL Background Thread 2 ] DEBUG TilesetLoader        - Loading view for layer decor
23:50:14.892 [FXGL Background Thread 2 ] DEBUG TilesetLoader        - Created buffer with size 2304.0x2304.0
23:50:14.899 [FXGL Background Thread 2 ] DEBUG TilesetLoader        - Loading view for layer more
23:50:14.909 [FXGL Background Thread 2 ] DEBUG TilesetLoader        - Created buffer with size 2304.0x2304.0
23:50:14.910 [FXGL Background Thread 2 ] DEBUG TMXLevelLoader       - Creating object layer entities
23:50:14.937 [FXGL Background Thread 2 ] DEBUG FXGLAssetLoaderServi - Loading from file system: file:/C:/Users/User/IdeaProjects/CSIT228-F3-Finals/target/classes/assets/textures/background/torch.gif
23:50:14.990 [FXGL Background Thread 2 ] DEBUG GameWorld            - Clearing removable entities
23:50:14.990 [FXGL Background Thread 2 ] DEBUG GameWorld            - Setting level: com.almasb.fxgl.entity.level.Level@1d65ba5
23:50:14.997 [FXGL Background Thread 2 ] DEBUG FXGLAssetLoaderServi - Loading from file system: file:/C:/Users/User/IdeaProjects/CSIT228-F3-Finals/target/classes/assets/textures/player/lecatmoves.png
23:50:14.999 [FXGL Background Thread 2 ] DEBUG FXGLAssetLoaderServi - Loading from file system: file:/C:/Users/User/IdeaProjects/CSIT228-F3-Finals/target/classes/assets/textures/player/CatOne.png
23:50:15.001 [FXGL Background Thread 2 ] DEBUG FXGLAssetLoaderServi - Loading from file system: file:/C:/Users/User/IdeaProjects/CSIT228-F3-Finals/target/classes/assets/textures/player/CatThree.png
23:50:15.003 [FXGL Background Thread 2 ] DEBUG FXGLAssetLoaderServi - Loading from file system: file:/C:/Users/User/IdeaProjects/CSIT228-F3-Finals/target/classes/assets/textures/player/CatFour.png
23:50:15.024 [FXGL Background Thread 2 ] INFO  FXGLApplication      - Game initialization took: 0.364 sec
23:50:15.036 [JavaFX Application Thread] DEBUG Input                - Clearing active input actions
23:50:15.042 [JavaFX Application Thread] DEBUG GameApplicationServi - Removing overlay from FXGLLoadingScene and adding to GameScene
23:50:15.045 [JavaFX Application Thread] DEBUG PrimaryStageWindow   - FXGLLoadingScene -> GameScene
23:50:15.682 [JavaFX Application Thread] DEBUG FXGLAssetLoaderServi - Loading from file system: file:/C:/Users/User/IdeaProjects/CSIT228-F3-Finals/target/classes/assets/textures/skill/spr_bullet_strip.png
23:50:19.598 [JavaFX Application Thread] DEBUG FXGLAssetLoaderServi - Loading from file system: file:/C:/Users/User/IdeaProjects/CSIT228-F3-Finals/target/classes/assets/textures/background/eyes-hole.gif
23:50:23.446 [JavaFX Application Thread] DEBUG FXGLApplication      - Exiting FXGL
23:50:23.446 [JavaFX Application Thread] DEBUG LoopRunner           - Stopping loop
23:50:23.446 [JavaFX Application Thread] DEBUG SystemBundleService  - Saving FXGL system data
23:50:23.449 [JavaFX Application Thread] DEBUG FileSystemAccess     - Writing to: C:\Users\User\IdeaProjects\CSIT228-F3-Finals\system\fxgl.bundle
23:50:23.452 [JavaFX Application Thread] DEBUG Async                - Shutting down background threads
23:50:23.452 [JavaFX Application Thread] DEBUG PrimaryStageWindow   - Closing main window
23:50:23.462 [JavaFX Application Thread] DEBUG Logger               - Closing Logger
