01:11:55.247 [main                     ] DEBUG Logger               - Configured Logger
01:11:55.259 [main                     ] DEBUG GameApplication      - Logging settings
Title: Frog This Sheet
Version: 0.0
Width: 720
Height: 720
Fullscreen: false
Intro: false
Profiling: false
Single step:false
App Mode: DEVELOPER
Menu Key: ESCAPE
Stage Style: DECORATED
Scene Factory: class com.almasb.fxgl.app.scene.SceneFactory

01:11:55.509 [JavaFX Application Thread] DEBUG FXGLApplication      - Initializing FXGL
01:11:55.511 [JavaFX Application Thread] INFO  Engine               - FXGL-17.3 (30.03.2023 11.49) on WINDOWS (J:21.0.2 FX:21)
01:11:55.511 [JavaFX Application Thread] DEBUG Engine               - JRE Vendor Name: Oracle Corporation
01:11:55.511 [JavaFX Application Thread] DEBUG Engine               - Running on OS: Windows 11 version 10.0
01:11:55.512 [JavaFX Application Thread] DEBUG Engine               - Architecture: amd64
01:11:55.512 [JavaFX Application Thread] INFO  Engine               - Source code and latest versions at: https://github.com/AlmasB/FXGL
01:11:55.512 [JavaFX Application Thread] INFO  Engine               -       Ask questions and discuss at: https://github.com/AlmasB/FXGL/discussions
01:11:55.512 [JavaFX Application Thread] INFO  Engine               -              Join the FXGL chat at: https://gitter.im/AlmasB/FXGL
01:11:55.561 [JavaFX Application Thread] DEBUG PrimaryStageWindow   - Creating a JavaFX scene
01:11:55.590 [JavaFX Application Thread] DEBUG PrimaryStageWindow   - Target settings size: 720.0 x 720.0
01:11:55.590 [JavaFX Application Thread] DEBUG PrimaryStageWindow   - Scaled scene size:    720.0 x 720.0
01:11:55.590 [JavaFX Application Thread] DEBUG PrimaryStageWindow   - Scaled ratio: (1.0, 1.0)
01:11:55.591 [JavaFX Application Thread] DEBUG PrimaryStageWindow   - Set initial scene to FXGLStartupScene
01:11:55.593 [JavaFX Application Thread] DEBUG PrimaryStageWindow   - Opening main window
01:11:55.647 [JavaFX Application Thread] DEBUG PrimaryStageWindow   - Window border size: (14.4000244140625, 37.5999755859375)
01:11:55.647 [JavaFX Application Thread] DEBUG PrimaryStageWindow   - Scaled size: 720.0 x 720.0
01:11:55.647 [JavaFX Application Thread] DEBUG PrimaryStageWindow   - Scaled ratio: (1.0, 1.0)
01:11:55.647 [JavaFX Application Thread] DEBUG PrimaryStageWindow   - Scene size: 720.0 x 720.0
01:11:55.647 [JavaFX Application Thread] DEBUG PrimaryStageWindow   - Stage size: 734.4000244140625 x 757.5999755859375
01:11:55.653 [FXGL Background Thread 1 ] DEBUG Engine               - Initializing environment variables
01:11:55.689 [FXGL Background Thread 1 ] DEBUG FXGLAssetLoaderServi - User app class for loading assets: class com.example.flat2d.GameApp
01:11:55.689 [FXGL Background Thread 1 ] DEBUG GameApplicationServi - Applying CSS: fxgl_dark.css
01:11:55.689 [FXGL Background Thread 1 ] DEBUG FXGLAssetLoaderServi - Loading from file system: jar:file:///C:/Users/acer/.m2/repository/com/github/almasb/fxgl/17.3/fxgl-17.3.jar!/fxglassets/ui/css/fxgl_dark.css
01:11:55.719 [FXGL Background Thread 1 ] DEBUG GameApplicationServi - Initializing application scenes
01:11:55.749 [FXGL Background Thread 1 ] DEBUG GameWorld            - Game world initialized
01:11:55.786 [FXGL Background Thread 1 ] DEBUG PhysicsWorld         - Physics world initialized: appHeight=720, physics.ppm=50.0
01:11:55.786 [FXGL Background Thread 1 ] DEBUG PhysicsWorld         - Using strategy: BRUTE_FORCE
01:11:55.789 [FXGL Background Thread 1 ] DEBUG GameScene            - Game scene initialized: 720x720
01:11:55.796 [FXGL Background Thread 1 ] WARN  FXGL.DefaultMenu     - FXGLDefaultMenu is not designed for resolutions < 800x600
01:11:55.796 [FXGL Background Thread 1 ] DEBUG FXGL.DefaultMenu     - createMenuBodyGameMenu()
01:11:55.805 [FXGL Background Thread 1 ] DEBUG FXGL.DefaultMenu     - createOptionsMenu()
01:11:55.810 [FXGL Background Thread 1 ] DEBUG FXGLAssetLoaderServi - Loading from file system: jar:file:///C:/Users/acer/.m2/repository/com/github/almasb/fxgl/17.3/fxgl-17.3.jar!/fxglassets/textures/particles/smoke.png
01:11:55.867 [FXGL Background Thread 1 ] DEBUG FXGLAssetLoaderServi - Loading from file system: jar:file:///C:/Users/acer/.m2/repository/com/github/almasb/fxgl/17.3/fxgl-17.3.jar!/fxglassets/textures/particles/trace_horizontal.png
01:11:55.885 [FXGL Background Thread 1 ] DEBUG GameApplicationServi - Application scenes initialized
01:11:55.892 [FXGL Background Thread 1 ] DEBUG SystemBundleService  - Loading FXGL system data
01:11:55.896 [FXGL Background Thread 1 ] DEBUG FileSystemAccess     - Reading from: C:\Users\acer\JavaProjects\flat2d\system\fxgl.bundle
01:11:55.903 [FXGL Background Thread 1 ] DEBUG SystemBundleService  - Bundle FXGL: {}
01:11:55.903 [FXGL Background Thread 1 ] DEBUG UpdaterService       - Checking for updates
01:11:55.925 [FXGL Background Thread 4 ] DEBUG FXGLApplication      - Loading fonts
01:11:55.925 [FXGL Background Thread 4 ] DEBUG FXGLAssetLoaderServi - Loading from file system: jar:file:///C:/Users/acer/.m2/repository/com/github/almasb/fxgl/17.3/fxgl-17.3.jar!/fxglassets/ui/fonts/VarelaRound-Regular.ttf
01:11:55.926 [FXGL Background Thread 1 ] DEBUG FXGLApplication      - Loading default localization
01:11:55.926 [FXGL Background Thread 1 ] DEBUG FXGLAssetLoaderServi - Loading from file system: jar:file:///C:/Users/acer/.m2/repository/com/github/almasb/fxgl/17.3/fxgl-17.3.jar!/fxglassets/languages/english.lang
01:11:55.935 [FXGL Background Thread 1 ] INFO  FXGLApplication      - FXGL initialization took: 0.281 sec
01:11:55.941 [JavaFX Application Thread] DEBUG Input                - Registered new binding: Up - W
01:11:55.941 [JavaFX Application Thread] DEBUG Input                - Registered new binding: Right - D
01:11:55.941 [JavaFX Application Thread] DEBUG Input                - Registered new binding: Left - A
01:11:55.941 [JavaFX Application Thread] DEBUG Input                - Registered new binding: Down - S
01:11:55.941 [JavaFX Application Thread] DEBUG FXGLAssetLoaderServi - Loading from file system: jar:file:///C:/Users/acer/.m2/repository/com/github/almasb/fxgl/17.3/fxgl-17.3.jar!/fxglassets/textures/fxgl_icon.png
01:11:55.960 [JavaFX Application Thread] DEBUG FXGLAssetLoaderServi - Loading from file system: jar:file:///C:/Users/acer/.m2/repository/com/github/almasb/fxgl/17.3/fxgl-17.3.jar!/fxglassets/textures/fxgl_default_cursor.png
01:11:55.962 [FXGL Background Thread 4 ] DEBUG FXGLAssetLoaderServi - Loading from file system: jar:file:///C:/Users/acer/.m2/repository/com/github/almasb/fxgl/17.3/fxgl-17.3.jar!/fxglassets/ui/fonts/Abel-Regular.ttf
01:11:55.963 [JavaFX Application Thread] DEBUG Input                - Registered new binding: Screenshot - CTRL+8
01:11:55.963 [JavaFX Application Thread] DEBUG Input                - Registered new binding: Dev Options - 1
01:11:55.963 [JavaFX Application Thread] DEBUG Input                - Registered new binding: Dev Console - 2
01:11:55.964 [JavaFX Application Thread] DEBUG Input                - Registered new binding: System info dump - CTRL+9
01:11:55.964 [JavaFX Application Thread] DEBUG Input                - Registered new binding: Restart - CTRL+R
01:11:55.964 [JavaFX Application Thread] DEBUG Input                - Registered new binding: Toggle Debug Camera - CTRL+7
01:11:55.964 [FXGL Background Thread 4 ] DEBUG FXGLAssetLoaderServi - Loading from file system: jar:file:///C:/Users/acer/.m2/repository/com/github/almasb/fxgl/17.3/fxgl-17.3.jar!/fxglassets/ui/fonts/TerminalLandMono-Regular.otf
01:11:55.967 [JavaFX Application Thread] DEBUG LoopRunner           - Starting loop
01:11:55.969 [FXGL Background Thread 4 ] DEBUG FXGLAssetLoaderServi - Loading from file system: jar:file:///C:/Users/acer/.m2/repository/com/github/almasb/fxgl/17.3/fxgl-17.3.jar!/fxglassets/ui/fonts/Courier-Prime.ttf
01:11:55.976 [JavaFX Application Thread] DEBUG LoopRunner           - Initializing JavaFX AnimationTimerLoop
01:11:55.977 [JavaFX Application Thread] DEBUG GameApplicationServi - Starting new game
01:11:55.978 [JavaFX Application Thread] DEBUG Input                - Clearing active input actions
01:11:55.984 [JavaFX Application Thread] DEBUG GameApplicationServi - Removing overlay from FXGLStartupScene and adding to FXGLLoadingScene
01:11:55.987 [JavaFX Application Thread] DEBUG PrimaryStageWindow   - FXGLStartupScene -> FXGLLoadingScene
01:11:55.987 [JavaFX Application Thread] DEBUG GameApplicationServi - Clearing previous game
01:11:55.987 [JavaFX Application Thread] DEBUG GameScene            - Clearing game scene
01:11:55.987 [JavaFX Application Thread] DEBUG GameWorld            - Clearing game world
01:11:55.987 [JavaFX Application Thread] DEBUG PhysicsWorld         - Clearing physics world
01:11:55.988 [FXGL Background Thread 4 ] DEBUG FXGLApplication      - Initializing game
01:11:55.990 [JavaFX Application Thread] DEBUG FXGLApplication      - Registering font factories with UI factory
01:11:56.029 [FXGL Background Thread 4 ] WARN  TMXLevelLoader       - TiledMap generated from 1.10.2. Supported version: 1.9.0. Some features may not be parsed fully.
01:11:56.033 [FXGL Background Thread 4 ] DEBUG TMXLevelLoader       - Parsed TiledMap: file:/C:/Users/acer/JavaProjects/flat2d/target/classes/assets/levels/tmx/map-iguess.tmx
01:11:56.034 [FXGL Background Thread 4 ] DEBUG TMXLevelLoader       - Creating tile layer entities
01:11:56.036 [FXGL Background Thread 4 ] DEBUG TilesetLoader        - Loading view for layer Tile Layer 1
01:11:56.039 [FXGL Background Thread 4 ] DEBUG TilesetLoader        - Created buffer with size 1152.0x1152.0
01:11:56.051 [FXGL Background Thread 4 ] DEBUG TMXLevelLoader       - Creating object layer entities
01:11:56.052 [FXGL Background Thread 4 ] DEBUG GameWorld            - Clearing removable entities
01:11:56.053 [FXGL Background Thread 4 ] DEBUG GameWorld            - Setting level: com.almasb.fxgl.entity.level.Level@13aec4c4
01:11:56.064 [FXGL Background Thread 4 ] DEBUG FXGLAssetLoaderServi - Loading from file system: file:/C:/Users/acer/JavaProjects/flat2d/target/classes/assets/textures/lecatmoves.png
01:11:56.066 [FXGL Background Thread 4 ] DEBUG FXGLAssetLoaderServi - Loading from file system: file:/C:/Users/acer/JavaProjects/flat2d/target/classes/assets/textures/CatOne.png
01:11:56.068 [FXGL Background Thread 4 ] DEBUG FXGLAssetLoaderServi - Loading from file system: file:/C:/Users/acer/JavaProjects/flat2d/target/classes/assets/textures/CatTwo.png
01:11:56.069 [FXGL Background Thread 4 ] DEBUG FXGLAssetLoaderServi - Loading from file system: file:/C:/Users/acer/JavaProjects/flat2d/target/classes/assets/textures/CatThree.png
01:11:56.071 [FXGL Background Thread 4 ] DEBUG FXGLAssetLoaderServi - Loading from file system: file:/C:/Users/acer/JavaProjects/flat2d/target/classes/assets/textures/CatFour.png
01:11:56.091 [FXGL Background Thread 4 ] INFO  FXGLApplication      - Game initialization took: 0.104 sec
01:11:56.155 [JavaFX Application Thread] DEBUG Input                - Clearing active input actions
01:11:56.160 [JavaFX Application Thread] DEBUG GameApplicationServi - Removing overlay from FXGLLoadingScene and adding to GameScene
01:11:56.163 [JavaFX Application Thread] DEBUG PrimaryStageWindow   - FXGLLoadingScene -> GameScene
01:11:56.327 [FXGL Background Thread 2 ] INFO  UpdaterService       - Your current version:  17.3
01:11:56.327 [FXGL Background Thread 2 ] INFO  UpdaterService       - Latest stable version: 21.1
01:11:57.297 [JavaFX Application Thread] DEBUG FXGLAssetLoaderServi - Loading from file system: file:/C:/Users/acer/JavaProjects/flat2d/target/classes/assets/textures/wolf-runing-cycle-skin.png
01:11:58.893 [JavaFX Application Thread] DEBUG FXGLApplication      - Exiting FXGL
01:11:58.893 [JavaFX Application Thread] DEBUG LoopRunner           - Stopping loop
01:11:58.893 [JavaFX Application Thread] DEBUG SystemBundleService  - Saving FXGL system data
01:11:58.896 [JavaFX Application Thread] DEBUG FileSystemAccess     - Writing to: C:\Users\acer\JavaProjects\flat2d\system\fxgl.bundle
01:11:58.899 [JavaFX Application Thread] DEBUG Async                - Shutting down background threads
01:11:58.900 [JavaFX Application Thread] DEBUG PrimaryStageWindow   - Closing main window
01:11:58.910 [JavaFX Application Thread] DEBUG Logger               - Closing Logger
