11:42:52.206 [main                     ] DEBUG Logger               - Configured Logger
11:42:52.249 [main                     ] DEBUG GameApplication      - Logging settings
Title: Adventures of Sir Vim Zarado
Version: 0.0
Width: 720
Height: 720
Fullscreen: false
Intro: false
Profiling: false
Single step:false
App Mode: DEVELOPER
Menu Key: ESCAPE
Stage Style: DECORATED
Scene Factory: class com.example.flat2d.GameApp$1

11:42:52.810 [JavaFX Application Thread] DEBUG FXGLApplication      - Initializing FXGL
11:42:52.816 [JavaFX Application Thread] INFO  Engine               - FXGL-17.3 (30.03.2023 11.49) on WINDOWS (J:21 FX:21)
11:42:52.817 [JavaFX Application Thread] DEBUG Engine               - JRE Vendor Name: Oracle Corporation
11:42:52.817 [JavaFX Application Thread] DEBUG Engine               - Running on OS: Windows 10 version 10.0
11:42:52.818 [JavaFX Application Thread] DEBUG Engine               - Architecture: amd64
11:42:52.818 [JavaFX Application Thread] INFO  Engine               - Source code and latest versions at: https://github.com/AlmasB/FXGL
11:42:52.818 [JavaFX Application Thread] INFO  Engine               -       Ask questions and discuss at: https://github.com/AlmasB/FXGL/discussions
11:42:52.819 [JavaFX Application Thread] INFO  Engine               -              Join the FXGL chat at: https://gitter.im/AlmasB/FXGL
11:42:52.983 [JavaFX Application Thread] DEBUG PrimaryStageWindow   - Creating a JavaFX scene
11:42:53.108 [JavaFX Application Thread] DEBUG PrimaryStageWindow   - Target settings size: 720.0 x 720.0
11:42:53.109 [JavaFX Application Thread] DEBUG PrimaryStageWindow   - Scaled scene size:    720.0 x 720.0
11:42:53.109 [JavaFX Application Thread] DEBUG PrimaryStageWindow   - Scaled ratio: (1.0, 1.0)
11:42:53.111 [JavaFX Application Thread] DEBUG PrimaryStageWindow   - Set initial scene to FXGLStartupScene
11:42:53.118 [JavaFX Application Thread] DEBUG PrimaryStageWindow   - Opening main window
11:42:53.245 [JavaFX Application Thread] DEBUG PrimaryStageWindow   - Window border size: (16.0, 39.0)
11:42:53.245 [JavaFX Application Thread] DEBUG PrimaryStageWindow   - Scaled size: 720.0 x 720.0
11:42:53.245 [JavaFX Application Thread] DEBUG PrimaryStageWindow   - Scaled ratio: (1.0, 1.0)
11:42:53.246 [JavaFX Application Thread] DEBUG PrimaryStageWindow   - Scene size: 720.0 x 720.0
11:42:53.247 [JavaFX Application Thread] DEBUG PrimaryStageWindow   - Stage size: 736.0 x 759.0
11:42:53.268 [FXGL Background Thread 1 ] DEBUG Engine               - Initializing environment variables
11:42:53.388 [FXGL Background Thread 1 ] DEBUG FXGLAssetLoaderServi - User app class for loading assets: class com.example.flat2d.GameApp
11:42:53.389 [FXGL Background Thread 1 ] DEBUG GameApplicationServi - Applying CSS: fxgl_dark.css
11:42:53.390 [FXGL Background Thread 1 ] DEBUG FXGLAssetLoaderServi - Loading from file system: jar:file:///C:/Users/USER/.m2/repository/com/github/almasb/fxgl/17.3/fxgl-17.3.jar!/fxglassets/ui/css/fxgl_dark.css
11:42:53.480 [FXGL Background Thread 1 ] DEBUG GameApplicationServi - Initializing application scenes
11:42:53.618 [FXGL Background Thread 1 ] DEBUG GameWorld            - Game world initialized
11:42:53.741 [FXGL Background Thread 1 ] DEBUG PhysicsWorld         - Physics world initialized: appHeight=720, physics.ppm=50.0
11:42:53.742 [FXGL Background Thread 1 ] DEBUG PhysicsWorld         - Using strategy: BRUTE_FORCE
11:42:53.749 [FXGL Background Thread 1 ] DEBUG GameScene            - Game scene initialized: 720x720
11:42:53.754 [FXGL Background Thread 1 ] DEBUG FXGLAssetLoaderServi - Loading from file system: file:/C:/Users/USER/IdeaProjects/2DGame/target/classes/assets/textures/background/backg.jpg
11:42:53.853 [FXGL Background Thread 1 ] WARN  FXGL.DefaultMenu     - FXGLDefaultMenu is not designed for resolutions < 800x600
11:42:53.853 [FXGL Background Thread 1 ] DEBUG FXGL.DefaultMenu     - createMenuBodyGameMenu()
11:42:53.882 [FXGL Background Thread 1 ] DEBUG FXGL.DefaultMenu     - createOptionsMenu()
11:42:53.897 [FXGL Background Thread 1 ] DEBUG FXGLAssetLoaderServi - Loading from file system: jar:file:///C:/Users/USER/.m2/repository/com/github/almasb/fxgl/17.3/fxgl-17.3.jar!/fxglassets/textures/particles/smoke.png
11:42:54.083 [FXGL Background Thread 1 ] DEBUG FXGLAssetLoaderServi - Loading from file system: jar:file:///C:/Users/USER/.m2/repository/com/github/almasb/fxgl/17.3/fxgl-17.3.jar!/fxglassets/textures/particles/trace_horizontal.png
11:42:54.147 [FXGL Background Thread 1 ] DEBUG GameApplicationServi - Application scenes initialized
11:42:54.177 [FXGL Background Thread 1 ] DEBUG SystemBundleService  - Loading FXGL system data
11:42:54.186 [FXGL Background Thread 1 ] DEBUG FileSystemAccess     - Reading from: C:\Users\USER\IdeaProjects\2DGame\system\fxgl.bundle
11:42:54.207 [FXGL Background Thread 1 ] DEBUG SystemBundleService  - Bundle FXGL: {}
11:42:54.207 [FXGL Background Thread 1 ] DEBUG UpdaterService       - Checking for updates
11:42:54.295 [FXGL Background Thread 1 ] DEBUG FXGLApplication      - Loading default localization
11:42:54.298 [FXGL Background Thread 1 ] DEBUG FXGLAssetLoaderServi - Loading from file system: jar:file:///C:/Users/USER/.m2/repository/com/github/almasb/fxgl/17.3/fxgl-17.3.jar!/fxglassets/languages/english.lang
11:42:54.310 [FXGL Background Thread 4 ] DEBUG FXGLApplication      - Loading fonts
11:42:54.316 [FXGL Background Thread 4 ] DEBUG FXGLAssetLoaderServi - Loading from file system: jar:file:///C:/Users/USER/.m2/repository/com/github/almasb/fxgl/17.3/fxgl-17.3.jar!/fxglassets/ui/fonts/VarelaRound-Regular.ttf
11:42:54.332 [FXGL Background Thread 1 ] INFO  FXGLApplication      - FXGL initialization took: 1.064 sec
11:42:54.349 [JavaFX Application Thread] DEBUG Input                - Registered new binding: Up - W
11:42:54.349 [JavaFX Application Thread] DEBUG Input                - Registered new binding: Right - D
11:42:54.350 [JavaFX Application Thread] DEBUG Input                - Registered new binding: Left - A
11:42:54.350 [JavaFX Application Thread] DEBUG Input                - Registered new binding: Down - S
11:42:54.352 [JavaFX Application Thread] DEBUG Input                - Registered new binding: IDK - RMB
11:42:54.352 [JavaFX Application Thread] DEBUG FXGLAssetLoaderServi - Loading from file system: file:/C:/Users/USER/IdeaProjects/2DGame/target/classes/assets/music/bgm-music.mp3
11:42:54.382 [FXGL Background Thread 4 ] DEBUG FXGLAssetLoaderServi - Loading from file system: jar:file:///C:/Users/USER/.m2/repository/com/github/almasb/fxgl/17.3/fxgl-17.3.jar!/fxglassets/ui/fonts/Abel-Regular.ttf
11:42:54.393 [FXGL Background Thread 4 ] DEBUG FXGLAssetLoaderServi - Loading from file system: jar:file:///C:/Users/USER/.m2/repository/com/github/almasb/fxgl/17.3/fxgl-17.3.jar!/fxglassets/ui/fonts/TerminalLandMono-Regular.otf
11:42:54.400 [FXGL Background Thread 4 ] DEBUG FXGLAssetLoaderServi - Loading from file system: jar:file:///C:/Users/USER/.m2/repository/com/github/almasb/fxgl/17.3/fxgl-17.3.jar!/fxglassets/ui/fonts/Courier-Prime.ttf
11:42:54.632 [JavaFX Application Thread] DEBUG AudioPlayer          - Playing music com.almasb.fxgl.audio.Music@4965eb30
11:42:54.634 [JavaFX Application Thread] DEBUG FXGLAssetLoaderServi - Loading from file system: jar:file:///C:/Users/USER/.m2/repository/com/github/almasb/fxgl/17.3/fxgl-17.3.jar!/fxglassets/textures/fxgl_icon.png
11:42:54.673 [JavaFX Application Thread] DEBUG FXGLAssetLoaderServi - Loading from file system: jar:file:///C:/Users/USER/.m2/repository/com/github/almasb/fxgl/17.3/fxgl-17.3.jar!/fxglassets/textures/fxgl_default_cursor.png
11:42:54.677 [JavaFX Application Thread] DEBUG Input                - Registered new binding: Screenshot - CTRL+8
11:42:54.678 [JavaFX Application Thread] DEBUG Input                - Registered new binding: Dev Options - 1
11:42:54.678 [JavaFX Application Thread] DEBUG Input                - Registered new binding: Dev Console - 2
11:42:54.679 [JavaFX Application Thread] DEBUG Input                - Registered new binding: System info dump - CTRL+9
11:42:54.679 [JavaFX Application Thread] DEBUG Input                - Registered new binding: Restart - CTRL+R
11:42:54.682 [JavaFX Application Thread] DEBUG Input                - Registered new binding: Toggle Debug Camera - CTRL+7
11:42:54.688 [JavaFX Application Thread] DEBUG LoopRunner           - Starting loop
11:42:54.698 [JavaFX Application Thread] DEBUG LoopRunner           - Initializing JavaFX AnimationTimerLoop
11:42:54.703 [JavaFX Application Thread] DEBUG Input                - Clearing active input actions
11:42:54.718 [JavaFX Application Thread] DEBUG GameApplicationServi - Removing overlay from FXGLStartupScene and adding to FXGLMainMenuDummyScene
11:42:54.725 [JavaFX Application Thread] DEBUG PrimaryStageWindow   - FXGLStartupScene -> FXGLMainMenuDummyScene
11:42:54.725 [JavaFX Application Thread] DEBUG PrimaryStageWindow   - Push state: GameMainMenu
11:42:54.725 [JavaFX Application Thread] DEBUG Input                - Clearing active input actions
11:42:54.740 [JavaFX Application Thread] DEBUG GameApplicationServi - Removing overlay from FXGLMainMenuDummyScene and adding to GameMainMenu
11:42:54.741 [JavaFX Application Thread] DEBUG PrimaryStageWindow   - FXGLMainMenuDummyScene -> GameMainMenu
11:42:54.742 [JavaFX Application Thread] DEBUG FXGLApplication      - Registering font factories with UI factory
11:42:54.851 [JavaFX Application Thread] DEBUG FXGLApplication      - Exiting FXGL
11:42:54.851 [JavaFX Application Thread] DEBUG LoopRunner           - Stopping loop
11:42:54.852 [JavaFX Application Thread] DEBUG SystemBundleService  - Saving FXGL system data
11:42:54.855 [JavaFX Application Thread] DEBUG FileSystemAccess     - Writing to: C:\Users\USER\IdeaProjects\2DGame\system\fxgl.bundle
11:42:54.860 [JavaFX Application Thread] DEBUG Async                - Shutting down background threads
11:42:54.860 [JavaFX Application Thread] DEBUG PrimaryStageWindow   - Closing main window
11:42:54.892 [JavaFX Application Thread] DEBUG Logger               - Closing Logger
