04:58:36.489 [main                     ] DEBUG Logger               - Configured Logger
04:58:36.507 [main                     ] DEBUG GameApplication      - Logging settings
Title: Adventures of Sir Vim Zarado
Version: 0.0
Width: 720
Height: 720
Fullscreen: false
Intro: false
Profiling: false
Single step:false
App Mode: DEVELOPER
Menu Key: ESCAPE
Stage Style: DECORATED
Scene Factory: class com.example.flat2d.GameApp$1

04:58:36.886 [JavaFX Application Thread] DEBUG FXGLApplication      - Initializing FXGL
04:58:36.890 [JavaFX Application Thread] INFO  Engine               - FXGL-17.3 (30.03.2023 11.49) on WINDOWS (J:21.0.3 FX:21)
04:58:36.890 [JavaFX Application Thread] DEBUG Engine               - JRE Vendor Name: Amazon.com Inc.
04:58:36.891 [JavaFX Application Thread] DEBUG Engine               - Running on OS: Windows 10 version 10.0
04:58:36.891 [JavaFX Application Thread] DEBUG Engine               - Architecture: amd64
04:58:36.891 [JavaFX Application Thread] INFO  Engine               - Source code and latest versions at: https://github.com/AlmasB/FXGL
04:58:36.891 [JavaFX Application Thread] INFO  Engine               -       Ask questions and discuss at: https://github.com/AlmasB/FXGL/discussions
04:58:36.891 [JavaFX Application Thread] INFO  Engine               -              Join the FXGL chat at: https://gitter.im/AlmasB/FXGL
04:58:36.995 [JavaFX Application Thread] DEBUG PrimaryStageWindow   - Creating a JavaFX scene
04:58:37.046 [JavaFX Application Thread] DEBUG PrimaryStageWindow   - Target settings size: 720.0 x 720.0
04:58:37.047 [JavaFX Application Thread] DEBUG PrimaryStageWindow   - Scaled scene size:    720.0 x 720.0
04:58:37.047 [JavaFX Application Thread] DEBUG PrimaryStageWindow   - Scaled ratio: (1.0, 1.0)
04:58:37.048 [JavaFX Application Thread] DEBUG PrimaryStageWindow   - Set initial scene to FXGLStartupScene
04:58:37.051 [JavaFX Application Thread] DEBUG PrimaryStageWindow   - Opening main window
04:58:37.137 [JavaFX Application Thread] DEBUG PrimaryStageWindow   - Window border size: (16.0, 39.0)
04:58:37.138 [JavaFX Application Thread] DEBUG PrimaryStageWindow   - Scaled size: 720.0 x 720.0
04:58:37.138 [JavaFX Application Thread] DEBUG PrimaryStageWindow   - Scaled ratio: (1.0, 1.0)
04:58:37.138 [JavaFX Application Thread] DEBUG PrimaryStageWindow   - Scene size: 720.0 x 720.0
04:58:37.138 [JavaFX Application Thread] DEBUG PrimaryStageWindow   - Stage size: 736.0 x 759.0
04:58:37.188 [FXGL Background Thread 1 ] DEBUG Engine               - Initializing environment variables
04:58:37.236 [FXGL Background Thread 1 ] DEBUG FXGLAssetLoaderServi - User app class for loading assets: class com.example.flat2d.GameApp
04:58:37.237 [FXGL Background Thread 1 ] DEBUG GameApplicationServi - Applying CSS: fxgl_dark.css
04:58:37.238 [FXGL Background Thread 1 ] DEBUG FXGLAssetLoaderServi - Loading from file system: jar:file:///C:/Users/User/.m2/repository/com/github/almasb/fxgl/17.3/fxgl-17.3.jar!/fxglassets/ui/css/fxgl_dark.css
04:58:37.284 [FXGL Background Thread 1 ] DEBUG GameApplicationServi - Initializing application scenes
04:58:37.358 [FXGL Background Thread 1 ] DEBUG GameWorld            - Game world initialized
04:58:37.416 [FXGL Background Thread 1 ] DEBUG PhysicsWorld         - Physics world initialized: appHeight=720, physics.ppm=50.0
04:58:37.416 [FXGL Background Thread 1 ] DEBUG PhysicsWorld         - Using strategy: BRUTE_FORCE
04:58:37.420 [FXGL Background Thread 1 ] DEBUG GameScene            - Game scene initialized: 720x720
04:58:37.423 [FXGL Background Thread 1 ] DEBUG FXGLAssetLoaderServi - Loading from file system: file:/C:/Users/User/IdeaProjects/CSIT228-F3-Finals/target/classes/assets/textures/background/main-screen.jpg
04:58:37.514 [FXGL Background Thread 1 ] DEBUG FXGLAssetLoaderServi - Loading from file system: file:/C:/Users/User/IdeaProjects/CSIT228-F3-Finals/target/classes/assets/textures/profile-pic.jpg
04:58:37.528 [FXGL Background Thread 1 ] WARN  FXGL.DefaultMenu     - FXGLDefaultMenu is not designed for resolutions < 800x600
04:58:37.528 [FXGL Background Thread 1 ] DEBUG FXGL.DefaultMenu     - createMenuBodyGameMenu()
04:58:37.543 [FXGL Background Thread 1 ] DEBUG FXGL.DefaultMenu     - createOptionsMenu()
04:58:37.551 [FXGL Background Thread 1 ] DEBUG FXGLAssetLoaderServi - Loading from file system: jar:file:///C:/Users/User/.m2/repository/com/github/almasb/fxgl/17.3/fxgl-17.3.jar!/fxglassets/textures/particles/smoke.png
04:58:37.636 [FXGL Background Thread 1 ] DEBUG FXGLAssetLoaderServi - Loading from file system: jar:file:///C:/Users/User/.m2/repository/com/github/almasb/fxgl/17.3/fxgl-17.3.jar!/fxglassets/textures/particles/trace_horizontal.png
04:58:37.658 [FXGL Background Thread 1 ] DEBUG GameApplicationServi - Application scenes initialized
04:58:37.672 [FXGL Background Thread 1 ] DEBUG SystemBundleService  - Loading FXGL system data
04:58:37.676 [FXGL Background Thread 1 ] DEBUG FileSystemAccess     - Reading from: C:\Users\User\IdeaProjects\CSIT228-F3-Finals\system\fxgl.bundle
04:58:37.686 [FXGL Background Thread 1 ] DEBUG SystemBundleService  - Bundle FXGL: {}
04:58:37.686 [FXGL Background Thread 1 ] DEBUG UpdaterService       - Checking for updates
04:58:37.725 [FXGL Background Thread 1 ] DEBUG FXGLApplication      - Loading default localization
04:58:37.726 [FXGL Background Thread 1 ] DEBUG FXGLAssetLoaderServi - Loading from file system: jar:file:///C:/Users/User/.m2/repository/com/github/almasb/fxgl/17.3/fxgl-17.3.jar!/fxglassets/languages/english.lang
04:58:37.732 [FXGL Background Thread 4 ] DEBUG FXGLApplication      - Loading fonts
04:58:37.732 [FXGL Background Thread 4 ] DEBUG FXGLAssetLoaderServi - Loading from file system: jar:file:///C:/Users/User/.m2/repository/com/github/almasb/fxgl/17.3/fxgl-17.3.jar!/fxglassets/ui/fonts/VarelaRound-Regular.ttf
04:58:37.753 [FXGL Background Thread 1 ] INFO  FXGLApplication      - FXGL initialization took: 0.565 sec
04:58:37.763 [JavaFX Application Thread] DEBUG Input                - Registered new binding: Up - W
04:58:37.763 [JavaFX Application Thread] DEBUG Input                - Registered new binding: Right - D
04:58:37.764 [JavaFX Application Thread] DEBUG Input                - Registered new binding: Left - A
04:58:37.764 [JavaFX Application Thread] DEBUG Input                - Registered new binding: Down - S
04:58:37.765 [JavaFX Application Thread] DEBUG Input                - Registered new binding: IDK - RMB
04:58:37.766 [JavaFX Application Thread] DEBUG FXGLAssetLoaderServi - Loading from file system: file:/C:/Users/User/IdeaProjects/CSIT228-F3-Finals/target/classes/assets/music/opening.mp3
04:58:37.788 [FXGL Background Thread 4 ] DEBUG FXGLAssetLoaderServi - Loading from file system: jar:file:///C:/Users/User/.m2/repository/com/github/almasb/fxgl/17.3/fxgl-17.3.jar!/fxglassets/ui/fonts/Abel-Regular.ttf
04:58:37.796 [FXGL Background Thread 4 ] DEBUG FXGLAssetLoaderServi - Loading from file system: jar:file:///C:/Users/User/.m2/repository/com/github/almasb/fxgl/17.3/fxgl-17.3.jar!/fxglassets/ui/fonts/TerminalLandMono-Regular.otf
04:58:37.801 [FXGL Background Thread 4 ] DEBUG FXGLAssetLoaderServi - Loading from file system: jar:file:///C:/Users/User/.m2/repository/com/github/almasb/fxgl/17.3/fxgl-17.3.jar!/fxglassets/ui/fonts/Courier-Prime.ttf
04:58:37.976 [JavaFX Application Thread] DEBUG AudioPlayer          - Playing music com.almasb.fxgl.audio.Music@17f9417d
04:58:37.977 [JavaFX Application Thread] DEBUG FXGLAssetLoaderServi - Loading from file system: jar:file:///C:/Users/User/.m2/repository/com/github/almasb/fxgl/17.3/fxgl-17.3.jar!/fxglassets/textures/fxgl_icon.png
04:58:38.011 [JavaFX Application Thread] DEBUG FXGLAssetLoaderServi - Loading from file system: jar:file:///C:/Users/User/.m2/repository/com/github/almasb/fxgl/17.3/fxgl-17.3.jar!/fxglassets/textures/fxgl_default_cursor.png
04:58:38.040 [JavaFX Application Thread] DEBUG Input                - Registered new binding: Screenshot - CTRL+8
04:58:38.040 [JavaFX Application Thread] DEBUG Input                - Registered new binding: Dev Options - 1
04:58:38.041 [JavaFX Application Thread] DEBUG Input                - Registered new binding: Dev Console - 2
04:58:38.041 [JavaFX Application Thread] DEBUG Input                - Registered new binding: System info dump - CTRL+9
04:58:38.042 [JavaFX Application Thread] DEBUG Input                - Registered new binding: Restart - CTRL+R
04:58:38.043 [JavaFX Application Thread] DEBUG Input                - Registered new binding: Toggle Debug Camera - CTRL+7
04:58:38.047 [JavaFX Application Thread] DEBUG LoopRunner           - Starting loop
04:58:38.053 [JavaFX Application Thread] DEBUG LoopRunner           - Initializing JavaFX AnimationTimerLoop
04:58:38.056 [JavaFX Application Thread] DEBUG Input                - Clearing active input actions
04:58:38.065 [JavaFX Application Thread] DEBUG GameApplicationServi - Removing overlay from FXGLStartupScene and adding to FXGLMainMenuDummyScene
04:58:38.068 [JavaFX Application Thread] DEBUG PrimaryStageWindow   - FXGLStartupScene -> FXGLMainMenuDummyScene
04:58:38.068 [JavaFX Application Thread] DEBUG PrimaryStageWindow   - Push state: GameMainMenu
04:58:38.069 [JavaFX Application Thread] DEBUG Input                - Clearing active input actions
04:58:38.074 [JavaFX Application Thread] DEBUG GameApplicationServi - Removing overlay from FXGLMainMenuDummyScene and adding to GameMainMenu
04:58:38.075 [JavaFX Application Thread] DEBUG PrimaryStageWindow   - FXGLMainMenuDummyScene -> GameMainMenu
04:58:38.078 [JavaFX Application Thread] DEBUG FXGLApplication      - Registering font factories with UI factory
04:58:38.252 [FXGL Background Thread 2 ] INFO  UpdaterService       - Your current version:  17.3
04:58:38.252 [FXGL Background Thread 2 ] INFO  UpdaterService       - Latest stable version: 21.1
04:58:39.506 [JavaFX Application Thread] DEBUG AudioPlayer          - Stopping music com.almasb.fxgl.audio.Music@17f9417d
04:58:39.507 [JavaFX Application Thread] DEBUG FXGLAssetLoaderServi - Loading from file system: file:/C:/Users/User/IdeaProjects/CSIT228-F3-Finals/target/classes/assets/music/game-music.mp3
04:58:39.510 [JavaFX Application Thread] DEBUG AudioPlayer          - Playing music com.almasb.fxgl.audio.Music@28be5d57
04:58:39.510 [JavaFX Application Thread] DEBUG Menu                 - fireNewGame()
04:58:39.510 [JavaFX Application Thread] DEBUG GameApplicationServi - Starting new game
04:58:39.510 [JavaFX Application Thread] DEBUG PrimaryStageWindow   - Pop state: GameMainMenu
04:58:39.510 [JavaFX Application Thread] DEBUG Input                - Clearing active input actions
04:58:39.512 [JavaFX Application Thread] DEBUG GameApplicationServi - Removing overlay from GameMainMenu and adding to FXGLMainMenuDummyScene
04:58:39.513 [JavaFX Application Thread] DEBUG PrimaryStageWindow   - FXGLMainMenuDummyScene <- GameMainMenu
04:58:39.514 [JavaFX Application Thread] DEBUG Input                - Clearing active input actions
04:58:39.520 [JavaFX Application Thread] DEBUG GameApplicationServi - Removing overlay from FXGLMainMenuDummyScene and adding to FXGLLoadingScene
04:58:39.520 [JavaFX Application Thread] DEBUG PrimaryStageWindow   - FXGLMainMenuDummyScene -> FXGLLoadingScene
04:58:39.520 [JavaFX Application Thread] DEBUG GameApplicationServi - Clearing previous game
04:58:39.521 [JavaFX Application Thread] DEBUG GameScene            - Clearing game scene
04:58:39.521 [JavaFX Application Thread] DEBUG GameWorld            - Clearing game world
04:58:39.521 [JavaFX Application Thread] DEBUG PhysicsWorld         - Clearing physics world
04:58:39.522 [FXGL Background Thread 2 ] DEBUG FXGLApplication      - Initializing game
04:58:39.582 [FXGL Background Thread 2 ] WARN  TMXLevelLoader       - TiledMap generated from 1.10.2. Supported version: 1.9.0. Some features may not be parsed fully.
04:58:39.632 [FXGL Background Thread 2 ] DEBUG TMXLevelLoader       - Parsed TiledMap: file:/C:/Users/User/IdeaProjects/CSIT228-F3-Finals/target/classes/assets/levels/tmx/2DGameTiledMap.tmx
04:58:39.633 [FXGL Background Thread 2 ] DEBUG TMXLevelLoader       - Creating tile layer entities
04:58:39.635 [FXGL Background Thread 2 ] DEBUG TilesetLoader        - Loading view for layer floor
04:58:39.638 [FXGL Background Thread 2 ] DEBUG TilesetLoader        - Created buffer with size 2304.0x2304.0
04:58:39.735 [FXGL Background Thread 2 ] DEBUG TilesetLoader        - Loading view for layer stuff
04:58:39.738 [FXGL Background Thread 2 ] DEBUG TilesetLoader        - Created buffer with size 2304.0x2304.0
04:58:39.753 [FXGL Background Thread 2 ] DEBUG TilesetLoader        - Loading view for layer decor
04:58:39.765 [FXGL Background Thread 2 ] DEBUG TilesetLoader        - Created buffer with size 2304.0x2304.0
04:58:39.774 [FXGL Background Thread 2 ] DEBUG TilesetLoader        - Loading view for layer more
04:58:39.781 [FXGL Background Thread 2 ] DEBUG TilesetLoader        - Created buffer with size 2304.0x2304.0
04:58:39.783 [FXGL Background Thread 2 ] DEBUG TMXLevelLoader       - Creating object layer entities
04:58:39.818 [FXGL Background Thread 2 ] DEBUG FXGLAssetLoaderServi - Loading from file system: file:/C:/Users/User/IdeaProjects/CSIT228-F3-Finals/target/classes/assets/textures/background/torch.gif
04:58:39.873 [FXGL Background Thread 2 ] DEBUG FXGLAssetLoaderServi - Loading from file system: file:/C:/Users/User/IdeaProjects/CSIT228-F3-Finals/target/classes/assets/textures/background/eyes-hole.gif
04:58:39.951 [FXGL Background Thread 2 ] DEBUG GameWorld            - Clearing removable entities
04:58:39.952 [FXGL Background Thread 2 ] DEBUG GameWorld            - Setting level: com.almasb.fxgl.entity.level.Level@8c2402f
04:58:39.957 [FXGL Background Thread 2 ] DEBUG FXGLAssetLoaderServi - Loading from file system: file:/C:/Users/User/IdeaProjects/CSIT228-F3-Finals/target/classes/assets/textures/player/lecatmoves.png
04:58:39.959 [FXGL Background Thread 2 ] DEBUG FXGLAssetLoaderServi - Loading from file system: file:/C:/Users/User/IdeaProjects/CSIT228-F3-Finals/target/classes/assets/textures/player/CatOne.png
04:58:39.961 [FXGL Background Thread 2 ] DEBUG FXGLAssetLoaderServi - Loading from file system: file:/C:/Users/User/IdeaProjects/CSIT228-F3-Finals/target/classes/assets/textures/player/CatThree.png
04:58:39.962 [FXGL Background Thread 2 ] DEBUG FXGLAssetLoaderServi - Loading from file system: file:/C:/Users/User/IdeaProjects/CSIT228-F3-Finals/target/classes/assets/textures/player/CatFour.png
04:58:39.984 [FXGL Background Thread 2 ] INFO  FXGLApplication      - Game initialization took: 0.462 sec
04:58:39.987 [JavaFX Application Thread] DEBUG Input                - Clearing active input actions
04:58:39.995 [JavaFX Application Thread] DEBUG GameApplicationServi - Removing overlay from FXGLLoadingScene and adding to GameScene
04:58:40.000 [JavaFX Application Thread] DEBUG PrimaryStageWindow   - FXGLLoadingScene -> GameScene
04:58:40.722 [FXGL Background Thread 3 ] DEBUG Engine               - Logging environment variables
04:58:40.725 [FXGL Background Thread 3 ] DEBUG Engine               - achievements: []
04:58:40.726 [FXGL Background Thread 3 ] DEBUG Engine               - actualHeight: 720.0
04:58:40.726 [FXGL Background Thread 3 ] DEBUG Engine               - actualHeightProperty: ReadOnlyDoubleProperty [value: 720.0]
04:58:40.727 [FXGL Background Thread 3 ] DEBUG Engine               - actualWidth: 720.0
04:58:40.727 [FXGL Background Thread 3 ] DEBUG Engine               - actualWidthProperty: ReadOnlyDoubleProperty [value: 720.0]
04:58:40.728 [FXGL Background Thread 3 ] DEBUG Engine               - appIcon: fxgl_icon.png
04:58:40.729 [FXGL Background Thread 3 ] DEBUG Engine               - applicationMode: DEVELOPER
04:58:40.729 [FXGL Background Thread 3 ] DEBUG Engine               - cSSList: [fxgl_dark.css]
04:58:40.730 [FXGL Background Thread 3 ] DEBUG Engine               - collisionDetectionStrategy: BRUTE_FORCE
04:58:40.730 [FXGL Background Thread 3 ] DEBUG Engine               - configClass: Optional[class com.example.flat2d.Misc.Config]
04:58:40.731 [FXGL Background Thread 3 ] DEBUG Engine               - credits: []
04:58:40.733 [FXGL Background Thread 3 ] DEBUG Engine               - defaultCursor: CursorInfo(imageName=fxgl_default_cursor.png, hotspotX=7.0, hotspotY=6.0)
04:58:40.734 [FXGL Background Thread 3 ] DEBUG Engine               - devBBoxColorProperty: ObjectProperty [value: 0xff0000ff]
04:58:40.734 [FXGL Background Thread 3 ] DEBUG Engine               - devEnableDebugCameraProperty: BooleanProperty [value: false]
04:58:40.734 [FXGL Background Thread 3 ] DEBUG Engine               - devSensorColorProperty: ObjectProperty [value: 0xffff00ff]
04:58:40.734 [FXGL Background Thread 3 ] DEBUG Engine               - devShowBBoxProperty: BooleanProperty [value: false]
04:58:40.734 [FXGL Background Thread 3 ] DEBUG Engine               - devShowPositionProperty: BooleanProperty [value: false]
04:58:40.734 [FXGL Background Thread 3 ] DEBUG Engine               - enabledMenuItems: []
04:58:40.734 [FXGL Background Thread 3 ] DEBUG Engine               - engineServices: [class com.almasb.fxgl.app.services.FXGLAssetLoaderService, class com.almasb.fxgl.app.FXGLApplication$GameApplicationService, class com.almasb.fxgl.app.services.FXGLDialogService, class com.almasb.fxgl.app.services.IOTaskExecutorService, class com.almasb.fxgl.io.FileSystemService, class com.almasb.fxgl.localization.LocalizationService, class com.almasb.fxgl.app.services.SystemBundleService, class com.almasb.fxgl.profile.SaveLoadService, class com.almasb.fxgl.ui.FXGLUIFactoryServiceProvider, class com.almasb.fxgl.ui.FXGLDialogFactoryServiceProvider, class com.almasb.fxgl.audio.AudioPlayer, class com.almasb.fxgl.notification.impl.NotificationServiceProvider, class com.almasb.fxgl.achievement.AchievementService, class com.almasb.fxgl.cutscene.CutsceneService, class com.almasb.fxgl.minigames.MiniGameService, class com.almasb.fxgl.net.NetService, class com.almasb.fxgl.app.services.UpdaterService, class com.almasb.fxgl.dev.DevService]
04:58:40.734 [FXGL Background Thread 3 ] DEBUG Engine               - fontGame: Abel-Regular.ttf
04:58:40.734 [FXGL Background Thread 3 ] DEBUG Engine               - fontMono: TerminalLandMono-Regular.otf
04:58:40.734 [FXGL Background Thread 3 ] DEBUG Engine               - fontSizeScaleUI: 1.0
04:58:40.734 [FXGL Background Thread 3 ] DEBUG Engine               - fontText: Courier-Prime.ttf
04:58:40.735 [FXGL Background Thread 3 ] DEBUG Engine               - fontUI: VarelaRound-Regular.ttf
04:58:40.735 [FXGL Background Thread 3 ] DEBUG Engine               - fullScreen: BooleanProperty [value: false]
04:58:40.735 [FXGL Background Thread 3 ] DEBUG Engine               - gameDifficulty: MEDIUM
04:58:40.735 [FXGL Background Thread 3 ] DEBUG Engine               - gameDifficultyProperty: ObjectProperty [value: MEDIUM]
04:58:40.735 [FXGL Background Thread 3 ] DEBUG Engine               - globalMusicVolume: 0.5
04:58:40.735 [FXGL Background Thread 3 ] DEBUG Engine               - globalMusicVolumeProperty: DoubleProperty [value: 0.5]
04:58:40.735 [FXGL Background Thread 3 ] DEBUG Engine               - globalSoundVolume: 0.5
04:58:40.735 [FXGL Background Thread 3 ] DEBUG Engine               - globalSoundVolumeProperty: DoubleProperty [value: 0.25]
04:58:40.735 [FXGL Background Thread 3 ] DEBUG Engine               - height: 720
04:58:40.735 [FXGL Background Thread 3 ] DEBUG Engine               - is3D: false
04:58:40.735 [FXGL Background Thread 3 ] DEBUG Engine               - isAndroid: false
04:58:40.735 [FXGL Background Thread 3 ] DEBUG Engine               - isBrowser: false
04:58:40.735 [FXGL Background Thread 3 ] DEBUG Engine               - isClickFeedbackEnabled: false
04:58:40.735 [FXGL Background Thread 3 ] DEBUG Engine               - isCloseConfirmation: false
04:58:40.735 [FXGL Background Thread 3 ] DEBUG Engine               - isDesktop: true
04:58:40.736 [FXGL Background Thread 3 ] DEBUG Engine               - isDeveloperMenuEnabled: true
04:58:40.736 [FXGL Background Thread 3 ] DEBUG Engine               - isEmbedded: false
04:58:40.736 [FXGL Background Thread 3 ] DEBUG Engine               - isEntityPreloadEnabled: true
04:58:40.736 [FXGL Background Thread 3 ] DEBUG Engine               - isExperimentalTiledLargeMap: false
04:58:40.741 [FXGL Background Thread 3 ] DEBUG Engine               - isFileSystemWriteAllowed: true
04:58:40.741 [FXGL Background Thread 3 ] DEBUG Engine               - isFullScreenAllowed: false
04:58:40.741 [FXGL Background Thread 3 ] DEBUG Engine               - isFullScreenFromStart: false
04:58:40.741 [FXGL Background Thread 3 ] DEBUG Engine               - isGameMenuEnabled: true
04:58:40.741 [FXGL Background Thread 3 ] DEBUG Engine               - isIOS: false
04:58:40.741 [FXGL Background Thread 3 ] DEBUG Engine               - isIntroEnabled: false
04:58:40.742 [FXGL Background Thread 3 ] DEBUG Engine               - isLinux: false
04:58:40.742 [FXGL Background Thread 3 ] DEBUG Engine               - isMac: false
04:58:40.744 [FXGL Background Thread 3 ] DEBUG Engine               - isMainMenuEnabled: true
04:58:40.744 [FXGL Background Thread 3 ] DEBUG Engine               - isManualResizeEnabled: false
04:58:40.745 [FXGL Background Thread 3 ] DEBUG Engine               - isMobile: false
04:58:40.745 [FXGL Background Thread 3 ] DEBUG Engine               - isNative: false
04:58:40.745 [FXGL Background Thread 3 ] DEBUG Engine               - isPauseMusicWhenMinimized: true
04:58:40.747 [FXGL Background Thread 3 ] DEBUG Engine               - isPreserveResizeRatio: false
04:58:40.747 [FXGL Background Thread 3 ] DEBUG Engine               - isProfilingEnabled: false
04:58:40.747 [FXGL Background Thread 3 ] DEBUG Engine               - isScaleAffectedOnResize: true
04:58:40.747 [FXGL Background Thread 3 ] DEBUG Engine               - isSingleStep: false
04:58:40.747 [FXGL Background Thread 3 ] DEBUG Engine               - isUserProfileEnabled: false
04:58:40.747 [FXGL Background Thread 3 ] DEBUG Engine               - isWindows: true
04:58:40.748 [FXGL Background Thread 3 ] DEBUG Engine               - language: ObjectProperty [value: ENGLISH]
04:58:40.750 [FXGL Background Thread 3 ] DEBUG Engine               - menuKey: ESCAPE
04:58:40.750 [FXGL Background Thread 3 ] DEBUG Engine               - mouseSensitivity: 0.2
04:58:40.751 [FXGL Background Thread 3 ] DEBUG Engine               - notificationViewClass: class com.almasb.fxgl.notification.view.XboxNotificationView
04:58:40.751 [FXGL Background Thread 3 ] DEBUG Engine               - pixelsPerMeter: 50.0
04:58:40.751 [FXGL Background Thread 3 ] DEBUG Engine               - platform: WINDOWS
04:58:40.751 [FXGL Background Thread 3 ] DEBUG Engine               - prefHeightProperty: ReadOnlyDoubleProperty [value: 720.0]
04:58:40.751 [FXGL Background Thread 3 ] DEBUG Engine               - prefWidthProperty: ReadOnlyDoubleProperty [value: 720.0]
04:58:40.751 [FXGL Background Thread 3 ] DEBUG Engine               - profileDir: profiles/
04:58:40.751 [FXGL Background Thread 3 ] DEBUG Engine               - profileName: StringProperty [value: DEFAULT]
04:58:40.752 [FXGL Background Thread 3 ] DEBUG Engine               - randomSeed: -1
04:58:40.753 [FXGL Background Thread 3 ] DEBUG Engine               - runtimeInfo: RuntimeInfo(platform=WINDOWS, version=17.3, build=30.03.2023 11.49)
04:58:40.754 [FXGL Background Thread 3 ] DEBUG Engine               - saveFileExt: sav
04:58:40.754 [FXGL Background Thread 3 ] DEBUG Engine               - scaledHeightProp$fxgl: DoubleProperty [bound, value: 720.0]
04:58:40.754 [FXGL Background Thread 3 ] DEBUG Engine               - scaledWidthProp$fxgl: DoubleProperty [bound, value: 720.0]
04:58:40.754 [FXGL Background Thread 3 ] DEBUG Engine               - sceneFactory: com.example.flat2d.GameApp$1@4ddf9
04:58:40.756 [FXGL Background Thread 3 ] DEBUG Engine               - secondsIn24h: 60
04:58:40.756 [FXGL Background Thread 3 ] DEBUG Engine               - soundMenuBack: menu/back.wav
04:58:40.756 [FXGL Background Thread 3 ] DEBUG Engine               - soundMenuPress: menu/press.wav
04:58:40.756 [FXGL Background Thread 3 ] DEBUG Engine               - soundMenuSelect: menu/select.wav
04:58:40.757 [FXGL Background Thread 3 ] DEBUG Engine               - soundNotification: core/notification.wav
04:58:40.757 [JavaFX Application Thread] DEBUG FXGLAssetLoaderServi - Loading from file system: file:/C:/Users/User/IdeaProjects/CSIT228-F3-Finals/target/classes/assets/textures/skill/spr_bullet_strip.png
04:58:40.757 [FXGL Background Thread 3 ] DEBUG Engine               - stageStyle: DECORATED
04:58:40.761 [FXGL Background Thread 3 ] DEBUG Engine               - supportedLanguages: [ENGLISH, FRENCH, GERMAN, HUNGARIAN, RUSSIAN]
04:58:40.761 [FXGL Background Thread 3 ] DEBUG Engine               - ticksPerSecond: -1
04:58:40.761 [FXGL Background Thread 3 ] DEBUG Engine               - title: Adventures of Sir Vim Zarado
04:58:40.762 [FXGL Background Thread 3 ] DEBUG Engine               - urlGithub: https://github.com/AlmasB/FXGL
04:58:40.762 [FXGL Background Thread 3 ] DEBUG Engine               - urlLeaderboard: http://fxgl-top.herokuapp.com/
04:58:40.762 [FXGL Background Thread 3 ] DEBUG Engine               - urlPOM: https://raw.githubusercontent.com/AlmasB/FXGL/release/README.md
04:58:40.762 [FXGL Background Thread 3 ] DEBUG Engine               - userAppClass: class com.example.flat2d.GameApp
04:58:40.762 [FXGL Background Thread 3 ] DEBUG Engine               - version: 0.0
04:58:40.762 [FXGL Background Thread 3 ] DEBUG Engine               - versionCheckDays: 7
04:58:40.762 [FXGL Background Thread 3 ] DEBUG Engine               - width: 720
04:58:40.762 [FXGL Background Thread 3 ] DEBUG Engine               - Logging services
04:58:40.762 [FXGL Background Thread 3 ] DEBUG Engine               - class com.almasb.fxgl.app.services.FXGLAssetLoaderService
04:58:40.763 [FXGL Background Thread 3 ] DEBUG Engine               - class com.almasb.fxgl.app.FXGLApplication$GameApplicationService
04:58:40.763 [FXGL Background Thread 3 ] DEBUG Engine               - class com.almasb.fxgl.app.services.FXGLDialogService
04:58:40.763 [FXGL Background Thread 3 ] DEBUG Engine               - class com.almasb.fxgl.app.services.IOTaskExecutorService
04:58:40.763 [FXGL Background Thread 3 ] DEBUG Engine               - class com.almasb.fxgl.io.FileSystemService
04:58:40.763 [FXGL Background Thread 3 ] DEBUG Engine               - class com.almasb.fxgl.localization.LocalizationService
04:58:40.763 [FXGL Background Thread 3 ] DEBUG Engine               - class com.almasb.fxgl.app.services.SystemBundleService
04:58:40.763 [FXGL Background Thread 3 ] DEBUG Engine               - class com.almasb.fxgl.profile.SaveLoadService
04:58:40.763 [FXGL Background Thread 3 ] DEBUG Engine               - class com.almasb.fxgl.ui.FXGLUIFactoryServiceProvider
04:58:40.763 [FXGL Background Thread 3 ] DEBUG Engine               - class com.almasb.fxgl.ui.FXGLDialogFactoryServiceProvider
04:58:40.763 [FXGL Background Thread 3 ] DEBUG Engine               - class com.almasb.fxgl.audio.AudioPlayer
04:58:40.764 [FXGL Background Thread 3 ] DEBUG Engine               - class com.almasb.fxgl.notification.impl.NotificationServiceProvider
04:58:40.766 [FXGL Background Thread 3 ] DEBUG Engine               - class com.almasb.fxgl.achievement.AchievementService
04:58:40.766 [FXGL Background Thread 3 ] DEBUG Engine               - class com.almasb.fxgl.cutscene.CutsceneService
04:58:40.766 [FXGL Background Thread 3 ] DEBUG Engine               - class com.almasb.fxgl.minigames.MiniGameService
04:58:40.766 [FXGL Background Thread 3 ] DEBUG Engine               - class com.almasb.fxgl.net.NetService
04:58:40.766 [FXGL Background Thread 3 ] DEBUG Engine               - class com.almasb.fxgl.app.services.UpdaterService
04:58:40.766 [FXGL Background Thread 3 ] DEBUG Engine               - class com.almasb.fxgl.dev.DevService
04:58:41.600 [JavaFX Application Thread] DEBUG FXGLAssetLoaderServi - Loading from file system: file:/C:/Users/User/IdeaProjects/CSIT228-F3-Finals/target/classes/assets/textures/boss/BossWalkAndShockDesu.png
04:58:41.627 [JavaFX Application Thread] DEBUG FXGLAssetLoaderServi - Loading from file system: file:/C:/Users/User/IdeaProjects/CSIT228-F3-Finals/target/classes/assets/textures/boss/ThirdAttack.png
04:58:41.643 [JavaFX Application Thread] DEBUG FXGLAssetLoaderServi - Loading from file system: file:/C:/Users/User/IdeaProjects/CSIT228-F3-Finals/target/classes/assets/textures/boss/ThirdBlink.png
04:58:41.651 [JavaFX Application Thread] DEBUG FXGLAssetLoaderServi - Loading from file system: file:/C:/Users/User/IdeaProjects/CSIT228-F3-Finals/target/classes/assets/textures/boss/ThirdDead.png
04:58:41.664 [JavaFX Application Thread] DEBUG FXGLAssetLoaderServi - Loading from file system: file:/C:/Users/User/IdeaProjects/CSIT228-F3-Finals/target/classes/assets/textures/boss/ThirdIdle.png
04:58:41.671 [JavaFX Application Thread] DEBUG FXGLAssetLoaderServi - Loading from file system: file:/C:/Users/User/IdeaProjects/CSIT228-F3-Finals/target/classes/assets/textures/basic/NormalWalk2.png
04:58:41.673 [JavaFX Application Thread] DEBUG FXGLAssetLoaderServi - Loading from file system: file:/C:/Users/User/IdeaProjects/CSIT228-F3-Finals/target/classes/assets/textures/basic/NormalDead2.png
04:58:41.675 [JavaFX Application Thread] DEBUG FXGLAssetLoaderServi - Loading from file system: file:/C:/Users/User/IdeaProjects/CSIT228-F3-Finals/target/classes/assets/textures/basic/NormalAttack2.png
04:58:41.976 [JavaFX Application Thread] DEBUG FXGLApplication      - Exiting FXGL
04:58:41.976 [JavaFX Application Thread] DEBUG LoopRunner           - Stopping loop
04:58:41.976 [JavaFX Application Thread] DEBUG SystemBundleService  - Saving FXGL system data
04:58:41.978 [JavaFX Application Thread] DEBUG FileSystemAccess     - Writing to: C:\Users\User\IdeaProjects\CSIT228-F3-Finals\system\fxgl.bundle
04:58:41.981 [JavaFX Application Thread] DEBUG Async                - Shutting down background threads
04:58:41.981 [JavaFX Application Thread] DEBUG PrimaryStageWindow   - Closing main window
04:58:41.996 [JavaFX Application Thread] DEBUG Logger               - Closing Logger
