23:45:20.281 [main                     ] DEBUG Logger               - Configured Logger
23:45:20.304 [main                     ] DEBUG GameApplication      - Logging settings
Title: Adventures of Sir Vim Zarado
Version: 0.0
Width: 720
Height: 720
Fullscreen: false
Intro: false
Profiling: false
Single step:false
App Mode: DEVELOPER
Menu Key: ESCAPE
Stage Style: DECORATED
Scene Factory: class com.example.flat2d.GameApp$1

23:45:20.684 [JavaFX Application Thread] DEBUG FXGLApplication      - Initializing FXGL
23:45:20.688 [JavaFX Application Thread] INFO  Engine               - FXGL-17.3 (30.03.2023 11.49) on WINDOWS (J:21.0.3 FX:21)
23:45:20.689 [JavaFX Application Thread] DEBUG Engine               - JRE Vendor Name: Amazon.com Inc.
23:45:20.689 [JavaFX Application Thread] DEBUG Engine               - Running on OS: Windows 10 version 10.0
23:45:20.689 [JavaFX Application Thread] DEBUG Engine               - Architecture: amd64
23:45:20.689 [JavaFX Application Thread] INFO  Engine               - Source code and latest versions at: https://github.com/AlmasB/FXGL
23:45:20.690 [JavaFX Application Thread] INFO  Engine               -       Ask questions and discuss at: https://github.com/AlmasB/FXGL/discussions
23:45:20.690 [JavaFX Application Thread] INFO  Engine               -              Join the FXGL chat at: https://gitter.im/AlmasB/FXGL
23:45:20.785 [JavaFX Application Thread] DEBUG PrimaryStageWindow   - Creating a JavaFX scene
23:45:20.840 [JavaFX Application Thread] DEBUG PrimaryStageWindow   - Target settings size: 720.0 x 720.0
23:45:20.840 [JavaFX Application Thread] DEBUG PrimaryStageWindow   - Scaled scene size:    720.0 x 720.0
23:45:20.840 [JavaFX Application Thread] DEBUG PrimaryStageWindow   - Scaled ratio: (1.0, 1.0)
23:45:20.841 [JavaFX Application Thread] DEBUG PrimaryStageWindow   - Set initial scene to FXGLStartupScene
23:45:20.845 [JavaFX Application Thread] DEBUG PrimaryStageWindow   - Opening main window
23:45:20.935 [JavaFX Application Thread] DEBUG PrimaryStageWindow   - Window border size: (16.0, 39.0)
23:45:20.935 [JavaFX Application Thread] DEBUG PrimaryStageWindow   - Scaled size: 720.0 x 720.0
23:45:20.935 [JavaFX Application Thread] DEBUG PrimaryStageWindow   - Scaled ratio: (1.0, 1.0)
23:45:20.936 [JavaFX Application Thread] DEBUG PrimaryStageWindow   - Scene size: 720.0 x 720.0
23:45:20.936 [JavaFX Application Thread] DEBUG PrimaryStageWindow   - Stage size: 736.0 x 759.0
23:45:20.947 [FXGL Background Thread 1 ] DEBUG Engine               - Initializing environment variables
23:45:21.004 [FXGL Background Thread 1 ] DEBUG FXGLAssetLoaderServi - User app class for loading assets: class com.example.flat2d.GameApp
23:45:21.004 [FXGL Background Thread 1 ] DEBUG GameApplicationServi - Applying CSS: fxgl_dark.css
23:45:21.005 [FXGL Background Thread 1 ] DEBUG FXGLAssetLoaderServi - Loading from file system: jar:file:///C:/Users/User/.m2/repository/com/github/almasb/fxgl/17.3/fxgl-17.3.jar!/fxglassets/ui/css/fxgl_dark.css
23:45:21.054 [FXGL Background Thread 1 ] DEBUG GameApplicationServi - Initializing application scenes
23:45:21.137 [FXGL Background Thread 1 ] DEBUG GameWorld            - Game world initialized
23:45:21.193 [FXGL Background Thread 1 ] DEBUG PhysicsWorld         - Physics world initialized: appHeight=720, physics.ppm=50.0
23:45:21.193 [FXGL Background Thread 1 ] DEBUG PhysicsWorld         - Using strategy: BRUTE_FORCE
23:45:21.197 [FXGL Background Thread 1 ] DEBUG GameScene            - Game scene initialized: 720x720
23:45:21.200 [FXGL Background Thread 1 ] DEBUG FXGLAssetLoaderServi - Loading from file system: file:/C:/Users/User/IdeaProjects/CSIT228-F3-Finals/target/classes/assets/textures/background/main-screen.jpg
23:45:21.278 [FXGL Background Thread 1 ] DEBUG FXGLAssetLoaderServi - Loading from file system: file:/C:/Users/User/IdeaProjects/CSIT228-F3-Finals/target/classes/assets/textures/profile-pic.jpg
23:45:21.291 [FXGL Background Thread 1 ] WARN  FXGL.DefaultMenu     - FXGLDefaultMenu is not designed for resolutions < 800x600
23:45:21.291 [FXGL Background Thread 1 ] DEBUG FXGL.DefaultMenu     - createMenuBodyGameMenu()
23:45:21.304 [FXGL Background Thread 1 ] DEBUG FXGL.DefaultMenu     - createOptionsMenu()
23:45:21.311 [FXGL Background Thread 1 ] DEBUG FXGLAssetLoaderServi - Loading from file system: jar:file:///C:/Users/User/.m2/repository/com/github/almasb/fxgl/17.3/fxgl-17.3.jar!/fxglassets/textures/particles/smoke.png
23:45:21.391 [FXGL Background Thread 1 ] DEBUG FXGLAssetLoaderServi - Loading from file system: jar:file:///C:/Users/User/.m2/repository/com/github/almasb/fxgl/17.3/fxgl-17.3.jar!/fxglassets/textures/particles/trace_horizontal.png
23:45:21.419 [FXGL Background Thread 1 ] DEBUG GameApplicationServi - Application scenes initialized
23:45:21.432 [FXGL Background Thread 1 ] DEBUG SystemBundleService  - Loading FXGL system data
23:45:21.437 [FXGL Background Thread 1 ] DEBUG FileSystemAccess     - Reading from: C:\Users\User\IdeaProjects\CSIT228-F3-Finals\system\fxgl.bundle
23:45:21.447 [FXGL Background Thread 1 ] DEBUG SystemBundleService  - Bundle FXGL: {}
23:45:21.447 [FXGL Background Thread 1 ] DEBUG UpdaterService       - Checking for updates
23:45:21.473 [FXGL Background Thread 1 ] DEBUG FXGLApplication      - Loading default localization
23:45:21.474 [FXGL Background Thread 1 ] DEBUG FXGLAssetLoaderServi - Loading from file system: jar:file:///C:/Users/User/.m2/repository/com/github/almasb/fxgl/17.3/fxgl-17.3.jar!/fxglassets/languages/english.lang
23:45:21.491 [FXGL Background Thread 4 ] DEBUG FXGLApplication      - Loading fonts
23:45:21.492 [FXGL Background Thread 1 ] INFO  FXGLApplication      - FXGL initialization took: 0.544 sec
23:45:21.492 [FXGL Background Thread 4 ] DEBUG FXGLAssetLoaderServi - Loading from file system: jar:file:///C:/Users/User/.m2/repository/com/github/almasb/fxgl/17.3/fxgl-17.3.jar!/fxglassets/ui/fonts/VarelaRound-Regular.ttf
23:45:21.500 [JavaFX Application Thread] DEBUG Input                - Registered new binding: Up - W
23:45:21.500 [JavaFX Application Thread] DEBUG Input                - Registered new binding: Right - D
23:45:21.500 [JavaFX Application Thread] DEBUG Input                - Registered new binding: Left - A
23:45:21.500 [JavaFX Application Thread] DEBUG Input                - Registered new binding: Down - S
23:45:21.501 [JavaFX Application Thread] DEBUG Input                - Registered new binding: IDK - RMB
23:45:21.502 [JavaFX Application Thread] DEBUG FXGLAssetLoaderServi - Loading from file system: file:/C:/Users/User/IdeaProjects/CSIT228-F3-Finals/target/classes/assets/music/opening.mp3
23:45:21.595 [FXGL Background Thread 4 ] DEBUG FXGLAssetLoaderServi - Loading from file system: jar:file:///C:/Users/User/.m2/repository/com/github/almasb/fxgl/17.3/fxgl-17.3.jar!/fxglassets/ui/fonts/Abel-Regular.ttf
23:45:21.604 [FXGL Background Thread 4 ] DEBUG FXGLAssetLoaderServi - Loading from file system: jar:file:///C:/Users/User/.m2/repository/com/github/almasb/fxgl/17.3/fxgl-17.3.jar!/fxglassets/ui/fonts/TerminalLandMono-Regular.otf
23:45:21.614 [FXGL Background Thread 4 ] DEBUG FXGLAssetLoaderServi - Loading from file system: jar:file:///C:/Users/User/.m2/repository/com/github/almasb/fxgl/17.3/fxgl-17.3.jar!/fxglassets/ui/fonts/Courier-Prime.ttf
23:45:21.732 [JavaFX Application Thread] DEBUG AudioPlayer          - Playing music com.almasb.fxgl.audio.Music@76232fff
23:45:21.733 [JavaFX Application Thread] DEBUG FXGLAssetLoaderServi - Loading from file system: jar:file:///C:/Users/User/.m2/repository/com/github/almasb/fxgl/17.3/fxgl-17.3.jar!/fxglassets/textures/fxgl_icon.png
23:45:21.763 [JavaFX Application Thread] DEBUG FXGLAssetLoaderServi - Loading from file system: jar:file:///C:/Users/User/.m2/repository/com/github/almasb/fxgl/17.3/fxgl-17.3.jar!/fxglassets/textures/fxgl_default_cursor.png
23:45:21.765 [JavaFX Application Thread] DEBUG Input                - Registered new binding: Screenshot - CTRL+8
23:45:21.766 [JavaFX Application Thread] DEBUG Input                - Registered new binding: Dev Options - 1
23:45:21.766 [JavaFX Application Thread] DEBUG Input                - Registered new binding: Dev Console - 2
23:45:21.766 [JavaFX Application Thread] DEBUG Input                - Registered new binding: System info dump - CTRL+9
23:45:21.767 [JavaFX Application Thread] DEBUG Input                - Registered new binding: Restart - CTRL+R
23:45:21.768 [JavaFX Application Thread] DEBUG Input                - Registered new binding: Toggle Debug Camera - CTRL+7
23:45:21.771 [JavaFX Application Thread] DEBUG LoopRunner           - Starting loop
23:45:21.777 [JavaFX Application Thread] DEBUG LoopRunner           - Initializing JavaFX AnimationTimerLoop
23:45:21.779 [JavaFX Application Thread] DEBUG Input                - Clearing active input actions
23:45:21.793 [JavaFX Application Thread] DEBUG GameApplicationServi - Removing overlay from FXGLStartupScene and adding to FXGLMainMenuDummyScene
23:45:21.798 [JavaFX Application Thread] DEBUG PrimaryStageWindow   - FXGLStartupScene -> FXGLMainMenuDummyScene
23:45:21.798 [JavaFX Application Thread] DEBUG PrimaryStageWindow   - Push state: GameMainMenu
23:45:21.798 [JavaFX Application Thread] DEBUG Input                - Clearing active input actions
23:45:21.805 [JavaFX Application Thread] DEBUG GameApplicationServi - Removing overlay from FXGLMainMenuDummyScene and adding to GameMainMenu
23:45:21.806 [JavaFX Application Thread] DEBUG PrimaryStageWindow   - FXGLMainMenuDummyScene -> GameMainMenu
23:45:21.811 [JavaFX Application Thread] DEBUG FXGLApplication      - Registering font factories with UI factory
23:45:22.235 [FXGL Background Thread 2 ] INFO  UpdaterService       - Your current version:  17.3
23:45:22.236 [FXGL Background Thread 2 ] INFO  UpdaterService       - Latest stable version: 21.1
23:45:23.818 [JavaFX Application Thread] DEBUG AudioPlayer          - Stopping music com.almasb.fxgl.audio.Music@76232fff
23:45:23.856 [JavaFX Application Thread] DEBUG FXGLAssetLoaderServi - Loading from file system: file:/C:/Users/User/IdeaProjects/CSIT228-F3-Finals/target/classes/assets/music/game-music.mp3
23:45:23.859 [JavaFX Application Thread] DEBUG AudioPlayer          - Playing music com.almasb.fxgl.audio.Music@5755ac59
23:45:23.859 [JavaFX Application Thread] DEBUG Menu                 - fireNewGame()
23:45:23.859 [JavaFX Application Thread] DEBUG GameApplicationServi - Starting new game
23:45:23.859 [JavaFX Application Thread] DEBUG PrimaryStageWindow   - Pop state: GameMainMenu
23:45:23.859 [JavaFX Application Thread] DEBUG Input                - Clearing active input actions
23:45:23.860 [JavaFX Application Thread] DEBUG GameApplicationServi - Removing overlay from GameMainMenu and adding to FXGLMainMenuDummyScene
23:45:23.862 [JavaFX Application Thread] DEBUG PrimaryStageWindow   - FXGLMainMenuDummyScene <- GameMainMenu
23:45:23.862 [JavaFX Application Thread] DEBUG Input                - Clearing active input actions
23:45:23.868 [JavaFX Application Thread] DEBUG GameApplicationServi - Removing overlay from FXGLMainMenuDummyScene and adding to FXGLLoadingScene
23:45:23.869 [JavaFX Application Thread] DEBUG PrimaryStageWindow   - FXGLMainMenuDummyScene -> FXGLLoadingScene
23:45:23.869 [JavaFX Application Thread] DEBUG GameApplicationServi - Clearing previous game
23:45:23.869 [JavaFX Application Thread] DEBUG GameScene            - Clearing game scene
23:45:23.869 [JavaFX Application Thread] DEBUG GameWorld            - Clearing game world
23:45:23.869 [JavaFX Application Thread] DEBUG PhysicsWorld         - Clearing physics world
23:45:23.870 [FXGL Background Thread 2 ] DEBUG FXGLApplication      - Initializing game
23:45:23.915 [FXGL Background Thread 2 ] WARN  TMXLevelLoader       - TiledMap generated from 1.10.2. Supported version: 1.9.0. Some features may not be parsed fully.
23:45:23.977 [FXGL Background Thread 2 ] DEBUG TMXLevelLoader       - Parsed TiledMap: file:/C:/Users/User/IdeaProjects/CSIT228-F3-Finals/target/classes/assets/levels/tmx/2DGameTiledMap.tmx
23:45:23.980 [FXGL Background Thread 2 ] DEBUG TMXLevelLoader       - Creating tile layer entities
23:45:23.983 [FXGL Background Thread 2 ] DEBUG TilesetLoader        - Loading view for layer floor
23:45:23.989 [FXGL Background Thread 2 ] DEBUG TilesetLoader        - Created buffer with size 2304.0x2304.0
23:45:24.086 [FXGL Background Thread 2 ] DEBUG TilesetLoader        - Loading view for layer stuff
23:45:24.092 [FXGL Background Thread 2 ] DEBUG TilesetLoader        - Created buffer with size 2304.0x2304.0
23:45:24.102 [FXGL Background Thread 2 ] DEBUG TilesetLoader        - Loading view for layer decor
23:45:24.109 [FXGL Background Thread 2 ] DEBUG TilesetLoader        - Created buffer with size 2304.0x2304.0
23:45:24.116 [FXGL Background Thread 2 ] DEBUG TilesetLoader        - Loading view for layer more
23:45:24.124 [FXGL Background Thread 2 ] DEBUG TilesetLoader        - Created buffer with size 2304.0x2304.0
23:45:24.126 [FXGL Background Thread 2 ] DEBUG TMXLevelLoader       - Creating object layer entities
23:45:24.158 [FXGL Background Thread 2 ] DEBUG FXGLAssetLoaderServi - Loading from file system: file:/C:/Users/User/IdeaProjects/CSIT228-F3-Finals/target/classes/assets/textures/background/torch.gif
23:45:24.240 [FXGL Background Thread 2 ] DEBUG FXGLAssetLoaderServi - Loading from file system: file:/C:/Users/User/IdeaProjects/CSIT228-F3-Finals/target/classes/assets/textures/background/eyes-hole.gif
23:45:24.289 [FXGL Background Thread 2 ] DEBUG GameWorld            - Clearing removable entities
23:45:24.290 [FXGL Background Thread 2 ] DEBUG GameWorld            - Setting level: com.almasb.fxgl.entity.level.Level@5c1cb925
23:45:24.297 [FXGL Background Thread 2 ] DEBUG FXGLAssetLoaderServi - Loading from file system: file:/C:/Users/User/IdeaProjects/CSIT228-F3-Finals/target/classes/assets/textures/player/lecatmoves.png
23:45:24.298 [FXGL Background Thread 2 ] DEBUG FXGLAssetLoaderServi - Loading from file system: file:/C:/Users/User/IdeaProjects/CSIT228-F3-Finals/target/classes/assets/textures/player/CatOne.png
23:45:24.300 [FXGL Background Thread 2 ] DEBUG FXGLAssetLoaderServi - Loading from file system: file:/C:/Users/User/IdeaProjects/CSIT228-F3-Finals/target/classes/assets/textures/player/CatThree.png
23:45:24.301 [FXGL Background Thread 2 ] DEBUG FXGLAssetLoaderServi - Loading from file system: file:/C:/Users/User/IdeaProjects/CSIT228-F3-Finals/target/classes/assets/textures/player/CatFour.png
23:45:24.326 [FXGL Background Thread 2 ] INFO  FXGLApplication      - Game initialization took: 0.455 sec
23:45:24.334 [JavaFX Application Thread] DEBUG Input                - Clearing active input actions
23:45:24.341 [JavaFX Application Thread] DEBUG GameApplicationServi - Removing overlay from FXGLLoadingScene and adding to GameScene
23:45:24.346 [JavaFX Application Thread] DEBUG PrimaryStageWindow   - FXGLLoadingScene -> GameScene
23:45:24.472 [FXGL Background Thread 3 ] DEBUG Engine               - Logging environment variables
23:45:24.473 [FXGL Background Thread 3 ] DEBUG Engine               - achievements: []
23:45:24.473 [FXGL Background Thread 3 ] DEBUG Engine               - actualHeight: 720.0
23:45:24.473 [FXGL Background Thread 3 ] DEBUG Engine               - actualHeightProperty: ReadOnlyDoubleProperty [value: 720.0]
23:45:24.473 [FXGL Background Thread 3 ] DEBUG Engine               - actualWidth: 720.0
23:45:24.474 [FXGL Background Thread 3 ] DEBUG Engine               - actualWidthProperty: ReadOnlyDoubleProperty [value: 720.0]
23:45:24.474 [FXGL Background Thread 3 ] DEBUG Engine               - appIcon: fxgl_icon.png
23:45:24.474 [FXGL Background Thread 3 ] DEBUG Engine               - applicationMode: DEVELOPER
23:45:24.474 [FXGL Background Thread 3 ] DEBUG Engine               - cSSList: [fxgl_dark.css]
23:45:24.474 [FXGL Background Thread 3 ] DEBUG Engine               - collisionDetectionStrategy: BRUTE_FORCE
23:45:24.474 [FXGL Background Thread 3 ] DEBUG Engine               - configClass: Optional[class com.example.flat2d.Misc.Config]
23:45:24.474 [FXGL Background Thread 3 ] DEBUG Engine               - credits: []
23:45:24.475 [FXGL Background Thread 3 ] DEBUG Engine               - defaultCursor: CursorInfo(imageName=fxgl_default_cursor.png, hotspotX=7.0, hotspotY=6.0)
23:45:24.475 [FXGL Background Thread 3 ] DEBUG Engine               - devBBoxColorProperty: ObjectProperty [value: 0xff0000ff]
23:45:24.475 [FXGL Background Thread 3 ] DEBUG Engine               - devEnableDebugCameraProperty: BooleanProperty [value: false]
23:45:24.475 [FXGL Background Thread 3 ] DEBUG Engine               - devSensorColorProperty: ObjectProperty [value: 0xffff00ff]
23:45:24.475 [FXGL Background Thread 3 ] DEBUG Engine               - devShowBBoxProperty: BooleanProperty [value: false]
23:45:24.475 [FXGL Background Thread 3 ] DEBUG Engine               - devShowPositionProperty: BooleanProperty [value: false]
23:45:24.475 [FXGL Background Thread 3 ] DEBUG Engine               - enabledMenuItems: []
23:45:24.476 [FXGL Background Thread 3 ] DEBUG Engine               - engineServices: [class com.almasb.fxgl.app.services.FXGLAssetLoaderService, class com.almasb.fxgl.app.FXGLApplication$GameApplicationService, class com.almasb.fxgl.app.services.FXGLDialogService, class com.almasb.fxgl.app.services.IOTaskExecutorService, class com.almasb.fxgl.io.FileSystemService, class com.almasb.fxgl.localization.LocalizationService, class com.almasb.fxgl.app.services.SystemBundleService, class com.almasb.fxgl.profile.SaveLoadService, class com.almasb.fxgl.ui.FXGLUIFactoryServiceProvider, class com.almasb.fxgl.ui.FXGLDialogFactoryServiceProvider, class com.almasb.fxgl.audio.AudioPlayer, class com.almasb.fxgl.notification.impl.NotificationServiceProvider, class com.almasb.fxgl.achievement.AchievementService, class com.almasb.fxgl.cutscene.CutsceneService, class com.almasb.fxgl.minigames.MiniGameService, class com.almasb.fxgl.net.NetService, class com.almasb.fxgl.app.services.UpdaterService, class com.almasb.fxgl.dev.DevService]
23:45:24.476 [FXGL Background Thread 3 ] DEBUG Engine               - fontGame: Abel-Regular.ttf
23:45:24.476 [FXGL Background Thread 3 ] DEBUG Engine               - fontMono: TerminalLandMono-Regular.otf
23:45:24.476 [FXGL Background Thread 3 ] DEBUG Engine               - fontSizeScaleUI: 1.0
23:45:24.476 [FXGL Background Thread 3 ] DEBUG Engine               - fontText: Courier-Prime.ttf
23:45:24.476 [FXGL Background Thread 3 ] DEBUG Engine               - fontUI: VarelaRound-Regular.ttf
23:45:24.476 [FXGL Background Thread 3 ] DEBUG Engine               - fullScreen: BooleanProperty [value: false]
23:45:24.476 [FXGL Background Thread 3 ] DEBUG Engine               - gameDifficulty: MEDIUM
23:45:24.476 [FXGL Background Thread 3 ] DEBUG Engine               - gameDifficultyProperty: ObjectProperty [value: MEDIUM]
23:45:24.476 [FXGL Background Thread 3 ] DEBUG Engine               - globalMusicVolume: 0.5
23:45:24.476 [FXGL Background Thread 3 ] DEBUG Engine               - globalMusicVolumeProperty: DoubleProperty [value: 0.5]
23:45:24.476 [FXGL Background Thread 3 ] DEBUG Engine               - globalSoundVolume: 0.5
23:45:24.476 [FXGL Background Thread 3 ] DEBUG Engine               - globalSoundVolumeProperty: DoubleProperty [value: 0.25]
23:45:24.476 [FXGL Background Thread 3 ] DEBUG Engine               - height: 720
23:45:24.476 [FXGL Background Thread 3 ] DEBUG Engine               - is3D: false
23:45:24.477 [FXGL Background Thread 3 ] DEBUG Engine               - isAndroid: false
23:45:24.477 [FXGL Background Thread 3 ] DEBUG Engine               - isBrowser: false
23:45:24.477 [FXGL Background Thread 3 ] DEBUG Engine               - isClickFeedbackEnabled: false
23:45:24.477 [FXGL Background Thread 3 ] DEBUG Engine               - isCloseConfirmation: false
23:45:24.477 [FXGL Background Thread 3 ] DEBUG Engine               - isDesktop: true
23:45:24.477 [FXGL Background Thread 3 ] DEBUG Engine               - isDeveloperMenuEnabled: true
23:45:24.477 [FXGL Background Thread 3 ] DEBUG Engine               - isEmbedded: false
23:45:24.477 [FXGL Background Thread 3 ] DEBUG Engine               - isEntityPreloadEnabled: true
23:45:24.477 [FXGL Background Thread 3 ] DEBUG Engine               - isExperimentalTiledLargeMap: false
23:45:24.477 [FXGL Background Thread 3 ] DEBUG Engine               - isFileSystemWriteAllowed: true
23:45:24.477 [FXGL Background Thread 3 ] DEBUG Engine               - isFullScreenAllowed: false
23:45:24.477 [FXGL Background Thread 3 ] DEBUG Engine               - isFullScreenFromStart: false
23:45:24.477 [FXGL Background Thread 3 ] DEBUG Engine               - isGameMenuEnabled: true
23:45:24.478 [FXGL Background Thread 3 ] DEBUG Engine               - isIOS: false
23:45:24.478 [FXGL Background Thread 3 ] DEBUG Engine               - isIntroEnabled: false
23:45:24.478 [FXGL Background Thread 3 ] DEBUG Engine               - isLinux: false
23:45:24.478 [FXGL Background Thread 3 ] DEBUG Engine               - isMac: false
23:45:24.478 [FXGL Background Thread 3 ] DEBUG Engine               - isMainMenuEnabled: true
23:45:24.478 [FXGL Background Thread 3 ] DEBUG Engine               - isManualResizeEnabled: false
23:45:24.478 [FXGL Background Thread 3 ] DEBUG Engine               - isMobile: false
23:45:24.478 [FXGL Background Thread 3 ] DEBUG Engine               - isNative: false
23:45:24.478 [FXGL Background Thread 3 ] DEBUG Engine               - isPauseMusicWhenMinimized: true
23:45:24.478 [FXGL Background Thread 3 ] DEBUG Engine               - isPreserveResizeRatio: false
23:45:24.478 [FXGL Background Thread 3 ] DEBUG Engine               - isProfilingEnabled: false
23:45:24.478 [FXGL Background Thread 3 ] DEBUG Engine               - isScaleAffectedOnResize: true
23:45:24.478 [FXGL Background Thread 3 ] DEBUG Engine               - isSingleStep: false
23:45:24.479 [FXGL Background Thread 3 ] DEBUG Engine               - isUserProfileEnabled: false
23:45:24.480 [FXGL Background Thread 3 ] DEBUG Engine               - isWindows: true
23:45:24.480 [FXGL Background Thread 3 ] DEBUG Engine               - language: ObjectProperty [value: ENGLISH]
23:45:24.480 [FXGL Background Thread 3 ] DEBUG Engine               - menuKey: ESCAPE
23:45:24.480 [FXGL Background Thread 3 ] DEBUG Engine               - mouseSensitivity: 0.2
23:45:24.480 [FXGL Background Thread 3 ] DEBUG Engine               - notificationViewClass: class com.almasb.fxgl.notification.view.XboxNotificationView
23:45:24.480 [FXGL Background Thread 3 ] DEBUG Engine               - pixelsPerMeter: 50.0
23:45:24.480 [FXGL Background Thread 3 ] DEBUG Engine               - platform: WINDOWS
23:45:24.480 [FXGL Background Thread 3 ] DEBUG Engine               - prefHeightProperty: ReadOnlyDoubleProperty [value: 720.0]
23:45:24.480 [FXGL Background Thread 3 ] DEBUG Engine               - prefWidthProperty: ReadOnlyDoubleProperty [value: 720.0]
23:45:24.480 [FXGL Background Thread 3 ] DEBUG Engine               - profileDir: profiles/
23:45:24.480 [FXGL Background Thread 3 ] DEBUG Engine               - profileName: StringProperty [value: DEFAULT]
23:45:24.480 [FXGL Background Thread 3 ] DEBUG Engine               - randomSeed: -1
23:45:24.481 [FXGL Background Thread 3 ] DEBUG Engine               - runtimeInfo: RuntimeInfo(platform=WINDOWS, version=17.3, build=30.03.2023 11.49)
23:45:24.481 [FXGL Background Thread 3 ] DEBUG Engine               - saveFileExt: sav
23:45:24.481 [FXGL Background Thread 3 ] DEBUG Engine               - scaledHeightProp$fxgl: DoubleProperty [bound, value: 720.0]
23:45:24.481 [FXGL Background Thread 3 ] DEBUG Engine               - scaledWidthProp$fxgl: DoubleProperty [bound, value: 720.0]
23:45:24.481 [FXGL Background Thread 3 ] DEBUG Engine               - sceneFactory: com.example.flat2d.GameApp$1@c474787
23:45:24.481 [FXGL Background Thread 3 ] DEBUG Engine               - secondsIn24h: 60
23:45:24.481 [FXGL Background Thread 3 ] DEBUG Engine               - soundMenuBack: menu/back.wav
23:45:24.482 [FXGL Background Thread 3 ] DEBUG Engine               - soundMenuPress: menu/press.wav
23:45:24.482 [FXGL Background Thread 3 ] DEBUG Engine               - soundMenuSelect: menu/select.wav
23:45:24.482 [FXGL Background Thread 3 ] DEBUG Engine               - soundNotification: core/notification.wav
23:45:24.482 [FXGL Background Thread 3 ] DEBUG Engine               - stageStyle: DECORATED
23:45:24.483 [FXGL Background Thread 3 ] DEBUG Engine               - supportedLanguages: [ENGLISH, FRENCH, GERMAN, HUNGARIAN, RUSSIAN]
23:45:24.483 [FXGL Background Thread 3 ] DEBUG Engine               - ticksPerSecond: -1
23:45:24.483 [FXGL Background Thread 3 ] DEBUG Engine               - title: Adventures of Sir Vim Zarado
23:45:24.483 [FXGL Background Thread 3 ] DEBUG Engine               - urlGithub: https://github.com/AlmasB/FXGL
23:45:24.483 [FXGL Background Thread 3 ] DEBUG Engine               - urlLeaderboard: http://fxgl-top.herokuapp.com/
23:45:24.483 [FXGL Background Thread 3 ] DEBUG Engine               - urlPOM: https://raw.githubusercontent.com/AlmasB/FXGL/release/README.md
23:45:24.483 [FXGL Background Thread 3 ] DEBUG Engine               - userAppClass: class com.example.flat2d.GameApp
23:45:24.483 [FXGL Background Thread 3 ] DEBUG Engine               - version: 0.0
23:45:24.483 [FXGL Background Thread 3 ] DEBUG Engine               - versionCheckDays: 7
23:45:24.483 [FXGL Background Thread 3 ] DEBUG Engine               - width: 720
23:45:24.483 [FXGL Background Thread 3 ] DEBUG Engine               - Logging services
23:45:24.483 [FXGL Background Thread 3 ] DEBUG Engine               - class com.almasb.fxgl.app.services.FXGLAssetLoaderService
23:45:24.483 [FXGL Background Thread 3 ] DEBUG Engine               - class com.almasb.fxgl.app.FXGLApplication$GameApplicationService
23:45:24.483 [FXGL Background Thread 3 ] DEBUG Engine               - class com.almasb.fxgl.app.services.FXGLDialogService
23:45:24.483 [FXGL Background Thread 3 ] DEBUG Engine               - class com.almasb.fxgl.app.services.IOTaskExecutorService
23:45:24.483 [FXGL Background Thread 3 ] DEBUG Engine               - class com.almasb.fxgl.io.FileSystemService
23:45:24.484 [FXGL Background Thread 3 ] DEBUG Engine               - class com.almasb.fxgl.localization.LocalizationService
23:45:24.484 [FXGL Background Thread 3 ] DEBUG Engine               - class com.almasb.fxgl.app.services.SystemBundleService
23:45:24.484 [FXGL Background Thread 3 ] DEBUG Engine               - class com.almasb.fxgl.profile.SaveLoadService
23:45:24.484 [FXGL Background Thread 3 ] DEBUG Engine               - class com.almasb.fxgl.ui.FXGLUIFactoryServiceProvider
23:45:24.484 [FXGL Background Thread 3 ] DEBUG Engine               - class com.almasb.fxgl.ui.FXGLDialogFactoryServiceProvider
23:45:24.484 [FXGL Background Thread 3 ] DEBUG Engine               - class com.almasb.fxgl.audio.AudioPlayer
23:45:24.484 [FXGL Background Thread 3 ] DEBUG Engine               - class com.almasb.fxgl.notification.impl.NotificationServiceProvider
23:45:24.484 [FXGL Background Thread 3 ] DEBUG Engine               - class com.almasb.fxgl.achievement.AchievementService
23:45:24.484 [FXGL Background Thread 3 ] DEBUG Engine               - class com.almasb.fxgl.cutscene.CutsceneService
23:45:24.484 [FXGL Background Thread 3 ] DEBUG Engine               - class com.almasb.fxgl.minigames.MiniGameService
23:45:24.484 [FXGL Background Thread 3 ] DEBUG Engine               - class com.almasb.fxgl.net.NetService
23:45:24.484 [FXGL Background Thread 3 ] DEBUG Engine               - class com.almasb.fxgl.app.services.UpdaterService
23:45:24.484 [FXGL Background Thread 3 ] DEBUG Engine               - class com.almasb.fxgl.dev.DevService
23:45:24.981 [JavaFX Application Thread] DEBUG FXGLAssetLoaderServi - Loading from file system: file:/C:/Users/User/IdeaProjects/CSIT228-F3-Finals/target/classes/assets/textures/skill/spr_bullet_strip.png
23:45:55.705 [JavaFX Application Thread] DEBUG FXGLApplication      - Exiting FXGL
23:45:55.705 [JavaFX Application Thread] DEBUG LoopRunner           - Stopping loop
23:45:55.706 [JavaFX Application Thread] DEBUG SystemBundleService  - Saving FXGL system data
23:45:55.708 [JavaFX Application Thread] DEBUG FileSystemAccess     - Writing to: C:\Users\User\IdeaProjects\CSIT228-F3-Finals\system\fxgl.bundle
23:45:55.711 [JavaFX Application Thread] DEBUG Async                - Shutting down background threads
23:45:55.711 [JavaFX Application Thread] DEBUG PrimaryStageWindow   - Closing main window
23:45:55.726 [JavaFX Application Thread] DEBUG Logger               - Closing Logger
