17:33:14.169 [main                     ] DEBUG Logger               - Configured Logger
17:33:14.199 [main                     ] DEBUG GameApplication      - Logging settings
Title: Adventures of Sir Vim Zarado
Version: 0.0
Width: 720
Height: 720
Fullscreen: false
Intro: false
Profiling: false
Single step:false
App Mode: DEVELOPER
Menu Key: ESCAPE
Stage Style: DECORATED
Scene Factory: class com.example.flat2d.GameApp$1

17:33:14.579 [JavaFX Application Thread] DEBUG FXGLApplication      - Initializing FXGL
17:33:14.584 [JavaFX Application Thread] INFO  Engine               - FXGL-17.3 (30.03.2023 11.49) on WINDOWS (J:21 FX:21)
17:33:14.584 [JavaFX Application Thread] DEBUG Engine               - JRE Vendor Name: Oracle Corporation
17:33:14.585 [JavaFX Application Thread] DEBUG Engine               - Running on OS: Windows 10 version 10.0
17:33:14.585 [JavaFX Application Thread] DEBUG Engine               - Architecture: amd64
17:33:14.585 [JavaFX Application Thread] INFO  Engine               - Source code and latest versions at: https://github.com/AlmasB/FXGL
17:33:14.585 [JavaFX Application Thread] INFO  Engine               -       Ask questions and discuss at: https://github.com/AlmasB/FXGL/discussions
17:33:14.585 [JavaFX Application Thread] INFO  Engine               -              Join the FXGL chat at: https://gitter.im/AlmasB/FXGL
17:33:14.695 [JavaFX Application Thread] DEBUG PrimaryStageWindow   - Creating a JavaFX scene
17:33:14.771 [JavaFX Application Thread] DEBUG PrimaryStageWindow   - Target settings size: 720.0 x 720.0
17:33:14.771 [JavaFX Application Thread] DEBUG PrimaryStageWindow   - Scaled scene size:    720.0 x 720.0
17:33:14.772 [JavaFX Application Thread] DEBUG PrimaryStageWindow   - Scaled ratio: (1.0, 1.0)
17:33:14.773 [JavaFX Application Thread] DEBUG PrimaryStageWindow   - Set initial scene to FXGLStartupScene
17:33:14.777 [JavaFX Application Thread] DEBUG PrimaryStageWindow   - Opening main window
17:33:14.870 [JavaFX Application Thread] DEBUG PrimaryStageWindow   - Window border size: (16.0, 39.0)
17:33:14.871 [JavaFX Application Thread] DEBUG PrimaryStageWindow   - Scaled size: 720.0 x 720.0
17:33:14.871 [JavaFX Application Thread] DEBUG PrimaryStageWindow   - Scaled ratio: (1.0, 1.0)
17:33:14.871 [JavaFX Application Thread] DEBUG PrimaryStageWindow   - Scene size: 720.0 x 720.0
17:33:14.872 [JavaFX Application Thread] DEBUG PrimaryStageWindow   - Stage size: 736.0 x 759.0
17:33:14.882 [FXGL Background Thread 1 ] DEBUG Engine               - Initializing environment variables
17:33:14.948 [FXGL Background Thread 1 ] DEBUG FXGLAssetLoaderServi - User app class for loading assets: class com.example.flat2d.GameApp
17:33:14.948 [FXGL Background Thread 1 ] DEBUG GameApplicationServi - Applying CSS: fxgl_dark.css
17:33:14.950 [FXGL Background Thread 1 ] DEBUG FXGLAssetLoaderServi - Loading from file system: jar:file:///C:/Users/USER/.m2/repository/com/github/almasb/fxgl/17.3/fxgl-17.3.jar!/fxglassets/ui/css/fxgl_dark.css
17:33:15.011 [FXGL Background Thread 1 ] DEBUG GameApplicationServi - Initializing application scenes
17:33:15.122 [FXGL Background Thread 1 ] DEBUG GameWorld            - Game world initialized
17:33:15.198 [FXGL Background Thread 1 ] DEBUG PhysicsWorld         - Physics world initialized: appHeight=720, physics.ppm=50.0
17:33:15.198 [FXGL Background Thread 1 ] DEBUG PhysicsWorld         - Using strategy: BRUTE_FORCE
17:33:15.202 [FXGL Background Thread 1 ] DEBUG GameScene            - Game scene initialized: 720x720
17:33:15.206 [FXGL Background Thread 1 ] DEBUG FXGLAssetLoaderServi - Loading from file system: file:/C:/Users/USER/IdeaProjects/CSIT228-F3-Finals/target/classes/assets/textures/background/backg.jpg
17:33:15.262 [FXGL Background Thread 1 ] DEBUG FXGLAssetLoaderServi - Loading from file system: file:/C:/Users/USER/IdeaProjects/CSIT228-F3-Finals/target/classes/assets/textures/profile-pic.jpg
17:33:15.277 [FXGL Background Thread 1 ] WARN  FXGL.DefaultMenu     - FXGLDefaultMenu is not designed for resolutions < 800x600
17:33:15.277 [FXGL Background Thread 1 ] DEBUG FXGL.DefaultMenu     - createMenuBodyGameMenu()
17:33:15.293 [FXGL Background Thread 1 ] DEBUG FXGL.DefaultMenu     - createOptionsMenu()
17:33:15.302 [FXGL Background Thread 1 ] DEBUG FXGLAssetLoaderServi - Loading from file system: jar:file:///C:/Users/USER/.m2/repository/com/github/almasb/fxgl/17.3/fxgl-17.3.jar!/fxglassets/textures/particles/smoke.png
17:33:15.406 [FXGL Background Thread 1 ] DEBUG FXGLAssetLoaderServi - Loading from file system: jar:file:///C:/Users/USER/.m2/repository/com/github/almasb/fxgl/17.3/fxgl-17.3.jar!/fxglassets/textures/particles/trace_horizontal.png
17:33:15.450 [FXGL Background Thread 1 ] DEBUG GameApplicationServi - Application scenes initialized
17:33:15.465 [FXGL Background Thread 1 ] DEBUG SystemBundleService  - Loading FXGL system data
17:33:15.470 [FXGL Background Thread 1 ] DEBUG FileSystemAccess     - Reading from: C:\Users\USER\IdeaProjects\CSIT228-F3-Finals\system\fxgl.bundle
17:33:15.482 [FXGL Background Thread 1 ] DEBUG SystemBundleService  - Bundle FXGL: {}
17:33:15.483 [FXGL Background Thread 1 ] DEBUG UpdaterService       - Checking for updates
17:33:15.513 [FXGL Background Thread 4 ] DEBUG FXGLApplication      - Loading fonts
17:33:15.513 [FXGL Background Thread 1 ] DEBUG FXGLApplication      - Loading default localization
17:33:15.514 [FXGL Background Thread 1 ] DEBUG FXGLAssetLoaderServi - Loading from file system: jar:file:///C:/Users/USER/.m2/repository/com/github/almasb/fxgl/17.3/fxgl-17.3.jar!/fxglassets/languages/english.lang
17:33:15.514 [FXGL Background Thread 4 ] DEBUG FXGLAssetLoaderServi - Loading from file system: jar:file:///C:/Users/USER/.m2/repository/com/github/almasb/fxgl/17.3/fxgl-17.3.jar!/fxglassets/ui/fonts/VarelaRound-Regular.ttf
17:33:15.539 [FXGL Background Thread 1 ] INFO  FXGLApplication      - FXGL initialization took: 0.656 sec
17:33:15.549 [JavaFX Application Thread] DEBUG Input                - Registered new binding: Up - W
17:33:15.549 [JavaFX Application Thread] DEBUG Input                - Registered new binding: Right - D
17:33:15.549 [JavaFX Application Thread] DEBUG Input                - Registered new binding: Left - A
17:33:15.550 [JavaFX Application Thread] DEBUG Input                - Registered new binding: Down - S
17:33:15.551 [JavaFX Application Thread] DEBUG Input                - Registered new binding: IDK - RMB
17:33:15.552 [JavaFX Application Thread] DEBUG FXGLAssetLoaderServi - Loading from file system: file:/C:/Users/USER/IdeaProjects/CSIT228-F3-Finals/target/classes/assets/music/opening.mp3
17:33:15.669 [FXGL Background Thread 4 ] DEBUG FXGLAssetLoaderServi - Loading from file system: jar:file:///C:/Users/USER/.m2/repository/com/github/almasb/fxgl/17.3/fxgl-17.3.jar!/fxglassets/ui/fonts/Abel-Regular.ttf
17:33:15.752 [FXGL Background Thread 4 ] DEBUG FXGLAssetLoaderServi - Loading from file system: jar:file:///C:/Users/USER/.m2/repository/com/github/almasb/fxgl/17.3/fxgl-17.3.jar!/fxglassets/ui/fonts/TerminalLandMono-Regular.otf
17:33:15.773 [FXGL Background Thread 4 ] DEBUG FXGLAssetLoaderServi - Loading from file system: jar:file:///C:/Users/USER/.m2/repository/com/github/almasb/fxgl/17.3/fxgl-17.3.jar!/fxglassets/ui/fonts/Courier-Prime.ttf
17:33:15.815 [JavaFX Application Thread] DEBUG AudioPlayer          - Playing music com.almasb.fxgl.audio.Music@55d490a2
17:33:15.815 [JavaFX Application Thread] DEBUG FXGLAssetLoaderServi - Loading from file system: jar:file:///C:/Users/USER/.m2/repository/com/github/almasb/fxgl/17.3/fxgl-17.3.jar!/fxglassets/textures/fxgl_icon.png
17:33:15.859 [JavaFX Application Thread] DEBUG FXGLAssetLoaderServi - Loading from file system: jar:file:///C:/Users/USER/.m2/repository/com/github/almasb/fxgl/17.3/fxgl-17.3.jar!/fxglassets/textures/fxgl_default_cursor.png
17:33:15.863 [JavaFX Application Thread] DEBUG Input                - Registered new binding: Screenshot - CTRL+8
17:33:15.863 [JavaFX Application Thread] DEBUG Input                - Registered new binding: Dev Options - 1
17:33:15.864 [JavaFX Application Thread] DEBUG Input                - Registered new binding: Dev Console - 2
17:33:15.865 [JavaFX Application Thread] DEBUG Input                - Registered new binding: System info dump - CTRL+9
17:33:15.866 [JavaFX Application Thread] DEBUG Input                - Registered new binding: Restart - CTRL+R
17:33:15.866 [JavaFX Application Thread] DEBUG Input                - Registered new binding: Toggle Debug Camera - CTRL+7
17:33:15.870 [JavaFX Application Thread] DEBUG LoopRunner           - Starting loop
17:33:15.877 [JavaFX Application Thread] DEBUG LoopRunner           - Initializing JavaFX AnimationTimerLoop
17:33:15.882 [JavaFX Application Thread] DEBUG Input                - Clearing active input actions
17:33:15.899 [JavaFX Application Thread] DEBUG GameApplicationServi - Removing overlay from FXGLStartupScene and adding to FXGLMainMenuDummyScene
17:33:15.905 [JavaFX Application Thread] DEBUG PrimaryStageWindow   - FXGLStartupScene -> FXGLMainMenuDummyScene
17:33:15.905 [JavaFX Application Thread] DEBUG PrimaryStageWindow   - Push state: GameMainMenu
17:33:15.906 [JavaFX Application Thread] DEBUG Input                - Clearing active input actions
17:33:15.914 [JavaFX Application Thread] DEBUG GameApplicationServi - Removing overlay from FXGLMainMenuDummyScene and adding to GameMainMenu
17:33:15.915 [JavaFX Application Thread] DEBUG PrimaryStageWindow   - FXGLMainMenuDummyScene -> GameMainMenu
17:33:15.916 [JavaFX Application Thread] DEBUG FXGLApplication      - Registering font factories with UI factory
17:33:16.318 [FXGL Background Thread 2 ] INFO  UpdaterService       - Your current version:  17.3
17:33:16.318 [FXGL Background Thread 2 ] INFO  UpdaterService       - Latest stable version: 21.1
17:33:18.512 [FXGL Background Thread 3 ] DEBUG Engine               - Logging environment variables
17:33:18.512 [FXGL Background Thread 3 ] DEBUG Engine               - achievements: []
17:33:18.512 [FXGL Background Thread 3 ] DEBUG Engine               - actualHeight: 720.0
17:33:18.512 [FXGL Background Thread 3 ] DEBUG Engine               - actualHeightProperty: ReadOnlyDoubleProperty [value: 720.0]
17:33:18.513 [FXGL Background Thread 3 ] DEBUG Engine               - actualWidth: 720.0
17:33:18.513 [FXGL Background Thread 3 ] DEBUG Engine               - actualWidthProperty: ReadOnlyDoubleProperty [value: 720.0]
17:33:18.513 [FXGL Background Thread 3 ] DEBUG Engine               - appIcon: fxgl_icon.png
17:33:18.513 [FXGL Background Thread 3 ] DEBUG Engine               - applicationMode: DEVELOPER
17:33:18.513 [FXGL Background Thread 3 ] DEBUG Engine               - cSSList: [fxgl_dark.css]
17:33:18.513 [FXGL Background Thread 3 ] DEBUG Engine               - collisionDetectionStrategy: BRUTE_FORCE
17:33:18.513 [FXGL Background Thread 3 ] DEBUG Engine               - configClass: Optional.empty
17:33:18.513 [FXGL Background Thread 3 ] DEBUG Engine               - credits: []
17:33:18.514 [FXGL Background Thread 3 ] DEBUG Engine               - defaultCursor: CursorInfo(imageName=fxgl_default_cursor.png, hotspotX=7.0, hotspotY=6.0)
17:33:18.514 [FXGL Background Thread 3 ] DEBUG Engine               - devBBoxColorProperty: ObjectProperty [value: 0xff0000ff]
17:33:18.514 [FXGL Background Thread 3 ] DEBUG Engine               - devEnableDebugCameraProperty: BooleanProperty [value: false]
17:33:18.514 [FXGL Background Thread 3 ] DEBUG Engine               - devSensorColorProperty: ObjectProperty [value: 0xffff00ff]
17:33:18.514 [FXGL Background Thread 3 ] DEBUG Engine               - devShowBBoxProperty: BooleanProperty [value: false]
17:33:18.514 [FXGL Background Thread 3 ] DEBUG Engine               - devShowPositionProperty: BooleanProperty [value: false]
17:33:18.515 [FXGL Background Thread 3 ] DEBUG Engine               - enabledMenuItems: []
17:33:18.515 [FXGL Background Thread 3 ] DEBUG Engine               - engineServices: [class com.almasb.fxgl.app.services.FXGLAssetLoaderService, class com.almasb.fxgl.app.FXGLApplication$GameApplicationService, class com.almasb.fxgl.app.services.FXGLDialogService, class com.almasb.fxgl.app.services.IOTaskExecutorService, class com.almasb.fxgl.io.FileSystemService, class com.almasb.fxgl.localization.LocalizationService, class com.almasb.fxgl.app.services.SystemBundleService, class com.almasb.fxgl.profile.SaveLoadService, class com.almasb.fxgl.ui.FXGLUIFactoryServiceProvider, class com.almasb.fxgl.ui.FXGLDialogFactoryServiceProvider, class com.almasb.fxgl.audio.AudioPlayer, class com.almasb.fxgl.notification.impl.NotificationServiceProvider, class com.almasb.fxgl.achievement.AchievementService, class com.almasb.fxgl.cutscene.CutsceneService, class com.almasb.fxgl.minigames.MiniGameService, class com.almasb.fxgl.net.NetService, class com.almasb.fxgl.app.services.UpdaterService, class com.almasb.fxgl.dev.DevService]
17:33:18.515 [FXGL Background Thread 3 ] DEBUG Engine               - fontGame: Abel-Regular.ttf
17:33:18.515 [FXGL Background Thread 3 ] DEBUG Engine               - fontMono: TerminalLandMono-Regular.otf
17:33:18.515 [FXGL Background Thread 3 ] DEBUG Engine               - fontSizeScaleUI: 1.0
17:33:18.515 [FXGL Background Thread 3 ] DEBUG Engine               - fontText: Courier-Prime.ttf
17:33:18.515 [FXGL Background Thread 3 ] DEBUG Engine               - fontUI: VarelaRound-Regular.ttf
17:33:18.515 [FXGL Background Thread 3 ] DEBUG Engine               - fullScreen: BooleanProperty [value: false]
17:33:18.515 [FXGL Background Thread 3 ] DEBUG Engine               - gameDifficulty: MEDIUM
17:33:18.515 [FXGL Background Thread 3 ] DEBUG Engine               - gameDifficultyProperty: ObjectProperty [value: MEDIUM]
17:33:18.515 [FXGL Background Thread 3 ] DEBUG Engine               - globalMusicVolume: 0.5
17:33:18.516 [FXGL Background Thread 3 ] DEBUG Engine               - globalMusicVolumeProperty: DoubleProperty [value: 0.5]
17:33:18.516 [FXGL Background Thread 3 ] DEBUG Engine               - globalSoundVolume: 0.5
17:33:18.516 [FXGL Background Thread 3 ] DEBUG Engine               - globalSoundVolumeProperty: DoubleProperty [value: 0.25]
17:33:18.516 [FXGL Background Thread 3 ] DEBUG Engine               - height: 720
17:33:18.516 [FXGL Background Thread 3 ] DEBUG Engine               - is3D: false
17:33:18.516 [FXGL Background Thread 3 ] DEBUG Engine               - isAndroid: false
17:33:18.516 [FXGL Background Thread 3 ] DEBUG Engine               - isBrowser: false
17:33:18.516 [FXGL Background Thread 3 ] DEBUG Engine               - isClickFeedbackEnabled: false
17:33:18.516 [FXGL Background Thread 3 ] DEBUG Engine               - isCloseConfirmation: false
17:33:18.516 [FXGL Background Thread 3 ] DEBUG Engine               - isDesktop: true
17:33:18.516 [FXGL Background Thread 3 ] DEBUG Engine               - isDeveloperMenuEnabled: true
17:33:18.516 [FXGL Background Thread 3 ] DEBUG Engine               - isEmbedded: false
17:33:18.517 [FXGL Background Thread 3 ] DEBUG Engine               - isEntityPreloadEnabled: true
17:33:18.517 [FXGL Background Thread 3 ] DEBUG Engine               - isExperimentalTiledLargeMap: false
17:33:18.517 [FXGL Background Thread 3 ] DEBUG Engine               - isFileSystemWriteAllowed: true
17:33:18.517 [FXGL Background Thread 3 ] DEBUG Engine               - isFullScreenAllowed: false
17:33:18.517 [FXGL Background Thread 3 ] DEBUG Engine               - isFullScreenFromStart: false
17:33:18.517 [FXGL Background Thread 3 ] DEBUG Engine               - isGameMenuEnabled: true
17:33:18.517 [FXGL Background Thread 3 ] DEBUG Engine               - isIOS: false
17:33:18.517 [FXGL Background Thread 3 ] DEBUG Engine               - isIntroEnabled: false
17:33:18.517 [FXGL Background Thread 3 ] DEBUG Engine               - isLinux: false
17:33:18.517 [FXGL Background Thread 3 ] DEBUG Engine               - isMac: false
17:33:18.518 [FXGL Background Thread 3 ] DEBUG Engine               - isMainMenuEnabled: true
17:33:18.518 [FXGL Background Thread 3 ] DEBUG Engine               - isManualResizeEnabled: false
17:33:18.518 [FXGL Background Thread 3 ] DEBUG Engine               - isMobile: false
17:33:18.518 [FXGL Background Thread 3 ] DEBUG Engine               - isNative: false
17:33:18.518 [FXGL Background Thread 3 ] DEBUG Engine               - isPauseMusicWhenMinimized: true
17:33:18.518 [FXGL Background Thread 3 ] DEBUG Engine               - isPreserveResizeRatio: false
17:33:18.518 [FXGL Background Thread 3 ] DEBUG Engine               - isProfilingEnabled: false
17:33:18.518 [FXGL Background Thread 3 ] DEBUG Engine               - isScaleAffectedOnResize: true
17:33:18.518 [FXGL Background Thread 3 ] DEBUG Engine               - isSingleStep: false
17:33:18.518 [FXGL Background Thread 3 ] DEBUG Engine               - isUserProfileEnabled: false
17:33:18.518 [FXGL Background Thread 3 ] DEBUG Engine               - isWindows: true
17:33:18.519 [FXGL Background Thread 3 ] DEBUG Engine               - language: ObjectProperty [value: ENGLISH]
17:33:18.519 [FXGL Background Thread 3 ] DEBUG Engine               - menuKey: ESCAPE
17:33:18.519 [FXGL Background Thread 3 ] DEBUG Engine               - mouseSensitivity: 0.2
17:33:18.519 [FXGL Background Thread 3 ] DEBUG Engine               - notificationViewClass: class com.almasb.fxgl.notification.view.XboxNotificationView
17:33:18.519 [FXGL Background Thread 3 ] DEBUG Engine               - pixelsPerMeter: 50.0
17:33:18.519 [FXGL Background Thread 3 ] DEBUG Engine               - platform: WINDOWS
17:33:18.519 [FXGL Background Thread 3 ] DEBUG Engine               - prefHeightProperty: ReadOnlyDoubleProperty [value: 720.0]
17:33:18.519 [FXGL Background Thread 3 ] DEBUG Engine               - prefWidthProperty: ReadOnlyDoubleProperty [value: 720.0]
17:33:18.519 [FXGL Background Thread 3 ] DEBUG Engine               - profileDir: profiles/
17:33:18.519 [FXGL Background Thread 3 ] DEBUG Engine               - profileName: StringProperty [value: DEFAULT]
17:33:18.519 [FXGL Background Thread 3 ] DEBUG Engine               - randomSeed: -1
17:33:18.520 [FXGL Background Thread 3 ] DEBUG Engine               - runtimeInfo: RuntimeInfo(platform=WINDOWS, version=17.3, build=30.03.2023 11.49)
17:33:18.520 [FXGL Background Thread 3 ] DEBUG Engine               - saveFileExt: sav
17:33:18.520 [FXGL Background Thread 3 ] DEBUG Engine               - scaledHeightProp$fxgl: DoubleProperty [bound, value: 720.0]
17:33:18.520 [FXGL Background Thread 3 ] DEBUG Engine               - scaledWidthProp$fxgl: DoubleProperty [bound, value: 720.0]
17:33:18.520 [FXGL Background Thread 3 ] DEBUG Engine               - sceneFactory: com.example.flat2d.GameApp$1@59626cc9
17:33:18.520 [FXGL Background Thread 3 ] DEBUG Engine               - secondsIn24h: 60
17:33:18.520 [FXGL Background Thread 3 ] DEBUG Engine               - soundMenuBack: menu/back.wav
17:33:18.521 [FXGL Background Thread 3 ] DEBUG Engine               - soundMenuPress: menu/press.wav
17:33:18.521 [FXGL Background Thread 3 ] DEBUG Engine               - soundMenuSelect: menu/select.wav
17:33:18.521 [FXGL Background Thread 3 ] DEBUG Engine               - soundNotification: core/notification.wav
17:33:18.521 [FXGL Background Thread 3 ] DEBUG Engine               - stageStyle: DECORATED
17:33:18.521 [FXGL Background Thread 3 ] DEBUG Engine               - supportedLanguages: [ENGLISH, FRENCH, GERMAN, HUNGARIAN, RUSSIAN]
17:33:18.521 [FXGL Background Thread 3 ] DEBUG Engine               - ticksPerSecond: -1
17:33:18.521 [FXGL Background Thread 3 ] DEBUG Engine               - title: Adventures of Sir Vim Zarado
17:33:18.521 [FXGL Background Thread 3 ] DEBUG Engine               - urlGithub: https://github.com/AlmasB/FXGL
17:33:18.521 [FXGL Background Thread 3 ] DEBUG Engine               - urlLeaderboard: http://fxgl-top.herokuapp.com/
17:33:18.522 [FXGL Background Thread 3 ] DEBUG Engine               - urlPOM: https://raw.githubusercontent.com/AlmasB/FXGL/release/README.md
17:33:18.522 [FXGL Background Thread 3 ] DEBUG Engine               - userAppClass: class com.example.flat2d.GameApp
17:33:18.522 [FXGL Background Thread 3 ] DEBUG Engine               - version: 0.0
17:33:18.522 [FXGL Background Thread 3 ] DEBUG Engine               - versionCheckDays: 7
17:33:18.522 [FXGL Background Thread 3 ] DEBUG Engine               - width: 720
17:33:18.522 [FXGL Background Thread 3 ] DEBUG Engine               - Logging services
17:33:18.522 [FXGL Background Thread 3 ] DEBUG Engine               - class com.almasb.fxgl.app.services.FXGLAssetLoaderService
17:33:18.522 [FXGL Background Thread 3 ] DEBUG Engine               - class com.almasb.fxgl.app.FXGLApplication$GameApplicationService
17:33:18.522 [FXGL Background Thread 3 ] DEBUG Engine               - class com.almasb.fxgl.app.services.FXGLDialogService
17:33:18.522 [FXGL Background Thread 3 ] DEBUG Engine               - class com.almasb.fxgl.app.services.IOTaskExecutorService
17:33:18.522 [FXGL Background Thread 3 ] DEBUG Engine               - class com.almasb.fxgl.io.FileSystemService
17:33:18.523 [FXGL Background Thread 3 ] DEBUG Engine               - class com.almasb.fxgl.localization.LocalizationService
17:33:18.523 [FXGL Background Thread 3 ] DEBUG Engine               - class com.almasb.fxgl.app.services.SystemBundleService
17:33:18.523 [FXGL Background Thread 3 ] DEBUG Engine               - class com.almasb.fxgl.profile.SaveLoadService
17:33:18.523 [FXGL Background Thread 3 ] DEBUG Engine               - class com.almasb.fxgl.ui.FXGLUIFactoryServiceProvider
17:33:18.523 [FXGL Background Thread 3 ] DEBUG Engine               - class com.almasb.fxgl.ui.FXGLDialogFactoryServiceProvider
17:33:18.523 [FXGL Background Thread 3 ] DEBUG Engine               - class com.almasb.fxgl.audio.AudioPlayer
17:33:18.523 [FXGL Background Thread 3 ] DEBUG Engine               - class com.almasb.fxgl.notification.impl.NotificationServiceProvider
17:33:18.523 [FXGL Background Thread 3 ] DEBUG Engine               - class com.almasb.fxgl.achievement.AchievementService
17:33:18.523 [FXGL Background Thread 3 ] DEBUG Engine               - class com.almasb.fxgl.cutscene.CutsceneService
17:33:18.523 [FXGL Background Thread 3 ] DEBUG Engine               - class com.almasb.fxgl.minigames.MiniGameService
17:33:18.523 [FXGL Background Thread 3 ] DEBUG Engine               - class com.almasb.fxgl.net.NetService
17:33:18.523 [FXGL Background Thread 3 ] DEBUG Engine               - class com.almasb.fxgl.app.services.UpdaterService
17:33:18.523 [FXGL Background Thread 3 ] DEBUG Engine               - class com.almasb.fxgl.dev.DevService
17:33:19.429 [JavaFX Application Thread] DEBUG AudioPlayer          - Stopping music com.almasb.fxgl.audio.Music@55d490a2
17:33:19.431 [JavaFX Application Thread] DEBUG FXGLAssetLoaderServi - Loading from file system: file:/C:/Users/USER/IdeaProjects/CSIT228-F3-Finals/target/classes/assets/music/game-music.mp3
17:33:19.434 [JavaFX Application Thread] DEBUG AudioPlayer          - Playing music com.almasb.fxgl.audio.Music@2bada85c
17:33:19.434 [JavaFX Application Thread] DEBUG Menu                 - fireNewGame()
17:33:19.434 [JavaFX Application Thread] DEBUG GameApplicationServi - Starting new game
17:33:19.434 [JavaFX Application Thread] DEBUG PrimaryStageWindow   - Pop state: GameMainMenu
17:33:19.434 [JavaFX Application Thread] DEBUG Input                - Clearing active input actions
17:33:19.436 [JavaFX Application Thread] DEBUG GameApplicationServi - Removing overlay from GameMainMenu and adding to FXGLMainMenuDummyScene
17:33:19.438 [JavaFX Application Thread] DEBUG PrimaryStageWindow   - FXGLMainMenuDummyScene <- GameMainMenu
17:33:19.438 [JavaFX Application Thread] DEBUG Input                - Clearing active input actions
17:33:19.446 [JavaFX Application Thread] DEBUG GameApplicationServi - Removing overlay from FXGLMainMenuDummyScene and adding to FXGLLoadingScene
17:33:19.446 [JavaFX Application Thread] DEBUG PrimaryStageWindow   - FXGLMainMenuDummyScene -> FXGLLoadingScene
17:33:19.446 [JavaFX Application Thread] DEBUG GameApplicationServi - Clearing previous game
17:33:19.447 [JavaFX Application Thread] DEBUG GameScene            - Clearing game scene
17:33:19.447 [JavaFX Application Thread] DEBUG GameWorld            - Clearing game world
17:33:19.447 [JavaFX Application Thread] DEBUG PhysicsWorld         - Clearing physics world
17:33:19.448 [FXGL Background Thread 2 ] DEBUG FXGLApplication      - Initializing game
17:33:19.518 [FXGL Background Thread 2 ] WARN  TMXLevelLoader       - TiledMap generated from 1.10.2. Supported version: 1.9.0. Some features may not be parsed fully.
17:33:19.553 [FXGL Background Thread 2 ] DEBUG TMXLevelLoader       - Parsed TiledMap: file:/C:/Users/USER/IdeaProjects/CSIT228-F3-Finals/target/classes/assets/levels/tmx/2DGameTiledMap.tmx
17:33:19.554 [FXGL Background Thread 2 ] DEBUG TMXLevelLoader       - Creating tile layer entities
17:33:19.556 [FXGL Background Thread 2 ] DEBUG TilesetLoader        - Loading view for layer Floor
17:33:19.560 [FXGL Background Thread 2 ] DEBUG TilesetLoader        - Created buffer with size 2304.0x2304.0
17:33:19.654 [FXGL Background Thread 2 ] DEBUG TilesetLoader        - Loading view for layer Stuff
17:33:19.666 [FXGL Background Thread 2 ] DEBUG TilesetLoader        - Created buffer with size 2304.0x2304.0
17:33:19.676 [FXGL Background Thread 2 ] DEBUG TilesetLoader        - Loading view for layer Decor
17:33:19.690 [FXGL Background Thread 2 ] DEBUG TilesetLoader        - Created buffer with size 2304.0x2304.0
17:33:19.697 [FXGL Background Thread 2 ] DEBUG TilesetLoader        - Loading view for layer More
17:33:19.710 [FXGL Background Thread 2 ] DEBUG TilesetLoader        - Created buffer with size 2304.0x2304.0
17:33:19.712 [FXGL Background Thread 2 ] DEBUG TMXLevelLoader       - Creating object layer entities
17:33:19.740 [FXGL Background Thread 2 ] DEBUG GameWorld            - Clearing removable entities
17:33:19.741 [FXGL Background Thread 2 ] DEBUG GameWorld            - Setting level: com.almasb.fxgl.entity.level.Level@35f371f7
17:33:19.745 [FXGL Background Thread 2 ] DEBUG FXGLAssetLoaderServi - Loading from file system: file:/C:/Users/USER/IdeaProjects/CSIT228-F3-Finals/target/classes/assets/textures/lecatmoves.png
17:33:19.749 [FXGL Background Thread 2 ] DEBUG FXGLAssetLoaderServi - Loading from file system: file:/C:/Users/USER/IdeaProjects/CSIT228-F3-Finals/target/classes/assets/textures/CatOne.png
17:33:19.753 [FXGL Background Thread 2 ] DEBUG FXGLAssetLoaderServi - Loading from file system: file:/C:/Users/USER/IdeaProjects/CSIT228-F3-Finals/target/classes/assets/textures/CatThree.png
17:33:19.754 [FXGL Background Thread 2 ] DEBUG FXGLAssetLoaderServi - Loading from file system: file:/C:/Users/USER/IdeaProjects/CSIT228-F3-Finals/target/classes/assets/textures/CatFour.png
17:33:19.783 [FXGL Background Thread 2 ] INFO  FXGLApplication      - Game initialization took: 0.336 sec
17:33:19.785 [JavaFX Application Thread] DEBUG Input                - Clearing active input actions
17:33:19.792 [JavaFX Application Thread] DEBUG GameApplicationServi - Removing overlay from FXGLLoadingScene and adding to GameScene
17:33:19.799 [JavaFX Application Thread] DEBUG PrimaryStageWindow   - FXGLLoadingScene -> GameScene
17:33:20.697 [JavaFX Application Thread] DEBUG FXGLAssetLoaderServi - Loading from file system: file:/C:/Users/USER/IdeaProjects/CSIT228-F3-Finals/target/classes/assets/textures/spr_bullet_strip.png
17:33:22.293 [JavaFX Application Thread] DEBUG FXGLAssetLoaderServi - Loading from file system: file:/C:/Users/USER/IdeaProjects/CSIT228-F3-Finals/target/classes/assets/textures/wolf-runing-cycle-skin.png
17:33:24.304 [JavaFX Application Thread] DEBUG FXGLApplication      - Exiting FXGL
17:33:24.305 [JavaFX Application Thread] DEBUG LoopRunner           - Stopping loop
17:33:24.305 [JavaFX Application Thread] DEBUG SystemBundleService  - Saving FXGL system data
17:33:24.307 [JavaFX Application Thread] DEBUG FileSystemAccess     - Writing to: C:\Users\USER\IdeaProjects\CSIT228-F3-Finals\system\fxgl.bundle
17:33:24.309 [JavaFX Application Thread] DEBUG Async                - Shutting down background threads
17:33:24.310 [JavaFX Application Thread] DEBUG PrimaryStageWindow   - Closing main window
17:33:24.319 [JavaFX Application Thread] DEBUG Logger               - Closing Logger
