11:39:38.678 [main                     ] DEBUG Logger               - Configured Logger
11:39:38.716 [main                     ] DEBUG GameApplication      - Logging settings
Title: Adventures of Sir Vim Zarado
Version: 0.0
Width: 720
Height: 720
Fullscreen: false
Intro: false
Profiling: false
Single step:false
App Mode: DEVELOPER
Menu Key: ESCAPE
Stage Style: DECORATED
Scene Factory: class com.example.flat2d.GameApp$1

11:39:39.248 [JavaFX Application Thread] DEBUG FXGLApplication      - Initializing FXGL
11:39:39.255 [JavaFX Application Thread] INFO  Engine               - FXGL-17.3 (30.03.2023 11.49) on WINDOWS (J:21 FX:21)
11:39:39.256 [JavaFX Application Thread] DEBUG Engine               - JRE Vendor Name: Oracle Corporation
11:39:39.256 [JavaFX Application Thread] DEBUG Engine               - Running on OS: Windows 10 version 10.0
11:39:39.257 [JavaFX Application Thread] DEBUG Engine               - Architecture: amd64
11:39:39.257 [JavaFX Application Thread] INFO  Engine               - Source code and latest versions at: https://github.com/AlmasB/FXGL
11:39:39.257 [JavaFX Application Thread] INFO  Engine               -       Ask questions and discuss at: https://github.com/AlmasB/FXGL/discussions
11:39:39.258 [JavaFX Application Thread] INFO  Engine               -              Join the FXGL chat at: https://gitter.im/AlmasB/FXGL
11:39:39.423 [JavaFX Application Thread] DEBUG PrimaryStageWindow   - Creating a JavaFX scene
11:39:39.528 [JavaFX Application Thread] DEBUG PrimaryStageWindow   - Target settings size: 720.0 x 720.0
11:39:39.529 [JavaFX Application Thread] DEBUG PrimaryStageWindow   - Scaled scene size:    720.0 x 720.0
11:39:39.529 [JavaFX Application Thread] DEBUG PrimaryStageWindow   - Scaled ratio: (1.0, 1.0)
11:39:39.531 [JavaFX Application Thread] DEBUG PrimaryStageWindow   - Set initial scene to FXGLStartupScene
11:39:39.538 [JavaFX Application Thread] DEBUG PrimaryStageWindow   - Opening main window
11:39:39.667 [JavaFX Application Thread] DEBUG PrimaryStageWindow   - Window border size: (16.0, 39.0)
11:39:39.667 [JavaFX Application Thread] DEBUG PrimaryStageWindow   - Scaled size: 720.0 x 720.0
11:39:39.667 [JavaFX Application Thread] DEBUG PrimaryStageWindow   - Scaled ratio: (1.0, 1.0)
11:39:39.668 [JavaFX Application Thread] DEBUG PrimaryStageWindow   - Scene size: 720.0 x 720.0
11:39:39.668 [JavaFX Application Thread] DEBUG PrimaryStageWindow   - Stage size: 736.0 x 759.0
11:39:39.748 [FXGL Background Thread 1 ] DEBUG Engine               - Initializing environment variables
11:39:39.842 [FXGL Background Thread 1 ] DEBUG FXGLAssetLoaderServi - User app class for loading assets: class com.example.flat2d.GameApp
11:39:39.843 [FXGL Background Thread 1 ] DEBUG GameApplicationServi - Applying CSS: fxgl_dark.css
11:39:39.844 [FXGL Background Thread 1 ] DEBUG FXGLAssetLoaderServi - Loading from file system: jar:file:///C:/Users/USER/.m2/repository/com/github/almasb/fxgl/17.3/fxgl-17.3.jar!/fxglassets/ui/css/fxgl_dark.css
11:39:39.936 [FXGL Background Thread 1 ] DEBUG GameApplicationServi - Initializing application scenes
11:39:40.099 [FXGL Background Thread 1 ] DEBUG GameWorld            - Game world initialized
11:39:40.211 [FXGL Background Thread 1 ] DEBUG PhysicsWorld         - Physics world initialized: appHeight=720, physics.ppm=50.0
11:39:40.211 [FXGL Background Thread 1 ] DEBUG PhysicsWorld         - Using strategy: BRUTE_FORCE
11:39:40.218 [FXGL Background Thread 1 ] DEBUG GameScene            - Game scene initialized: 720x720
11:39:40.223 [FXGL Background Thread 1 ] DEBUG FXGLAssetLoaderServi - Loading from file system: file:/C:/Users/USER/IdeaProjects/2DGame/target/classes/assets/textures/background/backg.jpg
11:39:40.318 [FXGL Background Thread 1 ] WARN  FXGL.DefaultMenu     - FXGLDefaultMenu is not designed for resolutions < 800x600
11:39:40.318 [FXGL Background Thread 1 ] DEBUG FXGL.DefaultMenu     - createMenuBodyGameMenu()
11:39:40.342 [FXGL Background Thread 1 ] DEBUG FXGL.DefaultMenu     - createOptionsMenu()
11:39:40.354 [FXGL Background Thread 1 ] DEBUG FXGLAssetLoaderServi - Loading from file system: jar:file:///C:/Users/USER/.m2/repository/com/github/almasb/fxgl/17.3/fxgl-17.3.jar!/fxglassets/textures/particles/smoke.png
11:39:40.536 [FXGL Background Thread 1 ] DEBUG FXGLAssetLoaderServi - Loading from file system: jar:file:///C:/Users/USER/.m2/repository/com/github/almasb/fxgl/17.3/fxgl-17.3.jar!/fxglassets/textures/particles/trace_horizontal.png
11:39:40.591 [FXGL Background Thread 1 ] DEBUG GameApplicationServi - Application scenes initialized
11:39:40.617 [FXGL Background Thread 1 ] DEBUG SystemBundleService  - Loading FXGL system data
11:39:40.624 [FXGL Background Thread 1 ] DEBUG FileSystemAccess     - Reading from: C:\Users\USER\IdeaProjects\2DGame\system\fxgl.bundle
11:39:40.642 [FXGL Background Thread 1 ] DEBUG SystemBundleService  - Bundle FXGL: {}
11:39:40.643 [FXGL Background Thread 1 ] DEBUG UpdaterService       - Checking for updates
11:39:40.720 [FXGL Background Thread 1 ] DEBUG FXGLApplication      - Loading default localization
11:39:40.725 [FXGL Background Thread 1 ] DEBUG FXGLAssetLoaderServi - Loading from file system: jar:file:///C:/Users/USER/.m2/repository/com/github/almasb/fxgl/17.3/fxgl-17.3.jar!/fxglassets/languages/english.lang
11:39:40.727 [FXGL Background Thread 4 ] DEBUG FXGLApplication      - Loading fonts
11:39:40.728 [FXGL Background Thread 4 ] DEBUG FXGLAssetLoaderServi - Loading from file system: jar:file:///C:/Users/USER/.m2/repository/com/github/almasb/fxgl/17.3/fxgl-17.3.jar!/fxglassets/ui/fonts/VarelaRound-Regular.ttf
11:39:40.794 [FXGL Background Thread 1 ] INFO  FXGLApplication      - FXGL initialization took: 1.047 sec
11:39:40.795 [FXGL Background Thread 4 ] DEBUG FXGLAssetLoaderServi - Loading from file system: jar:file:///C:/Users/USER/.m2/repository/com/github/almasb/fxgl/17.3/fxgl-17.3.jar!/fxglassets/ui/fonts/Abel-Regular.ttf
11:39:40.801 [FXGL Background Thread 4 ] DEBUG FXGLAssetLoaderServi - Loading from file system: jar:file:///C:/Users/USER/.m2/repository/com/github/almasb/fxgl/17.3/fxgl-17.3.jar!/fxglassets/ui/fonts/TerminalLandMono-Regular.otf
11:39:40.807 [FXGL Background Thread 4 ] DEBUG FXGLAssetLoaderServi - Loading from file system: jar:file:///C:/Users/USER/.m2/repository/com/github/almasb/fxgl/17.3/fxgl-17.3.jar!/fxglassets/ui/fonts/Courier-Prime.ttf
11:39:40.812 [JavaFX Application Thread] DEBUG Input                - Registered new binding: Up - W
11:39:40.813 [JavaFX Application Thread] DEBUG Input                - Registered new binding: Right - D
11:39:40.813 [JavaFX Application Thread] DEBUG Input                - Registered new binding: Left - A
11:39:40.813 [JavaFX Application Thread] DEBUG Input                - Registered new binding: Down - S
11:39:40.815 [JavaFX Application Thread] DEBUG Input                - Registered new binding: IDK - RMB
11:39:40.816 [JavaFX Application Thread] DEBUG FXGLAssetLoaderServi - Loading from file system: file:/C:/Users/USER/IdeaProjects/2DGame/target/classes/assets/music/bgm-music.mp3
11:39:41.069 [JavaFX Application Thread] DEBUG AudioPlayer          - Playing music com.almasb.fxgl.audio.Music@4965eb30
11:39:41.071 [JavaFX Application Thread] DEBUG FXGLAssetLoaderServi - Loading from file system: jar:file:///C:/Users/USER/.m2/repository/com/github/almasb/fxgl/17.3/fxgl-17.3.jar!/fxglassets/textures/fxgl_icon.png
11:39:41.116 [JavaFX Application Thread] DEBUG FXGLAssetLoaderServi - Loading from file system: jar:file:///C:/Users/USER/.m2/repository/com/github/almasb/fxgl/17.3/fxgl-17.3.jar!/fxglassets/textures/fxgl_default_cursor.png
11:39:41.120 [JavaFX Application Thread] DEBUG Input                - Registered new binding: Screenshot - CTRL+8
11:39:41.120 [JavaFX Application Thread] DEBUG Input                - Registered new binding: Dev Options - 1
11:39:41.121 [JavaFX Application Thread] DEBUG Input                - Registered new binding: Dev Console - 2
11:39:41.121 [JavaFX Application Thread] DEBUG Input                - Registered new binding: System info dump - CTRL+9
11:39:41.122 [JavaFX Application Thread] DEBUG Input                - Registered new binding: Restart - CTRL+R
11:39:41.124 [JavaFX Application Thread] DEBUG Input                - Registered new binding: Toggle Debug Camera - CTRL+7
11:39:41.129 [JavaFX Application Thread] DEBUG LoopRunner           - Starting loop
11:39:41.140 [JavaFX Application Thread] DEBUG LoopRunner           - Initializing JavaFX AnimationTimerLoop
11:39:41.144 [JavaFX Application Thread] DEBUG Input                - Clearing active input actions
11:39:41.159 [JavaFX Application Thread] DEBUG GameApplicationServi - Removing overlay from FXGLStartupScene and adding to FXGLMainMenuDummyScene
11:39:41.165 [JavaFX Application Thread] DEBUG PrimaryStageWindow   - FXGLStartupScene -> FXGLMainMenuDummyScene
11:39:41.165 [JavaFX Application Thread] DEBUG PrimaryStageWindow   - Push state: GameMainMenu
11:39:41.166 [JavaFX Application Thread] DEBUG Input                - Clearing active input actions
11:39:41.176 [JavaFX Application Thread] DEBUG GameApplicationServi - Removing overlay from FXGLMainMenuDummyScene and adding to GameMainMenu
11:39:41.177 [JavaFX Application Thread] DEBUG PrimaryStageWindow   - FXGLMainMenuDummyScene -> GameMainMenu
11:39:41.177 [JavaFX Application Thread] DEBUG FXGLApplication      - Registering font factories with UI factory
11:39:41.936 [FXGL Background Thread 2 ] INFO  UpdaterService       - Your current version:  17.3
11:39:41.936 [FXGL Background Thread 2 ] INFO  UpdaterService       - Latest stable version: 21.1
11:39:43.716 [FXGL Background Thread 3 ] DEBUG Engine               - Logging environment variables
11:39:43.718 [FXGL Background Thread 3 ] DEBUG Engine               - achievements: []
11:39:43.718 [FXGL Background Thread 3 ] DEBUG Engine               - actualHeight: 720.0
11:39:43.719 [FXGL Background Thread 3 ] DEBUG Engine               - actualHeightProperty: ReadOnlyDoubleProperty [value: 720.0]
11:39:43.719 [FXGL Background Thread 3 ] DEBUG Engine               - actualWidth: 720.0
11:39:43.720 [FXGL Background Thread 3 ] DEBUG Engine               - actualWidthProperty: ReadOnlyDoubleProperty [value: 720.0]
11:39:43.720 [FXGL Background Thread 3 ] DEBUG Engine               - appIcon: fxgl_icon.png
11:39:43.721 [FXGL Background Thread 3 ] DEBUG Engine               - applicationMode: DEVELOPER
11:39:43.721 [FXGL Background Thread 3 ] DEBUG Engine               - cSSList: [fxgl_dark.css]
11:39:43.722 [FXGL Background Thread 3 ] DEBUG Engine               - collisionDetectionStrategy: BRUTE_FORCE
11:39:43.722 [FXGL Background Thread 3 ] DEBUG Engine               - configClass: Optional.empty
11:39:43.722 [FXGL Background Thread 3 ] DEBUG Engine               - credits: []
11:39:43.724 [FXGL Background Thread 3 ] DEBUG Engine               - defaultCursor: CursorInfo(imageName=fxgl_default_cursor.png, hotspotX=7.0, hotspotY=6.0)
11:39:43.725 [FXGL Background Thread 3 ] DEBUG Engine               - devBBoxColorProperty: ObjectProperty [value: 0xff0000ff]
11:39:43.726 [FXGL Background Thread 3 ] DEBUG Engine               - devEnableDebugCameraProperty: BooleanProperty [value: false]
11:39:43.727 [FXGL Background Thread 3 ] DEBUG Engine               - devSensorColorProperty: ObjectProperty [value: 0xffff00ff]
11:39:43.727 [FXGL Background Thread 3 ] DEBUG Engine               - devShowBBoxProperty: BooleanProperty [value: false]
11:39:43.728 [FXGL Background Thread 3 ] DEBUG Engine               - devShowPositionProperty: BooleanProperty [value: false]
11:39:43.728 [FXGL Background Thread 3 ] DEBUG Engine               - enabledMenuItems: []
11:39:43.728 [FXGL Background Thread 3 ] DEBUG Engine               - engineServices: [class com.almasb.fxgl.app.services.FXGLAssetLoaderService, class com.almasb.fxgl.app.FXGLApplication$GameApplicationService, class com.almasb.fxgl.app.services.FXGLDialogService, class com.almasb.fxgl.app.services.IOTaskExecutorService, class com.almasb.fxgl.io.FileSystemService, class com.almasb.fxgl.localization.LocalizationService, class com.almasb.fxgl.app.services.SystemBundleService, class com.almasb.fxgl.profile.SaveLoadService, class com.almasb.fxgl.ui.FXGLUIFactoryServiceProvider, class com.almasb.fxgl.ui.FXGLDialogFactoryServiceProvider, class com.almasb.fxgl.audio.AudioPlayer, class com.almasb.fxgl.notification.impl.NotificationServiceProvider, class com.almasb.fxgl.achievement.AchievementService, class com.almasb.fxgl.cutscene.CutsceneService, class com.almasb.fxgl.minigames.MiniGameService, class com.almasb.fxgl.net.NetService, class com.almasb.fxgl.app.services.UpdaterService, class com.almasb.fxgl.dev.DevService]
11:39:43.729 [FXGL Background Thread 3 ] DEBUG Engine               - fontGame: Abel-Regular.ttf
11:39:43.729 [FXGL Background Thread 3 ] DEBUG Engine               - fontMono: TerminalLandMono-Regular.otf
11:39:43.730 [FXGL Background Thread 3 ] DEBUG Engine               - fontSizeScaleUI: 1.0
11:39:43.730 [FXGL Background Thread 3 ] DEBUG Engine               - fontText: Courier-Prime.ttf
11:39:43.730 [FXGL Background Thread 3 ] DEBUG Engine               - fontUI: VarelaRound-Regular.ttf
11:39:43.730 [FXGL Background Thread 3 ] DEBUG Engine               - fullScreen: BooleanProperty [value: false]
11:39:43.731 [FXGL Background Thread 3 ] DEBUG Engine               - gameDifficulty: MEDIUM
11:39:43.731 [FXGL Background Thread 3 ] DEBUG Engine               - gameDifficultyProperty: ObjectProperty [value: MEDIUM]
11:39:43.732 [FXGL Background Thread 3 ] DEBUG Engine               - globalMusicVolume: 0.5
11:39:43.732 [FXGL Background Thread 3 ] DEBUG Engine               - globalMusicVolumeProperty: DoubleProperty [value: 0.25]
11:39:43.733 [FXGL Background Thread 3 ] DEBUG Engine               - globalSoundVolume: 0.5
11:39:43.733 [FXGL Background Thread 3 ] DEBUG Engine               - globalSoundVolumeProperty: DoubleProperty [value: 0.5]
11:39:43.733 [FXGL Background Thread 3 ] DEBUG Engine               - height: 720
11:39:43.734 [FXGL Background Thread 3 ] DEBUG Engine               - is3D: false
11:39:43.734 [FXGL Background Thread 3 ] DEBUG Engine               - isAndroid: false
11:39:43.735 [FXGL Background Thread 3 ] DEBUG Engine               - isBrowser: false
11:39:43.735 [FXGL Background Thread 3 ] DEBUG Engine               - isClickFeedbackEnabled: false
11:39:43.735 [FXGL Background Thread 3 ] DEBUG Engine               - isCloseConfirmation: false
11:39:43.736 [FXGL Background Thread 3 ] DEBUG Engine               - isDesktop: true
11:39:43.736 [FXGL Background Thread 3 ] DEBUG Engine               - isDeveloperMenuEnabled: true
11:39:43.736 [FXGL Background Thread 3 ] DEBUG Engine               - isEmbedded: false
11:39:43.737 [FXGL Background Thread 3 ] DEBUG Engine               - isEntityPreloadEnabled: true
11:39:43.737 [FXGL Background Thread 3 ] DEBUG Engine               - isExperimentalTiledLargeMap: false
11:39:43.737 [FXGL Background Thread 3 ] DEBUG Engine               - isFileSystemWriteAllowed: true
11:39:43.738 [FXGL Background Thread 3 ] DEBUG Engine               - isFullScreenAllowed: false
11:39:43.738 [FXGL Background Thread 3 ] DEBUG Engine               - isFullScreenFromStart: false
11:39:43.738 [FXGL Background Thread 3 ] DEBUG Engine               - isGameMenuEnabled: true
11:39:43.738 [FXGL Background Thread 3 ] DEBUG Engine               - isIOS: false
11:39:43.739 [FXGL Background Thread 3 ] DEBUG Engine               - isIntroEnabled: false
11:39:43.739 [FXGL Background Thread 3 ] DEBUG Engine               - isLinux: false
11:39:43.739 [FXGL Background Thread 3 ] DEBUG Engine               - isMac: false
11:39:43.740 [FXGL Background Thread 3 ] DEBUG Engine               - isMainMenuEnabled: true
11:39:43.740 [FXGL Background Thread 3 ] DEBUG Engine               - isManualResizeEnabled: false
11:39:43.740 [FXGL Background Thread 3 ] DEBUG Engine               - isMobile: false
11:39:43.741 [FXGL Background Thread 3 ] DEBUG Engine               - isNative: false
11:39:43.741 [FXGL Background Thread 3 ] DEBUG Engine               - isPauseMusicWhenMinimized: true
11:39:43.741 [FXGL Background Thread 3 ] DEBUG Engine               - isPreserveResizeRatio: false
11:39:43.742 [FXGL Background Thread 3 ] DEBUG Engine               - isProfilingEnabled: false
11:39:43.742 [FXGL Background Thread 3 ] DEBUG Engine               - isScaleAffectedOnResize: true
11:39:43.742 [FXGL Background Thread 3 ] DEBUG Engine               - isSingleStep: false
11:39:43.743 [FXGL Background Thread 3 ] DEBUG Engine               - isUserProfileEnabled: false
11:39:43.743 [FXGL Background Thread 3 ] DEBUG Engine               - isWindows: true
11:39:43.743 [FXGL Background Thread 3 ] DEBUG Engine               - language: ObjectProperty [value: ENGLISH]
11:39:43.744 [FXGL Background Thread 3 ] DEBUG Engine               - menuKey: ESCAPE
11:39:43.744 [FXGL Background Thread 3 ] DEBUG Engine               - mouseSensitivity: 0.2
11:39:43.745 [FXGL Background Thread 3 ] DEBUG Engine               - notificationViewClass: class com.almasb.fxgl.notification.view.XboxNotificationView
11:39:43.746 [FXGL Background Thread 3 ] DEBUG Engine               - pixelsPerMeter: 50.0
11:39:43.746 [FXGL Background Thread 3 ] DEBUG Engine               - platform: WINDOWS
11:39:43.747 [FXGL Background Thread 3 ] DEBUG Engine               - prefHeightProperty: ReadOnlyDoubleProperty [value: 720.0]
11:39:43.747 [FXGL Background Thread 3 ] DEBUG Engine               - prefWidthProperty: ReadOnlyDoubleProperty [value: 720.0]
11:39:43.747 [FXGL Background Thread 3 ] DEBUG Engine               - profileDir: profiles/
11:39:43.748 [FXGL Background Thread 3 ] DEBUG Engine               - profileName: StringProperty [value: DEFAULT]
11:39:43.748 [FXGL Background Thread 3 ] DEBUG Engine               - randomSeed: -1
11:39:43.749 [FXGL Background Thread 3 ] DEBUG Engine               - runtimeInfo: RuntimeInfo(platform=WINDOWS, version=17.3, build=30.03.2023 11.49)
11:39:43.750 [FXGL Background Thread 3 ] DEBUG Engine               - saveFileExt: sav
11:39:43.750 [FXGL Background Thread 3 ] DEBUG Engine               - scaledHeightProp$fxgl: DoubleProperty [bound, value: 720.0]
11:39:43.750 [FXGL Background Thread 3 ] DEBUG Engine               - scaledWidthProp$fxgl: DoubleProperty [bound, value: 720.0]
11:39:43.751 [FXGL Background Thread 3 ] DEBUG Engine               - sceneFactory: com.example.flat2d.GameApp$1@7b4d39cb
11:39:43.751 [FXGL Background Thread 3 ] DEBUG Engine               - secondsIn24h: 60
11:39:43.751 [FXGL Background Thread 3 ] DEBUG Engine               - soundMenuBack: menu/back.wav
11:39:43.752 [FXGL Background Thread 3 ] DEBUG Engine               - soundMenuPress: menu/press.wav
11:39:43.752 [FXGL Background Thread 3 ] DEBUG Engine               - soundMenuSelect: menu/select.wav
11:39:43.753 [FXGL Background Thread 3 ] DEBUG Engine               - soundNotification: core/notification.wav
11:39:43.753 [FXGL Background Thread 3 ] DEBUG Engine               - stageStyle: DECORATED
11:39:43.753 [FXGL Background Thread 3 ] DEBUG Engine               - supportedLanguages: [ENGLISH, FRENCH, GERMAN, HUNGARIAN, RUSSIAN]
11:39:43.754 [FXGL Background Thread 3 ] DEBUG Engine               - ticksPerSecond: -1
11:39:43.754 [FXGL Background Thread 3 ] DEBUG Engine               - title: Adventures of Sir Vim Zarado
11:39:43.754 [FXGL Background Thread 3 ] DEBUG Engine               - urlGithub: https://github.com/AlmasB/FXGL
11:39:43.755 [FXGL Background Thread 3 ] DEBUG Engine               - urlLeaderboard: http://fxgl-top.herokuapp.com/
11:39:43.755 [FXGL Background Thread 3 ] DEBUG Engine               - urlPOM: https://raw.githubusercontent.com/AlmasB/FXGL/release/README.md
11:39:43.756 [FXGL Background Thread 3 ] DEBUG Engine               - userAppClass: class com.example.flat2d.GameApp
11:39:43.756 [FXGL Background Thread 3 ] DEBUG Engine               - version: 0.0
11:39:43.757 [FXGL Background Thread 3 ] DEBUG Engine               - versionCheckDays: 7
11:39:43.757 [FXGL Background Thread 3 ] DEBUG Engine               - width: 720
11:39:43.757 [FXGL Background Thread 3 ] DEBUG Engine               - Logging services
11:39:43.758 [FXGL Background Thread 3 ] DEBUG Engine               - class com.almasb.fxgl.app.services.FXGLAssetLoaderService
11:39:43.758 [FXGL Background Thread 3 ] DEBUG Engine               - class com.almasb.fxgl.app.FXGLApplication$GameApplicationService
11:39:43.759 [FXGL Background Thread 3 ] DEBUG Engine               - class com.almasb.fxgl.app.services.FXGLDialogService
11:39:43.759 [FXGL Background Thread 3 ] DEBUG Engine               - class com.almasb.fxgl.app.services.IOTaskExecutorService
11:39:43.759 [FXGL Background Thread 3 ] DEBUG Engine               - class com.almasb.fxgl.io.FileSystemService
11:39:43.759 [FXGL Background Thread 3 ] DEBUG Engine               - class com.almasb.fxgl.localization.LocalizationService
11:39:43.760 [FXGL Background Thread 3 ] DEBUG Engine               - class com.almasb.fxgl.app.services.SystemBundleService
11:39:43.760 [FXGL Background Thread 3 ] DEBUG Engine               - class com.almasb.fxgl.profile.SaveLoadService
11:39:43.760 [FXGL Background Thread 3 ] DEBUG Engine               - class com.almasb.fxgl.ui.FXGLUIFactoryServiceProvider
11:39:43.760 [FXGL Background Thread 3 ] DEBUG Engine               - class com.almasb.fxgl.ui.FXGLDialogFactoryServiceProvider
11:39:43.761 [FXGL Background Thread 3 ] DEBUG Engine               - class com.almasb.fxgl.audio.AudioPlayer
11:39:43.761 [FXGL Background Thread 3 ] DEBUG Engine               - class com.almasb.fxgl.notification.impl.NotificationServiceProvider
11:39:43.761 [FXGL Background Thread 3 ] DEBUG Engine               - class com.almasb.fxgl.achievement.AchievementService
11:39:43.761 [FXGL Background Thread 3 ] DEBUG Engine               - class com.almasb.fxgl.cutscene.CutsceneService
11:39:43.762 [FXGL Background Thread 3 ] DEBUG Engine               - class com.almasb.fxgl.minigames.MiniGameService
11:39:43.762 [FXGL Background Thread 3 ] DEBUG Engine               - class com.almasb.fxgl.net.NetService
11:39:43.762 [FXGL Background Thread 3 ] DEBUG Engine               - class com.almasb.fxgl.app.services.UpdaterService
11:39:43.762 [FXGL Background Thread 3 ] DEBUG Engine               - class com.almasb.fxgl.dev.DevService
11:39:57.560 [JavaFX Application Thread] DEBUG FXGLApplication      - Exiting FXGL
11:39:57.561 [JavaFX Application Thread] DEBUG LoopRunner           - Stopping loop
11:39:57.562 [JavaFX Application Thread] DEBUG SystemBundleService  - Saving FXGL system data
11:39:57.571 [JavaFX Application Thread] DEBUG FileSystemAccess     - Writing to: C:\Users\USER\IdeaProjects\2DGame\system\fxgl.bundle
11:39:57.580 [JavaFX Application Thread] DEBUG Async                - Shutting down background threads
11:39:57.583 [JavaFX Application Thread] DEBUG PrimaryStageWindow   - Closing main window
11:39:57.665 [JavaFX Application Thread] DEBUG Logger               - Closing Logger
