05:02:35.793 [main                     ] DEBUG Logger               - Configured Logger
05:02:35.812 [main                     ] DEBUG GameApplication      - Logging settings
Title: Adventures of Sir Vim Zarado
Version: 0.0
Width: 720
Height: 720
Fullscreen: false
Intro: false
Profiling: false
Single step:false
App Mode: DEVELOPER
Menu Key: ESCAPE
Stage Style: DECORATED
Scene Factory: class com.example.flat2d.GameApp$1

05:02:36.180 [JavaFX Application Thread] DEBUG FXGLApplication      - Initializing FXGL
05:02:36.184 [JavaFX Application Thread] INFO  Engine               - FXGL-17.3 (30.03.2023 11.49) on WINDOWS (J:21.0.3 FX:21)
05:02:36.184 [JavaFX Application Thread] DEBUG Engine               - JRE Vendor Name: Amazon.com Inc.
05:02:36.184 [JavaFX Application Thread] DEBUG Engine               - Running on OS: Windows 10 version 10.0
05:02:36.184 [JavaFX Application Thread] DEBUG Engine               - Architecture: amd64
05:02:36.184 [JavaFX Application Thread] INFO  Engine               - Source code and latest versions at: https://github.com/AlmasB/FXGL
05:02:36.185 [JavaFX Application Thread] INFO  Engine               -       Ask questions and discuss at: https://github.com/AlmasB/FXGL/discussions
05:02:36.185 [JavaFX Application Thread] INFO  Engine               -              Join the FXGL chat at: https://gitter.im/AlmasB/FXGL
05:02:36.284 [JavaFX Application Thread] DEBUG PrimaryStageWindow   - Creating a JavaFX scene
05:02:36.335 [JavaFX Application Thread] DEBUG PrimaryStageWindow   - Target settings size: 720.0 x 720.0
05:02:36.335 [JavaFX Application Thread] DEBUG PrimaryStageWindow   - Scaled scene size:    720.0 x 720.0
05:02:36.335 [JavaFX Application Thread] DEBUG PrimaryStageWindow   - Scaled ratio: (1.0, 1.0)
05:02:36.337 [JavaFX Application Thread] DEBUG PrimaryStageWindow   - Set initial scene to FXGLStartupScene
05:02:36.340 [JavaFX Application Thread] DEBUG PrimaryStageWindow   - Opening main window
05:02:36.422 [JavaFX Application Thread] DEBUG PrimaryStageWindow   - Window border size: (16.0, 39.0)
05:02:36.422 [JavaFX Application Thread] DEBUG PrimaryStageWindow   - Scaled size: 720.0 x 720.0
05:02:36.422 [JavaFX Application Thread] DEBUG PrimaryStageWindow   - Scaled ratio: (1.0, 1.0)
05:02:36.423 [JavaFX Application Thread] DEBUG PrimaryStageWindow   - Scene size: 720.0 x 720.0
05:02:36.423 [JavaFX Application Thread] DEBUG PrimaryStageWindow   - Stage size: 736.0 x 759.0
05:02:36.431 [FXGL Background Thread 1 ] DEBUG Engine               - Initializing environment variables
05:02:36.502 [FXGL Background Thread 1 ] DEBUG FXGLAssetLoaderServi - User app class for loading assets: class com.example.flat2d.GameApp
05:02:36.503 [FXGL Background Thread 1 ] DEBUG GameApplicationServi - Applying CSS: fxgl_dark.css
05:02:36.504 [FXGL Background Thread 1 ] DEBUG FXGLAssetLoaderServi - Loading from file system: jar:file:///C:/Users/User/.m2/repository/com/github/almasb/fxgl/17.3/fxgl-17.3.jar!/fxglassets/ui/css/fxgl_dark.css
05:02:36.548 [FXGL Background Thread 1 ] DEBUG GameApplicationServi - Initializing application scenes
05:02:36.630 [FXGL Background Thread 1 ] DEBUG GameWorld            - Game world initialized
05:02:36.688 [FXGL Background Thread 1 ] DEBUG PhysicsWorld         - Physics world initialized: appHeight=720, physics.ppm=50.0
05:02:36.688 [FXGL Background Thread 1 ] DEBUG PhysicsWorld         - Using strategy: BRUTE_FORCE
05:02:36.692 [FXGL Background Thread 1 ] DEBUG GameScene            - Game scene initialized: 720x720
05:02:36.696 [FXGL Background Thread 1 ] DEBUG FXGLAssetLoaderServi - Loading from file system: file:/C:/Users/User/IdeaProjects/CSIT228-F3-Finals/target/classes/assets/textures/background/main-screen.jpg
05:02:36.783 [FXGL Background Thread 1 ] DEBUG FXGLAssetLoaderServi - Loading from file system: file:/C:/Users/User/IdeaProjects/CSIT228-F3-Finals/target/classes/assets/textures/profile-pic.jpg
05:02:36.797 [FXGL Background Thread 1 ] WARN  FXGL.DefaultMenu     - FXGLDefaultMenu is not designed for resolutions < 800x600
05:02:36.798 [FXGL Background Thread 1 ] DEBUG FXGL.DefaultMenu     - createMenuBodyGameMenu()
05:02:36.811 [FXGL Background Thread 1 ] DEBUG FXGL.DefaultMenu     - createOptionsMenu()
05:02:36.821 [FXGL Background Thread 1 ] DEBUG FXGLAssetLoaderServi - Loading from file system: jar:file:///C:/Users/User/.m2/repository/com/github/almasb/fxgl/17.3/fxgl-17.3.jar!/fxglassets/textures/particles/smoke.png
05:02:36.905 [FXGL Background Thread 1 ] DEBUG FXGLAssetLoaderServi - Loading from file system: jar:file:///C:/Users/User/.m2/repository/com/github/almasb/fxgl/17.3/fxgl-17.3.jar!/fxglassets/textures/particles/trace_horizontal.png
05:02:36.934 [FXGL Background Thread 1 ] DEBUG GameApplicationServi - Application scenes initialized
05:02:36.948 [FXGL Background Thread 1 ] DEBUG SystemBundleService  - Loading FXGL system data
05:02:36.952 [FXGL Background Thread 1 ] DEBUG FileSystemAccess     - Reading from: C:\Users\User\IdeaProjects\CSIT228-F3-Finals\system\fxgl.bundle
05:02:36.961 [FXGL Background Thread 1 ] DEBUG SystemBundleService  - Bundle FXGL: {}
05:02:36.961 [FXGL Background Thread 1 ] DEBUG UpdaterService       - Checking for updates
05:02:37.006 [FXGL Background Thread 1 ] DEBUG FXGLApplication      - Loading default localization
05:02:37.007 [FXGL Background Thread 1 ] DEBUG FXGLAssetLoaderServi - Loading from file system: jar:file:///C:/Users/User/.m2/repository/com/github/almasb/fxgl/17.3/fxgl-17.3.jar!/fxglassets/languages/english.lang
05:02:37.027 [FXGL Background Thread 1 ] INFO  FXGLApplication      - FXGL initialization took: 0.596 sec
05:02:37.028 [FXGL Background Thread 4 ] DEBUG FXGLApplication      - Loading fonts
05:02:37.029 [FXGL Background Thread 4 ] DEBUG FXGLAssetLoaderServi - Loading from file system: jar:file:///C:/Users/User/.m2/repository/com/github/almasb/fxgl/17.3/fxgl-17.3.jar!/fxglassets/ui/fonts/VarelaRound-Regular.ttf
05:02:37.036 [JavaFX Application Thread] DEBUG Input                - Registered new binding: Up - W
05:02:37.036 [JavaFX Application Thread] DEBUG Input                - Registered new binding: Right - D
05:02:37.036 [JavaFX Application Thread] DEBUG Input                - Registered new binding: Left - A
05:02:37.036 [JavaFX Application Thread] DEBUG Input                - Registered new binding: Down - S
05:02:37.037 [JavaFX Application Thread] DEBUG Input                - Registered new binding: IDK - RMB
05:02:37.038 [JavaFX Application Thread] DEBUG FXGLAssetLoaderServi - Loading from file system: file:/C:/Users/User/IdeaProjects/CSIT228-F3-Finals/target/classes/assets/music/opening.mp3
05:02:37.076 [FXGL Background Thread 4 ] DEBUG FXGLAssetLoaderServi - Loading from file system: jar:file:///C:/Users/User/.m2/repository/com/github/almasb/fxgl/17.3/fxgl-17.3.jar!/fxglassets/ui/fonts/Abel-Regular.ttf
05:02:37.143 [FXGL Background Thread 4 ] DEBUG FXGLAssetLoaderServi - Loading from file system: jar:file:///C:/Users/User/.m2/repository/com/github/almasb/fxgl/17.3/fxgl-17.3.jar!/fxglassets/ui/fonts/TerminalLandMono-Regular.otf
05:02:37.153 [FXGL Background Thread 4 ] DEBUG FXGLAssetLoaderServi - Loading from file system: jar:file:///C:/Users/User/.m2/repository/com/github/almasb/fxgl/17.3/fxgl-17.3.jar!/fxglassets/ui/fonts/Courier-Prime.ttf
05:02:37.303 [JavaFX Application Thread] DEBUG AudioPlayer          - Playing music com.almasb.fxgl.audio.Music@7d4b0200
05:02:37.304 [JavaFX Application Thread] DEBUG FXGLAssetLoaderServi - Loading from file system: jar:file:///C:/Users/User/.m2/repository/com/github/almasb/fxgl/17.3/fxgl-17.3.jar!/fxglassets/textures/fxgl_icon.png
05:02:37.343 [JavaFX Application Thread] DEBUG FXGLAssetLoaderServi - Loading from file system: jar:file:///C:/Users/User/.m2/repository/com/github/almasb/fxgl/17.3/fxgl-17.3.jar!/fxglassets/textures/fxgl_default_cursor.png
05:02:37.346 [JavaFX Application Thread] DEBUG Input                - Registered new binding: Screenshot - CTRL+8
05:02:37.347 [JavaFX Application Thread] DEBUG Input                - Registered new binding: Dev Options - 1
05:02:37.347 [JavaFX Application Thread] DEBUG Input                - Registered new binding: Dev Console - 2
05:02:37.348 [JavaFX Application Thread] DEBUG Input                - Registered new binding: System info dump - CTRL+9
05:02:37.349 [JavaFX Application Thread] DEBUG Input                - Registered new binding: Restart - CTRL+R
05:02:37.350 [JavaFX Application Thread] DEBUG Input                - Registered new binding: Toggle Debug Camera - CTRL+7
05:02:37.353 [JavaFX Application Thread] DEBUG LoopRunner           - Starting loop
05:02:37.361 [JavaFX Application Thread] DEBUG LoopRunner           - Initializing JavaFX AnimationTimerLoop
05:02:37.363 [JavaFX Application Thread] DEBUG Input                - Clearing active input actions
05:02:37.371 [JavaFX Application Thread] DEBUG GameApplicationServi - Removing overlay from FXGLStartupScene and adding to FXGLMainMenuDummyScene
05:02:37.376 [JavaFX Application Thread] DEBUG PrimaryStageWindow   - FXGLStartupScene -> FXGLMainMenuDummyScene
05:02:37.376 [JavaFX Application Thread] DEBUG PrimaryStageWindow   - Push state: GameMainMenu
05:02:37.376 [JavaFX Application Thread] DEBUG Input                - Clearing active input actions
05:02:37.396 [JavaFX Application Thread] DEBUG GameApplicationServi - Removing overlay from FXGLMainMenuDummyScene and adding to GameMainMenu
05:02:37.397 [JavaFX Application Thread] DEBUG PrimaryStageWindow   - FXGLMainMenuDummyScene -> GameMainMenu
05:02:37.404 [JavaFX Application Thread] DEBUG FXGLApplication      - Registering font factories with UI factory
05:02:37.543 [FXGL Background Thread 2 ] INFO  UpdaterService       - Your current version:  17.3
05:02:37.543 [FXGL Background Thread 2 ] INFO  UpdaterService       - Latest stable version: 21.1
05:02:38.726 [JavaFX Application Thread] DEBUG AudioPlayer          - Stopping music com.almasb.fxgl.audio.Music@7d4b0200
05:02:38.770 [JavaFX Application Thread] DEBUG FXGLAssetLoaderServi - Loading from file system: file:/C:/Users/User/IdeaProjects/CSIT228-F3-Finals/target/classes/assets/music/game-music.mp3
05:02:38.772 [JavaFX Application Thread] DEBUG AudioPlayer          - Playing music com.almasb.fxgl.audio.Music@a53e4f5
05:02:38.773 [JavaFX Application Thread] DEBUG Menu                 - fireNewGame()
05:02:38.773 [JavaFX Application Thread] DEBUG GameApplicationServi - Starting new game
05:02:38.773 [JavaFX Application Thread] DEBUG PrimaryStageWindow   - Pop state: GameMainMenu
05:02:38.773 [JavaFX Application Thread] DEBUG Input                - Clearing active input actions
05:02:38.774 [JavaFX Application Thread] DEBUG GameApplicationServi - Removing overlay from GameMainMenu and adding to FXGLMainMenuDummyScene
05:02:38.776 [JavaFX Application Thread] DEBUG PrimaryStageWindow   - FXGLMainMenuDummyScene <- GameMainMenu
05:02:38.776 [JavaFX Application Thread] DEBUG Input                - Clearing active input actions
05:02:38.785 [JavaFX Application Thread] DEBUG GameApplicationServi - Removing overlay from FXGLMainMenuDummyScene and adding to FXGLLoadingScene
05:02:38.785 [JavaFX Application Thread] DEBUG PrimaryStageWindow   - FXGLMainMenuDummyScene -> FXGLLoadingScene
05:02:38.785 [JavaFX Application Thread] DEBUG GameApplicationServi - Clearing previous game
05:02:38.786 [JavaFX Application Thread] DEBUG GameScene            - Clearing game scene
05:02:38.786 [JavaFX Application Thread] DEBUG GameWorld            - Clearing game world
05:02:38.786 [JavaFX Application Thread] DEBUG PhysicsWorld         - Clearing physics world
05:02:38.787 [FXGL Background Thread 2 ] DEBUG FXGLApplication      - Initializing game
05:02:38.847 [FXGL Background Thread 2 ] WARN  TMXLevelLoader       - TiledMap generated from 1.10.2. Supported version: 1.9.0. Some features may not be parsed fully.
05:02:38.896 [FXGL Background Thread 2 ] DEBUG TMXLevelLoader       - Parsed TiledMap: file:/C:/Users/User/IdeaProjects/CSIT228-F3-Finals/target/classes/assets/levels/tmx/2DGameTiledMap.tmx
05:02:38.898 [FXGL Background Thread 2 ] DEBUG TMXLevelLoader       - Creating tile layer entities
05:02:38.902 [FXGL Background Thread 2 ] DEBUG TilesetLoader        - Loading view for layer floor
05:02:38.905 [FXGL Background Thread 2 ] DEBUG TilesetLoader        - Created buffer with size 2304.0x2304.0
05:02:39.028 [FXGL Background Thread 2 ] DEBUG TilesetLoader        - Loading view for layer stuff
05:02:39.033 [FXGL Background Thread 2 ] DEBUG TilesetLoader        - Created buffer with size 2304.0x2304.0
05:02:39.050 [FXGL Background Thread 2 ] DEBUG TilesetLoader        - Loading view for layer decor
05:02:39.066 [FXGL Background Thread 2 ] DEBUG TilesetLoader        - Created buffer with size 2304.0x2304.0
05:02:39.075 [FXGL Background Thread 2 ] DEBUG TilesetLoader        - Loading view for layer more
05:02:39.087 [FXGL Background Thread 2 ] DEBUG TilesetLoader        - Created buffer with size 2304.0x2304.0
05:02:39.090 [FXGL Background Thread 2 ] DEBUG TMXLevelLoader       - Creating object layer entities
05:02:39.147 [FXGL Background Thread 2 ] DEBUG FXGLAssetLoaderServi - Loading from file system: file:/C:/Users/User/IdeaProjects/CSIT228-F3-Finals/target/classes/assets/textures/background/torch.gif
05:02:39.203 [FXGL Background Thread 2 ] DEBUG FXGLAssetLoaderServi - Loading from file system: file:/C:/Users/User/IdeaProjects/CSIT228-F3-Finals/target/classes/assets/textures/background/eyes-hole.gif
05:02:39.262 [FXGL Background Thread 2 ] DEBUG GameWorld            - Clearing removable entities
05:02:39.263 [FXGL Background Thread 2 ] DEBUG GameWorld            - Setting level: com.almasb.fxgl.entity.level.Level@29b0f814
05:02:39.268 [FXGL Background Thread 2 ] DEBUG FXGLAssetLoaderServi - Loading from file system: file:/C:/Users/User/IdeaProjects/CSIT228-F3-Finals/target/classes/assets/textures/player/lecatmoves.png
05:02:39.270 [FXGL Background Thread 2 ] DEBUG FXGLAssetLoaderServi - Loading from file system: file:/C:/Users/User/IdeaProjects/CSIT228-F3-Finals/target/classes/assets/textures/player/CatOne.png
05:02:39.271 [FXGL Background Thread 2 ] DEBUG FXGLAssetLoaderServi - Loading from file system: file:/C:/Users/User/IdeaProjects/CSIT228-F3-Finals/target/classes/assets/textures/player/CatThree.png
05:02:39.272 [FXGL Background Thread 2 ] DEBUG FXGLAssetLoaderServi - Loading from file system: file:/C:/Users/User/IdeaProjects/CSIT228-F3-Finals/target/classes/assets/textures/player/CatFour.png
05:02:39.292 [FXGL Background Thread 2 ] INFO  FXGLApplication      - Game initialization took: 0.505 sec
05:02:39.295 [JavaFX Application Thread] DEBUG Input                - Clearing active input actions
05:02:39.303 [JavaFX Application Thread] DEBUG GameApplicationServi - Removing overlay from FXGLLoadingScene and adding to GameScene
05:02:39.308 [JavaFX Application Thread] DEBUG PrimaryStageWindow   - FXGLLoadingScene -> GameScene
05:02:39.999 [FXGL Background Thread 3 ] DEBUG Engine               - Logging environment variables
05:02:39.999 [FXGL Background Thread 3 ] DEBUG Engine               - achievements: []
05:02:39.999 [FXGL Background Thread 3 ] DEBUG Engine               - actualHeight: 720.0
05:02:39.999 [FXGL Background Thread 3 ] DEBUG Engine               - actualHeightProperty: ReadOnlyDoubleProperty [value: 720.0]
05:02:39.999 [FXGL Background Thread 3 ] DEBUG Engine               - actualWidth: 720.0
05:02:40.000 [FXGL Background Thread 3 ] DEBUG Engine               - actualWidthProperty: ReadOnlyDoubleProperty [value: 720.0]
05:02:40.000 [FXGL Background Thread 3 ] DEBUG Engine               - appIcon: fxgl_icon.png
05:02:40.000 [FXGL Background Thread 3 ] DEBUG Engine               - applicationMode: DEVELOPER
05:02:40.000 [FXGL Background Thread 3 ] DEBUG Engine               - cSSList: [fxgl_dark.css]
05:02:40.000 [FXGL Background Thread 3 ] DEBUG Engine               - collisionDetectionStrategy: BRUTE_FORCE
05:02:40.000 [FXGL Background Thread 3 ] DEBUG Engine               - configClass: Optional[class com.example.flat2d.Misc.Config]
05:02:40.009 [FXGL Background Thread 3 ] DEBUG Engine               - credits: []
05:02:40.009 [FXGL Background Thread 3 ] DEBUG Engine               - defaultCursor: CursorInfo(imageName=fxgl_default_cursor.png, hotspotX=7.0, hotspotY=6.0)
05:02:40.010 [FXGL Background Thread 3 ] DEBUG Engine               - devBBoxColorProperty: ObjectProperty [value: 0xff0000ff]
05:02:40.010 [FXGL Background Thread 3 ] DEBUG Engine               - devEnableDebugCameraProperty: BooleanProperty [value: false]
05:02:40.010 [FXGL Background Thread 3 ] DEBUG Engine               - devSensorColorProperty: ObjectProperty [value: 0xffff00ff]
05:02:40.010 [FXGL Background Thread 3 ] DEBUG Engine               - devShowBBoxProperty: BooleanProperty [value: false]
05:02:40.010 [FXGL Background Thread 3 ] DEBUG Engine               - devShowPositionProperty: BooleanProperty [value: false]
05:02:40.010 [FXGL Background Thread 3 ] DEBUG Engine               - enabledMenuItems: []
05:02:40.010 [FXGL Background Thread 3 ] DEBUG Engine               - engineServices: [class com.almasb.fxgl.app.services.FXGLAssetLoaderService, class com.almasb.fxgl.app.FXGLApplication$GameApplicationService, class com.almasb.fxgl.app.services.FXGLDialogService, class com.almasb.fxgl.app.services.IOTaskExecutorService, class com.almasb.fxgl.io.FileSystemService, class com.almasb.fxgl.localization.LocalizationService, class com.almasb.fxgl.app.services.SystemBundleService, class com.almasb.fxgl.profile.SaveLoadService, class com.almasb.fxgl.ui.FXGLUIFactoryServiceProvider, class com.almasb.fxgl.ui.FXGLDialogFactoryServiceProvider, class com.almasb.fxgl.audio.AudioPlayer, class com.almasb.fxgl.notification.impl.NotificationServiceProvider, class com.almasb.fxgl.achievement.AchievementService, class com.almasb.fxgl.cutscene.CutsceneService, class com.almasb.fxgl.minigames.MiniGameService, class com.almasb.fxgl.net.NetService, class com.almasb.fxgl.app.services.UpdaterService, class com.almasb.fxgl.dev.DevService]
05:02:40.010 [FXGL Background Thread 3 ] DEBUG Engine               - fontGame: Abel-Regular.ttf
05:02:40.010 [FXGL Background Thread 3 ] DEBUG Engine               - fontMono: TerminalLandMono-Regular.otf
05:02:40.010 [FXGL Background Thread 3 ] DEBUG Engine               - fontSizeScaleUI: 1.0
05:02:40.010 [FXGL Background Thread 3 ] DEBUG Engine               - fontText: Courier-Prime.ttf
05:02:40.010 [FXGL Background Thread 3 ] DEBUG Engine               - fontUI: VarelaRound-Regular.ttf
05:02:40.011 [FXGL Background Thread 3 ] DEBUG Engine               - fullScreen: BooleanProperty [value: false]
05:02:40.011 [FXGL Background Thread 3 ] DEBUG Engine               - gameDifficulty: MEDIUM
05:02:40.011 [FXGL Background Thread 3 ] DEBUG Engine               - gameDifficultyProperty: ObjectProperty [value: MEDIUM]
05:02:40.011 [FXGL Background Thread 3 ] DEBUG Engine               - globalMusicVolume: 0.5
05:02:40.011 [FXGL Background Thread 3 ] DEBUG Engine               - globalMusicVolumeProperty: DoubleProperty [value: 0.5]
05:02:40.011 [FXGL Background Thread 3 ] DEBUG Engine               - globalSoundVolume: 0.5
05:02:40.011 [FXGL Background Thread 3 ] DEBUG Engine               - globalSoundVolumeProperty: DoubleProperty [value: 0.25]
05:02:40.011 [FXGL Background Thread 3 ] DEBUG Engine               - height: 720
05:02:40.011 [FXGL Background Thread 3 ] DEBUG Engine               - is3D: false
05:02:40.011 [FXGL Background Thread 3 ] DEBUG Engine               - isAndroid: false
05:02:40.011 [FXGL Background Thread 3 ] DEBUG Engine               - isBrowser: false
05:02:40.011 [FXGL Background Thread 3 ] DEBUG Engine               - isClickFeedbackEnabled: false
05:02:40.011 [FXGL Background Thread 3 ] DEBUG Engine               - isCloseConfirmation: false
05:02:40.011 [FXGL Background Thread 3 ] DEBUG Engine               - isDesktop: true
05:02:40.011 [FXGL Background Thread 3 ] DEBUG Engine               - isDeveloperMenuEnabled: true
05:02:40.012 [FXGL Background Thread 3 ] DEBUG Engine               - isEmbedded: false
05:02:40.012 [FXGL Background Thread 3 ] DEBUG Engine               - isEntityPreloadEnabled: true
05:02:40.012 [FXGL Background Thread 3 ] DEBUG Engine               - isExperimentalTiledLargeMap: false
05:02:40.012 [FXGL Background Thread 3 ] DEBUG Engine               - isFileSystemWriteAllowed: true
05:02:40.012 [FXGL Background Thread 3 ] DEBUG Engine               - isFullScreenAllowed: false
05:02:40.012 [FXGL Background Thread 3 ] DEBUG Engine               - isFullScreenFromStart: false
05:02:40.012 [FXGL Background Thread 3 ] DEBUG Engine               - isGameMenuEnabled: true
05:02:40.012 [FXGL Background Thread 3 ] DEBUG Engine               - isIOS: false
05:02:40.012 [FXGL Background Thread 3 ] DEBUG Engine               - isIntroEnabled: false
05:02:40.012 [FXGL Background Thread 3 ] DEBUG Engine               - isLinux: false
05:02:40.012 [FXGL Background Thread 3 ] DEBUG Engine               - isMac: false
05:02:40.012 [FXGL Background Thread 3 ] DEBUG Engine               - isMainMenuEnabled: true
05:02:40.012 [FXGL Background Thread 3 ] DEBUG Engine               - isManualResizeEnabled: false
05:02:40.012 [FXGL Background Thread 3 ] DEBUG Engine               - isMobile: false
05:02:40.012 [FXGL Background Thread 3 ] DEBUG Engine               - isNative: false
05:02:40.012 [FXGL Background Thread 3 ] DEBUG Engine               - isPauseMusicWhenMinimized: true
05:02:40.012 [FXGL Background Thread 3 ] DEBUG Engine               - isPreserveResizeRatio: false
05:02:40.012 [FXGL Background Thread 3 ] DEBUG Engine               - isProfilingEnabled: false
05:02:40.013 [FXGL Background Thread 3 ] DEBUG Engine               - isScaleAffectedOnResize: true
05:02:40.013 [FXGL Background Thread 3 ] DEBUG Engine               - isSingleStep: false
05:02:40.013 [FXGL Background Thread 3 ] DEBUG Engine               - isUserProfileEnabled: false
05:02:40.013 [FXGL Background Thread 3 ] DEBUG Engine               - isWindows: true
05:02:40.013 [FXGL Background Thread 3 ] DEBUG Engine               - language: ObjectProperty [value: ENGLISH]
05:02:40.013 [FXGL Background Thread 3 ] DEBUG Engine               - menuKey: ESCAPE
05:02:40.013 [FXGL Background Thread 3 ] DEBUG Engine               - mouseSensitivity: 0.2
05:02:40.013 [FXGL Background Thread 3 ] DEBUG Engine               - notificationViewClass: class com.almasb.fxgl.notification.view.XboxNotificationView
05:02:40.013 [FXGL Background Thread 3 ] DEBUG Engine               - pixelsPerMeter: 50.0
05:02:40.013 [FXGL Background Thread 3 ] DEBUG Engine               - platform: WINDOWS
05:02:40.013 [FXGL Background Thread 3 ] DEBUG Engine               - prefHeightProperty: ReadOnlyDoubleProperty [value: 720.0]
05:02:40.013 [FXGL Background Thread 3 ] DEBUG Engine               - prefWidthProperty: ReadOnlyDoubleProperty [value: 720.0]
05:02:40.013 [FXGL Background Thread 3 ] DEBUG Engine               - profileDir: profiles/
05:02:40.013 [FXGL Background Thread 3 ] DEBUG Engine               - profileName: StringProperty [value: DEFAULT]
05:02:40.015 [FXGL Background Thread 3 ] DEBUG Engine               - randomSeed: -1
05:02:40.020 [FXGL Background Thread 3 ] DEBUG Engine               - runtimeInfo: RuntimeInfo(platform=WINDOWS, version=17.3, build=30.03.2023 11.49)
05:02:40.020 [FXGL Background Thread 3 ] DEBUG Engine               - saveFileExt: sav
05:02:40.021 [FXGL Background Thread 3 ] DEBUG Engine               - scaledHeightProp$fxgl: DoubleProperty [bound, value: 720.0]
05:02:40.021 [FXGL Background Thread 3 ] DEBUG Engine               - scaledWidthProp$fxgl: DoubleProperty [bound, value: 720.0]
05:02:40.021 [FXGL Background Thread 3 ] DEBUG Engine               - sceneFactory: com.example.flat2d.GameApp$1@3bbf4121
05:02:40.021 [FXGL Background Thread 3 ] DEBUG Engine               - secondsIn24h: 60
05:02:40.021 [FXGL Background Thread 3 ] DEBUG Engine               - soundMenuBack: menu/back.wav
05:02:40.022 [FXGL Background Thread 3 ] DEBUG Engine               - soundMenuPress: menu/press.wav
05:02:40.022 [FXGL Background Thread 3 ] DEBUG Engine               - soundMenuSelect: menu/select.wav
05:02:40.022 [FXGL Background Thread 3 ] DEBUG Engine               - soundNotification: core/notification.wav
05:02:40.023 [FXGL Background Thread 3 ] DEBUG Engine               - stageStyle: DECORATED
05:02:40.023 [FXGL Background Thread 3 ] DEBUG Engine               - supportedLanguages: [ENGLISH, FRENCH, GERMAN, HUNGARIAN, RUSSIAN]
05:02:40.023 [FXGL Background Thread 3 ] DEBUG Engine               - ticksPerSecond: -1
05:02:40.023 [FXGL Background Thread 3 ] DEBUG Engine               - title: Adventures of Sir Vim Zarado
05:02:40.023 [FXGL Background Thread 3 ] DEBUG Engine               - urlGithub: https://github.com/AlmasB/FXGL
05:02:40.023 [FXGL Background Thread 3 ] DEBUG Engine               - urlLeaderboard: http://fxgl-top.herokuapp.com/
05:02:40.023 [FXGL Background Thread 3 ] DEBUG Engine               - urlPOM: https://raw.githubusercontent.com/AlmasB/FXGL/release/README.md
05:02:40.023 [FXGL Background Thread 3 ] DEBUG Engine               - userAppClass: class com.example.flat2d.GameApp
05:02:40.023 [FXGL Background Thread 3 ] DEBUG Engine               - version: 0.0
05:02:40.023 [FXGL Background Thread 3 ] DEBUG Engine               - versionCheckDays: 7
05:02:40.023 [FXGL Background Thread 3 ] DEBUG Engine               - width: 720
05:02:40.023 [FXGL Background Thread 3 ] DEBUG Engine               - Logging services
05:02:40.024 [FXGL Background Thread 3 ] DEBUG Engine               - class com.almasb.fxgl.app.services.FXGLAssetLoaderService
05:02:40.024 [FXGL Background Thread 3 ] DEBUG Engine               - class com.almasb.fxgl.app.FXGLApplication$GameApplicationService
05:02:40.024 [FXGL Background Thread 3 ] DEBUG Engine               - class com.almasb.fxgl.app.services.FXGLDialogService
05:02:40.024 [FXGL Background Thread 3 ] DEBUG Engine               - class com.almasb.fxgl.app.services.IOTaskExecutorService
05:02:40.024 [FXGL Background Thread 3 ] DEBUG Engine               - class com.almasb.fxgl.io.FileSystemService
05:02:40.024 [FXGL Background Thread 3 ] DEBUG Engine               - class com.almasb.fxgl.localization.LocalizationService
05:02:40.024 [FXGL Background Thread 3 ] DEBUG Engine               - class com.almasb.fxgl.app.services.SystemBundleService
05:02:40.024 [FXGL Background Thread 3 ] DEBUG Engine               - class com.almasb.fxgl.profile.SaveLoadService
05:02:40.024 [FXGL Background Thread 3 ] DEBUG Engine               - class com.almasb.fxgl.ui.FXGLUIFactoryServiceProvider
05:02:40.024 [FXGL Background Thread 3 ] DEBUG Engine               - class com.almasb.fxgl.ui.FXGLDialogFactoryServiceProvider
05:02:40.024 [FXGL Background Thread 3 ] DEBUG Engine               - class com.almasb.fxgl.audio.AudioPlayer
05:02:40.024 [FXGL Background Thread 3 ] DEBUG Engine               - class com.almasb.fxgl.notification.impl.NotificationServiceProvider
05:02:40.024 [FXGL Background Thread 3 ] DEBUG Engine               - class com.almasb.fxgl.achievement.AchievementService
05:02:40.024 [FXGL Background Thread 3 ] DEBUG Engine               - class com.almasb.fxgl.cutscene.CutsceneService
05:02:40.024 [FXGL Background Thread 3 ] DEBUG Engine               - class com.almasb.fxgl.minigames.MiniGameService
05:02:40.024 [FXGL Background Thread 3 ] DEBUG Engine               - class com.almasb.fxgl.net.NetService
05:02:40.024 [FXGL Background Thread 3 ] DEBUG Engine               - class com.almasb.fxgl.app.services.UpdaterService
05:02:40.025 [FXGL Background Thread 3 ] DEBUG Engine               - class com.almasb.fxgl.dev.DevService
05:02:40.077 [JavaFX Application Thread] DEBUG FXGLAssetLoaderServi - Loading from file system: file:/C:/Users/User/IdeaProjects/CSIT228-F3-Finals/target/classes/assets/textures/skill/spr_bullet_strip.png
05:02:40.860 [JavaFX Application Thread] DEBUG FXGLAssetLoaderServi - Loading from file system: file:/C:/Users/User/IdeaProjects/CSIT228-F3-Finals/target/classes/assets/textures/boss/BossWalkAndShockDesu.png
05:02:40.939 [JavaFX Application Thread] DEBUG FXGLAssetLoaderServi - Loading from file system: file:/C:/Users/User/IdeaProjects/CSIT228-F3-Finals/target/classes/assets/textures/boss/ThirdAttack.png
05:02:40.957 [JavaFX Application Thread] DEBUG FXGLAssetLoaderServi - Loading from file system: file:/C:/Users/User/IdeaProjects/CSIT228-F3-Finals/target/classes/assets/textures/boss/ThirdBlink.png
05:02:40.965 [JavaFX Application Thread] DEBUG FXGLAssetLoaderServi - Loading from file system: file:/C:/Users/User/IdeaProjects/CSIT228-F3-Finals/target/classes/assets/textures/boss/ThirdDead.png
05:02:40.979 [JavaFX Application Thread] DEBUG FXGLAssetLoaderServi - Loading from file system: file:/C:/Users/User/IdeaProjects/CSIT228-F3-Finals/target/classes/assets/textures/boss/ThirdIdle.png
05:02:40.987 [JavaFX Application Thread] DEBUG FXGLAssetLoaderServi - Loading from file system: file:/C:/Users/User/IdeaProjects/CSIT228-F3-Finals/target/classes/assets/textures/basic/NormalWalk2.png
05:02:40.989 [JavaFX Application Thread] DEBUG FXGLAssetLoaderServi - Loading from file system: file:/C:/Users/User/IdeaProjects/CSIT228-F3-Finals/target/classes/assets/textures/basic/NormalDead2.png
05:02:40.992 [JavaFX Application Thread] DEBUG FXGLAssetLoaderServi - Loading from file system: file:/C:/Users/User/IdeaProjects/CSIT228-F3-Finals/target/classes/assets/textures/basic/NormalAttack2.png
05:02:42.204 [JavaFX Application Thread] DEBUG FXGLAssetLoaderServi - Loading from file system: file:/C:/Users/User/IdeaProjects/CSIT228-F3-Finals/target/classes/assets/textures/background/Medium.gif
05:02:42.244 [JavaFX Application Thread] DEBUG FXGLAssetLoaderServi - Loading from file system: file:/C:/Users/User/IdeaProjects/CSIT228-F3-Finals/target/classes/assets/sounds/enemy-death2.wav
05:02:44.379 [JavaFX Application Thread] DEBUG FXGLAssetLoaderServi - Loading from file system: file:/C:/Users/User/IdeaProjects/CSIT228-F3-Finals/target/classes/assets/textures/background/Large.gif
05:02:45.882 [JavaFX Application Thread] DEBUG FXGLAssetLoaderServi - Loading from file system: file:/C:/Users/User/IdeaProjects/CSIT228-F3-Finals/target/classes/assets/textures/background/burn.gif
05:02:46.551 [JavaFX Application Thread] DEBUG FXGLAssetLoaderServi - Loading from file system: file:/C:/Users/User/IdeaProjects/CSIT228-F3-Finals/target/classes/assets/textures/effect/ProjectilePink.png
05:02:47.620 [JavaFX Application Thread] DEBUG FXGLAssetLoaderServi - Loading from file system: file:/C:/Users/User/IdeaProjects/CSIT228-F3-Finals/target/classes/assets/textures/background/Small.gif
05:02:52.587 [JavaFX Application Thread] DEBUG FXGLAssetLoaderServi - Loading from file system: file:/C:/Users/User/IdeaProjects/CSIT228-F3-Finals/target/classes/assets/sounds/level-up-sfx.wav
05:02:52.595 [JavaFX Application Thread] DEBUG FXGLAssetLoaderServi - Loading from file system: file:/C:/Users/User/IdeaProjects/CSIT228-F3-Finals/target/classes/assets/textures/skills-icon/0%20-%20Basic.png
05:02:52.598 [JavaFX Application Thread] DEBUG FXGLAssetLoaderServi - Loading from file system: file:/C:/Users/User/IdeaProjects/CSIT228-F3-Finals/target/classes/assets/textures/background/skill-icon-bg.png
05:02:52.629 [JavaFX Application Thread] DEBUG FXGLAssetLoaderServi - Loading from file system: file:/C:/Users/User/IdeaProjects/CSIT228-F3-Finals/target/classes/assets/textures/skills-icon/1%20-%20Oratrice.png
05:02:52.633 [JavaFX Application Thread] DEBUG FXGLAssetLoaderServi - Loading from file system: file:/C:/Users/User/IdeaProjects/CSIT228-F3-Finals/target/classes/assets/textures/skills-icon/3%20-%20Stack.png
05:02:56.328 [JavaFX Application Thread] DEBUG FXGLAssetLoaderServi - Loading from file system: file:/C:/Users/User/IdeaProjects/CSIT228-F3-Finals/target/classes/assets/textures/background/skill-acquired.gif
05:02:56.690 [JavaFX Application Thread] DEBUG FXGLAssetLoaderServi - Loading from file system: file:/C:/Users/User/IdeaProjects/CSIT228-F3-Finals/target/classes/assets/textures/skill/stack-asset.png
05:03:14.057 [JavaFX Application Thread] DEBUG FXGLAssetLoaderServi - Loading from file system: file:/C:/Users/User/IdeaProjects/CSIT228-F3-Finals/target/classes/assets/textures/skills-icon/2%20-%20Cool%20and%20Normal.png
05:03:14.061 [JavaFX Application Thread] DEBUG FXGLAssetLoaderServi - Loading from file system: file:/C:/Users/User/IdeaProjects/CSIT228-F3-Finals/target/classes/assets/textures/skills-icon/4%20-%20Queue.png
05:03:20.473 [JavaFX Application Thread] DEBUG FXGLAssetLoaderServi - Loading from file system: file:/C:/Users/User/IdeaProjects/CSIT228-F3-Finals/target/classes/assets/textures/skill/OhTenTacles---315-x-250.png
05:03:20.518 [JavaFX Application Thread] DEBUG FXGLAssetLoaderServi - Loading from file system: file:/C:/Users/User/IdeaProjects/CSIT228-F3-Finals/target/classes/assets/textures/skill/Hode-Normal.png
05:04:03.209 [JavaFX Application Thread] DEBUG FXGLApplication      - Exiting FXGL
05:04:03.209 [JavaFX Application Thread] DEBUG LoopRunner           - Stopping loop
05:04:03.209 [JavaFX Application Thread] DEBUG SystemBundleService  - Saving FXGL system data
05:04:03.212 [JavaFX Application Thread] DEBUG FileSystemAccess     - Writing to: C:\Users\User\IdeaProjects\CSIT228-F3-Finals\system\fxgl.bundle
05:04:03.215 [JavaFX Application Thread] DEBUG Async                - Shutting down background threads
05:04:03.215 [JavaFX Application Thread] DEBUG PrimaryStageWindow   - Closing main window
05:04:03.227 [JavaFX Application Thread] DEBUG Logger               - Closing Logger
