16:48:49.862 [main                     ] DEBUG Logger               - Configured Logger
16:48:49.910 [main                     ] DEBUG GameApplication      - Logging settings
Title: Adventures of Sir Vim Zarado
Version: 0.0
Width: 720
Height: 720
Fullscreen: false
Intro: false
Profiling: false
Single step:false
App Mode: DEVELOPER
Menu Key: ESCAPE
Stage Style: DECORATED
Scene Factory: class com.example.flat2d.GameApp$1

16:48:50.527 [JavaFX Application Thread] DEBUG FXGLApplication      - Initializing FXGL
16:48:50.534 [JavaFX Application Thread] INFO  Engine               - FXGL-17.3 (30.03.2023 11.49) on WINDOWS (J:21.0.2 FX:21)
16:48:50.534 [JavaFX Application Thread] DEBUG Engine               - JRE Vendor Name: Oracle Corporation
16:48:50.535 [JavaFX Application Thread] DEBUG Engine               - Running on OS: Windows 10 version 10.0
16:48:50.536 [JavaFX Application Thread] DEBUG Engine               - Architecture: amd64
16:48:50.536 [JavaFX Application Thread] INFO  Engine               - Source code and latest versions at: https://github.com/AlmasB/FXGL
16:48:50.536 [JavaFX Application Thread] INFO  Engine               -       Ask questions and discuss at: https://github.com/AlmasB/FXGL/discussions
16:48:50.537 [JavaFX Application Thread] INFO  Engine               -              Join the FXGL chat at: https://gitter.im/AlmasB/FXGL
16:48:50.746 [JavaFX Application Thread] DEBUG PrimaryStageWindow   - Creating a JavaFX scene
16:48:50.842 [JavaFX Application Thread] DEBUG PrimaryStageWindow   - Target settings size: 720.0 x 720.0
16:48:50.842 [JavaFX Application Thread] DEBUG PrimaryStageWindow   - Scaled scene size:    720.0 x 720.0
16:48:50.842 [JavaFX Application Thread] DEBUG PrimaryStageWindow   - Scaled ratio: (1.0, 1.0)
16:48:50.844 [JavaFX Application Thread] DEBUG PrimaryStageWindow   - Set initial scene to FXGLStartupScene
16:48:50.850 [JavaFX Application Thread] DEBUG PrimaryStageWindow   - Opening main window
16:48:50.987 [JavaFX Application Thread] DEBUG PrimaryStageWindow   - Window border size: (16.0, 39.0)
16:48:50.988 [JavaFX Application Thread] DEBUG PrimaryStageWindow   - Scaled size: 720.0 x 720.0
16:48:50.988 [JavaFX Application Thread] DEBUG PrimaryStageWindow   - Scaled ratio: (1.0, 1.0)
16:48:50.989 [JavaFX Application Thread] DEBUG PrimaryStageWindow   - Scene size: 720.0 x 720.0
16:48:50.990 [JavaFX Application Thread] DEBUG PrimaryStageWindow   - Stage size: 736.0 x 759.0
16:48:51.018 [FXGL Background Thread 1 ] DEBUG Engine               - Initializing environment variables
16:48:51.139 [FXGL Background Thread 1 ] DEBUG FXGLAssetLoaderServi - User app class for loading assets: class com.example.flat2d.GameApp
16:48:51.139 [FXGL Background Thread 1 ] DEBUG GameApplicationServi - Applying CSS: fxgl_dark.css
16:48:51.141 [FXGL Background Thread 1 ] DEBUG FXGLAssetLoaderServi - Loading from file system: jar:file:///C:/Users/USER/.m2/repository/com/github/almasb/fxgl/17.3/fxgl-17.3.jar!/fxglassets/ui/css/fxgl_dark.css
16:48:51.247 [FXGL Background Thread 1 ] DEBUG GameApplicationServi - Initializing application scenes
16:48:51.415 [FXGL Background Thread 1 ] DEBUG GameWorld            - Game world initialized
16:48:51.544 [FXGL Background Thread 1 ] DEBUG PhysicsWorld         - Physics world initialized: appHeight=720, physics.ppm=50.0
16:48:51.544 [FXGL Background Thread 1 ] DEBUG PhysicsWorld         - Using strategy: BRUTE_FORCE
16:48:51.550 [FXGL Background Thread 1 ] DEBUG GameScene            - Game scene initialized: 720x720
16:48:51.555 [FXGL Background Thread 1 ] DEBUG FXGLAssetLoaderServi - Loading from file system: file:/C:/Users/USER/IdeaProjects/CSIT228-F3-Finals/target/classes/assets/textures/background/main-screen.jpg
16:48:51.690 [FXGL Background Thread 1 ] DEBUG FXGLAssetLoaderServi - Loading from file system: file:/C:/Users/USER/IdeaProjects/CSIT228-F3-Finals/target/classes/assets/textures/profile-pic.jpg
16:48:51.716 [FXGL Background Thread 1 ] WARN  FXGL.DefaultMenu     - FXGLDefaultMenu is not designed for resolutions < 800x600
16:48:51.717 [FXGL Background Thread 1 ] DEBUG FXGL.DefaultMenu     - createMenuBodyGameMenu()
16:48:51.740 [FXGL Background Thread 1 ] DEBUG FXGL.DefaultMenu     - createOptionsMenu()
16:48:51.751 [FXGL Background Thread 1 ] DEBUG FXGLAssetLoaderServi - Loading from file system: jar:file:///C:/Users/USER/.m2/repository/com/github/almasb/fxgl/17.3/fxgl-17.3.jar!/fxglassets/textures/particles/smoke.png
16:48:51.911 [FXGL Background Thread 1 ] DEBUG FXGLAssetLoaderServi - Loading from file system: jar:file:///C:/Users/USER/.m2/repository/com/github/almasb/fxgl/17.3/fxgl-17.3.jar!/fxglassets/textures/particles/trace_horizontal.png
16:48:51.992 [FXGL Background Thread 1 ] DEBUG GameApplicationServi - Application scenes initialized
16:48:52.013 [FXGL Background Thread 1 ] DEBUG SystemBundleService  - Loading FXGL system data
16:48:52.020 [FXGL Background Thread 1 ] DEBUG FileSystemAccess     - Reading from: C:\Users\USER\IdeaProjects\CSIT228-F3-Finals\system\fxgl.bundle
16:48:52.037 [FXGL Background Thread 1 ] DEBUG SystemBundleService  - Bundle FXGL: {}
16:48:52.037 [FXGL Background Thread 1 ] DEBUG UpdaterService       - Checking for updates
16:48:52.113 [FXGL Background Thread 1 ] DEBUG FXGLApplication      - Loading default localization
16:48:52.114 [FXGL Background Thread 1 ] DEBUG FXGLAssetLoaderServi - Loading from file system: jar:file:///C:/Users/USER/.m2/repository/com/github/almasb/fxgl/17.3/fxgl-17.3.jar!/fxglassets/languages/english.lang
16:48:52.116 [FXGL Background Thread 4 ] DEBUG FXGLApplication      - Loading fonts
16:48:52.117 [FXGL Background Thread 4 ] DEBUG FXGLAssetLoaderServi - Loading from file system: jar:file:///C:/Users/USER/.m2/repository/com/github/almasb/fxgl/17.3/fxgl-17.3.jar!/fxglassets/ui/fonts/VarelaRound-Regular.ttf
16:48:52.150 [FXGL Background Thread 1 ] INFO  FXGLApplication      - FXGL initialization took: 1.135 sec
16:48:52.166 [JavaFX Application Thread] DEBUG Input                - Registered new binding: Up - W
16:48:52.166 [JavaFX Application Thread] DEBUG Input                - Registered new binding: Right - D
16:48:52.166 [JavaFX Application Thread] DEBUG Input                - Registered new binding: Left - A
16:48:52.166 [JavaFX Application Thread] DEBUG Input                - Registered new binding: Down - S
16:48:52.168 [JavaFX Application Thread] DEBUG Input                - Registered new binding: IDK - RMB
16:48:52.169 [JavaFX Application Thread] DEBUG FXGLAssetLoaderServi - Loading from file system: file:/C:/Users/USER/IdeaProjects/CSIT228-F3-Finals/target/classes/assets/music/opening.mp3
16:48:52.359 [FXGL Background Thread 4 ] DEBUG FXGLAssetLoaderServi - Loading from file system: jar:file:///C:/Users/USER/.m2/repository/com/github/almasb/fxgl/17.3/fxgl-17.3.jar!/fxglassets/ui/fonts/Abel-Regular.ttf
16:48:52.376 [FXGL Background Thread 4 ] DEBUG FXGLAssetLoaderServi - Loading from file system: jar:file:///C:/Users/USER/.m2/repository/com/github/almasb/fxgl/17.3/fxgl-17.3.jar!/fxglassets/ui/fonts/TerminalLandMono-Regular.otf
16:48:52.394 [FXGL Background Thread 4 ] DEBUG FXGLAssetLoaderServi - Loading from file system: jar:file:///C:/Users/USER/.m2/repository/com/github/almasb/fxgl/17.3/fxgl-17.3.jar!/fxglassets/ui/fonts/Courier-Prime.ttf
16:48:52.566 [JavaFX Application Thread] DEBUG AudioPlayer          - Playing music com.almasb.fxgl.audio.Music@2d4481a8
16:48:52.567 [JavaFX Application Thread] DEBUG FXGLAssetLoaderServi - Loading from file system: jar:file:///C:/Users/USER/.m2/repository/com/github/almasb/fxgl/17.3/fxgl-17.3.jar!/fxglassets/textures/fxgl_icon.png
16:48:52.600 [JavaFX Application Thread] DEBUG FXGLAssetLoaderServi - Loading from file system: jar:file:///C:/Users/USER/.m2/repository/com/github/almasb/fxgl/17.3/fxgl-17.3.jar!/fxglassets/textures/fxgl_default_cursor.png
16:48:52.603 [JavaFX Application Thread] DEBUG Input                - Registered new binding: Screenshot - CTRL+8
16:48:52.603 [JavaFX Application Thread] DEBUG Input                - Registered new binding: Dev Options - 1
16:48:52.604 [JavaFX Application Thread] DEBUG Input                - Registered new binding: Dev Console - 2
16:48:52.604 [JavaFX Application Thread] DEBUG Input                - Registered new binding: System info dump - CTRL+9
16:48:52.605 [JavaFX Application Thread] DEBUG Input                - Registered new binding: Restart - CTRL+R
16:48:52.606 [JavaFX Application Thread] DEBUG Input                - Registered new binding: Toggle Debug Camera - CTRL+7
16:48:52.610 [JavaFX Application Thread] DEBUG LoopRunner           - Starting loop
16:48:52.620 [JavaFX Application Thread] DEBUG LoopRunner           - Initializing JavaFX AnimationTimerLoop
16:48:52.624 [JavaFX Application Thread] DEBUG Input                - Clearing active input actions
16:48:52.639 [JavaFX Application Thread] DEBUG GameApplicationServi - Removing overlay from FXGLStartupScene and adding to FXGLMainMenuDummyScene
16:48:52.645 [JavaFX Application Thread] DEBUG PrimaryStageWindow   - FXGLStartupScene -> FXGLMainMenuDummyScene
16:48:52.646 [JavaFX Application Thread] DEBUG PrimaryStageWindow   - Push state: GameMainMenu
16:48:52.646 [JavaFX Application Thread] DEBUG Input                - Clearing active input actions
16:48:52.679 [JavaFX Application Thread] DEBUG GameApplicationServi - Removing overlay from FXGLMainMenuDummyScene and adding to GameMainMenu
16:48:52.680 [JavaFX Application Thread] DEBUG PrimaryStageWindow   - FXGLMainMenuDummyScene -> GameMainMenu
16:48:52.681 [JavaFX Application Thread] DEBUG FXGLApplication      - Registering font factories with UI factory
16:48:53.031 [FXGL Background Thread 2 ] INFO  UpdaterService       - Your current version:  17.3
16:48:53.032 [FXGL Background Thread 2 ] INFO  UpdaterService       - Latest stable version: 21.1
16:48:55.108 [FXGL Background Thread 3 ] DEBUG Engine               - Logging environment variables
16:48:55.109 [FXGL Background Thread 3 ] DEBUG Engine               - achievements: []
16:48:55.109 [FXGL Background Thread 3 ] DEBUG Engine               - actualHeight: 720.0
16:48:55.109 [FXGL Background Thread 3 ] DEBUG Engine               - actualHeightProperty: ReadOnlyDoubleProperty [value: 720.0]
16:48:55.110 [FXGL Background Thread 3 ] DEBUG Engine               - actualWidth: 720.0
16:48:55.110 [FXGL Background Thread 3 ] DEBUG Engine               - actualWidthProperty: ReadOnlyDoubleProperty [value: 720.0]
16:48:55.110 [FXGL Background Thread 3 ] DEBUG Engine               - appIcon: fxgl_icon.png
16:48:55.110 [FXGL Background Thread 3 ] DEBUG Engine               - applicationMode: DEVELOPER
16:48:55.111 [FXGL Background Thread 3 ] DEBUG Engine               - cSSList: [fxgl_dark.css]
16:48:55.111 [FXGL Background Thread 3 ] DEBUG Engine               - collisionDetectionStrategy: BRUTE_FORCE
16:48:55.112 [FXGL Background Thread 3 ] DEBUG Engine               - configClass: Optional[class com.example.flat2d.Misc.Config]
16:48:55.112 [FXGL Background Thread 3 ] DEBUG Engine               - credits: []
16:48:55.113 [FXGL Background Thread 3 ] DEBUG Engine               - defaultCursor: CursorInfo(imageName=fxgl_default_cursor.png, hotspotX=7.0, hotspotY=6.0)
16:48:55.113 [FXGL Background Thread 3 ] DEBUG Engine               - devBBoxColorProperty: ObjectProperty [value: 0xff0000ff]
16:48:55.114 [FXGL Background Thread 3 ] DEBUG Engine               - devEnableDebugCameraProperty: BooleanProperty [value: false]
16:48:55.114 [FXGL Background Thread 3 ] DEBUG Engine               - devSensorColorProperty: ObjectProperty [value: 0xffff00ff]
16:48:55.114 [FXGL Background Thread 3 ] DEBUG Engine               - devShowBBoxProperty: BooleanProperty [value: false]
16:48:55.115 [FXGL Background Thread 3 ] DEBUG Engine               - devShowPositionProperty: BooleanProperty [value: false]
16:48:55.115 [FXGL Background Thread 3 ] DEBUG Engine               - enabledMenuItems: []
16:48:55.115 [FXGL Background Thread 3 ] DEBUG Engine               - engineServices: [class com.almasb.fxgl.app.services.FXGLAssetLoaderService, class com.almasb.fxgl.app.FXGLApplication$GameApplicationService, class com.almasb.fxgl.app.services.FXGLDialogService, class com.almasb.fxgl.app.services.IOTaskExecutorService, class com.almasb.fxgl.io.FileSystemService, class com.almasb.fxgl.localization.LocalizationService, class com.almasb.fxgl.app.services.SystemBundleService, class com.almasb.fxgl.profile.SaveLoadService, class com.almasb.fxgl.ui.FXGLUIFactoryServiceProvider, class com.almasb.fxgl.ui.FXGLDialogFactoryServiceProvider, class com.almasb.fxgl.audio.AudioPlayer, class com.almasb.fxgl.notification.impl.NotificationServiceProvider, class com.almasb.fxgl.achievement.AchievementService, class com.almasb.fxgl.cutscene.CutsceneService, class com.almasb.fxgl.minigames.MiniGameService, class com.almasb.fxgl.net.NetService, class com.almasb.fxgl.app.services.UpdaterService, class com.almasb.fxgl.dev.DevService]
16:48:55.115 [FXGL Background Thread 3 ] DEBUG Engine               - fontGame: Abel-Regular.ttf
16:48:55.115 [FXGL Background Thread 3 ] DEBUG Engine               - fontMono: TerminalLandMono-Regular.otf
16:48:55.116 [FXGL Background Thread 3 ] DEBUG Engine               - fontSizeScaleUI: 1.0
16:48:55.116 [FXGL Background Thread 3 ] DEBUG Engine               - fontText: Courier-Prime.ttf
16:48:55.117 [FXGL Background Thread 3 ] DEBUG Engine               - fontUI: VarelaRound-Regular.ttf
16:48:55.117 [FXGL Background Thread 3 ] DEBUG Engine               - fullScreen: BooleanProperty [value: false]
16:48:55.117 [FXGL Background Thread 3 ] DEBUG Engine               - gameDifficulty: MEDIUM
16:48:55.117 [FXGL Background Thread 3 ] DEBUG Engine               - gameDifficultyProperty: ObjectProperty [value: MEDIUM]
16:48:55.117 [FXGL Background Thread 3 ] DEBUG Engine               - globalMusicVolume: 0.5
16:48:55.117 [FXGL Background Thread 3 ] DEBUG Engine               - globalMusicVolumeProperty: DoubleProperty [value: 0.5]
16:48:55.118 [FXGL Background Thread 3 ] DEBUG Engine               - globalSoundVolume: 0.5
16:48:55.118 [FXGL Background Thread 3 ] DEBUG Engine               - globalSoundVolumeProperty: DoubleProperty [value: 0.25]
16:48:55.118 [FXGL Background Thread 3 ] DEBUG Engine               - height: 720
16:48:55.118 [FXGL Background Thread 3 ] DEBUG Engine               - is3D: false
16:48:55.119 [FXGL Background Thread 3 ] DEBUG Engine               - isAndroid: false
16:48:55.119 [FXGL Background Thread 3 ] DEBUG Engine               - isBrowser: false
16:48:55.119 [FXGL Background Thread 3 ] DEBUG Engine               - isClickFeedbackEnabled: false
16:48:55.119 [FXGL Background Thread 3 ] DEBUG Engine               - isCloseConfirmation: false
16:48:55.119 [FXGL Background Thread 3 ] DEBUG Engine               - isDesktop: true
16:48:55.119 [FXGL Background Thread 3 ] DEBUG Engine               - isDeveloperMenuEnabled: true
16:48:55.120 [FXGL Background Thread 3 ] DEBUG Engine               - isEmbedded: false
16:48:55.120 [FXGL Background Thread 3 ] DEBUG Engine               - isEntityPreloadEnabled: true
16:48:55.120 [FXGL Background Thread 3 ] DEBUG Engine               - isExperimentalTiledLargeMap: false
16:48:55.120 [FXGL Background Thread 3 ] DEBUG Engine               - isFileSystemWriteAllowed: true
16:48:55.120 [FXGL Background Thread 3 ] DEBUG Engine               - isFullScreenAllowed: false
16:48:55.121 [FXGL Background Thread 3 ] DEBUG Engine               - isFullScreenFromStart: false
16:48:55.121 [FXGL Background Thread 3 ] DEBUG Engine               - isGameMenuEnabled: true
16:48:55.121 [FXGL Background Thread 3 ] DEBUG Engine               - isIOS: false
16:48:55.121 [FXGL Background Thread 3 ] DEBUG Engine               - isIntroEnabled: false
16:48:55.121 [FXGL Background Thread 3 ] DEBUG Engine               - isLinux: false
16:48:55.122 [FXGL Background Thread 3 ] DEBUG Engine               - isMac: false
16:48:55.123 [FXGL Background Thread 3 ] DEBUG Engine               - isMainMenuEnabled: true
16:48:55.123 [FXGL Background Thread 3 ] DEBUG Engine               - isManualResizeEnabled: false
16:48:55.123 [FXGL Background Thread 3 ] DEBUG Engine               - isMobile: false
16:48:55.123 [FXGL Background Thread 3 ] DEBUG Engine               - isNative: false
16:48:55.123 [FXGL Background Thread 3 ] DEBUG Engine               - isPauseMusicWhenMinimized: true
16:48:55.123 [FXGL Background Thread 3 ] DEBUG Engine               - isPreserveResizeRatio: false
16:48:55.123 [FXGL Background Thread 3 ] DEBUG Engine               - isProfilingEnabled: false
16:48:55.123 [FXGL Background Thread 3 ] DEBUG Engine               - isScaleAffectedOnResize: true
16:48:55.123 [FXGL Background Thread 3 ] DEBUG Engine               - isSingleStep: false
16:48:55.124 [FXGL Background Thread 3 ] DEBUG Engine               - isUserProfileEnabled: false
16:48:55.124 [FXGL Background Thread 3 ] DEBUG Engine               - isWindows: true
16:48:55.124 [FXGL Background Thread 3 ] DEBUG Engine               - language: ObjectProperty [value: ENGLISH]
16:48:55.124 [FXGL Background Thread 3 ] DEBUG Engine               - menuKey: ESCAPE
16:48:55.124 [FXGL Background Thread 3 ] DEBUG Engine               - mouseSensitivity: 0.2
16:48:55.124 [FXGL Background Thread 3 ] DEBUG Engine               - notificationViewClass: class com.almasb.fxgl.notification.view.XboxNotificationView
16:48:55.124 [FXGL Background Thread 3 ] DEBUG Engine               - pixelsPerMeter: 50.0
16:48:55.125 [FXGL Background Thread 3 ] DEBUG Engine               - platform: WINDOWS
16:48:55.125 [FXGL Background Thread 3 ] DEBUG Engine               - prefHeightProperty: ReadOnlyDoubleProperty [value: 720.0]
16:48:55.125 [FXGL Background Thread 3 ] DEBUG Engine               - prefWidthProperty: ReadOnlyDoubleProperty [value: 720.0]
16:48:55.125 [FXGL Background Thread 3 ] DEBUG Engine               - profileDir: profiles/
16:48:55.125 [FXGL Background Thread 3 ] DEBUG Engine               - profileName: StringProperty [value: DEFAULT]
16:48:55.125 [FXGL Background Thread 3 ] DEBUG Engine               - randomSeed: -1
16:48:55.126 [FXGL Background Thread 3 ] DEBUG Engine               - runtimeInfo: RuntimeInfo(platform=WINDOWS, version=17.3, build=30.03.2023 11.49)
16:48:55.126 [FXGL Background Thread 3 ] DEBUG Engine               - saveFileExt: sav
16:48:55.126 [FXGL Background Thread 3 ] DEBUG Engine               - scaledHeightProp$fxgl: DoubleProperty [bound, value: 720.0]
16:48:55.127 [FXGL Background Thread 3 ] DEBUG Engine               - scaledWidthProp$fxgl: DoubleProperty [bound, value: 720.0]
16:48:55.127 [FXGL Background Thread 3 ] DEBUG Engine               - sceneFactory: com.example.flat2d.GameApp$1@7a0f506e
16:48:55.127 [FXGL Background Thread 3 ] DEBUG Engine               - secondsIn24h: 60
16:48:55.127 [FXGL Background Thread 3 ] DEBUG Engine               - soundMenuBack: menu/back.wav
16:48:55.127 [FXGL Background Thread 3 ] DEBUG Engine               - soundMenuPress: menu/press.wav
16:48:55.127 [FXGL Background Thread 3 ] DEBUG Engine               - soundMenuSelect: menu/select.wav
16:48:55.127 [FXGL Background Thread 3 ] DEBUG Engine               - soundNotification: core/notification.wav
16:48:55.128 [FXGL Background Thread 3 ] DEBUG Engine               - stageStyle: DECORATED
16:48:55.128 [FXGL Background Thread 3 ] DEBUG Engine               - supportedLanguages: [ENGLISH, FRENCH, GERMAN, HUNGARIAN, RUSSIAN]
16:48:55.128 [FXGL Background Thread 3 ] DEBUG Engine               - ticksPerSecond: -1
16:48:55.128 [FXGL Background Thread 3 ] DEBUG Engine               - title: Adventures of Sir Vim Zarado
16:48:55.128 [FXGL Background Thread 3 ] DEBUG Engine               - urlGithub: https://github.com/AlmasB/FXGL
16:48:55.128 [FXGL Background Thread 3 ] DEBUG Engine               - urlLeaderboard: http://fxgl-top.herokuapp.com/
16:48:55.129 [FXGL Background Thread 3 ] DEBUG Engine               - urlPOM: https://raw.githubusercontent.com/AlmasB/FXGL/release/README.md
16:48:55.129 [FXGL Background Thread 3 ] DEBUG Engine               - userAppClass: class com.example.flat2d.GameApp
16:48:55.130 [FXGL Background Thread 3 ] DEBUG Engine               - version: 0.0
16:48:55.130 [FXGL Background Thread 3 ] DEBUG Engine               - versionCheckDays: 7
16:48:55.130 [FXGL Background Thread 3 ] DEBUG Engine               - width: 720
16:48:55.131 [FXGL Background Thread 3 ] DEBUG Engine               - Logging services
16:48:55.131 [FXGL Background Thread 3 ] DEBUG Engine               - class com.almasb.fxgl.app.services.FXGLAssetLoaderService
16:48:55.131 [FXGL Background Thread 3 ] DEBUG Engine               - class com.almasb.fxgl.app.FXGLApplication$GameApplicationService
16:48:55.132 [FXGL Background Thread 3 ] DEBUG Engine               - class com.almasb.fxgl.app.services.FXGLDialogService
16:48:55.132 [FXGL Background Thread 3 ] DEBUG Engine               - class com.almasb.fxgl.app.services.IOTaskExecutorService
16:48:55.132 [FXGL Background Thread 3 ] DEBUG Engine               - class com.almasb.fxgl.io.FileSystemService
16:48:55.132 [FXGL Background Thread 3 ] DEBUG Engine               - class com.almasb.fxgl.localization.LocalizationService
16:48:55.132 [FXGL Background Thread 3 ] DEBUG Engine               - class com.almasb.fxgl.app.services.SystemBundleService
16:48:55.132 [FXGL Background Thread 3 ] DEBUG Engine               - class com.almasb.fxgl.profile.SaveLoadService
16:48:55.132 [FXGL Background Thread 3 ] DEBUG Engine               - class com.almasb.fxgl.ui.FXGLUIFactoryServiceProvider
16:48:55.132 [FXGL Background Thread 3 ] DEBUG Engine               - class com.almasb.fxgl.ui.FXGLDialogFactoryServiceProvider
16:48:55.133 [FXGL Background Thread 3 ] DEBUG Engine               - class com.almasb.fxgl.audio.AudioPlayer
16:48:55.133 [FXGL Background Thread 3 ] DEBUG Engine               - class com.almasb.fxgl.notification.impl.NotificationServiceProvider
16:48:55.133 [FXGL Background Thread 3 ] DEBUG Engine               - class com.almasb.fxgl.achievement.AchievementService
16:48:55.133 [FXGL Background Thread 3 ] DEBUG Engine               - class com.almasb.fxgl.cutscene.CutsceneService
16:48:55.133 [FXGL Background Thread 3 ] DEBUG Engine               - class com.almasb.fxgl.minigames.MiniGameService
16:48:55.133 [FXGL Background Thread 3 ] DEBUG Engine               - class com.almasb.fxgl.net.NetService
16:48:55.133 [FXGL Background Thread 3 ] DEBUG Engine               - class com.almasb.fxgl.app.services.UpdaterService
16:48:55.133 [FXGL Background Thread 3 ] DEBUG Engine               - class com.almasb.fxgl.dev.DevService
16:48:57.480 [JavaFX Application Thread] DEBUG AudioPlayer          - Stopping music com.almasb.fxgl.audio.Music@2d4481a8
16:48:57.482 [JavaFX Application Thread] DEBUG FXGLAssetLoaderServi - Loading from file system: file:/C:/Users/USER/IdeaProjects/CSIT228-F3-Finals/target/classes/assets/music/game-music.mp3
16:48:57.485 [JavaFX Application Thread] DEBUG AudioPlayer          - Playing music com.almasb.fxgl.audio.Music@3785c5f3
16:48:57.485 [JavaFX Application Thread] DEBUG Menu                 - fireNewGame()
16:48:57.485 [JavaFX Application Thread] DEBUG GameApplicationServi - Starting new game
16:48:57.486 [JavaFX Application Thread] DEBUG PrimaryStageWindow   - Pop state: GameMainMenu
16:48:57.486 [JavaFX Application Thread] DEBUG Input                - Clearing active input actions
16:48:57.488 [JavaFX Application Thread] DEBUG GameApplicationServi - Removing overlay from GameMainMenu and adding to FXGLMainMenuDummyScene
16:48:57.493 [JavaFX Application Thread] DEBUG PrimaryStageWindow   - FXGLMainMenuDummyScene <- GameMainMenu
16:48:57.493 [JavaFX Application Thread] DEBUG Input                - Clearing active input actions
16:48:57.504 [JavaFX Application Thread] DEBUG GameApplicationServi - Removing overlay from FXGLMainMenuDummyScene and adding to FXGLLoadingScene
16:48:57.505 [JavaFX Application Thread] DEBUG PrimaryStageWindow   - FXGLMainMenuDummyScene -> FXGLLoadingScene
16:48:57.506 [JavaFX Application Thread] DEBUG GameApplicationServi - Clearing previous game
16:48:57.506 [JavaFX Application Thread] DEBUG GameScene            - Clearing game scene
16:48:57.506 [JavaFX Application Thread] DEBUG GameWorld            - Clearing game world
16:48:57.506 [JavaFX Application Thread] DEBUG PhysicsWorld         - Clearing physics world
16:48:57.509 [FXGL Background Thread 2 ] DEBUG FXGLApplication      - Initializing game
16:48:57.618 [FXGL Background Thread 2 ] WARN  TMXLevelLoader       - TiledMap generated from 1.10.2. Supported version: 1.9.0. Some features may not be parsed fully.
16:48:57.752 [FXGL Background Thread 2 ] DEBUG TMXLevelLoader       - Parsed TiledMap: file:/C:/Users/USER/IdeaProjects/CSIT228-F3-Finals/target/classes/assets/levels/tmx/2DGameTiledMap.tmx
16:48:57.755 [FXGL Background Thread 2 ] DEBUG TMXLevelLoader       - Creating tile layer entities
16:48:57.758 [FXGL Background Thread 2 ] DEBUG TilesetLoader        - Loading view for layer floor
16:48:57.765 [FXGL Background Thread 2 ] DEBUG TilesetLoader        - Created buffer with size 2304.0x2304.0
16:48:57.921 [FXGL Background Thread 2 ] DEBUG TilesetLoader        - Loading view for layer stuff
16:48:57.940 [FXGL Background Thread 2 ] DEBUG TilesetLoader        - Created buffer with size 2304.0x2304.0
16:48:57.954 [FXGL Background Thread 2 ] DEBUG TilesetLoader        - Loading view for layer decor
16:48:57.972 [FXGL Background Thread 2 ] DEBUG TilesetLoader        - Created buffer with size 2304.0x2304.0
16:48:57.986 [FXGL Background Thread 2 ] DEBUG TilesetLoader        - Loading view for layer more
16:48:58.006 [FXGL Background Thread 2 ] DEBUG TilesetLoader        - Created buffer with size 2304.0x2304.0
16:48:58.008 [FXGL Background Thread 2 ] DEBUG TMXLevelLoader       - Creating object layer entities
16:48:58.060 [FXGL Background Thread 2 ] DEBUG FXGLAssetLoaderServi - Loading from file system: file:/C:/Users/USER/IdeaProjects/CSIT228-F3-Finals/target/classes/assets/textures/background/torch.gif
16:48:58.142 [FXGL Background Thread 2 ] DEBUG GameWorld            - Clearing removable entities
16:48:58.145 [FXGL Background Thread 2 ] DEBUG GameWorld            - Setting level: com.almasb.fxgl.entity.level.Level@44fc975a
16:48:58.159 [FXGL Background Thread 2 ] DEBUG FXGLAssetLoaderServi - Loading from file system: file:/C:/Users/USER/IdeaProjects/CSIT228-F3-Finals/target/classes/assets/textures/player/lecatmoves.png
16:48:58.163 [FXGL Background Thread 2 ] DEBUG FXGLAssetLoaderServi - Loading from file system: file:/C:/Users/USER/IdeaProjects/CSIT228-F3-Finals/target/classes/assets/textures/player/CatOne.png
16:48:58.164 [FXGL Background Thread 2 ] DEBUG FXGLAssetLoaderServi - Loading from file system: file:/C:/Users/USER/IdeaProjects/CSIT228-F3-Finals/target/classes/assets/textures/player/CatThree.png
16:48:58.168 [FXGL Background Thread 2 ] DEBUG FXGLAssetLoaderServi - Loading from file system: file:/C:/Users/USER/IdeaProjects/CSIT228-F3-Finals/target/classes/assets/textures/player/CatFour.png
16:48:58.214 [FXGL Background Thread 2 ] INFO  FXGLApplication      - Game initialization took: 0.706 sec
16:48:58.218 [JavaFX Application Thread] DEBUG Input                - Clearing active input actions
16:48:58.232 [JavaFX Application Thread] DEBUG GameApplicationServi - Removing overlay from FXGLLoadingScene and adding to GameScene
16:48:58.242 [JavaFX Application Thread] DEBUG PrimaryStageWindow   - FXGLLoadingScene -> GameScene
16:48:59.201 [JavaFX Application Thread] DEBUG FXGLAssetLoaderServi - Loading from file system: file:/C:/Users/USER/IdeaProjects/CSIT228-F3-Finals/target/classes/assets/textures/skill/spr_bullet_strip.png
16:49:04.928 [JavaFX Application Thread] DEBUG FXGLApplication      - Exiting FXGL
16:49:04.928 [JavaFX Application Thread] DEBUG LoopRunner           - Stopping loop
16:49:04.929 [JavaFX Application Thread] DEBUG SystemBundleService  - Saving FXGL system data
16:49:04.932 [JavaFX Application Thread] DEBUG FileSystemAccess     - Writing to: C:\Users\USER\IdeaProjects\CSIT228-F3-Finals\system\fxgl.bundle
16:49:04.936 [JavaFX Application Thread] DEBUG Async                - Shutting down background threads
16:49:04.937 [JavaFX Application Thread] DEBUG PrimaryStageWindow   - Closing main window
16:49:04.956 [JavaFX Application Thread] DEBUG Logger               - Closing Logger
