04:57:44.821 [main                     ] DEBUG Logger               - Configured Logger
04:57:44.838 [main                     ] DEBUG GameApplication      - Logging settings
Title: Adventures of Sir Vim Zarado
Version: 0.0
Width: 720
Height: 720
Fullscreen: false
Intro: false
Profiling: false
Single step:false
App Mode: DEVELOPER
Menu Key: ESCAPE
Stage Style: DECORATED
Scene Factory: class com.example.flat2d.GameApp$1

04:57:45.217 [JavaFX Application Thread] DEBUG FXGLApplication      - Initializing FXGL
04:57:45.221 [JavaFX Application Thread] INFO  Engine               - FXGL-17.3 (30.03.2023 11.49) on WINDOWS (J:21.0.3 FX:21)
04:57:45.222 [JavaFX Application Thread] DEBUG Engine               - JRE Vendor Name: Amazon.com Inc.
04:57:45.222 [JavaFX Application Thread] DEBUG Engine               - Running on OS: Windows 10 version 10.0
04:57:45.222 [JavaFX Application Thread] DEBUG Engine               - Architecture: amd64
04:57:45.222 [JavaFX Application Thread] INFO  Engine               - Source code and latest versions at: https://github.com/AlmasB/FXGL
04:57:45.222 [JavaFX Application Thread] INFO  Engine               -       Ask questions and discuss at: https://github.com/AlmasB/FXGL/discussions
04:57:45.223 [JavaFX Application Thread] INFO  Engine               -              Join the FXGL chat at: https://gitter.im/AlmasB/FXGL
04:57:45.323 [JavaFX Application Thread] DEBUG PrimaryStageWindow   - Creating a JavaFX scene
04:57:45.374 [JavaFX Application Thread] DEBUG PrimaryStageWindow   - Target settings size: 720.0 x 720.0
04:57:45.375 [JavaFX Application Thread] DEBUG PrimaryStageWindow   - Scaled scene size:    720.0 x 720.0
04:57:45.375 [JavaFX Application Thread] DEBUG PrimaryStageWindow   - Scaled ratio: (1.0, 1.0)
04:57:45.376 [JavaFX Application Thread] DEBUG PrimaryStageWindow   - Set initial scene to FXGLStartupScene
04:57:45.379 [JavaFX Application Thread] DEBUG PrimaryStageWindow   - Opening main window
04:57:45.462 [JavaFX Application Thread] DEBUG PrimaryStageWindow   - Window border size: (16.0, 39.0)
04:57:45.462 [JavaFX Application Thread] DEBUG PrimaryStageWindow   - Scaled size: 720.0 x 720.0
04:57:45.463 [JavaFX Application Thread] DEBUG PrimaryStageWindow   - Scaled ratio: (1.0, 1.0)
04:57:45.463 [JavaFX Application Thread] DEBUG PrimaryStageWindow   - Scene size: 720.0 x 720.0
04:57:45.463 [JavaFX Application Thread] DEBUG PrimaryStageWindow   - Stage size: 736.0 x 759.0
04:57:45.492 [FXGL Background Thread 1 ] DEBUG Engine               - Initializing environment variables
04:57:45.547 [FXGL Background Thread 1 ] DEBUG FXGLAssetLoaderServi - User app class for loading assets: class com.example.flat2d.GameApp
04:57:45.547 [FXGL Background Thread 1 ] DEBUG GameApplicationServi - Applying CSS: fxgl_dark.css
04:57:45.548 [FXGL Background Thread 1 ] DEBUG FXGLAssetLoaderServi - Loading from file system: jar:file:///C:/Users/User/.m2/repository/com/github/almasb/fxgl/17.3/fxgl-17.3.jar!/fxglassets/ui/css/fxgl_dark.css
04:57:45.590 [FXGL Background Thread 1 ] DEBUG GameApplicationServi - Initializing application scenes
04:57:45.659 [FXGL Background Thread 1 ] DEBUG GameWorld            - Game world initialized
04:57:45.715 [FXGL Background Thread 1 ] DEBUG PhysicsWorld         - Physics world initialized: appHeight=720, physics.ppm=50.0
04:57:45.715 [FXGL Background Thread 1 ] DEBUG PhysicsWorld         - Using strategy: BRUTE_FORCE
04:57:45.719 [FXGL Background Thread 1 ] DEBUG GameScene            - Game scene initialized: 720x720
04:57:45.722 [FXGL Background Thread 1 ] DEBUG FXGLAssetLoaderServi - Loading from file system: file:/C:/Users/User/IdeaProjects/CSIT228-F3-Finals/target/classes/assets/textures/background/main-screen.jpg
04:57:45.809 [FXGL Background Thread 1 ] DEBUG FXGLAssetLoaderServi - Loading from file system: file:/C:/Users/User/IdeaProjects/CSIT228-F3-Finals/target/classes/assets/textures/profile-pic.jpg
04:57:45.824 [FXGL Background Thread 1 ] WARN  FXGL.DefaultMenu     - FXGLDefaultMenu is not designed for resolutions < 800x600
04:57:45.824 [FXGL Background Thread 1 ] DEBUG FXGL.DefaultMenu     - createMenuBodyGameMenu()
04:57:45.842 [FXGL Background Thread 1 ] DEBUG FXGL.DefaultMenu     - createOptionsMenu()
04:57:45.850 [FXGL Background Thread 1 ] DEBUG FXGLAssetLoaderServi - Loading from file system: jar:file:///C:/Users/User/.m2/repository/com/github/almasb/fxgl/17.3/fxgl-17.3.jar!/fxglassets/textures/particles/smoke.png
04:57:45.933 [FXGL Background Thread 1 ] DEBUG FXGLAssetLoaderServi - Loading from file system: jar:file:///C:/Users/User/.m2/repository/com/github/almasb/fxgl/17.3/fxgl-17.3.jar!/fxglassets/textures/particles/trace_horizontal.png
04:57:45.955 [FXGL Background Thread 1 ] DEBUG GameApplicationServi - Application scenes initialized
04:57:45.968 [FXGL Background Thread 1 ] DEBUG SystemBundleService  - Loading FXGL system data
04:57:45.972 [FXGL Background Thread 1 ] DEBUG FileSystemAccess     - Reading from: C:\Users\User\IdeaProjects\CSIT228-F3-Finals\system\fxgl.bundle
04:57:45.982 [FXGL Background Thread 1 ] DEBUG SystemBundleService  - Bundle FXGL: {}
04:57:45.982 [FXGL Background Thread 1 ] DEBUG UpdaterService       - Checking for updates
04:57:46.022 [FXGL Background Thread 1 ] DEBUG FXGLApplication      - Loading default localization
04:57:46.023 [FXGL Background Thread 1 ] DEBUG FXGLAssetLoaderServi - Loading from file system: jar:file:///C:/Users/User/.m2/repository/com/github/almasb/fxgl/17.3/fxgl-17.3.jar!/fxglassets/languages/english.lang
04:57:46.041 [FXGL Background Thread 1 ] INFO  FXGLApplication      - FXGL initialization took: 0.549 sec
04:57:46.049 [FXGL Background Thread 4 ] DEBUG FXGLApplication      - Loading fonts
04:57:46.050 [FXGL Background Thread 4 ] DEBUG FXGLAssetLoaderServi - Loading from file system: jar:file:///C:/Users/User/.m2/repository/com/github/almasb/fxgl/17.3/fxgl-17.3.jar!/fxglassets/ui/fonts/VarelaRound-Regular.ttf
04:57:46.050 [JavaFX Application Thread] DEBUG Input                - Registered new binding: Up - W
04:57:46.050 [JavaFX Application Thread] DEBUG Input                - Registered new binding: Right - D
04:57:46.050 [JavaFX Application Thread] DEBUG Input                - Registered new binding: Left - A
04:57:46.051 [JavaFX Application Thread] DEBUG Input                - Registered new binding: Down - S
04:57:46.052 [JavaFX Application Thread] DEBUG Input                - Registered new binding: IDK - RMB
04:57:46.052 [JavaFX Application Thread] DEBUG FXGLAssetLoaderServi - Loading from file system: file:/C:/Users/User/IdeaProjects/CSIT228-F3-Finals/target/classes/assets/music/opening.mp3
04:57:46.088 [FXGL Background Thread 4 ] DEBUG FXGLAssetLoaderServi - Loading from file system: jar:file:///C:/Users/User/.m2/repository/com/github/almasb/fxgl/17.3/fxgl-17.3.jar!/fxglassets/ui/fonts/Abel-Regular.ttf
04:57:46.094 [FXGL Background Thread 4 ] DEBUG FXGLAssetLoaderServi - Loading from file system: jar:file:///C:/Users/User/.m2/repository/com/github/almasb/fxgl/17.3/fxgl-17.3.jar!/fxglassets/ui/fonts/TerminalLandMono-Regular.otf
04:57:46.098 [FXGL Background Thread 4 ] DEBUG FXGLAssetLoaderServi - Loading from file system: jar:file:///C:/Users/User/.m2/repository/com/github/almasb/fxgl/17.3/fxgl-17.3.jar!/fxglassets/ui/fonts/Courier-Prime.ttf
04:57:46.265 [JavaFX Application Thread] DEBUG AudioPlayer          - Playing music com.almasb.fxgl.audio.Music@5705930d
04:57:46.265 [JavaFX Application Thread] DEBUG FXGLAssetLoaderServi - Loading from file system: jar:file:///C:/Users/User/.m2/repository/com/github/almasb/fxgl/17.3/fxgl-17.3.jar!/fxglassets/textures/fxgl_icon.png
04:57:46.321 [JavaFX Application Thread] DEBUG FXGLAssetLoaderServi - Loading from file system: jar:file:///C:/Users/User/.m2/repository/com/github/almasb/fxgl/17.3/fxgl-17.3.jar!/fxglassets/textures/fxgl_default_cursor.png
04:57:46.325 [JavaFX Application Thread] DEBUG Input                - Registered new binding: Screenshot - CTRL+8
04:57:46.325 [JavaFX Application Thread] DEBUG Input                - Registered new binding: Dev Options - 1
04:57:46.325 [JavaFX Application Thread] DEBUG Input                - Registered new binding: Dev Console - 2
04:57:46.326 [JavaFX Application Thread] DEBUG Input                - Registered new binding: System info dump - CTRL+9
04:57:46.326 [JavaFX Application Thread] DEBUG Input                - Registered new binding: Restart - CTRL+R
04:57:46.327 [JavaFX Application Thread] DEBUG Input                - Registered new binding: Toggle Debug Camera - CTRL+7
04:57:46.330 [JavaFX Application Thread] DEBUG LoopRunner           - Starting loop
04:57:46.337 [JavaFX Application Thread] DEBUG LoopRunner           - Initializing JavaFX AnimationTimerLoop
04:57:46.340 [JavaFX Application Thread] DEBUG Input                - Clearing active input actions
04:57:46.363 [JavaFX Application Thread] DEBUG GameApplicationServi - Removing overlay from FXGLStartupScene and adding to FXGLMainMenuDummyScene
04:57:46.366 [JavaFX Application Thread] DEBUG PrimaryStageWindow   - FXGLStartupScene -> FXGLMainMenuDummyScene
04:57:46.366 [JavaFX Application Thread] DEBUG PrimaryStageWindow   - Push state: GameMainMenu
04:57:46.367 [JavaFX Application Thread] DEBUG Input                - Clearing active input actions
04:57:46.375 [JavaFX Application Thread] DEBUG GameApplicationServi - Removing overlay from FXGLMainMenuDummyScene and adding to GameMainMenu
04:57:46.375 [JavaFX Application Thread] DEBUG PrimaryStageWindow   - FXGLMainMenuDummyScene -> GameMainMenu
04:57:46.376 [JavaFX Application Thread] DEBUG FXGLApplication      - Registering font factories with UI factory
04:57:46.541 [FXGL Background Thread 2 ] INFO  UpdaterService       - Your current version:  17.3
04:57:46.541 [FXGL Background Thread 2 ] INFO  UpdaterService       - Latest stable version: 21.1
04:57:48.558 [JavaFX Application Thread] DEBUG AudioPlayer          - Stopping music com.almasb.fxgl.audio.Music@5705930d
04:57:48.559 [JavaFX Application Thread] DEBUG FXGLAssetLoaderServi - Loading from file system: file:/C:/Users/User/IdeaProjects/CSIT228-F3-Finals/target/classes/assets/music/game-music.mp3
04:57:48.562 [JavaFX Application Thread] DEBUG AudioPlayer          - Playing music com.almasb.fxgl.audio.Music@23fbd60c
04:57:48.562 [JavaFX Application Thread] DEBUG LoopRunner           - Stopping loop
04:57:48.564 [JavaFX Application Thread] FATAL FXGLApplication      - Uncaught Exception:
java.lang.IllegalArgumentException: Property Kills does not exist
	at com.almasb.fxgl.core@17.3/com.almasb.fxgl.core.collection.PropertyMap.get(PropertyMap.kt:279)
	at com.almasb.fxgl.core@17.3/com.almasb.fxgl.core.collection.PropertyMap.intProperty(PropertyMap.kt:172)
	at com.almasb.fxgl.core@17.3/com.almasb.fxgl.core.collection.PropertyMap.getInt(PropertyMap.kt:162)
	at com.almasb.fxgl.all@17.3/com.almasb.fxgl.dsl.FXGLForKtKt.geti(FXGLForKt.kt:97)
	at FLAT2D.main/com.example.flat2d.GameMainMenu.lambda$new$0(GameMainMenu.java:53)
	at FLAT2D.main/com.example.flat2d.GameMainMenu$customMenuButton.lambda$new$0(GameMainMenu.java:194)
	at javafx.base@21/com.sun.javafx.event.CompositeEventHandler.dispatchBubblingEvent(CompositeEventHandler.java:86)
	at javafx.base@21/com.sun.javafx.event.EventHandlerManager.dispatchBubblingEvent(EventHandlerManager.java:232)
	at javafx.base@21/com.sun.javafx.event.EventHandlerManager.dispatchBubblingEvent(EventHandlerManager.java:189)
	at javafx.base@21/com.sun.javafx.event.CompositeEventDispatcher.dispatchBubblingEvent(CompositeEventDispatcher.java:59)
	at javafx.base@21/com.sun.javafx.event.BasicEventDispatcher.dispatchEvent(BasicEventDispatcher.java:58)
	at javafx.base@21/com.sun.javafx.event.EventDispatchChainImpl.dispatchEvent(EventDispatchChainImpl.java:114)
	at javafx.base@21/com.sun.javafx.event.BasicEventDispatcher.dispatchEvent(BasicEventDispatcher.java:56)
	at javafx.base@21/com.sun.javafx.event.EventDispatchChainImpl.dispatchEvent(EventDispatchChainImpl.java:114)
	at javafx.base@21/com.sun.javafx.event.BasicEventDispatcher.dispatchEvent(BasicEventDispatcher.java:56)
	at javafx.base@21/com.sun.javafx.event.EventDispatchChainImpl.dispatchEvent(EventDispatchChainImpl.java:114)
	at javafx.base@21/com.sun.javafx.event.EventUtil.fireEventImpl(EventUtil.java:74)
	at javafx.base@21/com.sun.javafx.event.EventUtil.fireEvent(EventUtil.java:54)
	at javafx.base@21/javafx.event.Event.fireEvent(Event.java:198)
	at javafx.graphics@21/javafx.scene.Scene$ClickGenerator.postProcess(Scene.java:3688)
	at javafx.graphics@21/javafx.scene.Scene$MouseHandler.process(Scene.java:3993)
	at javafx.graphics@21/javafx.scene.Scene.processMouseEvent(Scene.java:1890)
	at javafx.graphics@21/javafx.scene.Scene$ScenePeerListener.mouseEvent(Scene.java:2708)
	at javafx.graphics@21/com.sun.javafx.tk.quantum.GlassViewEventHandler$MouseEventNotification.run(GlassViewEventHandler.java:411)
	at javafx.graphics@21/com.sun.javafx.tk.quantum.GlassViewEventHandler$MouseEventNotification.run(GlassViewEventHandler.java:301)
	at java.base/java.security.AccessController.doPrivileged(AccessController.java:400)
	at javafx.graphics@21/com.sun.javafx.tk.quantum.GlassViewEventHandler.lambda$handleMouseEvent$2(GlassViewEventHandler.java:450)
	at javafx.graphics@21/com.sun.javafx.tk.quantum.QuantumToolkit.runWithoutRenderLock(QuantumToolkit.java:424)
	at javafx.graphics@21/com.sun.javafx.tk.quantum.GlassViewEventHandler.handleMouseEvent(GlassViewEventHandler.java:449)
	at javafx.graphics@21/com.sun.glass.ui.View.handleMouseEvent(View.java:551)
	at javafx.graphics@21/com.sun.glass.ui.View.notifyMouse(View.java:937)
	at javafx.graphics@21/com.sun.glass.ui.win.WinApplication._runLoop(Native Method)
	at javafx.graphics@21/com.sun.glass.ui.win.WinApplication.lambda$runLoop$3(WinApplication.java:185)
	at java.base/java.lang.Thread.run(Thread.java:1583)

04:57:48.564 [JavaFX Application Thread] FATAL FXGLApplication      - Application will now exit
04:57:48.570 [JavaFX Application Thread] DEBUG PrimaryStageWindow   - Push state: ErrorSubScene
04:57:48.570 [JavaFX Application Thread] DEBUG Input                - Clearing active input actions
04:57:48.571 [JavaFX Application Thread] DEBUG GameApplicationServi - Removing overlay from GameMainMenu and adding to ErrorSubScene
04:57:48.573 [JavaFX Application Thread] DEBUG PrimaryStageWindow   - GameMainMenu -> ErrorSubScene
04:57:49.020 [FXGL Background Thread 3 ] DEBUG Engine               - Logging environment variables
04:57:49.020 [FXGL Background Thread 3 ] DEBUG Engine               - achievements: []
04:57:49.020 [FXGL Background Thread 3 ] DEBUG Engine               - actualHeight: 720.0
04:57:49.020 [FXGL Background Thread 3 ] DEBUG Engine               - actualHeightProperty: ReadOnlyDoubleProperty [value: 720.0]
04:57:49.021 [FXGL Background Thread 3 ] DEBUG Engine               - actualWidth: 720.0
04:57:49.021 [FXGL Background Thread 3 ] DEBUG Engine               - actualWidthProperty: ReadOnlyDoubleProperty [value: 720.0]
04:57:49.021 [FXGL Background Thread 3 ] DEBUG Engine               - appIcon: fxgl_icon.png
04:57:49.021 [FXGL Background Thread 3 ] DEBUG Engine               - applicationMode: DEVELOPER
04:57:49.021 [FXGL Background Thread 3 ] DEBUG Engine               - cSSList: [fxgl_dark.css]
04:57:49.021 [FXGL Background Thread 3 ] DEBUG Engine               - collisionDetectionStrategy: BRUTE_FORCE
04:57:49.021 [FXGL Background Thread 3 ] DEBUG Engine               - configClass: Optional[class com.example.flat2d.Misc.Config]
04:57:49.021 [FXGL Background Thread 3 ] DEBUG Engine               - credits: []
04:57:49.022 [FXGL Background Thread 3 ] DEBUG Engine               - defaultCursor: CursorInfo(imageName=fxgl_default_cursor.png, hotspotX=7.0, hotspotY=6.0)
04:57:49.022 [FXGL Background Thread 3 ] DEBUG Engine               - devBBoxColorProperty: ObjectProperty [value: 0xff0000ff]
04:57:49.022 [FXGL Background Thread 3 ] DEBUG Engine               - devEnableDebugCameraProperty: BooleanProperty [value: false]
04:57:49.022 [FXGL Background Thread 3 ] DEBUG Engine               - devSensorColorProperty: ObjectProperty [value: 0xffff00ff]
04:57:49.022 [FXGL Background Thread 3 ] DEBUG Engine               - devShowBBoxProperty: BooleanProperty [value: false]
04:57:49.022 [FXGL Background Thread 3 ] DEBUG Engine               - devShowPositionProperty: BooleanProperty [value: false]
04:57:49.023 [FXGL Background Thread 3 ] DEBUG Engine               - enabledMenuItems: []
04:57:49.023 [FXGL Background Thread 3 ] DEBUG Engine               - engineServices: [class com.almasb.fxgl.app.services.FXGLAssetLoaderService, class com.almasb.fxgl.app.FXGLApplication$GameApplicationService, class com.almasb.fxgl.app.services.FXGLDialogService, class com.almasb.fxgl.app.services.IOTaskExecutorService, class com.almasb.fxgl.io.FileSystemService, class com.almasb.fxgl.localization.LocalizationService, class com.almasb.fxgl.app.services.SystemBundleService, class com.almasb.fxgl.profile.SaveLoadService, class com.almasb.fxgl.ui.FXGLUIFactoryServiceProvider, class com.almasb.fxgl.ui.FXGLDialogFactoryServiceProvider, class com.almasb.fxgl.audio.AudioPlayer, class com.almasb.fxgl.notification.impl.NotificationServiceProvider, class com.almasb.fxgl.achievement.AchievementService, class com.almasb.fxgl.cutscene.CutsceneService, class com.almasb.fxgl.minigames.MiniGameService, class com.almasb.fxgl.net.NetService, class com.almasb.fxgl.app.services.UpdaterService, class com.almasb.fxgl.dev.DevService]
04:57:49.023 [FXGL Background Thread 3 ] DEBUG Engine               - fontGame: Abel-Regular.ttf
04:57:49.023 [FXGL Background Thread 3 ] DEBUG Engine               - fontMono: TerminalLandMono-Regular.otf
04:57:49.023 [FXGL Background Thread 3 ] DEBUG Engine               - fontSizeScaleUI: 1.0
04:57:49.023 [FXGL Background Thread 3 ] DEBUG Engine               - fontText: Courier-Prime.ttf
04:57:49.023 [FXGL Background Thread 3 ] DEBUG Engine               - fontUI: VarelaRound-Regular.ttf
04:57:49.023 [FXGL Background Thread 3 ] DEBUG Engine               - fullScreen: BooleanProperty [value: false]
04:57:49.023 [FXGL Background Thread 3 ] DEBUG Engine               - gameDifficulty: MEDIUM
04:57:49.023 [FXGL Background Thread 3 ] DEBUG Engine               - gameDifficultyProperty: ObjectProperty [value: MEDIUM]
04:57:49.023 [FXGL Background Thread 3 ] DEBUG Engine               - globalMusicVolume: 0.5
04:57:49.024 [FXGL Background Thread 3 ] DEBUG Engine               - globalMusicVolumeProperty: DoubleProperty [value: 0.5]
04:57:49.024 [FXGL Background Thread 3 ] DEBUG Engine               - globalSoundVolume: 0.5
04:57:49.024 [FXGL Background Thread 3 ] DEBUG Engine               - globalSoundVolumeProperty: DoubleProperty [value: 0.25]
04:57:49.024 [FXGL Background Thread 3 ] DEBUG Engine               - height: 720
04:57:49.024 [FXGL Background Thread 3 ] DEBUG Engine               - is3D: false
04:57:49.024 [FXGL Background Thread 3 ] DEBUG Engine               - isAndroid: false
04:57:49.024 [FXGL Background Thread 3 ] DEBUG Engine               - isBrowser: false
04:57:49.024 [FXGL Background Thread 3 ] DEBUG Engine               - isClickFeedbackEnabled: false
04:57:49.024 [FXGL Background Thread 3 ] DEBUG Engine               - isCloseConfirmation: false
04:57:49.024 [FXGL Background Thread 3 ] DEBUG Engine               - isDesktop: true
04:57:49.024 [FXGL Background Thread 3 ] DEBUG Engine               - isDeveloperMenuEnabled: true
04:57:49.024 [FXGL Background Thread 3 ] DEBUG Engine               - isEmbedded: false
04:57:49.024 [FXGL Background Thread 3 ] DEBUG Engine               - isEntityPreloadEnabled: true
04:57:49.024 [FXGL Background Thread 3 ] DEBUG Engine               - isExperimentalTiledLargeMap: false
04:57:49.025 [FXGL Background Thread 3 ] DEBUG Engine               - isFileSystemWriteAllowed: true
04:57:49.025 [FXGL Background Thread 3 ] DEBUG Engine               - isFullScreenAllowed: false
04:57:49.025 [FXGL Background Thread 3 ] DEBUG Engine               - isFullScreenFromStart: false
04:57:49.025 [FXGL Background Thread 3 ] DEBUG Engine               - isGameMenuEnabled: true
04:57:49.025 [FXGL Background Thread 3 ] DEBUG Engine               - isIOS: false
04:57:49.025 [FXGL Background Thread 3 ] DEBUG Engine               - isIntroEnabled: false
04:57:49.025 [FXGL Background Thread 3 ] DEBUG Engine               - isLinux: false
04:57:49.025 [FXGL Background Thread 3 ] DEBUG Engine               - isMac: false
04:57:49.025 [FXGL Background Thread 3 ] DEBUG Engine               - isMainMenuEnabled: true
04:57:49.025 [FXGL Background Thread 3 ] DEBUG Engine               - isManualResizeEnabled: false
04:57:49.025 [FXGL Background Thread 3 ] DEBUG Engine               - isMobile: false
04:57:49.025 [FXGL Background Thread 3 ] DEBUG Engine               - isNative: false
04:57:49.025 [FXGL Background Thread 3 ] DEBUG Engine               - isPauseMusicWhenMinimized: true
04:57:49.026 [FXGL Background Thread 3 ] DEBUG Engine               - isPreserveResizeRatio: false
04:57:49.026 [FXGL Background Thread 3 ] DEBUG Engine               - isProfilingEnabled: false
04:57:49.026 [FXGL Background Thread 3 ] DEBUG Engine               - isScaleAffectedOnResize: true
04:57:49.026 [FXGL Background Thread 3 ] DEBUG Engine               - isSingleStep: false
04:57:49.026 [FXGL Background Thread 3 ] DEBUG Engine               - isUserProfileEnabled: false
04:57:49.026 [FXGL Background Thread 3 ] DEBUG Engine               - isWindows: true
04:57:49.026 [FXGL Background Thread 3 ] DEBUG Engine               - language: ObjectProperty [value: ENGLISH]
04:57:49.026 [FXGL Background Thread 3 ] DEBUG Engine               - menuKey: ESCAPE
04:57:49.026 [FXGL Background Thread 3 ] DEBUG Engine               - mouseSensitivity: 0.2
04:57:49.026 [FXGL Background Thread 3 ] DEBUG Engine               - notificationViewClass: class com.almasb.fxgl.notification.view.XboxNotificationView
04:57:49.026 [FXGL Background Thread 3 ] DEBUG Engine               - pixelsPerMeter: 50.0
04:57:49.026 [FXGL Background Thread 3 ] DEBUG Engine               - platform: WINDOWS
04:57:49.026 [FXGL Background Thread 3 ] DEBUG Engine               - prefHeightProperty: ReadOnlyDoubleProperty [value: 720.0]
04:57:49.027 [FXGL Background Thread 3 ] DEBUG Engine               - prefWidthProperty: ReadOnlyDoubleProperty [value: 720.0]
04:57:49.027 [FXGL Background Thread 3 ] DEBUG Engine               - profileDir: profiles/
04:57:49.027 [FXGL Background Thread 3 ] DEBUG Engine               - profileName: StringProperty [value: DEFAULT]
04:57:49.027 [FXGL Background Thread 3 ] DEBUG Engine               - randomSeed: -1
04:57:49.027 [FXGL Background Thread 3 ] DEBUG Engine               - runtimeInfo: RuntimeInfo(platform=WINDOWS, version=17.3, build=30.03.2023 11.49)
04:57:49.027 [FXGL Background Thread 3 ] DEBUG Engine               - saveFileExt: sav
04:57:49.027 [FXGL Background Thread 3 ] DEBUG Engine               - scaledHeightProp$fxgl: DoubleProperty [bound, value: 720.0]
04:57:49.027 [FXGL Background Thread 3 ] DEBUG Engine               - scaledWidthProp$fxgl: DoubleProperty [bound, value: 720.0]
04:57:49.027 [FXGL Background Thread 3 ] DEBUG Engine               - sceneFactory: com.example.flat2d.GameApp$1@4b7faff1
04:57:49.028 [FXGL Background Thread 3 ] DEBUG Engine               - secondsIn24h: 60
04:57:49.028 [FXGL Background Thread 3 ] DEBUG Engine               - soundMenuBack: menu/back.wav
04:57:49.028 [FXGL Background Thread 3 ] DEBUG Engine               - soundMenuPress: menu/press.wav
04:57:49.028 [FXGL Background Thread 3 ] DEBUG Engine               - soundMenuSelect: menu/select.wav
04:57:49.028 [FXGL Background Thread 3 ] DEBUG Engine               - soundNotification: core/notification.wav
04:57:49.028 [FXGL Background Thread 3 ] DEBUG Engine               - stageStyle: DECORATED
04:57:49.028 [FXGL Background Thread 3 ] DEBUG Engine               - supportedLanguages: [ENGLISH, FRENCH, GERMAN, HUNGARIAN, RUSSIAN]
04:57:49.028 [FXGL Background Thread 3 ] DEBUG Engine               - ticksPerSecond: -1
04:57:49.028 [FXGL Background Thread 3 ] DEBUG Engine               - title: Adventures of Sir Vim Zarado
04:57:49.028 [FXGL Background Thread 3 ] DEBUG Engine               - urlGithub: https://github.com/AlmasB/FXGL
04:57:49.028 [FXGL Background Thread 3 ] DEBUG Engine               - urlLeaderboard: http://fxgl-top.herokuapp.com/
04:57:49.028 [FXGL Background Thread 3 ] DEBUG Engine               - urlPOM: https://raw.githubusercontent.com/AlmasB/FXGL/release/README.md
04:57:49.028 [FXGL Background Thread 3 ] DEBUG Engine               - userAppClass: class com.example.flat2d.GameApp
04:57:49.028 [FXGL Background Thread 3 ] DEBUG Engine               - version: 0.0
04:57:49.028 [FXGL Background Thread 3 ] DEBUG Engine               - versionCheckDays: 7
04:57:49.028 [FXGL Background Thread 3 ] DEBUG Engine               - width: 720
04:57:49.028 [FXGL Background Thread 3 ] DEBUG Engine               - Logging services
04:57:49.029 [FXGL Background Thread 3 ] DEBUG Engine               - class com.almasb.fxgl.app.services.FXGLAssetLoaderService
04:57:49.029 [FXGL Background Thread 3 ] DEBUG Engine               - class com.almasb.fxgl.app.FXGLApplication$GameApplicationService
04:57:49.029 [FXGL Background Thread 3 ] DEBUG Engine               - class com.almasb.fxgl.app.services.FXGLDialogService
04:57:49.029 [FXGL Background Thread 3 ] DEBUG Engine               - class com.almasb.fxgl.app.services.IOTaskExecutorService
04:57:49.029 [FXGL Background Thread 3 ] DEBUG Engine               - class com.almasb.fxgl.io.FileSystemService
04:57:49.029 [FXGL Background Thread 3 ] DEBUG Engine               - class com.almasb.fxgl.localization.LocalizationService
04:57:49.029 [FXGL Background Thread 3 ] DEBUG Engine               - class com.almasb.fxgl.app.services.SystemBundleService
04:57:49.029 [FXGL Background Thread 3 ] DEBUG Engine               - class com.almasb.fxgl.profile.SaveLoadService
04:57:49.029 [FXGL Background Thread 3 ] DEBUG Engine               - class com.almasb.fxgl.ui.FXGLUIFactoryServiceProvider
04:57:49.029 [FXGL Background Thread 3 ] DEBUG Engine               - class com.almasb.fxgl.ui.FXGLDialogFactoryServiceProvider
04:57:49.029 [FXGL Background Thread 3 ] DEBUG Engine               - class com.almasb.fxgl.audio.AudioPlayer
04:57:49.029 [FXGL Background Thread 3 ] DEBUG Engine               - class com.almasb.fxgl.notification.impl.NotificationServiceProvider
04:57:49.029 [FXGL Background Thread 3 ] DEBUG Engine               - class com.almasb.fxgl.achievement.AchievementService
04:57:49.029 [FXGL Background Thread 3 ] DEBUG Engine               - class com.almasb.fxgl.cutscene.CutsceneService
04:57:49.029 [FXGL Background Thread 3 ] DEBUG Engine               - class com.almasb.fxgl.minigames.MiniGameService
04:57:49.030 [FXGL Background Thread 3 ] DEBUG Engine               - class com.almasb.fxgl.net.NetService
04:57:49.030 [FXGL Background Thread 3 ] DEBUG Engine               - class com.almasb.fxgl.app.services.UpdaterService
04:57:49.030 [FXGL Background Thread 3 ] DEBUG Engine               - class com.almasb.fxgl.dev.DevService
04:57:50.757 [JavaFX Application Thread] DEBUG FXGLApplication      - Exiting FXGL
04:57:50.757 [JavaFX Application Thread] DEBUG Async                - Shutting down background threads
04:57:50.757 [JavaFX Application Thread] DEBUG PrimaryStageWindow   - Closing main window
04:57:50.771 [JavaFX Application Thread] DEBUG Logger               - Closing Logger
