16:36:40.296 [main                     ] DEBUG Logger               - Configured Logger
16:36:40.324 [main                     ] DEBUG GameApplication      - Logging settings
Title: Adventures of Sir Vim Zarado
Version: 0.0
Width: 720
Height: 720
Fullscreen: false
Intro: false
Profiling: false
Single step:false
App Mode: DEVELOPER
Menu Key: ESCAPE
Stage Style: DECORATED
Scene Factory: class com.example.flat2d.GameApp$1

16:36:40.697 [JavaFX Application Thread] DEBUG FXGLApplication      - Initializing FXGL
16:36:40.704 [JavaFX Application Thread] INFO  Engine               - FXGL-17.3 (30.03.2023 11.49) on WINDOWS (J:21 FX:21)
16:36:40.705 [JavaFX Application Thread] DEBUG Engine               - JRE Vendor Name: Oracle Corporation
16:36:40.705 [JavaFX Application Thread] DEBUG Engine               - Running on OS: Windows 10 version 10.0
16:36:40.705 [JavaFX Application Thread] DEBUG Engine               - Architecture: amd64
16:36:40.705 [JavaFX Application Thread] INFO  Engine               - Source code and latest versions at: https://github.com/AlmasB/FXGL
16:36:40.705 [JavaFX Application Thread] INFO  Engine               -       Ask questions and discuss at: https://github.com/AlmasB/FXGL/discussions
16:36:40.706 [JavaFX Application Thread] INFO  Engine               -              Join the FXGL chat at: https://gitter.im/AlmasB/FXGL
16:36:40.841 [JavaFX Application Thread] DEBUG PrimaryStageWindow   - Creating a JavaFX scene
16:36:40.897 [JavaFX Application Thread] DEBUG PrimaryStageWindow   - Target settings size: 720.0 x 720.0
16:36:40.897 [JavaFX Application Thread] DEBUG PrimaryStageWindow   - Scaled scene size:    720.0 x 720.0
16:36:40.897 [JavaFX Application Thread] DEBUG PrimaryStageWindow   - Scaled ratio: (1.0, 1.0)
16:36:40.899 [JavaFX Application Thread] DEBUG PrimaryStageWindow   - Set initial scene to FXGLStartupScene
16:36:40.902 [JavaFX Application Thread] DEBUG PrimaryStageWindow   - Opening main window
16:36:40.993 [JavaFX Application Thread] DEBUG PrimaryStageWindow   - Window border size: (16.0, 39.0)
16:36:40.994 [JavaFX Application Thread] DEBUG PrimaryStageWindow   - Scaled size: 720.0 x 720.0
16:36:40.994 [JavaFX Application Thread] DEBUG PrimaryStageWindow   - Scaled ratio: (1.0, 1.0)
16:36:40.994 [JavaFX Application Thread] DEBUG PrimaryStageWindow   - Scene size: 720.0 x 720.0
16:36:40.995 [JavaFX Application Thread] DEBUG PrimaryStageWindow   - Stage size: 736.0 x 759.0
16:36:41.005 [FXGL Background Thread 1 ] DEBUG Engine               - Initializing environment variables
16:36:41.071 [FXGL Background Thread 1 ] DEBUG FXGLAssetLoaderServi - User app class for loading assets: class com.example.flat2d.GameApp
16:36:41.072 [FXGL Background Thread 1 ] DEBUG GameApplicationServi - Applying CSS: fxgl_dark.css
16:36:41.073 [FXGL Background Thread 1 ] DEBUG FXGLAssetLoaderServi - Loading from file system: jar:file:///C:/Users/USER/.m2/repository/com/github/almasb/fxgl/17.3/fxgl-17.3.jar!/fxglassets/ui/css/fxgl_dark.css
16:36:41.135 [FXGL Background Thread 1 ] DEBUG GameApplicationServi - Initializing application scenes
16:36:41.236 [FXGL Background Thread 1 ] DEBUG GameWorld            - Game world initialized
16:36:41.312 [FXGL Background Thread 1 ] DEBUG PhysicsWorld         - Physics world initialized: appHeight=720, physics.ppm=50.0
16:36:41.313 [FXGL Background Thread 1 ] DEBUG PhysicsWorld         - Using strategy: BRUTE_FORCE
16:36:41.317 [FXGL Background Thread 1 ] DEBUG GameScene            - Game scene initialized: 720x720
16:36:41.320 [FXGL Background Thread 1 ] DEBUG FXGLAssetLoaderServi - Loading from file system: file:/C:/Users/USER/IdeaProjects/CSIT228-F3-Finals/target/classes/assets/textures/background/backg.jpg
16:36:41.382 [FXGL Background Thread 1 ] DEBUG FXGLAssetLoaderServi - Loading from file system: file:/C:/Users/USER/IdeaProjects/CSIT228-F3-Finals/target/classes/assets/textures/profile-pic.jpg
16:36:41.399 [FXGL Background Thread 1 ] WARN  FXGL.DefaultMenu     - FXGLDefaultMenu is not designed for resolutions < 800x600
16:36:41.399 [FXGL Background Thread 1 ] DEBUG FXGL.DefaultMenu     - createMenuBodyGameMenu()
16:36:41.416 [FXGL Background Thread 1 ] DEBUG FXGL.DefaultMenu     - createOptionsMenu()
16:36:41.426 [FXGL Background Thread 1 ] DEBUG FXGLAssetLoaderServi - Loading from file system: jar:file:///C:/Users/USER/.m2/repository/com/github/almasb/fxgl/17.3/fxgl-17.3.jar!/fxglassets/textures/particles/smoke.png
16:36:41.538 [FXGL Background Thread 1 ] DEBUG FXGLAssetLoaderServi - Loading from file system: jar:file:///C:/Users/USER/.m2/repository/com/github/almasb/fxgl/17.3/fxgl-17.3.jar!/fxglassets/textures/particles/trace_horizontal.png
16:36:41.592 [FXGL Background Thread 1 ] DEBUG GameApplicationServi - Application scenes initialized
16:36:41.609 [FXGL Background Thread 1 ] DEBUG SystemBundleService  - Loading FXGL system data
16:36:41.614 [FXGL Background Thread 1 ] DEBUG FileSystemAccess     - Reading from: C:\Users\USER\IdeaProjects\CSIT228-F3-Finals\system\fxgl.bundle
16:36:41.625 [FXGL Background Thread 1 ] DEBUG SystemBundleService  - Bundle FXGL: {}
16:36:41.626 [FXGL Background Thread 1 ] DEBUG UpdaterService       - Checking for updates
16:36:41.656 [FXGL Background Thread 1 ] DEBUG FXGLApplication      - Loading default localization
16:36:41.657 [FXGL Background Thread 1 ] DEBUG FXGLAssetLoaderServi - Loading from file system: jar:file:///C:/Users/USER/.m2/repository/com/github/almasb/fxgl/17.3/fxgl-17.3.jar!/fxglassets/languages/english.lang
16:36:41.665 [FXGL Background Thread 4 ] DEBUG FXGLApplication      - Loading fonts
16:36:41.665 [FXGL Background Thread 4 ] DEBUG FXGLAssetLoaderServi - Loading from file system: jar:file:///C:/Users/USER/.m2/repository/com/github/almasb/fxgl/17.3/fxgl-17.3.jar!/fxglassets/ui/fonts/VarelaRound-Regular.ttf
16:36:41.687 [FXGL Background Thread 1 ] INFO  FXGLApplication      - FXGL initialization took: 0.682 sec
16:36:41.698 [JavaFX Application Thread] DEBUG Input                - Registered new binding: Up - W
16:36:41.698 [JavaFX Application Thread] DEBUG Input                - Registered new binding: Right - D
16:36:41.698 [JavaFX Application Thread] DEBUG Input                - Registered new binding: Left - A
16:36:41.698 [JavaFX Application Thread] DEBUG Input                - Registered new binding: Down - S
16:36:41.701 [JavaFX Application Thread] DEBUG Input                - Registered new binding: IDK - RMB
16:36:41.701 [JavaFX Application Thread] DEBUG FXGLAssetLoaderServi - Loading from file system: file:/C:/Users/USER/IdeaProjects/CSIT228-F3-Finals/target/classes/assets/music/opening.mp3
16:36:41.761 [FXGL Background Thread 4 ] DEBUG FXGLAssetLoaderServi - Loading from file system: jar:file:///C:/Users/USER/.m2/repository/com/github/almasb/fxgl/17.3/fxgl-17.3.jar!/fxglassets/ui/fonts/Abel-Regular.ttf
16:36:41.798 [FXGL Background Thread 4 ] DEBUG FXGLAssetLoaderServi - Loading from file system: jar:file:///C:/Users/USER/.m2/repository/com/github/almasb/fxgl/17.3/fxgl-17.3.jar!/fxglassets/ui/fonts/TerminalLandMono-Regular.otf
16:36:41.809 [FXGL Background Thread 4 ] DEBUG FXGLAssetLoaderServi - Loading from file system: jar:file:///C:/Users/USER/.m2/repository/com/github/almasb/fxgl/17.3/fxgl-17.3.jar!/fxglassets/ui/fonts/Courier-Prime.ttf
16:36:41.918 [JavaFX Application Thread] DEBUG AudioPlayer          - Playing music com.almasb.fxgl.audio.Music@61cb085c
16:36:41.919 [JavaFX Application Thread] DEBUG FXGLAssetLoaderServi - Loading from file system: jar:file:///C:/Users/USER/.m2/repository/com/github/almasb/fxgl/17.3/fxgl-17.3.jar!/fxglassets/textures/fxgl_icon.png
16:36:41.941 [JavaFX Application Thread] DEBUG FXGLAssetLoaderServi - Loading from file system: jar:file:///C:/Users/USER/.m2/repository/com/github/almasb/fxgl/17.3/fxgl-17.3.jar!/fxglassets/textures/fxgl_default_cursor.png
16:36:41.944 [JavaFX Application Thread] DEBUG Input                - Registered new binding: Screenshot - CTRL+8
16:36:41.944 [JavaFX Application Thread] DEBUG Input                - Registered new binding: Dev Options - 1
16:36:41.945 [JavaFX Application Thread] DEBUG Input                - Registered new binding: Dev Console - 2
16:36:41.945 [JavaFX Application Thread] DEBUG Input                - Registered new binding: System info dump - CTRL+9
16:36:41.946 [JavaFX Application Thread] DEBUG Input                - Registered new binding: Restart - CTRL+R
16:36:41.947 [JavaFX Application Thread] DEBUG Input                - Registered new binding: Toggle Debug Camera - CTRL+7
16:36:41.951 [JavaFX Application Thread] DEBUG LoopRunner           - Starting loop
16:36:41.965 [JavaFX Application Thread] DEBUG LoopRunner           - Initializing JavaFX AnimationTimerLoop
16:36:41.969 [JavaFX Application Thread] DEBUG Input                - Clearing active input actions
16:36:41.984 [JavaFX Application Thread] DEBUG GameApplicationServi - Removing overlay from FXGLStartupScene and adding to FXGLMainMenuDummyScene
16:36:41.990 [JavaFX Application Thread] DEBUG PrimaryStageWindow   - FXGLStartupScene -> FXGLMainMenuDummyScene
16:36:41.990 [JavaFX Application Thread] DEBUG PrimaryStageWindow   - Push state: GameMainMenu
16:36:41.991 [JavaFX Application Thread] DEBUG Input                - Clearing active input actions
16:36:41.998 [JavaFX Application Thread] DEBUG GameApplicationServi - Removing overlay from FXGLMainMenuDummyScene and adding to GameMainMenu
16:36:41.999 [JavaFX Application Thread] DEBUG PrimaryStageWindow   - FXGLMainMenuDummyScene -> GameMainMenu
16:36:41.999 [JavaFX Application Thread] DEBUG FXGLApplication      - Registering font factories with UI factory
16:36:43.122 [FXGL Background Thread 2 ] INFO  UpdaterService       - Your current version:  17.3
16:36:43.122 [FXGL Background Thread 2 ] INFO  UpdaterService       - Latest stable version: 21.1
16:36:44.349 [JavaFX Application Thread] DEBUG AudioPlayer          - Stopping music com.almasb.fxgl.audio.Music@61cb085c
16:36:44.350 [JavaFX Application Thread] DEBUG FXGLAssetLoaderServi - Loading from file system: file:/C:/Users/USER/IdeaProjects/CSIT228-F3-Finals/target/classes/assets/music/game-music.mp3
16:36:44.353 [JavaFX Application Thread] DEBUG AudioPlayer          - Playing music com.almasb.fxgl.audio.Music@45646087
16:36:44.353 [JavaFX Application Thread] DEBUG Menu                 - fireNewGame()
16:36:44.354 [JavaFX Application Thread] DEBUG GameApplicationServi - Starting new game
16:36:44.354 [JavaFX Application Thread] DEBUG PrimaryStageWindow   - Pop state: GameMainMenu
16:36:44.354 [JavaFX Application Thread] DEBUG Input                - Clearing active input actions
16:36:44.355 [JavaFX Application Thread] DEBUG GameApplicationServi - Removing overlay from GameMainMenu and adding to FXGLMainMenuDummyScene
16:36:44.359 [JavaFX Application Thread] DEBUG PrimaryStageWindow   - FXGLMainMenuDummyScene <- GameMainMenu
16:36:44.359 [JavaFX Application Thread] DEBUG Input                - Clearing active input actions
16:36:44.369 [JavaFX Application Thread] DEBUG GameApplicationServi - Removing overlay from FXGLMainMenuDummyScene and adding to FXGLLoadingScene
16:36:44.370 [JavaFX Application Thread] DEBUG PrimaryStageWindow   - FXGLMainMenuDummyScene -> FXGLLoadingScene
16:36:44.370 [JavaFX Application Thread] DEBUG GameApplicationServi - Clearing previous game
16:36:44.370 [JavaFX Application Thread] DEBUG GameScene            - Clearing game scene
16:36:44.370 [JavaFX Application Thread] DEBUG GameWorld            - Clearing game world
16:36:44.370 [JavaFX Application Thread] DEBUG PhysicsWorld         - Clearing physics world
16:36:44.373 [FXGL Background Thread 2 ] DEBUG FXGLApplication      - Initializing game
16:36:44.460 [FXGL Background Thread 2 ] WARN  TMXLevelLoader       - TiledMap generated from 1.10.2. Supported version: 1.9.0. Some features may not be parsed fully.
16:36:44.506 [FXGL Background Thread 2 ] DEBUG TMXLevelLoader       - Parsed TiledMap: file:/C:/Users/USER/IdeaProjects/CSIT228-F3-Finals/target/classes/assets/levels/tmx/2DGameTiledMap.tmx
16:36:44.509 [FXGL Background Thread 2 ] DEBUG TMXLevelLoader       - Creating tile layer entities
16:36:44.512 [FXGL Background Thread 2 ] DEBUG TilesetLoader        - Loading view for layer Floor
16:36:44.530 [FXGL Background Thread 2 ] DEBUG TilesetLoader        - Created buffer with size 2304.0x2304.0
16:36:44.654 [FXGL Background Thread 3 ] DEBUG Engine               - Logging environment variables
16:36:44.664 [FXGL Background Thread 3 ] DEBUG Engine               - achievements: []
16:36:44.664 [FXGL Background Thread 3 ] DEBUG Engine               - actualHeight: 720.0
16:36:44.665 [FXGL Background Thread 3 ] DEBUG Engine               - actualHeightProperty: ReadOnlyDoubleProperty [value: 720.0]
16:36:44.665 [FXGL Background Thread 3 ] DEBUG Engine               - actualWidth: 720.0
16:36:44.665 [FXGL Background Thread 3 ] DEBUG Engine               - actualWidthProperty: ReadOnlyDoubleProperty [value: 720.0]
16:36:44.665 [FXGL Background Thread 3 ] DEBUG Engine               - appIcon: fxgl_icon.png
16:36:44.666 [FXGL Background Thread 3 ] DEBUG Engine               - applicationMode: DEVELOPER
16:36:44.666 [FXGL Background Thread 3 ] DEBUG Engine               - cSSList: [fxgl_dark.css]
16:36:44.666 [FXGL Background Thread 3 ] DEBUG Engine               - collisionDetectionStrategy: BRUTE_FORCE
16:36:44.666 [FXGL Background Thread 3 ] DEBUG Engine               - configClass: Optional.empty
16:36:44.667 [FXGL Background Thread 3 ] DEBUG Engine               - credits: []
16:36:44.667 [FXGL Background Thread 3 ] DEBUG Engine               - defaultCursor: CursorInfo(imageName=fxgl_default_cursor.png, hotspotX=7.0, hotspotY=6.0)
16:36:44.667 [FXGL Background Thread 3 ] DEBUG Engine               - devBBoxColorProperty: ObjectProperty [value: 0xff0000ff]
16:36:44.668 [FXGL Background Thread 3 ] DEBUG Engine               - devEnableDebugCameraProperty: BooleanProperty [value: false]
16:36:44.668 [FXGL Background Thread 3 ] DEBUG Engine               - devSensorColorProperty: ObjectProperty [value: 0xffff00ff]
16:36:44.668 [FXGL Background Thread 3 ] DEBUG Engine               - devShowBBoxProperty: BooleanProperty [value: false]
16:36:44.668 [FXGL Background Thread 3 ] DEBUG Engine               - devShowPositionProperty: BooleanProperty [value: false]
16:36:44.668 [FXGL Background Thread 3 ] DEBUG Engine               - enabledMenuItems: []
16:36:44.668 [FXGL Background Thread 3 ] DEBUG Engine               - engineServices: [class com.almasb.fxgl.app.services.FXGLAssetLoaderService, class com.almasb.fxgl.app.FXGLApplication$GameApplicationService, class com.almasb.fxgl.app.services.FXGLDialogService, class com.almasb.fxgl.app.services.IOTaskExecutorService, class com.almasb.fxgl.io.FileSystemService, class com.almasb.fxgl.localization.LocalizationService, class com.almasb.fxgl.app.services.SystemBundleService, class com.almasb.fxgl.profile.SaveLoadService, class com.almasb.fxgl.ui.FXGLUIFactoryServiceProvider, class com.almasb.fxgl.ui.FXGLDialogFactoryServiceProvider, class com.almasb.fxgl.audio.AudioPlayer, class com.almasb.fxgl.notification.impl.NotificationServiceProvider, class com.almasb.fxgl.achievement.AchievementService, class com.almasb.fxgl.cutscene.CutsceneService, class com.almasb.fxgl.minigames.MiniGameService, class com.almasb.fxgl.net.NetService, class com.almasb.fxgl.app.services.UpdaterService, class com.almasb.fxgl.dev.DevService]
16:36:44.668 [FXGL Background Thread 3 ] DEBUG Engine               - fontGame: Abel-Regular.ttf
16:36:44.669 [FXGL Background Thread 3 ] DEBUG Engine               - fontMono: TerminalLandMono-Regular.otf
16:36:44.669 [FXGL Background Thread 3 ] DEBUG Engine               - fontSizeScaleUI: 1.0
16:36:44.669 [FXGL Background Thread 3 ] DEBUG Engine               - fontText: Courier-Prime.ttf
16:36:44.669 [FXGL Background Thread 3 ] DEBUG Engine               - fontUI: VarelaRound-Regular.ttf
16:36:44.669 [FXGL Background Thread 3 ] DEBUG Engine               - fullScreen: BooleanProperty [value: false]
16:36:44.669 [FXGL Background Thread 3 ] DEBUG Engine               - gameDifficulty: MEDIUM
16:36:44.669 [FXGL Background Thread 3 ] DEBUG Engine               - gameDifficultyProperty: ObjectProperty [value: MEDIUM]
16:36:44.669 [FXGL Background Thread 3 ] DEBUG Engine               - globalMusicVolume: 0.5
16:36:44.670 [FXGL Background Thread 3 ] DEBUG Engine               - globalMusicVolumeProperty: DoubleProperty [value: 0.5]
16:36:44.670 [FXGL Background Thread 3 ] DEBUG Engine               - globalSoundVolume: 0.5
16:36:44.670 [FXGL Background Thread 3 ] DEBUG Engine               - globalSoundVolumeProperty: DoubleProperty [value: 0.25]
16:36:44.670 [FXGL Background Thread 3 ] DEBUG Engine               - height: 720
16:36:44.670 [FXGL Background Thread 3 ] DEBUG Engine               - is3D: false
16:36:44.670 [FXGL Background Thread 3 ] DEBUG Engine               - isAndroid: false
16:36:44.670 [FXGL Background Thread 3 ] DEBUG Engine               - isBrowser: false
16:36:44.670 [FXGL Background Thread 3 ] DEBUG Engine               - isClickFeedbackEnabled: false
16:36:44.670 [FXGL Background Thread 3 ] DEBUG Engine               - isCloseConfirmation: false
16:36:44.670 [FXGL Background Thread 3 ] DEBUG Engine               - isDesktop: true
16:36:44.671 [FXGL Background Thread 3 ] DEBUG Engine               - isDeveloperMenuEnabled: true
16:36:44.671 [FXGL Background Thread 3 ] DEBUG Engine               - isEmbedded: false
16:36:44.671 [FXGL Background Thread 3 ] DEBUG Engine               - isEntityPreloadEnabled: true
16:36:44.671 [FXGL Background Thread 3 ] DEBUG Engine               - isExperimentalTiledLargeMap: false
16:36:44.671 [FXGL Background Thread 3 ] DEBUG Engine               - isFileSystemWriteAllowed: true
16:36:44.671 [FXGL Background Thread 3 ] DEBUG Engine               - isFullScreenAllowed: false
16:36:44.671 [FXGL Background Thread 3 ] DEBUG Engine               - isFullScreenFromStart: false
16:36:44.671 [FXGL Background Thread 3 ] DEBUG Engine               - isGameMenuEnabled: true
16:36:44.671 [FXGL Background Thread 3 ] DEBUG Engine               - isIOS: false
16:36:44.672 [FXGL Background Thread 3 ] DEBUG Engine               - isIntroEnabled: false
16:36:44.672 [FXGL Background Thread 3 ] DEBUG Engine               - isLinux: false
16:36:44.672 [FXGL Background Thread 3 ] DEBUG Engine               - isMac: false
16:36:44.674 [FXGL Background Thread 3 ] DEBUG Engine               - isMainMenuEnabled: true
16:36:44.674 [FXGL Background Thread 3 ] DEBUG Engine               - isManualResizeEnabled: false
16:36:44.674 [FXGL Background Thread 3 ] DEBUG Engine               - isMobile: false
16:36:44.674 [FXGL Background Thread 3 ] DEBUG Engine               - isNative: false
16:36:44.674 [FXGL Background Thread 3 ] DEBUG Engine               - isPauseMusicWhenMinimized: true
16:36:44.675 [FXGL Background Thread 3 ] DEBUG Engine               - isPreserveResizeRatio: false
16:36:44.675 [FXGL Background Thread 3 ] DEBUG Engine               - isProfilingEnabled: false
16:36:44.675 [FXGL Background Thread 3 ] DEBUG Engine               - isScaleAffectedOnResize: true
16:36:44.675 [FXGL Background Thread 3 ] DEBUG Engine               - isSingleStep: false
16:36:44.675 [FXGL Background Thread 3 ] DEBUG Engine               - isUserProfileEnabled: false
16:36:44.675 [FXGL Background Thread 3 ] DEBUG Engine               - isWindows: true
16:36:44.675 [FXGL Background Thread 3 ] DEBUG Engine               - language: ObjectProperty [value: ENGLISH]
16:36:44.675 [FXGL Background Thread 3 ] DEBUG Engine               - menuKey: ESCAPE
16:36:44.675 [FXGL Background Thread 3 ] DEBUG Engine               - mouseSensitivity: 0.2
16:36:44.676 [FXGL Background Thread 3 ] DEBUG Engine               - notificationViewClass: class com.almasb.fxgl.notification.view.XboxNotificationView
16:36:44.676 [FXGL Background Thread 3 ] DEBUG Engine               - pixelsPerMeter: 50.0
16:36:44.676 [FXGL Background Thread 3 ] DEBUG Engine               - platform: WINDOWS
16:36:44.676 [FXGL Background Thread 3 ] DEBUG Engine               - prefHeightProperty: ReadOnlyDoubleProperty [value: 720.0]
16:36:44.676 [FXGL Background Thread 3 ] DEBUG Engine               - prefWidthProperty: ReadOnlyDoubleProperty [value: 720.0]
16:36:44.676 [FXGL Background Thread 3 ] DEBUG Engine               - profileDir: profiles/
16:36:44.676 [FXGL Background Thread 3 ] DEBUG Engine               - profileName: StringProperty [value: DEFAULT]
16:36:44.676 [FXGL Background Thread 3 ] DEBUG Engine               - randomSeed: -1
16:36:44.677 [FXGL Background Thread 3 ] DEBUG Engine               - runtimeInfo: RuntimeInfo(platform=WINDOWS, version=17.3, build=30.03.2023 11.49)
16:36:44.677 [FXGL Background Thread 3 ] DEBUG Engine               - saveFileExt: sav
16:36:44.677 [FXGL Background Thread 3 ] DEBUG Engine               - scaledHeightProp$fxgl: DoubleProperty [bound, value: 720.0]
16:36:44.677 [FXGL Background Thread 3 ] DEBUG Engine               - scaledWidthProp$fxgl: DoubleProperty [bound, value: 720.0]
16:36:44.677 [FXGL Background Thread 3 ] DEBUG Engine               - sceneFactory: com.example.flat2d.GameApp$1@280f25ff
16:36:44.677 [FXGL Background Thread 3 ] DEBUG Engine               - secondsIn24h: 60
16:36:44.677 [FXGL Background Thread 3 ] DEBUG Engine               - soundMenuBack: menu/back.wav
16:36:44.678 [FXGL Background Thread 3 ] DEBUG Engine               - soundMenuPress: menu/press.wav
16:36:44.678 [FXGL Background Thread 3 ] DEBUG Engine               - soundMenuSelect: menu/select.wav
16:36:44.678 [FXGL Background Thread 3 ] DEBUG Engine               - soundNotification: core/notification.wav
16:36:44.678 [FXGL Background Thread 3 ] DEBUG Engine               - stageStyle: DECORATED
16:36:44.678 [FXGL Background Thread 3 ] DEBUG Engine               - supportedLanguages: [ENGLISH, FRENCH, GERMAN, HUNGARIAN, RUSSIAN]
16:36:44.678 [FXGL Background Thread 3 ] DEBUG Engine               - ticksPerSecond: -1
16:36:44.679 [FXGL Background Thread 3 ] DEBUG Engine               - title: Adventures of Sir Vim Zarado
16:36:44.679 [FXGL Background Thread 3 ] DEBUG Engine               - urlGithub: https://github.com/AlmasB/FXGL
16:36:44.679 [FXGL Background Thread 3 ] DEBUG Engine               - urlLeaderboard: http://fxgl-top.herokuapp.com/
16:36:44.679 [FXGL Background Thread 3 ] DEBUG Engine               - urlPOM: https://raw.githubusercontent.com/AlmasB/FXGL/release/README.md
16:36:44.679 [FXGL Background Thread 3 ] DEBUG Engine               - userAppClass: class com.example.flat2d.GameApp
16:36:44.679 [FXGL Background Thread 3 ] DEBUG Engine               - version: 0.0
16:36:44.679 [FXGL Background Thread 3 ] DEBUG Engine               - versionCheckDays: 7
16:36:44.679 [FXGL Background Thread 3 ] DEBUG Engine               - width: 720
16:36:44.679 [FXGL Background Thread 3 ] DEBUG Engine               - Logging services
16:36:44.679 [FXGL Background Thread 3 ] DEBUG Engine               - class com.almasb.fxgl.app.services.FXGLAssetLoaderService
16:36:44.679 [FXGL Background Thread 3 ] DEBUG Engine               - class com.almasb.fxgl.app.FXGLApplication$GameApplicationService
16:36:44.679 [FXGL Background Thread 3 ] DEBUG Engine               - class com.almasb.fxgl.app.services.FXGLDialogService
16:36:44.679 [FXGL Background Thread 3 ] DEBUG Engine               - class com.almasb.fxgl.app.services.IOTaskExecutorService
16:36:44.679 [FXGL Background Thread 3 ] DEBUG Engine               - class com.almasb.fxgl.io.FileSystemService
16:36:44.679 [FXGL Background Thread 3 ] DEBUG Engine               - class com.almasb.fxgl.localization.LocalizationService
16:36:44.680 [FXGL Background Thread 3 ] DEBUG Engine               - class com.almasb.fxgl.app.services.SystemBundleService
16:36:44.680 [FXGL Background Thread 3 ] DEBUG Engine               - class com.almasb.fxgl.profile.SaveLoadService
16:36:44.680 [FXGL Background Thread 3 ] DEBUG Engine               - class com.almasb.fxgl.ui.FXGLUIFactoryServiceProvider
16:36:44.680 [FXGL Background Thread 3 ] DEBUG Engine               - class com.almasb.fxgl.ui.FXGLDialogFactoryServiceProvider
16:36:44.680 [FXGL Background Thread 3 ] DEBUG Engine               - class com.almasb.fxgl.audio.AudioPlayer
16:36:44.680 [FXGL Background Thread 3 ] DEBUG Engine               - class com.almasb.fxgl.notification.impl.NotificationServiceProvider
16:36:44.680 [FXGL Background Thread 3 ] DEBUG Engine               - class com.almasb.fxgl.achievement.AchievementService
16:36:44.680 [FXGL Background Thread 3 ] DEBUG Engine               - class com.almasb.fxgl.cutscene.CutsceneService
16:36:44.680 [FXGL Background Thread 3 ] DEBUG Engine               - class com.almasb.fxgl.minigames.MiniGameService
16:36:44.680 [FXGL Background Thread 3 ] DEBUG Engine               - class com.almasb.fxgl.net.NetService
16:36:44.680 [FXGL Background Thread 3 ] DEBUG Engine               - class com.almasb.fxgl.app.services.UpdaterService
16:36:44.680 [FXGL Background Thread 3 ] DEBUG Engine               - class com.almasb.fxgl.dev.DevService
16:36:44.695 [FXGL Background Thread 2 ] DEBUG TilesetLoader        - Loading view for layer Stuff
16:36:44.721 [FXGL Background Thread 2 ] DEBUG TilesetLoader        - Created buffer with size 2304.0x2304.0
16:36:44.730 [FXGL Background Thread 2 ] DEBUG TilesetLoader        - Loading view for layer Decor
16:36:44.733 [FXGL Background Thread 2 ] DEBUG TilesetLoader        - Created buffer with size 2304.0x2304.0
16:36:44.741 [FXGL Background Thread 2 ] DEBUG TilesetLoader        - Loading view for layer More
16:36:44.754 [FXGL Background Thread 2 ] DEBUG TilesetLoader        - Created buffer with size 2304.0x2304.0
16:36:44.756 [FXGL Background Thread 2 ] DEBUG TMXLevelLoader       - Creating object layer entities
16:36:44.795 [FXGL Background Thread 2 ] DEBUG GameWorld            - Clearing removable entities
16:36:44.796 [FXGL Background Thread 2 ] DEBUG GameWorld            - Setting level: com.almasb.fxgl.entity.level.Level@64aa57cc
16:36:44.801 [FXGL Background Thread 2 ] DEBUG FXGLAssetLoaderServi - Loading from file system: file:/C:/Users/USER/IdeaProjects/CSIT228-F3-Finals/target/classes/assets/textures/lecatmoves.png
16:36:44.803 [FXGL Background Thread 2 ] DEBUG FXGLAssetLoaderServi - Loading from file system: file:/C:/Users/USER/IdeaProjects/CSIT228-F3-Finals/target/classes/assets/textures/CatOne.png
16:36:44.804 [FXGL Background Thread 2 ] DEBUG FXGLAssetLoaderServi - Loading from file system: file:/C:/Users/USER/IdeaProjects/CSIT228-F3-Finals/target/classes/assets/textures/CatThree.png
16:36:44.806 [FXGL Background Thread 2 ] DEBUG FXGLAssetLoaderServi - Loading from file system: file:/C:/Users/USER/IdeaProjects/CSIT228-F3-Finals/target/classes/assets/textures/CatFour.png
16:36:44.836 [FXGL Background Thread 2 ] INFO  FXGLApplication      - Game initialization took: 0.462 sec
16:36:44.842 [JavaFX Application Thread] DEBUG Input                - Clearing active input actions
16:36:44.851 [JavaFX Application Thread] DEBUG GameApplicationServi - Removing overlay from FXGLLoadingScene and adding to GameScene
16:36:44.861 [JavaFX Application Thread] DEBUG PrimaryStageWindow   - FXGLLoadingScene -> GameScene
16:36:45.648 [JavaFX Application Thread] DEBUG FXGLAssetLoaderServi - Loading from file system: file:/C:/Users/USER/IdeaProjects/CSIT228-F3-Finals/target/classes/assets/textures/spr_bullet_strip.png
16:36:47.036 [JavaFX Application Thread] DEBUG FXGLAssetLoaderServi - Loading from file system: file:/C:/Users/USER/IdeaProjects/CSIT228-F3-Finals/target/classes/assets/textures/wolf-runing-cycle-skin.png
16:36:54.330 [JavaFX Application Thread] DEBUG FXGLAssetLoaderServi - Loading from file system: file:/C:/Users/USER/IdeaProjects/CSIT228-F3-Finals/target/classes/assets/textures/foreSkinDragon.png
16:36:56.357 [JavaFX Application Thread] DEBUG FXGLApplication      - Exiting FXGL
16:36:56.357 [JavaFX Application Thread] DEBUG LoopRunner           - Stopping loop
16:36:56.357 [JavaFX Application Thread] DEBUG SystemBundleService  - Saving FXGL system data
16:36:56.359 [JavaFX Application Thread] DEBUG FileSystemAccess     - Writing to: C:\Users\USER\IdeaProjects\CSIT228-F3-Finals\system\fxgl.bundle
16:36:56.360 [JavaFX Application Thread] DEBUG Async                - Shutting down background threads
16:36:56.361 [JavaFX Application Thread] DEBUG PrimaryStageWindow   - Closing main window
16:36:56.368 [JavaFX Application Thread] DEBUG Logger               - Closing Logger
