16:46:41.355 [main                     ] DEBUG Logger               - Configured Logger
16:46:41.398 [main                     ] DEBUG GameApplication      - Logging settings
Title: Adventures of Sir Vim Zarado
Version: 0.0
Width: 720
Height: 720
Fullscreen: false
Intro: false
Profiling: false
Single step:false
App Mode: DEVELOPER
Menu Key: ESCAPE
Stage Style: DECORATED
Scene Factory: class com.example.flat2d.GameApp$1

16:46:42.004 [JavaFX Application Thread] DEBUG FXGLApplication      - Initializing FXGL
16:46:42.013 [JavaFX Application Thread] INFO  Engine               - FXGL-17.3 (30.03.2023 11.49) on WINDOWS (J:21.0.2 FX:21)
16:46:42.014 [JavaFX Application Thread] DEBUG Engine               - JRE Vendor Name: Oracle Corporation
16:46:42.014 [JavaFX Application Thread] DEBUG Engine               - Running on OS: Windows 10 version 10.0
16:46:42.014 [JavaFX Application Thread] DEBUG Engine               - Architecture: amd64
16:46:42.015 [JavaFX Application Thread] INFO  Engine               - Source code and latest versions at: https://github.com/AlmasB/FXGL
16:46:42.015 [JavaFX Application Thread] INFO  Engine               -       Ask questions and discuss at: https://github.com/AlmasB/FXGL/discussions
16:46:42.015 [JavaFX Application Thread] INFO  Engine               -              Join the FXGL chat at: https://gitter.im/AlmasB/FXGL
16:46:42.198 [JavaFX Application Thread] DEBUG PrimaryStageWindow   - Creating a JavaFX scene
16:46:42.285 [JavaFX Application Thread] DEBUG PrimaryStageWindow   - Target settings size: 720.0 x 720.0
16:46:42.285 [JavaFX Application Thread] DEBUG PrimaryStageWindow   - Scaled scene size:    720.0 x 720.0
16:46:42.286 [JavaFX Application Thread] DEBUG PrimaryStageWindow   - Scaled ratio: (1.0, 1.0)
16:46:42.288 [JavaFX Application Thread] DEBUG PrimaryStageWindow   - Set initial scene to FXGLStartupScene
16:46:42.294 [JavaFX Application Thread] DEBUG PrimaryStageWindow   - Opening main window
16:46:42.433 [JavaFX Application Thread] DEBUG PrimaryStageWindow   - Window border size: (16.0, 39.0)
16:46:42.434 [JavaFX Application Thread] DEBUG PrimaryStageWindow   - Scaled size: 720.0 x 720.0
16:46:42.434 [JavaFX Application Thread] DEBUG PrimaryStageWindow   - Scaled ratio: (1.0, 1.0)
16:46:42.434 [JavaFX Application Thread] DEBUG PrimaryStageWindow   - Scene size: 720.0 x 720.0
16:46:42.435 [JavaFX Application Thread] DEBUG PrimaryStageWindow   - Stage size: 736.0 x 759.0
16:46:42.463 [FXGL Background Thread 1 ] DEBUG Engine               - Initializing environment variables
16:46:42.584 [FXGL Background Thread 1 ] DEBUG FXGLAssetLoaderServi - User app class for loading assets: class com.example.flat2d.GameApp
16:46:42.584 [FXGL Background Thread 1 ] DEBUG GameApplicationServi - Applying CSS: fxgl_dark.css
16:46:42.586 [FXGL Background Thread 1 ] DEBUG FXGLAssetLoaderServi - Loading from file system: jar:file:///C:/Users/USER/.m2/repository/com/github/almasb/fxgl/17.3/fxgl-17.3.jar!/fxglassets/ui/css/fxgl_dark.css
16:46:42.697 [FXGL Background Thread 1 ] DEBUG GameApplicationServi - Initializing application scenes
16:46:42.894 [FXGL Background Thread 1 ] DEBUG GameWorld            - Game world initialized
16:46:43.018 [FXGL Background Thread 1 ] DEBUG PhysicsWorld         - Physics world initialized: appHeight=720, physics.ppm=50.0
16:46:43.019 [FXGL Background Thread 1 ] DEBUG PhysicsWorld         - Using strategy: BRUTE_FORCE
16:46:43.025 [FXGL Background Thread 1 ] DEBUG GameScene            - Game scene initialized: 720x720
16:46:43.032 [FXGL Background Thread 1 ] DEBUG FXGLAssetLoaderServi - Loading from file system: file:/C:/Users/USER/IdeaProjects/CSIT228-F3-Finals/target/classes/assets/textures/background/main-screen.jpg
16:46:43.225 [FXGL Background Thread 1 ] DEBUG FXGLAssetLoaderServi - Loading from file system: file:/C:/Users/USER/IdeaProjects/CSIT228-F3-Finals/target/classes/assets/textures/profile-pic.jpg
16:46:43.249 [FXGL Background Thread 1 ] WARN  FXGL.DefaultMenu     - FXGLDefaultMenu is not designed for resolutions < 800x600
16:46:43.249 [FXGL Background Thread 1 ] DEBUG FXGL.DefaultMenu     - createMenuBodyGameMenu()
16:46:43.271 [FXGL Background Thread 1 ] DEBUG FXGL.DefaultMenu     - createOptionsMenu()
16:46:43.283 [FXGL Background Thread 1 ] DEBUG FXGLAssetLoaderServi - Loading from file system: jar:file:///C:/Users/USER/.m2/repository/com/github/almasb/fxgl/17.3/fxgl-17.3.jar!/fxglassets/textures/particles/smoke.png
16:46:43.454 [FXGL Background Thread 1 ] DEBUG FXGLAssetLoaderServi - Loading from file system: jar:file:///C:/Users/USER/.m2/repository/com/github/almasb/fxgl/17.3/fxgl-17.3.jar!/fxglassets/textures/particles/trace_horizontal.png
16:46:43.507 [FXGL Background Thread 1 ] DEBUG GameApplicationServi - Application scenes initialized
16:46:43.528 [FXGL Background Thread 1 ] DEBUG SystemBundleService  - Loading FXGL system data
16:46:43.535 [FXGL Background Thread 1 ] DEBUG FileSystemAccess     - Reading from: C:\Users\USER\IdeaProjects\CSIT228-F3-Finals\system\fxgl.bundle
16:46:43.553 [FXGL Background Thread 1 ] DEBUG SystemBundleService  - Bundle FXGL: {}
16:46:43.554 [FXGL Background Thread 1 ] DEBUG UpdaterService       - Checking for updates
16:46:43.604 [FXGL Background Thread 1 ] DEBUG FXGLApplication      - Loading default localization
16:46:43.605 [FXGL Background Thread 1 ] DEBUG FXGLAssetLoaderServi - Loading from file system: jar:file:///C:/Users/USER/.m2/repository/com/github/almasb/fxgl/17.3/fxgl-17.3.jar!/fxglassets/languages/english.lang
16:46:43.621 [FXGL Background Thread 4 ] DEBUG FXGLApplication      - Loading fonts
16:46:43.621 [FXGL Background Thread 4 ] DEBUG FXGLAssetLoaderServi - Loading from file system: jar:file:///C:/Users/USER/.m2/repository/com/github/almasb/fxgl/17.3/fxgl-17.3.jar!/fxglassets/ui/fonts/VarelaRound-Regular.ttf
16:46:43.654 [FXGL Background Thread 1 ] INFO  FXGLApplication      - FXGL initialization took: 1.191 sec
16:46:43.670 [JavaFX Application Thread] DEBUG Input                - Registered new binding: Up - W
16:46:43.671 [JavaFX Application Thread] DEBUG Input                - Registered new binding: Right - D
16:46:43.671 [JavaFX Application Thread] DEBUG Input                - Registered new binding: Left - A
16:46:43.671 [JavaFX Application Thread] DEBUG Input                - Registered new binding: Down - S
16:46:43.673 [JavaFX Application Thread] DEBUG Input                - Registered new binding: IDK - RMB
16:46:43.674 [JavaFX Application Thread] DEBUG FXGLAssetLoaderServi - Loading from file system: file:/C:/Users/USER/IdeaProjects/CSIT228-F3-Finals/target/classes/assets/music/opening.mp3
16:46:43.868 [FXGL Background Thread 4 ] DEBUG FXGLAssetLoaderServi - Loading from file system: jar:file:///C:/Users/USER/.m2/repository/com/github/almasb/fxgl/17.3/fxgl-17.3.jar!/fxglassets/ui/fonts/Abel-Regular.ttf
16:46:43.947 [FXGL Background Thread 4 ] DEBUG FXGLAssetLoaderServi - Loading from file system: jar:file:///C:/Users/USER/.m2/repository/com/github/almasb/fxgl/17.3/fxgl-17.3.jar!/fxglassets/ui/fonts/TerminalLandMono-Regular.otf
16:46:44.004 [FXGL Background Thread 4 ] DEBUG FXGLAssetLoaderServi - Loading from file system: jar:file:///C:/Users/USER/.m2/repository/com/github/almasb/fxgl/17.3/fxgl-17.3.jar!/fxglassets/ui/fonts/Courier-Prime.ttf
16:46:44.093 [JavaFX Application Thread] DEBUG AudioPlayer          - Playing music com.almasb.fxgl.audio.Music@67eda951
16:46:44.094 [JavaFX Application Thread] DEBUG FXGLAssetLoaderServi - Loading from file system: jar:file:///C:/Users/USER/.m2/repository/com/github/almasb/fxgl/17.3/fxgl-17.3.jar!/fxglassets/textures/fxgl_icon.png
16:46:44.131 [JavaFX Application Thread] DEBUG FXGLAssetLoaderServi - Loading from file system: jar:file:///C:/Users/USER/.m2/repository/com/github/almasb/fxgl/17.3/fxgl-17.3.jar!/fxglassets/textures/fxgl_default_cursor.png
16:46:44.133 [JavaFX Application Thread] DEBUG Input                - Registered new binding: Screenshot - CTRL+8
16:46:44.134 [JavaFX Application Thread] DEBUG Input                - Registered new binding: Dev Options - 1
16:46:44.135 [JavaFX Application Thread] DEBUG Input                - Registered new binding: Dev Console - 2
16:46:44.135 [JavaFX Application Thread] DEBUG Input                - Registered new binding: System info dump - CTRL+9
16:46:44.135 [JavaFX Application Thread] DEBUG Input                - Registered new binding: Restart - CTRL+R
16:46:44.136 [JavaFX Application Thread] DEBUG Input                - Registered new binding: Toggle Debug Camera - CTRL+7
16:46:44.144 [JavaFX Application Thread] DEBUG LoopRunner           - Starting loop
16:46:44.156 [JavaFX Application Thread] DEBUG LoopRunner           - Initializing JavaFX AnimationTimerLoop
16:46:44.160 [JavaFX Application Thread] DEBUG Input                - Clearing active input actions
16:46:44.184 [JavaFX Application Thread] DEBUG GameApplicationServi - Removing overlay from FXGLStartupScene and adding to FXGLMainMenuDummyScene
16:46:44.214 [JavaFX Application Thread] DEBUG PrimaryStageWindow   - FXGLStartupScene -> FXGLMainMenuDummyScene
16:46:44.214 [JavaFX Application Thread] DEBUG PrimaryStageWindow   - Push state: GameMainMenu
16:46:44.214 [JavaFX Application Thread] DEBUG Input                - Clearing active input actions
16:46:44.241 [JavaFX Application Thread] DEBUG GameApplicationServi - Removing overlay from FXGLMainMenuDummyScene and adding to GameMainMenu
16:46:44.243 [JavaFX Application Thread] DEBUG PrimaryStageWindow   - FXGLMainMenuDummyScene -> GameMainMenu
16:46:44.246 [JavaFX Application Thread] DEBUG FXGLApplication      - Registering font factories with UI factory
16:46:44.610 [FXGL Background Thread 2 ] INFO  UpdaterService       - Your current version:  17.3
16:46:44.611 [FXGL Background Thread 2 ] INFO  UpdaterService       - Latest stable version: 21.1
16:46:46.107 [JavaFX Application Thread] DEBUG AudioPlayer          - Stopping music com.almasb.fxgl.audio.Music@67eda951
16:46:46.109 [JavaFX Application Thread] DEBUG FXGLAssetLoaderServi - Loading from file system: file:/C:/Users/USER/IdeaProjects/CSIT228-F3-Finals/target/classes/assets/music/game-music.mp3
16:46:46.114 [JavaFX Application Thread] DEBUG AudioPlayer          - Playing music com.almasb.fxgl.audio.Music@54fa2200
16:46:46.114 [JavaFX Application Thread] DEBUG Menu                 - fireNewGame()
16:46:46.114 [JavaFX Application Thread] DEBUG GameApplicationServi - Starting new game
16:46:46.114 [JavaFX Application Thread] DEBUG PrimaryStageWindow   - Pop state: GameMainMenu
16:46:46.115 [JavaFX Application Thread] DEBUG Input                - Clearing active input actions
16:46:46.116 [JavaFX Application Thread] DEBUG GameApplicationServi - Removing overlay from GameMainMenu and adding to FXGLMainMenuDummyScene
16:46:46.120 [JavaFX Application Thread] DEBUG PrimaryStageWindow   - FXGLMainMenuDummyScene <- GameMainMenu
16:46:46.121 [JavaFX Application Thread] DEBUG Input                - Clearing active input actions
16:46:46.134 [JavaFX Application Thread] DEBUG GameApplicationServi - Removing overlay from FXGLMainMenuDummyScene and adding to FXGLLoadingScene
16:46:46.136 [JavaFX Application Thread] DEBUG PrimaryStageWindow   - FXGLMainMenuDummyScene -> FXGLLoadingScene
16:46:46.136 [JavaFX Application Thread] DEBUG GameApplicationServi - Clearing previous game
16:46:46.136 [JavaFX Application Thread] DEBUG GameScene            - Clearing game scene
16:46:46.136 [JavaFX Application Thread] DEBUG GameWorld            - Clearing game world
16:46:46.136 [JavaFX Application Thread] DEBUG PhysicsWorld         - Clearing physics world
16:46:46.138 [FXGL Background Thread 2 ] DEBUG FXGLApplication      - Initializing game
16:46:46.214 [FXGL Background Thread 2 ] WARN  TMXLevelLoader       - TiledMap generated from 1.10.2. Supported version: 1.9.0. Some features may not be parsed fully.
16:46:46.321 [FXGL Background Thread 2 ] DEBUG TMXLevelLoader       - Parsed TiledMap: file:/C:/Users/USER/IdeaProjects/CSIT228-F3-Finals/target/classes/assets/levels/tmx/2DGameTiledMap.tmx
16:46:46.325 [FXGL Background Thread 2 ] DEBUG TMXLevelLoader       - Creating tile layer entities
16:46:46.333 [FXGL Background Thread 2 ] DEBUG TilesetLoader        - Loading view for layer floor
16:46:46.353 [FXGL Background Thread 2 ] DEBUG TilesetLoader        - Created buffer with size 2304.0x2304.0
16:46:46.559 [FXGL Background Thread 2 ] DEBUG TilesetLoader        - Loading view for layer stuff
16:46:46.581 [FXGL Background Thread 2 ] DEBUG TilesetLoader        - Created buffer with size 2304.0x2304.0
16:46:46.598 [FXGL Background Thread 2 ] DEBUG TilesetLoader        - Loading view for layer decor
16:46:46.623 [FXGL Background Thread 3 ] DEBUG Engine               - Logging environment variables
16:46:46.627 [FXGL Background Thread 3 ] DEBUG Engine               - achievements: []
16:46:46.627 [FXGL Background Thread 3 ] DEBUG Engine               - actualHeight: 720.0
16:46:46.628 [FXGL Background Thread 3 ] DEBUG Engine               - actualHeightProperty: ReadOnlyDoubleProperty [value: 720.0]
16:46:46.628 [FXGL Background Thread 3 ] DEBUG Engine               - actualWidth: 720.0
16:46:46.628 [FXGL Background Thread 3 ] DEBUG Engine               - actualWidthProperty: ReadOnlyDoubleProperty [value: 720.0]
16:46:46.628 [FXGL Background Thread 3 ] DEBUG Engine               - appIcon: fxgl_icon.png
16:46:46.628 [FXGL Background Thread 3 ] DEBUG Engine               - applicationMode: DEVELOPER
16:46:46.628 [FXGL Background Thread 3 ] DEBUG Engine               - cSSList: [fxgl_dark.css]
16:46:46.628 [FXGL Background Thread 3 ] DEBUG Engine               - collisionDetectionStrategy: BRUTE_FORCE
16:46:46.628 [FXGL Background Thread 3 ] DEBUG Engine               - configClass: Optional[class com.example.flat2d.Misc.Config]
16:46:46.629 [FXGL Background Thread 3 ] DEBUG Engine               - credits: []
16:46:46.630 [FXGL Background Thread 3 ] DEBUG Engine               - defaultCursor: CursorInfo(imageName=fxgl_default_cursor.png, hotspotX=7.0, hotspotY=6.0)
16:46:46.631 [FXGL Background Thread 3 ] DEBUG Engine               - devBBoxColorProperty: ObjectProperty [value: 0xff0000ff]
16:46:46.632 [FXGL Background Thread 3 ] DEBUG Engine               - devEnableDebugCameraProperty: BooleanProperty [value: false]
16:46:46.632 [FXGL Background Thread 3 ] DEBUG Engine               - devSensorColorProperty: ObjectProperty [value: 0xffff00ff]
16:46:46.633 [FXGL Background Thread 2 ] DEBUG TilesetLoader        - Created buffer with size 2304.0x2304.0
16:46:46.633 [FXGL Background Thread 3 ] DEBUG Engine               - devShowBBoxProperty: BooleanProperty [value: false]
16:46:46.633 [FXGL Background Thread 3 ] DEBUG Engine               - devShowPositionProperty: BooleanProperty [value: false]
16:46:46.634 [FXGL Background Thread 3 ] DEBUG Engine               - enabledMenuItems: []
16:46:46.634 [FXGL Background Thread 3 ] DEBUG Engine               - engineServices: [class com.almasb.fxgl.app.services.FXGLAssetLoaderService, class com.almasb.fxgl.app.FXGLApplication$GameApplicationService, class com.almasb.fxgl.app.services.FXGLDialogService, class com.almasb.fxgl.app.services.IOTaskExecutorService, class com.almasb.fxgl.io.FileSystemService, class com.almasb.fxgl.localization.LocalizationService, class com.almasb.fxgl.app.services.SystemBundleService, class com.almasb.fxgl.profile.SaveLoadService, class com.almasb.fxgl.ui.FXGLUIFactoryServiceProvider, class com.almasb.fxgl.ui.FXGLDialogFactoryServiceProvider, class com.almasb.fxgl.audio.AudioPlayer, class com.almasb.fxgl.notification.impl.NotificationServiceProvider, class com.almasb.fxgl.achievement.AchievementService, class com.almasb.fxgl.cutscene.CutsceneService, class com.almasb.fxgl.minigames.MiniGameService, class com.almasb.fxgl.net.NetService, class com.almasb.fxgl.app.services.UpdaterService, class com.almasb.fxgl.dev.DevService]
16:46:46.634 [FXGL Background Thread 3 ] DEBUG Engine               - fontGame: Abel-Regular.ttf
16:46:46.634 [FXGL Background Thread 3 ] DEBUG Engine               - fontMono: TerminalLandMono-Regular.otf
16:46:46.634 [FXGL Background Thread 3 ] DEBUG Engine               - fontSizeScaleUI: 1.0
16:46:46.635 [FXGL Background Thread 3 ] DEBUG Engine               - fontText: Courier-Prime.ttf
16:46:46.635 [FXGL Background Thread 3 ] DEBUG Engine               - fontUI: VarelaRound-Regular.ttf
16:46:46.635 [FXGL Background Thread 3 ] DEBUG Engine               - fullScreen: BooleanProperty [value: false]
16:46:46.635 [FXGL Background Thread 3 ] DEBUG Engine               - gameDifficulty: MEDIUM
16:46:46.635 [FXGL Background Thread 3 ] DEBUG Engine               - gameDifficultyProperty: ObjectProperty [value: MEDIUM]
16:46:46.636 [FXGL Background Thread 3 ] DEBUG Engine               - globalMusicVolume: 0.5
16:46:46.636 [FXGL Background Thread 3 ] DEBUG Engine               - globalMusicVolumeProperty: DoubleProperty [value: 0.5]
16:46:46.636 [FXGL Background Thread 3 ] DEBUG Engine               - globalSoundVolume: 0.5
16:46:46.636 [FXGL Background Thread 3 ] DEBUG Engine               - globalSoundVolumeProperty: DoubleProperty [value: 0.25]
16:46:46.636 [FXGL Background Thread 3 ] DEBUG Engine               - height: 720
16:46:46.636 [FXGL Background Thread 3 ] DEBUG Engine               - is3D: false
16:46:46.636 [FXGL Background Thread 3 ] DEBUG Engine               - isAndroid: false
16:46:46.637 [FXGL Background Thread 3 ] DEBUG Engine               - isBrowser: false
16:46:46.637 [FXGL Background Thread 3 ] DEBUG Engine               - isClickFeedbackEnabled: false
16:46:46.637 [FXGL Background Thread 3 ] DEBUG Engine               - isCloseConfirmation: false
16:46:46.638 [FXGL Background Thread 3 ] DEBUG Engine               - isDesktop: true
16:46:46.639 [FXGL Background Thread 3 ] DEBUG Engine               - isDeveloperMenuEnabled: true
16:46:46.639 [FXGL Background Thread 3 ] DEBUG Engine               - isEmbedded: false
16:46:46.639 [FXGL Background Thread 3 ] DEBUG Engine               - isEntityPreloadEnabled: true
16:46:46.639 [FXGL Background Thread 3 ] DEBUG Engine               - isExperimentalTiledLargeMap: false
16:46:46.639 [FXGL Background Thread 3 ] DEBUG Engine               - isFileSystemWriteAllowed: true
16:46:46.640 [FXGL Background Thread 3 ] DEBUG Engine               - isFullScreenAllowed: false
16:46:46.640 [FXGL Background Thread 3 ] DEBUG Engine               - isFullScreenFromStart: false
16:46:46.640 [FXGL Background Thread 3 ] DEBUG Engine               - isGameMenuEnabled: true
16:46:46.640 [FXGL Background Thread 3 ] DEBUG Engine               - isIOS: false
16:46:46.641 [FXGL Background Thread 3 ] DEBUG Engine               - isIntroEnabled: false
16:46:46.641 [FXGL Background Thread 3 ] DEBUG Engine               - isLinux: false
16:46:46.641 [FXGL Background Thread 3 ] DEBUG Engine               - isMac: false
16:46:46.642 [FXGL Background Thread 3 ] DEBUG Engine               - isMainMenuEnabled: true
16:46:46.642 [FXGL Background Thread 3 ] DEBUG Engine               - isManualResizeEnabled: false
16:46:46.642 [FXGL Background Thread 3 ] DEBUG Engine               - isMobile: false
16:46:46.643 [FXGL Background Thread 3 ] DEBUG Engine               - isNative: false
16:46:46.643 [FXGL Background Thread 3 ] DEBUG Engine               - isPauseMusicWhenMinimized: true
16:46:46.643 [FXGL Background Thread 3 ] DEBUG Engine               - isPreserveResizeRatio: false
16:46:46.643 [FXGL Background Thread 3 ] DEBUG Engine               - isProfilingEnabled: false
16:46:46.644 [FXGL Background Thread 3 ] DEBUG Engine               - isScaleAffectedOnResize: true
16:46:46.644 [FXGL Background Thread 3 ] DEBUG Engine               - isSingleStep: false
16:46:46.644 [FXGL Background Thread 3 ] DEBUG Engine               - isUserProfileEnabled: false
16:46:46.644 [FXGL Background Thread 3 ] DEBUG Engine               - isWindows: true
16:46:46.644 [FXGL Background Thread 3 ] DEBUG Engine               - language: ObjectProperty [value: ENGLISH]
16:46:46.644 [FXGL Background Thread 3 ] DEBUG Engine               - menuKey: ESCAPE
16:46:46.644 [FXGL Background Thread 3 ] DEBUG Engine               - mouseSensitivity: 0.2
16:46:46.644 [FXGL Background Thread 3 ] DEBUG Engine               - notificationViewClass: class com.almasb.fxgl.notification.view.XboxNotificationView
16:46:46.644 [FXGL Background Thread 3 ] DEBUG Engine               - pixelsPerMeter: 50.0
16:46:46.645 [FXGL Background Thread 3 ] DEBUG Engine               - platform: WINDOWS
16:46:46.648 [FXGL Background Thread 3 ] DEBUG Engine               - prefHeightProperty: ReadOnlyDoubleProperty [value: 720.0]
16:46:46.648 [FXGL Background Thread 3 ] DEBUG Engine               - prefWidthProperty: ReadOnlyDoubleProperty [value: 720.0]
16:46:46.648 [FXGL Background Thread 3 ] DEBUG Engine               - profileDir: profiles/
16:46:46.648 [FXGL Background Thread 3 ] DEBUG Engine               - profileName: StringProperty [value: DEFAULT]
16:46:46.649 [FXGL Background Thread 3 ] DEBUG Engine               - randomSeed: -1
16:46:46.649 [FXGL Background Thread 3 ] DEBUG Engine               - runtimeInfo: RuntimeInfo(platform=WINDOWS, version=17.3, build=30.03.2023 11.49)
16:46:46.649 [FXGL Background Thread 3 ] DEBUG Engine               - saveFileExt: sav
16:46:46.649 [FXGL Background Thread 3 ] DEBUG Engine               - scaledHeightProp$fxgl: DoubleProperty [bound, value: 720.0]
16:46:46.650 [FXGL Background Thread 3 ] DEBUG Engine               - scaledWidthProp$fxgl: DoubleProperty [bound, value: 720.0]
16:46:46.650 [FXGL Background Thread 3 ] DEBUG Engine               - sceneFactory: com.example.flat2d.GameApp$1@70265c7e
16:46:46.650 [FXGL Background Thread 3 ] DEBUG Engine               - secondsIn24h: 60
16:46:46.651 [FXGL Background Thread 3 ] DEBUG Engine               - soundMenuBack: menu/back.wav
16:46:46.651 [FXGL Background Thread 3 ] DEBUG Engine               - soundMenuPress: menu/press.wav
16:46:46.651 [FXGL Background Thread 3 ] DEBUG Engine               - soundMenuSelect: menu/select.wav
16:46:46.651 [FXGL Background Thread 3 ] DEBUG Engine               - soundNotification: core/notification.wav
16:46:46.651 [FXGL Background Thread 3 ] DEBUG Engine               - stageStyle: DECORATED
16:46:46.651 [FXGL Background Thread 3 ] DEBUG Engine               - supportedLanguages: [ENGLISH, FRENCH, GERMAN, HUNGARIAN, RUSSIAN]
16:46:46.651 [FXGL Background Thread 3 ] DEBUG Engine               - ticksPerSecond: -1
16:46:46.651 [FXGL Background Thread 3 ] DEBUG Engine               - title: Adventures of Sir Vim Zarado
16:46:46.651 [FXGL Background Thread 3 ] DEBUG Engine               - urlGithub: https://github.com/AlmasB/FXGL
16:46:46.651 [FXGL Background Thread 3 ] DEBUG Engine               - urlLeaderboard: http://fxgl-top.herokuapp.com/
16:46:46.652 [FXGL Background Thread 3 ] DEBUG Engine               - urlPOM: https://raw.githubusercontent.com/AlmasB/FXGL/release/README.md
16:46:46.652 [FXGL Background Thread 3 ] DEBUG Engine               - userAppClass: class com.example.flat2d.GameApp
16:46:46.652 [FXGL Background Thread 3 ] DEBUG Engine               - version: 0.0
16:46:46.652 [FXGL Background Thread 3 ] DEBUG Engine               - versionCheckDays: 7
16:46:46.652 [FXGL Background Thread 3 ] DEBUG Engine               - width: 720
16:46:46.652 [FXGL Background Thread 3 ] DEBUG Engine               - Logging services
16:46:46.652 [FXGL Background Thread 3 ] DEBUG Engine               - class com.almasb.fxgl.app.services.FXGLAssetLoaderService
16:46:46.652 [FXGL Background Thread 3 ] DEBUG Engine               - class com.almasb.fxgl.app.FXGLApplication$GameApplicationService
16:46:46.652 [FXGL Background Thread 3 ] DEBUG Engine               - class com.almasb.fxgl.app.services.FXGLDialogService
16:46:46.653 [FXGL Background Thread 3 ] DEBUG Engine               - class com.almasb.fxgl.app.services.IOTaskExecutorService
16:46:46.653 [FXGL Background Thread 3 ] DEBUG Engine               - class com.almasb.fxgl.io.FileSystemService
16:46:46.653 [FXGL Background Thread 3 ] DEBUG Engine               - class com.almasb.fxgl.localization.LocalizationService
16:46:46.653 [FXGL Background Thread 3 ] DEBUG Engine               - class com.almasb.fxgl.app.services.SystemBundleService
16:46:46.653 [FXGL Background Thread 3 ] DEBUG Engine               - class com.almasb.fxgl.profile.SaveLoadService
16:46:46.658 [FXGL Background Thread 3 ] DEBUG Engine               - class com.almasb.fxgl.ui.FXGLUIFactoryServiceProvider
16:46:46.659 [FXGL Background Thread 3 ] DEBUG Engine               - class com.almasb.fxgl.ui.FXGLDialogFactoryServiceProvider
16:46:46.659 [FXGL Background Thread 3 ] DEBUG Engine               - class com.almasb.fxgl.audio.AudioPlayer
16:46:46.659 [FXGL Background Thread 3 ] DEBUG Engine               - class com.almasb.fxgl.notification.impl.NotificationServiceProvider
16:46:46.660 [FXGL Background Thread 3 ] DEBUG Engine               - class com.almasb.fxgl.achievement.AchievementService
16:46:46.660 [FXGL Background Thread 3 ] DEBUG Engine               - class com.almasb.fxgl.cutscene.CutsceneService
16:46:46.660 [FXGL Background Thread 3 ] DEBUG Engine               - class com.almasb.fxgl.minigames.MiniGameService
16:46:46.660 [FXGL Background Thread 3 ] DEBUG Engine               - class com.almasb.fxgl.net.NetService
16:46:46.660 [FXGL Background Thread 3 ] DEBUG Engine               - class com.almasb.fxgl.app.services.UpdaterService
16:46:46.660 [FXGL Background Thread 3 ] DEBUG Engine               - class com.almasb.fxgl.dev.DevService
16:46:46.660 [FXGL Background Thread 2 ] DEBUG TilesetLoader        - Loading view for layer more
16:46:46.692 [FXGL Background Thread 2 ] DEBUG TilesetLoader        - Created buffer with size 2304.0x2304.0
16:46:46.694 [FXGL Background Thread 2 ] DEBUG TMXLevelLoader       - Creating object layer entities
16:46:46.762 [FXGL Background Thread 2 ] DEBUG FXGLAssetLoaderServi - Loading from file system: file:/C:/Users/USER/IdeaProjects/CSIT228-F3-Finals/target/classes/assets/textures/background/torch.gif
16:46:46.854 [FXGL Background Thread 2 ] DEBUG GameWorld            - Clearing removable entities
16:46:46.855 [FXGL Background Thread 2 ] DEBUG GameWorld            - Setting level: com.almasb.fxgl.entity.level.Level@2006d0ee
16:46:46.867 [FXGL Background Thread 2 ] DEBUG FXGLAssetLoaderServi - Loading from file system: file:/C:/Users/USER/IdeaProjects/CSIT228-F3-Finals/target/classes/assets/textures/player/lecatmoves.png
16:46:46.871 [FXGL Background Thread 2 ] DEBUG FXGLAssetLoaderServi - Loading from file system: file:/C:/Users/USER/IdeaProjects/CSIT228-F3-Finals/target/classes/assets/textures/player/CatOne.png
16:46:46.875 [FXGL Background Thread 2 ] DEBUG FXGLAssetLoaderServi - Loading from file system: file:/C:/Users/USER/IdeaProjects/CSIT228-F3-Finals/target/classes/assets/textures/player/CatThree.png
16:46:46.879 [FXGL Background Thread 2 ] DEBUG FXGLAssetLoaderServi - Loading from file system: file:/C:/Users/USER/IdeaProjects/CSIT228-F3-Finals/target/classes/assets/textures/player/CatFour.png
16:46:46.923 [FXGL Background Thread 2 ] INFO  FXGLApplication      - Game initialization took: 0.784 sec
16:46:46.925 [JavaFX Application Thread] DEBUG Input                - Clearing active input actions
16:46:46.939 [JavaFX Application Thread] DEBUG GameApplicationServi - Removing overlay from FXGLLoadingScene and adding to GameScene
16:46:46.947 [JavaFX Application Thread] DEBUG PrimaryStageWindow   - FXGLLoadingScene -> GameScene
16:46:47.925 [JavaFX Application Thread] DEBUG FXGLAssetLoaderServi - Loading from file system: file:/C:/Users/USER/IdeaProjects/CSIT228-F3-Finals/target/classes/assets/textures/skill/spr_bullet_strip.png
16:46:49.214 [JavaFX Application Thread] DEBUG FXGLApplication      - Exiting FXGL
16:46:49.214 [JavaFX Application Thread] DEBUG LoopRunner           - Stopping loop
16:46:49.214 [JavaFX Application Thread] DEBUG SystemBundleService  - Saving FXGL system data
16:46:49.216 [JavaFX Application Thread] DEBUG FileSystemAccess     - Writing to: C:\Users\USER\IdeaProjects\CSIT228-F3-Finals\system\fxgl.bundle
16:46:49.220 [JavaFX Application Thread] DEBUG Async                - Shutting down background threads
16:46:49.221 [JavaFX Application Thread] DEBUG PrimaryStageWindow   - Closing main window
16:46:49.235 [JavaFX Application Thread] DEBUG Logger               - Closing Logger
