09:45:59.257 [main                     ] DEBUG Logger               - Configured Logger
09:45:59.281 [main                     ] DEBUG GameApplication      - Logging settings
Title: Adventures of Sir Vim Zarado
Version: 0.0
Width: 720
Height: 720
Fullscreen: false
Intro: false
Profiling: false
Single step:false
App Mode: DEVELOPER
Menu Key: ESCAPE
Stage Style: DECORATED
Scene Factory: class com.example.flat2d.GameApp$1

09:45:59.660 [JavaFX Application Thread] DEBUG FXGLApplication      - Initializing FXGL
09:45:59.665 [JavaFX Application Thread] INFO  Engine               - FXGL-17.3 (30.03.2023 11.49) on WINDOWS (J:21.0.2 FX:21)
09:45:59.666 [JavaFX Application Thread] DEBUG Engine               - JRE Vendor Name: Oracle Corporation
09:45:59.666 [JavaFX Application Thread] DEBUG Engine               - Running on OS: Windows 10 version 10.0
09:45:59.666 [JavaFX Application Thread] DEBUG Engine               - Architecture: amd64
09:45:59.666 [JavaFX Application Thread] INFO  Engine               - Source code and latest versions at: https://github.com/AlmasB/FXGL
09:45:59.666 [JavaFX Application Thread] INFO  Engine               -       Ask questions and discuss at: https://github.com/AlmasB/FXGL/discussions
09:45:59.667 [JavaFX Application Thread] INFO  Engine               -              Join the FXGL chat at: https://gitter.im/AlmasB/FXGL
09:45:59.782 [JavaFX Application Thread] DEBUG PrimaryStageWindow   - Creating a JavaFX scene
09:45:59.843 [JavaFX Application Thread] DEBUG PrimaryStageWindow   - Target settings size: 720.0 x 720.0
09:45:59.844 [JavaFX Application Thread] DEBUG PrimaryStageWindow   - Scaled scene size:    720.0 x 720.0
09:45:59.844 [JavaFX Application Thread] DEBUG PrimaryStageWindow   - Scaled ratio: (1.0, 1.0)
09:45:59.845 [JavaFX Application Thread] DEBUG PrimaryStageWindow   - Set initial scene to FXGLStartupScene
09:45:59.849 [JavaFX Application Thread] DEBUG PrimaryStageWindow   - Opening main window
09:45:59.929 [JavaFX Application Thread] DEBUG PrimaryStageWindow   - Window border size: (16.0, 39.0)
09:45:59.929 [JavaFX Application Thread] DEBUG PrimaryStageWindow   - Scaled size: 720.0 x 720.0
09:45:59.930 [JavaFX Application Thread] DEBUG PrimaryStageWindow   - Scaled ratio: (1.0, 1.0)
09:45:59.930 [JavaFX Application Thread] DEBUG PrimaryStageWindow   - Scene size: 720.0 x 720.0
09:45:59.931 [JavaFX Application Thread] DEBUG PrimaryStageWindow   - Stage size: 736.0 x 759.0
09:45:59.942 [FXGL Background Thread 1 ] DEBUG Engine               - Initializing environment variables
09:46:00.012 [FXGL Background Thread 1 ] DEBUG FXGLAssetLoaderServi - User app class for loading assets: class com.example.flat2d.GameApp
09:46:00.012 [FXGL Background Thread 1 ] DEBUG GameApplicationServi - Applying CSS: fxgl_dark.css
09:46:00.014 [FXGL Background Thread 1 ] DEBUG FXGLAssetLoaderServi - Loading from file system: jar:file:///C:/Users/USER/.m2/repository/com/github/almasb/fxgl/17.3/fxgl-17.3.jar!/fxglassets/ui/css/fxgl_dark.css
09:46:00.068 [FXGL Background Thread 1 ] DEBUG GameApplicationServi - Initializing application scenes
09:46:00.163 [FXGL Background Thread 1 ] DEBUG GameWorld            - Game world initialized
09:46:00.244 [FXGL Background Thread 1 ] DEBUG PhysicsWorld         - Physics world initialized: appHeight=720, physics.ppm=50.0
09:46:00.245 [FXGL Background Thread 1 ] DEBUG PhysicsWorld         - Using strategy: BRUTE_FORCE
09:46:00.250 [FXGL Background Thread 1 ] DEBUG GameScene            - Game scene initialized: 720x720
09:46:00.253 [FXGL Background Thread 1 ] DEBUG FXGLAssetLoaderServi - Loading from file system: file:/C:/Users/USER/IdeaProjects/CSIT228-F3-Finals/target/classes/assets/textures/background/main-screen.jpg
09:46:00.377 [FXGL Background Thread 1 ] DEBUG FXGLAssetLoaderServi - Loading from file system: file:/C:/Users/USER/IdeaProjects/CSIT228-F3-Finals/target/classes/assets/textures/profile-pic.jpg
09:46:00.392 [FXGL Background Thread 1 ] WARN  FXGL.DefaultMenu     - FXGLDefaultMenu is not designed for resolutions < 800x600
09:46:00.393 [FXGL Background Thread 1 ] DEBUG FXGL.DefaultMenu     - createMenuBodyGameMenu()
09:46:00.407 [FXGL Background Thread 1 ] DEBUG FXGL.DefaultMenu     - createOptionsMenu()
09:46:00.415 [FXGL Background Thread 1 ] DEBUG FXGLAssetLoaderServi - Loading from file system: jar:file:///C:/Users/USER/.m2/repository/com/github/almasb/fxgl/17.3/fxgl-17.3.jar!/fxglassets/textures/particles/smoke.png
09:46:00.520 [FXGL Background Thread 1 ] DEBUG FXGLAssetLoaderServi - Loading from file system: jar:file:///C:/Users/USER/.m2/repository/com/github/almasb/fxgl/17.3/fxgl-17.3.jar!/fxglassets/textures/particles/trace_horizontal.png
09:46:00.559 [FXGL Background Thread 1 ] DEBUG GameApplicationServi - Application scenes initialized
09:46:00.577 [FXGL Background Thread 1 ] DEBUG SystemBundleService  - Loading FXGL system data
09:46:00.581 [FXGL Background Thread 1 ] DEBUG FileSystemAccess     - Reading from: C:\Users\USER\IdeaProjects\CSIT228-F3-Finals\system\fxgl.bundle
09:46:00.593 [FXGL Background Thread 1 ] DEBUG SystemBundleService  - Bundle FXGL: {}
09:46:00.594 [FXGL Background Thread 1 ] DEBUG UpdaterService       - Checking for updates
09:46:00.647 [FXGL Background Thread 1 ] DEBUG FXGLApplication      - Loading default localization
09:46:00.648 [FXGL Background Thread 1 ] DEBUG FXGLAssetLoaderServi - Loading from file system: jar:file:///C:/Users/USER/.m2/repository/com/github/almasb/fxgl/17.3/fxgl-17.3.jar!/fxglassets/languages/english.lang
09:46:00.678 [FXGL Background Thread 1 ] INFO  FXGLApplication      - FXGL initialization took: 0.735 sec
09:46:00.689 [JavaFX Application Thread] DEBUG Input                - Registered new binding: Up - W
09:46:00.690 [JavaFX Application Thread] DEBUG Input                - Registered new binding: Right - D
09:46:00.690 [JavaFX Application Thread] DEBUG Input                - Registered new binding: Left - A
09:46:00.690 [JavaFX Application Thread] DEBUG Input                - Registered new binding: Down - S
09:46:00.692 [JavaFX Application Thread] DEBUG Input                - Registered new binding: IDK - RMB
09:46:00.692 [JavaFX Application Thread] DEBUG FXGLAssetLoaderServi - Loading from file system: file:/C:/Users/USER/IdeaProjects/CSIT228-F3-Finals/target/classes/assets/music/opening.mp3
09:46:00.702 [FXGL Background Thread 4 ] DEBUG FXGLApplication      - Loading fonts
09:46:00.703 [FXGL Background Thread 4 ] DEBUG FXGLAssetLoaderServi - Loading from file system: jar:file:///C:/Users/USER/.m2/repository/com/github/almasb/fxgl/17.3/fxgl-17.3.jar!/fxglassets/ui/fonts/VarelaRound-Regular.ttf
09:46:00.809 [FXGL Background Thread 4 ] DEBUG FXGLAssetLoaderServi - Loading from file system: jar:file:///C:/Users/USER/.m2/repository/com/github/almasb/fxgl/17.3/fxgl-17.3.jar!/fxglassets/ui/fonts/Abel-Regular.ttf
09:46:00.855 [FXGL Background Thread 4 ] DEBUG FXGLAssetLoaderServi - Loading from file system: jar:file:///C:/Users/USER/.m2/repository/com/github/almasb/fxgl/17.3/fxgl-17.3.jar!/fxglassets/ui/fonts/TerminalLandMono-Regular.otf
09:46:00.866 [FXGL Background Thread 4 ] DEBUG FXGLAssetLoaderServi - Loading from file system: jar:file:///C:/Users/USER/.m2/repository/com/github/almasb/fxgl/17.3/fxgl-17.3.jar!/fxglassets/ui/fonts/Courier-Prime.ttf
09:46:00.911 [JavaFX Application Thread] DEBUG AudioPlayer          - Playing music com.almasb.fxgl.audio.Music@4ba90b66
09:46:00.912 [JavaFX Application Thread] DEBUG FXGLAssetLoaderServi - Loading from file system: jar:file:///C:/Users/USER/.m2/repository/com/github/almasb/fxgl/17.3/fxgl-17.3.jar!/fxglassets/textures/fxgl_icon.png
09:46:00.943 [JavaFX Application Thread] DEBUG FXGLAssetLoaderServi - Loading from file system: jar:file:///C:/Users/USER/.m2/repository/com/github/almasb/fxgl/17.3/fxgl-17.3.jar!/fxglassets/textures/fxgl_default_cursor.png
09:46:00.945 [JavaFX Application Thread] DEBUG Input                - Registered new binding: Screenshot - CTRL+8
09:46:00.945 [JavaFX Application Thread] DEBUG Input                - Registered new binding: Dev Options - 1
09:46:00.946 [JavaFX Application Thread] DEBUG Input                - Registered new binding: Dev Console - 2
09:46:00.946 [JavaFX Application Thread] DEBUG Input                - Registered new binding: System info dump - CTRL+9
09:46:00.947 [JavaFX Application Thread] DEBUG Input                - Registered new binding: Restart - CTRL+R
09:46:00.948 [JavaFX Application Thread] DEBUG Input                - Registered new binding: Toggle Debug Camera - CTRL+7
09:46:00.952 [JavaFX Application Thread] DEBUG LoopRunner           - Starting loop
09:46:00.959 [JavaFX Application Thread] DEBUG LoopRunner           - Initializing JavaFX AnimationTimerLoop
09:46:00.962 [JavaFX Application Thread] DEBUG Input                - Clearing active input actions
09:46:00.994 [JavaFX Application Thread] DEBUG GameApplicationServi - Removing overlay from FXGLStartupScene and adding to FXGLMainMenuDummyScene
09:46:00.998 [JavaFX Application Thread] DEBUG PrimaryStageWindow   - FXGLStartupScene -> FXGLMainMenuDummyScene
09:46:00.998 [JavaFX Application Thread] DEBUG PrimaryStageWindow   - Push state: GameMainMenu
09:46:01.000 [JavaFX Application Thread] DEBUG Input                - Clearing active input actions
09:46:01.025 [JavaFX Application Thread] DEBUG GameApplicationServi - Removing overlay from FXGLMainMenuDummyScene and adding to GameMainMenu
09:46:01.026 [JavaFX Application Thread] DEBUG PrimaryStageWindow   - FXGLMainMenuDummyScene -> GameMainMenu
09:46:01.027 [JavaFX Application Thread] DEBUG FXGLApplication      - Registering font factories with UI factory
09:46:01.294 [FXGL Background Thread 2 ] INFO  UpdaterService       - Your current version:  17.3
09:46:01.295 [FXGL Background Thread 2 ] INFO  UpdaterService       - Latest stable version: 21.1
09:46:03.645 [FXGL Background Thread 3 ] DEBUG Engine               - Logging environment variables
09:46:03.645 [FXGL Background Thread 3 ] DEBUG Engine               - achievements: []
09:46:03.646 [FXGL Background Thread 3 ] DEBUG Engine               - actualHeight: 720.0
09:46:03.646 [FXGL Background Thread 3 ] DEBUG Engine               - actualHeightProperty: ReadOnlyDoubleProperty [value: 720.0]
09:46:03.646 [FXGL Background Thread 3 ] DEBUG Engine               - actualWidth: 720.0
09:46:03.646 [FXGL Background Thread 3 ] DEBUG Engine               - actualWidthProperty: ReadOnlyDoubleProperty [value: 720.0]
09:46:03.646 [FXGL Background Thread 3 ] DEBUG Engine               - appIcon: fxgl_icon.png
09:46:03.646 [FXGL Background Thread 3 ] DEBUG Engine               - applicationMode: DEVELOPER
09:46:03.647 [FXGL Background Thread 3 ] DEBUG Engine               - cSSList: [fxgl_dark.css]
09:46:03.647 [FXGL Background Thread 3 ] DEBUG Engine               - collisionDetectionStrategy: BRUTE_FORCE
09:46:03.647 [FXGL Background Thread 3 ] DEBUG Engine               - configClass: Optional[class com.example.flat2d.Misc.Config]
09:46:03.647 [FXGL Background Thread 3 ] DEBUG Engine               - credits: []
09:46:03.647 [FXGL Background Thread 3 ] DEBUG Engine               - defaultCursor: CursorInfo(imageName=fxgl_default_cursor.png, hotspotX=7.0, hotspotY=6.0)
09:46:03.648 [FXGL Background Thread 3 ] DEBUG Engine               - devBBoxColorProperty: ObjectProperty [value: 0xff0000ff]
09:46:03.648 [FXGL Background Thread 3 ] DEBUG Engine               - devEnableDebugCameraProperty: BooleanProperty [value: false]
09:46:03.648 [FXGL Background Thread 3 ] DEBUG Engine               - devSensorColorProperty: ObjectProperty [value: 0xffff00ff]
09:46:03.648 [FXGL Background Thread 3 ] DEBUG Engine               - devShowBBoxProperty: BooleanProperty [value: false]
09:46:03.648 [FXGL Background Thread 3 ] DEBUG Engine               - devShowPositionProperty: BooleanProperty [value: false]
09:46:03.648 [FXGL Background Thread 3 ] DEBUG Engine               - enabledMenuItems: []
09:46:03.648 [FXGL Background Thread 3 ] DEBUG Engine               - engineServices: [class com.almasb.fxgl.app.services.FXGLAssetLoaderService, class com.almasb.fxgl.app.FXGLApplication$GameApplicationService, class com.almasb.fxgl.app.services.FXGLDialogService, class com.almasb.fxgl.app.services.IOTaskExecutorService, class com.almasb.fxgl.io.FileSystemService, class com.almasb.fxgl.localization.LocalizationService, class com.almasb.fxgl.app.services.SystemBundleService, class com.almasb.fxgl.profile.SaveLoadService, class com.almasb.fxgl.ui.FXGLUIFactoryServiceProvider, class com.almasb.fxgl.ui.FXGLDialogFactoryServiceProvider, class com.almasb.fxgl.audio.AudioPlayer, class com.almasb.fxgl.notification.impl.NotificationServiceProvider, class com.almasb.fxgl.achievement.AchievementService, class com.almasb.fxgl.cutscene.CutsceneService, class com.almasb.fxgl.minigames.MiniGameService, class com.almasb.fxgl.net.NetService, class com.almasb.fxgl.app.services.UpdaterService, class com.almasb.fxgl.dev.DevService]
09:46:03.648 [FXGL Background Thread 3 ] DEBUG Engine               - fontGame: Abel-Regular.ttf
09:46:03.648 [FXGL Background Thread 3 ] DEBUG Engine               - fontMono: TerminalLandMono-Regular.otf
09:46:03.649 [FXGL Background Thread 3 ] DEBUG Engine               - fontSizeScaleUI: 1.0
09:46:03.649 [FXGL Background Thread 3 ] DEBUG Engine               - fontText: Courier-Prime.ttf
09:46:03.650 [FXGL Background Thread 3 ] DEBUG Engine               - fontUI: VarelaRound-Regular.ttf
09:46:03.650 [FXGL Background Thread 3 ] DEBUG Engine               - fullScreen: BooleanProperty [value: false]
09:46:03.650 [FXGL Background Thread 3 ] DEBUG Engine               - gameDifficulty: MEDIUM
09:46:03.650 [FXGL Background Thread 3 ] DEBUG Engine               - gameDifficultyProperty: ObjectProperty [value: MEDIUM]
09:46:03.650 [FXGL Background Thread 3 ] DEBUG Engine               - globalMusicVolume: 0.5
09:46:03.650 [FXGL Background Thread 3 ] DEBUG Engine               - globalMusicVolumeProperty: DoubleProperty [value: 0.5]
09:46:03.650 [FXGL Background Thread 3 ] DEBUG Engine               - globalSoundVolume: 0.5
09:46:03.650 [FXGL Background Thread 3 ] DEBUG Engine               - globalSoundVolumeProperty: DoubleProperty [value: 0.25]
09:46:03.650 [FXGL Background Thread 3 ] DEBUG Engine               - height: 720
09:46:03.650 [FXGL Background Thread 3 ] DEBUG Engine               - is3D: false
09:46:03.650 [FXGL Background Thread 3 ] DEBUG Engine               - isAndroid: false
09:46:03.650 [FXGL Background Thread 3 ] DEBUG Engine               - isBrowser: false
09:46:03.650 [FXGL Background Thread 3 ] DEBUG Engine               - isClickFeedbackEnabled: false
09:46:03.650 [FXGL Background Thread 3 ] DEBUG Engine               - isCloseConfirmation: false
09:46:03.650 [FXGL Background Thread 3 ] DEBUG Engine               - isDesktop: true
09:46:03.650 [FXGL Background Thread 3 ] DEBUG Engine               - isDeveloperMenuEnabled: true
09:46:03.651 [FXGL Background Thread 3 ] DEBUG Engine               - isEmbedded: false
09:46:03.651 [FXGL Background Thread 3 ] DEBUG Engine               - isEntityPreloadEnabled: true
09:46:03.651 [FXGL Background Thread 3 ] DEBUG Engine               - isExperimentalTiledLargeMap: false
09:46:03.651 [FXGL Background Thread 3 ] DEBUG Engine               - isFileSystemWriteAllowed: true
09:46:03.651 [FXGL Background Thread 3 ] DEBUG Engine               - isFullScreenAllowed: false
09:46:03.651 [FXGL Background Thread 3 ] DEBUG Engine               - isFullScreenFromStart: false
09:46:03.651 [FXGL Background Thread 3 ] DEBUG Engine               - isGameMenuEnabled: true
09:46:03.651 [FXGL Background Thread 3 ] DEBUG Engine               - isIOS: false
09:46:03.652 [FXGL Background Thread 3 ] DEBUG Engine               - isIntroEnabled: false
09:46:03.652 [FXGL Background Thread 3 ] DEBUG Engine               - isLinux: false
09:46:03.652 [FXGL Background Thread 3 ] DEBUG Engine               - isMac: false
09:46:03.652 [FXGL Background Thread 3 ] DEBUG Engine               - isMainMenuEnabled: true
09:46:03.652 [FXGL Background Thread 3 ] DEBUG Engine               - isManualResizeEnabled: false
09:46:03.652 [FXGL Background Thread 3 ] DEBUG Engine               - isMobile: false
09:46:03.652 [FXGL Background Thread 3 ] DEBUG Engine               - isNative: false
09:46:03.652 [FXGL Background Thread 3 ] DEBUG Engine               - isPauseMusicWhenMinimized: true
09:46:03.652 [FXGL Background Thread 3 ] DEBUG Engine               - isPreserveResizeRatio: false
09:46:03.652 [FXGL Background Thread 3 ] DEBUG Engine               - isProfilingEnabled: false
09:46:03.653 [FXGL Background Thread 3 ] DEBUG Engine               - isScaleAffectedOnResize: true
09:46:03.653 [FXGL Background Thread 3 ] DEBUG Engine               - isSingleStep: false
09:46:03.653 [FXGL Background Thread 3 ] DEBUG Engine               - isUserProfileEnabled: false
09:46:03.653 [FXGL Background Thread 3 ] DEBUG Engine               - isWindows: true
09:46:03.653 [FXGL Background Thread 3 ] DEBUG Engine               - language: ObjectProperty [value: ENGLISH]
09:46:03.653 [FXGL Background Thread 3 ] DEBUG Engine               - menuKey: ESCAPE
09:46:03.653 [FXGL Background Thread 3 ] DEBUG Engine               - mouseSensitivity: 0.2
09:46:03.653 [FXGL Background Thread 3 ] DEBUG Engine               - notificationViewClass: class com.almasb.fxgl.notification.view.XboxNotificationView
09:46:03.654 [FXGL Background Thread 3 ] DEBUG Engine               - pixelsPerMeter: 50.0
09:46:03.654 [FXGL Background Thread 3 ] DEBUG Engine               - platform: WINDOWS
09:46:03.654 [FXGL Background Thread 3 ] DEBUG Engine               - prefHeightProperty: ReadOnlyDoubleProperty [value: 720.0]
09:46:03.654 [FXGL Background Thread 3 ] DEBUG Engine               - prefWidthProperty: ReadOnlyDoubleProperty [value: 720.0]
09:46:03.654 [FXGL Background Thread 3 ] DEBUG Engine               - profileDir: profiles/
09:46:03.655 [FXGL Background Thread 3 ] DEBUG Engine               - profileName: StringProperty [value: DEFAULT]
09:46:03.655 [FXGL Background Thread 3 ] DEBUG Engine               - randomSeed: -1
09:46:03.655 [FXGL Background Thread 3 ] DEBUG Engine               - runtimeInfo: RuntimeInfo(platform=WINDOWS, version=17.3, build=30.03.2023 11.49)
09:46:03.656 [FXGL Background Thread 3 ] DEBUG Engine               - saveFileExt: sav
09:46:03.656 [FXGL Background Thread 3 ] DEBUG Engine               - scaledHeightProp$fxgl: DoubleProperty [bound, value: 720.0]
09:46:03.656 [FXGL Background Thread 3 ] DEBUG Engine               - scaledWidthProp$fxgl: DoubleProperty [bound, value: 720.0]
09:46:03.657 [FXGL Background Thread 3 ] DEBUG Engine               - sceneFactory: com.example.flat2d.GameApp$1@5ed69687
09:46:03.657 [FXGL Background Thread 3 ] DEBUG Engine               - secondsIn24h: 60
09:46:03.657 [FXGL Background Thread 3 ] DEBUG Engine               - soundMenuBack: menu/back.wav
09:46:03.657 [FXGL Background Thread 3 ] DEBUG Engine               - soundMenuPress: menu/press.wav
09:46:03.657 [FXGL Background Thread 3 ] DEBUG Engine               - soundMenuSelect: menu/select.wav
09:46:03.657 [FXGL Background Thread 3 ] DEBUG Engine               - soundNotification: core/notification.wav
09:46:03.657 [FXGL Background Thread 3 ] DEBUG Engine               - stageStyle: DECORATED
09:46:03.657 [FXGL Background Thread 3 ] DEBUG Engine               - supportedLanguages: [ENGLISH, FRENCH, GERMAN, HUNGARIAN, RUSSIAN]
09:46:03.657 [FXGL Background Thread 3 ] DEBUG Engine               - ticksPerSecond: -1
09:46:03.657 [FXGL Background Thread 3 ] DEBUG Engine               - title: Adventures of Sir Vim Zarado
09:46:03.659 [FXGL Background Thread 3 ] DEBUG Engine               - urlGithub: https://github.com/AlmasB/FXGL
09:46:03.659 [FXGL Background Thread 3 ] DEBUG Engine               - urlLeaderboard: http://fxgl-top.herokuapp.com/
09:46:03.659 [FXGL Background Thread 3 ] DEBUG Engine               - urlPOM: https://raw.githubusercontent.com/AlmasB/FXGL/release/README.md
09:46:03.659 [FXGL Background Thread 3 ] DEBUG Engine               - userAppClass: class com.example.flat2d.GameApp
09:46:03.659 [FXGL Background Thread 3 ] DEBUG Engine               - version: 0.0
09:46:03.659 [FXGL Background Thread 3 ] DEBUG Engine               - versionCheckDays: 7
09:46:03.659 [FXGL Background Thread 3 ] DEBUG Engine               - width: 720
09:46:03.659 [FXGL Background Thread 3 ] DEBUG Engine               - Logging services
09:46:03.660 [FXGL Background Thread 3 ] DEBUG Engine               - class com.almasb.fxgl.app.services.FXGLAssetLoaderService
09:46:03.660 [FXGL Background Thread 3 ] DEBUG Engine               - class com.almasb.fxgl.app.FXGLApplication$GameApplicationService
09:46:03.660 [FXGL Background Thread 3 ] DEBUG Engine               - class com.almasb.fxgl.app.services.FXGLDialogService
09:46:03.660 [FXGL Background Thread 3 ] DEBUG Engine               - class com.almasb.fxgl.app.services.IOTaskExecutorService
09:46:03.660 [FXGL Background Thread 3 ] DEBUG Engine               - class com.almasb.fxgl.io.FileSystemService
09:46:03.660 [FXGL Background Thread 3 ] DEBUG Engine               - class com.almasb.fxgl.localization.LocalizationService
09:46:03.660 [FXGL Background Thread 3 ] DEBUG Engine               - class com.almasb.fxgl.app.services.SystemBundleService
09:46:03.660 [FXGL Background Thread 3 ] DEBUG Engine               - class com.almasb.fxgl.profile.SaveLoadService
09:46:03.660 [FXGL Background Thread 3 ] DEBUG Engine               - class com.almasb.fxgl.ui.FXGLUIFactoryServiceProvider
09:46:03.660 [FXGL Background Thread 3 ] DEBUG Engine               - class com.almasb.fxgl.ui.FXGLDialogFactoryServiceProvider
09:46:03.660 [FXGL Background Thread 3 ] DEBUG Engine               - class com.almasb.fxgl.audio.AudioPlayer
09:46:03.660 [FXGL Background Thread 3 ] DEBUG Engine               - class com.almasb.fxgl.notification.impl.NotificationServiceProvider
09:46:03.660 [FXGL Background Thread 3 ] DEBUG Engine               - class com.almasb.fxgl.achievement.AchievementService
09:46:03.660 [FXGL Background Thread 3 ] DEBUG Engine               - class com.almasb.fxgl.cutscene.CutsceneService
09:46:03.660 [FXGL Background Thread 3 ] DEBUG Engine               - class com.almasb.fxgl.minigames.MiniGameService
09:46:03.660 [FXGL Background Thread 3 ] DEBUG Engine               - class com.almasb.fxgl.net.NetService
09:46:03.660 [FXGL Background Thread 3 ] DEBUG Engine               - class com.almasb.fxgl.app.services.UpdaterService
09:46:03.660 [FXGL Background Thread 3 ] DEBUG Engine               - class com.almasb.fxgl.dev.DevService
09:46:04.948 [JavaFX Application Thread] DEBUG AudioPlayer          - Stopping music com.almasb.fxgl.audio.Music@4ba90b66
09:46:04.949 [JavaFX Application Thread] DEBUG FXGLAssetLoaderServi - Loading from file system: file:/C:/Users/USER/IdeaProjects/CSIT228-F3-Finals/target/classes/assets/music/game-music.mp3
09:46:04.953 [JavaFX Application Thread] DEBUG AudioPlayer          - Playing music com.almasb.fxgl.audio.Music@2bf0e43c
09:46:04.953 [JavaFX Application Thread] DEBUG Menu                 - fireNewGame()
09:46:04.953 [JavaFX Application Thread] DEBUG GameApplicationServi - Starting new game
09:46:04.953 [JavaFX Application Thread] DEBUG PrimaryStageWindow   - Pop state: GameMainMenu
09:46:04.953 [JavaFX Application Thread] DEBUG Input                - Clearing active input actions
09:46:04.955 [JavaFX Application Thread] DEBUG GameApplicationServi - Removing overlay from GameMainMenu and adding to FXGLMainMenuDummyScene
09:46:04.958 [JavaFX Application Thread] DEBUG PrimaryStageWindow   - FXGLMainMenuDummyScene <- GameMainMenu
09:46:04.958 [JavaFX Application Thread] DEBUG Input                - Clearing active input actions
09:46:04.966 [JavaFX Application Thread] DEBUG GameApplicationServi - Removing overlay from FXGLMainMenuDummyScene and adding to FXGLLoadingScene
09:46:04.967 [JavaFX Application Thread] DEBUG PrimaryStageWindow   - FXGLMainMenuDummyScene -> FXGLLoadingScene
09:46:04.967 [JavaFX Application Thread] DEBUG GameApplicationServi - Clearing previous game
09:46:04.967 [JavaFX Application Thread] DEBUG GameScene            - Clearing game scene
09:46:04.967 [JavaFX Application Thread] DEBUG GameWorld            - Clearing game world
09:46:04.967 [JavaFX Application Thread] DEBUG PhysicsWorld         - Clearing physics world
09:46:04.968 [FXGL Background Thread 2 ] DEBUG FXGLApplication      - Initializing game
09:46:05.038 [FXGL Background Thread 2 ] WARN  TMXLevelLoader       - TiledMap generated from 1.10.2. Supported version: 1.9.0. Some features may not be parsed fully.
09:46:05.101 [FXGL Background Thread 2 ] DEBUG TMXLevelLoader       - Parsed TiledMap: file:/C:/Users/USER/IdeaProjects/CSIT228-F3-Finals/target/classes/assets/levels/tmx/2DGameTiledMap.tmx
09:46:05.103 [FXGL Background Thread 2 ] DEBUG TMXLevelLoader       - Creating tile layer entities
09:46:05.106 [FXGL Background Thread 2 ] DEBUG TilesetLoader        - Loading view for layer floor
09:46:05.111 [FXGL Background Thread 2 ] DEBUG TilesetLoader        - Created buffer with size 2304.0x2304.0
09:46:05.234 [FXGL Background Thread 2 ] DEBUG TilesetLoader        - Loading view for layer stuff
09:46:05.247 [FXGL Background Thread 2 ] DEBUG TilesetLoader        - Created buffer with size 2304.0x2304.0
09:46:05.256 [FXGL Background Thread 2 ] DEBUG TilesetLoader        - Loading view for layer decor
09:46:05.269 [FXGL Background Thread 2 ] DEBUG TilesetLoader        - Created buffer with size 2304.0x2304.0
09:46:05.284 [FXGL Background Thread 2 ] DEBUG TilesetLoader        - Loading view for layer more
09:46:05.301 [FXGL Background Thread 2 ] DEBUG TilesetLoader        - Created buffer with size 2304.0x2304.0
09:46:05.304 [FXGL Background Thread 2 ] DEBUG TMXLevelLoader       - Creating object layer entities
09:46:05.347 [FXGL Background Thread 2 ] DEBUG FXGLAssetLoaderServi - Loading from file system: file:/C:/Users/USER/IdeaProjects/CSIT228-F3-Finals/target/classes/assets/textures/background/torch.gif
09:46:05.404 [FXGL Background Thread 2 ] DEBUG FXGLAssetLoaderServi - Loading from file system: file:/C:/Users/USER/IdeaProjects/CSIT228-F3-Finals/target/classes/assets/textures/background/eyes-hole.gif
09:46:05.483 [FXGL Background Thread 2 ] DEBUG GameWorld            - Clearing removable entities
09:46:05.484 [FXGL Background Thread 2 ] DEBUG GameWorld            - Setting level: com.almasb.fxgl.entity.level.Level@17ef4fc5
09:46:05.496 [FXGL Background Thread 2 ] DEBUG FXGLAssetLoaderServi - Loading from file system: file:/C:/Users/USER/IdeaProjects/CSIT228-F3-Finals/target/classes/assets/textures/player/lecatmoves.png
09:46:05.497 [FXGL Background Thread 2 ] DEBUG FXGLAssetLoaderServi - Loading from file system: file:/C:/Users/USER/IdeaProjects/CSIT228-F3-Finals/target/classes/assets/textures/player/CatOne.png
09:46:05.499 [FXGL Background Thread 2 ] DEBUG FXGLAssetLoaderServi - Loading from file system: file:/C:/Users/USER/IdeaProjects/CSIT228-F3-Finals/target/classes/assets/textures/player/CatThree.png
09:46:05.500 [FXGL Background Thread 2 ] DEBUG FXGLAssetLoaderServi - Loading from file system: file:/C:/Users/USER/IdeaProjects/CSIT228-F3-Finals/target/classes/assets/textures/player/CatFour.png
09:46:05.520 [FXGL Background Thread 2 ] INFO  FXGLApplication      - Game initialization took: 0.551 sec
09:46:05.525 [JavaFX Application Thread] DEBUG Input                - Clearing active input actions
09:46:05.535 [JavaFX Application Thread] DEBUG GameApplicationServi - Removing overlay from FXGLLoadingScene and adding to GameScene
09:46:05.543 [JavaFX Application Thread] DEBUG PrimaryStageWindow   - FXGLLoadingScene -> GameScene
09:46:06.645 [JavaFX Application Thread] DEBUG FXGLAssetLoaderServi - Loading from file system: file:/C:/Users/USER/IdeaProjects/CSIT228-F3-Finals/target/classes/assets/textures/skill/spr_bullet_strip.png
09:46:07.698 [JavaFX Application Thread] DEBUG FXGLAssetLoaderServi - Loading from file system: file:/C:/Users/USER/IdeaProjects/CSIT228-F3-Finals/target/classes/assets/textures/basic/NormalWalk2.png
09:46:07.701 [JavaFX Application Thread] DEBUG FXGLAssetLoaderServi - Loading from file system: file:/C:/Users/USER/IdeaProjects/CSIT228-F3-Finals/target/classes/assets/textures/basic/NormalDead2.png
09:46:07.702 [JavaFX Application Thread] DEBUG FXGLAssetLoaderServi - Loading from file system: file:/C:/Users/USER/IdeaProjects/CSIT228-F3-Finals/target/classes/assets/textures/basic/NormalAttack2.png
09:46:07.735 [JavaFX Application Thread] DEBUG FXGLAssetLoaderServi - Loading from file system: file:/C:/Users/USER/IdeaProjects/CSIT228-F3-Finals/target/classes/assets/textures/background/burn.gif
09:46:13.082 [JavaFX Application Thread] DEBUG FXGLApplication      - Exiting FXGL
09:46:13.082 [JavaFX Application Thread] DEBUG LoopRunner           - Stopping loop
09:46:13.082 [JavaFX Application Thread] DEBUG SystemBundleService  - Saving FXGL system data
09:46:13.084 [JavaFX Application Thread] DEBUG FileSystemAccess     - Writing to: C:\Users\USER\IdeaProjects\CSIT228-F3-Finals\system\fxgl.bundle
09:46:13.086 [JavaFX Application Thread] DEBUG Async                - Shutting down background threads
09:46:13.086 [JavaFX Application Thread] DEBUG PrimaryStageWindow   - Closing main window
09:46:13.097 [JavaFX Application Thread] DEBUG Logger               - Closing Logger
