16:45:24.230 [main                     ] DEBUG Logger               - Configured Logger
16:45:24.272 [main                     ] DEBUG GameApplication      - Logging settings
Title: Adventures of Sir Vim Zarado
Version: 0.0
Width: 720
Height: 720
Fullscreen: false
Intro: false
Profiling: false
Single step:false
App Mode: DEVELOPER
Menu Key: ESCAPE
Stage Style: DECORATED
Scene Factory: class com.example.flat2d.GameApp$1

16:45:24.849 [JavaFX Application Thread] DEBUG FXGLApplication      - Initializing FXGL
16:45:24.861 [JavaFX Application Thread] INFO  Engine               - FXGL-17.3 (30.03.2023 11.49) on WINDOWS (J:21.0.2 FX:21)
16:45:24.862 [JavaFX Application Thread] DEBUG Engine               - JRE Vendor Name: Oracle Corporation
16:45:24.862 [JavaFX Application Thread] DEBUG Engine               - Running on OS: Windows 10 version 10.0
16:45:24.862 [JavaFX Application Thread] DEBUG Engine               - Architecture: amd64
16:45:24.862 [JavaFX Application Thread] INFO  Engine               - Source code and latest versions at: https://github.com/AlmasB/FXGL
16:45:24.863 [JavaFX Application Thread] INFO  Engine               -       Ask questions and discuss at: https://github.com/AlmasB/FXGL/discussions
16:45:24.863 [JavaFX Application Thread] INFO  Engine               -              Join the FXGL chat at: https://gitter.im/AlmasB/FXGL
16:45:25.031 [JavaFX Application Thread] DEBUG PrimaryStageWindow   - Creating a JavaFX scene
16:45:25.116 [JavaFX Application Thread] DEBUG PrimaryStageWindow   - Target settings size: 720.0 x 720.0
16:45:25.117 [JavaFX Application Thread] DEBUG PrimaryStageWindow   - Scaled scene size:    720.0 x 720.0
16:45:25.117 [JavaFX Application Thread] DEBUG PrimaryStageWindow   - Scaled ratio: (1.0, 1.0)
16:45:25.119 [JavaFX Application Thread] DEBUG PrimaryStageWindow   - Set initial scene to FXGLStartupScene
16:45:25.124 [JavaFX Application Thread] DEBUG PrimaryStageWindow   - Opening main window
16:45:25.267 [JavaFX Application Thread] DEBUG PrimaryStageWindow   - Window border size: (16.0, 39.0)
16:45:25.267 [JavaFX Application Thread] DEBUG PrimaryStageWindow   - Scaled size: 720.0 x 720.0
16:45:25.268 [JavaFX Application Thread] DEBUG PrimaryStageWindow   - Scaled ratio: (1.0, 1.0)
16:45:25.268 [JavaFX Application Thread] DEBUG PrimaryStageWindow   - Scene size: 720.0 x 720.0
16:45:25.269 [JavaFX Application Thread] DEBUG PrimaryStageWindow   - Stage size: 736.0 x 759.0
16:45:25.287 [FXGL Background Thread 1 ] DEBUG Engine               - Initializing environment variables
16:45:25.397 [FXGL Background Thread 1 ] DEBUG FXGLAssetLoaderServi - User app class for loading assets: class com.example.flat2d.GameApp
16:45:25.397 [FXGL Background Thread 1 ] DEBUG GameApplicationServi - Applying CSS: fxgl_dark.css
16:45:25.399 [FXGL Background Thread 1 ] DEBUG FXGLAssetLoaderServi - Loading from file system: jar:file:///C:/Users/USER/.m2/repository/com/github/almasb/fxgl/17.3/fxgl-17.3.jar!/fxglassets/ui/css/fxgl_dark.css
16:45:25.499 [FXGL Background Thread 1 ] DEBUG GameApplicationServi - Initializing application scenes
16:45:25.710 [FXGL Background Thread 1 ] DEBUG GameWorld            - Game world initialized
16:45:25.833 [FXGL Background Thread 1 ] DEBUG PhysicsWorld         - Physics world initialized: appHeight=720, physics.ppm=50.0
16:45:25.833 [FXGL Background Thread 1 ] DEBUG PhysicsWorld         - Using strategy: BRUTE_FORCE
16:45:25.839 [FXGL Background Thread 1 ] DEBUG GameScene            - Game scene initialized: 720x720
16:45:25.843 [FXGL Background Thread 1 ] DEBUG FXGLAssetLoaderServi - Loading from file system: file:/C:/Users/USER/IdeaProjects/CSIT228-F3-Finals/target/classes/assets/textures/background/main-screen.jpg
16:45:25.990 [FXGL Background Thread 1 ] DEBUG FXGLAssetLoaderServi - Loading from file system: file:/C:/Users/USER/IdeaProjects/CSIT228-F3-Finals/target/classes/assets/textures/profile-pic.jpg
16:45:26.013 [FXGL Background Thread 1 ] WARN  FXGL.DefaultMenu     - FXGLDefaultMenu is not designed for resolutions < 800x600
16:45:26.013 [FXGL Background Thread 1 ] DEBUG FXGL.DefaultMenu     - createMenuBodyGameMenu()
16:45:26.038 [FXGL Background Thread 1 ] DEBUG FXGL.DefaultMenu     - createOptionsMenu()
16:45:26.051 [FXGL Background Thread 1 ] DEBUG FXGLAssetLoaderServi - Loading from file system: jar:file:///C:/Users/USER/.m2/repository/com/github/almasb/fxgl/17.3/fxgl-17.3.jar!/fxglassets/textures/particles/smoke.png
16:45:26.271 [FXGL Background Thread 1 ] DEBUG FXGLAssetLoaderServi - Loading from file system: jar:file:///C:/Users/USER/.m2/repository/com/github/almasb/fxgl/17.3/fxgl-17.3.jar!/fxglassets/textures/particles/trace_horizontal.png
16:45:26.355 [FXGL Background Thread 1 ] DEBUG GameApplicationServi - Application scenes initialized
16:45:26.378 [FXGL Background Thread 1 ] DEBUG SystemBundleService  - Loading FXGL system data
16:45:26.384 [FXGL Background Thread 1 ] DEBUG FileSystemAccess     - Reading from: C:\Users\USER\IdeaProjects\CSIT228-F3-Finals\system\fxgl.bundle
16:45:26.402 [FXGL Background Thread 1 ] DEBUG SystemBundleService  - Bundle FXGL: {}
16:45:26.402 [FXGL Background Thread 1 ] DEBUG UpdaterService       - Checking for updates
16:45:26.464 [FXGL Background Thread 1 ] DEBUG FXGLApplication      - Loading default localization
16:45:26.465 [FXGL Background Thread 1 ] DEBUG FXGLAssetLoaderServi - Loading from file system: jar:file:///C:/Users/USER/.m2/repository/com/github/almasb/fxgl/17.3/fxgl-17.3.jar!/fxglassets/languages/english.lang
16:45:26.485 [FXGL Background Thread 4 ] DEBUG FXGLApplication      - Loading fonts
16:45:26.487 [FXGL Background Thread 4 ] DEBUG FXGLAssetLoaderServi - Loading from file system: jar:file:///C:/Users/USER/.m2/repository/com/github/almasb/fxgl/17.3/fxgl-17.3.jar!/fxglassets/ui/fonts/VarelaRound-Regular.ttf
16:45:26.503 [FXGL Background Thread 1 ] INFO  FXGLApplication      - FXGL initialization took: 1.217 sec
16:45:26.526 [JavaFX Application Thread] DEBUG Input                - Registered new binding: Up - W
16:45:26.526 [JavaFX Application Thread] DEBUG Input                - Registered new binding: Right - D
16:45:26.526 [JavaFX Application Thread] DEBUG Input                - Registered new binding: Left - A
16:45:26.526 [JavaFX Application Thread] DEBUG Input                - Registered new binding: Down - S
16:45:26.528 [JavaFX Application Thread] DEBUG Input                - Registered new binding: IDK - RMB
16:45:26.529 [JavaFX Application Thread] DEBUG FXGLAssetLoaderServi - Loading from file system: file:/C:/Users/USER/IdeaProjects/CSIT228-F3-Finals/target/classes/assets/music/opening.mp3
16:45:26.729 [FXGL Background Thread 4 ] DEBUG FXGLAssetLoaderServi - Loading from file system: jar:file:///C:/Users/USER/.m2/repository/com/github/almasb/fxgl/17.3/fxgl-17.3.jar!/fxglassets/ui/fonts/Abel-Regular.ttf
16:45:26.761 [FXGL Background Thread 4 ] DEBUG FXGLAssetLoaderServi - Loading from file system: jar:file:///C:/Users/USER/.m2/repository/com/github/almasb/fxgl/17.3/fxgl-17.3.jar!/fxglassets/ui/fonts/TerminalLandMono-Regular.otf
16:45:26.779 [FXGL Background Thread 4 ] DEBUG FXGLAssetLoaderServi - Loading from file system: jar:file:///C:/Users/USER/.m2/repository/com/github/almasb/fxgl/17.3/fxgl-17.3.jar!/fxglassets/ui/fonts/Courier-Prime.ttf
16:45:26.877 [JavaFX Application Thread] DEBUG AudioPlayer          - Playing music com.almasb.fxgl.audio.Music@dde8d50
16:45:26.878 [JavaFX Application Thread] DEBUG FXGLAssetLoaderServi - Loading from file system: jar:file:///C:/Users/USER/.m2/repository/com/github/almasb/fxgl/17.3/fxgl-17.3.jar!/fxglassets/textures/fxgl_icon.png
16:45:26.932 [JavaFX Application Thread] DEBUG FXGLAssetLoaderServi - Loading from file system: jar:file:///C:/Users/USER/.m2/repository/com/github/almasb/fxgl/17.3/fxgl-17.3.jar!/fxglassets/textures/fxgl_default_cursor.png
16:45:26.936 [JavaFX Application Thread] DEBUG Input                - Registered new binding: Screenshot - CTRL+8
16:45:26.936 [JavaFX Application Thread] DEBUG Input                - Registered new binding: Dev Options - 1
16:45:26.937 [JavaFX Application Thread] DEBUG Input                - Registered new binding: Dev Console - 2
16:45:26.938 [JavaFX Application Thread] DEBUG Input                - Registered new binding: System info dump - CTRL+9
16:45:26.941 [JavaFX Application Thread] DEBUG Input                - Registered new binding: Restart - CTRL+R
16:45:26.943 [JavaFX Application Thread] DEBUG Input                - Registered new binding: Toggle Debug Camera - CTRL+7
16:45:26.948 [JavaFX Application Thread] DEBUG LoopRunner           - Starting loop
16:45:26.978 [JavaFX Application Thread] DEBUG LoopRunner           - Initializing JavaFX AnimationTimerLoop
16:45:26.988 [JavaFX Application Thread] DEBUG Input                - Clearing active input actions
16:45:27.004 [JavaFX Application Thread] DEBUG GameApplicationServi - Removing overlay from FXGLStartupScene and adding to FXGLMainMenuDummyScene
16:45:27.010 [JavaFX Application Thread] DEBUG PrimaryStageWindow   - FXGLStartupScene -> FXGLMainMenuDummyScene
16:45:27.010 [JavaFX Application Thread] DEBUG PrimaryStageWindow   - Push state: GameMainMenu
16:45:27.010 [JavaFX Application Thread] DEBUG Input                - Clearing active input actions
16:45:27.021 [JavaFX Application Thread] DEBUG GameApplicationServi - Removing overlay from FXGLMainMenuDummyScene and adding to GameMainMenu
16:45:27.022 [JavaFX Application Thread] DEBUG PrimaryStageWindow   - FXGLMainMenuDummyScene -> GameMainMenu
16:45:27.023 [JavaFX Application Thread] DEBUG FXGLApplication      - Registering font factories with UI factory
16:45:27.841 [FXGL Background Thread 2 ] INFO  UpdaterService       - Your current version:  17.3
16:45:27.842 [FXGL Background Thread 2 ] INFO  UpdaterService       - Latest stable version: 21.1
16:45:29.458 [FXGL Background Thread 3 ] DEBUG Engine               - Logging environment variables
16:45:29.460 [FXGL Background Thread 3 ] DEBUG Engine               - achievements: []
16:45:29.461 [FXGL Background Thread 3 ] DEBUG Engine               - actualHeight: 720.0
16:45:29.461 [FXGL Background Thread 3 ] DEBUG Engine               - actualHeightProperty: ReadOnlyDoubleProperty [value: 720.0]
16:45:29.461 [FXGL Background Thread 3 ] DEBUG Engine               - actualWidth: 720.0
16:45:29.461 [FXGL Background Thread 3 ] DEBUG Engine               - actualWidthProperty: ReadOnlyDoubleProperty [value: 720.0]
16:45:29.461 [FXGL Background Thread 3 ] DEBUG Engine               - appIcon: fxgl_icon.png
16:45:29.461 [FXGL Background Thread 3 ] DEBUG Engine               - applicationMode: DEVELOPER
16:45:29.461 [FXGL Background Thread 3 ] DEBUG Engine               - cSSList: [fxgl_dark.css]
16:45:29.462 [FXGL Background Thread 3 ] DEBUG Engine               - collisionDetectionStrategy: BRUTE_FORCE
16:45:29.462 [FXGL Background Thread 3 ] DEBUG Engine               - configClass: Optional[class com.example.flat2d.Misc.Config]
16:45:29.462 [FXGL Background Thread 3 ] DEBUG Engine               - credits: []
16:45:29.464 [FXGL Background Thread 3 ] DEBUG Engine               - defaultCursor: CursorInfo(imageName=fxgl_default_cursor.png, hotspotX=7.0, hotspotY=6.0)
16:45:29.464 [FXGL Background Thread 3 ] DEBUG Engine               - devBBoxColorProperty: ObjectProperty [value: 0xff0000ff]
16:45:29.465 [FXGL Background Thread 3 ] DEBUG Engine               - devEnableDebugCameraProperty: BooleanProperty [value: false]
16:45:29.465 [FXGL Background Thread 3 ] DEBUG Engine               - devSensorColorProperty: ObjectProperty [value: 0xffff00ff]
16:45:29.465 [FXGL Background Thread 3 ] DEBUG Engine               - devShowBBoxProperty: BooleanProperty [value: false]
16:45:29.466 [FXGL Background Thread 3 ] DEBUG Engine               - devShowPositionProperty: BooleanProperty [value: false]
16:45:29.466 [FXGL Background Thread 3 ] DEBUG Engine               - enabledMenuItems: []
16:45:29.466 [FXGL Background Thread 3 ] DEBUG Engine               - engineServices: [class com.almasb.fxgl.app.services.FXGLAssetLoaderService, class com.almasb.fxgl.app.FXGLApplication$GameApplicationService, class com.almasb.fxgl.app.services.FXGLDialogService, class com.almasb.fxgl.app.services.IOTaskExecutorService, class com.almasb.fxgl.io.FileSystemService, class com.almasb.fxgl.localization.LocalizationService, class com.almasb.fxgl.app.services.SystemBundleService, class com.almasb.fxgl.profile.SaveLoadService, class com.almasb.fxgl.ui.FXGLUIFactoryServiceProvider, class com.almasb.fxgl.ui.FXGLDialogFactoryServiceProvider, class com.almasb.fxgl.audio.AudioPlayer, class com.almasb.fxgl.notification.impl.NotificationServiceProvider, class com.almasb.fxgl.achievement.AchievementService, class com.almasb.fxgl.cutscene.CutsceneService, class com.almasb.fxgl.minigames.MiniGameService, class com.almasb.fxgl.net.NetService, class com.almasb.fxgl.app.services.UpdaterService, class com.almasb.fxgl.dev.DevService]
16:45:29.466 [FXGL Background Thread 3 ] DEBUG Engine               - fontGame: Abel-Regular.ttf
16:45:29.467 [FXGL Background Thread 3 ] DEBUG Engine               - fontMono: TerminalLandMono-Regular.otf
16:45:29.467 [FXGL Background Thread 3 ] DEBUG Engine               - fontSizeScaleUI: 1.0
16:45:29.467 [FXGL Background Thread 3 ] DEBUG Engine               - fontText: Courier-Prime.ttf
16:45:29.467 [FXGL Background Thread 3 ] DEBUG Engine               - fontUI: VarelaRound-Regular.ttf
16:45:29.468 [FXGL Background Thread 3 ] DEBUG Engine               - fullScreen: BooleanProperty [value: false]
16:45:29.468 [FXGL Background Thread 3 ] DEBUG Engine               - gameDifficulty: MEDIUM
16:45:29.468 [FXGL Background Thread 3 ] DEBUG Engine               - gameDifficultyProperty: ObjectProperty [value: MEDIUM]
16:45:29.468 [FXGL Background Thread 3 ] DEBUG Engine               - globalMusicVolume: 0.5
16:45:29.469 [FXGL Background Thread 3 ] DEBUG Engine               - globalMusicVolumeProperty: DoubleProperty [value: 0.5]
16:45:29.469 [FXGL Background Thread 3 ] DEBUG Engine               - globalSoundVolume: 0.5
16:45:29.469 [FXGL Background Thread 3 ] DEBUG Engine               - globalSoundVolumeProperty: DoubleProperty [value: 0.25]
16:45:29.470 [FXGL Background Thread 3 ] DEBUG Engine               - height: 720
16:45:29.470 [FXGL Background Thread 3 ] DEBUG Engine               - is3D: false
16:45:29.470 [FXGL Background Thread 3 ] DEBUG Engine               - isAndroid: false
16:45:29.470 [FXGL Background Thread 3 ] DEBUG Engine               - isBrowser: false
16:45:29.471 [FXGL Background Thread 3 ] DEBUG Engine               - isClickFeedbackEnabled: false
16:45:29.471 [FXGL Background Thread 3 ] DEBUG Engine               - isCloseConfirmation: false
16:45:29.471 [FXGL Background Thread 3 ] DEBUG Engine               - isDesktop: true
16:45:29.471 [FXGL Background Thread 3 ] DEBUG Engine               - isDeveloperMenuEnabled: true
16:45:29.471 [FXGL Background Thread 3 ] DEBUG Engine               - isEmbedded: false
16:45:29.472 [FXGL Background Thread 3 ] DEBUG Engine               - isEntityPreloadEnabled: true
16:45:29.472 [FXGL Background Thread 3 ] DEBUG Engine               - isExperimentalTiledLargeMap: false
16:45:29.472 [FXGL Background Thread 3 ] DEBUG Engine               - isFileSystemWriteAllowed: true
16:45:29.472 [FXGL Background Thread 3 ] DEBUG Engine               - isFullScreenAllowed: false
16:45:29.472 [FXGL Background Thread 3 ] DEBUG Engine               - isFullScreenFromStart: false
16:45:29.473 [FXGL Background Thread 3 ] DEBUG Engine               - isGameMenuEnabled: true
16:45:29.473 [FXGL Background Thread 3 ] DEBUG Engine               - isIOS: false
16:45:29.473 [FXGL Background Thread 3 ] DEBUG Engine               - isIntroEnabled: false
16:45:29.473 [FXGL Background Thread 3 ] DEBUG Engine               - isLinux: false
16:45:29.473 [FXGL Background Thread 3 ] DEBUG Engine               - isMac: false
16:45:29.473 [FXGL Background Thread 3 ] DEBUG Engine               - isMainMenuEnabled: true
16:45:29.474 [FXGL Background Thread 3 ] DEBUG Engine               - isManualResizeEnabled: false
16:45:29.474 [FXGL Background Thread 3 ] DEBUG Engine               - isMobile: false
16:45:29.474 [FXGL Background Thread 3 ] DEBUG Engine               - isNative: false
16:45:29.474 [FXGL Background Thread 3 ] DEBUG Engine               - isPauseMusicWhenMinimized: true
16:45:29.474 [FXGL Background Thread 3 ] DEBUG Engine               - isPreserveResizeRatio: false
16:45:29.474 [FXGL Background Thread 3 ] DEBUG Engine               - isProfilingEnabled: false
16:45:29.474 [FXGL Background Thread 3 ] DEBUG Engine               - isScaleAffectedOnResize: true
16:45:29.475 [FXGL Background Thread 3 ] DEBUG Engine               - isSingleStep: false
16:45:29.475 [FXGL Background Thread 3 ] DEBUG Engine               - isUserProfileEnabled: false
16:45:29.475 [FXGL Background Thread 3 ] DEBUG Engine               - isWindows: true
16:45:29.475 [FXGL Background Thread 3 ] DEBUG Engine               - language: ObjectProperty [value: ENGLISH]
16:45:29.475 [FXGL Background Thread 3 ] DEBUG Engine               - menuKey: ESCAPE
16:45:29.475 [FXGL Background Thread 3 ] DEBUG Engine               - mouseSensitivity: 0.2
16:45:29.476 [FXGL Background Thread 3 ] DEBUG Engine               - notificationViewClass: class com.almasb.fxgl.notification.view.XboxNotificationView
16:45:29.476 [FXGL Background Thread 3 ] DEBUG Engine               - pixelsPerMeter: 50.0
16:45:29.476 [FXGL Background Thread 3 ] DEBUG Engine               - platform: WINDOWS
16:45:29.476 [FXGL Background Thread 3 ] DEBUG Engine               - prefHeightProperty: ReadOnlyDoubleProperty [value: 720.0]
16:45:29.476 [FXGL Background Thread 3 ] DEBUG Engine               - prefWidthProperty: ReadOnlyDoubleProperty [value: 720.0]
16:45:29.476 [FXGL Background Thread 3 ] DEBUG Engine               - profileDir: profiles/
16:45:29.477 [FXGL Background Thread 3 ] DEBUG Engine               - profileName: StringProperty [value: DEFAULT]
16:45:29.477 [FXGL Background Thread 3 ] DEBUG Engine               - randomSeed: -1
16:45:29.477 [FXGL Background Thread 3 ] DEBUG Engine               - runtimeInfo: RuntimeInfo(platform=WINDOWS, version=17.3, build=30.03.2023 11.49)
16:45:29.478 [FXGL Background Thread 3 ] DEBUG Engine               - saveFileExt: sav
16:45:29.478 [FXGL Background Thread 3 ] DEBUG Engine               - scaledHeightProp$fxgl: DoubleProperty [bound, value: 720.0]
16:45:29.478 [FXGL Background Thread 3 ] DEBUG Engine               - scaledWidthProp$fxgl: DoubleProperty [bound, value: 720.0]
16:45:29.478 [FXGL Background Thread 3 ] DEBUG Engine               - sceneFactory: com.example.flat2d.GameApp$1@6ec6184a
16:45:29.478 [FXGL Background Thread 3 ] DEBUG Engine               - secondsIn24h: 60
16:45:29.479 [FXGL Background Thread 3 ] DEBUG Engine               - soundMenuBack: menu/back.wav
16:45:29.479 [FXGL Background Thread 3 ] DEBUG Engine               - soundMenuPress: menu/press.wav
16:45:29.479 [FXGL Background Thread 3 ] DEBUG Engine               - soundMenuSelect: menu/select.wav
16:45:29.479 [FXGL Background Thread 3 ] DEBUG Engine               - soundNotification: core/notification.wav
16:45:29.479 [FXGL Background Thread 3 ] DEBUG Engine               - stageStyle: DECORATED
16:45:29.479 [FXGL Background Thread 3 ] DEBUG Engine               - supportedLanguages: [ENGLISH, FRENCH, GERMAN, HUNGARIAN, RUSSIAN]
16:45:29.480 [FXGL Background Thread 3 ] DEBUG Engine               - ticksPerSecond: -1
16:45:29.480 [FXGL Background Thread 3 ] DEBUG Engine               - title: Adventures of Sir Vim Zarado
16:45:29.480 [FXGL Background Thread 3 ] DEBUG Engine               - urlGithub: https://github.com/AlmasB/FXGL
16:45:29.480 [FXGL Background Thread 3 ] DEBUG Engine               - urlLeaderboard: http://fxgl-top.herokuapp.com/
16:45:29.480 [FXGL Background Thread 3 ] DEBUG Engine               - urlPOM: https://raw.githubusercontent.com/AlmasB/FXGL/release/README.md
16:45:29.481 [FXGL Background Thread 3 ] DEBUG Engine               - userAppClass: class com.example.flat2d.GameApp
16:45:29.481 [FXGL Background Thread 3 ] DEBUG Engine               - version: 0.0
16:45:29.481 [FXGL Background Thread 3 ] DEBUG Engine               - versionCheckDays: 7
16:45:29.481 [FXGL Background Thread 3 ] DEBUG Engine               - width: 720
16:45:29.481 [FXGL Background Thread 3 ] DEBUG Engine               - Logging services
16:45:29.481 [FXGL Background Thread 3 ] DEBUG Engine               - class com.almasb.fxgl.app.services.FXGLAssetLoaderService
16:45:29.482 [FXGL Background Thread 3 ] DEBUG Engine               - class com.almasb.fxgl.app.FXGLApplication$GameApplicationService
16:45:29.482 [FXGL Background Thread 3 ] DEBUG Engine               - class com.almasb.fxgl.app.services.FXGLDialogService
16:45:29.482 [FXGL Background Thread 3 ] DEBUG Engine               - class com.almasb.fxgl.app.services.IOTaskExecutorService
16:45:29.482 [FXGL Background Thread 3 ] DEBUG Engine               - class com.almasb.fxgl.io.FileSystemService
16:45:29.482 [FXGL Background Thread 3 ] DEBUG Engine               - class com.almasb.fxgl.localization.LocalizationService
16:45:29.482 [FXGL Background Thread 3 ] DEBUG Engine               - class com.almasb.fxgl.app.services.SystemBundleService
16:45:29.483 [FXGL Background Thread 3 ] DEBUG Engine               - class com.almasb.fxgl.profile.SaveLoadService
16:45:29.483 [FXGL Background Thread 3 ] DEBUG Engine               - class com.almasb.fxgl.ui.FXGLUIFactoryServiceProvider
16:45:29.483 [FXGL Background Thread 3 ] DEBUG Engine               - class com.almasb.fxgl.ui.FXGLDialogFactoryServiceProvider
16:45:29.483 [FXGL Background Thread 3 ] DEBUG Engine               - class com.almasb.fxgl.audio.AudioPlayer
16:45:29.483 [FXGL Background Thread 3 ] DEBUG Engine               - class com.almasb.fxgl.notification.impl.NotificationServiceProvider
16:45:29.483 [FXGL Background Thread 3 ] DEBUG Engine               - class com.almasb.fxgl.achievement.AchievementService
16:45:29.483 [FXGL Background Thread 3 ] DEBUG Engine               - class com.almasb.fxgl.cutscene.CutsceneService
16:45:29.483 [FXGL Background Thread 3 ] DEBUG Engine               - class com.almasb.fxgl.minigames.MiniGameService
16:45:29.484 [FXGL Background Thread 3 ] DEBUG Engine               - class com.almasb.fxgl.net.NetService
16:45:29.484 [FXGL Background Thread 3 ] DEBUG Engine               - class com.almasb.fxgl.app.services.UpdaterService
16:45:29.484 [FXGL Background Thread 3 ] DEBUG Engine               - class com.almasb.fxgl.dev.DevService
16:45:30.755 [JavaFX Application Thread] DEBUG AudioPlayer          - Stopping music com.almasb.fxgl.audio.Music@dde8d50
16:45:30.757 [JavaFX Application Thread] DEBUG FXGLAssetLoaderServi - Loading from file system: file:/C:/Users/USER/IdeaProjects/CSIT228-F3-Finals/target/classes/assets/music/game-music.mp3
16:45:30.763 [JavaFX Application Thread] DEBUG AudioPlayer          - Playing music com.almasb.fxgl.audio.Music@aaddda9
16:45:30.763 [JavaFX Application Thread] DEBUG Menu                 - fireNewGame()
16:45:30.763 [JavaFX Application Thread] DEBUG GameApplicationServi - Starting new game
16:45:30.764 [JavaFX Application Thread] DEBUG PrimaryStageWindow   - Pop state: GameMainMenu
16:45:30.765 [JavaFX Application Thread] DEBUG Input                - Clearing active input actions
16:45:30.766 [JavaFX Application Thread] DEBUG GameApplicationServi - Removing overlay from GameMainMenu and adding to FXGLMainMenuDummyScene
16:45:30.770 [JavaFX Application Thread] DEBUG PrimaryStageWindow   - FXGLMainMenuDummyScene <- GameMainMenu
16:45:30.771 [JavaFX Application Thread] DEBUG Input                - Clearing active input actions
16:45:30.786 [JavaFX Application Thread] DEBUG GameApplicationServi - Removing overlay from FXGLMainMenuDummyScene and adding to FXGLLoadingScene
16:45:30.787 [JavaFX Application Thread] DEBUG PrimaryStageWindow   - FXGLMainMenuDummyScene -> FXGLLoadingScene
16:45:30.787 [JavaFX Application Thread] DEBUG GameApplicationServi - Clearing previous game
16:45:30.787 [JavaFX Application Thread] DEBUG GameScene            - Clearing game scene
16:45:30.787 [JavaFX Application Thread] DEBUG GameWorld            - Clearing game world
16:45:30.787 [JavaFX Application Thread] DEBUG PhysicsWorld         - Clearing physics world
16:45:30.789 [FXGL Background Thread 2 ] DEBUG FXGLApplication      - Initializing game
16:45:30.880 [FXGL Background Thread 2 ] WARN  TMXLevelLoader       - TiledMap generated from 1.10.2. Supported version: 1.9.0. Some features may not be parsed fully.
16:45:30.996 [FXGL Background Thread 2 ] DEBUG TMXLevelLoader       - Parsed TiledMap: file:/C:/Users/USER/IdeaProjects/CSIT228-F3-Finals/target/classes/assets/levels/tmx/2DGameTiledMap.tmx
16:45:30.999 [FXGL Background Thread 2 ] DEBUG TMXLevelLoader       - Creating tile layer entities
16:45:31.001 [FXGL Background Thread 2 ] DEBUG TilesetLoader        - Loading view for layer floor
16:45:31.026 [FXGL Background Thread 2 ] DEBUG TilesetLoader        - Created buffer with size 2304.0x2304.0
16:45:31.233 [FXGL Background Thread 2 ] DEBUG TilesetLoader        - Loading view for layer stuff
16:45:31.237 [FXGL Background Thread 2 ] DEBUG TilesetLoader        - Created buffer with size 2304.0x2304.0
16:45:31.257 [FXGL Background Thread 2 ] DEBUG TilesetLoader        - Loading view for layer decor
16:45:31.265 [FXGL Background Thread 2 ] DEBUG TilesetLoader        - Created buffer with size 2304.0x2304.0
16:45:31.283 [FXGL Background Thread 2 ] DEBUG TilesetLoader        - Loading view for layer more
16:45:31.305 [FXGL Background Thread 2 ] DEBUG TilesetLoader        - Created buffer with size 2304.0x2304.0
16:45:31.307 [FXGL Background Thread 2 ] DEBUG TMXLevelLoader       - Creating object layer entities
16:45:31.371 [FXGL Background Thread 2 ] DEBUG FXGLAssetLoaderServi - Loading from file system: file:/C:/Users/USER/IdeaProjects/CSIT228-F3-Finals/target/classes/assets/textures/background/torch.gif
16:45:31.464 [FXGL Background Thread 2 ] DEBUG GameWorld            - Clearing removable entities
16:45:31.465 [FXGL Background Thread 2 ] DEBUG GameWorld            - Setting level: com.almasb.fxgl.entity.level.Level@6b38a7ba
16:45:31.479 [FXGL Background Thread 2 ] DEBUG FXGLAssetLoaderServi - Loading from file system: file:/C:/Users/USER/IdeaProjects/CSIT228-F3-Finals/target/classes/assets/textures/player/lecatmoves.png
16:45:31.483 [FXGL Background Thread 2 ] DEBUG FXGLAssetLoaderServi - Loading from file system: file:/C:/Users/USER/IdeaProjects/CSIT228-F3-Finals/target/classes/assets/textures/player/CatOne.png
16:45:31.485 [FXGL Background Thread 2 ] DEBUG FXGLAssetLoaderServi - Loading from file system: file:/C:/Users/USER/IdeaProjects/CSIT228-F3-Finals/target/classes/assets/textures/player/CatThree.png
16:45:31.487 [FXGL Background Thread 2 ] DEBUG FXGLAssetLoaderServi - Loading from file system: file:/C:/Users/USER/IdeaProjects/CSIT228-F3-Finals/target/classes/assets/textures/player/CatFour.png
16:45:31.535 [FXGL Background Thread 2 ] INFO  FXGLApplication      - Game initialization took: 0.745 sec
16:45:31.545 [JavaFX Application Thread] DEBUG Input                - Clearing active input actions
16:45:31.562 [JavaFX Application Thread] DEBUG GameApplicationServi - Removing overlay from FXGLLoadingScene and adding to GameScene
16:45:31.570 [JavaFX Application Thread] DEBUG PrimaryStageWindow   - FXGLLoadingScene -> GameScene
16:45:32.626 [JavaFX Application Thread] DEBUG FXGLAssetLoaderServi - Loading from file system: file:/C:/Users/USER/IdeaProjects/CSIT228-F3-Finals/target/classes/assets/textures/skill/spr_bullet_strip.png
16:45:36.708 [JavaFX Application Thread] DEBUG FXGLApplication      - Exiting FXGL
16:45:36.708 [JavaFX Application Thread] DEBUG LoopRunner           - Stopping loop
16:45:36.708 [JavaFX Application Thread] DEBUG SystemBundleService  - Saving FXGL system data
16:45:36.711 [JavaFX Application Thread] DEBUG FileSystemAccess     - Writing to: C:\Users\USER\IdeaProjects\CSIT228-F3-Finals\system\fxgl.bundle
16:45:36.715 [JavaFX Application Thread] DEBUG Async                - Shutting down background threads
16:45:36.716 [JavaFX Application Thread] DEBUG PrimaryStageWindow   - Closing main window
16:45:36.730 [JavaFX Application Thread] DEBUG Logger               - Closing Logger
