01:11:19.757 [main                     ] DEBUG Logger               - Configured Logger
01:11:19.769 [main                     ] DEBUG GameApplication      - Logging settings
Title: Frog This Sheet
Version: 0.0
Width: 720
Height: 720
Fullscreen: false
Intro: false
Profiling: false
Single step:false
App Mode: DEVELOPER
Menu Key: ESCAPE
Stage Style: DECORATED
Scene Factory: class com.almasb.fxgl.app.scene.SceneFactory

01:11:20.129 [JavaFX Application Thread] DEBUG FXGLApplication      - Initializing FXGL
01:11:20.133 [JavaFX Application Thread] INFO  Engine               - FXGL-17.3 (30.03.2023 11.49) on WINDOWS (J:21.0.2 FX:21)
01:11:20.133 [JavaFX Application Thread] DEBUG Engine               - JRE Vendor Name: Oracle Corporation
01:11:20.133 [JavaFX Application Thread] DEBUG Engine               - Running on OS: Windows 11 version 10.0
01:11:20.133 [JavaFX Application Thread] DEBUG Engine               - Architecture: amd64
01:11:20.133 [JavaFX Application Thread] INFO  Engine               - Source code and latest versions at: https://github.com/AlmasB/FXGL
01:11:20.133 [JavaFX Application Thread] INFO  Engine               -       Ask questions and discuss at: https://github.com/AlmasB/FXGL/discussions
01:11:20.133 [JavaFX Application Thread] INFO  Engine               -              Join the FXGL chat at: https://gitter.im/AlmasB/FXGL
01:11:20.195 [JavaFX Application Thread] DEBUG PrimaryStageWindow   - Creating a JavaFX scene
01:11:20.226 [JavaFX Application Thread] DEBUG PrimaryStageWindow   - Target settings size: 720.0 x 720.0
01:11:20.226 [JavaFX Application Thread] DEBUG PrimaryStageWindow   - Scaled scene size:    720.0 x 720.0
01:11:20.226 [JavaFX Application Thread] DEBUG PrimaryStageWindow   - Scaled ratio: (1.0, 1.0)
01:11:20.227 [JavaFX Application Thread] DEBUG PrimaryStageWindow   - Set initial scene to FXGLStartupScene
01:11:20.228 [JavaFX Application Thread] DEBUG PrimaryStageWindow   - Opening main window
01:11:20.282 [JavaFX Application Thread] DEBUG PrimaryStageWindow   - Window border size: (14.4000244140625, 37.5999755859375)
01:11:20.283 [JavaFX Application Thread] DEBUG PrimaryStageWindow   - Scaled size: 720.0 x 720.0
01:11:20.283 [JavaFX Application Thread] DEBUG PrimaryStageWindow   - Scaled ratio: (1.0, 1.0)
01:11:20.283 [JavaFX Application Thread] DEBUG PrimaryStageWindow   - Scene size: 720.0 x 720.0
01:11:20.283 [JavaFX Application Thread] DEBUG PrimaryStageWindow   - Stage size: 734.4000244140625 x 757.5999755859375
01:11:20.291 [FXGL Background Thread 1 ] DEBUG Engine               - Initializing environment variables
01:11:20.332 [FXGL Background Thread 1 ] DEBUG FXGLAssetLoaderServi - User app class for loading assets: class com.example.flat2d.GameApp
01:11:20.332 [FXGL Background Thread 1 ] DEBUG GameApplicationServi - Applying CSS: fxgl_dark.css
01:11:20.333 [FXGL Background Thread 1 ] DEBUG FXGLAssetLoaderServi - Loading from file system: jar:file:///C:/Users/acer/.m2/repository/com/github/almasb/fxgl/17.3/fxgl-17.3.jar!/fxglassets/ui/css/fxgl_dark.css
01:11:20.362 [FXGL Background Thread 1 ] DEBUG GameApplicationServi - Initializing application scenes
01:11:20.396 [FXGL Background Thread 1 ] DEBUG GameWorld            - Game world initialized
01:11:20.436 [FXGL Background Thread 1 ] DEBUG PhysicsWorld         - Physics world initialized: appHeight=720, physics.ppm=50.0
01:11:20.436 [FXGL Background Thread 1 ] DEBUG PhysicsWorld         - Using strategy: BRUTE_FORCE
01:11:20.438 [FXGL Background Thread 1 ] DEBUG GameScene            - Game scene initialized: 720x720
01:11:20.446 [FXGL Background Thread 1 ] WARN  FXGL.DefaultMenu     - FXGLDefaultMenu is not designed for resolutions < 800x600
01:11:20.446 [FXGL Background Thread 1 ] DEBUG FXGL.DefaultMenu     - createMenuBodyGameMenu()
01:11:20.454 [FXGL Background Thread 1 ] DEBUG FXGL.DefaultMenu     - createOptionsMenu()
01:11:20.460 [FXGL Background Thread 1 ] DEBUG FXGLAssetLoaderServi - Loading from file system: jar:file:///C:/Users/acer/.m2/repository/com/github/almasb/fxgl/17.3/fxgl-17.3.jar!/fxglassets/textures/particles/smoke.png
01:11:20.517 [FXGL Background Thread 1 ] DEBUG FXGLAssetLoaderServi - Loading from file system: jar:file:///C:/Users/acer/.m2/repository/com/github/almasb/fxgl/17.3/fxgl-17.3.jar!/fxglassets/textures/particles/trace_horizontal.png
01:11:20.533 [FXGL Background Thread 1 ] DEBUG GameApplicationServi - Application scenes initialized
01:11:20.541 [FXGL Background Thread 1 ] DEBUG SystemBundleService  - Loading FXGL system data
01:11:20.544 [FXGL Background Thread 1 ] DEBUG FileSystemAccess     - Reading from: C:\Users\acer\JavaProjects\flat2d\system\fxgl.bundle
01:11:20.551 [FXGL Background Thread 1 ] DEBUG SystemBundleService  - Bundle FXGL: {}
01:11:20.551 [FXGL Background Thread 1 ] DEBUG UpdaterService       - Checking for updates
01:11:20.567 [FXGL Background Thread 4 ] DEBUG FXGLApplication      - Loading fonts
01:11:20.568 [FXGL Background Thread 4 ] DEBUG FXGLAssetLoaderServi - Loading from file system: jar:file:///C:/Users/acer/.m2/repository/com/github/almasb/fxgl/17.3/fxgl-17.3.jar!/fxglassets/ui/fonts/VarelaRound-Regular.ttf
01:11:20.568 [FXGL Background Thread 1 ] DEBUG FXGLApplication      - Loading default localization
01:11:20.569 [FXGL Background Thread 1 ] DEBUG FXGLAssetLoaderServi - Loading from file system: jar:file:///C:/Users/acer/.m2/repository/com/github/almasb/fxgl/17.3/fxgl-17.3.jar!/fxglassets/languages/english.lang
01:11:20.579 [FXGL Background Thread 1 ] INFO  FXGLApplication      - FXGL initialization took: 0.288 sec
01:11:20.587 [JavaFX Application Thread] DEBUG Input                - Registered new binding: Up - W
01:11:20.587 [JavaFX Application Thread] DEBUG Input                - Registered new binding: Right - D
01:11:20.587 [JavaFX Application Thread] DEBUG Input                - Registered new binding: Left - A
01:11:20.587 [JavaFX Application Thread] DEBUG Input                - Registered new binding: Down - S
01:11:20.588 [JavaFX Application Thread] DEBUG FXGLAssetLoaderServi - Loading from file system: jar:file:///C:/Users/acer/.m2/repository/com/github/almasb/fxgl/17.3/fxgl-17.3.jar!/fxglassets/textures/fxgl_icon.png
01:11:20.603 [JavaFX Application Thread] DEBUG FXGLAssetLoaderServi - Loading from file system: jar:file:///C:/Users/acer/.m2/repository/com/github/almasb/fxgl/17.3/fxgl-17.3.jar!/fxglassets/textures/fxgl_default_cursor.png
01:11:20.603 [FXGL Background Thread 4 ] DEBUG FXGLAssetLoaderServi - Loading from file system: jar:file:///C:/Users/acer/.m2/repository/com/github/almasb/fxgl/17.3/fxgl-17.3.jar!/fxglassets/ui/fonts/Abel-Regular.ttf
01:11:20.606 [JavaFX Application Thread] DEBUG Input                - Registered new binding: Screenshot - CTRL+8
01:11:20.607 [FXGL Background Thread 4 ] DEBUG FXGLAssetLoaderServi - Loading from file system: jar:file:///C:/Users/acer/.m2/repository/com/github/almasb/fxgl/17.3/fxgl-17.3.jar!/fxglassets/ui/fonts/TerminalLandMono-Regular.otf
01:11:20.608 [JavaFX Application Thread] DEBUG Input                - Registered new binding: Dev Options - 1
01:11:20.608 [JavaFX Application Thread] DEBUG Input                - Registered new binding: Dev Console - 2
01:11:20.608 [JavaFX Application Thread] DEBUG Input                - Registered new binding: System info dump - CTRL+9
01:11:20.609 [JavaFX Application Thread] DEBUG Input                - Registered new binding: Restart - CTRL+R
01:11:20.609 [JavaFX Application Thread] DEBUG Input                - Registered new binding: Toggle Debug Camera - CTRL+7
01:11:20.611 [FXGL Background Thread 4 ] DEBUG FXGLAssetLoaderServi - Loading from file system: jar:file:///C:/Users/acer/.m2/repository/com/github/almasb/fxgl/17.3/fxgl-17.3.jar!/fxglassets/ui/fonts/Courier-Prime.ttf
01:11:20.612 [JavaFX Application Thread] DEBUG LoopRunner           - Starting loop
01:11:20.625 [JavaFX Application Thread] DEBUG LoopRunner           - Initializing JavaFX AnimationTimerLoop
01:11:20.627 [JavaFX Application Thread] DEBUG GameApplicationServi - Starting new game
01:11:20.627 [JavaFX Application Thread] DEBUG Input                - Clearing active input actions
01:11:20.636 [JavaFX Application Thread] DEBUG GameApplicationServi - Removing overlay from FXGLStartupScene and adding to FXGLLoadingScene
01:11:20.639 [JavaFX Application Thread] DEBUG PrimaryStageWindow   - FXGLStartupScene -> FXGLLoadingScene
01:11:20.639 [JavaFX Application Thread] DEBUG GameApplicationServi - Clearing previous game
01:11:20.639 [JavaFX Application Thread] DEBUG GameScene            - Clearing game scene
01:11:20.639 [JavaFX Application Thread] DEBUG GameWorld            - Clearing game world
01:11:20.639 [JavaFX Application Thread] DEBUG PhysicsWorld         - Clearing physics world
01:11:20.640 [FXGL Background Thread 4 ] DEBUG FXGLApplication      - Initializing game
01:11:20.643 [JavaFX Application Thread] DEBUG FXGLApplication      - Registering font factories with UI factory
01:11:20.695 [FXGL Background Thread 4 ] WARN  TMXLevelLoader       - TiledMap generated from 1.10.2. Supported version: 1.9.0. Some features may not be parsed fully.
01:11:20.699 [FXGL Background Thread 4 ] DEBUG TMXLevelLoader       - Parsed TiledMap: file:/C:/Users/acer/JavaProjects/flat2d/target/classes/assets/levels/tmx/map-iguess.tmx
01:11:20.700 [FXGL Background Thread 4 ] DEBUG TMXLevelLoader       - Creating tile layer entities
01:11:20.701 [FXGL Background Thread 4 ] DEBUG TilesetLoader        - Loading view for layer Tile Layer 1
01:11:20.703 [FXGL Background Thread 4 ] DEBUG TilesetLoader        - Created buffer with size 1152.0x1152.0
01:11:20.714 [FXGL Background Thread 4 ] DEBUG TMXLevelLoader       - Creating object layer entities
01:11:20.714 [FXGL Background Thread 4 ] DEBUG GameWorld            - Clearing removable entities
01:11:20.715 [FXGL Background Thread 4 ] DEBUG GameWorld            - Setting level: com.almasb.fxgl.entity.level.Level@64c75281
01:11:20.724 [FXGL Background Thread 4 ] DEBUG FXGLAssetLoaderServi - Loading from file system: file:/C:/Users/acer/JavaProjects/flat2d/target/classes/assets/textures/lecatmoves.png
01:11:20.726 [FXGL Background Thread 4 ] DEBUG FXGLAssetLoaderServi - Loading from file system: file:/C:/Users/acer/JavaProjects/flat2d/target/classes/assets/textures/CatOne.png
01:11:20.728 [FXGL Background Thread 4 ] DEBUG FXGLAssetLoaderServi - Loading from file system: file:/C:/Users/acer/JavaProjects/flat2d/target/classes/assets/textures/CatTwo.png
01:11:20.729 [FXGL Background Thread 4 ] DEBUG FXGLAssetLoaderServi - Loading from file system: file:/C:/Users/acer/JavaProjects/flat2d/target/classes/assets/textures/CatThree.png
01:11:20.730 [FXGL Background Thread 4 ] DEBUG FXGLAssetLoaderServi - Loading from file system: file:/C:/Users/acer/JavaProjects/flat2d/target/classes/assets/textures/CatFour.png
01:11:20.749 [FXGL Background Thread 4 ] INFO  FXGLApplication      - Game initialization took: 0.108 sec
01:11:20.798 [JavaFX Application Thread] DEBUG Input                - Clearing active input actions
01:11:20.804 [JavaFX Application Thread] DEBUG GameApplicationServi - Removing overlay from FXGLLoadingScene and adding to GameScene
01:11:20.807 [JavaFX Application Thread] DEBUG PrimaryStageWindow   - FXGLLoadingScene -> GameScene
01:11:21.006 [FXGL Background Thread 2 ] INFO  UpdaterService       - Your current version:  17.3
01:11:21.006 [FXGL Background Thread 2 ] INFO  UpdaterService       - Latest stable version: 21.1
01:11:21.920 [JavaFX Application Thread] DEBUG FXGLAssetLoaderServi - Loading from file system: file:/C:/Users/acer/JavaProjects/flat2d/target/classes/assets/textures/wolf-runing-cycle-skin.png
01:11:23.567 [FXGL Background Thread 3 ] DEBUG Engine               - Logging environment variables
01:11:23.569 [FXGL Background Thread 3 ] DEBUG Engine               - achievements: []
01:11:23.569 [FXGL Background Thread 3 ] DEBUG Engine               - actualHeight: 720.0
01:11:23.569 [FXGL Background Thread 3 ] DEBUG Engine               - actualHeightProperty: ReadOnlyDoubleProperty [value: 720.0]
01:11:23.570 [FXGL Background Thread 3 ] DEBUG Engine               - actualWidth: 720.0
01:11:23.570 [FXGL Background Thread 3 ] DEBUG Engine               - actualWidthProperty: ReadOnlyDoubleProperty [value: 720.0]
01:11:23.570 [FXGL Background Thread 3 ] DEBUG Engine               - appIcon: fxgl_icon.png
01:11:23.570 [FXGL Background Thread 3 ] DEBUG Engine               - applicationMode: DEVELOPER
01:11:23.570 [FXGL Background Thread 3 ] DEBUG Engine               - cSSList: [fxgl_dark.css]
01:11:23.570 [FXGL Background Thread 3 ] DEBUG Engine               - collisionDetectionStrategy: BRUTE_FORCE
01:11:23.571 [FXGL Background Thread 3 ] DEBUG Engine               - configClass: Optional.empty
01:11:23.571 [FXGL Background Thread 3 ] DEBUG Engine               - credits: []
01:11:23.571 [FXGL Background Thread 3 ] DEBUG Engine               - defaultCursor: CursorInfo(imageName=fxgl_default_cursor.png, hotspotX=7.0, hotspotY=6.0)
01:11:23.572 [FXGL Background Thread 3 ] DEBUG Engine               - devBBoxColorProperty: ObjectProperty [value: 0xff0000ff]
01:11:23.572 [FXGL Background Thread 3 ] DEBUG Engine               - devEnableDebugCameraProperty: BooleanProperty [value: false]
01:11:23.573 [FXGL Background Thread 3 ] DEBUG Engine               - devSensorColorProperty: ObjectProperty [value: 0xffff00ff]
01:11:23.573 [FXGL Background Thread 3 ] DEBUG Engine               - devShowBBoxProperty: BooleanProperty [value: false]
01:11:23.573 [FXGL Background Thread 3 ] DEBUG Engine               - devShowPositionProperty: BooleanProperty [value: false]
01:11:23.573 [FXGL Background Thread 3 ] DEBUG Engine               - enabledMenuItems: []
01:11:23.573 [FXGL Background Thread 3 ] DEBUG Engine               - engineServices: [class com.almasb.fxgl.app.services.FXGLAssetLoaderService, class com.almasb.fxgl.app.FXGLApplication$GameApplicationService, class com.almasb.fxgl.app.services.FXGLDialogService, class com.almasb.fxgl.app.services.IOTaskExecutorService, class com.almasb.fxgl.io.FileSystemService, class com.almasb.fxgl.localization.LocalizationService, class com.almasb.fxgl.app.services.SystemBundleService, class com.almasb.fxgl.profile.SaveLoadService, class com.almasb.fxgl.ui.FXGLUIFactoryServiceProvider, class com.almasb.fxgl.ui.FXGLDialogFactoryServiceProvider, class com.almasb.fxgl.audio.AudioPlayer, class com.almasb.fxgl.notification.impl.NotificationServiceProvider, class com.almasb.fxgl.achievement.AchievementService, class com.almasb.fxgl.cutscene.CutsceneService, class com.almasb.fxgl.minigames.MiniGameService, class com.almasb.fxgl.net.NetService, class com.almasb.fxgl.app.services.UpdaterService, class com.almasb.fxgl.dev.DevService]
01:11:23.574 [FXGL Background Thread 3 ] DEBUG Engine               - fontGame: Abel-Regular.ttf
01:11:23.574 [FXGL Background Thread 3 ] DEBUG Engine               - fontMono: TerminalLandMono-Regular.otf
01:11:23.574 [FXGL Background Thread 3 ] DEBUG Engine               - fontSizeScaleUI: 1.0
01:11:23.574 [FXGL Background Thread 3 ] DEBUG Engine               - fontText: Courier-Prime.ttf
01:11:23.574 [FXGL Background Thread 3 ] DEBUG Engine               - fontUI: VarelaRound-Regular.ttf
01:11:23.574 [FXGL Background Thread 3 ] DEBUG Engine               - fullScreen: BooleanProperty [value: false]
01:11:23.574 [FXGL Background Thread 3 ] DEBUG Engine               - gameDifficulty: MEDIUM
01:11:23.574 [FXGL Background Thread 3 ] DEBUG Engine               - gameDifficultyProperty: ObjectProperty [value: MEDIUM]
01:11:23.574 [FXGL Background Thread 3 ] DEBUG Engine               - globalMusicVolume: 0.5
01:11:23.575 [FXGL Background Thread 3 ] DEBUG Engine               - globalMusicVolumeProperty: DoubleProperty [value: 0.5]
01:11:23.576 [FXGL Background Thread 3 ] DEBUG Engine               - globalSoundVolume: 0.5
01:11:23.576 [FXGL Background Thread 3 ] DEBUG Engine               - globalSoundVolumeProperty: DoubleProperty [value: 0.5]
01:11:23.576 [FXGL Background Thread 3 ] DEBUG Engine               - height: 720
01:11:23.577 [FXGL Background Thread 3 ] DEBUG Engine               - is3D: false
01:11:23.577 [FXGL Background Thread 3 ] DEBUG Engine               - isAndroid: false
01:11:23.577 [FXGL Background Thread 3 ] DEBUG Engine               - isBrowser: false
01:11:23.578 [FXGL Background Thread 3 ] DEBUG Engine               - isClickFeedbackEnabled: false
01:11:23.578 [FXGL Background Thread 3 ] DEBUG Engine               - isCloseConfirmation: false
01:11:23.578 [FXGL Background Thread 3 ] DEBUG Engine               - isDesktop: true
01:11:23.578 [FXGL Background Thread 3 ] DEBUG Engine               - isDeveloperMenuEnabled: true
01:11:23.578 [FXGL Background Thread 3 ] DEBUG Engine               - isEmbedded: false
01:11:23.578 [FXGL Background Thread 3 ] DEBUG Engine               - isEntityPreloadEnabled: true
01:11:23.578 [FXGL Background Thread 3 ] DEBUG Engine               - isExperimentalTiledLargeMap: false
01:11:23.579 [FXGL Background Thread 3 ] DEBUG Engine               - isFileSystemWriteAllowed: true
01:11:23.579 [FXGL Background Thread 3 ] DEBUG Engine               - isFullScreenAllowed: false
01:11:23.579 [FXGL Background Thread 3 ] DEBUG Engine               - isFullScreenFromStart: false
01:11:23.579 [FXGL Background Thread 3 ] DEBUG Engine               - isGameMenuEnabled: true
01:11:23.579 [FXGL Background Thread 3 ] DEBUG Engine               - isIOS: false
01:11:23.579 [FXGL Background Thread 3 ] DEBUG Engine               - isIntroEnabled: false
01:11:23.579 [FXGL Background Thread 3 ] DEBUG Engine               - isLinux: false
01:11:23.579 [FXGL Background Thread 3 ] DEBUG Engine               - isMac: false
01:11:23.580 [FXGL Background Thread 3 ] DEBUG Engine               - isMainMenuEnabled: false
01:11:23.580 [FXGL Background Thread 3 ] DEBUG Engine               - isManualResizeEnabled: false
01:11:23.580 [FXGL Background Thread 3 ] DEBUG Engine               - isMobile: false
01:11:23.580 [FXGL Background Thread 3 ] DEBUG Engine               - isNative: false
01:11:23.580 [FXGL Background Thread 3 ] DEBUG Engine               - isPauseMusicWhenMinimized: true
01:11:23.580 [FXGL Background Thread 3 ] DEBUG Engine               - isPreserveResizeRatio: false
01:11:23.581 [FXGL Background Thread 3 ] DEBUG Engine               - isProfilingEnabled: false
01:11:23.581 [FXGL Background Thread 3 ] DEBUG Engine               - isScaleAffectedOnResize: true
01:11:23.581 [FXGL Background Thread 3 ] DEBUG Engine               - isSingleStep: false
01:11:23.581 [FXGL Background Thread 3 ] DEBUG Engine               - isUserProfileEnabled: false
01:11:23.581 [FXGL Background Thread 3 ] DEBUG Engine               - isWindows: true
01:11:23.581 [FXGL Background Thread 3 ] DEBUG Engine               - language: ObjectProperty [value: ENGLISH]
01:11:23.581 [FXGL Background Thread 3 ] DEBUG Engine               - menuKey: ESCAPE
01:11:23.581 [FXGL Background Thread 3 ] DEBUG Engine               - mouseSensitivity: 0.2
01:11:23.582 [FXGL Background Thread 3 ] DEBUG Engine               - notificationViewClass: class com.almasb.fxgl.notification.view.XboxNotificationView
01:11:23.582 [FXGL Background Thread 3 ] DEBUG Engine               - pixelsPerMeter: 50.0
01:11:23.582 [FXGL Background Thread 3 ] DEBUG Engine               - platform: WINDOWS
01:11:23.582 [FXGL Background Thread 3 ] DEBUG Engine               - prefHeightProperty: ReadOnlyDoubleProperty [value: 720.0]
01:11:23.582 [FXGL Background Thread 3 ] DEBUG Engine               - prefWidthProperty: ReadOnlyDoubleProperty [value: 720.0]
01:11:23.582 [FXGL Background Thread 3 ] DEBUG Engine               - profileDir: profiles/
01:11:23.582 [FXGL Background Thread 3 ] DEBUG Engine               - profileName: StringProperty [value: DEFAULT]
01:11:23.583 [FXGL Background Thread 3 ] DEBUG Engine               - randomSeed: -1
01:11:23.583 [FXGL Background Thread 3 ] DEBUG Engine               - runtimeInfo: RuntimeInfo(platform=WINDOWS, version=17.3, build=30.03.2023 11.49)
01:11:23.583 [FXGL Background Thread 3 ] DEBUG Engine               - saveFileExt: sav
01:11:23.584 [FXGL Background Thread 3 ] DEBUG Engine               - scaledHeightProp$fxgl: DoubleProperty [bound, value: 720.0]
01:11:23.584 [FXGL Background Thread 3 ] DEBUG Engine               - scaledWidthProp$fxgl: DoubleProperty [bound, value: 720.0]
01:11:23.584 [FXGL Background Thread 3 ] DEBUG Engine               - sceneFactory: com.almasb.fxgl.app.scene.SceneFactory@52088b91
01:11:23.584 [FXGL Background Thread 3 ] DEBUG Engine               - secondsIn24h: 60
01:11:23.584 [FXGL Background Thread 3 ] DEBUG Engine               - soundMenuBack: menu/back.wav
01:11:23.584 [FXGL Background Thread 3 ] DEBUG Engine               - soundMenuPress: menu/press.wav
01:11:23.584 [FXGL Background Thread 3 ] DEBUG Engine               - soundMenuSelect: menu/select.wav
01:11:23.584 [FXGL Background Thread 3 ] DEBUG Engine               - soundNotification: core/notification.wav
01:11:23.584 [FXGL Background Thread 3 ] DEBUG Engine               - stageStyle: DECORATED
01:11:23.584 [FXGL Background Thread 3 ] DEBUG Engine               - supportedLanguages: [ENGLISH, FRENCH, GERMAN, HUNGARIAN, RUSSIAN]
01:11:23.584 [FXGL Background Thread 3 ] DEBUG Engine               - ticksPerSecond: -1
01:11:23.584 [FXGL Background Thread 3 ] DEBUG Engine               - title: Frog This Sheet
01:11:23.585 [FXGL Background Thread 3 ] DEBUG Engine               - urlGithub: https://github.com/AlmasB/FXGL
01:11:23.585 [FXGL Background Thread 3 ] DEBUG Engine               - urlLeaderboard: http://fxgl-top.herokuapp.com/
01:11:23.585 [FXGL Background Thread 3 ] DEBUG Engine               - urlPOM: https://raw.githubusercontent.com/AlmasB/FXGL/release/README.md
01:11:23.585 [FXGL Background Thread 3 ] DEBUG Engine               - userAppClass: class com.example.flat2d.GameApp
01:11:23.586 [FXGL Background Thread 3 ] DEBUG Engine               - version: 0.0
01:11:23.586 [FXGL Background Thread 3 ] DEBUG Engine               - versionCheckDays: 7
01:11:23.586 [FXGL Background Thread 3 ] DEBUG Engine               - width: 720
01:11:23.586 [FXGL Background Thread 3 ] DEBUG Engine               - Logging services
01:11:23.586 [FXGL Background Thread 3 ] DEBUG Engine               - class com.almasb.fxgl.app.services.FXGLAssetLoaderService
01:11:23.586 [FXGL Background Thread 3 ] DEBUG Engine               - class com.almasb.fxgl.app.FXGLApplication$GameApplicationService
01:11:23.586 [FXGL Background Thread 3 ] DEBUG Engine               - class com.almasb.fxgl.app.services.FXGLDialogService
01:11:23.586 [FXGL Background Thread 3 ] DEBUG Engine               - class com.almasb.fxgl.app.services.IOTaskExecutorService
01:11:23.587 [FXGL Background Thread 3 ] DEBUG Engine               - class com.almasb.fxgl.io.FileSystemService
01:11:23.587 [FXGL Background Thread 3 ] DEBUG Engine               - class com.almasb.fxgl.localization.LocalizationService
01:11:23.587 [FXGL Background Thread 3 ] DEBUG Engine               - class com.almasb.fxgl.app.services.SystemBundleService
01:11:23.587 [FXGL Background Thread 3 ] DEBUG Engine               - class com.almasb.fxgl.profile.SaveLoadService
01:11:23.587 [FXGL Background Thread 3 ] DEBUG Engine               - class com.almasb.fxgl.ui.FXGLUIFactoryServiceProvider
01:11:23.587 [FXGL Background Thread 3 ] DEBUG Engine               - class com.almasb.fxgl.ui.FXGLDialogFactoryServiceProvider
01:11:23.587 [FXGL Background Thread 3 ] DEBUG Engine               - class com.almasb.fxgl.audio.AudioPlayer
01:11:23.587 [FXGL Background Thread 3 ] DEBUG Engine               - class com.almasb.fxgl.notification.impl.NotificationServiceProvider
01:11:23.587 [FXGL Background Thread 3 ] DEBUG Engine               - class com.almasb.fxgl.achievement.AchievementService
01:11:23.587 [FXGL Background Thread 3 ] DEBUG Engine               - class com.almasb.fxgl.cutscene.CutsceneService
01:11:23.588 [FXGL Background Thread 3 ] DEBUG Engine               - class com.almasb.fxgl.minigames.MiniGameService
01:11:23.588 [FXGL Background Thread 3 ] DEBUG Engine               - class com.almasb.fxgl.net.NetService
01:11:23.588 [FXGL Background Thread 3 ] DEBUG Engine               - class com.almasb.fxgl.app.services.UpdaterService
01:11:23.588 [FXGL Background Thread 3 ] DEBUG Engine               - class com.almasb.fxgl.dev.DevService
01:11:26.054 [JavaFX Application Thread] DEBUG FXGLApplication      - Exiting FXGL
01:11:26.055 [JavaFX Application Thread] DEBUG LoopRunner           - Stopping loop
01:11:26.055 [JavaFX Application Thread] DEBUG SystemBundleService  - Saving FXGL system data
01:11:26.058 [JavaFX Application Thread] DEBUG FileSystemAccess     - Writing to: C:\Users\acer\JavaProjects\flat2d\system\fxgl.bundle
01:11:26.061 [JavaFX Application Thread] DEBUG Async                - Shutting down background threads
01:11:26.061 [JavaFX Application Thread] DEBUG PrimaryStageWindow   - Closing main window
01:11:26.075 [JavaFX Application Thread] DEBUG Logger               - Closing Logger
