03:34:55.443 [main                     ] DEBUG Logger               - Configured Logger
03:34:55.467 [main                     ] DEBUG GameApplication      - Logging settings
Title: Adventures of Sir Vim Zarado
Version: 0.0
Width: 720
Height: 720
Fullscreen: false
Intro: false
Profiling: false
Single step:false
App Mode: DEVELOPER
Menu Key: ESCAPE
Stage Style: DECORATED
Scene Factory: class com.example.flat2d.GameApp$1

03:34:55.895 [JavaFX Application Thread] DEBUG FXGLApplication      - Initializing FXGL
03:34:55.900 [JavaFX Application Thread] INFO  Engine               - FXGL-17.3 (30.03.2023 11.49) on WINDOWS (J:21.0.3 FX:21)
03:34:55.900 [JavaFX Application Thread] DEBUG Engine               - JRE Vendor Name: Amazon.com Inc.
03:34:55.901 [JavaFX Application Thread] DEBUG Engine               - Running on OS: Windows 10 version 10.0
03:34:55.901 [JavaFX Application Thread] DEBUG Engine               - Architecture: amd64
03:34:55.901 [JavaFX Application Thread] INFO  Engine               - Source code and latest versions at: https://github.com/AlmasB/FXGL
03:34:55.901 [JavaFX Application Thread] INFO  Engine               -       Ask questions and discuss at: https://github.com/AlmasB/FXGL/discussions
03:34:55.901 [JavaFX Application Thread] INFO  Engine               -              Join the FXGL chat at: https://gitter.im/AlmasB/FXGL
03:34:56.019 [JavaFX Application Thread] DEBUG PrimaryStageWindow   - Creating a JavaFX scene
03:34:56.076 [JavaFX Application Thread] DEBUG PrimaryStageWindow   - Target settings size: 720.0 x 720.0
03:34:56.076 [JavaFX Application Thread] DEBUG PrimaryStageWindow   - Scaled scene size:    720.0 x 720.0
03:34:56.076 [JavaFX Application Thread] DEBUG PrimaryStageWindow   - Scaled ratio: (1.0, 1.0)
03:34:56.077 [JavaFX Application Thread] DEBUG PrimaryStageWindow   - Set initial scene to FXGLStartupScene
03:34:56.081 [JavaFX Application Thread] DEBUG PrimaryStageWindow   - Opening main window
03:34:56.180 [JavaFX Application Thread] DEBUG PrimaryStageWindow   - Window border size: (16.0, 39.0)
03:34:56.180 [JavaFX Application Thread] DEBUG PrimaryStageWindow   - Scaled size: 720.0 x 720.0
03:34:56.181 [JavaFX Application Thread] DEBUG PrimaryStageWindow   - Scaled ratio: (1.0, 1.0)
03:34:56.181 [JavaFX Application Thread] DEBUG PrimaryStageWindow   - Scene size: 720.0 x 720.0
03:34:56.181 [JavaFX Application Thread] DEBUG PrimaryStageWindow   - Stage size: 736.0 x 759.0
03:34:56.203 [FXGL Background Thread 1 ] DEBUG Engine               - Initializing environment variables
03:34:56.264 [FXGL Background Thread 1 ] DEBUG FXGLAssetLoaderServi - User app class for loading assets: class com.example.flat2d.GameApp
03:34:56.265 [FXGL Background Thread 1 ] DEBUG GameApplicationServi - Applying CSS: fxgl_dark.css
03:34:56.266 [FXGL Background Thread 1 ] DEBUG FXGLAssetLoaderServi - Loading from file system: jar:file:///C:/Users/User/.m2/repository/com/github/almasb/fxgl/17.3/fxgl-17.3.jar!/fxglassets/ui/css/fxgl_dark.css
03:34:56.322 [FXGL Background Thread 1 ] DEBUG GameApplicationServi - Initializing application scenes
03:34:56.440 [FXGL Background Thread 1 ] DEBUG GameWorld            - Game world initialized
03:34:56.519 [FXGL Background Thread 1 ] DEBUG PhysicsWorld         - Physics world initialized: appHeight=720, physics.ppm=50.0
03:34:56.519 [FXGL Background Thread 1 ] DEBUG PhysicsWorld         - Using strategy: BRUTE_FORCE
03:34:56.523 [FXGL Background Thread 1 ] DEBUG GameScene            - Game scene initialized: 720x720
03:34:56.526 [FXGL Background Thread 1 ] DEBUG FXGLAssetLoaderServi - Loading from file system: file:/C:/Users/User/IdeaProjects/CSIT228-F3-Finals/target/classes/assets/textures/background/main-screen.jpg
03:34:56.917 [FXGL Background Thread 1 ] DEBUG FXGLAssetLoaderServi - Loading from file system: file:/C:/Users/User/IdeaProjects/CSIT228-F3-Finals/target/classes/assets/textures/profile-pic.jpg
03:34:56.957 [FXGL Background Thread 1 ] WARN  FXGL.DefaultMenu     - FXGLDefaultMenu is not designed for resolutions < 800x600
03:34:56.957 [FXGL Background Thread 1 ] DEBUG FXGL.DefaultMenu     - createMenuBodyGameMenu()
03:34:56.999 [FXGL Background Thread 1 ] DEBUG FXGL.DefaultMenu     - createOptionsMenu()
03:34:57.021 [FXGL Background Thread 1 ] DEBUG FXGLAssetLoaderServi - Loading from file system: jar:file:///C:/Users/User/.m2/repository/com/github/almasb/fxgl/17.3/fxgl-17.3.jar!/fxglassets/textures/particles/smoke.png
03:34:57.153 [FXGL Background Thread 1 ] DEBUG FXGLAssetLoaderServi - Loading from file system: jar:file:///C:/Users/User/.m2/repository/com/github/almasb/fxgl/17.3/fxgl-17.3.jar!/fxglassets/textures/particles/trace_horizontal.png
03:34:57.185 [FXGL Background Thread 1 ] DEBUG GameApplicationServi - Application scenes initialized
03:34:57.200 [FXGL Background Thread 1 ] DEBUG SystemBundleService  - Loading FXGL system data
03:34:57.204 [FXGL Background Thread 1 ] DEBUG FileSystemAccess     - Reading from: C:\Users\User\IdeaProjects\CSIT228-F3-Finals\system\fxgl.bundle
03:34:57.217 [FXGL Background Thread 1 ] DEBUG SystemBundleService  - Bundle FXGL: {}
03:34:57.217 [FXGL Background Thread 1 ] DEBUG UpdaterService       - Checking for updates
03:34:57.252 [FXGL Background Thread 1 ] DEBUG FXGLApplication      - Loading default localization
03:34:57.253 [FXGL Background Thread 1 ] DEBUG FXGLAssetLoaderServi - Loading from file system: jar:file:///C:/Users/User/.m2/repository/com/github/almasb/fxgl/17.3/fxgl-17.3.jar!/fxglassets/languages/english.lang
03:34:57.275 [FXGL Background Thread 1 ] INFO  FXGLApplication      - FXGL initialization took: 1.072 sec
03:34:57.285 [JavaFX Application Thread] DEBUG Input                - Registered new binding: Up - W
03:34:57.286 [JavaFX Application Thread] DEBUG Input                - Registered new binding: Right - D
03:34:57.286 [JavaFX Application Thread] DEBUG Input                - Registered new binding: Left - A
03:34:57.287 [JavaFX Application Thread] DEBUG Input                - Registered new binding: Down - S
03:34:57.288 [JavaFX Application Thread] DEBUG Input                - Registered new binding: IDK - RMB
03:34:57.289 [JavaFX Application Thread] DEBUG FXGLAssetLoaderServi - Loading from file system: file:/C:/Users/User/IdeaProjects/CSIT228-F3-Finals/target/classes/assets/music/opening.mp3
03:34:57.290 [FXGL Background Thread 4 ] DEBUG FXGLApplication      - Loading fonts
03:34:57.290 [FXGL Background Thread 4 ] DEBUG FXGLAssetLoaderServi - Loading from file system: jar:file:///C:/Users/User/.m2/repository/com/github/almasb/fxgl/17.3/fxgl-17.3.jar!/fxglassets/ui/fonts/VarelaRound-Regular.ttf
03:34:57.413 [FXGL Background Thread 4 ] DEBUG FXGLAssetLoaderServi - Loading from file system: jar:file:///C:/Users/User/.m2/repository/com/github/almasb/fxgl/17.3/fxgl-17.3.jar!/fxglassets/ui/fonts/Abel-Regular.ttf
03:34:57.439 [FXGL Background Thread 4 ] DEBUG FXGLAssetLoaderServi - Loading from file system: jar:file:///C:/Users/User/.m2/repository/com/github/almasb/fxgl/17.3/fxgl-17.3.jar!/fxglassets/ui/fonts/TerminalLandMono-Regular.otf
03:34:57.498 [FXGL Background Thread 4 ] DEBUG FXGLAssetLoaderServi - Loading from file system: jar:file:///C:/Users/User/.m2/repository/com/github/almasb/fxgl/17.3/fxgl-17.3.jar!/fxglassets/ui/fonts/Courier-Prime.ttf
03:34:57.575 [JavaFX Application Thread] DEBUG AudioPlayer          - Playing music com.almasb.fxgl.audio.Music@7b0e2216
03:34:57.576 [JavaFX Application Thread] DEBUG FXGLAssetLoaderServi - Loading from file system: jar:file:///C:/Users/User/.m2/repository/com/github/almasb/fxgl/17.3/fxgl-17.3.jar!/fxglassets/textures/fxgl_icon.png
03:34:57.612 [JavaFX Application Thread] DEBUG FXGLAssetLoaderServi - Loading from file system: jar:file:///C:/Users/User/.m2/repository/com/github/almasb/fxgl/17.3/fxgl-17.3.jar!/fxglassets/textures/fxgl_default_cursor.png
03:34:57.613 [JavaFX Application Thread] DEBUG Input                - Registered new binding: Screenshot - CTRL+8
03:34:57.614 [JavaFX Application Thread] DEBUG Input                - Registered new binding: Dev Options - 1
03:34:57.614 [JavaFX Application Thread] DEBUG Input                - Registered new binding: Dev Console - 2
03:34:57.615 [JavaFX Application Thread] DEBUG Input                - Registered new binding: System info dump - CTRL+9
03:34:57.618 [JavaFX Application Thread] DEBUG Input                - Registered new binding: Restart - CTRL+R
03:34:57.621 [JavaFX Application Thread] DEBUG Input                - Registered new binding: Toggle Debug Camera - CTRL+7
03:34:57.626 [JavaFX Application Thread] DEBUG LoopRunner           - Starting loop
03:34:57.635 [JavaFX Application Thread] DEBUG LoopRunner           - Initializing JavaFX AnimationTimerLoop
03:34:57.640 [JavaFX Application Thread] DEBUG Input                - Clearing active input actions
03:34:57.664 [JavaFX Application Thread] DEBUG GameApplicationServi - Removing overlay from FXGLStartupScene and adding to FXGLMainMenuDummyScene
03:34:57.670 [JavaFX Application Thread] DEBUG PrimaryStageWindow   - FXGLStartupScene -> FXGLMainMenuDummyScene
03:34:57.670 [JavaFX Application Thread] DEBUG PrimaryStageWindow   - Push state: GameMainMenu
03:34:57.670 [JavaFX Application Thread] DEBUG Input                - Clearing active input actions
03:34:57.683 [JavaFX Application Thread] DEBUG GameApplicationServi - Removing overlay from FXGLMainMenuDummyScene and adding to GameMainMenu
03:34:57.684 [JavaFX Application Thread] DEBUG PrimaryStageWindow   - FXGLMainMenuDummyScene -> GameMainMenu
03:34:57.684 [JavaFX Application Thread] DEBUG FXGLApplication      - Registering font factories with UI factory
03:34:58.043 [FXGL Background Thread 2 ] INFO  UpdaterService       - Your current version:  17.3
03:34:58.043 [FXGL Background Thread 2 ] INFO  UpdaterService       - Latest stable version: 21.1
03:35:00.250 [FXGL Background Thread 3 ] DEBUG Engine               - Logging environment variables
03:35:00.251 [FXGL Background Thread 3 ] DEBUG Engine               - achievements: []
03:35:00.251 [FXGL Background Thread 3 ] DEBUG Engine               - actualHeight: 720.0
03:35:00.251 [FXGL Background Thread 3 ] DEBUG Engine               - actualHeightProperty: ReadOnlyDoubleProperty [value: 720.0]
03:35:00.251 [FXGL Background Thread 3 ] DEBUG Engine               - actualWidth: 720.0
03:35:00.251 [FXGL Background Thread 3 ] DEBUG Engine               - actualWidthProperty: ReadOnlyDoubleProperty [value: 720.0]
03:35:00.251 [FXGL Background Thread 3 ] DEBUG Engine               - appIcon: fxgl_icon.png
03:35:00.251 [FXGL Background Thread 3 ] DEBUG Engine               - applicationMode: DEVELOPER
03:35:00.251 [FXGL Background Thread 3 ] DEBUG Engine               - cSSList: [fxgl_dark.css]
03:35:00.252 [FXGL Background Thread 3 ] DEBUG Engine               - collisionDetectionStrategy: BRUTE_FORCE
03:35:00.252 [FXGL Background Thread 3 ] DEBUG Engine               - configClass: Optional[class com.example.flat2d.Misc.Config]
03:35:00.252 [FXGL Background Thread 3 ] DEBUG Engine               - credits: []
03:35:00.252 [FXGL Background Thread 3 ] DEBUG Engine               - defaultCursor: CursorInfo(imageName=fxgl_default_cursor.png, hotspotX=7.0, hotspotY=6.0)
03:35:00.253 [FXGL Background Thread 3 ] DEBUG Engine               - devBBoxColorProperty: ObjectProperty [value: 0xff0000ff]
03:35:00.253 [FXGL Background Thread 3 ] DEBUG Engine               - devEnableDebugCameraProperty: BooleanProperty [value: false]
03:35:00.253 [FXGL Background Thread 3 ] DEBUG Engine               - devSensorColorProperty: ObjectProperty [value: 0xffff00ff]
03:35:00.253 [FXGL Background Thread 3 ] DEBUG Engine               - devShowBBoxProperty: BooleanProperty [value: false]
03:35:00.253 [FXGL Background Thread 3 ] DEBUG Engine               - devShowPositionProperty: BooleanProperty [value: false]
03:35:00.253 [FXGL Background Thread 3 ] DEBUG Engine               - enabledMenuItems: []
03:35:00.253 [FXGL Background Thread 3 ] DEBUG Engine               - engineServices: [class com.almasb.fxgl.app.services.FXGLAssetLoaderService, class com.almasb.fxgl.app.FXGLApplication$GameApplicationService, class com.almasb.fxgl.app.services.FXGLDialogService, class com.almasb.fxgl.app.services.IOTaskExecutorService, class com.almasb.fxgl.io.FileSystemService, class com.almasb.fxgl.localization.LocalizationService, class com.almasb.fxgl.app.services.SystemBundleService, class com.almasb.fxgl.profile.SaveLoadService, class com.almasb.fxgl.ui.FXGLUIFactoryServiceProvider, class com.almasb.fxgl.ui.FXGLDialogFactoryServiceProvider, class com.almasb.fxgl.audio.AudioPlayer, class com.almasb.fxgl.notification.impl.NotificationServiceProvider, class com.almasb.fxgl.achievement.AchievementService, class com.almasb.fxgl.cutscene.CutsceneService, class com.almasb.fxgl.minigames.MiniGameService, class com.almasb.fxgl.net.NetService, class com.almasb.fxgl.app.services.UpdaterService, class com.almasb.fxgl.dev.DevService]
03:35:00.253 [FXGL Background Thread 3 ] DEBUG Engine               - fontGame: Abel-Regular.ttf
03:35:00.253 [FXGL Background Thread 3 ] DEBUG Engine               - fontMono: TerminalLandMono-Regular.otf
03:35:00.254 [FXGL Background Thread 3 ] DEBUG Engine               - fontSizeScaleUI: 1.0
03:35:00.254 [FXGL Background Thread 3 ] DEBUG Engine               - fontText: Courier-Prime.ttf
03:35:00.254 [FXGL Background Thread 3 ] DEBUG Engine               - fontUI: VarelaRound-Regular.ttf
03:35:00.254 [FXGL Background Thread 3 ] DEBUG Engine               - fullScreen: BooleanProperty [value: false]
03:35:00.254 [FXGL Background Thread 3 ] DEBUG Engine               - gameDifficulty: MEDIUM
03:35:00.254 [FXGL Background Thread 3 ] DEBUG Engine               - gameDifficultyProperty: ObjectProperty [value: MEDIUM]
03:35:00.254 [FXGL Background Thread 3 ] DEBUG Engine               - globalMusicVolume: 0.5
03:35:00.254 [FXGL Background Thread 3 ] DEBUG Engine               - globalMusicVolumeProperty: DoubleProperty [value: 0.5]
03:35:00.254 [FXGL Background Thread 3 ] DEBUG Engine               - globalSoundVolume: 0.5
03:35:00.254 [FXGL Background Thread 3 ] DEBUG Engine               - globalSoundVolumeProperty: DoubleProperty [value: 0.25]
03:35:00.254 [FXGL Background Thread 3 ] DEBUG Engine               - height: 720
03:35:00.254 [FXGL Background Thread 3 ] DEBUG Engine               - is3D: false
03:35:00.254 [FXGL Background Thread 3 ] DEBUG Engine               - isAndroid: false
03:35:00.255 [FXGL Background Thread 3 ] DEBUG Engine               - isBrowser: false
03:35:00.255 [FXGL Background Thread 3 ] DEBUG Engine               - isClickFeedbackEnabled: false
03:35:00.255 [FXGL Background Thread 3 ] DEBUG Engine               - isCloseConfirmation: false
03:35:00.255 [FXGL Background Thread 3 ] DEBUG Engine               - isDesktop: true
03:35:00.255 [FXGL Background Thread 3 ] DEBUG Engine               - isDeveloperMenuEnabled: true
03:35:00.255 [FXGL Background Thread 3 ] DEBUG Engine               - isEmbedded: false
03:35:00.255 [FXGL Background Thread 3 ] DEBUG Engine               - isEntityPreloadEnabled: true
03:35:00.255 [FXGL Background Thread 3 ] DEBUG Engine               - isExperimentalTiledLargeMap: false
03:35:00.255 [FXGL Background Thread 3 ] DEBUG Engine               - isFileSystemWriteAllowed: true
03:35:00.255 [FXGL Background Thread 3 ] DEBUG Engine               - isFullScreenAllowed: false
03:35:00.255 [FXGL Background Thread 3 ] DEBUG Engine               - isFullScreenFromStart: false
03:35:00.255 [FXGL Background Thread 3 ] DEBUG Engine               - isGameMenuEnabled: true
03:35:00.255 [FXGL Background Thread 3 ] DEBUG Engine               - isIOS: false
03:35:00.255 [FXGL Background Thread 3 ] DEBUG Engine               - isIntroEnabled: false
03:35:00.256 [FXGL Background Thread 3 ] DEBUG Engine               - isLinux: false
03:35:00.256 [FXGL Background Thread 3 ] DEBUG Engine               - isMac: false
03:35:00.256 [FXGL Background Thread 3 ] DEBUG Engine               - isMainMenuEnabled: true
03:35:00.256 [FXGL Background Thread 3 ] DEBUG Engine               - isManualResizeEnabled: false
03:35:00.256 [FXGL Background Thread 3 ] DEBUG Engine               - isMobile: false
03:35:00.256 [FXGL Background Thread 3 ] DEBUG Engine               - isNative: false
03:35:00.256 [FXGL Background Thread 3 ] DEBUG Engine               - isPauseMusicWhenMinimized: true
03:35:00.256 [FXGL Background Thread 3 ] DEBUG Engine               - isPreserveResizeRatio: false
03:35:00.256 [FXGL Background Thread 3 ] DEBUG Engine               - isProfilingEnabled: false
03:35:00.256 [FXGL Background Thread 3 ] DEBUG Engine               - isScaleAffectedOnResize: true
03:35:00.256 [FXGL Background Thread 3 ] DEBUG Engine               - isSingleStep: false
03:35:00.256 [FXGL Background Thread 3 ] DEBUG Engine               - isUserProfileEnabled: false
03:35:00.256 [FXGL Background Thread 3 ] DEBUG Engine               - isWindows: true
03:35:00.256 [FXGL Background Thread 3 ] DEBUG Engine               - language: ObjectProperty [value: ENGLISH]
03:35:00.256 [FXGL Background Thread 3 ] DEBUG Engine               - menuKey: ESCAPE
03:35:00.257 [FXGL Background Thread 3 ] DEBUG Engine               - mouseSensitivity: 0.2
03:35:00.257 [FXGL Background Thread 3 ] DEBUG Engine               - notificationViewClass: class com.almasb.fxgl.notification.view.XboxNotificationView
03:35:00.257 [FXGL Background Thread 3 ] DEBUG Engine               - pixelsPerMeter: 50.0
03:35:00.257 [FXGL Background Thread 3 ] DEBUG Engine               - platform: WINDOWS
03:35:00.257 [FXGL Background Thread 3 ] DEBUG Engine               - prefHeightProperty: ReadOnlyDoubleProperty [value: 720.0]
03:35:00.257 [FXGL Background Thread 3 ] DEBUG Engine               - prefWidthProperty: ReadOnlyDoubleProperty [value: 720.0]
03:35:00.257 [FXGL Background Thread 3 ] DEBUG Engine               - profileDir: profiles/
03:35:00.257 [FXGL Background Thread 3 ] DEBUG Engine               - profileName: StringProperty [value: DEFAULT]
03:35:00.257 [FXGL Background Thread 3 ] DEBUG Engine               - randomSeed: -1
03:35:00.257 [FXGL Background Thread 3 ] DEBUG Engine               - runtimeInfo: RuntimeInfo(platform=WINDOWS, version=17.3, build=30.03.2023 11.49)
03:35:00.257 [FXGL Background Thread 3 ] DEBUG Engine               - saveFileExt: sav
03:35:00.258 [FXGL Background Thread 3 ] DEBUG Engine               - scaledHeightProp$fxgl: DoubleProperty [bound, value: 720.0]
03:35:00.258 [FXGL Background Thread 3 ] DEBUG Engine               - scaledWidthProp$fxgl: DoubleProperty [bound, value: 720.0]
03:35:00.258 [FXGL Background Thread 3 ] DEBUG Engine               - sceneFactory: com.example.flat2d.GameApp$1@61d59039
03:35:00.258 [FXGL Background Thread 3 ] DEBUG Engine               - secondsIn24h: 60
03:35:00.258 [FXGL Background Thread 3 ] DEBUG Engine               - soundMenuBack: menu/back.wav
03:35:00.258 [FXGL Background Thread 3 ] DEBUG Engine               - soundMenuPress: menu/press.wav
03:35:00.258 [FXGL Background Thread 3 ] DEBUG Engine               - soundMenuSelect: menu/select.wav
03:35:00.258 [FXGL Background Thread 3 ] DEBUG Engine               - soundNotification: core/notification.wav
03:35:00.258 [FXGL Background Thread 3 ] DEBUG Engine               - stageStyle: DECORATED
03:35:00.258 [FXGL Background Thread 3 ] DEBUG Engine               - supportedLanguages: [ENGLISH, FRENCH, GERMAN, HUNGARIAN, RUSSIAN]
03:35:00.258 [FXGL Background Thread 3 ] DEBUG Engine               - ticksPerSecond: -1
03:35:00.258 [FXGL Background Thread 3 ] DEBUG Engine               - title: Adventures of Sir Vim Zarado
03:35:00.258 [FXGL Background Thread 3 ] DEBUG Engine               - urlGithub: https://github.com/AlmasB/FXGL
03:35:00.258 [FXGL Background Thread 3 ] DEBUG Engine               - urlLeaderboard: http://fxgl-top.herokuapp.com/
03:35:00.258 [FXGL Background Thread 3 ] DEBUG Engine               - urlPOM: https://raw.githubusercontent.com/AlmasB/FXGL/release/README.md
03:35:00.258 [FXGL Background Thread 3 ] DEBUG Engine               - userAppClass: class com.example.flat2d.GameApp
03:35:00.259 [FXGL Background Thread 3 ] DEBUG Engine               - version: 0.0
03:35:00.259 [FXGL Background Thread 3 ] DEBUG Engine               - versionCheckDays: 7
03:35:00.259 [FXGL Background Thread 3 ] DEBUG Engine               - width: 720
03:35:00.259 [FXGL Background Thread 3 ] DEBUG Engine               - Logging services
03:35:00.259 [FXGL Background Thread 3 ] DEBUG Engine               - class com.almasb.fxgl.app.services.FXGLAssetLoaderService
03:35:00.259 [FXGL Background Thread 3 ] DEBUG Engine               - class com.almasb.fxgl.app.FXGLApplication$GameApplicationService
03:35:00.259 [FXGL Background Thread 3 ] DEBUG Engine               - class com.almasb.fxgl.app.services.FXGLDialogService
03:35:00.259 [FXGL Background Thread 3 ] DEBUG Engine               - class com.almasb.fxgl.app.services.IOTaskExecutorService
03:35:00.259 [FXGL Background Thread 3 ] DEBUG Engine               - class com.almasb.fxgl.io.FileSystemService
03:35:00.259 [FXGL Background Thread 3 ] DEBUG Engine               - class com.almasb.fxgl.localization.LocalizationService
03:35:00.259 [FXGL Background Thread 3 ] DEBUG Engine               - class com.almasb.fxgl.app.services.SystemBundleService
03:35:00.259 [FXGL Background Thread 3 ] DEBUG Engine               - class com.almasb.fxgl.profile.SaveLoadService
03:35:00.262 [FXGL Background Thread 3 ] DEBUG Engine               - class com.almasb.fxgl.ui.FXGLUIFactoryServiceProvider
03:35:00.263 [FXGL Background Thread 3 ] DEBUG Engine               - class com.almasb.fxgl.ui.FXGLDialogFactoryServiceProvider
03:35:00.263 [FXGL Background Thread 3 ] DEBUG Engine               - class com.almasb.fxgl.audio.AudioPlayer
03:35:00.263 [FXGL Background Thread 3 ] DEBUG Engine               - class com.almasb.fxgl.notification.impl.NotificationServiceProvider
03:35:00.263 [FXGL Background Thread 3 ] DEBUG Engine               - class com.almasb.fxgl.achievement.AchievementService
03:35:00.263 [FXGL Background Thread 3 ] DEBUG Engine               - class com.almasb.fxgl.cutscene.CutsceneService
03:35:00.263 [FXGL Background Thread 3 ] DEBUG Engine               - class com.almasb.fxgl.minigames.MiniGameService
03:35:00.263 [FXGL Background Thread 3 ] DEBUG Engine               - class com.almasb.fxgl.net.NetService
03:35:00.263 [FXGL Background Thread 3 ] DEBUG Engine               - class com.almasb.fxgl.app.services.UpdaterService
03:35:00.263 [FXGL Background Thread 3 ] DEBUG Engine               - class com.almasb.fxgl.dev.DevService
03:37:36.418 [JavaFX Application Thread] DEBUG AudioPlayer          - Stopping music com.almasb.fxgl.audio.Music@7b0e2216
03:37:36.420 [JavaFX Application Thread] DEBUG FXGLAssetLoaderServi - Loading from file system: file:/C:/Users/User/IdeaProjects/CSIT228-F3-Finals/target/classes/assets/music/game-music.mp3
03:37:36.422 [JavaFX Application Thread] DEBUG AudioPlayer          - Playing music com.almasb.fxgl.audio.Music@4f5a2707
03:37:36.423 [JavaFX Application Thread] DEBUG Menu                 - fireNewGame()
03:37:36.423 [JavaFX Application Thread] DEBUG GameApplicationServi - Starting new game
03:37:36.423 [JavaFX Application Thread] DEBUG PrimaryStageWindow   - Pop state: GameMainMenu
03:37:36.423 [JavaFX Application Thread] DEBUG Input                - Clearing active input actions
03:37:36.424 [JavaFX Application Thread] DEBUG GameApplicationServi - Removing overlay from GameMainMenu and adding to FXGLMainMenuDummyScene
03:37:36.426 [JavaFX Application Thread] DEBUG PrimaryStageWindow   - FXGLMainMenuDummyScene <- GameMainMenu
03:37:36.426 [JavaFX Application Thread] DEBUG Input                - Clearing active input actions
03:37:36.432 [JavaFX Application Thread] DEBUG GameApplicationServi - Removing overlay from FXGLMainMenuDummyScene and adding to FXGLLoadingScene
03:37:36.432 [JavaFX Application Thread] DEBUG PrimaryStageWindow   - FXGLMainMenuDummyScene -> FXGLLoadingScene
03:37:36.432 [JavaFX Application Thread] DEBUG GameApplicationServi - Clearing previous game
03:37:36.432 [JavaFX Application Thread] DEBUG GameScene            - Clearing game scene
03:37:36.432 [JavaFX Application Thread] DEBUG GameWorld            - Clearing game world
03:37:36.433 [JavaFX Application Thread] DEBUG PhysicsWorld         - Clearing physics world
03:37:36.437 [FXGL Background Thread 5 ] DEBUG FXGLApplication      - Initializing game
03:37:36.479 [FXGL Background Thread 5 ] WARN  TMXLevelLoader       - TiledMap generated from 1.10.2. Supported version: 1.9.0. Some features may not be parsed fully.
03:37:36.519 [FXGL Background Thread 5 ] DEBUG TMXLevelLoader       - Parsed TiledMap: file:/C:/Users/User/IdeaProjects/CSIT228-F3-Finals/target/classes/assets/levels/tmx/2DGameTiledMap.tmx
03:37:36.520 [FXGL Background Thread 5 ] DEBUG TMXLevelLoader       - Creating tile layer entities
03:37:36.522 [FXGL Background Thread 5 ] DEBUG TilesetLoader        - Loading view for layer floor
03:37:36.526 [FXGL Background Thread 5 ] DEBUG TilesetLoader        - Created buffer with size 2304.0x2304.0
03:37:36.628 [FXGL Background Thread 5 ] DEBUG TilesetLoader        - Loading view for layer stuff
03:37:36.630 [FXGL Background Thread 5 ] DEBUG TilesetLoader        - Created buffer with size 2304.0x2304.0
03:37:36.641 [FXGL Background Thread 5 ] DEBUG TilesetLoader        - Loading view for layer decor
03:37:36.649 [FXGL Background Thread 5 ] DEBUG TilesetLoader        - Created buffer with size 2304.0x2304.0
03:37:36.655 [FXGL Background Thread 5 ] DEBUG TilesetLoader        - Loading view for layer more
03:37:36.662 [FXGL Background Thread 5 ] DEBUG TilesetLoader        - Created buffer with size 2304.0x2304.0
03:37:36.664 [FXGL Background Thread 5 ] DEBUG TMXLevelLoader       - Creating object layer entities
03:37:36.707 [FXGL Background Thread 5 ] DEBUG FXGLAssetLoaderServi - Loading from file system: file:/C:/Users/User/IdeaProjects/CSIT228-F3-Finals/target/classes/assets/textures/background/torch.gif
03:37:36.757 [FXGL Background Thread 5 ] DEBUG FXGLAssetLoaderServi - Loading from file system: file:/C:/Users/User/IdeaProjects/CSIT228-F3-Finals/target/classes/assets/textures/background/eyes-hole.gif
03:37:36.829 [FXGL Background Thread 5 ] DEBUG GameWorld            - Clearing removable entities
03:37:36.830 [FXGL Background Thread 5 ] DEBUG GameWorld            - Setting level: com.almasb.fxgl.entity.level.Level@4fc074b
03:37:36.844 [FXGL Background Thread 5 ] DEBUG FXGLAssetLoaderServi - Loading from file system: file:/C:/Users/User/IdeaProjects/CSIT228-F3-Finals/target/classes/assets/textures/player/lecatmoves.png
03:37:36.846 [FXGL Background Thread 5 ] DEBUG FXGLAssetLoaderServi - Loading from file system: file:/C:/Users/User/IdeaProjects/CSIT228-F3-Finals/target/classes/assets/textures/player/CatOne.png
03:37:36.848 [FXGL Background Thread 5 ] DEBUG FXGLAssetLoaderServi - Loading from file system: file:/C:/Users/User/IdeaProjects/CSIT228-F3-Finals/target/classes/assets/textures/player/CatThree.png
03:37:36.849 [FXGL Background Thread 5 ] DEBUG FXGLAssetLoaderServi - Loading from file system: file:/C:/Users/User/IdeaProjects/CSIT228-F3-Finals/target/classes/assets/textures/player/CatFour.png
03:37:36.878 [FXGL Background Thread 5 ] INFO  FXGLApplication      - Game initialization took: 0.440 sec
03:37:36.884 [JavaFX Application Thread] DEBUG Input                - Clearing active input actions
03:37:36.890 [JavaFX Application Thread] DEBUG GameApplicationServi - Removing overlay from FXGLLoadingScene and adding to GameScene
03:37:36.894 [JavaFX Application Thread] DEBUG PrimaryStageWindow   - FXGLLoadingScene -> GameScene
03:37:37.745 [JavaFX Application Thread] DEBUG FXGLAssetLoaderServi - Loading from file system: file:/C:/Users/User/IdeaProjects/CSIT228-F3-Finals/target/classes/assets/textures/skill/spr_bullet_strip.png
03:37:39.167 [JavaFX Application Thread] DEBUG FXGLAssetLoaderServi - Loading from file system: file:/C:/Users/User/IdeaProjects/CSIT228-F3-Finals/target/classes/assets/textures/basic/FrontWalk1.png
03:37:39.169 [JavaFX Application Thread] DEBUG FXGLAssetLoaderServi - Loading from file system: file:/C:/Users/User/IdeaProjects/CSIT228-F3-Finals/target/classes/assets/textures/basic/FrontDead1.png
03:37:39.172 [JavaFX Application Thread] DEBUG FXGLAssetLoaderServi - Loading from file system: file:/C:/Users/User/IdeaProjects/CSIT228-F3-Finals/target/classes/assets/textures/basic/FrontAttack1.png
03:37:44.568 [JavaFX Application Thread] DEBUG FXGLAssetLoaderServi - Loading from file system: file:/C:/Users/User/IdeaProjects/CSIT228-F3-Finals/target/classes/assets/textures/background/burn.gif
03:37:46.445 [JavaFX Application Thread] DEBUG FXGLAssetLoaderServi - Loading from file system: file:/C:/Users/User/IdeaProjects/CSIT228-F3-Finals/target/classes/assets/textures/blocker/WalkShield1.png
03:37:46.448 [JavaFX Application Thread] DEBUG FXGLAssetLoaderServi - Loading from file system: file:/C:/Users/User/IdeaProjects/CSIT228-F3-Finals/target/classes/assets/textures/blocker/DeadShield1.png
03:37:47.023 [JavaFX Application Thread] DEBUG FXGLAssetLoaderServi - Loading from file system: file:/C:/Users/User/IdeaProjects/CSIT228-F3-Finals/target/classes/assets/textures/background/Medium.gif
03:37:47.036 [JavaFX Application Thread] DEBUG FXGLAssetLoaderServi - Loading from file system: file:/C:/Users/User/IdeaProjects/CSIT228-F3-Finals/target/classes/assets/sounds/enemy-death2.wav
03:37:47.852 [JavaFX Application Thread] DEBUG FXGLAssetLoaderServi - Loading from file system: file:/C:/Users/User/IdeaProjects/CSIT228-F3-Finals/target/classes/assets/textures/background/Large.gif
03:37:48.044 [JavaFX Application Thread] DEBUG FXGLAssetLoaderServi - Loading from file system: file:/C:/Users/User/IdeaProjects/CSIT228-F3-Finals/target/classes/assets/textures/background/get-all-exp.gif
03:37:48.046 [JavaFX Application Thread] WARN  Entity               - Entity already has component: com.almasb.fxgl.entity.components.CollidableComponent
03:37:48.860 [JavaFX Application Thread] WARN  Entity               - Entity already has component: com.almasb.fxgl.entity.components.CollidableComponent
03:37:49.357 [JavaFX Application Thread] DEBUG FXGLAssetLoaderServi - Loading from file system: file:/C:/Users/User/IdeaProjects/CSIT228-F3-Finals/target/classes/assets/textures/background/Small.gif
03:37:49.692 [JavaFX Application Thread] WARN  Entity               - Entity already has component: com.almasb.fxgl.entity.components.CollidableComponent
03:37:50.347 [JavaFX Application Thread] WARN  Entity               - Entity already has component: com.almasb.fxgl.entity.components.CollidableComponent
03:37:50.476 [JavaFX Application Thread] WARN  Entity               - Entity already has component: com.almasb.fxgl.entity.components.CollidableComponent
03:37:50.539 [JavaFX Application Thread] WARN  Entity               - Entity already has component: com.almasb.fxgl.entity.components.CollidableComponent
03:37:51.259 [JavaFX Application Thread] WARN  Entity               - Entity already has component: com.almasb.fxgl.entity.components.CollidableComponent
03:37:52.874 [JavaFX Application Thread] DEBUG FXGLApplication      - Exiting FXGL
03:37:52.874 [JavaFX Application Thread] DEBUG LoopRunner           - Stopping loop
03:37:52.874 [JavaFX Application Thread] DEBUG SystemBundleService  - Saving FXGL system data
03:37:52.877 [JavaFX Application Thread] DEBUG FileSystemAccess     - Writing to: C:\Users\User\IdeaProjects\CSIT228-F3-Finals\system\fxgl.bundle
03:37:52.880 [JavaFX Application Thread] DEBUG Async                - Shutting down background threads
03:37:52.880 [JavaFX Application Thread] DEBUG PrimaryStageWindow   - Closing main window
03:37:52.893 [JavaFX Application Thread] DEBUG Logger               - Closing Logger
