14:18:51.832 [main                     ] DEBUG Logger               - Configured Logger
14:18:51.860 [main                     ] DEBUG GameApplication      - Logging settings
Title: Adventures of Sir Vim Zarado
Version: 0.0
Width: 720
Height: 720
Fullscreen: false
Intro: false
Profiling: false
Single step:false
App Mode: DEVELOPER
Menu Key: ESCAPE
Stage Style: DECORATED
Scene Factory: class com.example.flat2d.GameApp$1

14:18:52.222 [JavaFX Application Thread] DEBUG FXGLApplication      - Initializing FXGL
14:18:52.227 [JavaFX Application Thread] INFO  Engine               - FXGL-17.3 (30.03.2023 11.49) on WINDOWS (J:21.0.2 FX:21)
14:18:52.228 [JavaFX Application Thread] DEBUG Engine               - JRE Vendor Name: Oracle Corporation
14:18:52.228 [JavaFX Application Thread] DEBUG Engine               - Running on OS: Windows 10 version 10.0
14:18:52.228 [JavaFX Application Thread] DEBUG Engine               - Architecture: amd64
14:18:52.228 [JavaFX Application Thread] INFO  Engine               - Source code and latest versions at: https://github.com/AlmasB/FXGL
14:18:52.228 [JavaFX Application Thread] INFO  Engine               -       Ask questions and discuss at: https://github.com/AlmasB/FXGL/discussions
14:18:52.229 [JavaFX Application Thread] INFO  Engine               -              Join the FXGL chat at: https://gitter.im/AlmasB/FXGL
14:18:52.334 [JavaFX Application Thread] DEBUG PrimaryStageWindow   - Creating a JavaFX scene
14:18:52.396 [JavaFX Application Thread] DEBUG PrimaryStageWindow   - Target settings size: 720.0 x 720.0
14:18:52.397 [JavaFX Application Thread] DEBUG PrimaryStageWindow   - Scaled scene size:    720.0 x 720.0
14:18:52.397 [JavaFX Application Thread] DEBUG PrimaryStageWindow   - Scaled ratio: (1.0, 1.0)
14:18:52.398 [JavaFX Application Thread] DEBUG PrimaryStageWindow   - Set initial scene to FXGLStartupScene
14:18:52.403 [JavaFX Application Thread] DEBUG PrimaryStageWindow   - Opening main window
14:18:52.485 [JavaFX Application Thread] DEBUG PrimaryStageWindow   - Window border size: (16.0, 39.0)
14:18:52.486 [JavaFX Application Thread] DEBUG PrimaryStageWindow   - Scaled size: 720.0 x 720.0
14:18:52.486 [JavaFX Application Thread] DEBUG PrimaryStageWindow   - Scaled ratio: (1.0, 1.0)
14:18:52.486 [JavaFX Application Thread] DEBUG PrimaryStageWindow   - Scene size: 720.0 x 720.0
14:18:52.487 [JavaFX Application Thread] DEBUG PrimaryStageWindow   - Stage size: 736.0 x 759.0
14:18:52.497 [FXGL Background Thread 1 ] DEBUG Engine               - Initializing environment variables
14:18:52.565 [FXGL Background Thread 1 ] DEBUG FXGLAssetLoaderServi - User app class for loading assets: class com.example.flat2d.GameApp
14:18:52.565 [FXGL Background Thread 1 ] DEBUG GameApplicationServi - Applying CSS: fxgl_dark.css
14:18:52.566 [FXGL Background Thread 1 ] DEBUG FXGLAssetLoaderServi - Loading from file system: jar:file:///C:/Users/USER/.m2/repository/com/github/almasb/fxgl/17.3/fxgl-17.3.jar!/fxglassets/ui/css/fxgl_dark.css
14:18:52.626 [FXGL Background Thread 1 ] DEBUG GameApplicationServi - Initializing application scenes
14:18:52.728 [FXGL Background Thread 1 ] DEBUG GameWorld            - Game world initialized
14:18:52.805 [FXGL Background Thread 1 ] DEBUG PhysicsWorld         - Physics world initialized: appHeight=720, physics.ppm=50.0
14:18:52.805 [FXGL Background Thread 1 ] DEBUG PhysicsWorld         - Using strategy: BRUTE_FORCE
14:18:52.810 [FXGL Background Thread 1 ] DEBUG GameScene            - Game scene initialized: 720x720
14:18:52.813 [FXGL Background Thread 1 ] DEBUG FXGLAssetLoaderServi - Loading from file system: file:/C:/Users/USER/IdeaProjects/CSIT228-F3-Finals/target/classes/assets/textures/background/main-screen.jpg
14:18:52.915 [FXGL Background Thread 1 ] DEBUG FXGLAssetLoaderServi - Loading from file system: file:/C:/Users/USER/IdeaProjects/CSIT228-F3-Finals/target/classes/assets/textures/profile-pic.jpg
14:18:52.930 [FXGL Background Thread 1 ] WARN  FXGL.DefaultMenu     - FXGLDefaultMenu is not designed for resolutions < 800x600
14:18:52.930 [FXGL Background Thread 1 ] DEBUG FXGL.DefaultMenu     - createMenuBodyGameMenu()
14:18:52.943 [FXGL Background Thread 1 ] DEBUG FXGL.DefaultMenu     - createOptionsMenu()
14:18:52.951 [FXGL Background Thread 1 ] DEBUG FXGLAssetLoaderServi - Loading from file system: jar:file:///C:/Users/USER/.m2/repository/com/github/almasb/fxgl/17.3/fxgl-17.3.jar!/fxglassets/textures/particles/smoke.png
14:18:53.055 [FXGL Background Thread 1 ] DEBUG FXGLAssetLoaderServi - Loading from file system: jar:file:///C:/Users/USER/.m2/repository/com/github/almasb/fxgl/17.3/fxgl-17.3.jar!/fxglassets/textures/particles/trace_horizontal.png
14:18:53.096 [FXGL Background Thread 1 ] DEBUG GameApplicationServi - Application scenes initialized
14:18:53.111 [FXGL Background Thread 1 ] DEBUG SystemBundleService  - Loading FXGL system data
14:18:53.116 [FXGL Background Thread 1 ] DEBUG FileSystemAccess     - Reading from: C:\Users\USER\IdeaProjects\CSIT228-F3-Finals\system\fxgl.bundle
14:18:53.130 [FXGL Background Thread 1 ] DEBUG SystemBundleService  - Bundle FXGL: {}
14:18:53.130 [FXGL Background Thread 1 ] DEBUG UpdaterService       - Checking for updates
14:18:53.168 [FXGL Background Thread 1 ] DEBUG FXGLApplication      - Loading default localization
14:18:53.169 [FXGL Background Thread 1 ] DEBUG FXGLAssetLoaderServi - Loading from file system: jar:file:///C:/Users/USER/.m2/repository/com/github/almasb/fxgl/17.3/fxgl-17.3.jar!/fxglassets/languages/english.lang
14:18:53.192 [FXGL Background Thread 1 ] INFO  FXGLApplication      - FXGL initialization took: 0.694 sec
14:18:53.202 [JavaFX Application Thread] DEBUG Input                - Registered new binding: Up - W
14:18:53.202 [JavaFX Application Thread] DEBUG Input                - Registered new binding: Right - D
14:18:53.202 [JavaFX Application Thread] DEBUG Input                - Registered new binding: Left - A
14:18:53.203 [JavaFX Application Thread] DEBUG Input                - Registered new binding: Down - S
14:18:53.204 [JavaFX Application Thread] DEBUG Input                - Registered new binding: IDK - RMB
14:18:53.204 [JavaFX Application Thread] DEBUG FXGLAssetLoaderServi - Loading from file system: file:/C:/Users/USER/IdeaProjects/CSIT228-F3-Finals/target/classes/assets/music/opening.mp3
14:18:53.207 [FXGL Background Thread 4 ] DEBUG FXGLApplication      - Loading fonts
14:18:53.207 [FXGL Background Thread 4 ] DEBUG FXGLAssetLoaderServi - Loading from file system: jar:file:///C:/Users/USER/.m2/repository/com/github/almasb/fxgl/17.3/fxgl-17.3.jar!/fxglassets/ui/fonts/VarelaRound-Regular.ttf
14:18:53.369 [FXGL Background Thread 4 ] DEBUG FXGLAssetLoaderServi - Loading from file system: jar:file:///C:/Users/USER/.m2/repository/com/github/almasb/fxgl/17.3/fxgl-17.3.jar!/fxglassets/ui/fonts/Abel-Regular.ttf
14:18:53.384 [FXGL Background Thread 4 ] DEBUG FXGLAssetLoaderServi - Loading from file system: jar:file:///C:/Users/USER/.m2/repository/com/github/almasb/fxgl/17.3/fxgl-17.3.jar!/fxglassets/ui/fonts/TerminalLandMono-Regular.otf
14:18:53.405 [FXGL Background Thread 4 ] DEBUG FXGLAssetLoaderServi - Loading from file system: jar:file:///C:/Users/USER/.m2/repository/com/github/almasb/fxgl/17.3/fxgl-17.3.jar!/fxglassets/ui/fonts/Courier-Prime.ttf
14:18:53.422 [JavaFX Application Thread] DEBUG AudioPlayer          - Playing music com.almasb.fxgl.audio.Music@841f7a
14:18:53.423 [JavaFX Application Thread] DEBUG FXGLAssetLoaderServi - Loading from file system: jar:file:///C:/Users/USER/.m2/repository/com/github/almasb/fxgl/17.3/fxgl-17.3.jar!/fxglassets/textures/fxgl_icon.png
14:18:53.463 [JavaFX Application Thread] DEBUG FXGLAssetLoaderServi - Loading from file system: jar:file:///C:/Users/USER/.m2/repository/com/github/almasb/fxgl/17.3/fxgl-17.3.jar!/fxglassets/textures/fxgl_default_cursor.png
14:18:53.465 [JavaFX Application Thread] DEBUG Input                - Registered new binding: Screenshot - CTRL+8
14:18:53.466 [JavaFX Application Thread] DEBUG Input                - Registered new binding: Dev Options - 1
14:18:53.466 [JavaFX Application Thread] DEBUG Input                - Registered new binding: Dev Console - 2
14:18:53.466 [JavaFX Application Thread] DEBUG Input                - Registered new binding: System info dump - CTRL+9
14:18:53.467 [JavaFX Application Thread] DEBUG Input                - Registered new binding: Restart - CTRL+R
14:18:53.468 [JavaFX Application Thread] DEBUG Input                - Registered new binding: Toggle Debug Camera - CTRL+7
14:18:53.471 [JavaFX Application Thread] DEBUG LoopRunner           - Starting loop
14:18:53.479 [JavaFX Application Thread] DEBUG LoopRunner           - Initializing JavaFX AnimationTimerLoop
14:18:53.482 [JavaFX Application Thread] DEBUG Input                - Clearing active input actions
14:18:53.495 [JavaFX Application Thread] DEBUG GameApplicationServi - Removing overlay from FXGLStartupScene and adding to FXGLMainMenuDummyScene
14:18:53.500 [JavaFX Application Thread] DEBUG PrimaryStageWindow   - FXGLStartupScene -> FXGLMainMenuDummyScene
14:18:53.500 [JavaFX Application Thread] DEBUG PrimaryStageWindow   - Push state: GameMainMenu
14:18:53.500 [JavaFX Application Thread] DEBUG Input                - Clearing active input actions
14:18:53.508 [JavaFX Application Thread] DEBUG GameApplicationServi - Removing overlay from FXGLMainMenuDummyScene and adding to GameMainMenu
14:18:53.508 [JavaFX Application Thread] DEBUG PrimaryStageWindow   - FXGLMainMenuDummyScene -> GameMainMenu
14:18:53.509 [JavaFX Application Thread] DEBUG FXGLApplication      - Registering font factories with UI factory
14:18:54.250 [FXGL Background Thread 2 ] INFO  UpdaterService       - Your current version:  17.3
14:18:54.250 [FXGL Background Thread 2 ] INFO  UpdaterService       - Latest stable version: 21.1
14:18:55.031 [JavaFX Application Thread] DEBUG AudioPlayer          - Stopping music com.almasb.fxgl.audio.Music@841f7a
14:18:55.032 [JavaFX Application Thread] DEBUG FXGLAssetLoaderServi - Loading from file system: file:/C:/Users/USER/IdeaProjects/CSIT228-F3-Finals/target/classes/assets/music/game-music.mp3
14:18:55.035 [JavaFX Application Thread] DEBUG AudioPlayer          - Playing music com.almasb.fxgl.audio.Music@405d4f4d
14:18:55.035 [JavaFX Application Thread] DEBUG Menu                 - fireNewGame()
14:18:55.035 [JavaFX Application Thread] DEBUG GameApplicationServi - Starting new game
14:18:55.036 [JavaFX Application Thread] DEBUG PrimaryStageWindow   - Pop state: GameMainMenu
14:18:55.036 [JavaFX Application Thread] DEBUG Input                - Clearing active input actions
14:18:55.037 [JavaFX Application Thread] DEBUG GameApplicationServi - Removing overlay from GameMainMenu and adding to FXGLMainMenuDummyScene
14:18:55.040 [JavaFX Application Thread] DEBUG PrimaryStageWindow   - FXGLMainMenuDummyScene <- GameMainMenu
14:18:55.040 [JavaFX Application Thread] DEBUG Input                - Clearing active input actions
14:18:55.048 [JavaFX Application Thread] DEBUG GameApplicationServi - Removing overlay from FXGLMainMenuDummyScene and adding to FXGLLoadingScene
14:18:55.049 [JavaFX Application Thread] DEBUG PrimaryStageWindow   - FXGLMainMenuDummyScene -> FXGLLoadingScene
14:18:55.049 [JavaFX Application Thread] DEBUG GameApplicationServi - Clearing previous game
14:18:55.049 [JavaFX Application Thread] DEBUG GameScene            - Clearing game scene
14:18:55.049 [JavaFX Application Thread] DEBUG GameWorld            - Clearing game world
14:18:55.049 [JavaFX Application Thread] DEBUG PhysicsWorld         - Clearing physics world
14:18:55.051 [FXGL Background Thread 2 ] DEBUG FXGLApplication      - Initializing game
14:18:55.109 [FXGL Background Thread 2 ] WARN  TMXLevelLoader       - TiledMap generated from 1.10.2. Supported version: 1.9.0. Some features may not be parsed fully.
14:18:55.187 [FXGL Background Thread 2 ] DEBUG TMXLevelLoader       - Parsed TiledMap: file:/C:/Users/USER/IdeaProjects/CSIT228-F3-Finals/target/classes/assets/levels/tmx/2DGameTiledMap.tmx
14:18:55.190 [FXGL Background Thread 2 ] DEBUG TMXLevelLoader       - Creating tile layer entities
14:18:55.193 [FXGL Background Thread 2 ] DEBUG TilesetLoader        - Loading view for layer floor
14:18:55.207 [FXGL Background Thread 2 ] DEBUG TilesetLoader        - Created buffer with size 2304.0x2304.0
14:18:55.305 [FXGL Background Thread 2 ] DEBUG TilesetLoader        - Loading view for layer stuff
14:18:55.315 [FXGL Background Thread 2 ] DEBUG TilesetLoader        - Created buffer with size 2304.0x2304.0
14:18:55.321 [FXGL Background Thread 2 ] DEBUG TilesetLoader        - Loading view for layer decor
14:18:55.331 [FXGL Background Thread 2 ] DEBUG TilesetLoader        - Created buffer with size 2304.0x2304.0
14:18:55.338 [FXGL Background Thread 2 ] DEBUG TilesetLoader        - Loading view for layer more
14:18:55.351 [FXGL Background Thread 2 ] DEBUG TilesetLoader        - Created buffer with size 2304.0x2304.0
14:18:55.353 [FXGL Background Thread 2 ] DEBUG TMXLevelLoader       - Creating object layer entities
14:18:55.422 [FXGL Background Thread 2 ] DEBUG FXGLAssetLoaderServi - Loading from file system: file:/C:/Users/USER/IdeaProjects/CSIT228-F3-Finals/target/classes/assets/textures/background/torch.gif
14:18:55.475 [FXGL Background Thread 2 ] DEBUG FXGLAssetLoaderServi - Loading from file system: file:/C:/Users/USER/IdeaProjects/CSIT228-F3-Finals/target/classes/assets/textures/background/eyes-hole.gif
14:18:55.554 [FXGL Background Thread 2 ] DEBUG GameWorld            - Clearing removable entities
14:18:55.555 [FXGL Background Thread 2 ] DEBUG GameWorld            - Setting level: com.almasb.fxgl.entity.level.Level@5b7f69a
14:18:55.561 [FXGL Background Thread 2 ] DEBUG FXGLAssetLoaderServi - Loading from file system: file:/C:/Users/USER/IdeaProjects/CSIT228-F3-Finals/target/classes/assets/textures/player/lecatmoves.png
14:18:55.563 [FXGL Background Thread 2 ] DEBUG FXGLAssetLoaderServi - Loading from file system: file:/C:/Users/USER/IdeaProjects/CSIT228-F3-Finals/target/classes/assets/textures/player/CatOne.png
14:18:55.565 [FXGL Background Thread 2 ] DEBUG FXGLAssetLoaderServi - Loading from file system: file:/C:/Users/USER/IdeaProjects/CSIT228-F3-Finals/target/classes/assets/textures/player/CatThree.png
14:18:55.567 [FXGL Background Thread 2 ] DEBUG FXGLAssetLoaderServi - Loading from file system: file:/C:/Users/USER/IdeaProjects/CSIT228-F3-Finals/target/classes/assets/textures/player/CatFour.png
14:18:55.592 [FXGL Background Thread 2 ] INFO  FXGLApplication      - Game initialization took: 0.541 sec
14:18:55.597 [JavaFX Application Thread] DEBUG Input                - Clearing active input actions
14:18:55.605 [JavaFX Application Thread] DEBUG GameApplicationServi - Removing overlay from FXGLLoadingScene and adding to GameScene
14:18:55.614 [JavaFX Application Thread] DEBUG PrimaryStageWindow   - FXGLLoadingScene -> GameScene
14:18:56.167 [FXGL Background Thread 3 ] DEBUG Engine               - Logging environment variables
14:18:56.169 [FXGL Background Thread 3 ] DEBUG Engine               - achievements: []
14:18:56.170 [FXGL Background Thread 3 ] DEBUG Engine               - actualHeight: 720.0
14:18:56.171 [FXGL Background Thread 3 ] DEBUG Engine               - actualHeightProperty: ReadOnlyDoubleProperty [value: 720.0]
14:18:56.173 [FXGL Background Thread 3 ] DEBUG Engine               - actualWidth: 720.0
14:18:56.173 [FXGL Background Thread 3 ] DEBUG Engine               - actualWidthProperty: ReadOnlyDoubleProperty [value: 720.0]
14:18:56.177 [FXGL Background Thread 3 ] DEBUG Engine               - appIcon: fxgl_icon.png
14:18:56.182 [FXGL Background Thread 3 ] DEBUG Engine               - applicationMode: DEVELOPER
14:18:56.182 [FXGL Background Thread 3 ] DEBUG Engine               - cSSList: [fxgl_dark.css]
14:18:56.182 [FXGL Background Thread 3 ] DEBUG Engine               - collisionDetectionStrategy: BRUTE_FORCE
14:18:56.185 [FXGL Background Thread 3 ] DEBUG Engine               - configClass: Optional[class com.example.flat2d.Misc.Config]
14:18:56.185 [FXGL Background Thread 3 ] DEBUG Engine               - credits: []
14:18:56.185 [FXGL Background Thread 3 ] DEBUG Engine               - defaultCursor: CursorInfo(imageName=fxgl_default_cursor.png, hotspotX=7.0, hotspotY=6.0)
14:18:56.185 [FXGL Background Thread 3 ] DEBUG Engine               - devBBoxColorProperty: ObjectProperty [value: 0xff0000ff]
14:18:56.185 [FXGL Background Thread 3 ] DEBUG Engine               - devEnableDebugCameraProperty: BooleanProperty [value: false]
14:18:56.186 [FXGL Background Thread 3 ] DEBUG Engine               - devSensorColorProperty: ObjectProperty [value: 0xffff00ff]
14:18:56.186 [FXGL Background Thread 3 ] DEBUG Engine               - devShowBBoxProperty: BooleanProperty [value: false]
14:18:56.186 [FXGL Background Thread 3 ] DEBUG Engine               - devShowPositionProperty: BooleanProperty [value: false]
14:18:56.186 [FXGL Background Thread 3 ] DEBUG Engine               - enabledMenuItems: []
14:18:56.186 [FXGL Background Thread 3 ] DEBUG Engine               - engineServices: [class com.almasb.fxgl.app.services.FXGLAssetLoaderService, class com.almasb.fxgl.app.FXGLApplication$GameApplicationService, class com.almasb.fxgl.app.services.FXGLDialogService, class com.almasb.fxgl.app.services.IOTaskExecutorService, class com.almasb.fxgl.io.FileSystemService, class com.almasb.fxgl.localization.LocalizationService, class com.almasb.fxgl.app.services.SystemBundleService, class com.almasb.fxgl.profile.SaveLoadService, class com.almasb.fxgl.ui.FXGLUIFactoryServiceProvider, class com.almasb.fxgl.ui.FXGLDialogFactoryServiceProvider, class com.almasb.fxgl.audio.AudioPlayer, class com.almasb.fxgl.notification.impl.NotificationServiceProvider, class com.almasb.fxgl.achievement.AchievementService, class com.almasb.fxgl.cutscene.CutsceneService, class com.almasb.fxgl.minigames.MiniGameService, class com.almasb.fxgl.net.NetService, class com.almasb.fxgl.app.services.UpdaterService, class com.almasb.fxgl.dev.DevService]
14:18:56.186 [FXGL Background Thread 3 ] DEBUG Engine               - fontGame: Abel-Regular.ttf
14:18:56.186 [FXGL Background Thread 3 ] DEBUG Engine               - fontMono: TerminalLandMono-Regular.otf
14:18:56.186 [FXGL Background Thread 3 ] DEBUG Engine               - fontSizeScaleUI: 1.0
14:18:56.186 [FXGL Background Thread 3 ] DEBUG Engine               - fontText: Courier-Prime.ttf
14:18:56.186 [FXGL Background Thread 3 ] DEBUG Engine               - fontUI: VarelaRound-Regular.ttf
14:18:56.187 [FXGL Background Thread 3 ] DEBUG Engine               - fullScreen: BooleanProperty [value: false]
14:18:56.187 [FXGL Background Thread 3 ] DEBUG Engine               - gameDifficulty: MEDIUM
14:18:56.187 [FXGL Background Thread 3 ] DEBUG Engine               - gameDifficultyProperty: ObjectProperty [value: MEDIUM]
14:18:56.187 [FXGL Background Thread 3 ] DEBUG Engine               - globalMusicVolume: 0.5
14:18:56.187 [FXGL Background Thread 3 ] DEBUG Engine               - globalMusicVolumeProperty: DoubleProperty [value: 0.5]
14:18:56.188 [FXGL Background Thread 3 ] DEBUG Engine               - globalSoundVolume: 0.5
14:18:56.188 [FXGL Background Thread 3 ] DEBUG Engine               - globalSoundVolumeProperty: DoubleProperty [value: 0.25]
14:18:56.188 [FXGL Background Thread 3 ] DEBUG Engine               - height: 720
14:18:56.188 [FXGL Background Thread 3 ] DEBUG Engine               - is3D: false
14:18:56.188 [FXGL Background Thread 3 ] DEBUG Engine               - isAndroid: false
14:18:56.188 [FXGL Background Thread 3 ] DEBUG Engine               - isBrowser: false
14:18:56.188 [FXGL Background Thread 3 ] DEBUG Engine               - isClickFeedbackEnabled: false
14:18:56.188 [FXGL Background Thread 3 ] DEBUG Engine               - isCloseConfirmation: false
14:18:56.188 [FXGL Background Thread 3 ] DEBUG Engine               - isDesktop: true
14:18:56.188 [FXGL Background Thread 3 ] DEBUG Engine               - isDeveloperMenuEnabled: true
14:18:56.189 [FXGL Background Thread 3 ] DEBUG Engine               - isEmbedded: false
14:18:56.189 [FXGL Background Thread 3 ] DEBUG Engine               - isEntityPreloadEnabled: true
14:18:56.189 [FXGL Background Thread 3 ] DEBUG Engine               - isExperimentalTiledLargeMap: false
14:18:56.189 [FXGL Background Thread 3 ] DEBUG Engine               - isFileSystemWriteAllowed: true
14:18:56.189 [FXGL Background Thread 3 ] DEBUG Engine               - isFullScreenAllowed: false
14:18:56.189 [FXGL Background Thread 3 ] DEBUG Engine               - isFullScreenFromStart: false
14:18:56.189 [FXGL Background Thread 3 ] DEBUG Engine               - isGameMenuEnabled: true
14:18:56.189 [FXGL Background Thread 3 ] DEBUG Engine               - isIOS: false
14:18:56.189 [FXGL Background Thread 3 ] DEBUG Engine               - isIntroEnabled: false
14:18:56.189 [FXGL Background Thread 3 ] DEBUG Engine               - isLinux: false
14:18:56.189 [FXGL Background Thread 3 ] DEBUG Engine               - isMac: false
14:18:56.190 [FXGL Background Thread 3 ] DEBUG Engine               - isMainMenuEnabled: true
14:18:56.190 [FXGL Background Thread 3 ] DEBUG Engine               - isManualResizeEnabled: false
14:18:56.190 [FXGL Background Thread 3 ] DEBUG Engine               - isMobile: false
14:18:56.190 [FXGL Background Thread 3 ] DEBUG Engine               - isNative: false
14:18:56.190 [FXGL Background Thread 3 ] DEBUG Engine               - isPauseMusicWhenMinimized: true
14:18:56.190 [FXGL Background Thread 3 ] DEBUG Engine               - isPreserveResizeRatio: false
14:18:56.190 [FXGL Background Thread 3 ] DEBUG Engine               - isProfilingEnabled: false
14:18:56.190 [FXGL Background Thread 3 ] DEBUG Engine               - isScaleAffectedOnResize: true
14:18:56.190 [FXGL Background Thread 3 ] DEBUG Engine               - isSingleStep: false
14:18:56.190 [FXGL Background Thread 3 ] DEBUG Engine               - isUserProfileEnabled: false
14:18:56.190 [FXGL Background Thread 3 ] DEBUG Engine               - isWindows: true
14:18:56.191 [FXGL Background Thread 3 ] DEBUG Engine               - language: ObjectProperty [value: ENGLISH]
14:18:56.191 [FXGL Background Thread 3 ] DEBUG Engine               - menuKey: ESCAPE
14:18:56.191 [FXGL Background Thread 3 ] DEBUG Engine               - mouseSensitivity: 0.2
14:18:56.191 [FXGL Background Thread 3 ] DEBUG Engine               - notificationViewClass: class com.almasb.fxgl.notification.view.XboxNotificationView
14:18:56.191 [FXGL Background Thread 3 ] DEBUG Engine               - pixelsPerMeter: 50.0
14:18:56.191 [FXGL Background Thread 3 ] DEBUG Engine               - platform: WINDOWS
14:18:56.191 [FXGL Background Thread 3 ] DEBUG Engine               - prefHeightProperty: ReadOnlyDoubleProperty [value: 720.0]
14:18:56.191 [FXGL Background Thread 3 ] DEBUG Engine               - prefWidthProperty: ReadOnlyDoubleProperty [value: 720.0]
14:18:56.191 [FXGL Background Thread 3 ] DEBUG Engine               - profileDir: profiles/
14:18:56.191 [FXGL Background Thread 3 ] DEBUG Engine               - profileName: StringProperty [value: DEFAULT]
14:18:56.191 [FXGL Background Thread 3 ] DEBUG Engine               - randomSeed: -1
14:18:56.192 [FXGL Background Thread 3 ] DEBUG Engine               - runtimeInfo: RuntimeInfo(platform=WINDOWS, version=17.3, build=30.03.2023 11.49)
14:18:56.192 [FXGL Background Thread 3 ] DEBUG Engine               - saveFileExt: sav
14:18:56.192 [FXGL Background Thread 3 ] DEBUG Engine               - scaledHeightProp$fxgl: DoubleProperty [bound, value: 720.0]
14:18:56.192 [FXGL Background Thread 3 ] DEBUG Engine               - scaledWidthProp$fxgl: DoubleProperty [bound, value: 720.0]
14:18:56.192 [FXGL Background Thread 3 ] DEBUG Engine               - sceneFactory: com.example.flat2d.GameApp$1@22630d1f
14:18:56.192 [FXGL Background Thread 3 ] DEBUG Engine               - secondsIn24h: 60
14:18:56.192 [FXGL Background Thread 3 ] DEBUG Engine               - soundMenuBack: menu/back.wav
14:18:56.193 [FXGL Background Thread 3 ] DEBUG Engine               - soundMenuPress: menu/press.wav
14:18:56.193 [FXGL Background Thread 3 ] DEBUG Engine               - soundMenuSelect: menu/select.wav
14:18:56.193 [FXGL Background Thread 3 ] DEBUG Engine               - soundNotification: core/notification.wav
14:18:56.193 [FXGL Background Thread 3 ] DEBUG Engine               - stageStyle: DECORATED
14:18:56.193 [FXGL Background Thread 3 ] DEBUG Engine               - supportedLanguages: [ENGLISH, FRENCH, GERMAN, HUNGARIAN, RUSSIAN]
14:18:56.193 [FXGL Background Thread 3 ] DEBUG Engine               - ticksPerSecond: -1
14:18:56.193 [FXGL Background Thread 3 ] DEBUG Engine               - title: Adventures of Sir Vim Zarado
14:18:56.193 [FXGL Background Thread 3 ] DEBUG Engine               - urlGithub: https://github.com/AlmasB/FXGL
14:18:56.193 [FXGL Background Thread 3 ] DEBUG Engine               - urlLeaderboard: http://fxgl-top.herokuapp.com/
14:18:56.193 [FXGL Background Thread 3 ] DEBUG Engine               - urlPOM: https://raw.githubusercontent.com/AlmasB/FXGL/release/README.md
14:18:56.193 [FXGL Background Thread 3 ] DEBUG Engine               - userAppClass: class com.example.flat2d.GameApp
14:18:56.193 [FXGL Background Thread 3 ] DEBUG Engine               - version: 0.0
14:18:56.193 [FXGL Background Thread 3 ] DEBUG Engine               - versionCheckDays: 7
14:18:56.194 [FXGL Background Thread 3 ] DEBUG Engine               - width: 720
14:18:56.194 [FXGL Background Thread 3 ] DEBUG Engine               - Logging services
14:18:56.194 [FXGL Background Thread 3 ] DEBUG Engine               - class com.almasb.fxgl.app.services.FXGLAssetLoaderService
14:18:56.194 [FXGL Background Thread 3 ] DEBUG Engine               - class com.almasb.fxgl.app.FXGLApplication$GameApplicationService
14:18:56.194 [FXGL Background Thread 3 ] DEBUG Engine               - class com.almasb.fxgl.app.services.FXGLDialogService
14:18:56.194 [FXGL Background Thread 3 ] DEBUG Engine               - class com.almasb.fxgl.app.services.IOTaskExecutorService
14:18:56.194 [FXGL Background Thread 3 ] DEBUG Engine               - class com.almasb.fxgl.io.FileSystemService
14:18:56.194 [FXGL Background Thread 3 ] DEBUG Engine               - class com.almasb.fxgl.localization.LocalizationService
14:18:56.194 [FXGL Background Thread 3 ] DEBUG Engine               - class com.almasb.fxgl.app.services.SystemBundleService
14:18:56.194 [FXGL Background Thread 3 ] DEBUG Engine               - class com.almasb.fxgl.profile.SaveLoadService
14:18:56.194 [FXGL Background Thread 3 ] DEBUG Engine               - class com.almasb.fxgl.ui.FXGLUIFactoryServiceProvider
14:18:56.194 [FXGL Background Thread 3 ] DEBUG Engine               - class com.almasb.fxgl.ui.FXGLDialogFactoryServiceProvider
14:18:56.194 [FXGL Background Thread 3 ] DEBUG Engine               - class com.almasb.fxgl.audio.AudioPlayer
14:18:56.195 [FXGL Background Thread 3 ] DEBUG Engine               - class com.almasb.fxgl.notification.impl.NotificationServiceProvider
14:18:56.195 [FXGL Background Thread 3 ] DEBUG Engine               - class com.almasb.fxgl.achievement.AchievementService
14:18:56.195 [FXGL Background Thread 3 ] DEBUG Engine               - class com.almasb.fxgl.cutscene.CutsceneService
14:18:56.195 [FXGL Background Thread 3 ] DEBUG Engine               - class com.almasb.fxgl.minigames.MiniGameService
14:18:56.195 [FXGL Background Thread 3 ] DEBUG Engine               - class com.almasb.fxgl.net.NetService
14:18:56.195 [FXGL Background Thread 3 ] DEBUG Engine               - class com.almasb.fxgl.app.services.UpdaterService
14:18:56.195 [FXGL Background Thread 3 ] DEBUG Engine               - class com.almasb.fxgl.dev.DevService
14:18:56.567 [JavaFX Application Thread] DEBUG FXGLAssetLoaderServi - Loading from file system: file:/C:/Users/USER/IdeaProjects/CSIT228-F3-Finals/target/classes/assets/textures/skill/spr_bullet_strip.png
14:18:57.832 [JavaFX Application Thread] DEBUG FXGLAssetLoaderServi - Loading from file system: file:/C:/Users/USER/IdeaProjects/CSIT228-F3-Finals/target/classes/assets/textures/basic/NormalWalk2.png
14:18:57.835 [JavaFX Application Thread] DEBUG FXGLAssetLoaderServi - Loading from file system: file:/C:/Users/USER/IdeaProjects/CSIT228-F3-Finals/target/classes/assets/textures/basic/NormalDead2.png
14:18:57.838 [JavaFX Application Thread] DEBUG FXGLAssetLoaderServi - Loading from file system: file:/C:/Users/USER/IdeaProjects/CSIT228-F3-Finals/target/classes/assets/textures/basic/NormalAttack2.png
14:18:59.381 [JavaFX Application Thread] DEBUG FXGLAssetLoaderServi - Loading from file system: file:/C:/Users/USER/IdeaProjects/CSIT228-F3-Finals/target/classes/assets/textures/background/Medium.gif
14:18:59.393 [JavaFX Application Thread] DEBUG FXGLAssetLoaderServi - Loading from file system: file:/C:/Users/USER/IdeaProjects/CSIT228-F3-Finals/target/classes/assets/sounds/enemy-death2.wav
14:19:00.321 [JavaFX Application Thread] DEBUG FXGLAssetLoaderServi - Loading from file system: file:/C:/Users/USER/IdeaProjects/CSIT228-F3-Finals/target/classes/assets/textures/background/get-all-exp.gif
14:19:00.323 [JavaFX Application Thread] WARN  Entity               - Entity already has component: com.almasb.fxgl.entity.components.CollidableComponent
14:19:00.934 [JavaFX Application Thread] DEBUG FXGLApplication      - Exiting FXGL
14:19:00.934 [JavaFX Application Thread] DEBUG LoopRunner           - Stopping loop
14:19:00.934 [JavaFX Application Thread] DEBUG SystemBundleService  - Saving FXGL system data
14:19:00.936 [JavaFX Application Thread] DEBUG FileSystemAccess     - Writing to: C:\Users\USER\IdeaProjects\CSIT228-F3-Finals\system\fxgl.bundle
14:19:00.939 [JavaFX Application Thread] DEBUG Async                - Shutting down background threads
14:19:00.939 [JavaFX Application Thread] DEBUG PrimaryStageWindow   - Closing main window
14:19:00.950 [JavaFX Application Thread] DEBUG Logger               - Closing Logger
