03:40:24.562 [main                     ] DEBUG Logger               - Configured Logger
03:40:24.589 [main                     ] DEBUG GameApplication      - Logging settings
Title: Adventures of Sir Vim Zarado
Version: 0.0
Width: 720
Height: 720
Fullscreen: false
Intro: false
Profiling: false
Single step:false
App Mode: DEVELOPER
Menu Key: ESCAPE
Stage Style: DECORATED
Scene Factory: class com.example.flat2d.GameApp$1

03:40:25.081 [JavaFX Application Thread] DEBUG FXGLApplication      - Initializing FXGL
03:40:25.087 [JavaFX Application Thread] INFO  Engine               - FXGL-17.3 (30.03.2023 11.49) on WINDOWS (J:21.0.3 FX:21)
03:40:25.088 [JavaFX Application Thread] DEBUG Engine               - JRE Vendor Name: Amazon.com Inc.
03:40:25.088 [JavaFX Application Thread] DEBUG Engine               - Running on OS: Windows 10 version 10.0
03:40:25.088 [JavaFX Application Thread] DEBUG Engine               - Architecture: amd64
03:40:25.088 [JavaFX Application Thread] INFO  Engine               - Source code and latest versions at: https://github.com/AlmasB/FXGL
03:40:25.088 [JavaFX Application Thread] INFO  Engine               -       Ask questions and discuss at: https://github.com/AlmasB/FXGL/discussions
03:40:25.088 [JavaFX Application Thread] INFO  Engine               -              Join the FXGL chat at: https://gitter.im/AlmasB/FXGL
03:40:25.185 [JavaFX Application Thread] DEBUG PrimaryStageWindow   - Creating a JavaFX scene
03:40:25.243 [JavaFX Application Thread] DEBUG PrimaryStageWindow   - Target settings size: 720.0 x 720.0
03:40:25.243 [JavaFX Application Thread] DEBUG PrimaryStageWindow   - Scaled scene size:    720.0 x 720.0
03:40:25.244 [JavaFX Application Thread] DEBUG PrimaryStageWindow   - Scaled ratio: (1.0, 1.0)
03:40:25.246 [JavaFX Application Thread] DEBUG PrimaryStageWindow   - Set initial scene to FXGLStartupScene
03:40:25.249 [JavaFX Application Thread] DEBUG PrimaryStageWindow   - Opening main window
03:40:25.337 [JavaFX Application Thread] DEBUG PrimaryStageWindow   - Window border size: (16.0, 39.0)
03:40:25.338 [JavaFX Application Thread] DEBUG PrimaryStageWindow   - Scaled size: 720.0 x 720.0
03:40:25.338 [JavaFX Application Thread] DEBUG PrimaryStageWindow   - Scaled ratio: (1.0, 1.0)
03:40:25.338 [JavaFX Application Thread] DEBUG PrimaryStageWindow   - Scene size: 720.0 x 720.0
03:40:25.339 [JavaFX Application Thread] DEBUG PrimaryStageWindow   - Stage size: 736.0 x 759.0
03:40:25.346 [FXGL Background Thread 1 ] DEBUG Engine               - Initializing environment variables
03:40:25.405 [FXGL Background Thread 1 ] DEBUG FXGLAssetLoaderServi - User app class for loading assets: class com.example.flat2d.GameApp
03:40:25.405 [FXGL Background Thread 1 ] DEBUG GameApplicationServi - Applying CSS: fxgl_dark.css
03:40:25.406 [FXGL Background Thread 1 ] DEBUG FXGLAssetLoaderServi - Loading from file system: jar:file:///C:/Users/User/.m2/repository/com/github/almasb/fxgl/17.3/fxgl-17.3.jar!/fxglassets/ui/css/fxgl_dark.css
03:40:25.458 [FXGL Background Thread 1 ] DEBUG GameApplicationServi - Initializing application scenes
03:40:25.566 [FXGL Background Thread 1 ] DEBUG GameWorld            - Game world initialized
03:40:25.636 [FXGL Background Thread 1 ] DEBUG PhysicsWorld         - Physics world initialized: appHeight=720, physics.ppm=50.0
03:40:25.636 [FXGL Background Thread 1 ] DEBUG PhysicsWorld         - Using strategy: BRUTE_FORCE
03:40:25.640 [FXGL Background Thread 1 ] DEBUG GameScene            - Game scene initialized: 720x720
03:40:25.643 [FXGL Background Thread 1 ] DEBUG FXGLAssetLoaderServi - Loading from file system: file:/C:/Users/User/IdeaProjects/CSIT228-F3-Finals/target/classes/assets/textures/background/main-screen.jpg
03:40:25.736 [FXGL Background Thread 1 ] DEBUG FXGLAssetLoaderServi - Loading from file system: file:/C:/Users/User/IdeaProjects/CSIT228-F3-Finals/target/classes/assets/textures/profile-pic.jpg
03:40:25.749 [FXGL Background Thread 1 ] WARN  FXGL.DefaultMenu     - FXGLDefaultMenu is not designed for resolutions < 800x600
03:40:25.749 [FXGL Background Thread 1 ] DEBUG FXGL.DefaultMenu     - createMenuBodyGameMenu()
03:40:25.763 [FXGL Background Thread 1 ] DEBUG FXGL.DefaultMenu     - createOptionsMenu()
03:40:25.772 [FXGL Background Thread 1 ] DEBUG FXGLAssetLoaderServi - Loading from file system: jar:file:///C:/Users/User/.m2/repository/com/github/almasb/fxgl/17.3/fxgl-17.3.jar!/fxglassets/textures/particles/smoke.png
03:40:25.868 [FXGL Background Thread 1 ] DEBUG FXGLAssetLoaderServi - Loading from file system: jar:file:///C:/Users/User/.m2/repository/com/github/almasb/fxgl/17.3/fxgl-17.3.jar!/fxglassets/textures/particles/trace_horizontal.png
03:40:25.900 [FXGL Background Thread 1 ] DEBUG GameApplicationServi - Application scenes initialized
03:40:25.914 [FXGL Background Thread 1 ] DEBUG SystemBundleService  - Loading FXGL system data
03:40:25.919 [FXGL Background Thread 1 ] DEBUG FileSystemAccess     - Reading from: C:\Users\User\IdeaProjects\CSIT228-F3-Finals\system\fxgl.bundle
03:40:25.932 [FXGL Background Thread 1 ] DEBUG SystemBundleService  - Bundle FXGL: {}
03:40:25.932 [FXGL Background Thread 1 ] DEBUG UpdaterService       - Checking for updates
03:40:25.989 [FXGL Background Thread 1 ] DEBUG FXGLApplication      - Loading default localization
03:40:25.990 [FXGL Background Thread 1 ] DEBUG FXGLAssetLoaderServi - Loading from file system: jar:file:///C:/Users/User/.m2/repository/com/github/almasb/fxgl/17.3/fxgl-17.3.jar!/fxglassets/languages/english.lang
03:40:26.001 [FXGL Background Thread 4 ] DEBUG FXGLApplication      - Loading fonts
03:40:26.003 [FXGL Background Thread 4 ] DEBUG FXGLAssetLoaderServi - Loading from file system: jar:file:///C:/Users/User/.m2/repository/com/github/almasb/fxgl/17.3/fxgl-17.3.jar!/fxglassets/ui/fonts/VarelaRound-Regular.ttf
03:40:26.009 [FXGL Background Thread 1 ] INFO  FXGLApplication      - FXGL initialization took: 0.663 sec
03:40:26.018 [JavaFX Application Thread] DEBUG Input                - Registered new binding: Up - W
03:40:26.019 [JavaFX Application Thread] DEBUG Input                - Registered new binding: Right - D
03:40:26.019 [JavaFX Application Thread] DEBUG Input                - Registered new binding: Left - A
03:40:26.019 [JavaFX Application Thread] DEBUG Input                - Registered new binding: Down - S
03:40:26.021 [JavaFX Application Thread] DEBUG Input                - Registered new binding: IDK - RMB
03:40:26.022 [JavaFX Application Thread] DEBUG FXGLAssetLoaderServi - Loading from file system: file:/C:/Users/User/IdeaProjects/CSIT228-F3-Finals/target/classes/assets/music/opening.mp3
03:40:26.148 [FXGL Background Thread 4 ] DEBUG FXGLAssetLoaderServi - Loading from file system: jar:file:///C:/Users/User/.m2/repository/com/github/almasb/fxgl/17.3/fxgl-17.3.jar!/fxglassets/ui/fonts/Abel-Regular.ttf
03:40:26.179 [FXGL Background Thread 4 ] DEBUG FXGLAssetLoaderServi - Loading from file system: jar:file:///C:/Users/User/.m2/repository/com/github/almasb/fxgl/17.3/fxgl-17.3.jar!/fxglassets/ui/fonts/TerminalLandMono-Regular.otf
03:40:26.186 [FXGL Background Thread 4 ] DEBUG FXGLAssetLoaderServi - Loading from file system: jar:file:///C:/Users/User/.m2/repository/com/github/almasb/fxgl/17.3/fxgl-17.3.jar!/fxglassets/ui/fonts/Courier-Prime.ttf
03:40:26.283 [JavaFX Application Thread] DEBUG AudioPlayer          - Playing music com.almasb.fxgl.audio.Music@424ff3db
03:40:26.285 [JavaFX Application Thread] DEBUG FXGLAssetLoaderServi - Loading from file system: jar:file:///C:/Users/User/.m2/repository/com/github/almasb/fxgl/17.3/fxgl-17.3.jar!/fxglassets/textures/fxgl_icon.png
03:40:26.359 [JavaFX Application Thread] DEBUG FXGLAssetLoaderServi - Loading from file system: jar:file:///C:/Users/User/.m2/repository/com/github/almasb/fxgl/17.3/fxgl-17.3.jar!/fxglassets/textures/fxgl_default_cursor.png
03:40:26.363 [JavaFX Application Thread] DEBUG Input                - Registered new binding: Screenshot - CTRL+8
03:40:26.364 [JavaFX Application Thread] DEBUG Input                - Registered new binding: Dev Options - 1
03:40:26.365 [JavaFX Application Thread] DEBUG Input                - Registered new binding: Dev Console - 2
03:40:26.366 [JavaFX Application Thread] DEBUG Input                - Registered new binding: System info dump - CTRL+9
03:40:26.369 [JavaFX Application Thread] DEBUG Input                - Registered new binding: Restart - CTRL+R
03:40:26.370 [JavaFX Application Thread] DEBUG Input                - Registered new binding: Toggle Debug Camera - CTRL+7
03:40:26.380 [JavaFX Application Thread] DEBUG LoopRunner           - Starting loop
03:40:26.386 [JavaFX Application Thread] DEBUG LoopRunner           - Initializing JavaFX AnimationTimerLoop
03:40:26.393 [JavaFX Application Thread] DEBUG Input                - Clearing active input actions
03:40:26.421 [JavaFX Application Thread] DEBUG GameApplicationServi - Removing overlay from FXGLStartupScene and adding to FXGLMainMenuDummyScene
03:40:26.467 [JavaFX Application Thread] DEBUG PrimaryStageWindow   - FXGLStartupScene -> FXGLMainMenuDummyScene
03:40:26.468 [JavaFX Application Thread] DEBUG PrimaryStageWindow   - Push state: GameMainMenu
03:40:26.468 [JavaFX Application Thread] DEBUG Input                - Clearing active input actions
03:40:26.478 [JavaFX Application Thread] DEBUG GameApplicationServi - Removing overlay from FXGLMainMenuDummyScene and adding to GameMainMenu
03:40:26.478 [JavaFX Application Thread] DEBUG PrimaryStageWindow   - FXGLMainMenuDummyScene -> GameMainMenu
03:40:26.481 [JavaFX Application Thread] DEBUG FXGLApplication      - Registering font factories with UI factory
03:40:26.714 [FXGL Background Thread 2 ] INFO  UpdaterService       - Your current version:  17.3
03:40:26.714 [FXGL Background Thread 2 ] INFO  UpdaterService       - Latest stable version: 21.1
03:40:28.988 [FXGL Background Thread 3 ] DEBUG Engine               - Logging environment variables
03:40:28.988 [FXGL Background Thread 3 ] DEBUG Engine               - achievements: []
03:40:28.988 [FXGL Background Thread 3 ] DEBUG Engine               - actualHeight: 720.0
03:40:28.988 [FXGL Background Thread 3 ] DEBUG Engine               - actualHeightProperty: ReadOnlyDoubleProperty [value: 720.0]
03:40:28.988 [FXGL Background Thread 3 ] DEBUG Engine               - actualWidth: 720.0
03:40:28.989 [FXGL Background Thread 3 ] DEBUG Engine               - actualWidthProperty: ReadOnlyDoubleProperty [value: 720.0]
03:40:28.989 [FXGL Background Thread 3 ] DEBUG Engine               - appIcon: fxgl_icon.png
03:40:28.989 [FXGL Background Thread 3 ] DEBUG Engine               - applicationMode: DEVELOPER
03:40:28.989 [FXGL Background Thread 3 ] DEBUG Engine               - cSSList: [fxgl_dark.css]
03:40:28.989 [FXGL Background Thread 3 ] DEBUG Engine               - collisionDetectionStrategy: BRUTE_FORCE
03:40:28.989 [FXGL Background Thread 3 ] DEBUG Engine               - configClass: Optional[class com.example.flat2d.Misc.Config]
03:40:28.989 [FXGL Background Thread 3 ] DEBUG Engine               - credits: []
03:40:28.989 [FXGL Background Thread 3 ] DEBUG Engine               - defaultCursor: CursorInfo(imageName=fxgl_default_cursor.png, hotspotX=7.0, hotspotY=6.0)
03:40:28.990 [FXGL Background Thread 3 ] DEBUG Engine               - devBBoxColorProperty: ObjectProperty [value: 0xff0000ff]
03:40:28.990 [FXGL Background Thread 3 ] DEBUG Engine               - devEnableDebugCameraProperty: BooleanProperty [value: false]
03:40:28.990 [FXGL Background Thread 3 ] DEBUG Engine               - devSensorColorProperty: ObjectProperty [value: 0xffff00ff]
03:40:28.990 [FXGL Background Thread 3 ] DEBUG Engine               - devShowBBoxProperty: BooleanProperty [value: false]
03:40:28.990 [FXGL Background Thread 3 ] DEBUG Engine               - devShowPositionProperty: BooleanProperty [value: false]
03:40:28.990 [FXGL Background Thread 3 ] DEBUG Engine               - enabledMenuItems: []
03:40:28.991 [FXGL Background Thread 3 ] DEBUG Engine               - engineServices: [class com.almasb.fxgl.app.services.FXGLAssetLoaderService, class com.almasb.fxgl.app.FXGLApplication$GameApplicationService, class com.almasb.fxgl.app.services.FXGLDialogService, class com.almasb.fxgl.app.services.IOTaskExecutorService, class com.almasb.fxgl.io.FileSystemService, class com.almasb.fxgl.localization.LocalizationService, class com.almasb.fxgl.app.services.SystemBundleService, class com.almasb.fxgl.profile.SaveLoadService, class com.almasb.fxgl.ui.FXGLUIFactoryServiceProvider, class com.almasb.fxgl.ui.FXGLDialogFactoryServiceProvider, class com.almasb.fxgl.audio.AudioPlayer, class com.almasb.fxgl.notification.impl.NotificationServiceProvider, class com.almasb.fxgl.achievement.AchievementService, class com.almasb.fxgl.cutscene.CutsceneService, class com.almasb.fxgl.minigames.MiniGameService, class com.almasb.fxgl.net.NetService, class com.almasb.fxgl.app.services.UpdaterService, class com.almasb.fxgl.dev.DevService]
03:40:28.991 [FXGL Background Thread 3 ] DEBUG Engine               - fontGame: Abel-Regular.ttf
03:40:28.991 [FXGL Background Thread 3 ] DEBUG Engine               - fontMono: TerminalLandMono-Regular.otf
03:40:28.991 [FXGL Background Thread 3 ] DEBUG Engine               - fontSizeScaleUI: 1.0
03:40:28.991 [FXGL Background Thread 3 ] DEBUG Engine               - fontText: Courier-Prime.ttf
03:40:28.991 [FXGL Background Thread 3 ] DEBUG Engine               - fontUI: VarelaRound-Regular.ttf
03:40:28.991 [FXGL Background Thread 3 ] DEBUG Engine               - fullScreen: BooleanProperty [value: false]
03:40:28.991 [FXGL Background Thread 3 ] DEBUG Engine               - gameDifficulty: MEDIUM
03:40:28.991 [FXGL Background Thread 3 ] DEBUG Engine               - gameDifficultyProperty: ObjectProperty [value: MEDIUM]
03:40:28.993 [FXGL Background Thread 3 ] DEBUG Engine               - globalMusicVolume: 0.5
03:40:28.993 [FXGL Background Thread 3 ] DEBUG Engine               - globalMusicVolumeProperty: DoubleProperty [value: 0.5]
03:40:28.994 [FXGL Background Thread 3 ] DEBUG Engine               - globalSoundVolume: 0.5
03:40:28.994 [FXGL Background Thread 3 ] DEBUG Engine               - globalSoundVolumeProperty: DoubleProperty [value: 0.25]
03:40:28.994 [FXGL Background Thread 3 ] DEBUG Engine               - height: 720
03:40:28.994 [FXGL Background Thread 3 ] DEBUG Engine               - is3D: false
03:40:28.994 [FXGL Background Thread 3 ] DEBUG Engine               - isAndroid: false
03:40:28.994 [FXGL Background Thread 3 ] DEBUG Engine               - isBrowser: false
03:40:28.994 [FXGL Background Thread 3 ] DEBUG Engine               - isClickFeedbackEnabled: false
03:40:28.994 [FXGL Background Thread 3 ] DEBUG Engine               - isCloseConfirmation: false
03:40:28.994 [FXGL Background Thread 3 ] DEBUG Engine               - isDesktop: true
03:40:28.994 [FXGL Background Thread 3 ] DEBUG Engine               - isDeveloperMenuEnabled: true
03:40:28.994 [FXGL Background Thread 3 ] DEBUG Engine               - isEmbedded: false
03:40:28.994 [FXGL Background Thread 3 ] DEBUG Engine               - isEntityPreloadEnabled: true
03:40:28.994 [FXGL Background Thread 3 ] DEBUG Engine               - isExperimentalTiledLargeMap: false
03:40:28.994 [FXGL Background Thread 3 ] DEBUG Engine               - isFileSystemWriteAllowed: true
03:40:28.995 [FXGL Background Thread 3 ] DEBUG Engine               - isFullScreenAllowed: false
03:40:28.995 [FXGL Background Thread 3 ] DEBUG Engine               - isFullScreenFromStart: false
03:40:28.995 [FXGL Background Thread 3 ] DEBUG Engine               - isGameMenuEnabled: true
03:40:28.995 [FXGL Background Thread 3 ] DEBUG Engine               - isIOS: false
03:40:28.996 [FXGL Background Thread 3 ] DEBUG Engine               - isIntroEnabled: false
03:40:28.996 [FXGL Background Thread 3 ] DEBUG Engine               - isLinux: false
03:40:28.996 [FXGL Background Thread 3 ] DEBUG Engine               - isMac: false
03:40:28.997 [FXGL Background Thread 3 ] DEBUG Engine               - isMainMenuEnabled: true
03:40:28.997 [FXGL Background Thread 3 ] DEBUG Engine               - isManualResizeEnabled: false
03:40:28.997 [FXGL Background Thread 3 ] DEBUG Engine               - isMobile: false
03:40:28.997 [FXGL Background Thread 3 ] DEBUG Engine               - isNative: false
03:40:28.997 [FXGL Background Thread 3 ] DEBUG Engine               - isPauseMusicWhenMinimized: true
03:40:28.997 [FXGL Background Thread 3 ] DEBUG Engine               - isPreserveResizeRatio: false
03:40:28.997 [FXGL Background Thread 3 ] DEBUG Engine               - isProfilingEnabled: false
03:40:28.997 [FXGL Background Thread 3 ] DEBUG Engine               - isScaleAffectedOnResize: true
03:40:28.997 [FXGL Background Thread 3 ] DEBUG Engine               - isSingleStep: false
03:40:28.997 [FXGL Background Thread 3 ] DEBUG Engine               - isUserProfileEnabled: false
03:40:28.997 [FXGL Background Thread 3 ] DEBUG Engine               - isWindows: true
03:40:28.997 [FXGL Background Thread 3 ] DEBUG Engine               - language: ObjectProperty [value: ENGLISH]
03:40:28.997 [FXGL Background Thread 3 ] DEBUG Engine               - menuKey: ESCAPE
03:40:28.997 [FXGL Background Thread 3 ] DEBUG Engine               - mouseSensitivity: 0.2
03:40:28.997 [FXGL Background Thread 3 ] DEBUG Engine               - notificationViewClass: class com.almasb.fxgl.notification.view.XboxNotificationView
03:40:28.997 [FXGL Background Thread 3 ] DEBUG Engine               - pixelsPerMeter: 50.0
03:40:28.997 [FXGL Background Thread 3 ] DEBUG Engine               - platform: WINDOWS
03:40:28.998 [FXGL Background Thread 3 ] DEBUG Engine               - prefHeightProperty: ReadOnlyDoubleProperty [value: 720.0]
03:40:28.998 [FXGL Background Thread 3 ] DEBUG Engine               - prefWidthProperty: ReadOnlyDoubleProperty [value: 720.0]
03:40:28.998 [FXGL Background Thread 3 ] DEBUG Engine               - profileDir: profiles/
03:40:28.998 [FXGL Background Thread 3 ] DEBUG Engine               - profileName: StringProperty [value: DEFAULT]
03:40:28.998 [FXGL Background Thread 3 ] DEBUG Engine               - randomSeed: -1
03:40:28.998 [FXGL Background Thread 3 ] DEBUG Engine               - runtimeInfo: RuntimeInfo(platform=WINDOWS, version=17.3, build=30.03.2023 11.49)
03:40:28.998 [FXGL Background Thread 3 ] DEBUG Engine               - saveFileExt: sav
03:40:28.998 [FXGL Background Thread 3 ] DEBUG Engine               - scaledHeightProp$fxgl: DoubleProperty [bound, value: 720.0]
03:40:28.999 [FXGL Background Thread 3 ] DEBUG Engine               - scaledWidthProp$fxgl: DoubleProperty [bound, value: 720.0]
03:40:28.999 [FXGL Background Thread 3 ] DEBUG Engine               - sceneFactory: com.example.flat2d.GameApp$1@3b3afb1c
03:40:28.999 [FXGL Background Thread 3 ] DEBUG Engine               - secondsIn24h: 60
03:40:28.999 [FXGL Background Thread 3 ] DEBUG Engine               - soundMenuBack: menu/back.wav
03:40:28.999 [FXGL Background Thread 3 ] DEBUG Engine               - soundMenuPress: menu/press.wav
03:40:28.999 [FXGL Background Thread 3 ] DEBUG Engine               - soundMenuSelect: menu/select.wav
03:40:28.999 [FXGL Background Thread 3 ] DEBUG Engine               - soundNotification: core/notification.wav
03:40:28.999 [FXGL Background Thread 3 ] DEBUG Engine               - stageStyle: DECORATED
03:40:28.999 [FXGL Background Thread 3 ] DEBUG Engine               - supportedLanguages: [ENGLISH, FRENCH, GERMAN, HUNGARIAN, RUSSIAN]
03:40:28.999 [FXGL Background Thread 3 ] DEBUG Engine               - ticksPerSecond: -1
03:40:28.999 [FXGL Background Thread 3 ] DEBUG Engine               - title: Adventures of Sir Vim Zarado
03:40:28.999 [FXGL Background Thread 3 ] DEBUG Engine               - urlGithub: https://github.com/AlmasB/FXGL
03:40:28.999 [FXGL Background Thread 3 ] DEBUG Engine               - urlLeaderboard: http://fxgl-top.herokuapp.com/
03:40:28.999 [FXGL Background Thread 3 ] DEBUG Engine               - urlPOM: https://raw.githubusercontent.com/AlmasB/FXGL/release/README.md
03:40:28.999 [FXGL Background Thread 3 ] DEBUG Engine               - userAppClass: class com.example.flat2d.GameApp
03:40:28.999 [FXGL Background Thread 3 ] DEBUG Engine               - version: 0.0
03:40:28.999 [FXGL Background Thread 3 ] DEBUG Engine               - versionCheckDays: 7
03:40:29.000 [FXGL Background Thread 3 ] DEBUG Engine               - width: 720
03:40:29.000 [FXGL Background Thread 3 ] DEBUG Engine               - Logging services
03:40:29.000 [FXGL Background Thread 3 ] DEBUG Engine               - class com.almasb.fxgl.app.services.FXGLAssetLoaderService
03:40:29.000 [FXGL Background Thread 3 ] DEBUG Engine               - class com.almasb.fxgl.app.FXGLApplication$GameApplicationService
03:40:29.000 [FXGL Background Thread 3 ] DEBUG Engine               - class com.almasb.fxgl.app.services.FXGLDialogService
03:40:29.000 [FXGL Background Thread 3 ] DEBUG Engine               - class com.almasb.fxgl.app.services.IOTaskExecutorService
03:40:29.000 [FXGL Background Thread 3 ] DEBUG Engine               - class com.almasb.fxgl.io.FileSystemService
03:40:29.000 [FXGL Background Thread 3 ] DEBUG Engine               - class com.almasb.fxgl.localization.LocalizationService
03:40:29.000 [FXGL Background Thread 3 ] DEBUG Engine               - class com.almasb.fxgl.app.services.SystemBundleService
03:40:29.000 [FXGL Background Thread 3 ] DEBUG Engine               - class com.almasb.fxgl.profile.SaveLoadService
03:40:29.000 [FXGL Background Thread 3 ] DEBUG Engine               - class com.almasb.fxgl.ui.FXGLUIFactoryServiceProvider
03:40:29.000 [FXGL Background Thread 3 ] DEBUG Engine               - class com.almasb.fxgl.ui.FXGLDialogFactoryServiceProvider
03:40:29.000 [FXGL Background Thread 3 ] DEBUG Engine               - class com.almasb.fxgl.audio.AudioPlayer
03:40:29.000 [FXGL Background Thread 3 ] DEBUG Engine               - class com.almasb.fxgl.notification.impl.NotificationServiceProvider
03:40:29.000 [FXGL Background Thread 3 ] DEBUG Engine               - class com.almasb.fxgl.achievement.AchievementService
03:40:29.000 [FXGL Background Thread 3 ] DEBUG Engine               - class com.almasb.fxgl.cutscene.CutsceneService
03:40:29.001 [FXGL Background Thread 3 ] DEBUG Engine               - class com.almasb.fxgl.minigames.MiniGameService
03:40:29.001 [FXGL Background Thread 3 ] DEBUG Engine               - class com.almasb.fxgl.net.NetService
03:40:29.001 [FXGL Background Thread 3 ] DEBUG Engine               - class com.almasb.fxgl.app.services.UpdaterService
03:40:29.001 [FXGL Background Thread 3 ] DEBUG Engine               - class com.almasb.fxgl.dev.DevService
03:40:35.698 [JavaFX Application Thread] DEBUG AudioPlayer          - Stopping music com.almasb.fxgl.audio.Music@424ff3db
03:40:35.700 [JavaFX Application Thread] DEBUG FXGLAssetLoaderServi - Loading from file system: file:/C:/Users/User/IdeaProjects/CSIT228-F3-Finals/target/classes/assets/music/game-music.mp3
03:40:35.703 [JavaFX Application Thread] DEBUG AudioPlayer          - Playing music com.almasb.fxgl.audio.Music@20f4ebc7
03:40:35.703 [JavaFX Application Thread] DEBUG Menu                 - fireNewGame()
03:40:35.703 [JavaFX Application Thread] DEBUG GameApplicationServi - Starting new game
03:40:35.703 [JavaFX Application Thread] DEBUG PrimaryStageWindow   - Pop state: GameMainMenu
03:40:35.703 [JavaFX Application Thread] DEBUG Input                - Clearing active input actions
03:40:35.704 [JavaFX Application Thread] DEBUG GameApplicationServi - Removing overlay from GameMainMenu and adding to FXGLMainMenuDummyScene
03:40:35.706 [JavaFX Application Thread] DEBUG PrimaryStageWindow   - FXGLMainMenuDummyScene <- GameMainMenu
03:40:35.706 [JavaFX Application Thread] DEBUG Input                - Clearing active input actions
03:40:35.712 [JavaFX Application Thread] DEBUG GameApplicationServi - Removing overlay from FXGLMainMenuDummyScene and adding to FXGLLoadingScene
03:40:35.713 [JavaFX Application Thread] DEBUG PrimaryStageWindow   - FXGLMainMenuDummyScene -> FXGLLoadingScene
03:40:35.713 [JavaFX Application Thread] DEBUG GameApplicationServi - Clearing previous game
03:40:35.713 [JavaFX Application Thread] DEBUG GameScene            - Clearing game scene
03:40:35.713 [JavaFX Application Thread] DEBUG GameWorld            - Clearing game world
03:40:35.713 [JavaFX Application Thread] DEBUG PhysicsWorld         - Clearing physics world
03:40:35.715 [FXGL Background Thread 2 ] DEBUG FXGLApplication      - Initializing game
03:40:35.786 [FXGL Background Thread 2 ] WARN  TMXLevelLoader       - TiledMap generated from 1.10.2. Supported version: 1.9.0. Some features may not be parsed fully.
03:40:35.846 [FXGL Background Thread 2 ] DEBUG TMXLevelLoader       - Parsed TiledMap: file:/C:/Users/User/IdeaProjects/CSIT228-F3-Finals/target/classes/assets/levels/tmx/2DGameTiledMap.tmx
03:40:35.847 [FXGL Background Thread 2 ] DEBUG TMXLevelLoader       - Creating tile layer entities
03:40:35.849 [FXGL Background Thread 2 ] DEBUG TilesetLoader        - Loading view for layer floor
03:40:35.852 [FXGL Background Thread 2 ] DEBUG TilesetLoader        - Created buffer with size 2304.0x2304.0
03:40:35.937 [FXGL Background Thread 2 ] DEBUG TilesetLoader        - Loading view for layer stuff
03:40:35.943 [FXGL Background Thread 2 ] DEBUG TilesetLoader        - Created buffer with size 2304.0x2304.0
03:40:35.952 [FXGL Background Thread 2 ] DEBUG TilesetLoader        - Loading view for layer decor
03:40:35.958 [FXGL Background Thread 2 ] DEBUG TilesetLoader        - Created buffer with size 2304.0x2304.0
03:40:35.966 [FXGL Background Thread 2 ] DEBUG TilesetLoader        - Loading view for layer more
03:40:35.977 [FXGL Background Thread 2 ] DEBUG TilesetLoader        - Created buffer with size 2304.0x2304.0
03:40:35.978 [FXGL Background Thread 2 ] DEBUG TMXLevelLoader       - Creating object layer entities
03:40:36.014 [FXGL Background Thread 2 ] DEBUG FXGLAssetLoaderServi - Loading from file system: file:/C:/Users/User/IdeaProjects/CSIT228-F3-Finals/target/classes/assets/textures/background/torch.gif
03:40:36.068 [FXGL Background Thread 2 ] DEBUG FXGLAssetLoaderServi - Loading from file system: file:/C:/Users/User/IdeaProjects/CSIT228-F3-Finals/target/classes/assets/textures/background/eyes-hole.gif
03:40:36.126 [FXGL Background Thread 2 ] DEBUG GameWorld            - Clearing removable entities
03:40:36.126 [FXGL Background Thread 2 ] DEBUG GameWorld            - Setting level: com.almasb.fxgl.entity.level.Level@5dadc183
03:40:36.134 [FXGL Background Thread 2 ] DEBUG FXGLAssetLoaderServi - Loading from file system: file:/C:/Users/User/IdeaProjects/CSIT228-F3-Finals/target/classes/assets/textures/player/lecatmoves.png
03:40:36.135 [FXGL Background Thread 2 ] DEBUG FXGLAssetLoaderServi - Loading from file system: file:/C:/Users/User/IdeaProjects/CSIT228-F3-Finals/target/classes/assets/textures/player/CatOne.png
03:40:36.136 [FXGL Background Thread 2 ] DEBUG FXGLAssetLoaderServi - Loading from file system: file:/C:/Users/User/IdeaProjects/CSIT228-F3-Finals/target/classes/assets/textures/player/CatThree.png
03:40:36.137 [FXGL Background Thread 2 ] DEBUG FXGLAssetLoaderServi - Loading from file system: file:/C:/Users/User/IdeaProjects/CSIT228-F3-Finals/target/classes/assets/textures/player/CatFour.png
03:40:36.158 [FXGL Background Thread 2 ] INFO  FXGLApplication      - Game initialization took: 0.443 sec
03:40:36.169 [JavaFX Application Thread] DEBUG Input                - Clearing active input actions
03:40:36.176 [JavaFX Application Thread] DEBUG GameApplicationServi - Removing overlay from FXGLLoadingScene and adding to GameScene
03:40:36.180 [JavaFX Application Thread] DEBUG PrimaryStageWindow   - FXGLLoadingScene -> GameScene
03:40:36.977 [JavaFX Application Thread] DEBUG FXGLAssetLoaderServi - Loading from file system: file:/C:/Users/User/IdeaProjects/CSIT228-F3-Finals/target/classes/assets/textures/skill/spr_bullet_strip.png
03:40:38.240 [JavaFX Application Thread] DEBUG FXGLAssetLoaderServi - Loading from file system: file:/C:/Users/User/IdeaProjects/CSIT228-F3-Finals/target/classes/assets/textures/basic/FrontWalk1.png
03:40:38.242 [JavaFX Application Thread] DEBUG FXGLAssetLoaderServi - Loading from file system: file:/C:/Users/User/IdeaProjects/CSIT228-F3-Finals/target/classes/assets/textures/basic/FrontDead1.png
03:40:38.245 [JavaFX Application Thread] DEBUG FXGLAssetLoaderServi - Loading from file system: file:/C:/Users/User/IdeaProjects/CSIT228-F3-Finals/target/classes/assets/textures/basic/FrontAttack1.png
03:40:44.012 [JavaFX Application Thread] DEBUG FXGLAssetLoaderServi - Loading from file system: file:/C:/Users/User/IdeaProjects/CSIT228-F3-Finals/target/classes/assets/textures/background/burn.gif
03:40:45.565 [JavaFX Application Thread] DEBUG FXGLAssetLoaderServi - Loading from file system: file:/C:/Users/User/IdeaProjects/CSIT228-F3-Finals/target/classes/assets/textures/blocker/WalkShield1.png
03:40:45.567 [JavaFX Application Thread] DEBUG FXGLAssetLoaderServi - Loading from file system: file:/C:/Users/User/IdeaProjects/CSIT228-F3-Finals/target/classes/assets/textures/blocker/DeadShield1.png
03:40:46.189 [JavaFX Application Thread] DEBUG FXGLAssetLoaderServi - Loading from file system: file:/C:/Users/User/IdeaProjects/CSIT228-F3-Finals/target/classes/assets/textures/background/Large.gif
03:40:46.202 [JavaFX Application Thread] DEBUG FXGLAssetLoaderServi - Loading from file system: file:/C:/Users/User/IdeaProjects/CSIT228-F3-Finals/target/classes/assets/sounds/enemy-death2.wav
03:40:47.226 [JavaFX Application Thread] DEBUG FXGLAssetLoaderServi - Loading from file system: file:/C:/Users/User/IdeaProjects/CSIT228-F3-Finals/target/classes/assets/textures/background/get-all-exp.gif
03:40:47.228 [JavaFX Application Thread] WARN  Entity               - Entity already has component: com.almasb.fxgl.entity.components.CollidableComponent
03:40:48.173 [JavaFX Application Thread] DEBUG FXGLApplication      - Exiting FXGL
03:40:48.173 [JavaFX Application Thread] DEBUG LoopRunner           - Stopping loop
03:40:48.173 [JavaFX Application Thread] DEBUG SystemBundleService  - Saving FXGL system data
03:40:48.176 [JavaFX Application Thread] DEBUG FileSystemAccess     - Writing to: C:\Users\User\IdeaProjects\CSIT228-F3-Finals\system\fxgl.bundle
03:40:48.178 [JavaFX Application Thread] DEBUG Async                - Shutting down background threads
03:40:48.179 [JavaFX Application Thread] DEBUG PrimaryStageWindow   - Closing main window
03:40:48.190 [JavaFX Application Thread] DEBUG Logger               - Closing Logger
