09:46:32.568 [main                     ] DEBUG Logger               - Configured Logger
09:46:32.620 [main                     ] DEBUG GameApplication      - Logging settings
Title: Adventures of Sir Vim Zarado
Version: 0.0
Width: 720
Height: 720
Fullscreen: false
Intro: false
Profiling: false
Single step:false
App Mode: DEVELOPER
Menu Key: ESCAPE
Stage Style: DECORATED
Scene Factory: class com.example.flat2d.GameApp$1

09:46:33.036 [JavaFX Application Thread] DEBUG FXGLApplication      - Initializing FXGL
09:46:33.040 [JavaFX Application Thread] INFO  Engine               - FXGL-17.3 (30.03.2023 11.49) on WINDOWS (J:21.0.2 FX:21)
09:46:33.041 [JavaFX Application Thread] DEBUG Engine               - JRE Vendor Name: Oracle Corporation
09:46:33.042 [JavaFX Application Thread] DEBUG Engine               - Running on OS: Windows 10 version 10.0
09:46:33.042 [JavaFX Application Thread] DEBUG Engine               - Architecture: amd64
09:46:33.042 [JavaFX Application Thread] INFO  Engine               - Source code and latest versions at: https://github.com/AlmasB/FXGL
09:46:33.042 [JavaFX Application Thread] INFO  Engine               -       Ask questions and discuss at: https://github.com/AlmasB/FXGL/discussions
09:46:33.042 [JavaFX Application Thread] INFO  Engine               -              Join the FXGL chat at: https://gitter.im/AlmasB/FXGL
09:46:33.176 [JavaFX Application Thread] DEBUG PrimaryStageWindow   - Creating a JavaFX scene
09:46:33.250 [JavaFX Application Thread] DEBUG PrimaryStageWindow   - Target settings size: 720.0 x 720.0
09:46:33.250 [JavaFX Application Thread] DEBUG PrimaryStageWindow   - Scaled scene size:    720.0 x 720.0
09:46:33.251 [JavaFX Application Thread] DEBUG PrimaryStageWindow   - Scaled ratio: (1.0, 1.0)
09:46:33.253 [JavaFX Application Thread] DEBUG PrimaryStageWindow   - Set initial scene to FXGLStartupScene
09:46:33.258 [JavaFX Application Thread] DEBUG PrimaryStageWindow   - Opening main window
09:46:33.345 [JavaFX Application Thread] DEBUG PrimaryStageWindow   - Window border size: (16.0, 39.0)
09:46:33.345 [JavaFX Application Thread] DEBUG PrimaryStageWindow   - Scaled size: 720.0 x 720.0
09:46:33.345 [JavaFX Application Thread] DEBUG PrimaryStageWindow   - Scaled ratio: (1.0, 1.0)
09:46:33.345 [JavaFX Application Thread] DEBUG PrimaryStageWindow   - Scene size: 720.0 x 720.0
09:46:33.346 [JavaFX Application Thread] DEBUG PrimaryStageWindow   - Stage size: 736.0 x 759.0
09:46:33.356 [FXGL Background Thread 1 ] DEBUG Engine               - Initializing environment variables
09:46:33.434 [FXGL Background Thread 1 ] DEBUG FXGLAssetLoaderServi - User app class for loading assets: class com.example.flat2d.GameApp
09:46:33.434 [FXGL Background Thread 1 ] DEBUG GameApplicationServi - Applying CSS: fxgl_dark.css
09:46:33.436 [FXGL Background Thread 1 ] DEBUG FXGLAssetLoaderServi - Loading from file system: jar:file:///C:/Users/USER/.m2/repository/com/github/almasb/fxgl/17.3/fxgl-17.3.jar!/fxglassets/ui/css/fxgl_dark.css
09:46:33.513 [FXGL Background Thread 1 ] DEBUG GameApplicationServi - Initializing application scenes
09:46:33.624 [FXGL Background Thread 1 ] DEBUG GameWorld            - Game world initialized
09:46:33.718 [FXGL Background Thread 1 ] DEBUG PhysicsWorld         - Physics world initialized: appHeight=720, physics.ppm=50.0
09:46:33.719 [FXGL Background Thread 1 ] DEBUG PhysicsWorld         - Using strategy: BRUTE_FORCE
09:46:33.724 [FXGL Background Thread 1 ] DEBUG GameScene            - Game scene initialized: 720x720
09:46:33.728 [FXGL Background Thread 1 ] DEBUG FXGLAssetLoaderServi - Loading from file system: file:/C:/Users/USER/IdeaProjects/CSIT228-F3-Finals/target/classes/assets/textures/background/main-screen.jpg
09:46:33.849 [FXGL Background Thread 1 ] DEBUG FXGLAssetLoaderServi - Loading from file system: file:/C:/Users/USER/IdeaProjects/CSIT228-F3-Finals/target/classes/assets/textures/profile-pic.jpg
09:46:33.870 [FXGL Background Thread 1 ] WARN  FXGL.DefaultMenu     - FXGLDefaultMenu is not designed for resolutions < 800x600
09:46:33.871 [FXGL Background Thread 1 ] DEBUG FXGL.DefaultMenu     - createMenuBodyGameMenu()
09:46:33.890 [FXGL Background Thread 1 ] DEBUG FXGL.DefaultMenu     - createOptionsMenu()
09:46:33.899 [FXGL Background Thread 1 ] DEBUG FXGLAssetLoaderServi - Loading from file system: jar:file:///C:/Users/USER/.m2/repository/com/github/almasb/fxgl/17.3/fxgl-17.3.jar!/fxglassets/textures/particles/smoke.png
09:46:34.043 [FXGL Background Thread 1 ] DEBUG FXGLAssetLoaderServi - Loading from file system: jar:file:///C:/Users/USER/.m2/repository/com/github/almasb/fxgl/17.3/fxgl-17.3.jar!/fxglassets/textures/particles/trace_horizontal.png
09:46:34.109 [FXGL Background Thread 1 ] DEBUG GameApplicationServi - Application scenes initialized
09:46:34.129 [FXGL Background Thread 1 ] DEBUG SystemBundleService  - Loading FXGL system data
09:46:34.134 [FXGL Background Thread 1 ] DEBUG FileSystemAccess     - Reading from: C:\Users\USER\IdeaProjects\CSIT228-F3-Finals\system\fxgl.bundle
09:46:34.150 [FXGL Background Thread 1 ] DEBUG SystemBundleService  - Bundle FXGL: {}
09:46:34.150 [FXGL Background Thread 1 ] DEBUG UpdaterService       - Checking for updates
09:46:34.228 [FXGL Background Thread 1 ] DEBUG FXGLApplication      - Loading default localization
09:46:34.230 [FXGL Background Thread 1 ] DEBUG FXGLAssetLoaderServi - Loading from file system: jar:file:///C:/Users/USER/.m2/repository/com/github/almasb/fxgl/17.3/fxgl-17.3.jar!/fxglassets/languages/english.lang
09:46:34.239 [FXGL Background Thread 4 ] DEBUG FXGLApplication      - Loading fonts
09:46:34.240 [FXGL Background Thread 4 ] DEBUG FXGLAssetLoaderServi - Loading from file system: jar:file:///C:/Users/USER/.m2/repository/com/github/almasb/fxgl/17.3/fxgl-17.3.jar!/fxglassets/ui/fonts/VarelaRound-Regular.ttf
09:46:34.253 [FXGL Background Thread 1 ] INFO  FXGLApplication      - FXGL initialization took: 0.896 sec
09:46:34.268 [JavaFX Application Thread] DEBUG Input                - Registered new binding: Up - W
09:46:34.268 [JavaFX Application Thread] DEBUG Input                - Registered new binding: Right - D
09:46:34.269 [JavaFX Application Thread] DEBUG Input                - Registered new binding: Left - A
09:46:34.269 [JavaFX Application Thread] DEBUG Input                - Registered new binding: Down - S
09:46:34.271 [JavaFX Application Thread] DEBUG Input                - Registered new binding: IDK - RMB
09:46:34.272 [JavaFX Application Thread] DEBUG FXGLAssetLoaderServi - Loading from file system: file:/C:/Users/USER/IdeaProjects/CSIT228-F3-Finals/target/classes/assets/music/opening.mp3
09:46:34.309 [FXGL Background Thread 4 ] DEBUG FXGLAssetLoaderServi - Loading from file system: jar:file:///C:/Users/USER/.m2/repository/com/github/almasb/fxgl/17.3/fxgl-17.3.jar!/fxglassets/ui/fonts/Abel-Regular.ttf
09:46:34.322 [FXGL Background Thread 4 ] DEBUG FXGLAssetLoaderServi - Loading from file system: jar:file:///C:/Users/USER/.m2/repository/com/github/almasb/fxgl/17.3/fxgl-17.3.jar!/fxglassets/ui/fonts/TerminalLandMono-Regular.otf
09:46:34.340 [FXGL Background Thread 4 ] DEBUG FXGLAssetLoaderServi - Loading from file system: jar:file:///C:/Users/USER/.m2/repository/com/github/almasb/fxgl/17.3/fxgl-17.3.jar!/fxglassets/ui/fonts/Courier-Prime.ttf
09:46:34.463 [JavaFX Application Thread] DEBUG AudioPlayer          - Playing music com.almasb.fxgl.audio.Music@3b2d033f
09:46:34.465 [JavaFX Application Thread] DEBUG FXGLAssetLoaderServi - Loading from file system: jar:file:///C:/Users/USER/.m2/repository/com/github/almasb/fxgl/17.3/fxgl-17.3.jar!/fxglassets/textures/fxgl_icon.png
09:46:34.518 [JavaFX Application Thread] DEBUG FXGLAssetLoaderServi - Loading from file system: jar:file:///C:/Users/USER/.m2/repository/com/github/almasb/fxgl/17.3/fxgl-17.3.jar!/fxglassets/textures/fxgl_default_cursor.png
09:46:34.521 [JavaFX Application Thread] DEBUG Input                - Registered new binding: Screenshot - CTRL+8
09:46:34.521 [JavaFX Application Thread] DEBUG Input                - Registered new binding: Dev Options - 1
09:46:34.522 [JavaFX Application Thread] DEBUG Input                - Registered new binding: Dev Console - 2
09:46:34.523 [JavaFX Application Thread] DEBUG Input                - Registered new binding: System info dump - CTRL+9
09:46:34.523 [JavaFX Application Thread] DEBUG Input                - Registered new binding: Restart - CTRL+R
09:46:34.524 [JavaFX Application Thread] DEBUG Input                - Registered new binding: Toggle Debug Camera - CTRL+7
09:46:34.528 [JavaFX Application Thread] DEBUG LoopRunner           - Starting loop
09:46:34.534 [JavaFX Application Thread] DEBUG LoopRunner           - Initializing JavaFX AnimationTimerLoop
09:46:34.537 [JavaFX Application Thread] DEBUG Input                - Clearing active input actions
09:46:34.548 [JavaFX Application Thread] DEBUG GameApplicationServi - Removing overlay from FXGLStartupScene and adding to FXGLMainMenuDummyScene
09:46:34.553 [JavaFX Application Thread] DEBUG PrimaryStageWindow   - FXGLStartupScene -> FXGLMainMenuDummyScene
09:46:34.553 [JavaFX Application Thread] DEBUG PrimaryStageWindow   - Push state: GameMainMenu
09:46:34.555 [JavaFX Application Thread] DEBUG Input                - Clearing active input actions
09:46:34.563 [JavaFX Application Thread] DEBUG GameApplicationServi - Removing overlay from FXGLMainMenuDummyScene and adding to GameMainMenu
09:46:34.563 [JavaFX Application Thread] DEBUG PrimaryStageWindow   - FXGLMainMenuDummyScene -> GameMainMenu
09:46:34.564 [JavaFX Application Thread] DEBUG FXGLApplication      - Registering font factories with UI factory
09:46:35.096 [FXGL Background Thread 2 ] INFO  UpdaterService       - Your current version:  17.3
09:46:35.097 [FXGL Background Thread 2 ] INFO  UpdaterService       - Latest stable version: 21.1
09:46:37.226 [FXGL Background Thread 3 ] DEBUG Engine               - Logging environment variables
09:46:37.226 [FXGL Background Thread 3 ] DEBUG Engine               - achievements: []
09:46:37.227 [FXGL Background Thread 3 ] DEBUG Engine               - actualHeight: 720.0
09:46:37.227 [FXGL Background Thread 3 ] DEBUG Engine               - actualHeightProperty: ReadOnlyDoubleProperty [value: 720.0]
09:46:37.227 [FXGL Background Thread 3 ] DEBUG Engine               - actualWidth: 720.0
09:46:37.230 [FXGL Background Thread 3 ] DEBUG Engine               - actualWidthProperty: ReadOnlyDoubleProperty [value: 720.0]
09:46:37.231 [FXGL Background Thread 3 ] DEBUG Engine               - appIcon: fxgl_icon.png
09:46:37.235 [FXGL Background Thread 3 ] DEBUG Engine               - applicationMode: DEVELOPER
09:46:37.236 [FXGL Background Thread 3 ] DEBUG Engine               - cSSList: [fxgl_dark.css]
09:46:37.239 [FXGL Background Thread 3 ] DEBUG Engine               - collisionDetectionStrategy: BRUTE_FORCE
09:46:37.239 [FXGL Background Thread 3 ] DEBUG Engine               - configClass: Optional[class com.example.flat2d.Misc.Config]
09:46:37.240 [FXGL Background Thread 3 ] DEBUG Engine               - credits: []
09:46:37.241 [FXGL Background Thread 3 ] DEBUG Engine               - defaultCursor: CursorInfo(imageName=fxgl_default_cursor.png, hotspotX=7.0, hotspotY=6.0)
09:46:37.247 [FXGL Background Thread 3 ] DEBUG Engine               - devBBoxColorProperty: ObjectProperty [value: 0xff0000ff]
09:46:37.248 [FXGL Background Thread 3 ] DEBUG Engine               - devEnableDebugCameraProperty: BooleanProperty [value: false]
09:46:37.251 [FXGL Background Thread 3 ] DEBUG Engine               - devSensorColorProperty: ObjectProperty [value: 0xffff00ff]
09:46:37.251 [FXGL Background Thread 3 ] DEBUG Engine               - devShowBBoxProperty: BooleanProperty [value: false]
09:46:37.252 [FXGL Background Thread 3 ] DEBUG Engine               - devShowPositionProperty: BooleanProperty [value: false]
09:46:37.252 [FXGL Background Thread 3 ] DEBUG Engine               - enabledMenuItems: []
09:46:37.268 [FXGL Background Thread 3 ] DEBUG Engine               - engineServices: [class com.almasb.fxgl.app.services.FXGLAssetLoaderService, class com.almasb.fxgl.app.FXGLApplication$GameApplicationService, class com.almasb.fxgl.app.services.FXGLDialogService, class com.almasb.fxgl.app.services.IOTaskExecutorService, class com.almasb.fxgl.io.FileSystemService, class com.almasb.fxgl.localization.LocalizationService, class com.almasb.fxgl.app.services.SystemBundleService, class com.almasb.fxgl.profile.SaveLoadService, class com.almasb.fxgl.ui.FXGLUIFactoryServiceProvider, class com.almasb.fxgl.ui.FXGLDialogFactoryServiceProvider, class com.almasb.fxgl.audio.AudioPlayer, class com.almasb.fxgl.notification.impl.NotificationServiceProvider, class com.almasb.fxgl.achievement.AchievementService, class com.almasb.fxgl.cutscene.CutsceneService, class com.almasb.fxgl.minigames.MiniGameService, class com.almasb.fxgl.net.NetService, class com.almasb.fxgl.app.services.UpdaterService, class com.almasb.fxgl.dev.DevService]
09:46:37.269 [FXGL Background Thread 3 ] DEBUG Engine               - fontGame: Abel-Regular.ttf
09:46:37.269 [FXGL Background Thread 3 ] DEBUG Engine               - fontMono: TerminalLandMono-Regular.otf
09:46:37.270 [FXGL Background Thread 3 ] DEBUG Engine               - fontSizeScaleUI: 1.0
09:46:37.271 [FXGL Background Thread 3 ] DEBUG Engine               - fontText: Courier-Prime.ttf
09:46:37.271 [FXGL Background Thread 3 ] DEBUG Engine               - fontUI: VarelaRound-Regular.ttf
09:46:37.272 [FXGL Background Thread 3 ] DEBUG Engine               - fullScreen: BooleanProperty [value: false]
09:46:37.272 [FXGL Background Thread 3 ] DEBUG Engine               - gameDifficulty: MEDIUM
09:46:37.273 [FXGL Background Thread 3 ] DEBUG Engine               - gameDifficultyProperty: ObjectProperty [value: MEDIUM]
09:46:37.273 [FXGL Background Thread 3 ] DEBUG Engine               - globalMusicVolume: 0.5
09:46:37.273 [FXGL Background Thread 3 ] DEBUG Engine               - globalMusicVolumeProperty: DoubleProperty [value: 0.5]
09:46:37.273 [FXGL Background Thread 3 ] DEBUG Engine               - globalSoundVolume: 0.5
09:46:37.273 [FXGL Background Thread 3 ] DEBUG Engine               - globalSoundVolumeProperty: DoubleProperty [value: 0.25]
09:46:37.273 [FXGL Background Thread 3 ] DEBUG Engine               - height: 720
09:46:37.273 [FXGL Background Thread 3 ] DEBUG Engine               - is3D: false
09:46:37.274 [FXGL Background Thread 3 ] DEBUG Engine               - isAndroid: false
09:46:37.274 [FXGL Background Thread 3 ] DEBUG Engine               - isBrowser: false
09:46:37.274 [FXGL Background Thread 3 ] DEBUG Engine               - isClickFeedbackEnabled: false
09:46:37.274 [FXGL Background Thread 3 ] DEBUG Engine               - isCloseConfirmation: false
09:46:37.274 [FXGL Background Thread 3 ] DEBUG Engine               - isDesktop: true
09:46:37.274 [FXGL Background Thread 3 ] DEBUG Engine               - isDeveloperMenuEnabled: true
09:46:37.274 [FXGL Background Thread 3 ] DEBUG Engine               - isEmbedded: false
09:46:37.275 [FXGL Background Thread 3 ] DEBUG Engine               - isEntityPreloadEnabled: true
09:46:37.275 [FXGL Background Thread 3 ] DEBUG Engine               - isExperimentalTiledLargeMap: false
09:46:37.275 [FXGL Background Thread 3 ] DEBUG Engine               - isFileSystemWriteAllowed: true
09:46:37.275 [FXGL Background Thread 3 ] DEBUG Engine               - isFullScreenAllowed: false
09:46:37.275 [FXGL Background Thread 3 ] DEBUG Engine               - isFullScreenFromStart: false
09:46:37.277 [FXGL Background Thread 3 ] DEBUG Engine               - isGameMenuEnabled: true
09:46:37.277 [FXGL Background Thread 3 ] DEBUG Engine               - isIOS: false
09:46:37.277 [FXGL Background Thread 3 ] DEBUG Engine               - isIntroEnabled: false
09:46:37.277 [FXGL Background Thread 3 ] DEBUG Engine               - isLinux: false
09:46:37.278 [FXGL Background Thread 3 ] DEBUG Engine               - isMac: false
09:46:37.280 [FXGL Background Thread 3 ] DEBUG Engine               - isMainMenuEnabled: true
09:46:37.280 [FXGL Background Thread 3 ] DEBUG Engine               - isManualResizeEnabled: false
09:46:37.280 [FXGL Background Thread 3 ] DEBUG Engine               - isMobile: false
09:46:37.280 [FXGL Background Thread 3 ] DEBUG Engine               - isNative: false
09:46:37.280 [FXGL Background Thread 3 ] DEBUG Engine               - isPauseMusicWhenMinimized: true
09:46:37.280 [FXGL Background Thread 3 ] DEBUG Engine               - isPreserveResizeRatio: false
09:46:37.280 [FXGL Background Thread 3 ] DEBUG Engine               - isProfilingEnabled: false
09:46:37.280 [FXGL Background Thread 3 ] DEBUG Engine               - isScaleAffectedOnResize: true
09:46:37.280 [FXGL Background Thread 3 ] DEBUG Engine               - isSingleStep: false
09:46:37.280 [FXGL Background Thread 3 ] DEBUG Engine               - isUserProfileEnabled: false
09:46:37.280 [FXGL Background Thread 3 ] DEBUG Engine               - isWindows: true
09:46:37.280 [FXGL Background Thread 3 ] DEBUG Engine               - language: ObjectProperty [value: ENGLISH]
09:46:37.280 [FXGL Background Thread 3 ] DEBUG Engine               - menuKey: ESCAPE
09:46:37.281 [FXGL Background Thread 3 ] DEBUG Engine               - mouseSensitivity: 0.2
09:46:37.281 [FXGL Background Thread 3 ] DEBUG Engine               - notificationViewClass: class com.almasb.fxgl.notification.view.XboxNotificationView
09:46:37.281 [FXGL Background Thread 3 ] DEBUG Engine               - pixelsPerMeter: 50.0
09:46:37.281 [FXGL Background Thread 3 ] DEBUG Engine               - platform: WINDOWS
09:46:37.281 [FXGL Background Thread 3 ] DEBUG Engine               - prefHeightProperty: ReadOnlyDoubleProperty [value: 720.0]
09:46:37.281 [FXGL Background Thread 3 ] DEBUG Engine               - prefWidthProperty: ReadOnlyDoubleProperty [value: 720.0]
09:46:37.281 [FXGL Background Thread 3 ] DEBUG Engine               - profileDir: profiles/
09:46:37.281 [FXGL Background Thread 3 ] DEBUG Engine               - profileName: StringProperty [value: DEFAULT]
09:46:37.281 [FXGL Background Thread 3 ] DEBUG Engine               - randomSeed: -1
09:46:37.282 [FXGL Background Thread 3 ] DEBUG Engine               - runtimeInfo: RuntimeInfo(platform=WINDOWS, version=17.3, build=30.03.2023 11.49)
09:46:37.282 [FXGL Background Thread 3 ] DEBUG Engine               - saveFileExt: sav
09:46:37.282 [FXGL Background Thread 3 ] DEBUG Engine               - scaledHeightProp$fxgl: DoubleProperty [bound, value: 720.0]
09:46:37.282 [FXGL Background Thread 3 ] DEBUG Engine               - scaledWidthProp$fxgl: DoubleProperty [bound, value: 720.0]
09:46:37.282 [FXGL Background Thread 3 ] DEBUG Engine               - sceneFactory: com.example.flat2d.GameApp$1@7ccb0d32
09:46:37.282 [FXGL Background Thread 3 ] DEBUG Engine               - secondsIn24h: 60
09:46:37.282 [FXGL Background Thread 3 ] DEBUG Engine               - soundMenuBack: menu/back.wav
09:46:37.282 [FXGL Background Thread 3 ] DEBUG Engine               - soundMenuPress: menu/press.wav
09:46:37.283 [FXGL Background Thread 3 ] DEBUG Engine               - soundMenuSelect: menu/select.wav
09:46:37.283 [FXGL Background Thread 3 ] DEBUG Engine               - soundNotification: core/notification.wav
09:46:37.283 [FXGL Background Thread 3 ] DEBUG Engine               - stageStyle: DECORATED
09:46:37.283 [FXGL Background Thread 3 ] DEBUG Engine               - supportedLanguages: [ENGLISH, FRENCH, GERMAN, HUNGARIAN, RUSSIAN]
09:46:37.283 [FXGL Background Thread 3 ] DEBUG Engine               - ticksPerSecond: -1
09:46:37.283 [FXGL Background Thread 3 ] DEBUG Engine               - title: Adventures of Sir Vim Zarado
09:46:37.283 [FXGL Background Thread 3 ] DEBUG Engine               - urlGithub: https://github.com/AlmasB/FXGL
09:46:37.283 [FXGL Background Thread 3 ] DEBUG Engine               - urlLeaderboard: http://fxgl-top.herokuapp.com/
09:46:37.284 [FXGL Background Thread 3 ] DEBUG Engine               - urlPOM: https://raw.githubusercontent.com/AlmasB/FXGL/release/README.md
09:46:37.284 [FXGL Background Thread 3 ] DEBUG Engine               - userAppClass: class com.example.flat2d.GameApp
09:46:37.284 [FXGL Background Thread 3 ] DEBUG Engine               - version: 0.0
09:46:37.284 [FXGL Background Thread 3 ] DEBUG Engine               - versionCheckDays: 7
09:46:37.284 [FXGL Background Thread 3 ] DEBUG Engine               - width: 720
09:46:37.285 [FXGL Background Thread 3 ] DEBUG Engine               - Logging services
09:46:37.285 [FXGL Background Thread 3 ] DEBUG Engine               - class com.almasb.fxgl.app.services.FXGLAssetLoaderService
09:46:37.285 [FXGL Background Thread 3 ] DEBUG Engine               - class com.almasb.fxgl.app.FXGLApplication$GameApplicationService
09:46:37.285 [FXGL Background Thread 3 ] DEBUG Engine               - class com.almasb.fxgl.app.services.FXGLDialogService
09:46:37.285 [FXGL Background Thread 3 ] DEBUG Engine               - class com.almasb.fxgl.app.services.IOTaskExecutorService
09:46:37.285 [FXGL Background Thread 3 ] DEBUG Engine               - class com.almasb.fxgl.io.FileSystemService
09:46:37.285 [FXGL Background Thread 3 ] DEBUG Engine               - class com.almasb.fxgl.localization.LocalizationService
09:46:37.285 [FXGL Background Thread 3 ] DEBUG Engine               - class com.almasb.fxgl.app.services.SystemBundleService
09:46:37.285 [FXGL Background Thread 3 ] DEBUG Engine               - class com.almasb.fxgl.profile.SaveLoadService
09:46:37.285 [FXGL Background Thread 3 ] DEBUG Engine               - class com.almasb.fxgl.ui.FXGLUIFactoryServiceProvider
09:46:37.285 [FXGL Background Thread 3 ] DEBUG Engine               - class com.almasb.fxgl.ui.FXGLDialogFactoryServiceProvider
09:46:37.285 [FXGL Background Thread 3 ] DEBUG Engine               - class com.almasb.fxgl.audio.AudioPlayer
09:46:37.285 [FXGL Background Thread 3 ] DEBUG Engine               - class com.almasb.fxgl.notification.impl.NotificationServiceProvider
09:46:37.286 [FXGL Background Thread 3 ] DEBUG Engine               - class com.almasb.fxgl.achievement.AchievementService
09:46:37.286 [FXGL Background Thread 3 ] DEBUG Engine               - class com.almasb.fxgl.cutscene.CutsceneService
09:46:37.286 [FXGL Background Thread 3 ] DEBUG Engine               - class com.almasb.fxgl.minigames.MiniGameService
09:46:37.286 [FXGL Background Thread 3 ] DEBUG Engine               - class com.almasb.fxgl.net.NetService
09:46:37.286 [FXGL Background Thread 3 ] DEBUG Engine               - class com.almasb.fxgl.app.services.UpdaterService
09:46:37.286 [FXGL Background Thread 3 ] DEBUG Engine               - class com.almasb.fxgl.dev.DevService
09:46:39.611 [JavaFX Application Thread] DEBUG AudioPlayer          - Stopping music com.almasb.fxgl.audio.Music@3b2d033f
09:46:39.612 [JavaFX Application Thread] DEBUG FXGLAssetLoaderServi - Loading from file system: file:/C:/Users/USER/IdeaProjects/CSIT228-F3-Finals/target/classes/assets/music/game-music.mp3
09:46:39.615 [JavaFX Application Thread] DEBUG AudioPlayer          - Playing music com.almasb.fxgl.audio.Music@2403f3ef
09:46:39.615 [JavaFX Application Thread] DEBUG Menu                 - fireNewGame()
09:46:39.615 [JavaFX Application Thread] DEBUG GameApplicationServi - Starting new game
09:46:39.615 [JavaFX Application Thread] DEBUG PrimaryStageWindow   - Pop state: GameMainMenu
09:46:39.615 [JavaFX Application Thread] DEBUG Input                - Clearing active input actions
09:46:39.616 [JavaFX Application Thread] DEBUG GameApplicationServi - Removing overlay from GameMainMenu and adding to FXGLMainMenuDummyScene
09:46:39.618 [JavaFX Application Thread] DEBUG PrimaryStageWindow   - FXGLMainMenuDummyScene <- GameMainMenu
09:46:39.618 [JavaFX Application Thread] DEBUG Input                - Clearing active input actions
09:46:39.630 [JavaFX Application Thread] DEBUG GameApplicationServi - Removing overlay from FXGLMainMenuDummyScene and adding to FXGLLoadingScene
09:46:39.631 [JavaFX Application Thread] DEBUG PrimaryStageWindow   - FXGLMainMenuDummyScene -> FXGLLoadingScene
09:46:39.631 [JavaFX Application Thread] DEBUG GameApplicationServi - Clearing previous game
09:46:39.631 [JavaFX Application Thread] DEBUG GameScene            - Clearing game scene
09:46:39.631 [JavaFX Application Thread] DEBUG GameWorld            - Clearing game world
09:46:39.631 [JavaFX Application Thread] DEBUG PhysicsWorld         - Clearing physics world
09:46:39.633 [FXGL Background Thread 2 ] DEBUG FXGLApplication      - Initializing game
09:46:39.708 [FXGL Background Thread 2 ] WARN  TMXLevelLoader       - TiledMap generated from 1.10.2. Supported version: 1.9.0. Some features may not be parsed fully.
09:46:39.776 [FXGL Background Thread 2 ] DEBUG TMXLevelLoader       - Parsed TiledMap: file:/C:/Users/USER/IdeaProjects/CSIT228-F3-Finals/target/classes/assets/levels/tmx/2DGameTiledMap.tmx
09:46:39.780 [FXGL Background Thread 2 ] DEBUG TMXLevelLoader       - Creating tile layer entities
09:46:39.783 [FXGL Background Thread 2 ] DEBUG TilesetLoader        - Loading view for layer floor
09:46:39.785 [FXGL Background Thread 2 ] DEBUG TilesetLoader        - Created buffer with size 2304.0x2304.0
09:46:39.905 [FXGL Background Thread 2 ] DEBUG TilesetLoader        - Loading view for layer stuff
09:46:39.913 [FXGL Background Thread 2 ] DEBUG TilesetLoader        - Created buffer with size 2304.0x2304.0
09:46:39.927 [FXGL Background Thread 2 ] DEBUG TilesetLoader        - Loading view for layer decor
09:46:39.943 [FXGL Background Thread 2 ] DEBUG TilesetLoader        - Created buffer with size 2304.0x2304.0
09:46:39.952 [FXGL Background Thread 2 ] DEBUG TilesetLoader        - Loading view for layer more
09:46:39.965 [FXGL Background Thread 2 ] DEBUG TilesetLoader        - Created buffer with size 2304.0x2304.0
09:46:39.967 [FXGL Background Thread 2 ] DEBUG TMXLevelLoader       - Creating object layer entities
09:46:40.018 [FXGL Background Thread 2 ] DEBUG FXGLAssetLoaderServi - Loading from file system: file:/C:/Users/USER/IdeaProjects/CSIT228-F3-Finals/target/classes/assets/textures/background/torch.gif
09:46:40.092 [FXGL Background Thread 2 ] DEBUG FXGLAssetLoaderServi - Loading from file system: file:/C:/Users/USER/IdeaProjects/CSIT228-F3-Finals/target/classes/assets/textures/background/eyes-hole.gif
09:46:40.166 [FXGL Background Thread 2 ] DEBUG GameWorld            - Clearing removable entities
09:46:40.167 [FXGL Background Thread 2 ] DEBUG GameWorld            - Setting level: com.almasb.fxgl.entity.level.Level@353b8b24
09:46:40.180 [FXGL Background Thread 2 ] DEBUG FXGLAssetLoaderServi - Loading from file system: file:/C:/Users/USER/IdeaProjects/CSIT228-F3-Finals/target/classes/assets/textures/player/lecatmoves.png
09:46:40.181 [FXGL Background Thread 2 ] DEBUG FXGLAssetLoaderServi - Loading from file system: file:/C:/Users/USER/IdeaProjects/CSIT228-F3-Finals/target/classes/assets/textures/player/CatOne.png
09:46:40.182 [FXGL Background Thread 2 ] DEBUG FXGLAssetLoaderServi - Loading from file system: file:/C:/Users/USER/IdeaProjects/CSIT228-F3-Finals/target/classes/assets/textures/player/CatThree.png
09:46:40.183 [FXGL Background Thread 2 ] DEBUG FXGLAssetLoaderServi - Loading from file system: file:/C:/Users/USER/IdeaProjects/CSIT228-F3-Finals/target/classes/assets/textures/player/CatFour.png
09:46:40.209 [FXGL Background Thread 2 ] INFO  FXGLApplication      - Game initialization took: 0.576 sec
09:46:40.222 [JavaFX Application Thread] DEBUG Input                - Clearing active input actions
09:46:40.234 [JavaFX Application Thread] DEBUG GameApplicationServi - Removing overlay from FXGLLoadingScene and adding to GameScene
09:46:40.242 [JavaFX Application Thread] DEBUG PrimaryStageWindow   - FXGLLoadingScene -> GameScene
09:46:41.251 [JavaFX Application Thread] DEBUG FXGLAssetLoaderServi - Loading from file system: file:/C:/Users/USER/IdeaProjects/CSIT228-F3-Finals/target/classes/assets/textures/skill/spr_bullet_strip.png
09:46:42.674 [JavaFX Application Thread] DEBUG FXGLAssetLoaderServi - Loading from file system: file:/C:/Users/USER/IdeaProjects/CSIT228-F3-Finals/target/classes/assets/textures/basic/FrontWalk1.png
09:46:42.678 [JavaFX Application Thread] DEBUG FXGLAssetLoaderServi - Loading from file system: file:/C:/Users/USER/IdeaProjects/CSIT228-F3-Finals/target/classes/assets/textures/basic/FrontDead1.png
09:46:42.680 [JavaFX Application Thread] DEBUG FXGLAssetLoaderServi - Loading from file system: file:/C:/Users/USER/IdeaProjects/CSIT228-F3-Finals/target/classes/assets/textures/basic/FrontAttack1.png
09:46:49.234 [JavaFX Application Thread] DEBUG FXGLAssetLoaderServi - Loading from file system: file:/C:/Users/USER/IdeaProjects/CSIT228-F3-Finals/target/classes/assets/textures/background/Small.gif
09:46:49.247 [JavaFX Application Thread] DEBUG FXGLAssetLoaderServi - Loading from file system: file:/C:/Users/USER/IdeaProjects/CSIT228-F3-Finals/target/classes/assets/sounds/enemy-death2.wav
09:46:50.032 [JavaFX Application Thread] DEBUG FXGLAssetLoaderServi - Loading from file system: file:/C:/Users/USER/IdeaProjects/CSIT228-F3-Finals/target/classes/assets/textures/background/Large.gif
09:46:56.320 [JavaFX Application Thread] DEBUG FXGLAssetLoaderServi - Loading from file system: file:/C:/Users/USER/IdeaProjects/CSIT228-F3-Finals/target/classes/assets/textures/background/Medium.gif
09:46:59.520 [JavaFX Application Thread] DEBUG FXGLAssetLoaderServi - Loading from file system: file:/C:/Users/USER/IdeaProjects/CSIT228-F3-Finals/target/classes/assets/sounds/level-up-sfx.wav
09:46:59.528 [JavaFX Application Thread] DEBUG FXGLAssetLoaderServi - Loading from file system: file:/C:/Users/USER/IdeaProjects/CSIT228-F3-Finals/target/classes/assets/textures/skills-icon/1%20-%20Oratrice.png
09:46:59.533 [JavaFX Application Thread] DEBUG FXGLAssetLoaderServi - Loading from file system: file:/C:/Users/USER/IdeaProjects/CSIT228-F3-Finals/target/classes/assets/textures/background/skill-icon-bg.png
09:46:59.562 [JavaFX Application Thread] DEBUG FXGLAssetLoaderServi - Loading from file system: file:/C:/Users/USER/IdeaProjects/CSIT228-F3-Finals/target/classes/assets/textures/skills-icon/3%20-%20Stack.png
09:46:59.565 [JavaFX Application Thread] DEBUG FXGLAssetLoaderServi - Loading from file system: file:/C:/Users/USER/IdeaProjects/CSIT228-F3-Finals/target/classes/assets/textures/skills-icon/4%20-%20Queue.png
09:47:00.662 [JavaFX Application Thread] DEBUG FXGLAssetLoaderServi - Loading from file system: file:/C:/Users/USER/IdeaProjects/CSIT228-F3-Finals/target/classes/assets/textures/background/skill-acquired.gif
09:47:02.208 [JavaFX Application Thread] DEBUG FXGLAssetLoaderServi - Loading from file system: file:/C:/Users/USER/IdeaProjects/CSIT228-F3-Finals/target/classes/assets/textures/skill/stack-asset.png
09:47:05.118 [JavaFX Application Thread] DEBUG FXGLAssetLoaderServi - Loading from file system: file:/C:/Users/USER/IdeaProjects/CSIT228-F3-Finals/target/classes/assets/textures/bomb/bomb_character_o_walk.png
09:47:05.121 [JavaFX Application Thread] DEBUG FXGLAssetLoaderServi - Loading from file system: file:/C:/Users/USER/IdeaProjects/CSIT228-F3-Finals/target/classes/assets/textures/bomb/bomb_character_o_explode.png
09:47:07.680 [JavaFX Application Thread] DEBUG FXGLAssetLoaderServi - Loading from file system: file:/C:/Users/USER/IdeaProjects/CSIT228-F3-Finals/target/classes/assets/textures/background/burn.gif
09:47:12.879 [JavaFX Application Thread] DEBUG FXGLAssetLoaderServi - Loading from file system: file:/C:/Users/USER/IdeaProjects/CSIT228-F3-Finals/target/classes/assets/textures/skill/water_cannon-Sheet.png
09:47:17.758 [JavaFX Application Thread] DEBUG FXGLAssetLoaderServi - Loading from file system: file:/C:/Users/USER/IdeaProjects/CSIT228-F3-Finals/target/classes/assets/textures/background/get-all-exp.gif
09:47:17.761 [JavaFX Application Thread] WARN  Entity               - Entity already has component: com.almasb.fxgl.entity.components.CollidableComponent
09:47:22.099 [JavaFX Application Thread] DEBUG FXGLAssetLoaderServi - Loading from file system: file:/C:/Users/USER/IdeaProjects/CSIT228-F3-Finals/target/classes/assets/textures/skills-icon/2%20-%20Cool%20and%20Normal.png
09:47:25.136 [JavaFX Application Thread] DEBUG FXGLAssetLoaderServi - Loading from file system: file:/C:/Users/USER/IdeaProjects/CSIT228-F3-Finals/target/classes/assets/textures/blocker/WalkShield1.png
09:47:25.139 [JavaFX Application Thread] DEBUG FXGLAssetLoaderServi - Loading from file system: file:/C:/Users/USER/IdeaProjects/CSIT228-F3-Finals/target/classes/assets/textures/blocker/DeadShield1.png
09:47:26.937 [JavaFX Application Thread] DEBUG PrimaryStageWindow   - Push state: FXGLDefaultMenu
09:47:26.940 [JavaFX Application Thread] DEBUG Input                - Clearing active input actions
09:47:26.941 [JavaFX Application Thread] DEBUG GameApplicationServi - Removing overlay from GameScene and adding to FXGLDefaultMenu
09:47:26.944 [JavaFX Application Thread] DEBUG PrimaryStageWindow   - GameScene -> FXGLDefaultMenu
09:47:31.255 [JavaFX Application Thread] DEBUG PrimaryStageWindow   - Pop state: FXGLDefaultMenu
09:47:31.255 [JavaFX Application Thread] DEBUG Input                - Clearing active input actions
09:47:31.256 [JavaFX Application Thread] DEBUG GameApplicationServi - Removing overlay from FXGLDefaultMenu and adding to GameScene
09:47:31.257 [JavaFX Application Thread] DEBUG PrimaryStageWindow   - GameScene <- FXGLDefaultMenu
09:47:31.421 [JavaFX Application Thread] DEBUG PrimaryStageWindow   - Push state: FXGLDefaultMenu
09:47:31.421 [JavaFX Application Thread] DEBUG Input                - Clearing active input actions
09:47:31.423 [JavaFX Application Thread] DEBUG GameApplicationServi - Removing overlay from GameScene and adding to FXGLDefaultMenu
09:47:31.424 [JavaFX Application Thread] DEBUG PrimaryStageWindow   - GameScene -> FXGLDefaultMenu
09:47:33.870 [JavaFX Application Thread] DEBUG PrimaryStageWindow   - Pop state: FXGLDefaultMenu
09:47:33.870 [JavaFX Application Thread] DEBUG Input                - Clearing active input actions
09:47:33.871 [JavaFX Application Thread] DEBUG GameApplicationServi - Removing overlay from FXGLDefaultMenu and adding to GameScene
09:47:33.872 [JavaFX Application Thread] DEBUG PrimaryStageWindow   - GameScene <- FXGLDefaultMenu
09:47:34.359 [JavaFX Application Thread] DEBUG PrimaryStageWindow   - Push state: FXGLDefaultMenu
09:47:34.359 [JavaFX Application Thread] DEBUG Input                - Clearing active input actions
09:47:34.360 [JavaFX Application Thread] DEBUG GameApplicationServi - Removing overlay from GameScene and adding to FXGLDefaultMenu
09:47:34.361 [JavaFX Application Thread] DEBUG PrimaryStageWindow   - GameScene -> FXGLDefaultMenu
09:47:35.087 [JavaFX Application Thread] DEBUG PrimaryStageWindow   - Pop state: FXGLDefaultMenu
09:47:35.087 [JavaFX Application Thread] DEBUG Input                - Clearing active input actions
09:47:35.087 [JavaFX Application Thread] DEBUG GameApplicationServi - Removing overlay from FXGLDefaultMenu and adding to GameScene
09:47:35.090 [JavaFX Application Thread] DEBUG PrimaryStageWindow   - GameScene <- FXGLDefaultMenu
09:47:36.687 [JavaFX Application Thread] DEBUG FXGLAssetLoaderServi - Loading from file system: file:/C:/Users/USER/IdeaProjects/CSIT228-F3-Finals/target/classes/assets/textures/skill/OhTenTacles---315-x-250.png
09:47:36.735 [JavaFX Application Thread] DEBUG FXGLAssetLoaderServi - Loading from file system: file:/C:/Users/USER/IdeaProjects/CSIT228-F3-Finals/target/classes/assets/textures/skill/Hode-Normal.png
09:47:38.473 [JavaFX Application Thread] DEBUG PrimaryStageWindow   - Push state: FXGLDefaultMenu
09:47:38.473 [JavaFX Application Thread] DEBUG Input                - Clearing active input actions
09:47:38.474 [JavaFX Application Thread] DEBUG GameApplicationServi - Removing overlay from GameScene and adding to FXGLDefaultMenu
09:47:38.474 [JavaFX Application Thread] DEBUG PrimaryStageWindow   - GameScene -> FXGLDefaultMenu
09:47:40.421 [JavaFX Application Thread] DEBUG PrimaryStageWindow   - Pop state: FXGLDefaultMenu
09:47:40.421 [JavaFX Application Thread] DEBUG Input                - Clearing active input actions
09:47:40.422 [JavaFX Application Thread] DEBUG GameApplicationServi - Removing overlay from FXGLDefaultMenu and adding to GameScene
09:47:40.423 [JavaFX Application Thread] DEBUG PrimaryStageWindow   - GameScene <- FXGLDefaultMenu
09:47:46.733 [JavaFX Application Thread] DEBUG PrimaryStageWindow   - Push state: FXGLDefaultMenu
09:47:46.733 [JavaFX Application Thread] DEBUG Input                - Clearing active input actions
09:47:46.734 [JavaFX Application Thread] DEBUG GameApplicationServi - Removing overlay from GameScene and adding to FXGLDefaultMenu
09:47:46.734 [JavaFX Application Thread] DEBUG PrimaryStageWindow   - GameScene -> FXGLDefaultMenu
09:47:54.702 [JavaFX Application Thread] DEBUG PrimaryStageWindow   - Pop state: FXGLDefaultMenu
09:47:54.702 [JavaFX Application Thread] DEBUG Input                - Clearing active input actions
09:47:54.703 [JavaFX Application Thread] DEBUG GameApplicationServi - Removing overlay from FXGLDefaultMenu and adding to GameScene
09:47:54.705 [JavaFX Application Thread] DEBUG PrimaryStageWindow   - GameScene <- FXGLDefaultMenu
09:47:56.790 [JavaFX Application Thread] DEBUG PrimaryStageWindow   - Push state: FXGLDefaultMenu
09:47:56.790 [JavaFX Application Thread] DEBUG Input                - Clearing active input actions
09:47:56.790 [JavaFX Application Thread] DEBUG GameApplicationServi - Removing overlay from GameScene and adding to FXGLDefaultMenu
09:47:56.791 [JavaFX Application Thread] DEBUG PrimaryStageWindow   - GameScene -> FXGLDefaultMenu
09:47:57.774 [JavaFX Application Thread] DEBUG FXGLApplication      - Exiting FXGL
09:47:57.774 [JavaFX Application Thread] DEBUG LoopRunner           - Stopping loop
09:47:57.774 [JavaFX Application Thread] DEBUG SystemBundleService  - Saving FXGL system data
09:47:57.776 [JavaFX Application Thread] DEBUG FileSystemAccess     - Writing to: C:\Users\USER\IdeaProjects\CSIT228-F3-Finals\system\fxgl.bundle
09:47:57.778 [JavaFX Application Thread] DEBUG Async                - Shutting down background threads
09:47:57.778 [JavaFX Application Thread] DEBUG PrimaryStageWindow   - Closing main window
09:47:57.792 [JavaFX Application Thread] DEBUG Logger               - Closing Logger
