03:47:00.566 [main                     ] DEBUG Logger               - Configured Logger
03:47:00.587 [main                     ] DEBUG GameApplication      - Logging settings
Title: Adventures of Sir Vim Zarado
Version: 0.0
Width: 720
Height: 720
Fullscreen: false
Intro: false
Profiling: false
Single step:false
App Mode: DEVELOPER
Menu Key: ESCAPE
Stage Style: DECORATED
Scene Factory: class com.example.flat2d.GameApp$1

03:47:00.969 [JavaFX Application Thread] DEBUG FXGLApplication      - Initializing FXGL
03:47:00.974 [JavaFX Application Thread] INFO  Engine               - FXGL-17.3 (30.03.2023 11.49) on WINDOWS (J:21.0.3 FX:21)
03:47:00.975 [JavaFX Application Thread] DEBUG Engine               - JRE Vendor Name: Amazon.com Inc.
03:47:00.975 [JavaFX Application Thread] DEBUG Engine               - Running on OS: Windows 10 version 10.0
03:47:00.975 [JavaFX Application Thread] DEBUG Engine               - Architecture: amd64
03:47:00.975 [JavaFX Application Thread] INFO  Engine               - Source code and latest versions at: https://github.com/AlmasB/FXGL
03:47:00.976 [JavaFX Application Thread] INFO  Engine               -       Ask questions and discuss at: https://github.com/AlmasB/FXGL/discussions
03:47:00.976 [JavaFX Application Thread] INFO  Engine               -              Join the FXGL chat at: https://gitter.im/AlmasB/FXGL
03:47:01.074 [JavaFX Application Thread] DEBUG PrimaryStageWindow   - Creating a JavaFX scene
03:47:01.129 [JavaFX Application Thread] DEBUG PrimaryStageWindow   - Target settings size: 720.0 x 720.0
03:47:01.130 [JavaFX Application Thread] DEBUG PrimaryStageWindow   - Scaled scene size:    720.0 x 720.0
03:47:01.130 [JavaFX Application Thread] DEBUG PrimaryStageWindow   - Scaled ratio: (1.0, 1.0)
03:47:01.131 [JavaFX Application Thread] DEBUG PrimaryStageWindow   - Set initial scene to FXGLStartupScene
03:47:01.135 [JavaFX Application Thread] DEBUG PrimaryStageWindow   - Opening main window
03:47:01.224 [JavaFX Application Thread] DEBUG PrimaryStageWindow   - Window border size: (16.0, 39.0)
03:47:01.224 [JavaFX Application Thread] DEBUG PrimaryStageWindow   - Scaled size: 720.0 x 720.0
03:47:01.225 [JavaFX Application Thread] DEBUG PrimaryStageWindow   - Scaled ratio: (1.0, 1.0)
03:47:01.225 [JavaFX Application Thread] DEBUG PrimaryStageWindow   - Scene size: 720.0 x 720.0
03:47:01.225 [JavaFX Application Thread] DEBUG PrimaryStageWindow   - Stage size: 736.0 x 759.0
03:47:01.238 [FXGL Background Thread 1 ] DEBUG Engine               - Initializing environment variables
03:47:01.292 [FXGL Background Thread 1 ] DEBUG FXGLAssetLoaderServi - User app class for loading assets: class com.example.flat2d.GameApp
03:47:01.293 [FXGL Background Thread 1 ] DEBUG GameApplicationServi - Applying CSS: fxgl_dark.css
03:47:01.294 [FXGL Background Thread 1 ] DEBUG FXGLAssetLoaderServi - Loading from file system: jar:file:///C:/Users/User/.m2/repository/com/github/almasb/fxgl/17.3/fxgl-17.3.jar!/fxglassets/ui/css/fxgl_dark.css
03:47:01.344 [FXGL Background Thread 1 ] DEBUG GameApplicationServi - Initializing application scenes
03:47:01.429 [FXGL Background Thread 1 ] DEBUG GameWorld            - Game world initialized
03:47:01.487 [FXGL Background Thread 1 ] DEBUG PhysicsWorld         - Physics world initialized: appHeight=720, physics.ppm=50.0
03:47:01.487 [FXGL Background Thread 1 ] DEBUG PhysicsWorld         - Using strategy: BRUTE_FORCE
03:47:01.491 [FXGL Background Thread 1 ] DEBUG GameScene            - Game scene initialized: 720x720
03:47:01.494 [FXGL Background Thread 1 ] DEBUG FXGLAssetLoaderServi - Loading from file system: file:/C:/Users/User/IdeaProjects/CSIT228-F3-Finals/target/classes/assets/textures/background/main-screen.jpg
03:47:01.572 [FXGL Background Thread 1 ] DEBUG FXGLAssetLoaderServi - Loading from file system: file:/C:/Users/User/IdeaProjects/CSIT228-F3-Finals/target/classes/assets/textures/profile-pic.jpg
03:47:01.584 [FXGL Background Thread 1 ] WARN  FXGL.DefaultMenu     - FXGLDefaultMenu is not designed for resolutions < 800x600
03:47:01.585 [FXGL Background Thread 1 ] DEBUG FXGL.DefaultMenu     - createMenuBodyGameMenu()
03:47:01.599 [FXGL Background Thread 1 ] DEBUG FXGL.DefaultMenu     - createOptionsMenu()
03:47:01.606 [FXGL Background Thread 1 ] DEBUG FXGLAssetLoaderServi - Loading from file system: jar:file:///C:/Users/User/.m2/repository/com/github/almasb/fxgl/17.3/fxgl-17.3.jar!/fxglassets/textures/particles/smoke.png
03:47:01.685 [FXGL Background Thread 1 ] DEBUG FXGLAssetLoaderServi - Loading from file system: jar:file:///C:/Users/User/.m2/repository/com/github/almasb/fxgl/17.3/fxgl-17.3.jar!/fxglassets/textures/particles/trace_horizontal.png
03:47:01.707 [FXGL Background Thread 1 ] DEBUG GameApplicationServi - Application scenes initialized
03:47:01.719 [FXGL Background Thread 1 ] DEBUG SystemBundleService  - Loading FXGL system data
03:47:01.724 [FXGL Background Thread 1 ] DEBUG FileSystemAccess     - Reading from: C:\Users\User\IdeaProjects\CSIT228-F3-Finals\system\fxgl.bundle
03:47:01.735 [FXGL Background Thread 1 ] DEBUG SystemBundleService  - Bundle FXGL: {}
03:47:01.735 [FXGL Background Thread 1 ] DEBUG UpdaterService       - Checking for updates
03:47:01.761 [FXGL Background Thread 1 ] DEBUG FXGLApplication      - Loading default localization
03:47:01.762 [FXGL Background Thread 1 ] DEBUG FXGLAssetLoaderServi - Loading from file system: jar:file:///C:/Users/User/.m2/repository/com/github/almasb/fxgl/17.3/fxgl-17.3.jar!/fxglassets/languages/english.lang
03:47:01.771 [FXGL Background Thread 4 ] DEBUG FXGLApplication      - Loading fonts
03:47:01.773 [FXGL Background Thread 4 ] DEBUG FXGLAssetLoaderServi - Loading from file system: jar:file:///C:/Users/User/.m2/repository/com/github/almasb/fxgl/17.3/fxgl-17.3.jar!/fxglassets/ui/fonts/VarelaRound-Regular.ttf
03:47:01.784 [FXGL Background Thread 1 ] INFO  FXGLApplication      - FXGL initialization took: 0.546 sec
03:47:01.793 [JavaFX Application Thread] DEBUG Input                - Registered new binding: Up - W
03:47:01.793 [JavaFX Application Thread] DEBUG Input                - Registered new binding: Right - D
03:47:01.794 [JavaFX Application Thread] DEBUG Input                - Registered new binding: Left - A
03:47:01.794 [JavaFX Application Thread] DEBUG Input                - Registered new binding: Down - S
03:47:01.795 [JavaFX Application Thread] DEBUG Input                - Registered new binding: IDK - RMB
03:47:01.796 [JavaFX Application Thread] DEBUG FXGLAssetLoaderServi - Loading from file system: file:/C:/Users/User/IdeaProjects/CSIT228-F3-Finals/target/classes/assets/music/opening.mp3
03:47:01.884 [FXGL Background Thread 4 ] DEBUG FXGLAssetLoaderServi - Loading from file system: jar:file:///C:/Users/User/.m2/repository/com/github/almasb/fxgl/17.3/fxgl-17.3.jar!/fxglassets/ui/fonts/Abel-Regular.ttf
03:47:01.909 [FXGL Background Thread 4 ] DEBUG FXGLAssetLoaderServi - Loading from file system: jar:file:///C:/Users/User/.m2/repository/com/github/almasb/fxgl/17.3/fxgl-17.3.jar!/fxglassets/ui/fonts/TerminalLandMono-Regular.otf
03:47:01.933 [FXGL Background Thread 4 ] DEBUG FXGLAssetLoaderServi - Loading from file system: jar:file:///C:/Users/User/.m2/repository/com/github/almasb/fxgl/17.3/fxgl-17.3.jar!/fxglassets/ui/fonts/Courier-Prime.ttf
03:47:02.066 [JavaFX Application Thread] DEBUG AudioPlayer          - Playing music com.almasb.fxgl.audio.Music@7ab98bed
03:47:02.070 [JavaFX Application Thread] DEBUG FXGLAssetLoaderServi - Loading from file system: jar:file:///C:/Users/User/.m2/repository/com/github/almasb/fxgl/17.3/fxgl-17.3.jar!/fxglassets/textures/fxgl_icon.png
03:47:02.140 [JavaFX Application Thread] DEBUG FXGLAssetLoaderServi - Loading from file system: jar:file:///C:/Users/User/.m2/repository/com/github/almasb/fxgl/17.3/fxgl-17.3.jar!/fxglassets/textures/fxgl_default_cursor.png
03:47:02.142 [JavaFX Application Thread] DEBUG Input                - Registered new binding: Screenshot - CTRL+8
03:47:02.142 [JavaFX Application Thread] DEBUG Input                - Registered new binding: Dev Options - 1
03:47:02.143 [JavaFX Application Thread] DEBUG Input                - Registered new binding: Dev Console - 2
03:47:02.143 [JavaFX Application Thread] DEBUG Input                - Registered new binding: System info dump - CTRL+9
03:47:02.144 [JavaFX Application Thread] DEBUG Input                - Registered new binding: Restart - CTRL+R
03:47:02.144 [JavaFX Application Thread] DEBUG Input                - Registered new binding: Toggle Debug Camera - CTRL+7
03:47:02.147 [JavaFX Application Thread] DEBUG LoopRunner           - Starting loop
03:47:02.154 [JavaFX Application Thread] DEBUG LoopRunner           - Initializing JavaFX AnimationTimerLoop
03:47:02.156 [JavaFX Application Thread] DEBUG Input                - Clearing active input actions
03:47:02.169 [JavaFX Application Thread] DEBUG GameApplicationServi - Removing overlay from FXGLStartupScene and adding to FXGLMainMenuDummyScene
03:47:02.173 [JavaFX Application Thread] DEBUG PrimaryStageWindow   - FXGLStartupScene -> FXGLMainMenuDummyScene
03:47:02.173 [JavaFX Application Thread] DEBUG PrimaryStageWindow   - Push state: GameMainMenu
03:47:02.173 [JavaFX Application Thread] DEBUG Input                - Clearing active input actions
03:47:02.179 [JavaFX Application Thread] DEBUG GameApplicationServi - Removing overlay from FXGLMainMenuDummyScene and adding to GameMainMenu
03:47:02.180 [JavaFX Application Thread] DEBUG PrimaryStageWindow   - FXGLMainMenuDummyScene -> GameMainMenu
03:47:02.188 [JavaFX Application Thread] DEBUG FXGLApplication      - Registering font factories with UI factory
03:47:02.378 [FXGL Background Thread 2 ] INFO  UpdaterService       - Your current version:  17.3
03:47:02.378 [FXGL Background Thread 2 ] INFO  UpdaterService       - Latest stable version: 21.1
03:47:04.096 [JavaFX Application Thread] DEBUG AudioPlayer          - Stopping music com.almasb.fxgl.audio.Music@7ab98bed
03:47:04.097 [JavaFX Application Thread] DEBUG FXGLAssetLoaderServi - Loading from file system: file:/C:/Users/User/IdeaProjects/CSIT228-F3-Finals/target/classes/assets/music/game-music.mp3
03:47:04.101 [JavaFX Application Thread] DEBUG AudioPlayer          - Playing music com.almasb.fxgl.audio.Music@6d7fb5b
03:47:04.101 [JavaFX Application Thread] DEBUG Menu                 - fireNewGame()
03:47:04.101 [JavaFX Application Thread] DEBUG GameApplicationServi - Starting new game
03:47:04.101 [JavaFX Application Thread] DEBUG PrimaryStageWindow   - Pop state: GameMainMenu
03:47:04.101 [JavaFX Application Thread] DEBUG Input                - Clearing active input actions
03:47:04.102 [JavaFX Application Thread] DEBUG GameApplicationServi - Removing overlay from GameMainMenu and adding to FXGLMainMenuDummyScene
03:47:04.104 [JavaFX Application Thread] DEBUG PrimaryStageWindow   - FXGLMainMenuDummyScene <- GameMainMenu
03:47:04.105 [JavaFX Application Thread] DEBUG Input                - Clearing active input actions
03:47:04.111 [JavaFX Application Thread] DEBUG GameApplicationServi - Removing overlay from FXGLMainMenuDummyScene and adding to FXGLLoadingScene
03:47:04.112 [JavaFX Application Thread] DEBUG PrimaryStageWindow   - FXGLMainMenuDummyScene -> FXGLLoadingScene
03:47:04.112 [JavaFX Application Thread] DEBUG GameApplicationServi - Clearing previous game
03:47:04.112 [JavaFX Application Thread] DEBUG GameScene            - Clearing game scene
03:47:04.112 [JavaFX Application Thread] DEBUG GameWorld            - Clearing game world
03:47:04.112 [JavaFX Application Thread] DEBUG PhysicsWorld         - Clearing physics world
03:47:04.113 [FXGL Background Thread 2 ] DEBUG FXGLApplication      - Initializing game
03:47:04.161 [FXGL Background Thread 2 ] WARN  TMXLevelLoader       - TiledMap generated from 1.10.2. Supported version: 1.9.0. Some features may not be parsed fully.
03:47:04.216 [FXGL Background Thread 2 ] DEBUG TMXLevelLoader       - Parsed TiledMap: file:/C:/Users/User/IdeaProjects/CSIT228-F3-Finals/target/classes/assets/levels/tmx/2DGameTiledMap.tmx
03:47:04.218 [FXGL Background Thread 2 ] DEBUG TMXLevelLoader       - Creating tile layer entities
03:47:04.219 [FXGL Background Thread 2 ] DEBUG TilesetLoader        - Loading view for layer floor
03:47:04.226 [FXGL Background Thread 2 ] DEBUG TilesetLoader        - Created buffer with size 2304.0x2304.0
03:47:04.306 [FXGL Background Thread 2 ] DEBUG TilesetLoader        - Loading view for layer stuff
03:47:04.313 [FXGL Background Thread 2 ] DEBUG TilesetLoader        - Created buffer with size 2304.0x2304.0
03:47:04.322 [FXGL Background Thread 2 ] DEBUG TilesetLoader        - Loading view for layer decor
03:47:04.330 [FXGL Background Thread 2 ] DEBUG TilesetLoader        - Created buffer with size 2304.0x2304.0
03:47:04.346 [FXGL Background Thread 2 ] DEBUG TilesetLoader        - Loading view for layer more
03:47:04.348 [FXGL Background Thread 2 ] DEBUG TilesetLoader        - Created buffer with size 2304.0x2304.0
03:47:04.350 [FXGL Background Thread 2 ] DEBUG TMXLevelLoader       - Creating object layer entities
03:47:04.393 [FXGL Background Thread 2 ] DEBUG FXGLAssetLoaderServi - Loading from file system: file:/C:/Users/User/IdeaProjects/CSIT228-F3-Finals/target/classes/assets/textures/background/torch.gif
03:47:04.447 [FXGL Background Thread 2 ] DEBUG FXGLAssetLoaderServi - Loading from file system: file:/C:/Users/User/IdeaProjects/CSIT228-F3-Finals/target/classes/assets/textures/background/eyes-hole.gif
03:47:04.505 [FXGL Background Thread 2 ] DEBUG GameWorld            - Clearing removable entities
03:47:04.505 [FXGL Background Thread 2 ] DEBUG GameWorld            - Setting level: com.almasb.fxgl.entity.level.Level@61d6ecf5
03:47:04.511 [FXGL Background Thread 2 ] DEBUG FXGLAssetLoaderServi - Loading from file system: file:/C:/Users/User/IdeaProjects/CSIT228-F3-Finals/target/classes/assets/textures/player/lecatmoves.png
03:47:04.512 [FXGL Background Thread 2 ] DEBUG FXGLAssetLoaderServi - Loading from file system: file:/C:/Users/User/IdeaProjects/CSIT228-F3-Finals/target/classes/assets/textures/player/CatOne.png
03:47:04.514 [FXGL Background Thread 2 ] DEBUG FXGLAssetLoaderServi - Loading from file system: file:/C:/Users/User/IdeaProjects/CSIT228-F3-Finals/target/classes/assets/textures/player/CatThree.png
03:47:04.515 [FXGL Background Thread 2 ] DEBUG FXGLAssetLoaderServi - Loading from file system: file:/C:/Users/User/IdeaProjects/CSIT228-F3-Finals/target/classes/assets/textures/player/CatFour.png
03:47:04.536 [FXGL Background Thread 2 ] INFO  FXGLApplication      - Game initialization took: 0.422 sec
03:47:04.537 [JavaFX Application Thread] DEBUG Input                - Clearing active input actions
03:47:04.544 [JavaFX Application Thread] DEBUG GameApplicationServi - Removing overlay from FXGLLoadingScene and adding to GameScene
03:47:04.547 [JavaFX Application Thread] DEBUG PrimaryStageWindow   - FXGLLoadingScene -> GameScene
03:47:04.759 [FXGL Background Thread 3 ] DEBUG Engine               - Logging environment variables
03:47:04.760 [FXGL Background Thread 3 ] DEBUG Engine               - achievements: []
03:47:04.760 [FXGL Background Thread 3 ] DEBUG Engine               - actualHeight: 720.0
03:47:04.760 [FXGL Background Thread 3 ] DEBUG Engine               - actualHeightProperty: ReadOnlyDoubleProperty [value: 720.0]
03:47:04.760 [FXGL Background Thread 3 ] DEBUG Engine               - actualWidth: 720.0
03:47:04.760 [FXGL Background Thread 3 ] DEBUG Engine               - actualWidthProperty: ReadOnlyDoubleProperty [value: 720.0]
03:47:04.760 [FXGL Background Thread 3 ] DEBUG Engine               - appIcon: fxgl_icon.png
03:47:04.760 [FXGL Background Thread 3 ] DEBUG Engine               - applicationMode: DEVELOPER
03:47:04.761 [FXGL Background Thread 3 ] DEBUG Engine               - cSSList: [fxgl_dark.css]
03:47:04.761 [FXGL Background Thread 3 ] DEBUG Engine               - collisionDetectionStrategy: BRUTE_FORCE
03:47:04.761 [FXGL Background Thread 3 ] DEBUG Engine               - configClass: Optional[class com.example.flat2d.Misc.Config]
03:47:04.761 [FXGL Background Thread 3 ] DEBUG Engine               - credits: []
03:47:04.761 [FXGL Background Thread 3 ] DEBUG Engine               - defaultCursor: CursorInfo(imageName=fxgl_default_cursor.png, hotspotX=7.0, hotspotY=6.0)
03:47:04.762 [FXGL Background Thread 3 ] DEBUG Engine               - devBBoxColorProperty: ObjectProperty [value: 0xff0000ff]
03:47:04.762 [FXGL Background Thread 3 ] DEBUG Engine               - devEnableDebugCameraProperty: BooleanProperty [value: false]
03:47:04.762 [FXGL Background Thread 3 ] DEBUG Engine               - devSensorColorProperty: ObjectProperty [value: 0xffff00ff]
03:47:04.763 [FXGL Background Thread 3 ] DEBUG Engine               - devShowBBoxProperty: BooleanProperty [value: false]
03:47:04.763 [FXGL Background Thread 3 ] DEBUG Engine               - devShowPositionProperty: BooleanProperty [value: false]
03:47:04.763 [FXGL Background Thread 3 ] DEBUG Engine               - enabledMenuItems: []
03:47:04.763 [FXGL Background Thread 3 ] DEBUG Engine               - engineServices: [class com.almasb.fxgl.app.services.FXGLAssetLoaderService, class com.almasb.fxgl.app.FXGLApplication$GameApplicationService, class com.almasb.fxgl.app.services.FXGLDialogService, class com.almasb.fxgl.app.services.IOTaskExecutorService, class com.almasb.fxgl.io.FileSystemService, class com.almasb.fxgl.localization.LocalizationService, class com.almasb.fxgl.app.services.SystemBundleService, class com.almasb.fxgl.profile.SaveLoadService, class com.almasb.fxgl.ui.FXGLUIFactoryServiceProvider, class com.almasb.fxgl.ui.FXGLDialogFactoryServiceProvider, class com.almasb.fxgl.audio.AudioPlayer, class com.almasb.fxgl.notification.impl.NotificationServiceProvider, class com.almasb.fxgl.achievement.AchievementService, class com.almasb.fxgl.cutscene.CutsceneService, class com.almasb.fxgl.minigames.MiniGameService, class com.almasb.fxgl.net.NetService, class com.almasb.fxgl.app.services.UpdaterService, class com.almasb.fxgl.dev.DevService]
03:47:04.763 [FXGL Background Thread 3 ] DEBUG Engine               - fontGame: Abel-Regular.ttf
03:47:04.763 [FXGL Background Thread 3 ] DEBUG Engine               - fontMono: TerminalLandMono-Regular.otf
03:47:04.763 [FXGL Background Thread 3 ] DEBUG Engine               - fontSizeScaleUI: 1.0
03:47:04.763 [FXGL Background Thread 3 ] DEBUG Engine               - fontText: Courier-Prime.ttf
03:47:04.763 [FXGL Background Thread 3 ] DEBUG Engine               - fontUI: VarelaRound-Regular.ttf
03:47:04.763 [FXGL Background Thread 3 ] DEBUG Engine               - fullScreen: BooleanProperty [value: false]
03:47:04.763 [FXGL Background Thread 3 ] DEBUG Engine               - gameDifficulty: MEDIUM
03:47:04.764 [FXGL Background Thread 3 ] DEBUG Engine               - gameDifficultyProperty: ObjectProperty [value: MEDIUM]
03:47:04.764 [FXGL Background Thread 3 ] DEBUG Engine               - globalMusicVolume: 0.5
03:47:04.765 [FXGL Background Thread 3 ] DEBUG Engine               - globalMusicVolumeProperty: DoubleProperty [value: 0.5]
03:47:04.766 [FXGL Background Thread 3 ] DEBUG Engine               - globalSoundVolume: 0.5
03:47:04.766 [FXGL Background Thread 3 ] DEBUG Engine               - globalSoundVolumeProperty: DoubleProperty [value: 0.25]
03:47:04.766 [FXGL Background Thread 3 ] DEBUG Engine               - height: 720
03:47:04.766 [FXGL Background Thread 3 ] DEBUG Engine               - is3D: false
03:47:04.766 [FXGL Background Thread 3 ] DEBUG Engine               - isAndroid: false
03:47:04.766 [FXGL Background Thread 3 ] DEBUG Engine               - isBrowser: false
03:47:04.766 [FXGL Background Thread 3 ] DEBUG Engine               - isClickFeedbackEnabled: false
03:47:04.766 [FXGL Background Thread 3 ] DEBUG Engine               - isCloseConfirmation: false
03:47:04.766 [FXGL Background Thread 3 ] DEBUG Engine               - isDesktop: true
03:47:04.766 [FXGL Background Thread 3 ] DEBUG Engine               - isDeveloperMenuEnabled: true
03:47:04.766 [FXGL Background Thread 3 ] DEBUG Engine               - isEmbedded: false
03:47:04.766 [FXGL Background Thread 3 ] DEBUG Engine               - isEntityPreloadEnabled: true
03:47:04.767 [FXGL Background Thread 3 ] DEBUG Engine               - isExperimentalTiledLargeMap: false
03:47:04.767 [FXGL Background Thread 3 ] DEBUG Engine               - isFileSystemWriteAllowed: true
03:47:04.767 [FXGL Background Thread 3 ] DEBUG Engine               - isFullScreenAllowed: false
03:47:04.767 [FXGL Background Thread 3 ] DEBUG Engine               - isFullScreenFromStart: false
03:47:04.767 [FXGL Background Thread 3 ] DEBUG Engine               - isGameMenuEnabled: true
03:47:04.767 [FXGL Background Thread 3 ] DEBUG Engine               - isIOS: false
03:47:04.767 [FXGL Background Thread 3 ] DEBUG Engine               - isIntroEnabled: false
03:47:04.767 [FXGL Background Thread 3 ] DEBUG Engine               - isLinux: false
03:47:04.767 [FXGL Background Thread 3 ] DEBUG Engine               - isMac: false
03:47:04.768 [FXGL Background Thread 3 ] DEBUG Engine               - isMainMenuEnabled: true
03:47:04.768 [FXGL Background Thread 3 ] DEBUG Engine               - isManualResizeEnabled: false
03:47:04.768 [FXGL Background Thread 3 ] DEBUG Engine               - isMobile: false
03:47:04.768 [FXGL Background Thread 3 ] DEBUG Engine               - isNative: false
03:47:04.768 [FXGL Background Thread 3 ] DEBUG Engine               - isPauseMusicWhenMinimized: true
03:47:04.768 [FXGL Background Thread 3 ] DEBUG Engine               - isPreserveResizeRatio: false
03:47:04.768 [FXGL Background Thread 3 ] DEBUG Engine               - isProfilingEnabled: false
03:47:04.768 [FXGL Background Thread 3 ] DEBUG Engine               - isScaleAffectedOnResize: true
03:47:04.769 [FXGL Background Thread 3 ] DEBUG Engine               - isSingleStep: false
03:47:04.769 [FXGL Background Thread 3 ] DEBUG Engine               - isUserProfileEnabled: false
03:47:04.769 [FXGL Background Thread 3 ] DEBUG Engine               - isWindows: true
03:47:04.769 [FXGL Background Thread 3 ] DEBUG Engine               - language: ObjectProperty [value: ENGLISH]
03:47:04.770 [FXGL Background Thread 3 ] DEBUG Engine               - menuKey: ESCAPE
03:47:04.770 [FXGL Background Thread 3 ] DEBUG Engine               - mouseSensitivity: 0.2
03:47:04.770 [FXGL Background Thread 3 ] DEBUG Engine               - notificationViewClass: class com.almasb.fxgl.notification.view.XboxNotificationView
03:47:04.770 [FXGL Background Thread 3 ] DEBUG Engine               - pixelsPerMeter: 50.0
03:47:04.770 [FXGL Background Thread 3 ] DEBUG Engine               - platform: WINDOWS
03:47:04.770 [FXGL Background Thread 3 ] DEBUG Engine               - prefHeightProperty: ReadOnlyDoubleProperty [value: 720.0]
03:47:04.770 [FXGL Background Thread 3 ] DEBUG Engine               - prefWidthProperty: ReadOnlyDoubleProperty [value: 720.0]
03:47:04.770 [FXGL Background Thread 3 ] DEBUG Engine               - profileDir: profiles/
03:47:04.770 [FXGL Background Thread 3 ] DEBUG Engine               - profileName: StringProperty [value: DEFAULT]
03:47:04.770 [FXGL Background Thread 3 ] DEBUG Engine               - randomSeed: -1
03:47:04.770 [FXGL Background Thread 3 ] DEBUG Engine               - runtimeInfo: RuntimeInfo(platform=WINDOWS, version=17.3, build=30.03.2023 11.49)
03:47:04.771 [FXGL Background Thread 3 ] DEBUG Engine               - saveFileExt: sav
03:47:04.771 [FXGL Background Thread 3 ] DEBUG Engine               - scaledHeightProp$fxgl: DoubleProperty [bound, value: 720.0]
03:47:04.771 [FXGL Background Thread 3 ] DEBUG Engine               - scaledWidthProp$fxgl: DoubleProperty [bound, value: 720.0]
03:47:04.771 [FXGL Background Thread 3 ] DEBUG Engine               - sceneFactory: com.example.flat2d.GameApp$1@670dc657
03:47:04.771 [FXGL Background Thread 3 ] DEBUG Engine               - secondsIn24h: 60
03:47:04.771 [FXGL Background Thread 3 ] DEBUG Engine               - soundMenuBack: menu/back.wav
03:47:04.771 [FXGL Background Thread 3 ] DEBUG Engine               - soundMenuPress: menu/press.wav
03:47:04.771 [FXGL Background Thread 3 ] DEBUG Engine               - soundMenuSelect: menu/select.wav
03:47:04.771 [FXGL Background Thread 3 ] DEBUG Engine               - soundNotification: core/notification.wav
03:47:04.771 [FXGL Background Thread 3 ] DEBUG Engine               - stageStyle: DECORATED
03:47:04.771 [FXGL Background Thread 3 ] DEBUG Engine               - supportedLanguages: [ENGLISH, FRENCH, GERMAN, HUNGARIAN, RUSSIAN]
03:47:04.771 [FXGL Background Thread 3 ] DEBUG Engine               - ticksPerSecond: -1
03:47:04.771 [FXGL Background Thread 3 ] DEBUG Engine               - title: Adventures of Sir Vim Zarado
03:47:04.772 [FXGL Background Thread 3 ] DEBUG Engine               - urlGithub: https://github.com/AlmasB/FXGL
03:47:04.772 [FXGL Background Thread 3 ] DEBUG Engine               - urlLeaderboard: http://fxgl-top.herokuapp.com/
03:47:04.772 [FXGL Background Thread 3 ] DEBUG Engine               - urlPOM: https://raw.githubusercontent.com/AlmasB/FXGL/release/README.md
03:47:04.772 [FXGL Background Thread 3 ] DEBUG Engine               - userAppClass: class com.example.flat2d.GameApp
03:47:04.772 [FXGL Background Thread 3 ] DEBUG Engine               - version: 0.0
03:47:04.772 [FXGL Background Thread 3 ] DEBUG Engine               - versionCheckDays: 7
03:47:04.772 [FXGL Background Thread 3 ] DEBUG Engine               - width: 720
03:47:04.772 [FXGL Background Thread 3 ] DEBUG Engine               - Logging services
03:47:04.772 [FXGL Background Thread 3 ] DEBUG Engine               - class com.almasb.fxgl.app.services.FXGLAssetLoaderService
03:47:04.772 [FXGL Background Thread 3 ] DEBUG Engine               - class com.almasb.fxgl.app.FXGLApplication$GameApplicationService
03:47:04.772 [FXGL Background Thread 3 ] DEBUG Engine               - class com.almasb.fxgl.app.services.FXGLDialogService
03:47:04.772 [FXGL Background Thread 3 ] DEBUG Engine               - class com.almasb.fxgl.app.services.IOTaskExecutorService
03:47:04.772 [FXGL Background Thread 3 ] DEBUG Engine               - class com.almasb.fxgl.io.FileSystemService
03:47:04.773 [FXGL Background Thread 3 ] DEBUG Engine               - class com.almasb.fxgl.localization.LocalizationService
03:47:04.773 [FXGL Background Thread 3 ] DEBUG Engine               - class com.almasb.fxgl.app.services.SystemBundleService
03:47:04.773 [FXGL Background Thread 3 ] DEBUG Engine               - class com.almasb.fxgl.profile.SaveLoadService
03:47:04.773 [FXGL Background Thread 3 ] DEBUG Engine               - class com.almasb.fxgl.ui.FXGLUIFactoryServiceProvider
03:47:04.773 [FXGL Background Thread 3 ] DEBUG Engine               - class com.almasb.fxgl.ui.FXGLDialogFactoryServiceProvider
03:47:04.773 [FXGL Background Thread 3 ] DEBUG Engine               - class com.almasb.fxgl.audio.AudioPlayer
03:47:04.773 [FXGL Background Thread 3 ] DEBUG Engine               - class com.almasb.fxgl.notification.impl.NotificationServiceProvider
03:47:04.773 [FXGL Background Thread 3 ] DEBUG Engine               - class com.almasb.fxgl.achievement.AchievementService
03:47:04.773 [FXGL Background Thread 3 ] DEBUG Engine               - class com.almasb.fxgl.cutscene.CutsceneService
03:47:04.773 [FXGL Background Thread 3 ] DEBUG Engine               - class com.almasb.fxgl.minigames.MiniGameService
03:47:04.773 [FXGL Background Thread 3 ] DEBUG Engine               - class com.almasb.fxgl.net.NetService
03:47:04.773 [FXGL Background Thread 3 ] DEBUG Engine               - class com.almasb.fxgl.app.services.UpdaterService
03:47:04.773 [FXGL Background Thread 3 ] DEBUG Engine               - class com.almasb.fxgl.dev.DevService
03:47:05.313 [JavaFX Application Thread] DEBUG FXGLAssetLoaderServi - Loading from file system: file:/C:/Users/User/IdeaProjects/CSIT228-F3-Finals/target/classes/assets/textures/skill/spr_bullet_strip.png
03:47:06.496 [JavaFX Application Thread] DEBUG FXGLAssetLoaderServi - Loading from file system: file:/C:/Users/User/IdeaProjects/CSIT228-F3-Finals/target/classes/assets/textures/basic/FrontWalk1.png
03:47:06.499 [JavaFX Application Thread] DEBUG FXGLAssetLoaderServi - Loading from file system: file:/C:/Users/User/IdeaProjects/CSIT228-F3-Finals/target/classes/assets/textures/basic/FrontDead1.png
03:47:06.502 [JavaFX Application Thread] DEBUG FXGLAssetLoaderServi - Loading from file system: file:/C:/Users/User/IdeaProjects/CSIT228-F3-Finals/target/classes/assets/textures/basic/FrontAttack1.png
03:47:13.756 [JavaFX Application Thread] DEBUG FXGLAssetLoaderServi - Loading from file system: file:/C:/Users/User/IdeaProjects/CSIT228-F3-Finals/target/classes/assets/textures/blocker/WalkShield1.png
03:47:13.758 [JavaFX Application Thread] DEBUG FXGLAssetLoaderServi - Loading from file system: file:/C:/Users/User/IdeaProjects/CSIT228-F3-Finals/target/classes/assets/textures/blocker/DeadShield1.png
03:47:14.416 [JavaFX Application Thread] DEBUG FXGLAssetLoaderServi - Loading from file system: file:/C:/Users/User/IdeaProjects/CSIT228-F3-Finals/target/classes/assets/textures/background/Small.gif
03:47:14.429 [JavaFX Application Thread] DEBUG FXGLAssetLoaderServi - Loading from file system: file:/C:/Users/User/IdeaProjects/CSIT228-F3-Finals/target/classes/assets/sounds/enemy-death2.wav
03:47:15.310 [JavaFX Application Thread] DEBUG FXGLAssetLoaderServi - Loading from file system: file:/C:/Users/User/IdeaProjects/CSIT228-F3-Finals/target/classes/assets/textures/background/Medium.gif
03:47:15.452 [JavaFX Application Thread] DEBUG FXGLAssetLoaderServi - Loading from file system: file:/C:/Users/User/IdeaProjects/CSIT228-F3-Finals/target/classes/assets/textures/background/get-all-exp.gif
03:47:15.455 [JavaFX Application Thread] WARN  Entity               - Entity already has component: com.almasb.fxgl.entity.components.CollidableComponent
03:47:16.301 [JavaFX Application Thread] WARN  Entity               - Entity already has component: com.almasb.fxgl.entity.components.CollidableComponent
03:47:17.452 [JavaFX Application Thread] WARN  Entity               - Entity already has component: com.almasb.fxgl.entity.components.CollidableComponent
03:47:18.170 [JavaFX Application Thread] WARN  Entity               - Entity already has component: com.almasb.fxgl.entity.components.CollidableComponent
03:47:18.236 [JavaFX Application Thread] WARN  Entity               - Entity already has component: com.almasb.fxgl.entity.components.CollidableComponent
03:47:22.325 [JavaFX Application Thread] DEBUG FXGLAssetLoaderServi - Loading from file system: file:/C:/Users/User/IdeaProjects/CSIT228-F3-Finals/target/classes/assets/sounds/level-up-sfx.wav
03:47:22.332 [JavaFX Application Thread] DEBUG FXGLAssetLoaderServi - Loading from file system: file:/C:/Users/User/IdeaProjects/CSIT228-F3-Finals/target/classes/assets/textures/skil.png
03:47:22.732 [JavaFX Application Thread] WARN  Entity               - Entity already has component: com.almasb.fxgl.entity.components.CollidableComponent
03:47:23.291 [JavaFX Application Thread] WARN  Entity               - Entity already has component: com.almasb.fxgl.entity.components.CollidableComponent
03:47:23.341 [JavaFX Application Thread] WARN  Entity               - Entity already has component: com.almasb.fxgl.entity.components.CollidableComponent
03:47:23.972 [JavaFX Application Thread] DEBUG FXGLAssetLoaderServi - Loading from file system: file:/C:/Users/User/IdeaProjects/CSIT228-F3-Finals/target/classes/assets/textures/background/skill-acquired.gif
03:47:24.345 [JavaFX Application Thread] WARN  Entity               - Entity already has component: com.almasb.fxgl.entity.components.CollidableComponent
03:47:24.907 [JavaFX Application Thread] DEBUG FXGLAssetLoaderServi - Loading from file system: file:/C:/Users/User/IdeaProjects/CSIT228-F3-Finals/target/classes/assets/textures/background/Large.gif
03:47:25.021 [JavaFX Application Thread] WARN  Entity               - Entity already has component: com.almasb.fxgl.entity.components.CollidableComponent
03:47:25.932 [JavaFX Application Thread] WARN  Entity               - Entity already has component: com.almasb.fxgl.entity.components.CollidableComponent
03:47:25.981 [JavaFX Application Thread] WARN  Entity               - Entity already has component: com.almasb.fxgl.entity.components.CollidableComponent
03:47:26.012 [JavaFX Application Thread] WARN  Entity               - Entity already has component: com.almasb.fxgl.entity.components.CollidableComponent
03:47:27.024 [JavaFX Application Thread] DEBUG FXGLAssetLoaderServi - Loading from file system: file:/C:/Users/User/IdeaProjects/CSIT228-F3-Finals/target/classes/assets/textures/skill/UltiAsset.jpg.png
03:47:27.306 [JavaFX Application Thread] WARN  Entity               - Entity already has component: com.almasb.fxgl.entity.components.CollidableComponent
03:47:27.661 [JavaFX Application Thread] DEBUG FXGLAssetLoaderServi - Loading from file system: file:/C:/Users/User/IdeaProjects/CSIT228-F3-Finals/target/classes/assets/textures/skill/water_cannon-Sheet.png
03:47:28.631 [JavaFX Application Thread] DEBUG FXGLAssetLoaderServi - Loading from file system: file:/C:/Users/User/IdeaProjects/CSIT228-F3-Finals/target/classes/assets/textures/bomb/bomb_character_o_walk.png
03:47:28.633 [JavaFX Application Thread] DEBUG FXGLAssetLoaderServi - Loading from file system: file:/C:/Users/User/IdeaProjects/CSIT228-F3-Finals/target/classes/assets/textures/bomb/bomb_character_o_explode.png
03:47:30.029 [JavaFX Application Thread] DEBUG FXGLAssetLoaderServi - Loading from file system: file:/C:/Users/User/IdeaProjects/CSIT228-F3-Finals/target/classes/assets/textures/background/burn.gif
03:47:34.653 [JavaFX Application Thread] WARN  Entity               - Entity already has component: com.almasb.fxgl.entity.components.CollidableComponent
03:47:34.654 [JavaFX Application Thread] WARN  Entity               - Entity already has component: com.almasb.fxgl.entity.components.CollidableComponent
03:47:34.655 [JavaFX Application Thread] WARN  Entity               - Entity already has component: com.almasb.fxgl.entity.components.CollidableComponent
03:47:35.469 [JavaFX Application Thread] WARN  Entity               - Entity already has component: com.almasb.fxgl.entity.components.CollidableComponent
03:47:36.938 [JavaFX Application Thread] WARN  Entity               - Entity already has component: com.almasb.fxgl.entity.components.CollidableComponent
03:47:39.338 [JavaFX Application Thread] WARN  Entity               - Entity already has component: com.almasb.fxgl.entity.components.CollidableComponent
03:47:41.149 [JavaFX Application Thread] WARN  Entity               - Entity already has component: com.almasb.fxgl.entity.components.CollidableComponent
03:47:41.149 [JavaFX Application Thread] WARN  Entity               - Entity already has component: com.almasb.fxgl.entity.components.CollidableComponent
03:47:41.197 [JavaFX Application Thread] WARN  Entity               - Entity already has component: com.almasb.fxgl.entity.components.CollidableComponent
03:47:41.968 [JavaFX Application Thread] WARN  Entity               - Entity already has component: com.almasb.fxgl.entity.components.CollidableComponent
03:47:42.038 [JavaFX Application Thread] WARN  Entity               - Entity already has component: com.almasb.fxgl.entity.components.CollidableComponent
03:47:42.092 [JavaFX Application Thread] WARN  Entity               - Entity already has component: com.almasb.fxgl.entity.components.CollidableComponent
03:47:45.395 [JavaFX Application Thread] WARN  Entity               - Entity already has component: com.almasb.fxgl.entity.components.CollidableComponent
03:47:45.409 [JavaFX Application Thread] WARN  Entity               - Entity already has component: com.almasb.fxgl.entity.components.CollidableComponent
03:47:46.198 [JavaFX Application Thread] WARN  Entity               - Entity already has component: com.almasb.fxgl.entity.components.CollidableComponent
03:47:46.807 [JavaFX Application Thread] WARN  Entity               - Entity already has component: com.almasb.fxgl.entity.components.CollidableComponent
03:47:46.893 [JavaFX Application Thread] WARN  Entity               - Entity already has component: com.almasb.fxgl.entity.components.CollidableComponent
03:47:48.301 [JavaFX Application Thread] WARN  Entity               - Entity already has component: com.almasb.fxgl.entity.components.CollidableComponent
03:47:48.341 [JavaFX Application Thread] WARN  Entity               - Entity already has component: com.almasb.fxgl.entity.components.CollidableComponent
03:47:48.410 [JavaFX Application Thread] WARN  Entity               - Entity already has component: com.almasb.fxgl.entity.components.CollidableComponent
03:47:50.334 [JavaFX Application Thread] WARN  Entity               - Entity already has component: com.almasb.fxgl.entity.components.CollidableComponent
03:47:50.350 [JavaFX Application Thread] WARN  Entity               - Entity already has component: com.almasb.fxgl.entity.components.CollidableComponent
03:47:50.411 [JavaFX Application Thread] WARN  Entity               - Entity already has component: com.almasb.fxgl.entity.components.CollidableComponent
03:47:51.069 [JavaFX Application Thread] WARN  Entity               - Entity already has component: com.almasb.fxgl.entity.components.CollidableComponent
03:47:51.085 [JavaFX Application Thread] WARN  Entity               - Entity already has component: com.almasb.fxgl.entity.components.CollidableComponent
03:47:55.067 [JavaFX Application Thread] WARN  Entity               - Entity already has component: com.almasb.fxgl.entity.components.CollidableComponent
03:47:55.130 [JavaFX Application Thread] WARN  Entity               - Entity already has component: com.almasb.fxgl.entity.components.CollidableComponent
03:47:55.808 [JavaFX Application Thread] WARN  Entity               - Entity already has component: com.almasb.fxgl.entity.components.CollidableComponent
03:47:58.105 [JavaFX Application Thread] WARN  Entity               - Entity already has component: com.almasb.fxgl.entity.components.CollidableComponent
03:47:59.773 [JavaFX Application Thread] WARN  Entity               - Entity already has component: com.almasb.fxgl.entity.components.CollidableComponent
03:47:59.830 [JavaFX Application Thread] WARN  Entity               - Entity already has component: com.almasb.fxgl.entity.components.CollidableComponent
03:48:00.680 [JavaFX Application Thread] WARN  Entity               - Entity already has component: com.almasb.fxgl.entity.components.CollidableComponent
03:48:05.087 [JavaFX Application Thread] DEBUG FXGLAssetLoaderServi - Loading from file system: file:/C:/Users/User/IdeaProjects/CSIT228-F3-Finals/target/classes/assets/textures/boss/DinoMove.png
03:48:05.103 [JavaFX Application Thread] DEBUG FXGLAssetLoaderServi - Loading from file system: file:/C:/Users/User/IdeaProjects/CSIT228-F3-Finals/target/classes/assets/textures/boss/DinoAttack(1).png
03:48:05.118 [JavaFX Application Thread] WARN  GameWorld            - Attempted to remove entity which is not active
03:48:05.119 [JavaFX Application Thread] WARN  GameWorld            - Attempted to remove entity which is not active
03:48:05.119 [JavaFX Application Thread] WARN  GameWorld            - Attempted to remove entity which is not active
03:48:05.119 [JavaFX Application Thread] WARN  GameWorld            - Attempted to remove entity which is not active
03:48:05.119 [JavaFX Application Thread] WARN  GameWorld            - Attempted to remove entity which is not active
03:48:05.119 [JavaFX Application Thread] WARN  GameWorld            - Attempted to remove entity which is not active
03:48:05.119 [JavaFX Application Thread] WARN  GameWorld            - Attempted to remove entity which is not active
03:48:05.119 [JavaFX Application Thread] WARN  GameWorld            - Attempted to remove entity which is not active
03:48:05.119 [JavaFX Application Thread] WARN  GameWorld            - Attempted to remove entity which is not active
03:48:05.119 [JavaFX Application Thread] WARN  GameWorld            - Attempted to remove entity which is not active
03:48:05.119 [JavaFX Application Thread] WARN  GameWorld            - Attempted to remove entity which is not active
03:48:05.119 [JavaFX Application Thread] WARN  GameWorld            - Attempted to remove entity which is not active
03:48:05.119 [JavaFX Application Thread] WARN  GameWorld            - Attempted to remove entity which is not active
03:48:05.119 [JavaFX Application Thread] WARN  GameWorld            - Attempted to remove entity which is not active
03:48:05.119 [JavaFX Application Thread] WARN  GameWorld            - Attempted to remove entity which is not active
03:48:05.119 [JavaFX Application Thread] WARN  GameWorld            - Attempted to remove entity which is not active
03:48:05.119 [JavaFX Application Thread] WARN  GameWorld            - Attempted to remove entity which is not active
03:48:05.119 [JavaFX Application Thread] WARN  GameWorld            - Attempted to remove entity which is not active
03:48:05.119 [JavaFX Application Thread] WARN  GameWorld            - Attempted to remove entity which is not active
03:48:05.119 [JavaFX Application Thread] WARN  GameWorld            - Attempted to remove entity which is not active
03:48:05.119 [JavaFX Application Thread] WARN  GameWorld            - Attempted to remove entity which is not active
03:48:05.119 [JavaFX Application Thread] WARN  GameWorld            - Attempted to remove entity which is not active
03:48:05.119 [JavaFX Application Thread] WARN  GameWorld            - Attempted to remove entity which is not active
03:48:05.119 [JavaFX Application Thread] WARN  GameWorld            - Attempted to remove entity which is not active
03:48:05.120 [JavaFX Application Thread] WARN  GameWorld            - Attempted to remove entity which is not active
03:48:05.120 [JavaFX Application Thread] WARN  GameWorld            - Attempted to remove entity which is not active
03:48:05.120 [JavaFX Application Thread] WARN  GameWorld            - Attempted to remove entity which is not active
03:48:05.120 [JavaFX Application Thread] WARN  GameWorld            - Attempted to remove entity which is not active
03:48:05.120 [JavaFX Application Thread] WARN  GameWorld            - Attempted to remove entity which is not active
03:48:05.120 [JavaFX Application Thread] WARN  GameWorld            - Attempted to remove entity which is not active
03:48:05.120 [JavaFX Application Thread] WARN  GameWorld            - Attempted to remove entity which is not active
03:48:05.120 [JavaFX Application Thread] WARN  GameWorld            - Attempted to remove entity which is not active
03:48:05.120 [JavaFX Application Thread] WARN  GameWorld            - Attempted to remove entity which is not active
03:48:05.120 [JavaFX Application Thread] WARN  GameWorld            - Attempted to remove entity which is not active
03:48:05.120 [JavaFX Application Thread] WARN  GameWorld            - Attempted to remove entity which is not active
03:48:05.120 [JavaFX Application Thread] WARN  GameWorld            - Attempted to remove entity which is not active
03:48:05.120 [JavaFX Application Thread] WARN  GameWorld            - Attempted to remove entity which is not active
03:48:05.120 [JavaFX Application Thread] WARN  GameWorld            - Attempted to remove entity which is not active
03:48:05.120 [JavaFX Application Thread] WARN  GameWorld            - Attempted to remove entity which is not active
03:48:05.120 [JavaFX Application Thread] WARN  GameWorld            - Attempted to remove entity which is not active
03:48:05.120 [JavaFX Application Thread] WARN  GameWorld            - Attempted to remove entity which is not active
03:48:05.120 [JavaFX Application Thread] WARN  GameWorld            - Attempted to remove entity which is not active
03:48:05.120 [JavaFX Application Thread] WARN  GameWorld            - Attempted to remove entity which is not active
03:48:05.120 [JavaFX Application Thread] WARN  GameWorld            - Attempted to remove entity which is not active
03:48:05.120 [JavaFX Application Thread] WARN  GameWorld            - Attempted to remove entity which is not active
03:48:05.120 [JavaFX Application Thread] WARN  GameWorld            - Attempted to remove entity which is not active
03:48:05.120 [JavaFX Application Thread] WARN  GameWorld            - Attempted to remove entity which is not active
03:48:05.120 [JavaFX Application Thread] WARN  GameWorld            - Attempted to remove entity which is not active
03:48:05.121 [JavaFX Application Thread] WARN  GameWorld            - Attempted to remove entity which is not active
03:48:05.121 [JavaFX Application Thread] WARN  GameWorld            - Attempted to remove entity which is not active
03:48:05.121 [JavaFX Application Thread] WARN  GameWorld            - Attempted to remove entity which is not active
03:48:05.121 [JavaFX Application Thread] WARN  GameWorld            - Attempted to remove entity which is not active
03:48:05.121 [JavaFX Application Thread] WARN  GameWorld            - Attempted to remove entity which is not active
03:48:05.122 [JavaFX Application Thread] WARN  GameWorld            - Attempted to remove entity which is not active
03:48:05.122 [JavaFX Application Thread] WARN  GameWorld            - Attempted to remove entity which is not active
03:48:05.122 [JavaFX Application Thread] WARN  GameWorld            - Attempted to remove entity which is not active
03:48:05.124 [JavaFX Application Thread] WARN  GameWorld            - Attempted to remove entity which is not active
03:48:05.751 [JavaFX Application Thread] WARN  Entity               - Entity already has component: com.almasb.fxgl.entity.components.CollidableComponent
03:48:06.894 [JavaFX Application Thread] DEBUG FXGLAssetLoaderServi - Loading from file system: file:/C:/Users/User/IdeaProjects/CSIT228-F3-Finals/target/classes/assets/textures/skill/OhTenTacles---315-x-250.png
03:48:44.164 [JavaFX Application Thread] WARN  Entity               - Entity already has component: com.almasb.fxgl.entity.components.CollidableComponent
03:49:05.177 [JavaFX Application Thread] WARN  Entity               - Entity already has component: com.almasb.fxgl.entity.components.CollidableComponent
03:49:07.285 [JavaFX Application Thread] DEBUG FXGLAssetLoaderServi - Loading from file system: file:/C:/Users/User/IdeaProjects/CSIT228-F3-Finals/target/classes/assets/textures/effect/dinoStomp.png
03:49:19.793 [JavaFX Application Thread] WARN  Entity               - Entity already has component: com.almasb.fxgl.entity.components.CollidableComponent
03:49:21.441 [JavaFX Application Thread] DEBUG FXGLApplication      - Exiting FXGL
03:49:21.441 [JavaFX Application Thread] DEBUG LoopRunner           - Stopping loop
03:49:21.441 [JavaFX Application Thread] DEBUG SystemBundleService  - Saving FXGL system data
03:49:21.444 [JavaFX Application Thread] DEBUG FileSystemAccess     - Writing to: C:\Users\User\IdeaProjects\CSIT228-F3-Finals\system\fxgl.bundle
03:49:21.447 [JavaFX Application Thread] DEBUG Async                - Shutting down background threads
03:49:21.448 [JavaFX Application Thread] DEBUG PrimaryStageWindow   - Closing main window
03:49:21.460 [JavaFX Application Thread] DEBUG Logger               - Closing Logger
