17:28:54.416 [main                     ] DEBUG Logger               - Configured Logger
17:28:54.446 [main                     ] DEBUG GameApplication      - Logging settings
Title: Adventures of Sir Vim Zarado
Version: 0.0
Width: 720
Height: 720
Fullscreen: false
Intro: false
Profiling: false
Single step:false
App Mode: DEVELOPER
Menu Key: ESCAPE
Stage Style: DECORATED
Scene Factory: class com.example.flat2d.GameApp$1

17:28:54.818 [JavaFX Application Thread] DEBUG FXGLApplication      - Initializing FXGL
17:28:54.823 [JavaFX Application Thread] INFO  Engine               - FXGL-17.3 (30.03.2023 11.49) on WINDOWS (J:21 FX:21)
17:28:54.823 [JavaFX Application Thread] DEBUG Engine               - JRE Vendor Name: Oracle Corporation
17:28:54.824 [JavaFX Application Thread] DEBUG Engine               - Running on OS: Windows 10 version 10.0
17:28:54.824 [JavaFX Application Thread] DEBUG Engine               - Architecture: amd64
17:28:54.824 [JavaFX Application Thread] INFO  Engine               - Source code and latest versions at: https://github.com/AlmasB/FXGL
17:28:54.824 [JavaFX Application Thread] INFO  Engine               -       Ask questions and discuss at: https://github.com/AlmasB/FXGL/discussions
17:28:54.824 [JavaFX Application Thread] INFO  Engine               -              Join the FXGL chat at: https://gitter.im/AlmasB/FXGL
17:28:54.956 [JavaFX Application Thread] DEBUG PrimaryStageWindow   - Creating a JavaFX scene
17:28:55.019 [JavaFX Application Thread] DEBUG PrimaryStageWindow   - Target settings size: 720.0 x 720.0
17:28:55.019 [JavaFX Application Thread] DEBUG PrimaryStageWindow   - Scaled scene size:    720.0 x 720.0
17:28:55.020 [JavaFX Application Thread] DEBUG PrimaryStageWindow   - Scaled ratio: (1.0, 1.0)
17:28:55.021 [JavaFX Application Thread] DEBUG PrimaryStageWindow   - Set initial scene to FXGLStartupScene
17:28:55.024 [JavaFX Application Thread] DEBUG PrimaryStageWindow   - Opening main window
17:28:55.115 [JavaFX Application Thread] DEBUG PrimaryStageWindow   - Window border size: (16.0, 39.0)
17:28:55.116 [JavaFX Application Thread] DEBUG PrimaryStageWindow   - Scaled size: 720.0 x 720.0
17:28:55.116 [JavaFX Application Thread] DEBUG PrimaryStageWindow   - Scaled ratio: (1.0, 1.0)
17:28:55.117 [JavaFX Application Thread] DEBUG PrimaryStageWindow   - Scene size: 720.0 x 720.0
17:28:55.117 [JavaFX Application Thread] DEBUG PrimaryStageWindow   - Stage size: 736.0 x 759.0
17:28:55.132 [FXGL Background Thread 1 ] DEBUG Engine               - Initializing environment variables
17:28:55.205 [FXGL Background Thread 1 ] DEBUG FXGLAssetLoaderServi - User app class for loading assets: class com.example.flat2d.GameApp
17:28:55.205 [FXGL Background Thread 1 ] DEBUG GameApplicationServi - Applying CSS: fxgl_dark.css
17:28:55.206 [FXGL Background Thread 1 ] DEBUG FXGLAssetLoaderServi - Loading from file system: jar:file:///C:/Users/USER/.m2/repository/com/github/almasb/fxgl/17.3/fxgl-17.3.jar!/fxglassets/ui/css/fxgl_dark.css
17:28:55.270 [FXGL Background Thread 1 ] DEBUG GameApplicationServi - Initializing application scenes
17:28:55.357 [FXGL Background Thread 1 ] DEBUG GameWorld            - Game world initialized
17:28:55.453 [FXGL Background Thread 1 ] DEBUG PhysicsWorld         - Physics world initialized: appHeight=720, physics.ppm=50.0
17:28:55.454 [FXGL Background Thread 1 ] DEBUG PhysicsWorld         - Using strategy: BRUTE_FORCE
17:28:55.458 [FXGL Background Thread 1 ] DEBUG GameScene            - Game scene initialized: 720x720
17:28:55.462 [FXGL Background Thread 1 ] DEBUG FXGLAssetLoaderServi - Loading from file system: file:/C:/Users/USER/IdeaProjects/CSIT228-F3-Finals/target/classes/assets/textures/background/backg.jpg
17:28:55.515 [FXGL Background Thread 1 ] DEBUG FXGLAssetLoaderServi - Loading from file system: file:/C:/Users/USER/IdeaProjects/CSIT228-F3-Finals/target/classes/assets/textures/profile-pic.jpg
17:28:55.529 [FXGL Background Thread 1 ] WARN  FXGL.DefaultMenu     - FXGLDefaultMenu is not designed for resolutions < 800x600
17:28:55.529 [FXGL Background Thread 1 ] DEBUG FXGL.DefaultMenu     - createMenuBodyGameMenu()
17:28:55.544 [FXGL Background Thread 1 ] DEBUG FXGL.DefaultMenu     - createOptionsMenu()
17:28:55.554 [FXGL Background Thread 1 ] DEBUG FXGLAssetLoaderServi - Loading from file system: jar:file:///C:/Users/USER/.m2/repository/com/github/almasb/fxgl/17.3/fxgl-17.3.jar!/fxglassets/textures/particles/smoke.png
17:28:55.654 [FXGL Background Thread 1 ] DEBUG FXGLAssetLoaderServi - Loading from file system: jar:file:///C:/Users/USER/.m2/repository/com/github/almasb/fxgl/17.3/fxgl-17.3.jar!/fxglassets/textures/particles/trace_horizontal.png
17:28:55.688 [FXGL Background Thread 1 ] DEBUG GameApplicationServi - Application scenes initialized
17:28:55.703 [FXGL Background Thread 1 ] DEBUG SystemBundleService  - Loading FXGL system data
17:28:55.708 [FXGL Background Thread 1 ] DEBUG FileSystemAccess     - Reading from: C:\Users\USER\IdeaProjects\CSIT228-F3-Finals\system\fxgl.bundle
17:28:55.721 [FXGL Background Thread 1 ] DEBUG SystemBundleService  - Bundle FXGL: {}
17:28:55.721 [FXGL Background Thread 1 ] DEBUG UpdaterService       - Checking for updates
17:28:55.761 [FXGL Background Thread 1 ] DEBUG FXGLApplication      - Loading default localization
17:28:55.761 [FXGL Background Thread 1 ] DEBUG FXGLAssetLoaderServi - Loading from file system: jar:file:///C:/Users/USER/.m2/repository/com/github/almasb/fxgl/17.3/fxgl-17.3.jar!/fxglassets/languages/english.lang
17:28:55.784 [FXGL Background Thread 1 ] INFO  FXGLApplication      - FXGL initialization took: 0.652 sec
17:28:55.794 [JavaFX Application Thread] DEBUG Input                - Registered new binding: Up - W
17:28:55.794 [JavaFX Application Thread] DEBUG Input                - Registered new binding: Right - D
17:28:55.794 [JavaFX Application Thread] DEBUG Input                - Registered new binding: Left - A
17:28:55.794 [JavaFX Application Thread] DEBUG Input                - Registered new binding: Down - S
17:28:55.795 [JavaFX Application Thread] DEBUG Input                - Registered new binding: IDK - RMB
17:28:55.796 [JavaFX Application Thread] DEBUG FXGLAssetLoaderServi - Loading from file system: file:/C:/Users/USER/IdeaProjects/CSIT228-F3-Finals/target/classes/assets/music/opening.mp3
17:28:55.814 [FXGL Background Thread 4 ] DEBUG FXGLApplication      - Loading fonts
17:28:55.815 [FXGL Background Thread 4 ] DEBUG FXGLAssetLoaderServi - Loading from file system: jar:file:///C:/Users/USER/.m2/repository/com/github/almasb/fxgl/17.3/fxgl-17.3.jar!/fxglassets/ui/fonts/VarelaRound-Regular.ttf
17:28:55.908 [FXGL Background Thread 4 ] DEBUG FXGLAssetLoaderServi - Loading from file system: jar:file:///C:/Users/USER/.m2/repository/com/github/almasb/fxgl/17.3/fxgl-17.3.jar!/fxglassets/ui/fonts/Abel-Regular.ttf
17:28:55.960 [FXGL Background Thread 4 ] DEBUG FXGLAssetLoaderServi - Loading from file system: jar:file:///C:/Users/USER/.m2/repository/com/github/almasb/fxgl/17.3/fxgl-17.3.jar!/fxglassets/ui/fonts/TerminalLandMono-Regular.otf
17:28:55.996 [FXGL Background Thread 4 ] DEBUG FXGLAssetLoaderServi - Loading from file system: jar:file:///C:/Users/USER/.m2/repository/com/github/almasb/fxgl/17.3/fxgl-17.3.jar!/fxglassets/ui/fonts/Courier-Prime.ttf
17:28:56.030 [JavaFX Application Thread] DEBUG AudioPlayer          - Playing music com.almasb.fxgl.audio.Music@152b689e
17:28:56.031 [JavaFX Application Thread] DEBUG FXGLAssetLoaderServi - Loading from file system: jar:file:///C:/Users/USER/.m2/repository/com/github/almasb/fxgl/17.3/fxgl-17.3.jar!/fxglassets/textures/fxgl_icon.png
17:28:56.055 [JavaFX Application Thread] DEBUG FXGLAssetLoaderServi - Loading from file system: jar:file:///C:/Users/USER/.m2/repository/com/github/almasb/fxgl/17.3/fxgl-17.3.jar!/fxglassets/textures/fxgl_default_cursor.png
17:28:56.058 [JavaFX Application Thread] DEBUG Input                - Registered new binding: Screenshot - CTRL+8
17:28:56.058 [JavaFX Application Thread] DEBUG Input                - Registered new binding: Dev Options - 1
17:28:56.059 [JavaFX Application Thread] DEBUG Input                - Registered new binding: Dev Console - 2
17:28:56.059 [JavaFX Application Thread] DEBUG Input                - Registered new binding: System info dump - CTRL+9
17:28:56.060 [JavaFX Application Thread] DEBUG Input                - Registered new binding: Restart - CTRL+R
17:28:56.061 [JavaFX Application Thread] DEBUG Input                - Registered new binding: Toggle Debug Camera - CTRL+7
17:28:56.064 [JavaFX Application Thread] DEBUG LoopRunner           - Starting loop
17:28:56.070 [JavaFX Application Thread] DEBUG LoopRunner           - Initializing JavaFX AnimationTimerLoop
17:28:56.073 [JavaFX Application Thread] DEBUG Input                - Clearing active input actions
17:28:56.087 [JavaFX Application Thread] DEBUG GameApplicationServi - Removing overlay from FXGLStartupScene and adding to FXGLMainMenuDummyScene
17:28:56.091 [JavaFX Application Thread] DEBUG PrimaryStageWindow   - FXGLStartupScene -> FXGLMainMenuDummyScene
17:28:56.091 [JavaFX Application Thread] DEBUG PrimaryStageWindow   - Push state: GameMainMenu
17:28:56.091 [JavaFX Application Thread] DEBUG Input                - Clearing active input actions
17:28:56.099 [JavaFX Application Thread] DEBUG GameApplicationServi - Removing overlay from FXGLMainMenuDummyScene and adding to GameMainMenu
17:28:56.100 [JavaFX Application Thread] DEBUG PrimaryStageWindow   - FXGLMainMenuDummyScene -> GameMainMenu
17:28:56.101 [JavaFX Application Thread] DEBUG FXGLApplication      - Registering font factories with UI factory
17:28:57.153 [FXGL Background Thread 2 ] INFO  UpdaterService       - Your current version:  17.3
17:28:57.154 [FXGL Background Thread 2 ] INFO  UpdaterService       - Latest stable version: 21.1
17:28:58.753 [FXGL Background Thread 3 ] DEBUG Engine               - Logging environment variables
17:28:58.753 [FXGL Background Thread 3 ] DEBUG Engine               - achievements: []
17:28:58.753 [FXGL Background Thread 3 ] DEBUG Engine               - actualHeight: 720.0
17:28:58.753 [FXGL Background Thread 3 ] DEBUG Engine               - actualHeightProperty: ReadOnlyDoubleProperty [value: 720.0]
17:28:58.753 [FXGL Background Thread 3 ] DEBUG Engine               - actualWidth: 720.0
17:28:58.753 [FXGL Background Thread 3 ] DEBUG Engine               - actualWidthProperty: ReadOnlyDoubleProperty [value: 720.0]
17:28:58.754 [FXGL Background Thread 3 ] DEBUG Engine               - appIcon: fxgl_icon.png
17:28:58.754 [FXGL Background Thread 3 ] DEBUG Engine               - applicationMode: DEVELOPER
17:28:58.754 [FXGL Background Thread 3 ] DEBUG Engine               - cSSList: [fxgl_dark.css]
17:28:58.754 [FXGL Background Thread 3 ] DEBUG Engine               - collisionDetectionStrategy: BRUTE_FORCE
17:28:58.754 [FXGL Background Thread 3 ] DEBUG Engine               - configClass: Optional.empty
17:28:58.754 [FXGL Background Thread 3 ] DEBUG Engine               - credits: []
17:28:58.754 [FXGL Background Thread 3 ] DEBUG Engine               - defaultCursor: CursorInfo(imageName=fxgl_default_cursor.png, hotspotX=7.0, hotspotY=6.0)
17:28:58.755 [FXGL Background Thread 3 ] DEBUG Engine               - devBBoxColorProperty: ObjectProperty [value: 0xff0000ff]
17:28:58.755 [FXGL Background Thread 3 ] DEBUG Engine               - devEnableDebugCameraProperty: BooleanProperty [value: false]
17:28:58.755 [FXGL Background Thread 3 ] DEBUG Engine               - devSensorColorProperty: ObjectProperty [value: 0xffff00ff]
17:28:58.755 [FXGL Background Thread 3 ] DEBUG Engine               - devShowBBoxProperty: BooleanProperty [value: false]
17:28:58.755 [FXGL Background Thread 3 ] DEBUG Engine               - devShowPositionProperty: BooleanProperty [value: false]
17:28:58.755 [FXGL Background Thread 3 ] DEBUG Engine               - enabledMenuItems: []
17:28:58.755 [FXGL Background Thread 3 ] DEBUG Engine               - engineServices: [class com.almasb.fxgl.app.services.FXGLAssetLoaderService, class com.almasb.fxgl.app.FXGLApplication$GameApplicationService, class com.almasb.fxgl.app.services.FXGLDialogService, class com.almasb.fxgl.app.services.IOTaskExecutorService, class com.almasb.fxgl.io.FileSystemService, class com.almasb.fxgl.localization.LocalizationService, class com.almasb.fxgl.app.services.SystemBundleService, class com.almasb.fxgl.profile.SaveLoadService, class com.almasb.fxgl.ui.FXGLUIFactoryServiceProvider, class com.almasb.fxgl.ui.FXGLDialogFactoryServiceProvider, class com.almasb.fxgl.audio.AudioPlayer, class com.almasb.fxgl.notification.impl.NotificationServiceProvider, class com.almasb.fxgl.achievement.AchievementService, class com.almasb.fxgl.cutscene.CutsceneService, class com.almasb.fxgl.minigames.MiniGameService, class com.almasb.fxgl.net.NetService, class com.almasb.fxgl.app.services.UpdaterService, class com.almasb.fxgl.dev.DevService]
17:28:58.755 [FXGL Background Thread 3 ] DEBUG Engine               - fontGame: Abel-Regular.ttf
17:28:58.755 [FXGL Background Thread 3 ] DEBUG Engine               - fontMono: TerminalLandMono-Regular.otf
17:28:58.756 [FXGL Background Thread 3 ] DEBUG Engine               - fontSizeScaleUI: 1.0
17:28:58.756 [FXGL Background Thread 3 ] DEBUG Engine               - fontText: Courier-Prime.ttf
17:28:58.756 [FXGL Background Thread 3 ] DEBUG Engine               - fontUI: VarelaRound-Regular.ttf
17:28:58.756 [FXGL Background Thread 3 ] DEBUG Engine               - fullScreen: BooleanProperty [value: false]
17:28:58.756 [FXGL Background Thread 3 ] DEBUG Engine               - gameDifficulty: MEDIUM
17:28:58.756 [FXGL Background Thread 3 ] DEBUG Engine               - gameDifficultyProperty: ObjectProperty [value: MEDIUM]
17:28:58.756 [FXGL Background Thread 3 ] DEBUG Engine               - globalMusicVolume: 0.5
17:28:58.756 [FXGL Background Thread 3 ] DEBUG Engine               - globalMusicVolumeProperty: DoubleProperty [value: 0.5]
17:28:58.756 [FXGL Background Thread 3 ] DEBUG Engine               - globalSoundVolume: 0.5
17:28:58.756 [FXGL Background Thread 3 ] DEBUG Engine               - globalSoundVolumeProperty: DoubleProperty [value: 0.25]
17:28:58.757 [FXGL Background Thread 3 ] DEBUG Engine               - height: 720
17:28:58.757 [FXGL Background Thread 3 ] DEBUG Engine               - is3D: false
17:28:58.757 [FXGL Background Thread 3 ] DEBUG Engine               - isAndroid: false
17:28:58.757 [FXGL Background Thread 3 ] DEBUG Engine               - isBrowser: false
17:28:58.757 [FXGL Background Thread 3 ] DEBUG Engine               - isClickFeedbackEnabled: false
17:28:58.757 [FXGL Background Thread 3 ] DEBUG Engine               - isCloseConfirmation: false
17:28:58.757 [FXGL Background Thread 3 ] DEBUG Engine               - isDesktop: true
17:28:58.757 [FXGL Background Thread 3 ] DEBUG Engine               - isDeveloperMenuEnabled: true
17:28:58.757 [FXGL Background Thread 3 ] DEBUG Engine               - isEmbedded: false
17:28:58.757 [FXGL Background Thread 3 ] DEBUG Engine               - isEntityPreloadEnabled: true
17:28:58.757 [FXGL Background Thread 3 ] DEBUG Engine               - isExperimentalTiledLargeMap: false
17:28:58.757 [FXGL Background Thread 3 ] DEBUG Engine               - isFileSystemWriteAllowed: true
17:28:58.757 [FXGL Background Thread 3 ] DEBUG Engine               - isFullScreenAllowed: false
17:28:58.758 [FXGL Background Thread 3 ] DEBUG Engine               - isFullScreenFromStart: false
17:28:58.758 [FXGL Background Thread 3 ] DEBUG Engine               - isGameMenuEnabled: true
17:28:58.758 [FXGL Background Thread 3 ] DEBUG Engine               - isIOS: false
17:28:58.758 [FXGL Background Thread 3 ] DEBUG Engine               - isIntroEnabled: false
17:28:58.758 [FXGL Background Thread 3 ] DEBUG Engine               - isLinux: false
17:28:58.758 [FXGL Background Thread 3 ] DEBUG Engine               - isMac: false
17:28:58.758 [FXGL Background Thread 3 ] DEBUG Engine               - isMainMenuEnabled: true
17:28:58.758 [FXGL Background Thread 3 ] DEBUG Engine               - isManualResizeEnabled: false
17:28:58.758 [FXGL Background Thread 3 ] DEBUG Engine               - isMobile: false
17:28:58.758 [FXGL Background Thread 3 ] DEBUG Engine               - isNative: false
17:28:58.758 [FXGL Background Thread 3 ] DEBUG Engine               - isPauseMusicWhenMinimized: true
17:28:58.758 [FXGL Background Thread 3 ] DEBUG Engine               - isPreserveResizeRatio: false
17:28:58.759 [FXGL Background Thread 3 ] DEBUG Engine               - isProfilingEnabled: false
17:28:58.759 [FXGL Background Thread 3 ] DEBUG Engine               - isScaleAffectedOnResize: true
17:28:58.759 [FXGL Background Thread 3 ] DEBUG Engine               - isSingleStep: false
17:28:58.759 [FXGL Background Thread 3 ] DEBUG Engine               - isUserProfileEnabled: false
17:28:58.759 [FXGL Background Thread 3 ] DEBUG Engine               - isWindows: true
17:28:58.759 [FXGL Background Thread 3 ] DEBUG Engine               - language: ObjectProperty [value: ENGLISH]
17:28:58.759 [FXGL Background Thread 3 ] DEBUG Engine               - menuKey: ESCAPE
17:28:58.759 [FXGL Background Thread 3 ] DEBUG Engine               - mouseSensitivity: 0.2
17:28:58.759 [FXGL Background Thread 3 ] DEBUG Engine               - notificationViewClass: class com.almasb.fxgl.notification.view.XboxNotificationView
17:28:58.759 [FXGL Background Thread 3 ] DEBUG Engine               - pixelsPerMeter: 50.0
17:28:58.759 [FXGL Background Thread 3 ] DEBUG Engine               - platform: WINDOWS
17:28:58.759 [FXGL Background Thread 3 ] DEBUG Engine               - prefHeightProperty: ReadOnlyDoubleProperty [value: 720.0]
17:28:58.759 [FXGL Background Thread 3 ] DEBUG Engine               - prefWidthProperty: ReadOnlyDoubleProperty [value: 720.0]
17:28:58.760 [FXGL Background Thread 3 ] DEBUG Engine               - profileDir: profiles/
17:28:58.760 [FXGL Background Thread 3 ] DEBUG Engine               - profileName: StringProperty [value: DEFAULT]
17:28:58.760 [FXGL Background Thread 3 ] DEBUG Engine               - randomSeed: -1
17:28:58.760 [FXGL Background Thread 3 ] DEBUG Engine               - runtimeInfo: RuntimeInfo(platform=WINDOWS, version=17.3, build=30.03.2023 11.49)
17:28:58.760 [FXGL Background Thread 3 ] DEBUG Engine               - saveFileExt: sav
17:28:58.760 [FXGL Background Thread 3 ] DEBUG Engine               - scaledHeightProp$fxgl: DoubleProperty [bound, value: 720.0]
17:28:58.760 [FXGL Background Thread 3 ] DEBUG Engine               - scaledWidthProp$fxgl: DoubleProperty [bound, value: 720.0]
17:28:58.760 [FXGL Background Thread 3 ] DEBUG Engine               - sceneFactory: com.example.flat2d.GameApp$1@58310203
17:28:58.760 [FXGL Background Thread 3 ] DEBUG Engine               - secondsIn24h: 60
17:28:58.761 [FXGL Background Thread 3 ] DEBUG Engine               - soundMenuBack: menu/back.wav
17:28:58.761 [FXGL Background Thread 3 ] DEBUG Engine               - soundMenuPress: menu/press.wav
17:28:58.761 [FXGL Background Thread 3 ] DEBUG Engine               - soundMenuSelect: menu/select.wav
17:28:58.761 [FXGL Background Thread 3 ] DEBUG Engine               - soundNotification: core/notification.wav
17:28:58.761 [FXGL Background Thread 3 ] DEBUG Engine               - stageStyle: DECORATED
17:28:58.761 [FXGL Background Thread 3 ] DEBUG Engine               - supportedLanguages: [ENGLISH, FRENCH, GERMAN, HUNGARIAN, RUSSIAN]
17:28:58.761 [FXGL Background Thread 3 ] DEBUG Engine               - ticksPerSecond: -1
17:28:58.761 [FXGL Background Thread 3 ] DEBUG Engine               - title: Adventures of Sir Vim Zarado
17:28:58.761 [FXGL Background Thread 3 ] DEBUG Engine               - urlGithub: https://github.com/AlmasB/FXGL
17:28:58.761 [FXGL Background Thread 3 ] DEBUG Engine               - urlLeaderboard: http://fxgl-top.herokuapp.com/
17:28:58.761 [FXGL Background Thread 3 ] DEBUG Engine               - urlPOM: https://raw.githubusercontent.com/AlmasB/FXGL/release/README.md
17:28:58.761 [FXGL Background Thread 3 ] DEBUG Engine               - userAppClass: class com.example.flat2d.GameApp
17:28:58.761 [FXGL Background Thread 3 ] DEBUG Engine               - version: 0.0
17:28:58.762 [FXGL Background Thread 3 ] DEBUG Engine               - versionCheckDays: 7
17:28:58.762 [FXGL Background Thread 3 ] DEBUG Engine               - width: 720
17:28:58.762 [FXGL Background Thread 3 ] DEBUG Engine               - Logging services
17:28:58.762 [FXGL Background Thread 3 ] DEBUG Engine               - class com.almasb.fxgl.app.services.FXGLAssetLoaderService
17:28:58.762 [FXGL Background Thread 3 ] DEBUG Engine               - class com.almasb.fxgl.app.FXGLApplication$GameApplicationService
17:28:58.762 [FXGL Background Thread 3 ] DEBUG Engine               - class com.almasb.fxgl.app.services.FXGLDialogService
17:28:58.762 [FXGL Background Thread 3 ] DEBUG Engine               - class com.almasb.fxgl.app.services.IOTaskExecutorService
17:28:58.762 [FXGL Background Thread 3 ] DEBUG Engine               - class com.almasb.fxgl.io.FileSystemService
17:28:58.762 [FXGL Background Thread 3 ] DEBUG Engine               - class com.almasb.fxgl.localization.LocalizationService
17:28:58.762 [FXGL Background Thread 3 ] DEBUG Engine               - class com.almasb.fxgl.app.services.SystemBundleService
17:28:58.762 [FXGL Background Thread 3 ] DEBUG Engine               - class com.almasb.fxgl.profile.SaveLoadService
17:28:58.762 [FXGL Background Thread 3 ] DEBUG Engine               - class com.almasb.fxgl.ui.FXGLUIFactoryServiceProvider
17:28:58.762 [FXGL Background Thread 3 ] DEBUG Engine               - class com.almasb.fxgl.ui.FXGLDialogFactoryServiceProvider
17:28:58.762 [FXGL Background Thread 3 ] DEBUG Engine               - class com.almasb.fxgl.audio.AudioPlayer
17:28:58.763 [FXGL Background Thread 3 ] DEBUG Engine               - class com.almasb.fxgl.notification.impl.NotificationServiceProvider
17:28:58.763 [FXGL Background Thread 3 ] DEBUG Engine               - class com.almasb.fxgl.achievement.AchievementService
17:28:58.763 [FXGL Background Thread 3 ] DEBUG Engine               - class com.almasb.fxgl.cutscene.CutsceneService
17:28:58.763 [FXGL Background Thread 3 ] DEBUG Engine               - class com.almasb.fxgl.minigames.MiniGameService
17:28:58.763 [FXGL Background Thread 3 ] DEBUG Engine               - class com.almasb.fxgl.net.NetService
17:28:58.763 [FXGL Background Thread 3 ] DEBUG Engine               - class com.almasb.fxgl.app.services.UpdaterService
17:28:58.763 [FXGL Background Thread 3 ] DEBUG Engine               - class com.almasb.fxgl.dev.DevService
17:29:06.240 [JavaFX Application Thread] DEBUG AudioPlayer          - Stopping music com.almasb.fxgl.audio.Music@152b689e
17:29:06.241 [JavaFX Application Thread] DEBUG FXGLAssetLoaderServi - Loading from file system: file:/C:/Users/USER/IdeaProjects/CSIT228-F3-Finals/target/classes/assets/music/game-music.mp3
17:29:06.244 [JavaFX Application Thread] DEBUG AudioPlayer          - Playing music com.almasb.fxgl.audio.Music@2e24dfa0
17:29:06.244 [JavaFX Application Thread] DEBUG Menu                 - fireNewGame()
17:29:06.245 [JavaFX Application Thread] DEBUG GameApplicationServi - Starting new game
17:29:06.245 [JavaFX Application Thread] DEBUG PrimaryStageWindow   - Pop state: GameMainMenu
17:29:06.245 [JavaFX Application Thread] DEBUG Input                - Clearing active input actions
17:29:06.246 [JavaFX Application Thread] DEBUG GameApplicationServi - Removing overlay from GameMainMenu and adding to FXGLMainMenuDummyScene
17:29:06.248 [JavaFX Application Thread] DEBUG PrimaryStageWindow   - FXGLMainMenuDummyScene <- GameMainMenu
17:29:06.248 [JavaFX Application Thread] DEBUG Input                - Clearing active input actions
17:29:06.256 [JavaFX Application Thread] DEBUG GameApplicationServi - Removing overlay from FXGLMainMenuDummyScene and adding to FXGLLoadingScene
17:29:06.256 [JavaFX Application Thread] DEBUG PrimaryStageWindow   - FXGLMainMenuDummyScene -> FXGLLoadingScene
17:29:06.256 [JavaFX Application Thread] DEBUG GameApplicationServi - Clearing previous game
17:29:06.256 [JavaFX Application Thread] DEBUG GameScene            - Clearing game scene
17:29:06.257 [JavaFX Application Thread] DEBUG GameWorld            - Clearing game world
17:29:06.257 [JavaFX Application Thread] DEBUG PhysicsWorld         - Clearing physics world
17:29:06.258 [FXGL Background Thread 2 ] DEBUG FXGLApplication      - Initializing game
17:29:06.310 [FXGL Background Thread 2 ] WARN  TMXLevelLoader       - TiledMap generated from 1.10.2. Supported version: 1.9.0. Some features may not be parsed fully.
17:29:06.347 [FXGL Background Thread 2 ] DEBUG TMXLevelLoader       - Parsed TiledMap: file:/C:/Users/USER/IdeaProjects/CSIT228-F3-Finals/target/classes/assets/levels/tmx/2DGameTiledMap.tmx
17:29:06.348 [FXGL Background Thread 2 ] DEBUG TMXLevelLoader       - Creating tile layer entities
17:29:06.350 [FXGL Background Thread 2 ] DEBUG TilesetLoader        - Loading view for layer Floor
17:29:06.362 [FXGL Background Thread 2 ] DEBUG TilesetLoader        - Created buffer with size 2304.0x2304.0
17:29:06.464 [FXGL Background Thread 2 ] DEBUG TilesetLoader        - Loading view for layer Stuff
17:29:06.472 [FXGL Background Thread 2 ] DEBUG TilesetLoader        - Created buffer with size 2304.0x2304.0
17:29:06.485 [FXGL Background Thread 2 ] DEBUG TilesetLoader        - Loading view for layer Decor
17:29:06.504 [FXGL Background Thread 2 ] DEBUG TilesetLoader        - Created buffer with size 2304.0x2304.0
17:29:06.512 [FXGL Background Thread 2 ] DEBUG TilesetLoader        - Loading view for layer More
17:29:06.528 [FXGL Background Thread 2 ] DEBUG TilesetLoader        - Created buffer with size 2304.0x2304.0
17:29:06.530 [FXGL Background Thread 2 ] DEBUG TMXLevelLoader       - Creating object layer entities
17:29:06.557 [FXGL Background Thread 2 ] DEBUG GameWorld            - Clearing removable entities
17:29:06.558 [FXGL Background Thread 2 ] DEBUG GameWorld            - Setting level: com.almasb.fxgl.entity.level.Level@43ef4e88
17:29:06.565 [FXGL Background Thread 2 ] DEBUG FXGLAssetLoaderServi - Loading from file system: file:/C:/Users/USER/IdeaProjects/CSIT228-F3-Finals/target/classes/assets/textures/lecatmoves.png
17:29:06.566 [FXGL Background Thread 2 ] DEBUG FXGLAssetLoaderServi - Loading from file system: file:/C:/Users/USER/IdeaProjects/CSIT228-F3-Finals/target/classes/assets/textures/CatOne.png
17:29:06.567 [FXGL Background Thread 2 ] DEBUG FXGLAssetLoaderServi - Loading from file system: file:/C:/Users/USER/IdeaProjects/CSIT228-F3-Finals/target/classes/assets/textures/CatThree.png
17:29:06.569 [FXGL Background Thread 2 ] DEBUG FXGLAssetLoaderServi - Loading from file system: file:/C:/Users/USER/IdeaProjects/CSIT228-F3-Finals/target/classes/assets/textures/CatFour.png
17:29:06.600 [FXGL Background Thread 2 ] INFO  FXGLApplication      - Game initialization took: 0.341 sec
17:29:06.611 [JavaFX Application Thread] DEBUG Input                - Clearing active input actions
17:29:06.619 [JavaFX Application Thread] DEBUG GameApplicationServi - Removing overlay from FXGLLoadingScene and adding to GameScene
17:29:06.633 [JavaFX Application Thread] DEBUG PrimaryStageWindow   - FXGLLoadingScene -> GameScene
17:29:07.640 [JavaFX Application Thread] DEBUG FXGLAssetLoaderServi - Loading from file system: file:/C:/Users/USER/IdeaProjects/CSIT228-F3-Finals/target/classes/assets/textures/spr_bullet_strip.png
17:29:09.205 [JavaFX Application Thread] DEBUG FXGLAssetLoaderServi - Loading from file system: file:/C:/Users/USER/IdeaProjects/CSIT228-F3-Finals/target/classes/assets/textures/wolf-runing-cycle-skin.png
17:29:16.549 [JavaFX Application Thread] DEBUG FXGLAssetLoaderServi - Loading from file system: file:/C:/Users/USER/IdeaProjects/CSIT228-F3-Finals/target/classes/assets/textures/foreSkinDragon.png
17:29:24.946 [JavaFX Application Thread] DEBUG FXGLApplication      - Exiting FXGL
17:29:24.947 [JavaFX Application Thread] DEBUG LoopRunner           - Stopping loop
17:29:24.947 [JavaFX Application Thread] DEBUG SystemBundleService  - Saving FXGL system data
17:29:24.949 [JavaFX Application Thread] DEBUG FileSystemAccess     - Writing to: C:\Users\USER\IdeaProjects\CSIT228-F3-Finals\system\fxgl.bundle
17:29:24.951 [JavaFX Application Thread] DEBUG Async                - Shutting down background threads
17:29:24.952 [JavaFX Application Thread] DEBUG PrimaryStageWindow   - Closing main window
17:29:24.961 [JavaFX Application Thread] DEBUG Logger               - Closing Logger
