01:13:08.027 [main                     ] DEBUG Logger               - Configured Logger
01:13:08.042 [main                     ] DEBUG GameApplication      - Logging settings
Title: Frog This Sheet
Version: 0.0
Width: 720
Height: 720
Fullscreen: false
Intro: false
Profiling: false
Single step:false
App Mode: DEVELOPER
Menu Key: ESCAPE
Stage Style: DECORATED
Scene Factory: class com.almasb.fxgl.app.scene.SceneFactory

01:13:08.309 [JavaFX Application Thread] DEBUG FXGLApplication      - Initializing FXGL
01:13:08.311 [JavaFX Application Thread] INFO  Engine               - FXGL-17.3 (30.03.2023 11.49) on WINDOWS (J:21.0.2 FX:21)
01:13:08.311 [JavaFX Application Thread] DEBUG Engine               - JRE Vendor Name: Oracle Corporation
01:13:08.311 [JavaFX Application Thread] DEBUG Engine               - Running on OS: Windows 11 version 10.0
01:13:08.311 [JavaFX Application Thread] DEBUG Engine               - Architecture: amd64
01:13:08.311 [JavaFX Application Thread] INFO  Engine               - Source code and latest versions at: https://github.com/AlmasB/FXGL
01:13:08.312 [JavaFX Application Thread] INFO  Engine               -       Ask questions and discuss at: https://github.com/AlmasB/FXGL/discussions
01:13:08.312 [JavaFX Application Thread] INFO  Engine               -              Join the FXGL chat at: https://gitter.im/AlmasB/FXGL
01:13:08.361 [JavaFX Application Thread] DEBUG PrimaryStageWindow   - Creating a JavaFX scene
01:13:08.389 [JavaFX Application Thread] DEBUG PrimaryStageWindow   - Target settings size: 720.0 x 720.0
01:13:08.390 [JavaFX Application Thread] DEBUG PrimaryStageWindow   - Scaled scene size:    720.0 x 720.0
01:13:08.390 [JavaFX Application Thread] DEBUG PrimaryStageWindow   - Scaled ratio: (1.0, 1.0)
01:13:08.390 [JavaFX Application Thread] DEBUG PrimaryStageWindow   - Set initial scene to FXGLStartupScene
01:13:08.392 [JavaFX Application Thread] DEBUG PrimaryStageWindow   - Opening main window
01:13:08.449 [JavaFX Application Thread] DEBUG PrimaryStageWindow   - Window border size: (14.4000244140625, 37.5999755859375)
01:13:08.449 [JavaFX Application Thread] DEBUG PrimaryStageWindow   - Scaled size: 720.0 x 720.0
01:13:08.449 [JavaFX Application Thread] DEBUG PrimaryStageWindow   - Scaled ratio: (1.0, 1.0)
01:13:08.449 [JavaFX Application Thread] DEBUG PrimaryStageWindow   - Scene size: 720.0 x 720.0
01:13:08.450 [JavaFX Application Thread] DEBUG PrimaryStageWindow   - Stage size: 734.4000244140625 x 757.5999755859375
01:13:08.454 [FXGL Background Thread 1 ] DEBUG Engine               - Initializing environment variables
01:13:08.489 [FXGL Background Thread 1 ] DEBUG FXGLAssetLoaderServi - User app class for loading assets: class com.example.flat2d.GameApp
01:13:08.489 [FXGL Background Thread 1 ] DEBUG GameApplicationServi - Applying CSS: fxgl_dark.css
01:13:08.490 [FXGL Background Thread 1 ] DEBUG FXGLAssetLoaderServi - Loading from file system: jar:file:///C:/Users/acer/.m2/repository/com/github/almasb/fxgl/17.3/fxgl-17.3.jar!/fxglassets/ui/css/fxgl_dark.css
01:13:08.518 [FXGL Background Thread 1 ] DEBUG GameApplicationServi - Initializing application scenes
01:13:08.541 [FXGL Background Thread 1 ] DEBUG GameWorld            - Game world initialized
01:13:08.580 [FXGL Background Thread 1 ] DEBUG PhysicsWorld         - Physics world initialized: appHeight=720, physics.ppm=50.0
01:13:08.580 [FXGL Background Thread 1 ] DEBUG PhysicsWorld         - Using strategy: BRUTE_FORCE
01:13:08.583 [FXGL Background Thread 1 ] DEBUG GameScene            - Game scene initialized: 720x720
01:13:08.590 [FXGL Background Thread 1 ] WARN  FXGL.DefaultMenu     - FXGLDefaultMenu is not designed for resolutions < 800x600
01:13:08.590 [FXGL Background Thread 1 ] DEBUG FXGL.DefaultMenu     - createMenuBodyGameMenu()
01:13:08.597 [FXGL Background Thread 1 ] DEBUG FXGL.DefaultMenu     - createOptionsMenu()
01:13:08.603 [FXGL Background Thread 1 ] DEBUG FXGLAssetLoaderServi - Loading from file system: jar:file:///C:/Users/acer/.m2/repository/com/github/almasb/fxgl/17.3/fxgl-17.3.jar!/fxglassets/textures/particles/smoke.png
01:13:08.651 [FXGL Background Thread 1 ] DEBUG FXGLAssetLoaderServi - Loading from file system: jar:file:///C:/Users/acer/.m2/repository/com/github/almasb/fxgl/17.3/fxgl-17.3.jar!/fxglassets/textures/particles/trace_horizontal.png
01:13:08.665 [FXGL Background Thread 1 ] DEBUG GameApplicationServi - Application scenes initialized
01:13:08.674 [FXGL Background Thread 1 ] DEBUG SystemBundleService  - Loading FXGL system data
01:13:08.677 [FXGL Background Thread 1 ] DEBUG FileSystemAccess     - Reading from: C:\Users\acer\JavaProjects\flat2d\system\fxgl.bundle
01:13:08.683 [FXGL Background Thread 1 ] DEBUG SystemBundleService  - Bundle FXGL: {}
01:13:08.683 [FXGL Background Thread 1 ] DEBUG UpdaterService       - Checking for updates
01:13:08.697 [FXGL Background Thread 4 ] DEBUG FXGLApplication      - Loading fonts
01:13:08.697 [FXGL Background Thread 1 ] DEBUG FXGLApplication      - Loading default localization
01:13:08.697 [FXGL Background Thread 4 ] DEBUG FXGLAssetLoaderServi - Loading from file system: jar:file:///C:/Users/acer/.m2/repository/com/github/almasb/fxgl/17.3/fxgl-17.3.jar!/fxglassets/ui/fonts/VarelaRound-Regular.ttf
01:13:08.697 [FXGL Background Thread 1 ] DEBUG FXGLAssetLoaderServi - Loading from file system: jar:file:///C:/Users/acer/.m2/repository/com/github/almasb/fxgl/17.3/fxgl-17.3.jar!/fxglassets/languages/english.lang
01:13:08.709 [FXGL Background Thread 1 ] INFO  FXGLApplication      - FXGL initialization took: 0.254 sec
01:13:08.714 [JavaFX Application Thread] DEBUG Input                - Registered new binding: Up - W
01:13:08.714 [JavaFX Application Thread] DEBUG Input                - Registered new binding: Right - D
01:13:08.714 [JavaFX Application Thread] DEBUG Input                - Registered new binding: Left - A
01:13:08.714 [JavaFX Application Thread] DEBUG Input                - Registered new binding: Down - S
01:13:08.715 [JavaFX Application Thread] DEBUG FXGLAssetLoaderServi - Loading from file system: jar:file:///C:/Users/acer/.m2/repository/com/github/almasb/fxgl/17.3/fxgl-17.3.jar!/fxglassets/textures/fxgl_icon.png
01:13:08.727 [FXGL Background Thread 4 ] DEBUG FXGLAssetLoaderServi - Loading from file system: jar:file:///C:/Users/acer/.m2/repository/com/github/almasb/fxgl/17.3/fxgl-17.3.jar!/fxglassets/ui/fonts/Abel-Regular.ttf
01:13:08.727 [JavaFX Application Thread] DEBUG FXGLAssetLoaderServi - Loading from file system: jar:file:///C:/Users/acer/.m2/repository/com/github/almasb/fxgl/17.3/fxgl-17.3.jar!/fxglassets/textures/fxgl_default_cursor.png
01:13:08.730 [JavaFX Application Thread] DEBUG Input                - Registered new binding: Screenshot - CTRL+8
01:13:08.730 [JavaFX Application Thread] DEBUG Input                - Registered new binding: Dev Options - 1
01:13:08.730 [JavaFX Application Thread] DEBUG Input                - Registered new binding: Dev Console - 2
01:13:08.730 [JavaFX Application Thread] DEBUG Input                - Registered new binding: System info dump - CTRL+9
01:13:08.730 [JavaFX Application Thread] DEBUG Input                - Registered new binding: Restart - CTRL+R
01:13:08.730 [FXGL Background Thread 4 ] DEBUG FXGLAssetLoaderServi - Loading from file system: jar:file:///C:/Users/acer/.m2/repository/com/github/almasb/fxgl/17.3/fxgl-17.3.jar!/fxglassets/ui/fonts/TerminalLandMono-Regular.otf
01:13:08.731 [JavaFX Application Thread] DEBUG Input                - Registered new binding: Toggle Debug Camera - CTRL+7
01:13:08.733 [JavaFX Application Thread] DEBUG LoopRunner           - Starting loop
01:13:08.733 [FXGL Background Thread 4 ] DEBUG FXGLAssetLoaderServi - Loading from file system: jar:file:///C:/Users/acer/.m2/repository/com/github/almasb/fxgl/17.3/fxgl-17.3.jar!/fxglassets/ui/fonts/Courier-Prime.ttf
01:13:08.742 [JavaFX Application Thread] DEBUG LoopRunner           - Initializing JavaFX AnimationTimerLoop
01:13:08.743 [JavaFX Application Thread] DEBUG GameApplicationServi - Starting new game
01:13:08.744 [JavaFX Application Thread] DEBUG Input                - Clearing active input actions
01:13:08.751 [JavaFX Application Thread] DEBUG GameApplicationServi - Removing overlay from FXGLStartupScene and adding to FXGLLoadingScene
01:13:08.753 [JavaFX Application Thread] DEBUG PrimaryStageWindow   - FXGLStartupScene -> FXGLLoadingScene
01:13:08.753 [JavaFX Application Thread] DEBUG GameApplicationServi - Clearing previous game
01:13:08.753 [JavaFX Application Thread] DEBUG GameScene            - Clearing game scene
01:13:08.753 [JavaFX Application Thread] DEBUG GameWorld            - Clearing game world
01:13:08.753 [JavaFX Application Thread] DEBUG PhysicsWorld         - Clearing physics world
01:13:08.755 [FXGL Background Thread 4 ] DEBUG FXGLApplication      - Initializing game
01:13:08.757 [JavaFX Application Thread] DEBUG FXGLApplication      - Registering font factories with UI factory
01:13:08.799 [FXGL Background Thread 4 ] WARN  TMXLevelLoader       - TiledMap generated from 1.10.2. Supported version: 1.9.0. Some features may not be parsed fully.
01:13:08.803 [FXGL Background Thread 4 ] DEBUG TMXLevelLoader       - Parsed TiledMap: file:/C:/Users/acer/JavaProjects/flat2d/target/classes/assets/levels/tmx/map-iguess.tmx
01:13:08.803 [FXGL Background Thread 4 ] DEBUG TMXLevelLoader       - Creating tile layer entities
01:13:08.805 [FXGL Background Thread 4 ] DEBUG TilesetLoader        - Loading view for layer Tile Layer 1
01:13:08.807 [FXGL Background Thread 4 ] DEBUG TilesetLoader        - Created buffer with size 1152.0x1152.0
01:13:08.819 [FXGL Background Thread 4 ] DEBUG TMXLevelLoader       - Creating object layer entities
01:13:08.820 [FXGL Background Thread 4 ] DEBUG GameWorld            - Clearing removable entities
01:13:08.821 [FXGL Background Thread 4 ] DEBUG GameWorld            - Setting level: com.almasb.fxgl.entity.level.Level@72e7f9b5
01:13:08.832 [FXGL Background Thread 4 ] DEBUG FXGLAssetLoaderServi - Loading from file system: file:/C:/Users/acer/JavaProjects/flat2d/target/classes/assets/textures/lecatmoves.png
01:13:08.835 [FXGL Background Thread 4 ] DEBUG FXGLAssetLoaderServi - Loading from file system: file:/C:/Users/acer/JavaProjects/flat2d/target/classes/assets/textures/CatOne.png
01:13:08.837 [FXGL Background Thread 4 ] DEBUG FXGLAssetLoaderServi - Loading from file system: file:/C:/Users/acer/JavaProjects/flat2d/target/classes/assets/textures/CatTwo.png
01:13:08.838 [FXGL Background Thread 4 ] DEBUG FXGLAssetLoaderServi - Loading from file system: file:/C:/Users/acer/JavaProjects/flat2d/target/classes/assets/textures/CatThree.png
01:13:08.840 [FXGL Background Thread 4 ] DEBUG FXGLAssetLoaderServi - Loading from file system: file:/C:/Users/acer/JavaProjects/flat2d/target/classes/assets/textures/CatFour.png
01:13:08.860 [FXGL Background Thread 4 ] INFO  FXGLApplication      - Game initialization took: 0.105 sec
01:13:08.895 [JavaFX Application Thread] DEBUG Input                - Clearing active input actions
01:13:08.899 [JavaFX Application Thread] DEBUG GameApplicationServi - Removing overlay from FXGLLoadingScene and adding to GameScene
01:13:08.901 [JavaFX Application Thread] DEBUG PrimaryStageWindow   - FXGLLoadingScene -> GameScene
01:13:09.101 [FXGL Background Thread 2 ] INFO  UpdaterService       - Your current version:  17.3
01:13:09.101 [FXGL Background Thread 2 ] INFO  UpdaterService       - Latest stable version: 21.1
01:13:10.024 [JavaFX Application Thread] DEBUG FXGLAssetLoaderServi - Loading from file system: file:/C:/Users/acer/JavaProjects/flat2d/target/classes/assets/textures/wolf-runing-cycle-skin.png
01:13:11.696 [FXGL Background Thread 3 ] DEBUG Engine               - Logging environment variables
01:13:11.697 [FXGL Background Thread 3 ] DEBUG Engine               - achievements: []
01:13:11.698 [FXGL Background Thread 3 ] DEBUG Engine               - actualHeight: 720.0
01:13:11.698 [FXGL Background Thread 3 ] DEBUG Engine               - actualHeightProperty: ReadOnlyDoubleProperty [value: 720.0]
01:13:11.698 [FXGL Background Thread 3 ] DEBUG Engine               - actualWidth: 720.0
01:13:11.698 [FXGL Background Thread 3 ] DEBUG Engine               - actualWidthProperty: ReadOnlyDoubleProperty [value: 720.0]
01:13:11.698 [FXGL Background Thread 3 ] DEBUG Engine               - appIcon: fxgl_icon.png
01:13:11.698 [FXGL Background Thread 3 ] DEBUG Engine               - applicationMode: DEVELOPER
01:13:11.698 [FXGL Background Thread 3 ] DEBUG Engine               - cSSList: [fxgl_dark.css]
01:13:11.699 [FXGL Background Thread 3 ] DEBUG Engine               - collisionDetectionStrategy: BRUTE_FORCE
01:13:11.699 [FXGL Background Thread 3 ] DEBUG Engine               - configClass: Optional.empty
01:13:11.699 [FXGL Background Thread 3 ] DEBUG Engine               - credits: []
01:13:11.699 [FXGL Background Thread 3 ] DEBUG Engine               - defaultCursor: CursorInfo(imageName=fxgl_default_cursor.png, hotspotX=7.0, hotspotY=6.0)
01:13:11.699 [FXGL Background Thread 3 ] DEBUG Engine               - devBBoxColorProperty: ObjectProperty [value: 0xff0000ff]
01:13:11.700 [FXGL Background Thread 3 ] DEBUG Engine               - devEnableDebugCameraProperty: BooleanProperty [value: false]
01:13:11.700 [FXGL Background Thread 3 ] DEBUG Engine               - devSensorColorProperty: ObjectProperty [value: 0xffff00ff]
01:13:11.700 [FXGL Background Thread 3 ] DEBUG Engine               - devShowBBoxProperty: BooleanProperty [value: false]
01:13:11.700 [FXGL Background Thread 3 ] DEBUG Engine               - devShowPositionProperty: BooleanProperty [value: false]
01:13:11.700 [FXGL Background Thread 3 ] DEBUG Engine               - enabledMenuItems: []
01:13:11.701 [FXGL Background Thread 3 ] DEBUG Engine               - engineServices: [class com.almasb.fxgl.app.services.FXGLAssetLoaderService, class com.almasb.fxgl.app.FXGLApplication$GameApplicationService, class com.almasb.fxgl.app.services.FXGLDialogService, class com.almasb.fxgl.app.services.IOTaskExecutorService, class com.almasb.fxgl.io.FileSystemService, class com.almasb.fxgl.localization.LocalizationService, class com.almasb.fxgl.app.services.SystemBundleService, class com.almasb.fxgl.profile.SaveLoadService, class com.almasb.fxgl.ui.FXGLUIFactoryServiceProvider, class com.almasb.fxgl.ui.FXGLDialogFactoryServiceProvider, class com.almasb.fxgl.audio.AudioPlayer, class com.almasb.fxgl.notification.impl.NotificationServiceProvider, class com.almasb.fxgl.achievement.AchievementService, class com.almasb.fxgl.cutscene.CutsceneService, class com.almasb.fxgl.minigames.MiniGameService, class com.almasb.fxgl.net.NetService, class com.almasb.fxgl.app.services.UpdaterService, class com.almasb.fxgl.dev.DevService]
01:13:11.701 [FXGL Background Thread 3 ] DEBUG Engine               - fontGame: Abel-Regular.ttf
01:13:11.701 [FXGL Background Thread 3 ] DEBUG Engine               - fontMono: TerminalLandMono-Regular.otf
01:13:11.701 [FXGL Background Thread 3 ] DEBUG Engine               - fontSizeScaleUI: 1.0
01:13:11.701 [FXGL Background Thread 3 ] DEBUG Engine               - fontText: Courier-Prime.ttf
01:13:11.702 [FXGL Background Thread 3 ] DEBUG Engine               - fontUI: VarelaRound-Regular.ttf
01:13:11.702 [FXGL Background Thread 3 ] DEBUG Engine               - fullScreen: BooleanProperty [value: false]
01:13:11.702 [FXGL Background Thread 3 ] DEBUG Engine               - gameDifficulty: MEDIUM
01:13:11.702 [FXGL Background Thread 3 ] DEBUG Engine               - gameDifficultyProperty: ObjectProperty [value: MEDIUM]
01:13:11.702 [FXGL Background Thread 3 ] DEBUG Engine               - globalMusicVolume: 0.5
01:13:11.702 [FXGL Background Thread 3 ] DEBUG Engine               - globalMusicVolumeProperty: DoubleProperty [value: 0.5]
01:13:11.702 [FXGL Background Thread 3 ] DEBUG Engine               - globalSoundVolume: 0.5
01:13:11.702 [FXGL Background Thread 3 ] DEBUG Engine               - globalSoundVolumeProperty: DoubleProperty [value: 0.5]
01:13:11.702 [FXGL Background Thread 3 ] DEBUG Engine               - height: 720
01:13:11.703 [FXGL Background Thread 3 ] DEBUG Engine               - is3D: false
01:13:11.703 [FXGL Background Thread 3 ] DEBUG Engine               - isAndroid: false
01:13:11.703 [FXGL Background Thread 3 ] DEBUG Engine               - isBrowser: false
01:13:11.703 [FXGL Background Thread 3 ] DEBUG Engine               - isClickFeedbackEnabled: false
01:13:11.704 [FXGL Background Thread 3 ] DEBUG Engine               - isCloseConfirmation: false
01:13:11.704 [FXGL Background Thread 3 ] DEBUG Engine               - isDesktop: true
01:13:11.704 [FXGL Background Thread 3 ] DEBUG Engine               - isDeveloperMenuEnabled: true
01:13:11.704 [FXGL Background Thread 3 ] DEBUG Engine               - isEmbedded: false
01:13:11.704 [FXGL Background Thread 3 ] DEBUG Engine               - isEntityPreloadEnabled: true
01:13:11.705 [FXGL Background Thread 3 ] DEBUG Engine               - isExperimentalTiledLargeMap: false
01:13:11.705 [FXGL Background Thread 3 ] DEBUG Engine               - isFileSystemWriteAllowed: true
01:13:11.705 [FXGL Background Thread 3 ] DEBUG Engine               - isFullScreenAllowed: false
01:13:11.705 [FXGL Background Thread 3 ] DEBUG Engine               - isFullScreenFromStart: false
01:13:11.705 [FXGL Background Thread 3 ] DEBUG Engine               - isGameMenuEnabled: true
01:13:11.705 [FXGL Background Thread 3 ] DEBUG Engine               - isIOS: false
01:13:11.705 [FXGL Background Thread 3 ] DEBUG Engine               - isIntroEnabled: false
01:13:11.705 [FXGL Background Thread 3 ] DEBUG Engine               - isLinux: false
01:13:11.705 [FXGL Background Thread 3 ] DEBUG Engine               - isMac: false
01:13:11.705 [FXGL Background Thread 3 ] DEBUG Engine               - isMainMenuEnabled: false
01:13:11.705 [FXGL Background Thread 3 ] DEBUG Engine               - isManualResizeEnabled: false
01:13:11.705 [FXGL Background Thread 3 ] DEBUG Engine               - isMobile: false
01:13:11.706 [FXGL Background Thread 3 ] DEBUG Engine               - isNative: false
01:13:11.706 [FXGL Background Thread 3 ] DEBUG Engine               - isPauseMusicWhenMinimized: true
01:13:11.706 [FXGL Background Thread 3 ] DEBUG Engine               - isPreserveResizeRatio: false
01:13:11.706 [FXGL Background Thread 3 ] DEBUG Engine               - isProfilingEnabled: false
01:13:11.706 [FXGL Background Thread 3 ] DEBUG Engine               - isScaleAffectedOnResize: true
01:13:11.706 [FXGL Background Thread 3 ] DEBUG Engine               - isSingleStep: false
01:13:11.706 [FXGL Background Thread 3 ] DEBUG Engine               - isUserProfileEnabled: false
01:13:11.706 [FXGL Background Thread 3 ] DEBUG Engine               - isWindows: true
01:13:11.706 [FXGL Background Thread 3 ] DEBUG Engine               - language: ObjectProperty [value: ENGLISH]
01:13:11.706 [FXGL Background Thread 3 ] DEBUG Engine               - menuKey: ESCAPE
01:13:11.706 [FXGL Background Thread 3 ] DEBUG Engine               - mouseSensitivity: 0.2
01:13:11.707 [FXGL Background Thread 3 ] DEBUG Engine               - notificationViewClass: class com.almasb.fxgl.notification.view.XboxNotificationView
01:13:11.707 [FXGL Background Thread 3 ] DEBUG Engine               - pixelsPerMeter: 50.0
01:13:11.707 [FXGL Background Thread 3 ] DEBUG Engine               - platform: WINDOWS
01:13:11.707 [FXGL Background Thread 3 ] DEBUG Engine               - prefHeightProperty: ReadOnlyDoubleProperty [value: 720.0]
01:13:11.707 [FXGL Background Thread 3 ] DEBUG Engine               - prefWidthProperty: ReadOnlyDoubleProperty [value: 720.0]
01:13:11.707 [FXGL Background Thread 3 ] DEBUG Engine               - profileDir: profiles/
01:13:11.707 [FXGL Background Thread 3 ] DEBUG Engine               - profileName: StringProperty [value: DEFAULT]
01:13:11.707 [FXGL Background Thread 3 ] DEBUG Engine               - randomSeed: -1
01:13:11.707 [FXGL Background Thread 3 ] DEBUG Engine               - runtimeInfo: RuntimeInfo(platform=WINDOWS, version=17.3, build=30.03.2023 11.49)
01:13:11.707 [FXGL Background Thread 3 ] DEBUG Engine               - saveFileExt: sav
01:13:11.707 [FXGL Background Thread 3 ] DEBUG Engine               - scaledHeightProp$fxgl: DoubleProperty [bound, value: 720.0]
01:13:11.707 [FXGL Background Thread 3 ] DEBUG Engine               - scaledWidthProp$fxgl: DoubleProperty [bound, value: 720.0]
01:13:11.707 [FXGL Background Thread 3 ] DEBUG Engine               - sceneFactory: com.almasb.fxgl.app.scene.SceneFactory@5dee73bf
01:13:11.707 [FXGL Background Thread 3 ] DEBUG Engine               - secondsIn24h: 60
01:13:11.707 [FXGL Background Thread 3 ] DEBUG Engine               - soundMenuBack: menu/back.wav
01:13:11.707 [FXGL Background Thread 3 ] DEBUG Engine               - soundMenuPress: menu/press.wav
01:13:11.707 [FXGL Background Thread 3 ] DEBUG Engine               - soundMenuSelect: menu/select.wav
01:13:11.707 [FXGL Background Thread 3 ] DEBUG Engine               - soundNotification: core/notification.wav
01:13:11.707 [FXGL Background Thread 3 ] DEBUG Engine               - stageStyle: DECORATED
01:13:11.707 [FXGL Background Thread 3 ] DEBUG Engine               - supportedLanguages: [ENGLISH, FRENCH, GERMAN, HUNGARIAN, RUSSIAN]
01:13:11.707 [FXGL Background Thread 3 ] DEBUG Engine               - ticksPerSecond: -1
01:13:11.707 [FXGL Background Thread 3 ] DEBUG Engine               - title: Frog This Sheet
01:13:11.707 [FXGL Background Thread 3 ] DEBUG Engine               - urlGithub: https://github.com/AlmasB/FXGL
01:13:11.707 [FXGL Background Thread 3 ] DEBUG Engine               - urlLeaderboard: http://fxgl-top.herokuapp.com/
01:13:11.707 [FXGL Background Thread 3 ] DEBUG Engine               - urlPOM: https://raw.githubusercontent.com/AlmasB/FXGL/release/README.md
01:13:11.707 [FXGL Background Thread 3 ] DEBUG Engine               - userAppClass: class com.example.flat2d.GameApp
01:13:11.707 [FXGL Background Thread 3 ] DEBUG Engine               - version: 0.0
01:13:11.707 [FXGL Background Thread 3 ] DEBUG Engine               - versionCheckDays: 7
01:13:11.707 [FXGL Background Thread 3 ] DEBUG Engine               - width: 720
01:13:11.707 [FXGL Background Thread 3 ] DEBUG Engine               - Logging services
01:13:11.707 [FXGL Background Thread 3 ] DEBUG Engine               - class com.almasb.fxgl.app.services.FXGLAssetLoaderService
01:13:11.707 [FXGL Background Thread 3 ] DEBUG Engine               - class com.almasb.fxgl.app.FXGLApplication$GameApplicationService
01:13:11.707 [FXGL Background Thread 3 ] DEBUG Engine               - class com.almasb.fxgl.app.services.FXGLDialogService
01:13:11.707 [FXGL Background Thread 3 ] DEBUG Engine               - class com.almasb.fxgl.app.services.IOTaskExecutorService
01:13:11.707 [FXGL Background Thread 3 ] DEBUG Engine               - class com.almasb.fxgl.io.FileSystemService
01:13:11.708 [FXGL Background Thread 3 ] DEBUG Engine               - class com.almasb.fxgl.localization.LocalizationService
01:13:11.708 [FXGL Background Thread 3 ] DEBUG Engine               - class com.almasb.fxgl.app.services.SystemBundleService
01:13:11.708 [FXGL Background Thread 3 ] DEBUG Engine               - class com.almasb.fxgl.profile.SaveLoadService
01:13:11.708 [FXGL Background Thread 3 ] DEBUG Engine               - class com.almasb.fxgl.ui.FXGLUIFactoryServiceProvider
01:13:11.708 [FXGL Background Thread 3 ] DEBUG Engine               - class com.almasb.fxgl.ui.FXGLDialogFactoryServiceProvider
01:13:11.708 [FXGL Background Thread 3 ] DEBUG Engine               - class com.almasb.fxgl.audio.AudioPlayer
01:13:11.708 [FXGL Background Thread 3 ] DEBUG Engine               - class com.almasb.fxgl.notification.impl.NotificationServiceProvider
01:13:11.708 [FXGL Background Thread 3 ] DEBUG Engine               - class com.almasb.fxgl.achievement.AchievementService
01:13:11.708 [FXGL Background Thread 3 ] DEBUG Engine               - class com.almasb.fxgl.cutscene.CutsceneService
01:13:11.708 [FXGL Background Thread 3 ] DEBUG Engine               - class com.almasb.fxgl.minigames.MiniGameService
01:13:11.708 [FXGL Background Thread 3 ] DEBUG Engine               - class com.almasb.fxgl.net.NetService
01:13:11.708 [FXGL Background Thread 3 ] DEBUG Engine               - class com.almasb.fxgl.app.services.UpdaterService
01:13:11.708 [FXGL Background Thread 3 ] DEBUG Engine               - class com.almasb.fxgl.dev.DevService
01:13:16.238 [JavaFX Application Thread] DEBUG FXGLAssetLoaderServi - Loading from file system: file:/C:/Users/acer/JavaProjects/flat2d/target/classes/assets/textures/foreSkinDragon.png
01:13:33.537 [JavaFX Application Thread] DEBUG FXGLApplication      - Exiting FXGL
01:13:33.538 [JavaFX Application Thread] DEBUG LoopRunner           - Stopping loop
01:13:33.538 [JavaFX Application Thread] DEBUG SystemBundleService  - Saving FXGL system data
01:13:33.542 [JavaFX Application Thread] DEBUG FileSystemAccess     - Writing to: C:\Users\acer\JavaProjects\flat2d\system\fxgl.bundle
01:13:33.545 [JavaFX Application Thread] DEBUG Async                - Shutting down background threads
01:13:33.545 [JavaFX Application Thread] DEBUG PrimaryStageWindow   - Closing main window
01:13:33.566 [JavaFX Application Thread] DEBUG Logger               - Closing Logger
