11:41:25.283 [main                     ] DEBUG Logger               - Configured Logger
11:41:25.313 [main                     ] DEBUG GameApplication      - Logging settings
Title: Adventures of Sir Vim Zarado
Version: 0.0
Width: 720
Height: 720
Fullscreen: false
Intro: false
Profiling: false
Single step:false
App Mode: DEVELOPER
Menu Key: ESCAPE
Stage Style: DECORATED
Scene Factory: class com.example.flat2d.GameApp$1

11:41:25.831 [JavaFX Application Thread] DEBUG FXGLApplication      - Initializing FXGL
11:41:25.838 [JavaFX Application Thread] INFO  Engine               - FXGL-17.3 (30.03.2023 11.49) on WINDOWS (J:21 FX:21)
11:41:25.839 [JavaFX Application Thread] DEBUG Engine               - JRE Vendor Name: Oracle Corporation
11:41:25.839 [JavaFX Application Thread] DEBUG Engine               - Running on OS: Windows 10 version 10.0
11:41:25.840 [JavaFX Application Thread] DEBUG Engine               - Architecture: amd64
11:41:25.840 [JavaFX Application Thread] INFO  Engine               - Source code and latest versions at: https://github.com/AlmasB/FXGL
11:41:25.840 [JavaFX Application Thread] INFO  Engine               -       Ask questions and discuss at: https://github.com/AlmasB/FXGL/discussions
11:41:25.840 [JavaFX Application Thread] INFO  Engine               -              Join the FXGL chat at: https://gitter.im/AlmasB/FXGL
11:41:25.999 [JavaFX Application Thread] DEBUG PrimaryStageWindow   - Creating a JavaFX scene
11:41:26.108 [JavaFX Application Thread] DEBUG PrimaryStageWindow   - Target settings size: 720.0 x 720.0
11:41:26.109 [JavaFX Application Thread] DEBUG PrimaryStageWindow   - Scaled scene size:    720.0 x 720.0
11:41:26.110 [JavaFX Application Thread] DEBUG PrimaryStageWindow   - Scaled ratio: (1.0, 1.0)
11:41:26.111 [JavaFX Application Thread] DEBUG PrimaryStageWindow   - Set initial scene to FXGLStartupScene
11:41:26.118 [JavaFX Application Thread] DEBUG PrimaryStageWindow   - Opening main window
11:41:26.246 [JavaFX Application Thread] DEBUG PrimaryStageWindow   - Window border size: (16.0, 39.0)
11:41:26.247 [JavaFX Application Thread] DEBUG PrimaryStageWindow   - Scaled size: 720.0 x 720.0
11:41:26.247 [JavaFX Application Thread] DEBUG PrimaryStageWindow   - Scaled ratio: (1.0, 1.0)
11:41:26.248 [JavaFX Application Thread] DEBUG PrimaryStageWindow   - Scene size: 720.0 x 720.0
11:41:26.249 [JavaFX Application Thread] DEBUG PrimaryStageWindow   - Stage size: 736.0 x 759.0
11:41:26.276 [FXGL Background Thread 1 ] DEBUG Engine               - Initializing environment variables
11:41:26.381 [FXGL Background Thread 1 ] DEBUG FXGLAssetLoaderServi - User app class for loading assets: class com.example.flat2d.GameApp
11:41:26.381 [FXGL Background Thread 1 ] DEBUG GameApplicationServi - Applying CSS: fxgl_dark.css
11:41:26.382 [FXGL Background Thread 1 ] DEBUG FXGLAssetLoaderServi - Loading from file system: jar:file:///C:/Users/USER/.m2/repository/com/github/almasb/fxgl/17.3/fxgl-17.3.jar!/fxglassets/ui/css/fxgl_dark.css
11:41:26.472 [FXGL Background Thread 1 ] DEBUG GameApplicationServi - Initializing application scenes
11:41:26.620 [FXGL Background Thread 1 ] DEBUG GameWorld            - Game world initialized
11:41:26.741 [FXGL Background Thread 1 ] DEBUG PhysicsWorld         - Physics world initialized: appHeight=720, physics.ppm=50.0
11:41:26.741 [FXGL Background Thread 1 ] DEBUG PhysicsWorld         - Using strategy: BRUTE_FORCE
11:41:26.748 [FXGL Background Thread 1 ] DEBUG GameScene            - Game scene initialized: 720x720
11:41:26.753 [FXGL Background Thread 1 ] DEBUG FXGLAssetLoaderServi - Loading from file system: file:/C:/Users/USER/IdeaProjects/2DGame/target/classes/assets/textures/background/backg.jpg
11:41:26.858 [FXGL Background Thread 1 ] WARN  FXGL.DefaultMenu     - FXGLDefaultMenu is not designed for resolutions < 800x600
11:41:26.858 [FXGL Background Thread 1 ] DEBUG FXGL.DefaultMenu     - createMenuBodyGameMenu()
11:41:26.887 [FXGL Background Thread 1 ] DEBUG FXGL.DefaultMenu     - createOptionsMenu()
11:41:26.901 [FXGL Background Thread 1 ] DEBUG FXGLAssetLoaderServi - Loading from file system: jar:file:///C:/Users/USER/.m2/repository/com/github/almasb/fxgl/17.3/fxgl-17.3.jar!/fxglassets/textures/particles/smoke.png
11:41:27.077 [FXGL Background Thread 1 ] DEBUG FXGLAssetLoaderServi - Loading from file system: jar:file:///C:/Users/USER/.m2/repository/com/github/almasb/fxgl/17.3/fxgl-17.3.jar!/fxglassets/textures/particles/trace_horizontal.png
11:41:27.131 [FXGL Background Thread 1 ] DEBUG GameApplicationServi - Application scenes initialized
11:41:27.155 [FXGL Background Thread 1 ] DEBUG SystemBundleService  - Loading FXGL system data
11:41:27.164 [FXGL Background Thread 1 ] DEBUG FileSystemAccess     - Reading from: C:\Users\USER\IdeaProjects\2DGame\system\fxgl.bundle
11:41:27.181 [FXGL Background Thread 1 ] DEBUG SystemBundleService  - Bundle FXGL: {}
11:41:27.181 [FXGL Background Thread 1 ] DEBUG UpdaterService       - Checking for updates
11:41:27.265 [FXGL Background Thread 4 ] DEBUG FXGLApplication      - Loading fonts
11:41:27.265 [FXGL Background Thread 1 ] DEBUG FXGLApplication      - Loading default localization
11:41:27.266 [FXGL Background Thread 1 ] DEBUG FXGLAssetLoaderServi - Loading from file system: jar:file:///C:/Users/USER/.m2/repository/com/github/almasb/fxgl/17.3/fxgl-17.3.jar!/fxglassets/languages/english.lang
11:41:27.267 [FXGL Background Thread 4 ] DEBUG FXGLAssetLoaderServi - Loading from file system: jar:file:///C:/Users/USER/.m2/repository/com/github/almasb/fxgl/17.3/fxgl-17.3.jar!/fxglassets/ui/fonts/VarelaRound-Regular.ttf
11:41:27.306 [FXGL Background Thread 1 ] INFO  FXGLApplication      - FXGL initialization took: 1.030 sec
11:41:27.323 [JavaFX Application Thread] DEBUG Input                - Registered new binding: Up - W
11:41:27.323 [JavaFX Application Thread] DEBUG Input                - Registered new binding: Right - D
11:41:27.323 [JavaFX Application Thread] DEBUG Input                - Registered new binding: Left - A
11:41:27.323 [JavaFX Application Thread] DEBUG Input                - Registered new binding: Down - S
11:41:27.325 [JavaFX Application Thread] DEBUG Input                - Registered new binding: IDK - RMB
11:41:27.326 [JavaFX Application Thread] DEBUG FXGLAssetLoaderServi - Loading from file system: file:/C:/Users/USER/IdeaProjects/2DGame/target/classes/assets/music/bgm-music.mp3
11:41:27.378 [FXGL Background Thread 4 ] DEBUG FXGLAssetLoaderServi - Loading from file system: jar:file:///C:/Users/USER/.m2/repository/com/github/almasb/fxgl/17.3/fxgl-17.3.jar!/fxglassets/ui/fonts/Abel-Regular.ttf
11:41:27.393 [FXGL Background Thread 4 ] DEBUG FXGLAssetLoaderServi - Loading from file system: jar:file:///C:/Users/USER/.m2/repository/com/github/almasb/fxgl/17.3/fxgl-17.3.jar!/fxglassets/ui/fonts/TerminalLandMono-Regular.otf
11:41:27.399 [FXGL Background Thread 4 ] DEBUG FXGLAssetLoaderServi - Loading from file system: jar:file:///C:/Users/USER/.m2/repository/com/github/almasb/fxgl/17.3/fxgl-17.3.jar!/fxglassets/ui/fonts/Courier-Prime.ttf
11:41:27.610 [JavaFX Application Thread] DEBUG AudioPlayer          - Playing music com.almasb.fxgl.audio.Music@14261b38
11:41:27.612 [JavaFX Application Thread] DEBUG FXGLAssetLoaderServi - Loading from file system: jar:file:///C:/Users/USER/.m2/repository/com/github/almasb/fxgl/17.3/fxgl-17.3.jar!/fxglassets/textures/fxgl_icon.png
11:41:27.664 [JavaFX Application Thread] DEBUG FXGLAssetLoaderServi - Loading from file system: jar:file:///C:/Users/USER/.m2/repository/com/github/almasb/fxgl/17.3/fxgl-17.3.jar!/fxglassets/textures/fxgl_default_cursor.png
11:41:27.668 [JavaFX Application Thread] DEBUG Input                - Registered new binding: Screenshot - CTRL+8
11:41:27.669 [JavaFX Application Thread] DEBUG Input                - Registered new binding: Dev Options - 1
11:41:27.670 [JavaFX Application Thread] DEBUG Input                - Registered new binding: Dev Console - 2
11:41:27.670 [JavaFX Application Thread] DEBUG Input                - Registered new binding: System info dump - CTRL+9
11:41:27.671 [JavaFX Application Thread] DEBUG Input                - Registered new binding: Restart - CTRL+R
11:41:27.672 [JavaFX Application Thread] DEBUG Input                - Registered new binding: Toggle Debug Camera - CTRL+7
11:41:27.677 [JavaFX Application Thread] DEBUG LoopRunner           - Starting loop
11:41:27.690 [JavaFX Application Thread] DEBUG LoopRunner           - Initializing JavaFX AnimationTimerLoop
11:41:27.695 [JavaFX Application Thread] DEBUG Input                - Clearing active input actions
11:41:27.715 [JavaFX Application Thread] DEBUG GameApplicationServi - Removing overlay from FXGLStartupScene and adding to FXGLMainMenuDummyScene
11:41:27.729 [JavaFX Application Thread] DEBUG PrimaryStageWindow   - FXGLStartupScene -> FXGLMainMenuDummyScene
11:41:27.729 [JavaFX Application Thread] DEBUG PrimaryStageWindow   - Push state: GameMainMenu
11:41:27.730 [JavaFX Application Thread] DEBUG Input                - Clearing active input actions
11:41:27.744 [JavaFX Application Thread] DEBUG GameApplicationServi - Removing overlay from FXGLMainMenuDummyScene and adding to GameMainMenu
11:41:27.745 [JavaFX Application Thread] DEBUG PrimaryStageWindow   - FXGLMainMenuDummyScene -> GameMainMenu
11:41:27.746 [JavaFX Application Thread] DEBUG FXGLApplication      - Registering font factories with UI factory
11:41:29.322 [FXGL Background Thread 2 ] INFO  UpdaterService       - Your current version:  17.3
11:41:29.323 [FXGL Background Thread 2 ] INFO  UpdaterService       - Latest stable version: 21.1
11:41:30.262 [FXGL Background Thread 3 ] DEBUG Engine               - Logging environment variables
11:41:30.264 [FXGL Background Thread 3 ] DEBUG Engine               - achievements: []
11:41:30.264 [FXGL Background Thread 3 ] DEBUG Engine               - actualHeight: 720.0
11:41:30.265 [FXGL Background Thread 3 ] DEBUG Engine               - actualHeightProperty: ReadOnlyDoubleProperty [value: 720.0]
11:41:30.265 [FXGL Background Thread 3 ] DEBUG Engine               - actualWidth: 720.0
11:41:30.266 [FXGL Background Thread 3 ] DEBUG Engine               - actualWidthProperty: ReadOnlyDoubleProperty [value: 720.0]
11:41:30.266 [FXGL Background Thread 3 ] DEBUG Engine               - appIcon: fxgl_icon.png
11:41:30.266 [FXGL Background Thread 3 ] DEBUG Engine               - applicationMode: DEVELOPER
11:41:30.266 [FXGL Background Thread 3 ] DEBUG Engine               - cSSList: [fxgl_dark.css]
11:41:30.268 [FXGL Background Thread 3 ] DEBUG Engine               - collisionDetectionStrategy: BRUTE_FORCE
11:41:30.268 [FXGL Background Thread 3 ] DEBUG Engine               - configClass: Optional.empty
11:41:30.269 [FXGL Background Thread 3 ] DEBUG Engine               - credits: []
11:41:30.270 [FXGL Background Thread 3 ] DEBUG Engine               - defaultCursor: CursorInfo(imageName=fxgl_default_cursor.png, hotspotX=7.0, hotspotY=6.0)
11:41:30.271 [FXGL Background Thread 3 ] DEBUG Engine               - devBBoxColorProperty: ObjectProperty [value: 0xff0000ff]
11:41:30.272 [FXGL Background Thread 3 ] DEBUG Engine               - devEnableDebugCameraProperty: BooleanProperty [value: false]
11:41:30.272 [FXGL Background Thread 3 ] DEBUG Engine               - devSensorColorProperty: ObjectProperty [value: 0xffff00ff]
11:41:30.272 [FXGL Background Thread 3 ] DEBUG Engine               - devShowBBoxProperty: BooleanProperty [value: false]
11:41:30.273 [FXGL Background Thread 3 ] DEBUG Engine               - devShowPositionProperty: BooleanProperty [value: false]
11:41:30.273 [FXGL Background Thread 3 ] DEBUG Engine               - enabledMenuItems: []
11:41:30.274 [FXGL Background Thread 3 ] DEBUG Engine               - engineServices: [class com.almasb.fxgl.app.services.FXGLAssetLoaderService, class com.almasb.fxgl.app.FXGLApplication$GameApplicationService, class com.almasb.fxgl.app.services.FXGLDialogService, class com.almasb.fxgl.app.services.IOTaskExecutorService, class com.almasb.fxgl.io.FileSystemService, class com.almasb.fxgl.localization.LocalizationService, class com.almasb.fxgl.app.services.SystemBundleService, class com.almasb.fxgl.profile.SaveLoadService, class com.almasb.fxgl.ui.FXGLUIFactoryServiceProvider, class com.almasb.fxgl.ui.FXGLDialogFactoryServiceProvider, class com.almasb.fxgl.audio.AudioPlayer, class com.almasb.fxgl.notification.impl.NotificationServiceProvider, class com.almasb.fxgl.achievement.AchievementService, class com.almasb.fxgl.cutscene.CutsceneService, class com.almasb.fxgl.minigames.MiniGameService, class com.almasb.fxgl.net.NetService, class com.almasb.fxgl.app.services.UpdaterService, class com.almasb.fxgl.dev.DevService]
11:41:30.274 [FXGL Background Thread 3 ] DEBUG Engine               - fontGame: Abel-Regular.ttf
11:41:30.274 [FXGL Background Thread 3 ] DEBUG Engine               - fontMono: TerminalLandMono-Regular.otf
11:41:30.275 [FXGL Background Thread 3 ] DEBUG Engine               - fontSizeScaleUI: 1.0
11:41:30.275 [FXGL Background Thread 3 ] DEBUG Engine               - fontText: Courier-Prime.ttf
11:41:30.275 [FXGL Background Thread 3 ] DEBUG Engine               - fontUI: VarelaRound-Regular.ttf
11:41:30.276 [FXGL Background Thread 3 ] DEBUG Engine               - fullScreen: BooleanProperty [value: false]
11:41:30.276 [FXGL Background Thread 3 ] DEBUG Engine               - gameDifficulty: MEDIUM
11:41:30.276 [FXGL Background Thread 3 ] DEBUG Engine               - gameDifficultyProperty: ObjectProperty [value: MEDIUM]
11:41:30.276 [FXGL Background Thread 3 ] DEBUG Engine               - globalMusicVolume: 0.5
11:41:30.277 [FXGL Background Thread 3 ] DEBUG Engine               - globalMusicVolumeProperty: DoubleProperty [value: 0.25]
11:41:30.277 [FXGL Background Thread 3 ] DEBUG Engine               - globalSoundVolume: 0.5
11:41:30.277 [FXGL Background Thread 3 ] DEBUG Engine               - globalSoundVolumeProperty: DoubleProperty [value: 0.5]
11:41:30.278 [FXGL Background Thread 3 ] DEBUG Engine               - height: 720
11:41:30.278 [FXGL Background Thread 3 ] DEBUG Engine               - is3D: false
11:41:30.279 [FXGL Background Thread 3 ] DEBUG Engine               - isAndroid: false
11:41:30.279 [FXGL Background Thread 3 ] DEBUG Engine               - isBrowser: false
11:41:30.279 [FXGL Background Thread 3 ] DEBUG Engine               - isClickFeedbackEnabled: false
11:41:30.280 [FXGL Background Thread 3 ] DEBUG Engine               - isCloseConfirmation: false
11:41:30.280 [FXGL Background Thread 3 ] DEBUG Engine               - isDesktop: true
11:41:30.280 [FXGL Background Thread 3 ] DEBUG Engine               - isDeveloperMenuEnabled: true
11:41:30.281 [FXGL Background Thread 3 ] DEBUG Engine               - isEmbedded: false
11:41:30.281 [FXGL Background Thread 3 ] DEBUG Engine               - isEntityPreloadEnabled: true
11:41:30.281 [FXGL Background Thread 3 ] DEBUG Engine               - isExperimentalTiledLargeMap: false
11:41:30.282 [FXGL Background Thread 3 ] DEBUG Engine               - isFileSystemWriteAllowed: true
11:41:30.282 [FXGL Background Thread 3 ] DEBUG Engine               - isFullScreenAllowed: false
11:41:30.282 [FXGL Background Thread 3 ] DEBUG Engine               - isFullScreenFromStart: false
11:41:30.283 [FXGL Background Thread 3 ] DEBUG Engine               - isGameMenuEnabled: true
11:41:30.283 [FXGL Background Thread 3 ] DEBUG Engine               - isIOS: false
11:41:30.284 [FXGL Background Thread 3 ] DEBUG Engine               - isIntroEnabled: false
11:41:30.284 [FXGL Background Thread 3 ] DEBUG Engine               - isLinux: false
11:41:30.284 [FXGL Background Thread 3 ] DEBUG Engine               - isMac: false
11:41:30.285 [FXGL Background Thread 3 ] DEBUG Engine               - isMainMenuEnabled: true
11:41:30.285 [FXGL Background Thread 3 ] DEBUG Engine               - isManualResizeEnabled: false
11:41:30.286 [FXGL Background Thread 3 ] DEBUG Engine               - isMobile: false
11:41:30.286 [FXGL Background Thread 3 ] DEBUG Engine               - isNative: false
11:41:30.287 [FXGL Background Thread 3 ] DEBUG Engine               - isPauseMusicWhenMinimized: true
11:41:30.287 [FXGL Background Thread 3 ] DEBUG Engine               - isPreserveResizeRatio: false
11:41:30.289 [FXGL Background Thread 3 ] DEBUG Engine               - isProfilingEnabled: false
11:41:30.290 [FXGL Background Thread 3 ] DEBUG Engine               - isScaleAffectedOnResize: true
11:41:30.290 [FXGL Background Thread 3 ] DEBUG Engine               - isSingleStep: false
11:41:30.290 [FXGL Background Thread 3 ] DEBUG Engine               - isUserProfileEnabled: false
11:41:30.291 [FXGL Background Thread 3 ] DEBUG Engine               - isWindows: true
11:41:30.291 [FXGL Background Thread 3 ] DEBUG Engine               - language: ObjectProperty [value: ENGLISH]
11:41:30.291 [FXGL Background Thread 3 ] DEBUG Engine               - menuKey: ESCAPE
11:41:30.292 [FXGL Background Thread 3 ] DEBUG Engine               - mouseSensitivity: 0.2
11:41:30.292 [FXGL Background Thread 3 ] DEBUG Engine               - notificationViewClass: class com.almasb.fxgl.notification.view.XboxNotificationView
11:41:30.292 [FXGL Background Thread 3 ] DEBUG Engine               - pixelsPerMeter: 50.0
11:41:30.293 [FXGL Background Thread 3 ] DEBUG Engine               - platform: WINDOWS
11:41:30.293 [FXGL Background Thread 3 ] DEBUG Engine               - prefHeightProperty: ReadOnlyDoubleProperty [value: 720.0]
11:41:30.294 [FXGL Background Thread 3 ] DEBUG Engine               - prefWidthProperty: ReadOnlyDoubleProperty [value: 720.0]
11:41:30.294 [FXGL Background Thread 3 ] DEBUG Engine               - profileDir: profiles/
11:41:30.294 [FXGL Background Thread 3 ] DEBUG Engine               - profileName: StringProperty [value: DEFAULT]
11:41:30.295 [FXGL Background Thread 3 ] DEBUG Engine               - randomSeed: -1
11:41:30.296 [FXGL Background Thread 3 ] DEBUG Engine               - runtimeInfo: RuntimeInfo(platform=WINDOWS, version=17.3, build=30.03.2023 11.49)
11:41:30.296 [FXGL Background Thread 3 ] DEBUG Engine               - saveFileExt: sav
11:41:30.298 [FXGL Background Thread 3 ] DEBUG Engine               - scaledHeightProp$fxgl: DoubleProperty [bound, value: 720.0]
11:41:30.299 [FXGL Background Thread 3 ] DEBUG Engine               - scaledWidthProp$fxgl: DoubleProperty [bound, value: 720.0]
11:41:30.299 [FXGL Background Thread 3 ] DEBUG Engine               - sceneFactory: com.example.flat2d.GameApp$1@321ca1ff
11:41:30.299 [FXGL Background Thread 3 ] DEBUG Engine               - secondsIn24h: 60
11:41:30.300 [FXGL Background Thread 3 ] DEBUG Engine               - soundMenuBack: menu/back.wav
11:41:30.300 [FXGL Background Thread 3 ] DEBUG Engine               - soundMenuPress: menu/press.wav
11:41:30.300 [FXGL Background Thread 3 ] DEBUG Engine               - soundMenuSelect: menu/select.wav
11:41:30.301 [FXGL Background Thread 3 ] DEBUG Engine               - soundNotification: core/notification.wav
11:41:30.301 [FXGL Background Thread 3 ] DEBUG Engine               - stageStyle: DECORATED
11:41:30.301 [FXGL Background Thread 3 ] DEBUG Engine               - supportedLanguages: [ENGLISH, FRENCH, GERMAN, HUNGARIAN, RUSSIAN]
11:41:30.302 [FXGL Background Thread 3 ] DEBUG Engine               - ticksPerSecond: -1
11:41:30.302 [FXGL Background Thread 3 ] DEBUG Engine               - title: Adventures of Sir Vim Zarado
11:41:30.302 [FXGL Background Thread 3 ] DEBUG Engine               - urlGithub: https://github.com/AlmasB/FXGL
11:41:30.303 [FXGL Background Thread 3 ] DEBUG Engine               - urlLeaderboard: http://fxgl-top.herokuapp.com/
11:41:30.303 [FXGL Background Thread 3 ] DEBUG Engine               - urlPOM: https://raw.githubusercontent.com/AlmasB/FXGL/release/README.md
11:41:30.303 [FXGL Background Thread 3 ] DEBUG Engine               - userAppClass: class com.example.flat2d.GameApp
11:41:30.304 [FXGL Background Thread 3 ] DEBUG Engine               - version: 0.0
11:41:30.304 [FXGL Background Thread 3 ] DEBUG Engine               - versionCheckDays: 7
11:41:30.304 [FXGL Background Thread 3 ] DEBUG Engine               - width: 720
11:41:30.305 [FXGL Background Thread 3 ] DEBUG Engine               - Logging services
11:41:30.305 [FXGL Background Thread 3 ] DEBUG Engine               - class com.almasb.fxgl.app.services.FXGLAssetLoaderService
11:41:30.306 [FXGL Background Thread 3 ] DEBUG Engine               - class com.almasb.fxgl.app.FXGLApplication$GameApplicationService
11:41:30.306 [FXGL Background Thread 3 ] DEBUG Engine               - class com.almasb.fxgl.app.services.FXGLDialogService
11:41:30.307 [FXGL Background Thread 3 ] DEBUG Engine               - class com.almasb.fxgl.app.services.IOTaskExecutorService
11:41:30.307 [FXGL Background Thread 3 ] DEBUG Engine               - class com.almasb.fxgl.io.FileSystemService
11:41:30.308 [FXGL Background Thread 3 ] DEBUG Engine               - class com.almasb.fxgl.localization.LocalizationService
11:41:30.311 [FXGL Background Thread 3 ] DEBUG Engine               - class com.almasb.fxgl.app.services.SystemBundleService
11:41:30.311 [FXGL Background Thread 3 ] DEBUG Engine               - class com.almasb.fxgl.profile.SaveLoadService
11:41:30.311 [FXGL Background Thread 3 ] DEBUG Engine               - class com.almasb.fxgl.ui.FXGLUIFactoryServiceProvider
11:41:30.311 [FXGL Background Thread 3 ] DEBUG Engine               - class com.almasb.fxgl.ui.FXGLDialogFactoryServiceProvider
11:41:30.312 [FXGL Background Thread 3 ] DEBUG Engine               - class com.almasb.fxgl.audio.AudioPlayer
11:41:30.312 [FXGL Background Thread 3 ] DEBUG Engine               - class com.almasb.fxgl.notification.impl.NotificationServiceProvider
11:41:30.312 [FXGL Background Thread 3 ] DEBUG Engine               - class com.almasb.fxgl.achievement.AchievementService
11:41:30.313 [FXGL Background Thread 3 ] DEBUG Engine               - class com.almasb.fxgl.cutscene.CutsceneService
11:41:30.313 [FXGL Background Thread 3 ] DEBUG Engine               - class com.almasb.fxgl.minigames.MiniGameService
11:41:30.313 [FXGL Background Thread 3 ] DEBUG Engine               - class com.almasb.fxgl.net.NetService
11:41:30.313 [FXGL Background Thread 3 ] DEBUG Engine               - class com.almasb.fxgl.app.services.UpdaterService
11:41:30.314 [FXGL Background Thread 3 ] DEBUG Engine               - class com.almasb.fxgl.dev.DevService
11:41:58.134 [JavaFX Application Thread] DEBUG FXGLApplication      - Exiting FXGL
11:41:58.135 [JavaFX Application Thread] DEBUG LoopRunner           - Stopping loop
11:41:58.136 [JavaFX Application Thread] DEBUG SystemBundleService  - Saving FXGL system data
11:41:58.144 [JavaFX Application Thread] DEBUG FileSystemAccess     - Writing to: C:\Users\USER\IdeaProjects\2DGame\system\fxgl.bundle
11:41:58.154 [JavaFX Application Thread] DEBUG Async                - Shutting down background threads
11:41:58.156 [JavaFX Application Thread] DEBUG PrimaryStageWindow   - Closing main window
11:41:58.196 [JavaFX Application Thread] DEBUG Logger               - Closing Logger
