09:29:46.948 [main                     ] DEBUG Logger               - Configured Logger
09:29:46.984 [main                     ] DEBUG GameApplication      - Logging settings
Title: Adventures of Sir Vim Zarado
Version: 0.0
Width: 720
Height: 720
Fullscreen: false
Intro: false
Profiling: false
Single step:false
App Mode: DEVELOPER
Menu Key: ESCAPE
Stage Style: DECORATED
Scene Factory: class com.example.flat2d.GameApp$1

09:29:47.478 [JavaFX Application Thread] DEBUG FXGLApplication      - Initializing FXGL
09:29:47.486 [JavaFX Application Thread] INFO  Engine               - FXGL-17.3 (30.03.2023 11.49) on WINDOWS (J:21.0.2 FX:21)
09:29:47.487 [JavaFX Application Thread] DEBUG Engine               - JRE Vendor Name: Oracle Corporation
09:29:47.487 [JavaFX Application Thread] DEBUG Engine               - Running on OS: Windows 10 version 10.0
09:29:47.488 [JavaFX Application Thread] DEBUG Engine               - Architecture: amd64
09:29:47.488 [JavaFX Application Thread] INFO  Engine               - Source code and latest versions at: https://github.com/AlmasB/FXGL
09:29:47.488 [JavaFX Application Thread] INFO  Engine               -       Ask questions and discuss at: https://github.com/AlmasB/FXGL/discussions
09:29:47.488 [JavaFX Application Thread] INFO  Engine               -              Join the FXGL chat at: https://gitter.im/AlmasB/FXGL
09:29:47.728 [JavaFX Application Thread] DEBUG PrimaryStageWindow   - Creating a JavaFX scene
09:29:47.907 [JavaFX Application Thread] DEBUG PrimaryStageWindow   - Target settings size: 720.0 x 720.0
09:29:47.908 [JavaFX Application Thread] DEBUG PrimaryStageWindow   - Scaled scene size:    720.0 x 720.0
09:29:47.908 [JavaFX Application Thread] DEBUG PrimaryStageWindow   - Scaled ratio: (1.0, 1.0)
09:29:47.911 [JavaFX Application Thread] DEBUG PrimaryStageWindow   - Set initial scene to FXGLStartupScene
09:29:47.918 [JavaFX Application Thread] DEBUG PrimaryStageWindow   - Opening main window
09:29:48.087 [JavaFX Application Thread] DEBUG PrimaryStageWindow   - Window border size: (16.0, 39.0)
09:29:48.088 [JavaFX Application Thread] DEBUG PrimaryStageWindow   - Scaled size: 720.0 x 720.0
09:29:48.088 [JavaFX Application Thread] DEBUG PrimaryStageWindow   - Scaled ratio: (1.0, 1.0)
09:29:48.089 [JavaFX Application Thread] DEBUG PrimaryStageWindow   - Scene size: 720.0 x 720.0
09:29:48.089 [JavaFX Application Thread] DEBUG PrimaryStageWindow   - Stage size: 736.0 x 759.0
09:29:48.145 [FXGL Background Thread 1 ] DEBUG Engine               - Initializing environment variables
09:29:48.234 [FXGL Background Thread 1 ] DEBUG FXGLAssetLoaderServi - User app class for loading assets: class com.example.flat2d.GameApp
09:29:48.234 [FXGL Background Thread 1 ] DEBUG GameApplicationServi - Applying CSS: fxgl_dark.css
09:29:48.236 [FXGL Background Thread 1 ] DEBUG FXGLAssetLoaderServi - Loading from file system: jar:file:///C:/Users/USER/.m2/repository/com/github/almasb/fxgl/17.3/fxgl-17.3.jar!/fxglassets/ui/css/fxgl_dark.css
09:29:48.324 [FXGL Background Thread 1 ] DEBUG GameApplicationServi - Initializing application scenes
09:29:48.515 [FXGL Background Thread 1 ] DEBUG GameWorld            - Game world initialized
09:29:48.641 [FXGL Background Thread 1 ] DEBUG PhysicsWorld         - Physics world initialized: appHeight=720, physics.ppm=50.0
09:29:48.641 [FXGL Background Thread 1 ] DEBUG PhysicsWorld         - Using strategy: BRUTE_FORCE
09:29:48.646 [FXGL Background Thread 1 ] DEBUG GameScene            - Game scene initialized: 720x720
09:29:48.651 [FXGL Background Thread 1 ] DEBUG FXGLAssetLoaderServi - Loading from file system: file:/C:/Users/USER/IdeaProjects/CSIT228-F3-Finals/target/classes/assets/textures/background/main-screen.jpg
09:29:48.798 [FXGL Background Thread 1 ] DEBUG FXGLAssetLoaderServi - Loading from file system: file:/C:/Users/USER/IdeaProjects/CSIT228-F3-Finals/target/classes/assets/textures/profile-pic.jpg
09:29:48.820 [FXGL Background Thread 1 ] WARN  FXGL.DefaultMenu     - FXGLDefaultMenu is not designed for resolutions < 800x600
09:29:48.821 [FXGL Background Thread 1 ] DEBUG FXGL.DefaultMenu     - createMenuBodyGameMenu()
09:29:48.866 [FXGL Background Thread 1 ] DEBUG FXGL.DefaultMenu     - createOptionsMenu()
09:29:48.877 [FXGL Background Thread 1 ] DEBUG FXGLAssetLoaderServi - Loading from file system: jar:file:///C:/Users/USER/.m2/repository/com/github/almasb/fxgl/17.3/fxgl-17.3.jar!/fxglassets/textures/particles/smoke.png
09:29:49.047 [FXGL Background Thread 1 ] DEBUG FXGLAssetLoaderServi - Loading from file system: jar:file:///C:/Users/USER/.m2/repository/com/github/almasb/fxgl/17.3/fxgl-17.3.jar!/fxglassets/textures/particles/trace_horizontal.png
09:29:49.099 [FXGL Background Thread 1 ] DEBUG GameApplicationServi - Application scenes initialized
09:29:49.121 [FXGL Background Thread 1 ] DEBUG SystemBundleService  - Loading FXGL system data
09:29:49.128 [FXGL Background Thread 1 ] DEBUG FileSystemAccess     - Reading from: C:\Users\USER\IdeaProjects\CSIT228-F3-Finals\system\fxgl.bundle
09:29:49.146 [FXGL Background Thread 1 ] DEBUG SystemBundleService  - Bundle FXGL: {}
09:29:49.146 [FXGL Background Thread 1 ] DEBUG UpdaterService       - Checking for updates
09:29:49.236 [FXGL Background Thread 1 ] DEBUG FXGLApplication      - Loading default localization
09:29:49.238 [FXGL Background Thread 1 ] DEBUG FXGLAssetLoaderServi - Loading from file system: jar:file:///C:/Users/USER/.m2/repository/com/github/almasb/fxgl/17.3/fxgl-17.3.jar!/fxglassets/languages/english.lang
09:29:49.270 [FXGL Background Thread 1 ] INFO  FXGLApplication      - FXGL initialization took: 1.125 sec
09:29:49.277 [FXGL Background Thread 4 ] DEBUG FXGLApplication      - Loading fonts
09:29:49.277 [FXGL Background Thread 4 ] DEBUG FXGLAssetLoaderServi - Loading from file system: jar:file:///C:/Users/USER/.m2/repository/com/github/almasb/fxgl/17.3/fxgl-17.3.jar!/fxglassets/ui/fonts/VarelaRound-Regular.ttf
09:29:49.282 [JavaFX Application Thread] DEBUG Input                - Registered new binding: Up - W
09:29:49.283 [JavaFX Application Thread] DEBUG Input                - Registered new binding: Right - D
09:29:49.283 [JavaFX Application Thread] DEBUG Input                - Registered new binding: Left - A
09:29:49.283 [JavaFX Application Thread] DEBUG Input                - Registered new binding: Down - S
09:29:49.285 [JavaFX Application Thread] DEBUG Input                - Registered new binding: IDK - RMB
09:29:49.285 [JavaFX Application Thread] DEBUG FXGLAssetLoaderServi - Loading from file system: file:/C:/Users/USER/IdeaProjects/CSIT228-F3-Finals/target/classes/assets/music/opening.mp3
09:29:49.365 [FXGL Background Thread 4 ] DEBUG FXGLAssetLoaderServi - Loading from file system: jar:file:///C:/Users/USER/.m2/repository/com/github/almasb/fxgl/17.3/fxgl-17.3.jar!/fxglassets/ui/fonts/Abel-Regular.ttf
09:29:49.380 [FXGL Background Thread 4 ] DEBUG FXGLAssetLoaderServi - Loading from file system: jar:file:///C:/Users/USER/.m2/repository/com/github/almasb/fxgl/17.3/fxgl-17.3.jar!/fxglassets/ui/fonts/TerminalLandMono-Regular.otf
09:29:49.392 [FXGL Background Thread 4 ] DEBUG FXGLAssetLoaderServi - Loading from file system: jar:file:///C:/Users/USER/.m2/repository/com/github/almasb/fxgl/17.3/fxgl-17.3.jar!/fxglassets/ui/fonts/Courier-Prime.ttf
09:29:49.601 [JavaFX Application Thread] DEBUG AudioPlayer          - Playing music com.almasb.fxgl.audio.Music@1f2801cc
09:29:49.613 [JavaFX Application Thread] DEBUG FXGLAssetLoaderServi - Loading from file system: jar:file:///C:/Users/USER/.m2/repository/com/github/almasb/fxgl/17.3/fxgl-17.3.jar!/fxglassets/textures/fxgl_icon.png
09:29:49.646 [JavaFX Application Thread] DEBUG FXGLAssetLoaderServi - Loading from file system: jar:file:///C:/Users/USER/.m2/repository/com/github/almasb/fxgl/17.3/fxgl-17.3.jar!/fxglassets/textures/fxgl_default_cursor.png
09:29:49.650 [JavaFX Application Thread] DEBUG Input                - Registered new binding: Screenshot - CTRL+8
09:29:49.651 [JavaFX Application Thread] DEBUG Input                - Registered new binding: Dev Options - 1
09:29:49.651 [JavaFX Application Thread] DEBUG Input                - Registered new binding: Dev Console - 2
09:29:49.652 [JavaFX Application Thread] DEBUG Input                - Registered new binding: System info dump - CTRL+9
09:29:49.653 [JavaFX Application Thread] DEBUG Input                - Registered new binding: Restart - CTRL+R
09:29:49.654 [JavaFX Application Thread] DEBUG Input                - Registered new binding: Toggle Debug Camera - CTRL+7
09:29:49.658 [JavaFX Application Thread] DEBUG LoopRunner           - Starting loop
09:29:49.669 [JavaFX Application Thread] DEBUG LoopRunner           - Initializing JavaFX AnimationTimerLoop
09:29:49.673 [JavaFX Application Thread] DEBUG Input                - Clearing active input actions
09:29:49.687 [JavaFX Application Thread] DEBUG GameApplicationServi - Removing overlay from FXGLStartupScene and adding to FXGLMainMenuDummyScene
09:29:49.692 [JavaFX Application Thread] DEBUG PrimaryStageWindow   - FXGLStartupScene -> FXGLMainMenuDummyScene
09:29:49.692 [JavaFX Application Thread] DEBUG PrimaryStageWindow   - Push state: GameMainMenu
09:29:49.693 [JavaFX Application Thread] DEBUG Input                - Clearing active input actions
09:29:49.702 [JavaFX Application Thread] DEBUG GameApplicationServi - Removing overlay from FXGLMainMenuDummyScene and adding to GameMainMenu
09:29:49.703 [JavaFX Application Thread] DEBUG PrimaryStageWindow   - FXGLMainMenuDummyScene -> GameMainMenu
09:29:49.704 [JavaFX Application Thread] DEBUG FXGLApplication      - Registering font factories with UI factory
09:29:50.488 [FXGL Background Thread 2 ] INFO  UpdaterService       - Your current version:  17.3
09:29:50.488 [FXGL Background Thread 2 ] INFO  UpdaterService       - Latest stable version: 21.1
09:29:52.248 [FXGL Background Thread 3 ] DEBUG Engine               - Logging environment variables
09:29:52.250 [FXGL Background Thread 3 ] DEBUG Engine               - achievements: []
09:29:52.250 [FXGL Background Thread 3 ] DEBUG Engine               - actualHeight: 720.0
09:29:52.251 [FXGL Background Thread 3 ] DEBUG Engine               - actualHeightProperty: ReadOnlyDoubleProperty [value: 720.0]
09:29:52.251 [FXGL Background Thread 3 ] DEBUG Engine               - actualWidth: 720.0
09:29:52.254 [FXGL Background Thread 3 ] DEBUG Engine               - actualWidthProperty: ReadOnlyDoubleProperty [value: 720.0]
09:29:52.255 [FXGL Background Thread 3 ] DEBUG Engine               - appIcon: fxgl_icon.png
09:29:52.258 [FXGL Background Thread 3 ] DEBUG Engine               - applicationMode: DEVELOPER
09:29:52.260 [FXGL Background Thread 3 ] DEBUG Engine               - cSSList: [fxgl_dark.css]
09:29:52.260 [FXGL Background Thread 3 ] DEBUG Engine               - collisionDetectionStrategy: BRUTE_FORCE
09:29:52.261 [FXGL Background Thread 3 ] DEBUG Engine               - configClass: Optional[class com.example.flat2d.Misc.Config]
09:29:52.261 [FXGL Background Thread 3 ] DEBUG Engine               - credits: []
09:29:52.262 [FXGL Background Thread 3 ] DEBUG Engine               - defaultCursor: CursorInfo(imageName=fxgl_default_cursor.png, hotspotX=7.0, hotspotY=6.0)
09:29:52.266 [FXGL Background Thread 3 ] DEBUG Engine               - devBBoxColorProperty: ObjectProperty [value: 0xff0000ff]
09:29:52.267 [FXGL Background Thread 3 ] DEBUG Engine               - devEnableDebugCameraProperty: BooleanProperty [value: false]
09:29:52.268 [FXGL Background Thread 3 ] DEBUG Engine               - devSensorColorProperty: ObjectProperty [value: 0xffff00ff]
09:29:52.268 [FXGL Background Thread 3 ] DEBUG Engine               - devShowBBoxProperty: BooleanProperty [value: false]
09:29:52.269 [FXGL Background Thread 3 ] DEBUG Engine               - devShowPositionProperty: BooleanProperty [value: false]
09:29:52.269 [FXGL Background Thread 3 ] DEBUG Engine               - enabledMenuItems: []
09:29:52.269 [FXGL Background Thread 3 ] DEBUG Engine               - engineServices: [class com.almasb.fxgl.app.services.FXGLAssetLoaderService, class com.almasb.fxgl.app.FXGLApplication$GameApplicationService, class com.almasb.fxgl.app.services.FXGLDialogService, class com.almasb.fxgl.app.services.IOTaskExecutorService, class com.almasb.fxgl.io.FileSystemService, class com.almasb.fxgl.localization.LocalizationService, class com.almasb.fxgl.app.services.SystemBundleService, class com.almasb.fxgl.profile.SaveLoadService, class com.almasb.fxgl.ui.FXGLUIFactoryServiceProvider, class com.almasb.fxgl.ui.FXGLDialogFactoryServiceProvider, class com.almasb.fxgl.audio.AudioPlayer, class com.almasb.fxgl.notification.impl.NotificationServiceProvider, class com.almasb.fxgl.achievement.AchievementService, class com.almasb.fxgl.cutscene.CutsceneService, class com.almasb.fxgl.minigames.MiniGameService, class com.almasb.fxgl.net.NetService, class com.almasb.fxgl.app.services.UpdaterService, class com.almasb.fxgl.dev.DevService]
09:29:52.269 [FXGL Background Thread 3 ] DEBUG Engine               - fontGame: Abel-Regular.ttf
09:29:52.269 [FXGL Background Thread 3 ] DEBUG Engine               - fontMono: TerminalLandMono-Regular.otf
09:29:52.269 [FXGL Background Thread 3 ] DEBUG Engine               - fontSizeScaleUI: 1.0
09:29:52.269 [FXGL Background Thread 3 ] DEBUG Engine               - fontText: Courier-Prime.ttf
09:29:52.270 [FXGL Background Thread 3 ] DEBUG Engine               - fontUI: VarelaRound-Regular.ttf
09:29:52.270 [FXGL Background Thread 3 ] DEBUG Engine               - fullScreen: BooleanProperty [value: false]
09:29:52.270 [FXGL Background Thread 3 ] DEBUG Engine               - gameDifficulty: MEDIUM
09:29:52.270 [FXGL Background Thread 3 ] DEBUG Engine               - gameDifficultyProperty: ObjectProperty [value: MEDIUM]
09:29:52.270 [FXGL Background Thread 3 ] DEBUG Engine               - globalMusicVolume: 0.5
09:29:52.270 [FXGL Background Thread 3 ] DEBUG Engine               - globalMusicVolumeProperty: DoubleProperty [value: 0.5]
09:29:52.270 [FXGL Background Thread 3 ] DEBUG Engine               - globalSoundVolume: 0.5
09:29:52.270 [FXGL Background Thread 3 ] DEBUG Engine               - globalSoundVolumeProperty: DoubleProperty [value: 0.25]
09:29:52.271 [FXGL Background Thread 3 ] DEBUG Engine               - height: 720
09:29:52.271 [FXGL Background Thread 3 ] DEBUG Engine               - is3D: false
09:29:52.271 [FXGL Background Thread 3 ] DEBUG Engine               - isAndroid: false
09:29:52.271 [FXGL Background Thread 3 ] DEBUG Engine               - isBrowser: false
09:29:52.271 [FXGL Background Thread 3 ] DEBUG Engine               - isClickFeedbackEnabled: false
09:29:52.271 [FXGL Background Thread 3 ] DEBUG Engine               - isCloseConfirmation: false
09:29:52.271 [FXGL Background Thread 3 ] DEBUG Engine               - isDesktop: true
09:29:52.271 [FXGL Background Thread 3 ] DEBUG Engine               - isDeveloperMenuEnabled: true
09:29:52.272 [FXGL Background Thread 3 ] DEBUG Engine               - isEmbedded: false
09:29:52.272 [FXGL Background Thread 3 ] DEBUG Engine               - isEntityPreloadEnabled: true
09:29:52.272 [FXGL Background Thread 3 ] DEBUG Engine               - isExperimentalTiledLargeMap: false
09:29:52.272 [FXGL Background Thread 3 ] DEBUG Engine               - isFileSystemWriteAllowed: true
09:29:52.272 [FXGL Background Thread 3 ] DEBUG Engine               - isFullScreenAllowed: false
09:29:52.272 [FXGL Background Thread 3 ] DEBUG Engine               - isFullScreenFromStart: false
09:29:52.272 [FXGL Background Thread 3 ] DEBUG Engine               - isGameMenuEnabled: true
09:29:52.272 [FXGL Background Thread 3 ] DEBUG Engine               - isIOS: false
09:29:52.272 [FXGL Background Thread 3 ] DEBUG Engine               - isIntroEnabled: false
09:29:52.272 [FXGL Background Thread 3 ] DEBUG Engine               - isLinux: false
09:29:52.273 [FXGL Background Thread 3 ] DEBUG Engine               - isMac: false
09:29:52.273 [FXGL Background Thread 3 ] DEBUG Engine               - isMainMenuEnabled: true
09:29:52.273 [FXGL Background Thread 3 ] DEBUG Engine               - isManualResizeEnabled: false
09:29:52.273 [FXGL Background Thread 3 ] DEBUG Engine               - isMobile: false
09:29:52.273 [FXGL Background Thread 3 ] DEBUG Engine               - isNative: false
09:29:52.273 [FXGL Background Thread 3 ] DEBUG Engine               - isPauseMusicWhenMinimized: true
09:29:52.273 [FXGL Background Thread 3 ] DEBUG Engine               - isPreserveResizeRatio: false
09:29:52.273 [FXGL Background Thread 3 ] DEBUG Engine               - isProfilingEnabled: false
09:29:52.273 [FXGL Background Thread 3 ] DEBUG Engine               - isScaleAffectedOnResize: true
09:29:52.274 [FXGL Background Thread 3 ] DEBUG Engine               - isSingleStep: false
09:29:52.274 [FXGL Background Thread 3 ] DEBUG Engine               - isUserProfileEnabled: false
09:29:52.274 [FXGL Background Thread 3 ] DEBUG Engine               - isWindows: true
09:29:52.274 [FXGL Background Thread 3 ] DEBUG Engine               - language: ObjectProperty [value: ENGLISH]
09:29:52.274 [FXGL Background Thread 3 ] DEBUG Engine               - menuKey: ESCAPE
09:29:52.274 [FXGL Background Thread 3 ] DEBUG Engine               - mouseSensitivity: 0.2
09:29:52.274 [FXGL Background Thread 3 ] DEBUG Engine               - notificationViewClass: class com.almasb.fxgl.notification.view.XboxNotificationView
09:29:52.274 [FXGL Background Thread 3 ] DEBUG Engine               - pixelsPerMeter: 50.0
09:29:52.274 [FXGL Background Thread 3 ] DEBUG Engine               - platform: WINDOWS
09:29:52.275 [FXGL Background Thread 3 ] DEBUG Engine               - prefHeightProperty: ReadOnlyDoubleProperty [value: 720.0]
09:29:52.275 [FXGL Background Thread 3 ] DEBUG Engine               - prefWidthProperty: ReadOnlyDoubleProperty [value: 720.0]
09:29:52.275 [FXGL Background Thread 3 ] DEBUG Engine               - profileDir: profiles/
09:29:52.275 [FXGL Background Thread 3 ] DEBUG Engine               - profileName: StringProperty [value: DEFAULT]
09:29:52.276 [FXGL Background Thread 3 ] DEBUG Engine               - randomSeed: -1
09:29:52.276 [FXGL Background Thread 3 ] DEBUG Engine               - runtimeInfo: RuntimeInfo(platform=WINDOWS, version=17.3, build=30.03.2023 11.49)
09:29:52.276 [FXGL Background Thread 3 ] DEBUG Engine               - saveFileExt: sav
09:29:52.276 [FXGL Background Thread 3 ] DEBUG Engine               - scaledHeightProp$fxgl: DoubleProperty [bound, value: 720.0]
09:29:52.276 [FXGL Background Thread 3 ] DEBUG Engine               - scaledWidthProp$fxgl: DoubleProperty [bound, value: 720.0]
09:29:52.276 [FXGL Background Thread 3 ] DEBUG Engine               - sceneFactory: com.example.flat2d.GameApp$1@4345c1d7
09:29:52.277 [FXGL Background Thread 3 ] DEBUG Engine               - secondsIn24h: 60
09:29:52.277 [FXGL Background Thread 3 ] DEBUG Engine               - soundMenuBack: menu/back.wav
09:29:52.277 [FXGL Background Thread 3 ] DEBUG Engine               - soundMenuPress: menu/press.wav
09:29:52.277 [FXGL Background Thread 3 ] DEBUG Engine               - soundMenuSelect: menu/select.wav
09:29:52.277 [FXGL Background Thread 3 ] DEBUG Engine               - soundNotification: core/notification.wav
09:29:52.277 [FXGL Background Thread 3 ] DEBUG Engine               - stageStyle: DECORATED
09:29:52.277 [FXGL Background Thread 3 ] DEBUG Engine               - supportedLanguages: [ENGLISH, FRENCH, GERMAN, HUNGARIAN, RUSSIAN]
09:29:52.277 [FXGL Background Thread 3 ] DEBUG Engine               - ticksPerSecond: -1
09:29:52.277 [FXGL Background Thread 3 ] DEBUG Engine               - title: Adventures of Sir Vim Zarado
09:29:52.278 [FXGL Background Thread 3 ] DEBUG Engine               - urlGithub: https://github.com/AlmasB/FXGL
09:29:52.278 [FXGL Background Thread 3 ] DEBUG Engine               - urlLeaderboard: http://fxgl-top.herokuapp.com/
09:29:52.278 [FXGL Background Thread 3 ] DEBUG Engine               - urlPOM: https://raw.githubusercontent.com/AlmasB/FXGL/release/README.md
09:29:52.278 [FXGL Background Thread 3 ] DEBUG Engine               - userAppClass: class com.example.flat2d.GameApp
09:29:52.278 [FXGL Background Thread 3 ] DEBUG Engine               - version: 0.0
09:29:52.278 [FXGL Background Thread 3 ] DEBUG Engine               - versionCheckDays: 7
09:29:52.278 [FXGL Background Thread 3 ] DEBUG Engine               - width: 720
09:29:52.278 [FXGL Background Thread 3 ] DEBUG Engine               - Logging services
09:29:52.278 [FXGL Background Thread 3 ] DEBUG Engine               - class com.almasb.fxgl.app.services.FXGLAssetLoaderService
09:29:52.278 [FXGL Background Thread 3 ] DEBUG Engine               - class com.almasb.fxgl.app.FXGLApplication$GameApplicationService
09:29:52.278 [FXGL Background Thread 3 ] DEBUG Engine               - class com.almasb.fxgl.app.services.FXGLDialogService
09:29:52.279 [FXGL Background Thread 3 ] DEBUG Engine               - class com.almasb.fxgl.app.services.IOTaskExecutorService
09:29:52.279 [FXGL Background Thread 3 ] DEBUG Engine               - class com.almasb.fxgl.io.FileSystemService
09:29:52.279 [FXGL Background Thread 3 ] DEBUG Engine               - class com.almasb.fxgl.localization.LocalizationService
09:29:52.279 [FXGL Background Thread 3 ] DEBUG Engine               - class com.almasb.fxgl.app.services.SystemBundleService
09:29:52.279 [FXGL Background Thread 3 ] DEBUG Engine               - class com.almasb.fxgl.profile.SaveLoadService
09:29:52.279 [FXGL Background Thread 3 ] DEBUG Engine               - class com.almasb.fxgl.ui.FXGLUIFactoryServiceProvider
09:29:52.279 [FXGL Background Thread 3 ] DEBUG Engine               - class com.almasb.fxgl.ui.FXGLDialogFactoryServiceProvider
09:29:52.279 [FXGL Background Thread 3 ] DEBUG Engine               - class com.almasb.fxgl.audio.AudioPlayer
09:29:52.279 [FXGL Background Thread 3 ] DEBUG Engine               - class com.almasb.fxgl.notification.impl.NotificationServiceProvider
09:29:52.279 [FXGL Background Thread 3 ] DEBUG Engine               - class com.almasb.fxgl.achievement.AchievementService
09:29:52.279 [FXGL Background Thread 3 ] DEBUG Engine               - class com.almasb.fxgl.cutscene.CutsceneService
09:29:52.279 [FXGL Background Thread 3 ] DEBUG Engine               - class com.almasb.fxgl.minigames.MiniGameService
09:29:52.279 [FXGL Background Thread 3 ] DEBUG Engine               - class com.almasb.fxgl.net.NetService
09:29:52.280 [FXGL Background Thread 3 ] DEBUG Engine               - class com.almasb.fxgl.app.services.UpdaterService
09:29:52.280 [FXGL Background Thread 3 ] DEBUG Engine               - class com.almasb.fxgl.dev.DevService
09:30:10.087 [JavaFX Application Thread] DEBUG FXGLApplication      - Exiting FXGL
09:30:10.087 [JavaFX Application Thread] DEBUG LoopRunner           - Stopping loop
09:30:10.088 [JavaFX Application Thread] DEBUG SystemBundleService  - Saving FXGL system data
09:30:10.090 [JavaFX Application Thread] DEBUG FileSystemAccess     - Writing to: C:\Users\USER\IdeaProjects\CSIT228-F3-Finals\system\fxgl.bundle
09:30:10.093 [JavaFX Application Thread] DEBUG Async                - Shutting down background threads
09:30:10.093 [JavaFX Application Thread] DEBUG PrimaryStageWindow   - Closing main window
09:30:10.109 [JavaFX Application Thread] DEBUG Logger               - Closing Logger
